Log file open, 09/19/17 00:05:20
LogWindows: LoadLibraryWithSearchPaths failed for file aqProf.dll. GetLastError=0
LogWindows: LoadLibraryWithSearchPaths failed for file VtuneApi.dll. GetLastError=0
LogWindows: LoadLibraryWithSearchPaths failed for file VtuneApi32e.dll. GetLastError=0
LogInit: Display: Running engine for game: PlanX
LogPlatformFile: Not using cached read wrapper
LogInit: Display: RandInit(-1522004206) SRandInit(-1522004206).
LogTaskGraph: Started task graph with 5 named threads and 14 total threads with 3 sets of task threads.
LogStats: Stats thread started at 0.186408
LogD3D11RHI: Aftermath initialized
LogPluginManager: Mounting plugin LightPropagationVolume
LogPluginManager: Mounting plugin CodeLiteSourceCodeAccess
LogPluginManager: Mounting plugin GitSourceControl
LogPluginManager: Mounting plugin KDevelopSourceCodeAccess
LogPluginManager: Mounting plugin NullSourceCodeAccess
LogPluginManager: Mounting plugin PerforceSourceControl
LogPluginManager: Mounting plugin SubversionSourceControl
LogPluginManager: Mounting plugin UObjectPlugin
LogPluginManager: Mounting plugin VisualStudioSourceCodeAccess
LogPluginManager: Mounting plugin XCodeSourceCodeAccess
LogPluginManager: Mounting plugin AssetManagerEditor
LogPluginManager: Mounting plugin AudioCapture
LogPluginManager: Mounting plugin FacialAnimation
LogPluginManager: Mounting plugin GameplayTagsEditor
LogPluginManager: Mounting plugin MobileLauncherProfileWizard
LogPluginManager: Mounting plugin PluginBrowser
LogPluginManager: Mounting plugin SpeedTreeImporter
LogPluginManager: Mounting plugin AlembicImporter
LogPluginManager: Mounting plugin CharacterAI
LogPluginManager: Mounting plugin HTML5Networking
LogPluginManager: Mounting plugin AndroidMedia
LogPluginManager: Mounting plugin AvfMedia
LogPluginManager: Mounting plugin MediaPlayerEditor
LogPluginManager: Mounting plugin WmfMedia
LogPluginManager: Mounting plugin TcpMessaging
LogPluginManager: Mounting plugin UdpMessaging
LogPluginManager: Mounting plugin LevelSequenceEditor
LogPluginManager: Mounting plugin MatineeToLevelSequence
LogPluginManager: Mounting plugin OnlineSubsystemGooglePlay
LogPluginManager: Mounting plugin OnlineSubsystemIOS
LogPluginManager: Mounting plugin OnlineSubsystem
LogPluginManager: Mounting plugin OnlineSubsystemNull
LogPluginManager: Mounting plugin OnlineSubsystemUtils
LogPluginManager: Mounting plugin AndroidDeviceProfileSelector
LogPluginManager: Mounting plugin AndroidMoviePlayer
LogPluginManager: Mounting plugin AndroidPermission
LogPluginManager: Mounting plugin AppleMoviePlayer
LogPluginManager: Mounting plugin ArchVisCharacter
LogPluginManager: Mounting plugin CableComponent
LogPluginManager: Mounting plugin CustomMeshComponent
LogPluginManager: Mounting plugin ExampleDeviceProfileSelector
LogPluginManager: Mounting plugin GoogleCloudMessaging
LogPluginManager: Mounting plugin ImmediatePhysics
LogPluginManager: Mounting plugin IOSDeviceProfileSelector
LogPluginManager: Mounting plugin LinuxDeviceProfileSelector
LogPluginManager: Mounting plugin LocationServicesBPLibrary
LogPluginManager: Mounting plugin MobilePatchingUtils
LogPluginManager: Mounting plugin Ansel
LogPluginManager: Mounting plugin OculusVR
LogPluginManager: Mounting plugin PhysXVehicles
LogPluginManager: Mounting plugin ProceduralMeshComponent
LogPluginManager: Mounting plugin RuntimePhysXCooking
LogPluginManager: Mounting plugin SteamVR
LogPluginManager: Mounting plugin WindowsMoviePlayer
LogInit: Using libcurl 7.47.1
LogInit:  - built for x86_64-pc-win32
LogInit:  - supports SSL with OpenSSL/1.0.2g
LogInit:  - supports HTTP deflate (compression) using libz 1.2.8
LogInit:  - other features:
LogInit:      CURL_VERSION_SSL
LogInit:      CURL_VERSION_LIBZ
LogInit:      CURL_VERSION_IPV6
LogInit:      CURL_VERSION_ASYNCHDNS
LogInit:      CURL_VERSION_LARGEFILE
LogInit:      CURL_VERSION_IDN
LogInit:  CurlRequestOptions (configurable via config and command line):
LogInit:  - bVerifyPeer = false  - Libcurl will NOT verify peer certificate
LogInit:  - bUseHttpProxy = false  - Libcurl will NOT use HTTP proxy
LogInit:  - bDontReuseConnections = false  - Libcurl will reuse connections
LogInit:  - CertBundlePath = nullptr  - Libcurl will use whatever was configured at build time.
LogInit: Build: ++UE4+Release-4.17-CL-3586342
LogInit: Engine Version: 4.17.1-3586342+++UE4+Release-4.17
LogInit: Compatible Engine Version: 4.17.0-3573198+++UE4+Release-4.17
LogInit: Net CL: 3573198
LogDevObjectVersion: Number of dev versions registered: 16
LogDevObjectVersion:   Dev-Blueprints (B0D832E4-1F89-4F0D-ACCF-7EB736FD4AA2): 10
LogDevObjectVersion:   Dev-Build (E1C64328-A22C-4D53-A36C-8E866417BD8C): 0
LogDevObjectVersion:   Dev-Core (375EC13C-06E4-48FB-B500-84F0262A717E): 2
LogDevObjectVersion:   Dev-Editor (E4B068ED-F494-42E9-A231-DA0B2E46BB41): 20
LogDevObjectVersion:   Dev-Framework (CFFC743F-43B0-4480-9391-14DF171D2073): 28
LogDevObjectVersion:   Dev-Mobile (B02B49B5-BB20-44E9-A304-32B752E40360): 0
LogDevObjectVersion:   Dev-Networking (A4E4105C-59A1-49B5-A7C5-40C4547EDFEE): 0
LogDevObjectVersion:   Dev-Online (39C831C9-5AE6-47DC-9A44-9C173E1C8E7C): 0
LogDevObjectVersion:   Dev-Physics (78F01B33-EBEA-4F98-B9B4-84EACCB95AA2): 0
LogDevObjectVersion:   Dev-Platform (6631380F-2D4D-43E0-8009-CF276956A95A): 0
LogDevObjectVersion:   Dev-Rendering (12F88B9F-8875-4AFC-A67C-D90C383ABD29): 19
LogDevObjectVersion:   Dev-Sequencer (7B5AE74C-D270-4C10-A958-57980B212A5A): 4
LogDevObjectVersion:   Dev-VR (D7296918-1DD6-4BDD-9DE2-64A83CC13884): 0
LogDevObjectVersion:   Dev-LoadTimes (C2A15278-BFE7-4AFE-6C17-90FF531DF755): 1
LogDevObjectVersion:   Private-Geometry (6EACA3D4-40EC-4CC1-B786-8BED09428FC5): 1
LogDevObjectVersion:   Dev-AnimPhys (29E575DD-E0A3-4627-9D10-D276232CDCEA): 7
LogInit: Compiled (64-bit): Aug 15 2017 02:05:26
LogInit: Compiled with Visual C++: 19.00.24215.01
LogInit: Build Configuration: Development
LogInit: Branch Name: ++UE4+Release-4.17
LogInit: Command line: -EpicPortal 
LogInit: Base directory: Q:/Unreal Engine/UE_4.17/Engine/Binaries/Win64/
LogInit: Installed Engine Build: 1
LogInit: Presizing for max 8388607 objects, including 0 objects not considered by GC, pre-allocating 0 bytes for permanent pool.
LogInit: Object subsystem initialized
[2017.09.19-04.05.21:057][  0]LogInit: Selected Device Profile: [Windows]
[2017.09.19-04.05.21:057][  0]LogInit: Applying CVar settings loaded from the selected device profile: [Windows]
[2017.09.19-04.05.21:086][  0]LogInit: Computer: DAWN
[2017.09.19-04.05.21:086][  0]LogInit: User: RobertForbes
[2017.09.19-04.05.21:086][  0]LogInit: CPU Page size=4096, Cores=4
[2017.09.19-04.05.21:086][  0]LogInit: High frequency timer resolution =3.417985 MHz
[2017.09.19-04.05.21:086][  0]LogMemory: Memory total: Physical=8.0GB (8GB approx)
[2017.09.19-04.05.21:086][  0]LogMemory: Platform Memory Stats for Windows
[2017.09.19-04.05.21:086][  0]LogMemory: Process Physical Memory: 279.82 MB used, 279.82 MB peak
[2017.09.19-04.05.21:086][  0]LogMemory: Process Virtual Memory: 290.36 MB used, 290.36 MB peak
[2017.09.19-04.05.21:086][  0]LogMemory: Physical Memory: 5995.15 MB used,  2148.70 MB free, 8143.85 MB total
[2017.09.19-04.05.21:086][  0]LogMemory: Virtual Memory: 684.32 MB used,  2148.70 MB free, 134217728.00 MB total
[2017.09.19-04.05.21:203][  0]LogInit: Using OS detected language (en-US).
[2017.09.19-04.05.21:203][  0]LogInit: Using OS detected locale (en-US).
[2017.09.19-04.05.21:208][  0]LogTextLocalizationManager: No specific localization for 'en-US' exists, so the 'en' localization will be used.
[2017.09.19-04.05.21:965][  0]LogD3D11RHI: D3D11 adapters:
[2017.09.19-04.05.22:623][  0]LogD3D11RHI:    0. 'NVIDIA GeForce GTX 970' (Feature Level 11_0)
[2017.09.19-04.05.22:623][  0]LogD3D11RHI:       4058/0/4071 MB DedicatedVideo/DedicatedSystem/SharedSystem, Outputs:2, VendorId:0x10de
[2017.09.19-04.05.22:625][  0]LogD3D11RHI:    1. 'Microsoft Basic Render Driver' (Feature Level 11_0)
[2017.09.19-04.05.22:625][  0]LogD3D11RHI:       0/0/4071 MB DedicatedVideo/DedicatedSystem/SharedSystem, Outputs:0, VendorId:0x1414
[2017.09.19-04.05.22:625][  0]LogD3D11RHI: Chosen D3D11 Adapter: 0
[2017.09.19-04.05.22:629][  0]LogD3D11RHI: Creating new Direct3DDevice
[2017.09.19-04.05.22:629][  0]LogD3D11RHI:     GPU DeviceId: 0x13c2 (for the marketing name, search the web for "GPU Device Id")
[2017.09.19-04.05.22:629][  0]LogWindows: EnumDisplayDevices:
[2017.09.19-04.05.22:629][  0]LogWindows:    0. 'NVIDIA GeForce GTX 970' (P:0 D:1)
[2017.09.19-04.05.22:629][  0]LogWindows:    1. 'NVIDIA GeForce GTX 970' (P:1 D:1)
[2017.09.19-04.05.22:630][  0]LogWindows:    2. 'NVIDIA GeForce GTX 970' (P:0 D:0)
[2017.09.19-04.05.22:630][  0]LogWindows:    3. 'NVIDIA GeForce GTX 970' (P:0 D:0)
[2017.09.19-04.05.22:630][  0]LogWindows: DebugString: FoundDriverCount:4 
[2017.09.19-04.05.22:630][  0]LogD3D11RHI:     Adapter Name: NVIDIA GeForce GTX 970
[2017.09.19-04.05.22:630][  0]LogD3D11RHI:   Driver Version: 385.41 (internal:22.21.13.8541, unified:385.41)
[2017.09.19-04.05.22:630][  0]LogD3D11RHI:      Driver Date: 8-21-2017
[2017.09.19-04.05.22:630][  0]LogRHI: Texture pool is 1361 MB (70% of 1945 MB)
[2017.09.19-04.05.23:217][  0]LogD3D11RHI: Async texture creation enabled
[2017.09.19-04.05.23:266][  0]LogD3D11RHI: GPU Timing Frequency: 1000.000000 (Debug: 2 1)
[2017.09.19-04.05.23:269][  0]LogShaderCompilers: Guid format shader working directory is 10 characters bigger than the processId version (../../../../../Unreal Projects/Plan-X/PlanX/Intermediate/Shaders/WorkingDirectory/14996/).
[2017.09.19-04.05.23:269][  0]LogShaderCompilers: Cleaned the shader compiler working directory 'C:/Users/Robert Forbes/AppData/Local/Temp/UnrealShaderWorkingDir/F3B0AA70460D87D324A05D895F2E5312/'.
[2017.09.19-04.05.23:269][  0]LogShaderCompilers: Display: Using Local Shader Compiler.
[2017.09.19-04.05.24:159][  0]LogTemp: Display: Loaded TP AllDesktopTargetPlatform
[2017.09.19-04.05.24:203][  0]LogTemp: Display: Loaded TP MacClientTargetPlatform
[2017.09.19-04.05.24:249][  0]LogTemp: Display: Loaded TP MacNoEditorTargetPlatform
[2017.09.19-04.05.24:294][  0]LogTemp: Display: Loaded TP MacServerTargetPlatform
[2017.09.19-04.05.24:340][  0]LogTemp: Display: Loaded TP MacTargetPlatform
[2017.09.19-04.05.24:384][  0]LogTemp: Display: Loaded TP WindowsClientTargetPlatform
[2017.09.19-04.05.24:427][  0]LogTemp: Display: Loaded TP WindowsNoEditorTargetPlatform
[2017.09.19-04.05.24:475][  0]LogTemp: Display: Loaded TP WindowsServerTargetPlatform
[2017.09.19-04.05.24:512][  0]LogTemp: Display: Loaded TP WindowsTargetPlatform
[2017.09.19-04.05.24:560][  0]LogTemp: Display: Loaded TP AndroidTargetPlatform
[2017.09.19-04.05.24:605][  0]LogTemp: Display: Loaded TP Android_ASTCTargetPlatform
[2017.09.19-04.05.24:653][  0]LogTemp: Display: Loaded TP Android_ATCTargetPlatform
[2017.09.19-04.05.24:696][  0]LogTemp: Display: Loaded TP Android_DXTTargetPlatform
[2017.09.19-04.05.24:742][  0]LogTemp: Display: Loaded TP Android_ETC1TargetPlatform
[2017.09.19-04.05.24:786][  0]LogTemp: Display: Loaded TP Android_ETC2TargetPlatform
[2017.09.19-04.05.24:876][  0]LogTemp: Display: Loaded TP Android_MultiTargetPlatform
[2017.09.19-04.05.24:876][  0]LogTemp: Display: Loaded TP Android_PVRTCTargetPlatform
[2017.09.19-04.05.24:909][  0]LogTemp: Display: Loaded TP HTML5TargetPlatform
[2017.09.19-04.05.24:988][  0]LogTemp: Display: Loaded TP IOSTargetPlatform
[2017.09.19-04.05.25:012][  0]LogTemp: Display: Loaded TP TVOSTargetPlatform
[2017.09.19-04.05.25:053][  0]LogTemp: Display: Loaded TP LinuxClientTargetPlatform
[2017.09.19-04.05.25:097][  0]LogTemp: Display: Loaded TP LinuxNoEditorTargetPlatform
[2017.09.19-04.05.25:142][  0]LogTemp: Display: Loaded TP LinuxServerTargetPlatform
[2017.09.19-04.05.25:186][  0]LogTemp: Display: Loaded TP LinuxTargetPlatform
[2017.09.19-04.05.25:186][  0]LogTargetPlatformManager: Display: Building Assets For Windows
[2017.09.19-04.05.25:555][  0]LogDerivedDataCache: Display: Max Cache Size: 512 MB
[2017.09.19-04.05.25:650][  0]LogDerivedDataCache: Loaded boot cache 0.09s 106MB C:/Users/Robert Forbes/AppData/Local/UnrealEngine/4.17/DerivedDataCache/Boot.ddc.
[2017.09.19-04.05.25:651][  0]LogDerivedDataCache: Display: Loaded Boot cache: C:/Users/Robert Forbes/AppData/Local/UnrealEngine/4.17/DerivedDataCache/Boot.ddc
[2017.09.19-04.05.25:651][  0]LogDerivedDataCache: FDerivedDataBackendGraph:  Pak pak cache file ../../../../../Unreal Projects/Plan-X/PlanX/DerivedDataCache/DDC.ddp not found, will not use a pak cache.
[2017.09.19-04.05.25:651][  0]LogDerivedDataCache: Unable to find inner node Pak for hierarchical cache Hierarchy.
[2017.09.19-04.05.25:651][  0]LogDerivedDataCache: FDerivedDataBackendGraph:  CompressedPak pak cache file ../../../../../Unreal Projects/Plan-X/PlanX/DerivedDataCache/Compressed.ddp not found, will not use a pak cache.
[2017.09.19-04.05.25:651][  0]LogDerivedDataCache: Unable to find inner node CompressedPak for hierarchical cache Hierarchy.
[2017.09.19-04.05.25:667][  0]LogDerivedDataCache: Display: Pak cache opened for reading ../../../Engine/DerivedDataCache/Compressed.ddp.
[2017.09.19-04.05.25:679][  0]LogDerivedDataCache: Using Local data cache path C:/Users/Robert Forbes/AppData/Local/UnrealEngine/Common/DerivedDataCache: Writable
[2017.09.19-04.05.25:689][  0]LogMaterial: Verifying Global Shaders for PCD3D_SM5
[2017.09.19-04.05.25:690][  0]LogSlate: Using Freetype 2.6.0
[2017.09.19-04.05.25:690][  0]LogSlate: SlateFontCache - WITH_FREETYPE: 1, WITH_HARFBUZZ: 1
[2017.09.19-04.05.25:690][  0]LogSlate: SlateFontCache - WITH_FREETYPE: 1, WITH_HARFBUZZ: 1
[2017.09.19-04.05.25:975][  0]LogAssetRegistry: FAssetRegistry took 0.0253 seconds to start up
[2017.09.19-04.05.26:088][  0]LogInit: Selected Device Profile: [Windows]
[2017.09.19-04.05.26:444][  0]LogSimplygon: Simplygon DLL not present - disabling.
[2017.09.19-04.05.26:479][  0]LogMeshReduction: Using SimplygonSwarm for distributed automatic mesh merging
[2017.09.19-04.05.26:479][  0]LogMeshReduction: Using QuadricMeshReduction for automatic static mesh reduction
[2017.09.19-04.05.26:479][  0]LogMeshReduction: No automatic skeletal mesh reduction module available
[2017.09.19-04.05.26:479][  0]LogMeshReduction: No automatic mesh merging module available
[2017.09.19-04.05.26:479][  0]LogMeshMerging: No automatic mesh merging module available
[2017.09.19-04.05.26:480][  0]LogContentStreaming: Texture pool size is 0.00 MB
[2017.09.19-04.05.26:919][  0]LogNetVersion: PlanX , NetCL: 3573198, EngineNetVer: 2, GameNetVer: 0 (Checksum: 4232075429)
[2017.09.19-04.05.27:170][  0]LogPackageLocalizationCache: Processed 4 localized package path(s) for 2 prioritized culture(s) in 0.069394 seconds
[2017.09.19-04.05.27:176][  0]LogUObjectArray: 35825 objects as part of root set at end of initial load.
[2017.09.19-04.05.27:176][  0]LogUObjectAllocator: 7529112 out of 0 bytes used by permanent object pool.
[2017.09.19-04.05.27:176][  0]LogUObjectArray: CloseDisregardForGC: 0/0 objects in disregard for GC pool
[2017.09.19-04.05.27:218][  0]LogInit: WinSock: version 1.1 (2.2), MaxSocks=32767, MaxUdp=65467
[2017.09.19-04.05.29:849][  0]LogTcpMessaging: Initializing TcpMessaging bridge
[2017.09.19-04.05.29:885][  0]LogUdpMessaging: Initializing bridge on interface 0.0.0.0:0 to multicast group 230.0.0.1:6666.
[2017.09.19-04.05.30:574][  0]SourceControl: Source control is disabled
[2017.09.19-04.05.30:574][  0]SourceControl: Source control is disabled
[2017.09.19-04.05.30:615][  0]SourceControl: Source control is disabled
[2017.09.19-04.05.30:657][  0]SourceControl: Source control is disabled
[2017.09.19-04.05.31:361][  0]LogAndroidPermission: UAndroidPermissionCallbackProxy::GetInstance
[2017.09.19-04.05.31:739][  0]LogAnsel: Tried to load ../../../Engine/Plugins/Runtime/Nvidia/Ansel/Binaries/ThirdParty/AnselSDK64.dll : success=1
[2017.09.19-04.05.31:803][  0]LogOcInput: OculusInput pre-init called
[2017.09.19-04.05.32:027][  0]LogEngine: Initializing Engine...
[2017.09.19-04.05.32:582][  0]LogHMD: SteamVR initialized.  Driver: lighthouse  Display: LHR-21CE5F1D
[2017.09.19-04.05.32:824][  0]LogStats: UGameplayTagsManager::ConstructGameplayTagTree: Construct from data asset -  0.000 s
[2017.09.19-04.05.32:824][  0]LogStats: UGameplayTagsManager::ConstructGameplayTagTree: GameplayTagTreeChangedEvent.Broadcast -  0.000 s
[2017.09.19-04.05.32:929][  0]LogAIModule: Creating AISystem for world Untitled
[2017.09.19-04.05.32:952][  0]LogInit: XAudio2 using 'Speakers (4- Logitech G930 Gaming Headset)' : 6 channels at 48 kHz using 16 bits per sample (channel mask 0x3f)
[2017.09.19-04.05.32:991][  0]LogInit: FAudioDevice initialized.
[2017.09.19-04.05.33:104][  0]LogDerivedDataCache: Saved boot cache 0.11s 106MB C:/Users/Robert Forbes/AppData/Local/UnrealEngine/4.17/DerivedDataCache/Boot.ddc.
[2017.09.19-04.05.33:121][  0]LogInit: Texture streaming: Enabled
[2017.09.19-04.05.33:160][  0]LogMaterial: Uniform references updated for custom material expression Custom.
[2017.09.19-04.05.33:419][  0]LogEngineSessionManager: EngineSessionManager initialized
[2017.09.19-04.05.33:602][  0]LogInit: Transaction tracking system initialized
[2017.09.19-04.05.33:951][  0]BlueprintLog: New page: Editor Load
[2017.09.19-04.05.34:676][  0]LocalizationService: Localization service is disabled
[2017.09.19-04.05.35:259][  0]LogConsoleResponse: Display: 
[2017.09.19-04.05.35:629][  0]LogCook: Display: Max memory allowance for cook 16384mb min free memory 0mb
[2017.09.19-04.05.35:629][  0]LogCook: Display: Mobile HDR setting 1
[2017.09.19-04.05.35:629][  0]LogGameplayTags: Display: UGameplayTagsManager::DoneAddingNativeTags. DelegateIsBound: 0
[2017.09.19-04.05.36:496][  0]LogFileCache: Scanning file cache for directory 'Q:/Unreal Projects/Plan-X/PlanX/Content/' took 0.11s
[2017.09.19-04.05.36:534][  0]SourceControl: Source control is disabled
[2017.09.19-04.05.36:534][  0]Cmd: MAP LOAD FILE="../../../../../Unreal Projects/Plan-X/PlanX/Content/VirtualRealityBP/Maps/MotionControllerMap.umap" TEMPLATE=0 SHOWPROGRESS=1 FEATURELEVEL=3
[2017.09.19-04.05.36:534][  0]LightingResults: New page: Lighting Build
[2017.09.19-04.05.36:570][  0]MapCheck: New page: Map Check
[2017.09.19-04.05.36:570][  0]LightingResults: New page: Lighting Build
[2017.09.19-04.05.37:429][  0]LogAIModule: Creating AISystem for world MotionControllerMap
[2017.09.19-04.05.37:439][  0]LogEditorServer: Finished looking for orphan Actors (0.000 secs)
[2017.09.19-04.05.37:453][  0]Cmd: MAP CHECKDEP NOCLEARLOG
[2017.09.19-04.05.37:516][  0]MapCheck: Map check complete: 0 Error(s), 0 Warning(s), took 62.759ms to complete.
[2017.09.19-04.05.37:516][  0]LogFileHelpers: Loading map 'MotionControllerMap' took 0.982
[2017.09.19-04.05.37:586][  0]LogWindowsTextInputMethodSystem: Display: IME system now deactivated.
[2017.09.19-04.05.37:772][  0]LogCollectionManager: Loaded 0 collections in 0.011567 seconds
[2017.09.19-04.05.37:849][  0]LogFileCache: Scanning file cache for directory 'Q:/Unreal Projects/Plan-X/PlanX/Saved/Collections/' took 0.01s
[2017.09.19-04.05.37:849][  0]LogFileCache: Scanning file cache for directory 'Q:/Unreal Projects/Plan-X/PlanX/Content/Developers/RobertForbes/Collections/' took 0.01s
[2017.09.19-04.05.37:849][  0]LogFileCache: Scanning file cache for directory 'Q:/Unreal Projects/Plan-X/PlanX/Content/Collections/' took 0.01s
[2017.09.19-04.05.37:849][  0]LogCollectionManager: Rebuilt the GUID cache for 0 collections in 0.000001 seconds
[2017.09.19-04.05.37:858][  0]LogContentBrowser: Native class hierarchy populated in 0.0088 seconds. Added 2337 classes and 483 folders.
[2017.09.19-04.05.37:921][  0]LogContentBrowser: Native class hierarchy updated for 'WidgetCarousel' in 0.0008 seconds. Added 0 classes and 0 folders.
[2017.09.19-04.05.39:098][  0]LogContentBrowser: Native class hierarchy updated for 'AddContentDialog' in 0.0008 seconds. Added 0 classes and 0 folders.
[2017.09.19-04.05.39:155][  0]LogContentBrowser: Native class hierarchy updated for 'SceneOutliner' in 0.0008 seconds. Added 1 classes and 2 folders.
[2017.09.19-04.05.39:178][  0]LogSlate: Took 0.000549 seconds to synchronously load lazily loaded font '../../../Engine/Content/Slate/Fonts/Roboto-Regular.ttf' (155K)
[2017.09.19-04.05.39:181][  0]LogSlate: Took 0.000376 seconds to synchronously load lazily loaded font '../../../Engine/Content/Slate/Fonts/Roboto-Bold.ttf' (160K)
[2017.09.19-04.05.39:202][  0]LogSlate: Took 0.016187 seconds to synchronously load lazily loaded font '../../../Engine/Content/Editor/Slate/Fonts/FontAwesome.ttf' (139K)
[2017.09.19-04.05.39:416][  0]LogRenderer: Reallocating scene render targets to support 1208x536 Format 26 NumSamples 1 (Frame:1).
[2017.09.19-04.05.39:565][  0]LogContentBrowser: Native class hierarchy updated for 'HierarchicalLODOutliner' in 0.0008 seconds. Added 1 classes and 2 folders.
[2017.09.19-04.05.39:565][  0]LogLoad: (Engine Initialization) Total time: 20.80 seconds
[2017.09.19-04.05.39:565][  0]LogLoad: (Engine Initialization) Total Blueprint compile time: 0.00 seconds
[2017.09.19-04.05.39:565][  0]LogExternalProfiler: Found external profiler: VSPerf
[2017.09.19-04.05.39:565][  0]LogExternalProfiler: Using external profiler: VSPerf
[2017.09.19-04.05.39:606][  0]LogContentStreaming: Texture pool size now 600 MB
[2017.09.19-04.05.39:701][  0]LogRenderer: Reallocating scene render targets to support 1208x552 Format 26 NumSamples 1 (Frame:2).
[2017.09.19-04.05.39:701][  0]LogSlate: Took 0.017607 seconds to synchronously load lazily loaded font '../../../Engine/Content/Slate/Fonts/Roboto-Light.ttf' (159K)
[2017.09.19-04.05.39:746][  1]LogFileCache: Retrieving MD5 hashes for directory 'Q:/Unreal Projects/Plan-X/PlanX/Content/' took 0.16s
[2017.09.19-04.05.39:758][  1]LogAssetRegistry: Asset discovery search completed in 13.8039 seconds
[2017.09.19-04.05.39:760][  1]LogCollectionManager: Rebuilt the object cache for 0 collections in 0.000001 seconds (found 0 objects)
[2017.09.19-04.05.39:760][  1]LogCollectionManager: Fixed up redirectors for 0 collections in 0.000050 seconds (updated 0 objects)
[2017.09.19-04.05.58:833][178]LogSlate: Took 0.000233 seconds to synchronously load lazily loaded font '../../../Engine/Content/Slate/Fonts/Roboto-Light.ttf' (159K)
[2017.09.19-04.05.59:186][178]LogContentBrowser: Native class hierarchy updated for 'BlueprintGraph' in 0.0013 seconds. Added 113 classes and 0 folders.
[2017.09.19-04.06.00:055][178]LogSlate: Took 0.014527 seconds to synchronously load lazily loaded font '../../../Engine/Content/Editor/Slate/Fonts/Roboto-BoldCondensed.ttf' (158K)
[2017.09.19-04.06.00:584][179]LogSlate: Took 0.009899 seconds to synchronously load lazily loaded font '../../../Engine/Content/Editor/Slate/Fonts/Roboto-Italic.ttf' (157K)
[2017.09.19-04.06.09:102][483]LogRenderer: Reallocating scene render targets to support 1208x712 Format 26 NumSamples 1 (Frame:1).
[2017.09.19-04.06.37:736][478]LogSavePackage: Save=350.16ms
[2017.09.19-04.06.37:736][478]LogSavePackage: Moving '../../../../../Unreal Projects/Plan-X/PlanX/Saved/MotionControllerPawnE0DC61624C03C834043DF381F6C2FF5B.tmp' to '../../../../../Unreal Projects/Plan-X/PlanX/Content/VirtualRealityBP/Blueprints/MotionControllerPawn.uasset'
[2017.09.19-04.06.37:748][478]LogSavePackage: Display: Finished SavePackage ../../../../../Unreal Projects/Plan-X/PlanX/Content/VirtualRealityBP/Blueprints/MotionControllerPawn.uasset
[2017.09.19-04.06.38:170][514]BlueprintLog: New page: Compile MotionControllerPawn
[2017.09.19-04.06.39:433][556]LogSavePackage: Save=320.59ms
[2017.09.19-04.06.39:433][556]LogSavePackage: Moving '../../../../../Unreal Projects/Plan-X/PlanX/Saved/MotionControllerPawnC612F5E04B6D2990D1985C941BC805B5.tmp' to '../../../../../Unreal Projects/Plan-X/PlanX/Content/VirtualRealityBP/Blueprints/MotionControllerPawn.uasset'
[2017.09.19-04.06.39:434][556]LogSavePackage: Display: Finished SavePackage ../../../../../Unreal Projects/Plan-X/PlanX/Content/VirtualRealityBP/Blueprints/MotionControllerPawn.uasset
[2017.09.19-04.07.13:414][831]LogEditorTransaction: Undo Move Node
[2017.09.19-04.07.13:504][831]LogSlate: Took 0.000277 seconds to synchronously load lazily loaded font '../../../Engine/Content/Slate/Fonts/Roboto-Light.ttf' (159K)
[2017.09.19-04.07.37:446][664]BlueprintLog: New page: Compile MotionControllerPawn
[2017.09.19-04.07.39:735][786]LogSavePackage: Save=323.78ms
[2017.09.19-04.07.39:735][786]LogSavePackage: Moving '../../../../../Unreal Projects/Plan-X/PlanX/Saved/MotionControllerPawnC6CD097E4D197592B074B1B9FBF51328.tmp' to '../../../../../Unreal Projects/Plan-X/PlanX/Content/VirtualRealityBP/Blueprints/MotionControllerPawn.uasset'
[2017.09.19-04.07.39:739][786]LogSavePackage: Display: Finished SavePackage ../../../../../Unreal Projects/Plan-X/PlanX/Content/VirtualRealityBP/Blueprints/MotionControllerPawn.uasset
[2017.09.19-04.08.47:741][176]BlueprintLog: New page: Compile MotionControllerPawn
[2017.09.19-04.08.49:066][219]LogSavePackage: Save=325.77ms
[2017.09.19-04.08.49:066][219]LogSavePackage: Moving '../../../../../Unreal Projects/Plan-X/PlanX/Saved/MotionControllerPawn0CBAE9AF4038D479BB0BBB97A9707B1C.tmp' to '../../../../../Unreal Projects/Plan-X/PlanX/Content/VirtualRealityBP/Blueprints/MotionControllerPawn.uasset'
[2017.09.19-04.08.49:071][219]LogSavePackage: Display: Finished SavePackage ../../../../../Unreal Projects/Plan-X/PlanX/Content/VirtualRealityBP/Blueprints/MotionControllerPawn.uasset
[2017.09.19-04.09.32:997][ 69]BlueprintLog: New page: Compile MotionControllerPawn
[2017.09.19-04.09.34:296][107]LogSavePackage: Save=322.91ms
[2017.09.19-04.09.34:297][107]LogSavePackage: Moving '../../../../../Unreal Projects/Plan-X/PlanX/Saved/MotionControllerPawnBC4B474C4BDFE4BE8093F486496F40D7.tmp' to '../../../../../Unreal Projects/Plan-X/PlanX/Content/VirtualRealityBP/Blueprints/MotionControllerPawn.uasset'
[2017.09.19-04.09.34:300][107]LogSavePackage: Display: Finished SavePackage ../../../../../Unreal Projects/Plan-X/PlanX/Content/VirtualRealityBP/Blueprints/MotionControllerPawn.uasset
[2017.09.19-04.14.45:633][418]BlueprintLog: New page: Compile MotionControllerPawn
[2017.09.19-04.14.47:342][489]LogSavePackage: Save=339.28ms
[2017.09.19-04.14.47:342][489]LogSavePackage: Moving '../../../../../Unreal Projects/Plan-X/PlanX/Saved/MotionControllerPawn3411D298478573847C3FAFB9D1227901.tmp' to '../../../../../Unreal Projects/Plan-X/PlanX/Content/VirtualRealityBP/Blueprints/MotionControllerPawn.uasset'
[2017.09.19-04.14.47:345][489]LogSavePackage: Display: Finished SavePackage ../../../../../Unreal Projects/Plan-X/PlanX/Content/VirtualRealityBP/Blueprints/MotionControllerPawn.uasset
[2017.09.19-04.16.35:126][620]BlueprintLog: New page: Compile MotionControllerPawn
[2017.09.19-04.16.36:381][655]LogSavePackage: Save=346.36ms
[2017.09.19-04.16.36:381][655]LogSavePackage: Moving '../../../../../Unreal Projects/Plan-X/PlanX/Saved/MotionControllerPawn9690A2C34D9D1EE3DEE18BAD83C0AFC2.tmp' to '../../../../../Unreal Projects/Plan-X/PlanX/Content/VirtualRealityBP/Blueprints/MotionControllerPawn.uasset'
[2017.09.19-04.16.36:384][655]LogSavePackage: Display: Finished SavePackage ../../../../../Unreal Projects/Plan-X/PlanX/Content/VirtualRealityBP/Blueprints/MotionControllerPawn.uasset
[2017.09.19-04.17.38:493][245]BlueprintLog: New page: Compile MotionControllerPawn
[2017.09.19-04.17.39:669][270]LogSavePackage: Save=342.41ms
[2017.09.19-04.17.39:669][270]LogSavePackage: Moving '../../../../../Unreal Projects/Plan-X/PlanX/Saved/MotionControllerPawnB3D51BF14B20C363F37A6AB6640D1ECA.tmp' to '../../../../../Unreal Projects/Plan-X/PlanX/Content/VirtualRealityBP/Blueprints/MotionControllerPawn.uasset'
[2017.09.19-04.17.39:673][270]LogSavePackage: Display: Finished SavePackage ../../../../../Unreal Projects/Plan-X/PlanX/Content/VirtualRealityBP/Blueprints/MotionControllerPawn.uasset
[2017.09.19-04.18.03:809][354]LogSavePackage: Save=142.94ms
[2017.09.19-04.18.03:809][354]LogSavePackage: Moving '../../../../../Unreal Projects/Plan-X/PlanX/Saved/MotionControllerMap_Auto10E4F05AF4129D948908ABCA2A9866E0B.tmp' to '../../../../../Unreal Projects/Plan-X/PlanX/Saved/Autosaves/Game/VirtualRealityBP/Maps/MotionControllerMap_Auto1.umap'
[2017.09.19-04.18.03:811][354]LogSavePackage: Display: Finished SavePackage ../../../../../Unreal Projects/Plan-X/PlanX/Saved/Autosaves/Game/VirtualRealityBP/Maps/MotionControllerMap_Auto1.umap
[2017.09.19-04.18.03:815][354]LogFileHelpers: Editor autosave (incl. sublevels) for '/Game/VirtualRealityBP/Maps/MotionControllerMap' took 0.218
[2017.09.19-04.18.03:815][354]LogFileHelpers: Editor autosave (incl. sublevels) for all levels took 0.218
[2017.09.19-04.20.16:995][267]BlueprintLog: New page: Compile MotionControllerPawn
[2017.09.19-04.20.18:282][294]LogSavePackage: Save=353.79ms
[2017.09.19-04.20.18:282][294]LogSavePackage: Moving '../../../../../Unreal Projects/Plan-X/PlanX/Saved/MotionControllerPawnA75CED8143DCE194581C03BE6AE513DE.tmp' to '../../../../../Unreal Projects/Plan-X/PlanX/Content/VirtualRealityBP/Blueprints/MotionControllerPawn.uasset'
[2017.09.19-04.20.18:286][294]LogSavePackage: Display: Finished SavePackage ../../../../../Unreal Projects/Plan-X/PlanX/Content/VirtualRealityBP/Blueprints/MotionControllerPawn.uasset
[2017.09.19-04.20.19:437][346]LogSavePackage: Save=342.74ms
[2017.09.19-04.20.19:437][346]LogSavePackage: Moving '../../../../../Unreal Projects/Plan-X/PlanX/Saved/MotionControllerPawn2EF05B2F42633D4F19D31EA341FC6CF9.tmp' to '../../../../../Unreal Projects/Plan-X/PlanX/Content/VirtualRealityBP/Blueprints/MotionControllerPawn.uasset'
[2017.09.19-04.20.19:439][346]LogSavePackage: Display: Finished SavePackage ../../../../../Unreal Projects/Plan-X/PlanX/Content/VirtualRealityBP/Blueprints/MotionControllerPawn.uasset
[2017.09.19-04.28.04:628][802]LogSavePackage: Save=137.35ms
[2017.09.19-04.28.04:628][802]LogSavePackage: Moving '../../../../../Unreal Projects/Plan-X/PlanX/Saved/MotionControllerMap_Auto2B6E89A0847A0C9808252A3874F8936BA.tmp' to '../../../../../Unreal Projects/Plan-X/PlanX/Saved/Autosaves/Game/VirtualRealityBP/Maps/MotionControllerMap_Auto2.umap'
[2017.09.19-04.28.04:672][802]LogSavePackage: Display: Finished SavePackage ../../../../../Unreal Projects/Plan-X/PlanX/Saved/Autosaves/Game/VirtualRealityBP/Maps/MotionControllerMap_Auto2.umap
[2017.09.19-04.28.04:679][802]LogFileHelpers: Editor autosave (incl. sublevels) for '/Game/VirtualRealityBP/Maps/MotionControllerMap' took 0.223
[2017.09.19-04.28.04:679][802]LogFileHelpers: Editor autosave (incl. sublevels) for all levels took 0.223
[2017.09.19-04.34.58:836][828]BlueprintLog: New page: Compile MotionControllerPawn
[2017.09.19-04.35.00:089][858]LogSavePackage: Save=340.54ms
[2017.09.19-04.35.00:089][858]LogSavePackage: Moving '../../../../../Unreal Projects/Plan-X/PlanX/Saved/MotionControllerPawn4C98252D423D6E8EB66590B163B2BBDD.tmp' to '../../../../../Unreal Projects/Plan-X/PlanX/Content/VirtualRealityBP/Blueprints/MotionControllerPawn.uasset'
[2017.09.19-04.35.00:093][858]LogSavePackage: Display: Finished SavePackage ../../../../../Unreal Projects/Plan-X/PlanX/Content/VirtualRealityBP/Blueprints/MotionControllerPawn.uasset
[2017.09.19-04.35.13:562][831]BlueprintLog: New page: Compile MotionControllerPawn
[2017.09.19-04.35.14:577][843]LogSavePackage: Save=339.23ms
[2017.09.19-04.35.14:577][843]LogSavePackage: Moving '../../../../../Unreal Projects/Plan-X/PlanX/Saved/MotionControllerPawn6BF136E843DB241376E404993914D9F2.tmp' to '../../../../../Unreal Projects/Plan-X/PlanX/Content/VirtualRealityBP/Blueprints/MotionControllerPawn.uasset'
[2017.09.19-04.35.14:581][843]LogSavePackage: Display: Finished SavePackage ../../../../../Unreal Projects/Plan-X/PlanX/Content/VirtualRealityBP/Blueprints/MotionControllerPawn.uasset
[2017.09.19-04.35.57:503][671]LogEditorTransaction: Undo Move Node
[2017.09.19-04.37.33:479][352]LogEditorTransaction: Undo Move Node
[2017.09.19-04.37.33:869][360]LogEditorTransaction: Undo Create Pin Link
[2017.09.19-04.37.34:680][418]LogEditorTransaction: Undo Create Pin Link
[2017.09.19-04.37.35:289][463]LogEditorTransaction: Undo Move Node
[2017.09.19-04.37.36:063][502]LogEditorTransaction: Undo Resize Node
[2017.09.19-04.37.38:017][633]LogEditorTransaction: Undo Resize Node
[2017.09.19-04.37.38:623][661]LogEditorTransaction: Undo Resize Node
[2017.09.19-04.37.39:145][683]LogEditorTransaction: Undo Delete current selection
[2017.09.19-04.38.29:470][853]BlueprintLog: New page: Compile MotionControllerPawn
[2017.09.19-04.38.30:789][882]LogSavePackage: Save=343.77ms
[2017.09.19-04.38.30:789][882]LogSavePackage: Moving '../../../../../Unreal Projects/Plan-X/PlanX/Saved/MotionControllerPawn27EB616F4EEC086E7B7DEFA1BD0DCEB5.tmp' to '../../../../../Unreal Projects/Plan-X/PlanX/Content/VirtualRealityBP/Blueprints/MotionControllerPawn.uasset'
[2017.09.19-04.38.30:793][882]LogSavePackage: Display: Finished SavePackage ../../../../../Unreal Projects/Plan-X/PlanX/Content/VirtualRealityBP/Blueprints/MotionControllerPawn.uasset
[2017.09.19-04.39.10:624][692]LogSavePackage: Save=128.05ms
[2017.09.19-04.39.10:624][692]LogSavePackage: Moving '../../../../../Unreal Projects/Plan-X/PlanX/Saved/MotionControllerMap_Auto3C085B6CF4748FCF6DC13189B8630ED91.tmp' to '../../../../../Unreal Projects/Plan-X/PlanX/Saved/Autosaves/Game/VirtualRealityBP/Maps/MotionControllerMap_Auto3.umap'
[2017.09.19-04.39.10:626][692]LogSavePackage: Display: Finished SavePackage ../../../../../Unreal Projects/Plan-X/PlanX/Saved/Autosaves/Game/VirtualRealityBP/Maps/MotionControllerMap_Auto3.umap
[2017.09.19-04.39.10:628][692]LogFileHelpers: Editor autosave (incl. sublevels) for '/Game/VirtualRealityBP/Maps/MotionControllerMap' took 0.167
[2017.09.19-04.39.10:628][692]LogFileHelpers: Editor autosave (incl. sublevels) for all levels took 0.167
[2017.09.19-04.39.13:333][724]BlueprintLog: New page: Compile MotionControllerPawn
[2017.09.19-04.39.14:174][725]LogSavePackage: Save=340.39ms
[2017.09.19-04.39.14:174][725]LogSavePackage: Moving '../../../../../Unreal Projects/Plan-X/PlanX/Saved/MotionControllerPawn82B680FA41DF5DA2827340AAD943D709.tmp' to '../../../../../Unreal Projects/Plan-X/PlanX/Content/VirtualRealityBP/Blueprints/MotionControllerPawn.uasset'
[2017.09.19-04.39.14:175][725]LogSavePackage: Display: Finished SavePackage ../../../../../Unreal Projects/Plan-X/PlanX/Content/VirtualRealityBP/Blueprints/MotionControllerPawn.uasset
[2017.09.19-04.49.10:063][921]LogSavePackage: Save=130.40ms
[2017.09.19-04.49.10:063][921]LogSavePackage: Moving '../../../../../Unreal Projects/Plan-X/PlanX/Saved/MotionControllerMap_Auto4D63F966C46C03DB0A22EBE9BE2ADF207.tmp' to '../../../../../Unreal Projects/Plan-X/PlanX/Saved/Autosaves/Game/VirtualRealityBP/Maps/MotionControllerMap_Auto4.umap'
[2017.09.19-04.49.10:065][921]LogSavePackage: Display: Finished SavePackage ../../../../../Unreal Projects/Plan-X/PlanX/Saved/Autosaves/Game/VirtualRealityBP/Maps/MotionControllerMap_Auto4.umap
[2017.09.19-04.49.10:067][921]LogFileHelpers: Editor autosave (incl. sublevels) for '/Game/VirtualRealityBP/Maps/MotionControllerMap' took 0.183
[2017.09.19-04.49.10:067][921]LogFileHelpers: Editor autosave (incl. sublevels) for all levels took 0.183
[2017.09.19-04.55.37:240][673]LogEditorTransaction: Undo Paste clipboard contents
[2017.09.19-04.58.01:020][443]BlueprintLog: New page: Compile MotionControllerPawn
[2017.09.19-04.58.02:368][465]LogSavePackage: Save=391.87ms
[2017.09.19-04.58.02:368][465]LogSavePackage: Moving '../../../../../Unreal Projects/Plan-X/PlanX/Saved/MotionControllerPawn72DEB6A84391D1EB64DA53AEAB99DB17.tmp' to '../../../../../Unreal Projects/Plan-X/PlanX/Content/VirtualRealityBP/Blueprints/MotionControllerPawn.uasset'
[2017.09.19-04.58.02:371][465]LogSavePackage: Display: Finished SavePackage ../../../../../Unreal Projects/Plan-X/PlanX/Content/VirtualRealityBP/Blueprints/MotionControllerPawn.uasset
[2017.09.19-04.59.11:583][535]LogSavePackage: Save=128.55ms
[2017.09.19-04.59.11:583][535]LogSavePackage: Moving '../../../../../Unreal Projects/Plan-X/PlanX/Saved/MotionControllerMap_Auto524C3993C423C46A0006C60AC63B8307F.tmp' to '../../../../../Unreal Projects/Plan-X/PlanX/Saved/Autosaves/Game/VirtualRealityBP/Maps/MotionControllerMap_Auto5.umap'
[2017.09.19-04.59.11:584][535]LogSavePackage: Display: Finished SavePackage ../../../../../Unreal Projects/Plan-X/PlanX/Saved/Autosaves/Game/VirtualRealityBP/Maps/MotionControllerMap_Auto5.umap
[2017.09.19-04.59.11:586][535]LogFileHelpers: Editor autosave (incl. sublevels) for '/Game/VirtualRealityBP/Maps/MotionControllerMap' took 0.215
[2017.09.19-04.59.11:586][535]LogFileHelpers: Editor autosave (incl. sublevels) for all levels took 0.215
[2017.09.19-05.09.12:300][303]LogSavePackage: Save=137.03ms
[2017.09.19-05.09.12:300][303]LogSavePackage: Moving '../../../../../Unreal Projects/Plan-X/PlanX/Saved/MotionControllerMap_Auto6CFC1D4504D921D300EF22C92842D7089.tmp' to '../../../../../Unreal Projects/Plan-X/PlanX/Saved/Autosaves/Game/VirtualRealityBP/Maps/MotionControllerMap_Auto6.umap'
[2017.09.19-05.09.12:301][303]LogSavePackage: Display: Finished SavePackage ../../../../../Unreal Projects/Plan-X/PlanX/Saved/Autosaves/Game/VirtualRealityBP/Maps/MotionControllerMap_Auto6.umap
[2017.09.19-05.09.12:303][303]LogFileHelpers: Editor autosave (incl. sublevels) for '/Game/VirtualRealityBP/Maps/MotionControllerMap' took 0.179
[2017.09.19-05.09.12:303][303]LogFileHelpers: Editor autosave (incl. sublevels) for all levels took 0.179
[2017.09.19-05.09.12:306][303]OBJ SavePackage: Generating thumbnails for [0] asset(s) in package [/Game/VirtualRealityBP/Blueprints/MotionControllerPawn] ([1] browsable assets)...
[2017.09.19-05.09.12:306][303]OBJ SavePackage: Finished generating thumbnails for package [/Game/VirtualRealityBP/Blueprints/MotionControllerPawn]
[2017.09.19-05.09.12:723][303]LogSavePackage: Save=402.92ms
[2017.09.19-05.09.12:723][303]LogSavePackage: Moving '../../../../../Unreal Projects/Plan-X/PlanX/Saved/MotionControllerPawn_Auto6848B35414F31D27F7B5473B1728AD66E.tmp' to '../../../../../Unreal Projects/Plan-X/PlanX/Saved/Autosaves/Game/VirtualRealityBP/Blueprints/MotionControllerPawn_Auto6.uasset'
[2017.09.19-05.09.12:732][303]LogSavePackage: Display: Finished SavePackage ../../../../../Unreal Projects/Plan-X/PlanX/Saved/Autosaves/Game/VirtualRealityBP/Blueprints/MotionControllerPawn_Auto6.uasset
[2017.09.19-05.09.12:732][303]LogFileHelpers: Auto-saving content packages took 0.428
[2017.09.19-05.16.58:856][730]BlueprintLog: New page: Compile MotionControllerPawn
[2017.09.19-05.17.00:425][778]LogSavePackage: Save=383.68ms
[2017.09.19-05.17.00:425][778]LogSavePackage: Moving '../../../../../Unreal Projects/Plan-X/PlanX/Saved/MotionControllerPawn5C7AAB3A46BD10B0027194906FE8B02C.tmp' to '../../../../../Unreal Projects/Plan-X/PlanX/Content/VirtualRealityBP/Blueprints/MotionControllerPawn.uasset'
[2017.09.19-05.17.00:432][778]LogSavePackage: Display: Finished SavePackage ../../../../../Unreal Projects/Plan-X/PlanX/Content/VirtualRealityBP/Blueprints/MotionControllerPawn.uasset
[2017.09.19-05.19.10:088][580]LogSavePackage: Save=128.28ms
[2017.09.19-05.19.10:089][580]LogSavePackage: Moving '../../../../../Unreal Projects/Plan-X/PlanX/Saved/MotionControllerMap_Auto75C239CD7427A4B8F2AFE61AA84E24731.tmp' to '../../../../../Unreal Projects/Plan-X/PlanX/Saved/Autosaves/Game/VirtualRealityBP/Maps/MotionControllerMap_Auto7.umap'
[2017.09.19-05.19.10:090][580]LogSavePackage: Display: Finished SavePackage ../../../../../Unreal Projects/Plan-X/PlanX/Saved/Autosaves/Game/VirtualRealityBP/Maps/MotionControllerMap_Auto7.umap
[2017.09.19-05.19.10:092][580]LogFileHelpers: Editor autosave (incl. sublevels) for '/Game/VirtualRealityBP/Maps/MotionControllerMap' took 0.167
[2017.09.19-05.19.10:092][580]LogFileHelpers: Editor autosave (incl. sublevels) for all levels took 0.167
[2017.09.19-05.20.52:627][920]BlueprintLog: New page: Compile MotionControllerPawn
[2017.09.19-05.20.54:557][991]LogSavePackage: Save=378.70ms
[2017.09.19-05.20.54:557][991]LogSavePackage: Moving '../../../../../Unreal Projects/Plan-X/PlanX/Saved/MotionControllerPawn322450E8464D57C28D37F5A6519F9766.tmp' to '../../../../../Unreal Projects/Plan-X/PlanX/Content/VirtualRealityBP/Blueprints/MotionControllerPawn.uasset'
[2017.09.19-05.20.54:561][991]LogSavePackage: Display: Finished SavePackage ../../../../../Unreal Projects/Plan-X/PlanX/Content/VirtualRealityBP/Blueprints/MotionControllerPawn.uasset
[2017.09.19-05.24.05:003][722]LogSavePackage: Save=373.64ms
[2017.09.19-05.24.05:003][722]LogSavePackage: Moving '../../../../../Unreal Projects/Plan-X/PlanX/Saved/MotionControllerPawnB77B17764C48257772FB0E8E5019D29D.tmp' to '../../../../../Unreal Projects/Plan-X/PlanX/Content/VirtualRealityBP/Blueprints/MotionControllerPawn.uasset'
[2017.09.19-05.24.05:004][722]LogSavePackage: Display: Finished SavePackage ../../../../../Unreal Projects/Plan-X/PlanX/Content/VirtualRealityBP/Blueprints/MotionControllerPawn.uasset
[2017.09.19-05.24.09:412][874]LogSavePackage: Save=127.52ms
[2017.09.19-05.24.09:412][874]LogSavePackage: Moving '../../../../../Unreal Projects/Plan-X/PlanX/Saved/MotionControllerMap76DF6560456579437EDB4E80175DBC7E.tmp' to '../../../../../Unreal Projects/Plan-X/PlanX/Content/VirtualRealityBP/Maps/MotionControllerMap.umap'
[2017.09.19-05.24.09:415][874]LogSavePackage: Display: Finished SavePackage ../../../../../Unreal Projects/Plan-X/PlanX/Content/VirtualRealityBP/Maps/MotionControllerMap.umap
[2017.09.19-05.24.09:803][874]LogSavePackage: Save=205.80ms
[2017.09.19-05.24.09:803][874]LogSavePackage: Moving '../../../../../Unreal Projects/Plan-X/PlanX/Saved/MotionControllerMap_BuiltDataE653602144ED2BDFF514248CB648F4F1.tmp' to '../../../../../Unreal Projects/Plan-X/PlanX/Content/VirtualRealityBP/Maps/MotionControllerMap_BuiltData.uasset'
[2017.09.19-05.24.09:804][874]LogSavePackage: Display: Finished SavePackage ../../../../../Unreal Projects/Plan-X/PlanX/Content/VirtualRealityBP/Maps/MotionControllerMap_BuiltData.uasset
[2017.09.19-05.24.10:695][945]LogSavePackage: Save=125.86ms
[2017.09.19-05.24.10:695][945]LogSavePackage: Moving '../../../../../Unreal Projects/Plan-X/PlanX/Saved/MotionControllerMap2C72DF43454EC950BCD250ADB27686EC.tmp' to '../../../../../Unreal Projects/Plan-X/PlanX/Content/VirtualRealityBP/Maps/MotionControllerMap.umap'
[2017.09.19-05.24.10:696][945]LogSavePackage: Display: Finished SavePackage ../../../../../Unreal Projects/Plan-X/PlanX/Content/VirtualRealityBP/Maps/MotionControllerMap.umap
[2017.09.19-05.24.10:900][945]LogSavePackage: Save=145.72ms
[2017.09.19-05.24.10:901][945]LogSavePackage: Moving '../../../../../Unreal Projects/Plan-X/PlanX/Saved/MotionControllerMap_BuiltData9A381BEF45B20BD07AEC9F9B7EAA1336.tmp' to '../../../../../Unreal Projects/Plan-X/PlanX/Content/VirtualRealityBP/Maps/MotionControllerMap_BuiltData.uasset'
[2017.09.19-05.24.10:902][945]LogSavePackage: Display: Finished SavePackage ../../../../../Unreal Projects/Plan-X/PlanX/Content/VirtualRealityBP/Maps/MotionControllerMap_BuiltData.uasset
[2017.09.19-05.24.11:453][990]LogSavePackage: Save=140.67ms
[2017.09.19-05.24.11:453][990]LogSavePackage: Moving '../../../../../Unreal Projects/Plan-X/PlanX/Saved/MotionControllerMapE9FC135842A3611971BA40BFB8EA4997.tmp' to '../../../../../Unreal Projects/Plan-X/PlanX/Content/VirtualRealityBP/Maps/MotionControllerMap.umap'
[2017.09.19-05.24.11:454][990]LogSavePackage: Display: Finished SavePackage ../../../../../Unreal Projects/Plan-X/PlanX/Content/VirtualRealityBP/Maps/MotionControllerMap.umap
[2017.09.19-05.24.11:633][990]LogSavePackage: Save=134.71ms
[2017.09.19-05.24.11:633][990]LogSavePackage: Moving '../../../../../Unreal Projects/Plan-X/PlanX/Saved/MotionControllerMap_BuiltDataCCE634FD4E357CFD9F853386927197EE.tmp' to '../../../../../Unreal Projects/Plan-X/PlanX/Content/VirtualRealityBP/Maps/MotionControllerMap_BuiltData.uasset'
[2017.09.19-05.24.11:634][990]LogSavePackage: Display: Finished SavePackage ../../../../../Unreal Projects/Plan-X/PlanX/Content/VirtualRealityBP/Maps/MotionControllerMap_BuiltData.uasset
[2017.09.19-05.24.12:555][ 86]LogWindowsTextInputMethodSystem: Display: IME system now deactivated.
[2017.09.19-05.24.12:769][ 87]Cmd: QUIT_EDITOR
[2017.09.19-05.24.12:839][ 87]LogExit: Preparing to exit.
[2017.09.19-05.24.13:138][ 87]LogDirectoryWatcher: A directory notification for 'Q:/Unreal Projects/Plan-X/PlanX/Content/' was aborted.
[2017.09.19-05.24.13:242][ 87]LogExit: Editor shut down
[2017.09.19-05.24.13:267][ 87]LogExit: Transaction tracking system shut down
[2017.09.19-05.24.13:496][ 87]LogDirectoryWatcher: A directory notification for '../../../Engine/Content/' was aborted.
[2017.09.19-05.24.13:496][ 87]LogDirectoryWatcher: A directory notification for '../../../../../Unreal Projects/Plan-X/PlanX/Content/' was aborted.
[2017.09.19-05.24.13:496][ 87]LogDirectoryWatcher: A directory notification for '../../../Engine/Plugins/Runtime/Oculus/OculusVR/Content/' was aborted.
[2017.09.19-05.24.13:496][ 87]LogDirectoryWatcher: A directory notification for '../../../Engine/Plugins/Runtime/Steam/SteamVR/Content/' was aborted.
[2017.09.19-05.24.13:632][ 87]LogExit: Object subsystem successfully closed.
[2017.09.19-05.24.13:659][ 87]LogD3D11RHI: Shutdown
[2017.09.19-05.24.13:659][ 87]LogD3D11RHI: CleanupD3DDevice
[2017.09.19-05.24.13:726][ 87]LogD3D11RHI: ~FD3D11DynamicRHI
[2017.09.19-05.24.13:734][ 87]LogModuleManager: Shutting down and abandoning module BlueprintGraph (526)
[2017.09.19-05.24.13:734][ 87]LogModuleManager: Shutting down and abandoning module BlueprintProfiler (524)
[2017.09.19-05.24.13:734][ 87]LogModuleManager: Shutting down and abandoning module HierarchicalLODOutliner (522)
[2017.09.19-05.24.13:734][ 87]LogModuleManager: Shutting down and abandoning module SceneOutliner (520)
[2017.09.19-05.24.13:734][ 87]LogModuleManager: Shutting down and abandoning module AddContentDialog (518)
[2017.09.19-05.24.13:735][ 87]LogDirectoryWatcher: A directory notification for 'Q:/Unreal Engine/UE_4.17/FeaturePacks/' was aborted.
[2017.09.19-05.24.13:739][ 87]LogModuleManager: Shutting down and abandoning module WidgetCarousel (517)
[2017.09.19-05.24.13:740][ 87]LogModuleManager: Shutting down and abandoning module EditorWidgets (514)
[2017.09.19-05.24.13:740][ 87]LogModuleManager: Shutting down and abandoning module CollectionManager (512)
[2017.09.19-05.24.13:740][ 87]LogDirectoryWatcher: A directory notification for 'Q:/Unreal Projects/Plan-X/PlanX/Content/Collections/' was aborted.
[2017.09.19-05.24.13:740][ 87]LogDirectoryWatcher: A directory notification for 'Q:/Unreal Projects/Plan-X/PlanX/Content/Developers/RobertForbes/Collections/' was aborted.
[2017.09.19-05.24.13:740][ 87]LogDirectoryWatcher: A directory notification for 'Q:/Unreal Projects/Plan-X/PlanX/Saved/Collections/' was aborted.
[2017.09.19-05.24.13:740][ 87]LogModuleManager: Shutting down and abandoning module StatsViewer (510)
[2017.09.19-05.24.13:740][ 87]LogModuleManager: Shutting down and abandoning module FoliageEdit (508)
[2017.09.19-05.24.13:740][ 87]LogModuleManager: Shutting down and abandoning module LandscapeEditor (506)
[2017.09.19-05.24.13:740][ 87]LogModuleManager: Shutting down and abandoning module MeshPaintMode (504)
[2017.09.19-05.24.13:740][ 87]LogModuleManager: Shutting down and abandoning module MeshPaint (503)
[2017.09.19-05.24.13:740][ 87]LogModuleManager: Shutting down and abandoning module SceneDepthPickerMode (500)
[2017.09.19-05.24.13:740][ 87]LogModuleManager: Shutting down and abandoning module ActorPickerMode (498)
[2017.09.19-05.24.13:740][ 87]LogModuleManager: Shutting down and abandoning module GeometryMode (496)
[2017.09.19-05.24.13:740][ 87]LogModuleManager: Shutting down and abandoning module TextureAlignMode (494)
[2017.09.19-05.24.13:740][ 87]LogModuleManager: Shutting down and abandoning module BspMode (492)
[2017.09.19-05.24.13:740][ 87]LogModuleManager: Shutting down and abandoning module PIEPreviewDeviceProfileSelector (490)
[2017.09.19-05.24.13:740][ 87]LogModuleManager: Shutting down and abandoning module HardwareSurvey (488)
[2017.09.19-05.24.13:740][ 87]LogModuleManager: Shutting down and abandoning module SequenceRecorderSections (486)
[2017.09.19-05.24.13:740][ 87]LogModuleManager: Shutting down and abandoning module AutomationWorker (484)
[2017.09.19-05.24.13:740][ 87]LogModuleManager: Shutting down and abandoning module MatineeToLevelSequence (482)
[2017.09.19-05.24.13:740][ 87]LogModuleManager: Shutting down and abandoning module LevelSequenceEditor (480)
[2017.09.19-05.24.13:740][ 87]LogModuleManager: Shutting down and abandoning module PlacementMode (479)
[2017.09.19-05.24.13:740][ 87]LogModuleManager: Shutting down and abandoning module WmfMediaFactory (476)
[2017.09.19-05.24.13:740][ 87]LogModuleManager: Shutting down and abandoning module WmfMediaEditor (474)
[2017.09.19-05.24.13:740][ 87]LogModuleManager: Shutting down and abandoning module AvfMediaFactory (472)
[2017.09.19-05.24.13:740][ 87]LogModuleManager: Shutting down and abandoning module AvfMediaEditor (470)
[2017.09.19-05.24.13:740][ 87]LogModuleManager: Shutting down and abandoning module AndroidMediaFactory (468)
[2017.09.19-05.24.13:740][ 87]LogModuleManager: Shutting down and abandoning module Media (467)
[2017.09.19-05.24.13:740][ 87]LogModuleManager: Shutting down and abandoning module AndroidMediaEditor (464)
[2017.09.19-05.24.13:740][ 87]LogModuleManager: Shutting down and abandoning module CharacterAI (462)
[2017.09.19-05.24.13:740][ 87]LogModuleManager: Shutting down and abandoning module AudioCapture (460)
[2017.09.19-05.24.13:740][ 87]LogModuleManager: Shutting down and abandoning module SequenceRecorder (459)
[2017.09.19-05.24.13:741][ 87]LogModuleManager: Shutting down and abandoning module SessionServices (456)
[2017.09.19-05.24.13:741][ 87]LogModuleManager: Shutting down and abandoning module ViewportSnapping (454)
[2017.09.19-05.24.13:741][ 87]LogModuleManager: Shutting down and abandoning module ViewportInteraction (452)
[2017.09.19-05.24.13:741][ 87]LogModuleManager: Shutting down and abandoning module ClothPainter (450)
[2017.09.19-05.24.13:741][ 87]LogModuleManager: Shutting down and abandoning module LogVisualizer (448)
[2017.09.19-05.24.13:741][ 87]LogModuleManager: Shutting down and abandoning module IntroTutorials (446)
[2017.09.19-05.24.13:741][ 87]LogModuleManager: Shutting down and abandoning module GameProjectGeneration (445)
[2017.09.19-05.24.13:741][ 87]LogModuleManager: Shutting down and abandoning module IOSPlatformEditor (442)
[2017.09.19-05.24.13:741][ 87]LogModuleManager: Shutting down and abandoning module HTML5PlatformEditor (440)
[2017.09.19-05.24.13:741][ 87]LogModuleManager: Shutting down and abandoning module AndroidPlatformEditor (438)
[2017.09.19-05.24.13:741][ 87]LogModuleManager: Shutting down and abandoning module AndroidDeviceDetection (437)
[2017.09.19-05.24.14:281][ 87]LogModuleManager: Shutting down and abandoning module WindowsPlatformEditor (434)
[2017.09.19-05.24.14:281][ 87]LogModuleManager: Shutting down and abandoning module IOSRuntimeSettings (432)
[2017.09.19-05.24.14:281][ 87]LogModuleManager: Shutting down and abandoning module AndroidRuntimeSettings (430)
[2017.09.19-05.24.14:281][ 87]LogModuleManager: Shutting down and abandoning module InputBindingEditor (428)
[2017.09.19-05.24.14:281][ 87]LogModuleManager: Shutting down and abandoning module MergeActors (426)
[2017.09.19-05.24.14:281][ 87]LogModuleManager: Shutting down and abandoning module SizeMap (424)
[2017.09.19-05.24.14:281][ 87]LogModuleManager: Shutting down and abandoning module TreeMap (422)
[2017.09.19-05.24.14:281][ 87]LogModuleManager: Shutting down and abandoning module ReferenceViewer (420)
[2017.09.19-05.24.14:281][ 87]LogModuleManager: Shutting down and abandoning module LocalizationDashboard (418)
[2017.09.19-05.24.14:281][ 87]LogModuleManager: Shutting down and abandoning module LocalizationService (417)
[2017.09.19-05.24.14:281][ 87]LogModuleManager: Shutting down and abandoning module HardwareTargeting (414)
[2017.09.19-05.24.14:281][ 87]LogModuleManager: Shutting down and abandoning module DeviceProfileEditor (412)
[2017.09.19-05.24.14:281][ 87]LogModuleManager: Shutting down and abandoning module UndoHistory (410)
[2017.09.19-05.24.14:281][ 87]LogModuleManager: Shutting down and abandoning module XmlParser (408)
[2017.09.19-05.24.14:282][ 87]LogModuleManager: Shutting down and abandoning module Blutility (406)
[2017.09.19-05.24.14:282][ 87]LogModuleManager: Shutting down and abandoning module ProjectSettingsViewer (404)
[2017.09.19-05.24.14:282][ 87]LogModuleManager: Shutting down and abandoning module ProjectTargetPlatformEditor (403)
[2017.09.19-05.24.14:282][ 87]LogModuleManager: Shutting down and abandoning module EditorSettingsViewer (400)
[2017.09.19-05.24.14:282][ 87]LogModuleManager: Shutting down and abandoning module SettingsEditor (398)
[2017.09.19-05.24.14:282][ 87]LogModuleManager: Shutting down and abandoning module ProjectLauncher (396)
[2017.09.19-05.24.14:282][ 87]LogModuleManager: Shutting down and abandoning module SessionFrontend (394)
[2017.09.19-05.24.14:282][ 87]LogModuleManager: Shutting down and abandoning module ProfilerClient (392)
[2017.09.19-05.24.14:282][ 87]LogModuleManager: Shutting down and abandoning module DeviceManager (390)
[2017.09.19-05.24.14:282][ 87]LogModuleManager: Shutting down and abandoning module TargetDeviceServices (389)
[2017.09.19-05.24.14:337][ 87]LogModuleManager: Shutting down and abandoning module AutomationController (386)
[2017.09.19-05.24.14:337][ 87]LogModuleManager: Shutting down and abandoning module AutomationWindow (384)
[2017.09.19-05.24.14:337][ 87]LogModuleManager: Shutting down and abandoning module Layers (382)
[2017.09.19-05.24.14:337][ 87]LogModuleManager: Shutting down and abandoning module ComponentVisualizers (380)
[2017.09.19-05.24.14:337][ 87]LogModuleManager: Shutting down and abandoning module DetailCustomizations (378)
[2017.09.19-05.24.14:337][ 87]LogModuleManager: Shutting down and abandoning module PackagesDialog (376)
[2017.09.19-05.24.14:337][ 87]LogModuleManager: Shutting down and abandoning module Persona (374)
[2017.09.19-05.24.14:337][ 87]LogModuleManager: Shutting down and abandoning module AdvancedPreviewScene (373)
[2017.09.19-05.24.14:337][ 87]LogModuleManager: Shutting down and abandoning module AnimGraph (371)
[2017.09.19-05.24.14:337][ 87]LogModuleManager: Shutting down and abandoning module Kismet (368)
[2017.09.19-05.24.14:351][ 87]LogModuleManager: Shutting down and abandoning module LevelEditor (367)
[2017.09.19-05.24.14:352][ 87]LogModuleManager: Shutting down and abandoning module PixelInspectorModule (366)
[2017.09.19-05.24.14:352][ 87]LogModuleManager: Shutting down and abandoning module ClassViewer (362)
[2017.09.19-05.24.14:353][ 87]LogModuleManager: Shutting down and abandoning module Toolbox (360)
[2017.09.19-05.24.14:353][ 87]LogModuleManager: Shutting down and abandoning module ModuleUI (358)
[2017.09.19-05.24.14:353][ 87]LogModuleManager: Shutting down and abandoning module MovieSceneTools (356)
[2017.09.19-05.24.14:353][ 87]LogModuleManager: Shutting down and abandoning module OutputLog (354)
[2017.09.19-05.24.14:353][ 87]LogModuleManager: Shutting down and abandoning module GammaUI (352)
[2017.09.19-05.24.14:353][ 87]LogModuleManager: Shutting down and abandoning module Documentation (350)
[2017.09.19-05.24.14:353][ 87]LogModuleManager: Shutting down and abandoning module MovieSceneTracks (348)
[2017.09.19-05.24.14:353][ 87]LogModuleManager: Shutting down and abandoning module MovieScene (346)
[2017.09.19-05.24.14:353][ 87]LogModuleManager: Shutting down and abandoning module Niagara (344)
[2017.09.19-05.24.14:353][ 87]LogModuleManager: Shutting down and abandoning module NiagaraEditor (343)
[2017.09.19-05.24.14:353][ 87]LogModuleManager: Shutting down and abandoning module StreamingPauseRendering (340)
[2017.09.19-05.24.14:353][ 87]LogModuleManager: Shutting down and abandoning module LauncherPlatform (338)
[2017.09.19-05.24.14:353][ 87]LogModuleManager: Shutting down and abandoning module AnalyticsET (336)
[2017.09.19-05.24.14:353][ 87]LogModuleManager: Shutting down and abandoning module PortalServices (334)
[2017.09.19-05.24.14:353][ 87]LogModuleManager: Shutting down and abandoning module PortalRpc (332)
[2017.09.19-05.24.14:353][ 87]LogModuleManager: Shutting down and abandoning module MessagingRpc (330)
[2017.09.19-05.24.14:353][ 87]LogModuleManager: Shutting down and abandoning module AIModule (328)
[2017.09.19-05.24.14:353][ 87]LogModuleManager: Shutting down and abandoning module GameplayDebugger (327)
[2017.09.19-05.24.14:353][ 87]LogModuleManager: Shutting down and abandoning module AITestSuite (325)
[2017.09.19-05.24.14:353][ 87]LogModuleManager: Shutting down and abandoning module ProfilerService (322)
[2017.09.19-05.24.14:543][ 87]LogModuleManager: Shutting down and abandoning module TaskGraph (320)
[2017.09.19-05.24.14:543][ 87]LogModuleManager: Shutting down and abandoning module SteamVRController (318)
[2017.09.19-05.24.14:543][ 87]LogModuleManager: Shutting down and abandoning module ProceduralMeshComponentEditor (316)
[2017.09.19-05.24.14:543][ 87]LogModuleManager: Shutting down and abandoning module ProceduralMeshComponent (314)
[2017.09.19-05.24.14:543][ 87]LogModuleManager: Shutting down and abandoning module OculusInput (312)
[2017.09.19-05.24.14:543][ 87]LogModuleManager: Shutting down and abandoning module Ansel (310)
[2017.09.19-05.24.14:543][ 87]LogModuleManager: Shutting down and abandoning module MobilePatchingUtils (308)
[2017.09.19-05.24.14:543][ 87]LogModuleManager: Shutting down and abandoning module CustomMeshComponent (306)
[2017.09.19-05.24.14:543][ 87]LogModuleManager: Shutting down and abandoning module CableComponent (304)
[2017.09.19-05.24.14:543][ 87]LogModuleManager: Shutting down and abandoning module ArchVisCharacter (302)
[2017.09.19-05.24.14:543][ 87]LogModuleManager: Shutting down and abandoning module AndroidPermission (300)
[2017.09.19-05.24.14:543][ 87]LogModuleManager: Shutting down and abandoning module MediaPlayerEditor (296)
[2017.09.19-05.24.14:544][ 87]LogModuleManager: Shutting down and abandoning module HTML5Networking (294)
[2017.09.19-05.24.14:544][ 87]LogModuleManager: Shutting down and abandoning module AlembicImporter (292)
[2017.09.19-05.24.14:544][ 87]LogModuleManager: Shutting down and abandoning module AlembicLibrary (291)
[2017.09.19-05.24.14:544][ 87]LogModuleManager: Shutting down and abandoning module GeometryCache (290)
[2017.09.19-05.24.14:544][ 87]LogModuleManager: Shutting down and abandoning module GeometryCacheEd (289)
[2017.09.19-05.24.14:544][ 87]LogModuleManager: Shutting down and abandoning module SpeedTreeImporter (284)
[2017.09.19-05.24.14:544][ 87]LogModuleManager: Shutting down and abandoning module PluginBrowser (282)
[2017.09.19-05.24.14:544][ 87]LogModuleManager: Shutting down and abandoning module MainFrame (281)
[2017.09.19-05.24.14:544][ 87]LogModuleManager: Shutting down and abandoning module MobileLauncherProfileWizard (278)
[2017.09.19-05.24.14:544][ 87]LogModuleManager: Shutting down and abandoning module VisualStudioSourceCodeAccess (276)
[2017.09.19-05.24.14:544][ 87]LogModuleManager: Shutting down and abandoning module DesktopPlatform (275)
[2017.09.19-05.24.14:544][ 87]LogModuleManager: Shutting down and abandoning module HotReload (273)
[2017.09.19-05.24.14:544][ 87]LogModuleManager: Shutting down and abandoning module UObjectPlugin (270)
[2017.09.19-05.24.14:545][ 87]LogModuleManager: Shutting down and abandoning module SubversionSourceControl (268)
[2017.09.19-05.24.14:545][ 87]LogModuleManager: Shutting down and abandoning module PerforceSourceControl (266)
[2017.09.19-05.24.14:545][ 87]LogModuleManager: Shutting down and abandoning module GitSourceControl (264)
[2017.09.19-05.24.14:545][ 87]LogModuleManager: Shutting down and abandoning module SourceControl (263)
[2017.09.19-05.24.14:545][ 87]LogModuleManager: Shutting down and abandoning module LightPropagationVolumeEditor (260)
[2017.09.19-05.24.14:545][ 87]LogModuleManager: Shutting down and abandoning module RuntimePhysXCooking (258)
[2017.09.19-05.24.14:545][ 87]LogModuleManager: Shutting down and abandoning module PhysXVehiclesEditor (256)
[2017.09.19-05.24.14:545][ 87]LogModuleManager: Shutting down and abandoning module PhysXVehicles (254)
[2017.09.19-05.24.14:545][ 87]LogModuleManager: Shutting down and abandoning module OculusEditor (252)
[2017.09.19-05.24.14:545][ 87]LogModuleManager: Shutting down and abandoning module LocationServicesBPLibrary (250)
[2017.09.19-05.24.14:545][ 87]LogModuleManager: Shutting down and abandoning module ImmediatePhysicsEditor (248)
[2017.09.19-05.24.14:545][ 87]LogModuleManager: Shutting down and abandoning module ImmediatePhysics (246)
[2017.09.19-05.24.14:545][ 87]LogModuleManager: Shutting down and abandoning module UdpMessaging (244)
[2017.09.19-05.24.14:646][ 87]LogModuleManager: Shutting down and abandoning module TcpMessaging (242)
[2017.09.19-05.24.14:747][ 87]LogModuleManager: Shutting down and abandoning module GameplayTagsEditor (240)
[2017.09.19-05.24.14:747][ 87]LogModuleManager: Shutting down and abandoning module FacialAnimationEditor (238)
[2017.09.19-05.24.14:747][ 87]LogModuleManager: Shutting down and abandoning module FacialAnimation (236)
[2017.09.19-05.24.14:747][ 87]LogModuleManager: Shutting down and abandoning module AssetManagerEditor (234)
[2017.09.19-05.24.14:747][ 87]LogModuleManager: Shutting down and abandoning module GraphEditor (233)
[2017.09.19-05.24.14:747][ 87]LogModuleManager: Shutting down and abandoning module ContentBrowser (231)
[2017.09.19-05.24.14:748][ 87]LogModuleManager: Shutting down and abandoning module LightPropagationVolumeRuntime (228)
[2017.09.19-05.24.14:748][ 87]LogModuleManager: Shutting down and abandoning module WindowsMoviePlayer (226)
[2017.09.19-05.24.14:748][ 87]LogModuleManager: Shutting down and abandoning module WmfMedia (224)
[2017.09.19-05.24.14:749][ 87]LogModuleManager: Shutting down and abandoning module PacketHandler (222)
[2017.09.19-05.24.14:749][ 87]LogModuleManager: Shutting down and abandoning module ClothingSystemEditor (220)
[2017.09.19-05.24.14:749][ 87]LogModuleManager: Shutting down and abandoning module ClothingSystemRuntime (218)
[2017.09.19-05.24.14:749][ 87]LogModuleManager: Shutting down and abandoning module Overlay (216)
[2017.09.19-05.24.14:749][ 87]LogModuleManager: Shutting down and abandoning module OverlayEditor (215)
[2017.09.19-05.24.14:749][ 87]LogModuleManager: Shutting down and abandoning module MediaAssets (212)
[2017.09.19-05.24.14:749][ 87]LogModuleManager: Shutting down and abandoning module VREditor (210)
[2017.09.19-05.24.14:749][ 87]LogModuleManager: Shutting down and abandoning module StringTableEditor (208)
[2017.09.19-05.24.14:749][ 87]LogModuleManager: Shutting down and abandoning module GameplayTasksEditor (206)
[2017.09.19-05.24.14:749][ 87]LogModuleManager: Shutting down and abandoning module BehaviorTreeEditor (204)
[2017.09.19-05.24.14:749][ 87]LogModuleManager: Shutting down and abandoning module FunctionalTesting (202)
[2017.09.19-05.24.14:749][ 87]LogModuleManager: Shutting down and abandoning module CollisionAnalyzer (200)
[2017.09.19-05.24.14:749][ 87]LogModuleManager: Shutting down and abandoning module WorkspaceMenuStructure (199)
[2017.09.19-05.24.14:749][ 87]LogModuleManager: Shutting down and abandoning module UMG (196)
[2017.09.19-05.24.14:749][ 87]LogModuleManager: Shutting down and abandoning module UMGEditor (195)
[2017.09.19-05.24.14:749][ 87]LogModuleManager: Shutting down and abandoning module Sequencer (194)
[2017.09.19-05.24.14:749][ 87]LogModuleManager: Shutting down and abandoning module MessageLog (191)
[2017.09.19-05.24.14:749][ 87]LogModuleManager: Shutting down and abandoning module SlateReflector (186)
[2017.09.19-05.24.14:749][ 87]LogModuleManager: Shutting down and abandoning module Slate (184)
[2017.09.19-05.24.14:749][ 87]LogModuleManager: Shutting down and abandoning module EditorStyle (182)
[2017.09.19-05.24.14:751][ 87]LogModuleManager: Shutting down and abandoning module MRMesh (180)
[2017.09.19-05.24.14:751][ 87]LogModuleManager: Shutting down and abandoning module SourceCodeAccess (178)
[2017.09.19-05.24.14:751][ 87]LogModuleManager: Shutting down and abandoning module HeadMountedDisplay (176)
[2017.09.19-05.24.14:751][ 87]LogModuleManager: Shutting down and abandoning module XAudio2 (174)
[2017.09.19-05.24.14:751][ 87]LogModuleManager: Shutting down and abandoning module Networking (172)
[2017.09.19-05.24.14:751][ 87]LogModuleManager: Shutting down and abandoning module Core (168)
[2017.09.19-05.24.14:751][ 87]LogModuleManager: Shutting down and abandoning module KismetCompiler (164)
[2017.09.19-05.24.14:751][ 87]LogModuleManager: Shutting down and abandoning module LevelSequence (162)
[2017.09.19-05.24.14:751][ 87]LogModuleManager: Shutting down and abandoning module MeshUtilities (160)
[2017.09.19-05.24.14:751][ 87]LogModuleManager: Shutting down and abandoning module MeshMergeUtilities (159)
[2017.09.19-05.24.14:751][ 87]LogModuleManager: Shutting down and abandoning module MeshReductionInterface (158)
[2017.09.19-05.24.14:751][ 87]LogModuleManager: Shutting down and abandoning module SimplygonSwarm (157)
[2017.09.19-05.24.14:751][ 87]LogModuleManager: Shutting down and abandoning module SimplygonMeshReduction (155)
[2017.09.19-05.24.14:751][ 87]LogModuleManager: Shutting down and abandoning module QuadricMeshReduction (153)
[2017.09.19-05.24.14:751][ 87]LogModuleManager: Shutting down and abandoning module MaterialBaking (149)
[2017.09.19-05.24.14:752][ 87]LogModuleManager: Shutting down and abandoning module DirectoryWatcher (146)
[2017.09.19-05.24.14:757][ 87]LogModuleManager: Shutting down and abandoning module DerivedDataCache (144)
[2017.09.19-05.24.14:813][ 87]LogDerivedDataCache: Shutdown
[2017.09.19-05.24.14:813][ 87]LogModuleManager: Shutting down and abandoning module TargetPlatform (142)
[2017.09.19-05.24.14:813][ 87]LogModuleManager: Shutting down and abandoning module VulkanShaderFormat (141)
[2017.09.19-05.24.14:813][ 87]LogModuleManager: Shutting down and abandoning module ShaderFormatVectorVM (139)
[2017.09.19-05.24.14:813][ 87]LogModuleManager: Shutting down and abandoning module ShaderFormatOpenGL (137)
[2017.09.19-05.24.14:813][ 87]LogModuleManager: Shutting down and abandoning module ShaderFormatD3D (135)
[2017.09.19-05.24.14:813][ 87]LogModuleManager: Shutting down and abandoning module MetalShaderFormat (133)
[2017.09.19-05.24.14:813][ 87]LogModuleManager: Shutting down and abandoning module TextureFormatUncompressed (131)
[2017.09.19-05.24.14:813][ 87]LogModuleManager: Shutting down and abandoning module TextureFormatPVR (129)
[2017.09.19-05.24.14:813][ 87]LogModuleManager: Shutting down and abandoning module TextureFormatDXT (127)
[2017.09.19-05.24.14:813][ 87]LogModuleManager: Shutting down and abandoning module TextureFormatIntelISPCTexComp (125)
[2017.09.19-05.24.14:813][ 87]LogModuleManager: Shutting down and abandoning module TextureFormatASTC (123)
[2017.09.19-05.24.14:813][ 87]LogModuleManager: Shutting down and abandoning module ImageWrapper (122)
[2017.09.19-05.24.14:813][ 87]LogModuleManager: Shutting down and abandoning module TextureFormatAndroid (119)
[2017.09.19-05.24.14:813][ 87]LogModuleManager: Shutting down and abandoning module AudioFormatOpus (117)
[2017.09.19-05.24.14:813][ 87]LogModuleManager: Shutting down and abandoning module AudioFormatOgg (115)
[2017.09.19-05.24.14:813][ 87]LogModuleManager: Shutting down and abandoning module AudioFormatADPCM (113)
[2017.09.19-05.24.14:813][ 87]LogModuleManager: Shutting down and abandoning module LinuxTargetPlatform (111)
[2017.09.19-05.24.14:813][ 87]LogModuleManager: Shutting down and abandoning module LinuxServerTargetPlatform (109)
[2017.09.19-05.24.14:813][ 87]LogModuleManager: Shutting down and abandoning module LinuxNoEditorTargetPlatform (107)
[2017.09.19-05.24.14:813][ 87]LogModuleManager: Shutting down and abandoning module LinuxClientTargetPlatform (105)
[2017.09.19-05.24.14:813][ 87]LogModuleManager: Shutting down and abandoning module TVOSTargetPlatform (103)
[2017.09.19-05.24.14:813][ 87]LogModuleManager: Shutting down and abandoning module Messaging (101)
[2017.09.19-05.24.14:813][ 87]LogModuleManager: Shutting down and abandoning module IOSTargetPlatform (99)
[2017.09.19-05.24.14:813][ 87]LogModuleManager: Shutting down and abandoning module HTML5TargetPlatform (97)
[2017.09.19-05.24.14:813][ 87]LogModuleManager: Shutting down and abandoning module Android_PVRTCTargetPlatform (95)
[2017.09.19-05.24.14:814][ 87]LogModuleManager: Shutting down and abandoning module Android_MultiTargetPlatform (93)
[2017.09.19-05.24.14:814][ 87]LogModuleManager: Shutting down and abandoning module Android_ETC2TargetPlatform (91)
[2017.09.19-05.24.14:814][ 87]LogModuleManager: Shutting down and abandoning module Android_ETC1TargetPlatform (89)
[2017.09.19-05.24.14:814][ 87]LogModuleManager: Shutting down and abandoning module Android_DXTTargetPlatform (87)
[2017.09.19-05.24.14:814][ 87]LogModuleManager: Shutting down and abandoning module Android_ATCTargetPlatform (85)
[2017.09.19-05.24.14:814][ 87]LogModuleManager: Shutting down and abandoning module Android_ASTCTargetPlatform (83)
[2017.09.19-05.24.14:814][ 87]LogModuleManager: Shutting down and abandoning module AndroidTargetPlatform (81)
[2017.09.19-05.24.14:814][ 87]LogModuleManager: Shutting down and abandoning module WindowsTargetPlatform (79)
[2017.09.19-05.24.14:814][ 87]LogModuleManager: Shutting down and abandoning module WindowsServerTargetPlatform (77)
[2017.09.19-05.24.14:814][ 87]LogModuleManager: Shutting down and abandoning module WindowsNoEditorTargetPlatform (75)
[2017.09.19-05.24.14:814][ 87]LogModuleManager: Shutting down and abandoning module WindowsClientTargetPlatform (73)
[2017.09.19-05.24.14:814][ 87]LogModuleManager: Shutting down and abandoning module MacTargetPlatform (71)
[2017.09.19-05.24.14:814][ 87]LogModuleManager: Shutting down and abandoning module MacServerTargetPlatform (69)
[2017.09.19-05.24.14:814][ 87]LogModuleManager: Shutting down and abandoning module MacNoEditorTargetPlatform (67)
[2017.09.19-05.24.14:814][ 87]LogModuleManager: Shutting down and abandoning module MacClientTargetPlatform (65)
[2017.09.19-05.24.14:814][ 87]LogModuleManager: Shutting down and abandoning module AllDesktopTargetPlatform (63)
[2017.09.19-05.24.14:814][ 87]LogModuleManager: Shutting down and abandoning module InputCore (60)
[2017.09.19-05.24.14:814][ 87]LogModuleManager: Shutting down and abandoning module Settings (58)
[2017.09.19-05.24.14:814][ 87]LogModuleManager: Shutting down and abandoning module PhysXCooking (56)
[2017.09.19-05.24.14:814][ 87]LogModuleManager: Shutting down and abandoning module SteamVR (54)
[2017.09.19-05.24.14:814][ 87]LogModuleManager: Shutting down and abandoning module OculusHMD (52)
[2017.09.19-05.24.14:814][ 87]LogModuleManager: Shutting down and abandoning module ExampleDeviceProfileSelector (50)
[2017.09.19-05.24.14:814][ 87]LogModuleManager: Shutting down and abandoning module OnlineBlueprintSupport (48)
[2017.09.19-05.24.14:814][ 87]LogModuleManager: Shutting down and abandoning module OnlineSubsystem (44)
[2017.09.19-05.24.14:814][ 87]LogOnline: Display: Unloading online subsystem: NULL
[2017.09.19-05.24.14:814][ 87]LogModuleManager: Shutting down and abandoning module XMPP (43)
[2017.09.19-05.24.14:814][ 87]LogModuleManager: Shutting down and abandoning module HTTP (41)
[2017.09.19-05.24.14:815][ 87]LogHttp: Display: Http module shutting down, but needs to wait on 1 outstanding Http requests:
[2017.09.19-05.24.14:815][ 87]LogHttp: Display: 	verb=[POST] url=[https://datarouter.ol.epicgames.com/datarouter/api/v1/public/data?SessionID=%7BA6CCCDD7-46AD-9BBE-EC3B-2ABA06B7EAAB%7D&AppID=UEEditor.Rocket.Release&AppVersion=4.17.1-3586342%2B%2B%2BUE4%2BRelease-4.17&UserID=d195f449449d6ca1a7d6e997d7b4619b%7C38799267579e43f199dcadb14603b7d0%7Cc4c036e9-0de7-44e5-8786-b569ea8dee15&AppEnvironment=datacollector-binary&UploadType=eteventstream] status=Processing
[2017.09.19-05.24.14:847][ 87]LogModuleManager: Shutting down and abandoning module SSL (40)
[2017.09.19-05.24.14:849][ 87]LogModuleManager: Shutting down and abandoning module AnimationModifiers (36)
[2017.09.19-05.24.14:849][ 87]LogModuleManager: Shutting down and abandoning module PropertyEditor (35)
[2017.09.19-05.24.14:849][ 87]LogModuleManager: Shutting down and abandoning module AudioEditor (32)
[2017.09.19-05.24.14:849][ 87]LogModuleManager: Shutting down and abandoning module TextureCompressor (30)
[2017.09.19-05.24.14:849][ 87]LogModuleManager: Shutting down and abandoning module ShaderCore (28)
[2017.09.19-05.24.14:849][ 87]LogModuleManager: Shutting down and abandoning module Landscape (26)
[2017.09.19-05.24.14:849][ 87]LogModuleManager: Shutting down and abandoning module SlateRHIRenderer (24)
[2017.09.19-05.24.14:855][ 87]LogModuleManager: Shutting down and abandoning module OpenGLDrv (22)
[2017.09.19-05.24.14:855][ 87]LogModuleManager: Shutting down and abandoning module D3D11RHI (20)
[2017.09.19-05.24.14:855][ 87]LogModuleManager: Shutting down and abandoning module AnimGraphRuntime (18)
[2017.09.19-05.24.14:855][ 87]LogModuleManager: Shutting down and abandoning module Renderer (16)
[2017.09.19-05.24.14:855][ 87]LogModuleManager: Shutting down and abandoning module Engine (14)
[2017.09.19-05.24.14:855][ 87]LogModuleManager: Shutting down and abandoning module CoreUObject (12)
[2017.09.19-05.24.14:855][ 87]LogModuleManager: Shutting down and abandoning module NetworkFile (10)
[2017.09.19-05.24.14:855][ 87]LogModuleManager: Shutting down and abandoning module CookedIterativeFile (8)
[2017.09.19-05.24.14:855][ 87]LogModuleManager: Shutting down and abandoning module StreamingFile (6)
[2017.09.19-05.24.14:855][ 87]LogModuleManager: Shutting down and abandoning module SandboxFile (4)
[2017.09.19-05.24.14:855][ 87]LogModuleManager: Shutting down and abandoning module PakFile (2)
[2017.09.19-05.24.14:858][ 87]LogExit: Exiting.
[2017.09.19-05.24.14:880][ 87]Log file closed, 09/19/17 01:24:14
