Log file open, 09/13/17 15:43:04
LogWindows: LoadLibraryWithSearchPaths failed for file aqProf.dll. GetLastError=0
LogWindows: LoadLibraryWithSearchPaths failed for file VtuneApi.dll. GetLastError=0
LogWindows: LoadLibraryWithSearchPaths failed for file VtuneApi32e.dll. GetLastError=0
LogInit: Display: Running engine for game: PlanX
LogPlatformFile: Not using cached read wrapper
LogInit: Display: RandInit(1114782709) SRandInit(1114782709).
LogTaskGraph: Started task graph with 5 named threads and 14 total threads with 3 sets of task threads.
LogStats: Stats thread started at 0.168882
LogD3D11RHI: Aftermath initialized
LogPluginManager: Mounting plugin LightPropagationVolume
LogPluginManager: Mounting plugin CodeLiteSourceCodeAccess
LogPluginManager: Mounting plugin GitSourceControl
LogPluginManager: Mounting plugin KDevelopSourceCodeAccess
LogPluginManager: Mounting plugin NullSourceCodeAccess
LogPluginManager: Mounting plugin PerforceSourceControl
LogPluginManager: Mounting plugin SubversionSourceControl
LogPluginManager: Mounting plugin UObjectPlugin
LogPluginManager: Mounting plugin VisualStudioSourceCodeAccess
LogPluginManager: Mounting plugin XCodeSourceCodeAccess
LogPluginManager: Mounting plugin AssetManagerEditor
LogPluginManager: Mounting plugin AudioCapture
LogPluginManager: Mounting plugin FacialAnimation
LogPluginManager: Mounting plugin GameplayTagsEditor
LogPluginManager: Mounting plugin MobileLauncherProfileWizard
LogPluginManager: Mounting plugin PluginBrowser
LogPluginManager: Mounting plugin SpeedTreeImporter
LogPluginManager: Mounting plugin AlembicImporter
LogPluginManager: Mounting plugin CharacterAI
LogPluginManager: Mounting plugin HTML5Networking
LogPluginManager: Mounting plugin AndroidMedia
LogPluginManager: Mounting plugin AvfMedia
LogPluginManager: Mounting plugin MediaPlayerEditor
LogPluginManager: Mounting plugin WmfMedia
LogPluginManager: Mounting plugin TcpMessaging
LogPluginManager: Mounting plugin UdpMessaging
LogPluginManager: Mounting plugin LevelSequenceEditor
LogPluginManager: Mounting plugin MatineeToLevelSequence
LogPluginManager: Mounting plugin OnlineSubsystemGooglePlay
LogPluginManager: Mounting plugin OnlineSubsystemIOS
LogPluginManager: Mounting plugin OnlineSubsystem
LogPluginManager: Mounting plugin OnlineSubsystemNull
LogPluginManager: Mounting plugin OnlineSubsystemUtils
LogPluginManager: Mounting plugin AndroidDeviceProfileSelector
LogPluginManager: Mounting plugin AndroidMoviePlayer
LogPluginManager: Mounting plugin AndroidPermission
LogPluginManager: Mounting plugin AppleMoviePlayer
LogPluginManager: Mounting plugin ArchVisCharacter
LogPluginManager: Mounting plugin CableComponent
LogPluginManager: Mounting plugin CustomMeshComponent
LogPluginManager: Mounting plugin ExampleDeviceProfileSelector
LogPluginManager: Mounting plugin GoogleCloudMessaging
LogPluginManager: Mounting plugin ImmediatePhysics
LogPluginManager: Mounting plugin IOSDeviceProfileSelector
LogPluginManager: Mounting plugin LinuxDeviceProfileSelector
LogPluginManager: Mounting plugin LocationServicesBPLibrary
LogPluginManager: Mounting plugin MobilePatchingUtils
LogPluginManager: Mounting plugin Ansel
LogPluginManager: Mounting plugin OculusVR
LogPluginManager: Mounting plugin PhysXVehicles
LogPluginManager: Mounting plugin ProceduralMeshComponent
LogPluginManager: Mounting plugin RuntimePhysXCooking
LogPluginManager: Mounting plugin SteamVR
LogPluginManager: Mounting plugin WindowsMoviePlayer
LogInit: Using libcurl 7.47.1
LogInit:  - built for x86_64-pc-win32
LogInit:  - supports SSL with OpenSSL/1.0.2g
LogInit:  - supports HTTP deflate (compression) using libz 1.2.8
LogInit:  - other features:
LogInit:      CURL_VERSION_SSL
LogInit:      CURL_VERSION_LIBZ
LogInit:      CURL_VERSION_IPV6
LogInit:      CURL_VERSION_ASYNCHDNS
LogInit:      CURL_VERSION_LARGEFILE
LogInit:      CURL_VERSION_IDN
LogInit:  CurlRequestOptions (configurable via config and command line):
LogInit:  - bVerifyPeer = false  - Libcurl will NOT verify peer certificate
LogInit:  - bUseHttpProxy = false  - Libcurl will NOT use HTTP proxy
LogInit:  - bDontReuseConnections = false  - Libcurl will reuse connections
LogInit:  - CertBundlePath = nullptr  - Libcurl will use whatever was configured at build time.
LogInit: Build: ++UE4+Release-4.17-CL-3586342
LogInit: Engine Version: 4.17.1-3586342+++UE4+Release-4.17
LogInit: Compatible Engine Version: 4.17.0-3573198+++UE4+Release-4.17
LogInit: Net CL: 3573198
LogDevObjectVersion: Number of dev versions registered: 16
LogDevObjectVersion:   Dev-Blueprints (B0D832E4-1F89-4F0D-ACCF-7EB736FD4AA2): 10
LogDevObjectVersion:   Dev-Build (E1C64328-A22C-4D53-A36C-8E866417BD8C): 0
LogDevObjectVersion:   Dev-Core (375EC13C-06E4-48FB-B500-84F0262A717E): 2
LogDevObjectVersion:   Dev-Editor (E4B068ED-F494-42E9-A231-DA0B2E46BB41): 20
LogDevObjectVersion:   Dev-Framework (CFFC743F-43B0-4480-9391-14DF171D2073): 28
LogDevObjectVersion:   Dev-Mobile (B02B49B5-BB20-44E9-A304-32B752E40360): 0
LogDevObjectVersion:   Dev-Networking (A4E4105C-59A1-49B5-A7C5-40C4547EDFEE): 0
LogDevObjectVersion:   Dev-Online (39C831C9-5AE6-47DC-9A44-9C173E1C8E7C): 0
LogDevObjectVersion:   Dev-Physics (78F01B33-EBEA-4F98-B9B4-84EACCB95AA2): 0
LogDevObjectVersion:   Dev-Platform (6631380F-2D4D-43E0-8009-CF276956A95A): 0
LogDevObjectVersion:   Dev-Rendering (12F88B9F-8875-4AFC-A67C-D90C383ABD29): 19
LogDevObjectVersion:   Dev-Sequencer (7B5AE74C-D270-4C10-A958-57980B212A5A): 4
LogDevObjectVersion:   Dev-VR (D7296918-1DD6-4BDD-9DE2-64A83CC13884): 0
LogDevObjectVersion:   Dev-LoadTimes (C2A15278-BFE7-4AFE-6C17-90FF531DF755): 1
LogDevObjectVersion:   Private-Geometry (6EACA3D4-40EC-4CC1-B786-8BED09428FC5): 1
LogDevObjectVersion:   Dev-AnimPhys (29E575DD-E0A3-4627-9D10-D276232CDCEA): 7
LogInit: Compiled (64-bit): Aug 15 2017 02:05:26
LogInit: Compiled with Visual C++: 19.00.24215.01
LogInit: Build Configuration: Development
LogInit: Branch Name: ++UE4+Release-4.17
LogInit: Command line: -EpicPortal 
LogInit: Base directory: Q:/Unreal Engine/UE_4.17/Engine/Binaries/Win64/
LogInit: Installed Engine Build: 1
LogInit: Presizing for max 8388607 objects, including 0 objects not considered by GC, pre-allocating 0 bytes for permanent pool.
LogInit: Object subsystem initialized
[2017.09.13-19.43.05:415][  0]LogInit: Selected Device Profile: [Windows]
[2017.09.13-19.43.05:415][  0]LogInit: Applying CVar settings loaded from the selected device profile: [Windows]
[2017.09.13-19.43.05:474][  0]LogInit: Computer: DAWN
[2017.09.13-19.43.05:474][  0]LogInit: User: RobertForbes
[2017.09.13-19.43.05:474][  0]LogInit: CPU Page size=4096, Cores=4
[2017.09.13-19.43.05:474][  0]LogInit: High frequency timer resolution =3.417981 MHz
[2017.09.13-19.43.05:474][  0]LogMemory: Memory total: Physical=8.0GB (8GB approx)
[2017.09.13-19.43.05:474][  0]LogMemory: Platform Memory Stats for Windows
[2017.09.13-19.43.05:474][  0]LogMemory: Process Physical Memory: 279.73 MB used, 279.73 MB peak
[2017.09.13-19.43.05:474][  0]LogMemory: Process Virtual Memory: 286.33 MB used, 286.33 MB peak
[2017.09.13-19.43.05:474][  0]LogMemory: Physical Memory: 6622.09 MB used,  1521.76 MB free, 8143.85 MB total
[2017.09.13-19.43.05:475][  0]LogMemory: Virtual Memory: 680.32 MB used,  1521.76 MB free, 134217728.00 MB total
[2017.09.13-19.43.05:600][  0]LogInit: Using OS detected language (en-US).
[2017.09.13-19.43.05:600][  0]LogInit: Using OS detected locale (en-US).
[2017.09.13-19.43.05:604][  0]LogTextLocalizationManager: No specific localization for 'en-US' exists, so the 'en' localization will be used.
[2017.09.13-19.43.06:512][  0]LogD3D11RHI: D3D11 adapters:
[2017.09.13-19.43.07:375][  0]LogD3D11RHI:    0. 'NVIDIA GeForce GTX 970' (Feature Level 11_0)
[2017.09.13-19.43.07:375][  0]LogD3D11RHI:       4058/0/4071 MB DedicatedVideo/DedicatedSystem/SharedSystem, Outputs:2, VendorId:0x10de
[2017.09.13-19.43.07:376][  0]LogD3D11RHI:    1. 'Microsoft Basic Render Driver' (Feature Level 11_0)
[2017.09.13-19.43.07:376][  0]LogD3D11RHI:       0/0/4071 MB DedicatedVideo/DedicatedSystem/SharedSystem, Outputs:0, VendorId:0x1414
[2017.09.13-19.43.07:376][  0]LogD3D11RHI: Chosen D3D11 Adapter: 0
[2017.09.13-19.43.07:382][  0]LogD3D11RHI: Creating new Direct3DDevice
[2017.09.13-19.43.07:382][  0]LogD3D11RHI:     GPU DeviceId: 0x13c2 (for the marketing name, search the web for "GPU Device Id")
[2017.09.13-19.43.07:382][  0]LogWindows: EnumDisplayDevices:
[2017.09.13-19.43.07:382][  0]LogWindows:    0. 'NVIDIA GeForce GTX 970' (P:0 D:1)
[2017.09.13-19.43.07:382][  0]LogWindows:    1. 'NVIDIA GeForce GTX 970' (P:1 D:1)
[2017.09.13-19.43.07:382][  0]LogWindows:    2. 'NVIDIA GeForce GTX 970' (P:0 D:0)
[2017.09.13-19.43.07:383][  0]LogWindows:    3. 'NVIDIA GeForce GTX 970' (P:0 D:0)
[2017.09.13-19.43.07:383][  0]LogWindows: DebugString: FoundDriverCount:4 
[2017.09.13-19.43.07:383][  0]LogD3D11RHI:     Adapter Name: NVIDIA GeForce GTX 970
[2017.09.13-19.43.07:383][  0]LogD3D11RHI:   Driver Version: 385.41 (internal:22.21.13.8541, unified:385.41)
[2017.09.13-19.43.07:383][  0]LogD3D11RHI:      Driver Date: 8-21-2017
[2017.09.13-19.43.07:383][  0]LogRHI: Texture pool is 1361 MB (70% of 1945 MB)
[2017.09.13-19.43.08:089][  0]LogD3D11RHI: Async texture creation enabled
[2017.09.13-19.43.08:121][  0]LogD3D11RHI: GPU Timing Frequency: 1000.000000 (Debug: 2 1)
[2017.09.13-19.43.08:123][  0]LogShaderCompilers: Guid format shader working directory is 10 characters bigger than the processId version (../../../../../Unreal Projects/Plan-X/PlanX/Intermediate/Shaders/WorkingDirectory/13164/).
[2017.09.13-19.43.08:123][  0]LogShaderCompilers: Cleaned the shader compiler working directory 'C:/Users/Robert Forbes/AppData/Local/Temp/UnrealShaderWorkingDir/94D8450F46879D61A67574B64D544ED8/'.
[2017.09.13-19.43.08:124][  0]LogShaderCompilers: Display: Using Local Shader Compiler.
[2017.09.13-19.43.09:423][  0]LogTemp: Display: Loaded TP AllDesktopTargetPlatform
[2017.09.13-19.43.09:500][  0]LogTemp: Display: Loaded TP MacClientTargetPlatform
[2017.09.13-19.43.09:564][  0]LogTemp: Display: Loaded TP MacNoEditorTargetPlatform
[2017.09.13-19.43.09:680][  0]LogTemp: Display: Loaded TP MacServerTargetPlatform
[2017.09.13-19.43.09:813][  0]LogTemp: Display: Loaded TP MacTargetPlatform
[2017.09.13-19.43.09:925][  0]LogTemp: Display: Loaded TP WindowsClientTargetPlatform
[2017.09.13-19.43.10:046][  0]LogTemp: Display: Loaded TP WindowsNoEditorTargetPlatform
[2017.09.13-19.43.10:109][  0]LogTemp: Display: Loaded TP WindowsServerTargetPlatform
[2017.09.13-19.43.10:167][  0]LogTemp: Display: Loaded TP WindowsTargetPlatform
[2017.09.13-19.43.10:236][  0]LogTemp: Display: Loaded TP AndroidTargetPlatform
[2017.09.13-19.43.10:315][  0]LogTemp: Display: Loaded TP Android_ASTCTargetPlatform
[2017.09.13-19.43.10:381][  0]LogTemp: Display: Loaded TP Android_ATCTargetPlatform
[2017.09.13-19.43.10:443][  0]LogTemp: Display: Loaded TP Android_DXTTargetPlatform
[2017.09.13-19.43.10:498][  0]LogTemp: Display: Loaded TP Android_ETC1TargetPlatform
[2017.09.13-19.43.10:561][  0]LogTemp: Display: Loaded TP Android_ETC2TargetPlatform
[2017.09.13-19.43.10:698][  0]LogTemp: Display: Loaded TP Android_MultiTargetPlatform
[2017.09.13-19.43.10:698][  0]LogTemp: Display: Loaded TP Android_PVRTCTargetPlatform
[2017.09.13-19.43.10:744][  0]LogTemp: Display: Loaded TP HTML5TargetPlatform
[2017.09.13-19.43.10:850][  0]LogTemp: Display: Loaded TP IOSTargetPlatform
[2017.09.13-19.43.10:887][  0]LogTemp: Display: Loaded TP TVOSTargetPlatform
[2017.09.13-19.43.10:943][  0]LogTemp: Display: Loaded TP LinuxClientTargetPlatform
[2017.09.13-19.43.11:016][  0]LogTemp: Display: Loaded TP LinuxNoEditorTargetPlatform
[2017.09.13-19.43.11:087][  0]LogTemp: Display: Loaded TP LinuxServerTargetPlatform
[2017.09.13-19.43.11:165][  0]LogTemp: Display: Loaded TP LinuxTargetPlatform
[2017.09.13-19.43.11:165][  0]LogTargetPlatformManager: Display: Building Assets For Windows
[2017.09.13-19.43.11:759][  0]LogDerivedDataCache: Display: Max Cache Size: 512 MB
[2017.09.13-19.43.11:881][  0]LogDerivedDataCache: Loaded boot cache 0.12s 106MB C:/Users/Robert Forbes/AppData/Local/UnrealEngine/4.17/DerivedDataCache/Boot.ddc.
[2017.09.13-19.43.11:881][  0]LogDerivedDataCache: Display: Loaded Boot cache: C:/Users/Robert Forbes/AppData/Local/UnrealEngine/4.17/DerivedDataCache/Boot.ddc
[2017.09.13-19.43.11:881][  0]LogDerivedDataCache: FDerivedDataBackendGraph:  Pak pak cache file ../../../../../Unreal Projects/Plan-X/PlanX/DerivedDataCache/DDC.ddp not found, will not use a pak cache.
[2017.09.13-19.43.11:881][  0]LogDerivedDataCache: Unable to find inner node Pak for hierarchical cache Hierarchy.
[2017.09.13-19.43.11:881][  0]LogDerivedDataCache: FDerivedDataBackendGraph:  CompressedPak pak cache file ../../../../../Unreal Projects/Plan-X/PlanX/DerivedDataCache/Compressed.ddp not found, will not use a pak cache.
[2017.09.13-19.43.11:882][  0]LogDerivedDataCache: Unable to find inner node CompressedPak for hierarchical cache Hierarchy.
[2017.09.13-19.43.11:902][  0]LogDerivedDataCache: Display: Pak cache opened for reading ../../../Engine/DerivedDataCache/Compressed.ddp.
[2017.09.13-19.43.11:914][  0]LogDerivedDataCache: Using Local data cache path C:/Users/Robert Forbes/AppData/Local/UnrealEngine/Common/DerivedDataCache: Writable
[2017.09.13-19.43.11:925][  0]LogMaterial: Verifying Global Shaders for PCD3D_SM5
[2017.09.13-19.43.11:925][  0]LogSlate: Using Freetype 2.6.0
[2017.09.13-19.43.11:926][  0]LogSlate: SlateFontCache - WITH_FREETYPE: 1, WITH_HARFBUZZ: 1
[2017.09.13-19.43.11:926][  0]LogSlate: SlateFontCache - WITH_FREETYPE: 1, WITH_HARFBUZZ: 1
[2017.09.13-19.43.12:281][  0]LogAssetRegistry: FAssetRegistry took 0.0265 seconds to start up
[2017.09.13-19.43.12:404][  0]LogInit: Selected Device Profile: [Windows]
[2017.09.13-19.43.13:009][  0]LogSimplygon: Simplygon DLL not present - disabling.
[2017.09.13-19.43.13:109][  0]LogMeshReduction: Using SimplygonSwarm for distributed automatic mesh merging
[2017.09.13-19.43.13:109][  0]LogMeshReduction: Using QuadricMeshReduction for automatic static mesh reduction
[2017.09.13-19.43.13:109][  0]LogMeshReduction: No automatic skeletal mesh reduction module available
[2017.09.13-19.43.13:109][  0]LogMeshReduction: No automatic mesh merging module available
[2017.09.13-19.43.13:109][  0]LogMeshMerging: No automatic mesh merging module available
[2017.09.13-19.43.13:110][  0]LogContentStreaming: Texture pool size is 0.00 MB
[2017.09.13-19.43.13:623][  0]LogNetVersion: PlanX , NetCL: 3573198, EngineNetVer: 2, GameNetVer: 0 (Checksum: 4232075429)
[2017.09.13-19.43.14:229][  0]LogPackageLocalizationCache: Processed 4 localized package path(s) for 2 prioritized culture(s) in 0.274025 seconds
[2017.09.13-19.43.14:237][  0]LogUObjectArray: 35825 objects as part of root set at end of initial load.
[2017.09.13-19.43.14:237][  0]LogUObjectAllocator: 7529104 out of 0 bytes used by permanent object pool.
[2017.09.13-19.43.14:237][  0]LogUObjectArray: CloseDisregardForGC: 0/0 objects in disregard for GC pool
[2017.09.13-19.43.14:301][  0]LogInit: WinSock: version 1.1 (2.2), MaxSocks=32767, MaxUdp=65467
[2017.09.13-19.43.17:629][  0]LogTcpMessaging: Initializing TcpMessaging bridge
[2017.09.13-19.43.17:672][  0]LogUdpMessaging: Initializing bridge on interface 0.0.0.0:0 to multicast group 230.0.0.1:6666.
[2017.09.13-19.43.18:579][  0]SourceControl: Source control is disabled
[2017.09.13-19.43.18:579][  0]SourceControl: Source control is disabled
[2017.09.13-19.43.18:655][  0]SourceControl: Source control is disabled
[2017.09.13-19.43.18:710][  0]SourceControl: Source control is disabled
[2017.09.13-19.43.19:751][  0]LogAndroidPermission: UAndroidPermissionCallbackProxy::GetInstance
[2017.09.13-19.43.20:283][  0]LogAnsel: Tried to load ../../../Engine/Plugins/Runtime/Nvidia/Ansel/Binaries/ThirdParty/AnselSDK64.dll : success=1
[2017.09.13-19.43.20:362][  0]LogOcInput: OculusInput pre-init called
[2017.09.13-19.43.20:910][  0]LogEngine: Initializing Engine...
[2017.09.13-19.43.21:471][  0]LogHMD: SteamVR initialized.  Driver: lighthouse  Display: LHR-21CE5F1D
[2017.09.13-19.43.21:772][  0]LogStats: UGameplayTagsManager::ConstructGameplayTagTree: Construct from data asset -  0.000 s
[2017.09.13-19.43.21:772][  0]LogStats: UGameplayTagsManager::ConstructGameplayTagTree: GameplayTagTreeChangedEvent.Broadcast -  0.000 s
[2017.09.13-19.43.21:945][  0]LogAIModule: Creating AISystem for world Untitled
[2017.09.13-19.43.21:974][  0]LogInit: XAudio2 using 'REAL SPEAKERS!!!!!!!!!! (Realtek High Definition Audio)' : 2 channels at 48 kHz using 32 bits per sample (channel mask 0x3)
[2017.09.13-19.43.21:989][  0]LogInit: FAudioDevice initialized.
[2017.09.13-19.43.22:538][  0]LogDerivedDataCache: Saved boot cache 0.55s 106MB C:/Users/Robert Forbes/AppData/Local/UnrealEngine/4.17/DerivedDataCache/Boot.ddc.
[2017.09.13-19.43.22:551][  0]LogInit: Texture streaming: Enabled
[2017.09.13-19.43.22:672][  0]LogMaterial: Uniform references updated for custom material expression Custom.
[2017.09.13-19.43.23:001][  0]LogEngineSessionManager: EngineSessionManager initialized
[2017.09.13-19.43.23:290][  0]LogInit: Transaction tracking system initialized
[2017.09.13-19.43.23:799][  0]BlueprintLog: New page: Editor Load
[2017.09.13-19.43.24:864][  0]LocalizationService: Localization service is disabled
[2017.09.13-19.43.25:893][  0]LogConsoleResponse: Display: 
[2017.09.13-19.43.26:451][  0]LogCook: Display: Max memory allowance for cook 16384mb min free memory 0mb
[2017.09.13-19.43.26:451][  0]LogCook: Display: Mobile HDR setting 1
[2017.09.13-19.43.26:451][  0]LogGameplayTags: Display: UGameplayTagsManager::DoneAddingNativeTags. DelegateIsBound: 0
[2017.09.13-19.43.27:206][  0]LogFileCache: Scanning file cache for directory 'Q:/Unreal Projects/Plan-X/PlanX/Content/' took 0.15s
[2017.09.13-19.43.28:082][  0]SourceControl: Source control is disabled
[2017.09.13-19.43.28:082][  0]Cmd: MAP LOAD FILE="../../../../../Unreal Projects/Plan-X/PlanX/Content/Assets/Mapt_data/Challenge_Levels/Challange_L_1_0.umap" TEMPLATE=0 SHOWPROGRESS=1 FEATURELEVEL=3
[2017.09.13-19.43.28:083][  0]LightingResults: New page: Lighting Build
[2017.09.13-19.43.28:153][  0]MapCheck: New page: Map Check
[2017.09.13-19.43.28:153][  0]LightingResults: New page: Lighting Build
[2017.09.13-19.43.31:082][  0]LogAIModule: Creating AISystem for world Challange_L_1_0
[2017.09.13-19.43.31:180][  0]LogEditorServer: Finished looking for orphan Actors (0.000 secs)
[2017.09.13-19.43.31:203][  0]Cmd: MAP CHECKDEP NOCLEARLOG
[2017.09.13-19.43.31:281][  0]MapCheck: Map check complete: 0 Error(s), 0 Warning(s), took 77.599ms to complete.
[2017.09.13-19.43.31:281][  0]LogFileHelpers: Loading map 'Challange_L_1_0' took 3.199
[2017.09.13-19.43.31:947][  0]LogCollectionManager: Loaded 0 collections in 0.009313 seconds
[2017.09.13-19.43.32:144][  0]LogFileCache: Scanning file cache for directory 'Q:/Unreal Projects/Plan-X/PlanX/Saved/Collections/' took 0.01s
[2017.09.13-19.43.32:144][  0]LogFileCache: Scanning file cache for directory 'Q:/Unreal Projects/Plan-X/PlanX/Content/Developers/RobertForbes/Collections/' took 0.01s
[2017.09.13-19.43.32:144][  0]LogFileCache: Scanning file cache for directory 'Q:/Unreal Projects/Plan-X/PlanX/Content/Collections/' took 0.01s
[2017.09.13-19.43.32:144][  0]LogCollectionManager: Rebuilt the GUID cache for 0 collections in 0.000000 seconds
[2017.09.13-19.43.32:156][  0]LogContentBrowser: Native class hierarchy populated in 0.0099 seconds. Added 2337 classes and 483 folders.
[2017.09.13-19.43.32:254][  0]LogContentBrowser: Native class hierarchy updated for 'WidgetCarousel' in 0.0017 seconds. Added 0 classes and 0 folders.
[2017.09.13-19.43.33:556][  0]LogContentBrowser: Native class hierarchy updated for 'AddContentDialog' in 0.0009 seconds. Added 0 classes and 0 folders.
[2017.09.13-19.43.33:661][  0]LogContentBrowser: Native class hierarchy updated for 'SceneOutliner' in 0.0009 seconds. Added 1 classes and 2 folders.
[2017.09.13-19.43.34:021][  0]LogSlate: Took 0.000528 seconds to synchronously load lazily loaded font '../../../Engine/Content/Slate/Fonts/Roboto-Regular.ttf' (155K)
[2017.09.13-19.43.34:040][  0]LogSlate: Took 0.000426 seconds to synchronously load lazily loaded font '../../../Engine/Content/Slate/Fonts/Roboto-Bold.ttf' (160K)
[2017.09.13-19.43.34:102][  0]LogSlate: Took 0.033645 seconds to synchronously load lazily loaded font '../../../Engine/Content/Editor/Slate/Fonts/FontAwesome.ttf' (139K)
[2017.09.13-19.43.34:681][  0]LogRenderer: Reallocating scene render targets to support 1208x576 Format 26 NumSamples 1 (Frame:1).
[2017.09.13-19.43.35:025][  0]LogContentBrowser: Native class hierarchy updated for 'HierarchicalLODOutliner' in 0.0009 seconds. Added 1 classes and 2 folders.
[2017.09.13-19.43.35:025][  0]LogLoad: (Engine Initialization) Total time: 32.73 seconds
[2017.09.13-19.43.35:025][  0]LogLoad: (Engine Initialization) Total Blueprint compile time: 0.00 seconds
[2017.09.13-19.43.35:026][  0]LogExternalProfiler: Found external profiler: VSPerf
[2017.09.13-19.43.35:026][  0]LogExternalProfiler: Using external profiler: VSPerf
[2017.09.13-19.43.35:424][  0]LogContentStreaming: Texture pool size now 600 MB
[2017.09.13-19.43.35:699][  1]LogFileCache: Retrieving MD5 hashes for directory 'Q:/Unreal Projects/Plan-X/PlanX/Content/' took 0.31s
[2017.09.13-19.43.36:048][  2]LogAssetRegistry: Asset discovery search completed in 23.7887 seconds
[2017.09.13-19.43.36:050][  2]LogCollectionManager: Rebuilt the object cache for 0 collections in 0.000001 seconds (found 0 objects)
[2017.09.13-19.43.36:050][  2]LogCollectionManager: Fixed up redirectors for 0 collections in 0.000064 seconds (updated 0 objects)
[2017.09.13-19.43.39:965][ 13]LogSlate: Took 0.017984 seconds to synchronously load lazily loaded font '../../../Engine/Content/Slate/Fonts/Roboto-Light.ttf' (159K)
[2017.09.13-19.43.46:935][621]LogPlayLevel: PlayLevel: No blueprints needed recompiling
[2017.09.13-19.43.46:952][621]PIE: New page: PIE session: Challange_L_1_0 (Sep 13, 2017, 11:43:46 AM)
[2017.09.13-19.43.46:952][621]LogPlayLevel: Creating play world package: /Game/Assets/Mapt_data/Challenge_Levels/UEDPIE_0_Challange_L_1_0
[2017.09.13-19.43.46:961][621]LogPlayLevel: PIE: StaticDuplicateObject took: (0.008827s)
[2017.09.13-19.43.46:961][621]LogAIModule: Creating AISystem for world Challange_L_1_0
[2017.09.13-19.43.46:962][621]LogPlayLevel: PIE: World Init took: (0.000909s)
[2017.09.13-19.43.46:962][621]LogPlayLevel: PIE: Created PIE world by copying editor world from /Game/Assets/Mapt_data/Challenge_Levels/Challange_L_1_0.Challange_L_1_0 to /Game/Assets/Mapt_data/Challenge_Levels/UEDPIE_0_Challange_L_1_0.Challange_L_1_0 (0.010025s)
[2017.09.13-19.43.46:989][621]LogInit: XAudio2 using 'REAL SPEAKERS!!!!!!!!!! (Realtek High Definition Audio)' : 2 channels at 48 kHz using 32 bits per sample (channel mask 0x3)
[2017.09.13-19.43.47:000][621]LogInit: FAudioDevice initialized.
[2017.09.13-19.43.47:133][621]LogLoad: Game class is 'GameMode'
[2017.09.13-19.43.47:203][621]LogWorld: Bringing World /Game/Assets/Mapt_data/Challenge_Levels/UEDPIE_0_Challange_L_1_0.Challange_L_1_0 up for play (max tick rate 0) at 2017.09.13-15.43.47
[2017.09.13-19.43.47:212][621]LogWorld: Bringing up level for play took: 0.060005
[2017.09.13-19.43.47:304][621]LogContentBrowser: Native class hierarchy updated for 'MovieSceneCapture' in 0.0009 seconds. Added 11 classes and 0 folders.
[2017.09.13-19.43.47:305][621]LogGameMode: Display: Match State Changed from EnteringMap to WaitingToStart
[2017.09.13-19.43.47:305][621]LogGameState: Match State Changed from EnteringMap to WaitingToStart
[2017.09.13-19.43.47:305][621]LogGameMode: Display: Match State Changed from WaitingToStart to InProgress
[2017.09.13-19.43.47:413][621]LogGameState: Match State Changed from WaitingToStart to InProgress
[2017.09.13-19.43.47:417][621]PIE: Play in editor start time for /Game/Assets/Mapt_data/Challenge_Levels/UEDPIE_0_Challange_L_1_0 1.219
[2017.09.13-19.43.47:476][621]LogAnsel: We reckon 0.010000 meters to 1 world unit
[2017.09.13-19.43.47:519][622]LogRenderer: Reallocating scene render targets to support 3024x1680 Format 26 NumSamples 1 (Frame:1).
[2017.09.13-19.44.02:368][946]LogSteamVRController: Controller role for device 3 is 0 (invalid=0, left=1, right=2).
[2017.09.13-19.44.02:368][946]LogSteamVRController: Warning: Controller device 3 has no role set.  There is no 'right' controller according to steamvr, so we are pickign that.
[2017.09.13-19.44.03:486][ 46]LogSteamVRController: Controller role for device 4 is 0 (invalid=0, left=1, right=2).
[2017.09.13-19.44.03:486][ 46]LogSteamVRController: Putting controller 4 on the left hand because there is already a controller for the right.
[2017.09.13-19.44.59:907][101]LogEditorViewport: Clicking on Actor (LMB): DestructibleActor (Level_packet_Target_DM)
[2017.09.13-19.45.00:828][114]LogEditorViewport: Clicking on Actor (LMB): DestructibleActor (Level_packet_Target_DM)
[2017.09.13-19.45.01:644][195]Cmd: DELETE
[2017.09.13-19.45.01:644][195]Cmd: ACTOR DELETE
[2017.09.13-19.45.01:771][195]LogEditorActor: Deleted Actor: DestructibleActor
[2017.09.13-19.45.01:804][195]LogEditorActor: Deleted 1 Actors (0.121 secs)
[2017.09.13-19.45.04:802][539]LogPlayLevel: PlayLevel: No blueprints needed recompiling
[2017.09.13-19.45.04:802][539]PIE: New page: PIE session: Challange_L_1_0 (Sep 13, 2017, 11:45:04 AM)
[2017.09.13-19.45.04:802][539]LogPlayLevel: Creating play world package: /Game/Assets/Mapt_data/Challenge_Levels/UEDPIE_0_Challange_L_1_0
[2017.09.13-19.45.04:817][539]LogPlayLevel: PIE: StaticDuplicateObject took: (0.014854s)
[2017.09.13-19.45.04:818][539]LogAIModule: Creating AISystem for world Challange_L_1_0
[2017.09.13-19.45.04:818][539]LogPlayLevel: PIE: World Init took: (0.000852s)
[2017.09.13-19.45.04:818][539]LogPlayLevel: PIE: Created PIE world by copying editor world from /Game/Assets/Mapt_data/Challenge_Levels/Challange_L_1_0.Challange_L_1_0 to /Game/Assets/Mapt_data/Challenge_Levels/UEDPIE_0_Challange_L_1_0.Challange_L_1_0 (0.016033s)
[2017.09.13-19.45.04:845][539]LogInit: XAudio2 using 'REAL SPEAKERS!!!!!!!!!! (Realtek High Definition Audio)' : 2 channels at 48 kHz using 32 bits per sample (channel mask 0x3)
[2017.09.13-19.45.04:855][539]LogInit: FAudioDevice initialized.
[2017.09.13-19.45.04:944][539]LogLoad: Game class is 'GameMode'
[2017.09.13-19.45.04:945][539]LogWorld: Bringing World /Game/Assets/Mapt_data/Challenge_Levels/UEDPIE_0_Challange_L_1_0.Challange_L_1_0 up for play (max tick rate 0) at 2017.09.13-15.45.04
[2017.09.13-19.45.04:946][539]LogWorld: Bringing up level for play took: 0.001544
[2017.09.13-19.45.04:946][539]LogGameMode: Display: Match State Changed from EnteringMap to WaitingToStart
[2017.09.13-19.45.04:946][539]LogGameState: Match State Changed from EnteringMap to WaitingToStart
[2017.09.13-19.45.04:946][539]LogGameMode: Display: Match State Changed from WaitingToStart to InProgress
[2017.09.13-19.45.04:948][539]LogGameState: Match State Changed from WaitingToStart to InProgress
[2017.09.13-19.45.04:954][539]PIE: Play in editor start time for /Game/Assets/Mapt_data/Challenge_Levels/UEDPIE_0_Challange_L_1_0 0.755
[2017.09.13-19.45.33:424][ 98]LogSlate: Took 0.032809 seconds to synchronously load lazily loaded font '../../../Engine/Content/Slate/Fonts/Roboto-Light.ttf' (159K)
[2017.09.13-19.45.34:164][ 98]LogSavePackage: Save=98.29ms
[2017.09.13-19.45.34:164][ 98]LogSavePackage: Moving '../../../../../Unreal Projects/Plan-X/PlanX/Saved/Challange_L_1_018A5A40D4F93F3E8C81035AAED3CD217.tmp' to '../../../../../Unreal Projects/Plan-X/PlanX/Content/Assets/Mapt_data/Challenge_Levels/Challange_L_1_0.umap'
[2017.09.13-19.45.34:184][ 98]LogSavePackage: Display: Finished SavePackage ../../../../../Unreal Projects/Plan-X/PlanX/Content/Assets/Mapt_data/Challenge_Levels/Challange_L_1_0.umap
[2017.09.13-19.45.36:190][ 98]LogSlate: Took 0.058977 seconds to synchronously load lazily loaded font '../../../Engine/Content/Slate/Fonts/Roboto-Regular.ttf' (155K)
[2017.09.13-19.45.36:971][ 98]LogSavePackage: Save=2614.76ms
[2017.09.13-19.45.36:971][ 98]LogSavePackage: Moving '../../../../../Unreal Projects/Plan-X/PlanX/Saved/Challange_L_1_0_BuiltDataA83AC5364605E6774437808F078E17D4.tmp' to '../../../../../Unreal Projects/Plan-X/PlanX/Content/Assets/Mapt_data/Challenge_Levels/Challange_L_1_0_BuiltData.uasset'
[2017.09.13-19.45.36:996][ 98]LogSavePackage: Display: Finished SavePackage ../../../../../Unreal Projects/Plan-X/PlanX/Content/Assets/Mapt_data/Challenge_Levels/Challange_L_1_0_BuiltData.uasset
[2017.09.13-19.45.39:386][109]LogEditorViewport: Clicking on Actor (LMB): StaticMeshActor (Floor_Ceiling)
[2017.09.13-19.45.44:472][477]LogAIModule: Creating AISystem for world HubWord
[2017.09.13-19.45.44:497][477]Cmd: MAP LOAD FILE="../../../../../Unreal Projects/Plan-X/PlanX/Content/Assets/Mapt_data/HubWord/HubWord.umap" TEMPLATE=0 SHOWPROGRESS=1 FEATURELEVEL=3
[2017.09.13-19.45.44:497][477]LightingResults: New page: Lighting Build
[2017.09.13-19.45.44:498][477]LoadErrors: New page: Loading map: HubWord.umap
[2017.09.13-19.45.44:499][477]MapCheck: New page: Map Check
[2017.09.13-19.45.44:499][477]LightingResults: New page: Lighting Build
[2017.09.13-19.45.44:670][477]LogEditorServer: Finished looking for orphan Actors (0.000 secs)
[2017.09.13-19.45.44:721][477]Cmd: MAP CHECKDEP NOCLEARLOG
[2017.09.13-19.45.46:629][477]MapCheck: Map check complete: 0 Error(s), 0 Warning(s), took 1,907.714ms to complete.
[2017.09.13-19.45.46:630][477]LogFileHelpers: Loading map 'HubWord' took 2.133
[2017.09.13-19.45.49:482][785]LogPlayLevel: PlayLevel: No blueprints needed recompiling
[2017.09.13-19.45.49:483][785]PIE: New page: PIE session: HubWord (Sep 13, 2017, 11:45:49 AM)
[2017.09.13-19.45.49:483][785]LogPlayLevel: Creating play world package: /Game/Assets/Mapt_data/HubWord/UEDPIE_0_HubWord
[2017.09.13-19.45.49:505][785]LogPlayLevel: PIE: StaticDuplicateObject took: (0.021759s)
[2017.09.13-19.45.49:505][785]LogAIModule: Creating AISystem for world HubWord
[2017.09.13-19.45.49:506][785]LogPlayLevel: PIE: World Init took: (0.000934s)
[2017.09.13-19.45.49:506][785]LogPlayLevel: PIE: Created PIE world by copying editor world from /Game/Assets/Mapt_data/HubWord/HubWord.HubWord to /Game/Assets/Mapt_data/HubWord/UEDPIE_0_HubWord.HubWord (0.023021s)
[2017.09.13-19.45.49:530][785]LogInit: XAudio2 using 'REAL SPEAKERS!!!!!!!!!! (Realtek High Definition Audio)' : 2 channels at 48 kHz using 32 bits per sample (channel mask 0x3)
[2017.09.13-19.45.49:540][785]LogInit: FAudioDevice initialized.
[2017.09.13-19.45.49:626][785]LogLoad: Game class is 'GameMode'
[2017.09.13-19.45.49:628][785]LogWorld: Bringing World /Game/Assets/Mapt_data/HubWord/UEDPIE_0_HubWord.HubWord up for play (max tick rate 0) at 2017.09.13-15.45.49
[2017.09.13-19.45.49:628][785]LogWorld: Bringing up level for play took: 0.001660
[2017.09.13-19.45.49:629][785]LogGameMode: Display: Match State Changed from EnteringMap to WaitingToStart
[2017.09.13-19.45.49:629][785]LogGameState: Match State Changed from EnteringMap to WaitingToStart
[2017.09.13-19.45.49:629][785]LogGameMode: Display: Match State Changed from WaitingToStart to InProgress
[2017.09.13-19.45.49:646][785]LogGameState: Match State Changed from WaitingToStart to InProgress
[2017.09.13-19.45.49:652][785]PIE: Play in editor start time for /Game/Assets/Mapt_data/HubWord/UEDPIE_0_HubWord -0.547
[2017.09.13-19.50.00:794][281]LogPlayLevel: PlayLevel: No blueprints needed recompiling
[2017.09.13-19.50.00:795][281]PIE: New page: PIE session: HubWord (Sep 13, 2017, 11:50:00 AM)
[2017.09.13-19.50.00:795][281]LogPlayLevel: Creating play world package: /Game/Assets/Mapt_data/HubWord/UEDPIE_0_HubWord
[2017.09.13-19.50.00:822][281]LogPlayLevel: PIE: StaticDuplicateObject took: (0.027012s)
[2017.09.13-19.50.00:823][281]LogAIModule: Creating AISystem for world HubWord
[2017.09.13-19.50.00:823][281]LogPlayLevel: PIE: World Init took: (0.000841s)
[2017.09.13-19.50.00:823][281]LogPlayLevel: PIE: Created PIE world by copying editor world from /Game/Assets/Mapt_data/HubWord/HubWord.HubWord to /Game/Assets/Mapt_data/HubWord/UEDPIE_0_HubWord.HubWord (0.028233s)
[2017.09.13-19.50.00:853][281]LogInit: XAudio2 using 'REAL SPEAKERS!!!!!!!!!! (Realtek High Definition Audio)' : 2 channels at 48 kHz using 32 bits per sample (channel mask 0x3)
[2017.09.13-19.50.00:864][281]LogInit: FAudioDevice initialized.
[2017.09.13-19.50.01:972][281]LogHMD: SteamVR initialized.  Driver: lighthouse  Display: LHR-21CE5F1D
[2017.09.13-19.50.02:021][281]LogLoad: Game class is 'GameMode'
[2017.09.13-19.50.02:022][281]LogWorld: Bringing World /Game/Assets/Mapt_data/HubWord/UEDPIE_0_HubWord.HubWord up for play (max tick rate 0) at 2017.09.13-15.50.02
[2017.09.13-19.50.02:023][281]LogWorld: Bringing up level for play took: 0.001593
[2017.09.13-19.50.02:023][281]LogGameMode: Display: Match State Changed from EnteringMap to WaitingToStart
[2017.09.13-19.50.02:023][281]LogGameState: Match State Changed from EnteringMap to WaitingToStart
[2017.09.13-19.50.02:023][281]LogGameMode: Display: Match State Changed from WaitingToStart to InProgress
[2017.09.13-19.50.02:026][281]LogGameState: Match State Changed from WaitingToStart to InProgress
[2017.09.13-19.50.02:031][281]PIE: Play in editor start time for /Game/Assets/Mapt_data/HubWord/UEDPIE_0_HubWord 1.832
[2017.09.13-19.51.46:241][638]Cmd: QUIT_EDITOR
[2017.09.13-19.51.46:922][638]LogWindowsTextInputMethodSystem: Display: IME system now deactivated.
[2017.09.13-19.51.46:933][638]LogExit: Preparing to exit.
[2017.09.13-19.51.48:110][638]LogDirectoryWatcher: A directory notification for 'Q:/Unreal Projects/Plan-X/PlanX/Content/' was aborted.
[2017.09.13-19.51.48:156][638]LogExit: Editor shut down
[2017.09.13-19.51.48:159][638]LogExit: Transaction tracking system shut down
[2017.09.13-19.51.48:359][638]LogDirectoryWatcher: A directory notification for '../../../Engine/Content/' was aborted.
[2017.09.13-19.51.48:359][638]LogDirectoryWatcher: A directory notification for '../../../../../Unreal Projects/Plan-X/PlanX/Content/' was aborted.
[2017.09.13-19.51.48:359][638]LogDirectoryWatcher: A directory notification for '../../../Engine/Plugins/Runtime/Oculus/OculusVR/Content/' was aborted.
[2017.09.13-19.51.48:359][638]LogDirectoryWatcher: A directory notification for '../../../Engine/Plugins/Runtime/Steam/SteamVR/Content/' was aborted.
[2017.09.13-19.51.48:421][638]LogExit: Object subsystem successfully closed.
[2017.09.13-19.51.48:441][638]LogD3D11RHI: Shutdown
[2017.09.13-19.51.48:441][638]LogD3D11RHI: CleanupD3DDevice
[2017.09.13-19.51.48:444][638]LogD3D11RHI: ~FD3D11DynamicRHI
[2017.09.13-19.51.48:451][638]LogModuleManager: Shutting down and abandoning module MovieSceneCapture (524)
[2017.09.13-19.51.48:451][638]LogModuleManager: Shutting down and abandoning module HierarchicalLODOutliner (522)
[2017.09.13-19.51.48:451][638]LogModuleManager: Shutting down and abandoning module SceneOutliner (520)
[2017.09.13-19.51.48:452][638]LogModuleManager: Shutting down and abandoning module AddContentDialog (518)
[2017.09.13-19.51.48:452][638]LogDirectoryWatcher: A directory notification for 'Q:/Unreal Engine/UE_4.17/FeaturePacks/' was aborted.
[2017.09.13-19.51.48:452][638]LogModuleManager: Shutting down and abandoning module WidgetCarousel (517)
[2017.09.13-19.51.48:452][638]LogModuleManager: Shutting down and abandoning module EditorWidgets (514)
[2017.09.13-19.51.48:452][638]LogModuleManager: Shutting down and abandoning module CollectionManager (512)
[2017.09.13-19.51.48:452][638]LogDirectoryWatcher: A directory notification for 'Q:/Unreal Projects/Plan-X/PlanX/Content/Collections/' was aborted.
[2017.09.13-19.51.48:452][638]LogDirectoryWatcher: A directory notification for 'Q:/Unreal Projects/Plan-X/PlanX/Content/Developers/RobertForbes/Collections/' was aborted.
[2017.09.13-19.51.48:453][638]LogDirectoryWatcher: A directory notification for 'Q:/Unreal Projects/Plan-X/PlanX/Saved/Collections/' was aborted.
[2017.09.13-19.51.48:453][638]LogModuleManager: Shutting down and abandoning module StatsViewer (510)
[2017.09.13-19.51.48:453][638]LogModuleManager: Shutting down and abandoning module FoliageEdit (508)
[2017.09.13-19.51.48:453][638]LogModuleManager: Shutting down and abandoning module LandscapeEditor (506)
[2017.09.13-19.51.48:453][638]LogModuleManager: Shutting down and abandoning module MeshPaintMode (504)
[2017.09.13-19.51.48:453][638]LogModuleManager: Shutting down and abandoning module MeshPaint (503)
[2017.09.13-19.51.48:453][638]LogModuleManager: Shutting down and abandoning module SceneDepthPickerMode (500)
[2017.09.13-19.51.48:453][638]LogModuleManager: Shutting down and abandoning module ActorPickerMode (498)
[2017.09.13-19.51.48:453][638]LogModuleManager: Shutting down and abandoning module GeometryMode (496)
[2017.09.13-19.51.48:453][638]LogModuleManager: Shutting down and abandoning module TextureAlignMode (494)
[2017.09.13-19.51.48:453][638]LogModuleManager: Shutting down and abandoning module BspMode (492)
[2017.09.13-19.51.48:453][638]LogModuleManager: Shutting down and abandoning module PIEPreviewDeviceProfileSelector (490)
[2017.09.13-19.51.48:453][638]LogModuleManager: Shutting down and abandoning module HardwareSurvey (488)
[2017.09.13-19.51.48:453][638]LogModuleManager: Shutting down and abandoning module SequenceRecorderSections (486)
[2017.09.13-19.51.48:453][638]LogModuleManager: Shutting down and abandoning module AutomationWorker (484)
[2017.09.13-19.51.48:453][638]LogModuleManager: Shutting down and abandoning module MatineeToLevelSequence (482)
[2017.09.13-19.51.48:453][638]LogModuleManager: Shutting down and abandoning module LevelSequenceEditor (480)
[2017.09.13-19.51.48:453][638]LogModuleManager: Shutting down and abandoning module PlacementMode (479)
[2017.09.13-19.51.48:453][638]LogModuleManager: Shutting down and abandoning module WmfMediaFactory (476)
[2017.09.13-19.51.48:453][638]LogModuleManager: Shutting down and abandoning module WmfMediaEditor (474)
[2017.09.13-19.51.48:453][638]LogModuleManager: Shutting down and abandoning module AvfMediaFactory (472)
[2017.09.13-19.51.48:453][638]LogModuleManager: Shutting down and abandoning module AvfMediaEditor (470)
[2017.09.13-19.51.48:453][638]LogModuleManager: Shutting down and abandoning module AndroidMediaFactory (468)
[2017.09.13-19.51.48:453][638]LogModuleManager: Shutting down and abandoning module Media (467)
[2017.09.13-19.51.48:453][638]LogModuleManager: Shutting down and abandoning module AndroidMediaEditor (464)
[2017.09.13-19.51.48:453][638]LogModuleManager: Shutting down and abandoning module CharacterAI (462)
[2017.09.13-19.51.48:453][638]LogModuleManager: Shutting down and abandoning module AudioCapture (460)
[2017.09.13-19.51.48:453][638]LogModuleManager: Shutting down and abandoning module SequenceRecorder (459)
[2017.09.13-19.51.48:453][638]LogModuleManager: Shutting down and abandoning module SessionServices (456)
[2017.09.13-19.51.48:453][638]LogModuleManager: Shutting down and abandoning module ViewportSnapping (454)
[2017.09.13-19.51.48:453][638]LogModuleManager: Shutting down and abandoning module ViewportInteraction (452)
[2017.09.13-19.51.48:453][638]LogModuleManager: Shutting down and abandoning module ClothPainter (450)
[2017.09.13-19.51.48:454][638]LogModuleManager: Shutting down and abandoning module LogVisualizer (448)
[2017.09.13-19.51.48:454][638]LogModuleManager: Shutting down and abandoning module IntroTutorials (446)
[2017.09.13-19.51.48:454][638]LogModuleManager: Shutting down and abandoning module GameProjectGeneration (445)
[2017.09.13-19.51.48:454][638]LogModuleManager: Shutting down and abandoning module IOSPlatformEditor (442)
[2017.09.13-19.51.48:454][638]LogModuleManager: Shutting down and abandoning module HTML5PlatformEditor (440)
[2017.09.13-19.51.48:454][638]LogModuleManager: Shutting down and abandoning module AndroidPlatformEditor (438)
[2017.09.13-19.51.48:454][638]LogModuleManager: Shutting down and abandoning module AndroidDeviceDetection (437)
[2017.09.13-19.51.48:766][638]LogModuleManager: Shutting down and abandoning module WindowsPlatformEditor (434)
[2017.09.13-19.51.48:766][638]LogModuleManager: Shutting down and abandoning module IOSRuntimeSettings (432)
[2017.09.13-19.51.48:766][638]LogModuleManager: Shutting down and abandoning module AndroidRuntimeSettings (430)
[2017.09.13-19.51.48:766][638]LogModuleManager: Shutting down and abandoning module InputBindingEditor (428)
[2017.09.13-19.51.48:766][638]LogModuleManager: Shutting down and abandoning module MergeActors (426)
[2017.09.13-19.51.48:766][638]LogModuleManager: Shutting down and abandoning module SizeMap (424)
[2017.09.13-19.51.48:766][638]LogModuleManager: Shutting down and abandoning module TreeMap (422)
[2017.09.13-19.51.48:766][638]LogModuleManager: Shutting down and abandoning module ReferenceViewer (420)
[2017.09.13-19.51.48:766][638]LogModuleManager: Shutting down and abandoning module LocalizationDashboard (418)
[2017.09.13-19.51.48:766][638]LogModuleManager: Shutting down and abandoning module LocalizationService (417)
[2017.09.13-19.51.48:766][638]LogModuleManager: Shutting down and abandoning module HardwareTargeting (414)
[2017.09.13-19.51.48:766][638]LogModuleManager: Shutting down and abandoning module DeviceProfileEditor (412)
[2017.09.13-19.51.48:766][638]LogModuleManager: Shutting down and abandoning module UndoHistory (410)
[2017.09.13-19.51.48:766][638]LogModuleManager: Shutting down and abandoning module XmlParser (408)
[2017.09.13-19.51.48:766][638]LogModuleManager: Shutting down and abandoning module Blutility (406)
[2017.09.13-19.51.48:766][638]LogModuleManager: Shutting down and abandoning module ProjectSettingsViewer (404)
[2017.09.13-19.51.48:766][638]LogModuleManager: Shutting down and abandoning module ProjectTargetPlatformEditor (403)
[2017.09.13-19.51.48:766][638]LogModuleManager: Shutting down and abandoning module EditorSettingsViewer (400)
[2017.09.13-19.51.48:766][638]LogModuleManager: Shutting down and abandoning module SettingsEditor (398)
[2017.09.13-19.51.48:766][638]LogModuleManager: Shutting down and abandoning module ProjectLauncher (396)
[2017.09.13-19.51.48:766][638]LogModuleManager: Shutting down and abandoning module SessionFrontend (394)
[2017.09.13-19.51.48:766][638]LogModuleManager: Shutting down and abandoning module ProfilerClient (392)
[2017.09.13-19.51.48:766][638]LogModuleManager: Shutting down and abandoning module DeviceManager (390)
[2017.09.13-19.51.48:766][638]LogModuleManager: Shutting down and abandoning module TargetDeviceServices (389)
[2017.09.13-19.51.48:823][638]LogModuleManager: Shutting down and abandoning module AutomationController (386)
[2017.09.13-19.51.48:823][638]LogModuleManager: Shutting down and abandoning module AutomationWindow (384)
[2017.09.13-19.51.48:823][638]LogModuleManager: Shutting down and abandoning module Layers (382)
[2017.09.13-19.51.48:823][638]LogModuleManager: Shutting down and abandoning module ComponentVisualizers (380)
[2017.09.13-19.51.48:823][638]LogModuleManager: Shutting down and abandoning module DetailCustomizations (378)
[2017.09.13-19.51.48:823][638]LogModuleManager: Shutting down and abandoning module PackagesDialog (376)
[2017.09.13-19.51.48:824][638]LogModuleManager: Shutting down and abandoning module Persona (374)
[2017.09.13-19.51.48:824][638]LogModuleManager: Shutting down and abandoning module AdvancedPreviewScene (373)
[2017.09.13-19.51.48:824][638]LogModuleManager: Shutting down and abandoning module AnimGraph (371)
[2017.09.13-19.51.48:824][638]LogModuleManager: Shutting down and abandoning module Kismet (368)
[2017.09.13-19.51.48:825][638]LogModuleManager: Shutting down and abandoning module LevelEditor (367)
[2017.09.13-19.51.48:826][638]LogModuleManager: Shutting down and abandoning module PixelInspectorModule (366)
[2017.09.13-19.51.48:826][638]LogModuleManager: Shutting down and abandoning module ClassViewer (362)
[2017.09.13-19.51.48:826][638]LogModuleManager: Shutting down and abandoning module Toolbox (360)
[2017.09.13-19.51.48:826][638]LogModuleManager: Shutting down and abandoning module ModuleUI (358)
[2017.09.13-19.51.48:826][638]LogModuleManager: Shutting down and abandoning module MovieSceneTools (356)
[2017.09.13-19.51.48:826][638]LogModuleManager: Shutting down and abandoning module OutputLog (354)
[2017.09.13-19.51.48:826][638]LogModuleManager: Shutting down and abandoning module GammaUI (352)
[2017.09.13-19.51.48:826][638]LogModuleManager: Shutting down and abandoning module Documentation (350)
[2017.09.13-19.51.48:826][638]LogModuleManager: Shutting down and abandoning module MovieSceneTracks (348)
[2017.09.13-19.51.48:826][638]LogModuleManager: Shutting down and abandoning module MovieScene (346)
[2017.09.13-19.51.48:826][638]LogModuleManager: Shutting down and abandoning module Niagara (344)
[2017.09.13-19.51.48:826][638]LogModuleManager: Shutting down and abandoning module NiagaraEditor (343)
[2017.09.13-19.51.48:826][638]LogModuleManager: Shutting down and abandoning module StreamingPauseRendering (340)
[2017.09.13-19.51.48:826][638]LogModuleManager: Shutting down and abandoning module LauncherPlatform (338)
[2017.09.13-19.51.48:826][638]LogModuleManager: Shutting down and abandoning module AnalyticsET (336)
[2017.09.13-19.51.48:826][638]LogModuleManager: Shutting down and abandoning module PortalServices (334)
[2017.09.13-19.51.48:826][638]LogModuleManager: Shutting down and abandoning module PortalRpc (332)
[2017.09.13-19.51.48:826][638]LogModuleManager: Shutting down and abandoning module MessagingRpc (330)
[2017.09.13-19.51.48:826][638]LogModuleManager: Shutting down and abandoning module AIModule (328)
[2017.09.13-19.51.48:826][638]LogModuleManager: Shutting down and abandoning module GameplayDebugger (327)
[2017.09.13-19.51.48:826][638]LogModuleManager: Shutting down and abandoning module AITestSuite (325)
[2017.09.13-19.51.48:826][638]LogModuleManager: Shutting down and abandoning module ProfilerService (322)
[2017.09.13-19.51.49:005][638]LogModuleManager: Shutting down and abandoning module TaskGraph (320)
[2017.09.13-19.51.49:005][638]LogModuleManager: Shutting down and abandoning module SteamVRController (318)
[2017.09.13-19.51.49:005][638]LogModuleManager: Shutting down and abandoning module ProceduralMeshComponentEditor (316)
[2017.09.13-19.51.49:005][638]LogModuleManager: Shutting down and abandoning module ProceduralMeshComponent (314)
[2017.09.13-19.51.49:005][638]LogModuleManager: Shutting down and abandoning module OculusInput (312)
[2017.09.13-19.51.49:005][638]LogModuleManager: Shutting down and abandoning module Ansel (310)
[2017.09.13-19.51.49:005][638]LogModuleManager: Shutting down and abandoning module MobilePatchingUtils (308)
[2017.09.13-19.51.49:005][638]LogModuleManager: Shutting down and abandoning module CustomMeshComponent (306)
[2017.09.13-19.51.49:005][638]LogModuleManager: Shutting down and abandoning module CableComponent (304)
[2017.09.13-19.51.49:005][638]LogModuleManager: Shutting down and abandoning module ArchVisCharacter (302)
[2017.09.13-19.51.49:005][638]LogModuleManager: Shutting down and abandoning module AndroidPermission (300)
[2017.09.13-19.51.49:005][638]LogModuleManager: Shutting down and abandoning module MediaPlayerEditor (296)
[2017.09.13-19.51.49:005][638]LogModuleManager: Shutting down and abandoning module HTML5Networking (294)
[2017.09.13-19.51.49:005][638]LogModuleManager: Shutting down and abandoning module AlembicImporter (292)
[2017.09.13-19.51.49:005][638]LogModuleManager: Shutting down and abandoning module AlembicLibrary (291)
[2017.09.13-19.51.49:005][638]LogModuleManager: Shutting down and abandoning module GeometryCache (290)
[2017.09.13-19.51.49:005][638]LogModuleManager: Shutting down and abandoning module GeometryCacheEd (289)
[2017.09.13-19.51.49:005][638]LogModuleManager: Shutting down and abandoning module SpeedTreeImporter (284)
[2017.09.13-19.51.49:005][638]LogModuleManager: Shutting down and abandoning module PluginBrowser (282)
[2017.09.13-19.51.49:005][638]LogModuleManager: Shutting down and abandoning module MainFrame (281)
[2017.09.13-19.51.49:005][638]LogModuleManager: Shutting down and abandoning module MobileLauncherProfileWizard (278)
[2017.09.13-19.51.49:005][638]LogModuleManager: Shutting down and abandoning module VisualStudioSourceCodeAccess (276)
[2017.09.13-19.51.49:005][638]LogModuleManager: Shutting down and abandoning module DesktopPlatform (275)
[2017.09.13-19.51.49:005][638]LogModuleManager: Shutting down and abandoning module HotReload (273)
[2017.09.13-19.51.49:006][638]LogModuleManager: Shutting down and abandoning module UObjectPlugin (270)
[2017.09.13-19.51.49:006][638]LogModuleManager: Shutting down and abandoning module SubversionSourceControl (268)
[2017.09.13-19.51.49:006][638]LogModuleManager: Shutting down and abandoning module PerforceSourceControl (266)
[2017.09.13-19.51.49:006][638]LogModuleManager: Shutting down and abandoning module GitSourceControl (264)
[2017.09.13-19.51.49:006][638]LogModuleManager: Shutting down and abandoning module SourceControl (263)
[2017.09.13-19.51.49:006][638]LogModuleManager: Shutting down and abandoning module LightPropagationVolumeEditor (260)
[2017.09.13-19.51.49:006][638]LogModuleManager: Shutting down and abandoning module RuntimePhysXCooking (258)
[2017.09.13-19.51.49:006][638]LogModuleManager: Shutting down and abandoning module PhysXVehiclesEditor (256)
[2017.09.13-19.51.49:006][638]LogModuleManager: Shutting down and abandoning module PhysXVehicles (254)
[2017.09.13-19.51.49:006][638]LogModuleManager: Shutting down and abandoning module OculusEditor (252)
[2017.09.13-19.51.49:006][638]LogModuleManager: Shutting down and abandoning module LocationServicesBPLibrary (250)
[2017.09.13-19.51.49:006][638]LogModuleManager: Shutting down and abandoning module ImmediatePhysicsEditor (248)
[2017.09.13-19.51.49:006][638]LogModuleManager: Shutting down and abandoning module ImmediatePhysics (246)
[2017.09.13-19.51.49:006][638]LogModuleManager: Shutting down and abandoning module UdpMessaging (244)
[2017.09.13-19.51.49:107][638]LogModuleManager: Shutting down and abandoning module TcpMessaging (242)
[2017.09.13-19.51.49:207][638]LogModuleManager: Shutting down and abandoning module GameplayTagsEditor (240)
[2017.09.13-19.51.49:207][638]LogModuleManager: Shutting down and abandoning module FacialAnimationEditor (238)
[2017.09.13-19.51.49:207][638]LogModuleManager: Shutting down and abandoning module FacialAnimation (236)
[2017.09.13-19.51.49:207][638]LogModuleManager: Shutting down and abandoning module AssetManagerEditor (234)
[2017.09.13-19.51.49:207][638]LogModuleManager: Shutting down and abandoning module GraphEditor (233)
[2017.09.13-19.51.49:207][638]LogModuleManager: Shutting down and abandoning module ContentBrowser (231)
[2017.09.13-19.51.49:210][638]LogModuleManager: Shutting down and abandoning module LightPropagationVolumeRuntime (228)
[2017.09.13-19.51.49:210][638]LogModuleManager: Shutting down and abandoning module WindowsMoviePlayer (226)
[2017.09.13-19.51.49:210][638]LogModuleManager: Shutting down and abandoning module WmfMedia (224)
[2017.09.13-19.51.49:210][638]LogModuleManager: Shutting down and abandoning module PacketHandler (222)
[2017.09.13-19.51.49:210][638]LogModuleManager: Shutting down and abandoning module ClothingSystemEditor (220)
[2017.09.13-19.51.49:210][638]LogModuleManager: Shutting down and abandoning module ClothingSystemRuntime (218)
[2017.09.13-19.51.49:210][638]LogModuleManager: Shutting down and abandoning module Overlay (216)
[2017.09.13-19.51.49:210][638]LogModuleManager: Shutting down and abandoning module OverlayEditor (215)
[2017.09.13-19.51.49:210][638]LogModuleManager: Shutting down and abandoning module MediaAssets (212)
[2017.09.13-19.51.49:210][638]LogModuleManager: Shutting down and abandoning module VREditor (210)
[2017.09.13-19.51.49:210][638]LogModuleManager: Shutting down and abandoning module StringTableEditor (208)
[2017.09.13-19.51.49:210][638]LogModuleManager: Shutting down and abandoning module GameplayTasksEditor (206)
[2017.09.13-19.51.49:210][638]LogModuleManager: Shutting down and abandoning module BehaviorTreeEditor (204)
[2017.09.13-19.51.49:210][638]LogModuleManager: Shutting down and abandoning module FunctionalTesting (202)
[2017.09.13-19.51.49:210][638]LogModuleManager: Shutting down and abandoning module CollisionAnalyzer (200)
[2017.09.13-19.51.49:210][638]LogModuleManager: Shutting down and abandoning module WorkspaceMenuStructure (199)
[2017.09.13-19.51.49:210][638]LogModuleManager: Shutting down and abandoning module UMG (196)
[2017.09.13-19.51.49:210][638]LogModuleManager: Shutting down and abandoning module UMGEditor (195)
[2017.09.13-19.51.49:210][638]LogModuleManager: Shutting down and abandoning module Sequencer (194)
[2017.09.13-19.51.49:211][638]LogModuleManager: Shutting down and abandoning module MessageLog (191)
[2017.09.13-19.51.49:211][638]LogModuleManager: Shutting down and abandoning module SlateReflector (186)
[2017.09.13-19.51.49:211][638]LogModuleManager: Shutting down and abandoning module Slate (184)
[2017.09.13-19.51.49:211][638]LogModuleManager: Shutting down and abandoning module EditorStyle (182)
[2017.09.13-19.51.49:212][638]LogModuleManager: Shutting down and abandoning module MRMesh (180)
[2017.09.13-19.51.49:212][638]LogModuleManager: Shutting down and abandoning module SourceCodeAccess (178)
[2017.09.13-19.51.49:212][638]LogModuleManager: Shutting down and abandoning module HeadMountedDisplay (176)
[2017.09.13-19.51.49:212][638]LogModuleManager: Shutting down and abandoning module XAudio2 (174)
[2017.09.13-19.51.49:212][638]LogModuleManager: Shutting down and abandoning module Networking (172)
[2017.09.13-19.51.49:212][638]LogModuleManager: Shutting down and abandoning module Core (168)
[2017.09.13-19.51.49:212][638]LogModuleManager: Shutting down and abandoning module KismetCompiler (164)
[2017.09.13-19.51.49:212][638]LogModuleManager: Shutting down and abandoning module LevelSequence (162)
[2017.09.13-19.51.49:212][638]LogModuleManager: Shutting down and abandoning module MeshUtilities (160)
[2017.09.13-19.51.49:213][638]LogModuleManager: Shutting down and abandoning module MeshMergeUtilities (159)
[2017.09.13-19.51.49:213][638]LogModuleManager: Shutting down and abandoning module MeshReductionInterface (158)
[2017.09.13-19.51.49:213][638]LogModuleManager: Shutting down and abandoning module SimplygonSwarm (157)
[2017.09.13-19.51.49:213][638]LogModuleManager: Shutting down and abandoning module SimplygonMeshReduction (155)
[2017.09.13-19.51.49:213][638]LogModuleManager: Shutting down and abandoning module QuadricMeshReduction (153)
[2017.09.13-19.51.49:213][638]LogModuleManager: Shutting down and abandoning module MaterialBaking (149)
[2017.09.13-19.51.49:213][638]LogModuleManager: Shutting down and abandoning module DirectoryWatcher (146)
[2017.09.13-19.51.49:213][638]LogModuleManager: Shutting down and abandoning module DerivedDataCache (144)
[2017.09.13-19.51.49:313][638]LogDerivedDataCache: Shutdown
[2017.09.13-19.51.49:313][638]LogModuleManager: Shutting down and abandoning module TargetPlatform (142)
[2017.09.13-19.51.49:313][638]LogModuleManager: Shutting down and abandoning module VulkanShaderFormat (141)
[2017.09.13-19.51.49:313][638]LogModuleManager: Shutting down and abandoning module ShaderFormatVectorVM (139)
[2017.09.13-19.51.49:313][638]LogModuleManager: Shutting down and abandoning module ShaderFormatOpenGL (137)
[2017.09.13-19.51.49:313][638]LogModuleManager: Shutting down and abandoning module ShaderFormatD3D (135)
[2017.09.13-19.51.49:313][638]LogModuleManager: Shutting down and abandoning module MetalShaderFormat (133)
[2017.09.13-19.51.49:313][638]LogModuleManager: Shutting down and abandoning module TextureFormatUncompressed (131)
[2017.09.13-19.51.49:313][638]LogModuleManager: Shutting down and abandoning module TextureFormatPVR (129)
[2017.09.13-19.51.49:313][638]LogModuleManager: Shutting down and abandoning module TextureFormatDXT (127)
[2017.09.13-19.51.49:313][638]LogModuleManager: Shutting down and abandoning module TextureFormatIntelISPCTexComp (125)
[2017.09.13-19.51.49:313][638]LogModuleManager: Shutting down and abandoning module TextureFormatASTC (123)
[2017.09.13-19.51.49:313][638]LogModuleManager: Shutting down and abandoning module ImageWrapper (122)
[2017.09.13-19.51.49:313][638]LogModuleManager: Shutting down and abandoning module TextureFormatAndroid (119)
[2017.09.13-19.51.49:313][638]LogModuleManager: Shutting down and abandoning module AudioFormatOpus (117)
[2017.09.13-19.51.49:313][638]LogModuleManager: Shutting down and abandoning module AudioFormatOgg (115)
[2017.09.13-19.51.49:313][638]LogModuleManager: Shutting down and abandoning module AudioFormatADPCM (113)
[2017.09.13-19.51.49:313][638]LogModuleManager: Shutting down and abandoning module LinuxTargetPlatform (111)
[2017.09.13-19.51.49:313][638]LogModuleManager: Shutting down and abandoning module LinuxServerTargetPlatform (109)
[2017.09.13-19.51.49:313][638]LogModuleManager: Shutting down and abandoning module LinuxNoEditorTargetPlatform (107)
[2017.09.13-19.51.49:313][638]LogModuleManager: Shutting down and abandoning module LinuxClientTargetPlatform (105)
[2017.09.13-19.51.49:313][638]LogModuleManager: Shutting down and abandoning module TVOSTargetPlatform (103)
[2017.09.13-19.51.49:313][638]LogModuleManager: Shutting down and abandoning module Messaging (101)
[2017.09.13-19.51.49:313][638]LogModuleManager: Shutting down and abandoning module IOSTargetPlatform (99)
[2017.09.13-19.51.49:313][638]LogModuleManager: Shutting down and abandoning module HTML5TargetPlatform (97)
[2017.09.13-19.51.49:313][638]LogModuleManager: Shutting down and abandoning module Android_PVRTCTargetPlatform (95)
[2017.09.13-19.51.49:313][638]LogModuleManager: Shutting down and abandoning module Android_MultiTargetPlatform (93)
[2017.09.13-19.51.49:313][638]LogModuleManager: Shutting down and abandoning module Android_ETC2TargetPlatform (91)
[2017.09.13-19.51.49:313][638]LogModuleManager: Shutting down and abandoning module Android_ETC1TargetPlatform (89)
[2017.09.13-19.51.49:313][638]LogModuleManager: Shutting down and abandoning module Android_DXTTargetPlatform (87)
[2017.09.13-19.51.49:313][638]LogModuleManager: Shutting down and abandoning module Android_ATCTargetPlatform (85)
[2017.09.13-19.51.49:313][638]LogModuleManager: Shutting down and abandoning module Android_ASTCTargetPlatform (83)
[2017.09.13-19.51.49:313][638]LogModuleManager: Shutting down and abandoning module AndroidTargetPlatform (81)
[2017.09.13-19.51.49:313][638]LogModuleManager: Shutting down and abandoning module WindowsTargetPlatform (79)
[2017.09.13-19.51.49:313][638]LogModuleManager: Shutting down and abandoning module WindowsServerTargetPlatform (77)
[2017.09.13-19.51.49:313][638]LogModuleManager: Shutting down and abandoning module WindowsNoEditorTargetPlatform (75)
[2017.09.13-19.51.49:313][638]LogModuleManager: Shutting down and abandoning module WindowsClientTargetPlatform (73)
[2017.09.13-19.51.49:313][638]LogModuleManager: Shutting down and abandoning module MacTargetPlatform (71)
[2017.09.13-19.51.49:313][638]LogModuleManager: Shutting down and abandoning module MacServerTargetPlatform (69)
[2017.09.13-19.51.49:314][638]LogModuleManager: Shutting down and abandoning module MacNoEditorTargetPlatform (67)
[2017.09.13-19.51.49:314][638]LogModuleManager: Shutting down and abandoning module MacClientTargetPlatform (65)
[2017.09.13-19.51.49:314][638]LogModuleManager: Shutting down and abandoning module AllDesktopTargetPlatform (63)
[2017.09.13-19.51.49:314][638]LogModuleManager: Shutting down and abandoning module InputCore (60)
[2017.09.13-19.51.49:314][638]LogModuleManager: Shutting down and abandoning module Settings (58)
[2017.09.13-19.51.49:314][638]LogModuleManager: Shutting down and abandoning module PhysXCooking (56)
[2017.09.13-19.51.49:314][638]LogModuleManager: Shutting down and abandoning module SteamVR (54)
[2017.09.13-19.51.49:314][638]LogModuleManager: Shutting down and abandoning module OculusHMD (52)
[2017.09.13-19.51.49:314][638]LogModuleManager: Shutting down and abandoning module ExampleDeviceProfileSelector (50)
[2017.09.13-19.51.49:314][638]LogModuleManager: Shutting down and abandoning module OnlineBlueprintSupport (48)
[2017.09.13-19.51.49:314][638]LogModuleManager: Shutting down and abandoning module OnlineSubsystem (44)
[2017.09.13-19.51.49:314][638]LogOnline: Display: Unloading online subsystem: NULL
[2017.09.13-19.51.49:314][638]LogModuleManager: Shutting down and abandoning module XMPP (43)
[2017.09.13-19.51.49:314][638]LogModuleManager: Shutting down and abandoning module HTTP (41)
[2017.09.13-19.51.49:314][638]LogHttp: Display: Http module shutting down, but needs to wait on 1 outstanding Http requests:
[2017.09.13-19.51.49:314][638]LogHttp: Display: 	verb=[POST] url=[https://datarouter.ol.epicgames.com/datarouter/api/v1/public/data?SessionID=%7B7620A7A7-4207-B5AB-18A9-FE8D04797AD3%7D&AppID=UEEditor.Rocket.Release&AppVersion=4.17.1-3586342%2B%2B%2BUE4%2BRelease-4.17&UserID=d195f449449d6ca1a7d6e997d7b4619b%7C38799267579e43f199dcadb14603b7d0%7Cc4c036e9-0de7-44e5-8786-b569ea8dee15&AppEnvironment=datacollector-binary&UploadType=eteventstream] status=Processing
[2017.09.13-19.51.49:338][638]LogModuleManager: Shutting down and abandoning module SSL (40)
[2017.09.13-19.51.49:340][638]LogModuleManager: Shutting down and abandoning module AnimationModifiers (36)
[2017.09.13-19.51.49:340][638]LogModuleManager: Shutting down and abandoning module PropertyEditor (35)
[2017.09.13-19.51.49:340][638]LogModuleManager: Shutting down and abandoning module AudioEditor (32)
[2017.09.13-19.51.49:340][638]LogModuleManager: Shutting down and abandoning module TextureCompressor (30)
[2017.09.13-19.51.49:340][638]LogModuleManager: Shutting down and abandoning module ShaderCore (28)
[2017.09.13-19.51.49:340][638]LogModuleManager: Shutting down and abandoning module Landscape (26)
[2017.09.13-19.51.49:340][638]LogModuleManager: Shutting down and abandoning module SlateRHIRenderer (24)
[2017.09.13-19.51.49:341][638]LogModuleManager: Shutting down and abandoning module OpenGLDrv (22)
[2017.09.13-19.51.49:341][638]LogModuleManager: Shutting down and abandoning module D3D11RHI (20)
[2017.09.13-19.51.49:341][638]LogModuleManager: Shutting down and abandoning module AnimGraphRuntime (18)
[2017.09.13-19.51.49:341][638]LogModuleManager: Shutting down and abandoning module Renderer (16)
[2017.09.13-19.51.49:341][638]LogModuleManager: Shutting down and abandoning module Engine (14)
[2017.09.13-19.51.49:341][638]LogModuleManager: Shutting down and abandoning module CoreUObject (12)
[2017.09.13-19.51.49:341][638]LogModuleManager: Shutting down and abandoning module NetworkFile (10)
[2017.09.13-19.51.49:341][638]LogModuleManager: Shutting down and abandoning module CookedIterativeFile (8)
[2017.09.13-19.51.49:341][638]LogModuleManager: Shutting down and abandoning module StreamingFile (6)
[2017.09.13-19.51.49:341][638]LogModuleManager: Shutting down and abandoning module SandboxFile (4)
[2017.09.13-19.51.49:341][638]LogModuleManager: Shutting down and abandoning module PakFile (2)
[2017.09.13-19.51.49:344][638]LogExit: Exiting.
[2017.09.13-19.51.49:363][638]Log file closed, 09/13/17 15:51:49
