Log file open, 09/07/17 00:48:35
LogWindows: LoadLibraryWithSearchPaths failed for file aqProf.dll. GetLastError=0
LogWindows: LoadLibraryWithSearchPaths failed for file VtuneApi.dll. GetLastError=0
LogWindows: LoadLibraryWithSearchPaths failed for file VtuneApi32e.dll. GetLastError=0
LogInit: Display: Running engine for game: PlanX
LogPlatformFile: Not using cached read wrapper
LogInit: Display: RandInit(-594478671) SRandInit(-594478671).
LogTaskGraph: Started task graph with 5 named threads and 14 total threads with 3 sets of task threads.
LogStats: Stats thread started at 0.170550
LogD3D11RHI: Aftermath initialized
LogPluginManager: Mounting plugin LightPropagationVolume
LogPluginManager: Mounting plugin CodeLiteSourceCodeAccess
LogPluginManager: Mounting plugin GitSourceControl
LogPluginManager: Mounting plugin KDevelopSourceCodeAccess
LogPluginManager: Mounting plugin NullSourceCodeAccess
LogPluginManager: Mounting plugin PerforceSourceControl
LogPluginManager: Mounting plugin SubversionSourceControl
LogPluginManager: Mounting plugin UObjectPlugin
LogPluginManager: Mounting plugin VisualStudioSourceCodeAccess
LogPluginManager: Mounting plugin XCodeSourceCodeAccess
LogPluginManager: Mounting plugin AssetManagerEditor
LogPluginManager: Mounting plugin AudioCapture
LogPluginManager: Mounting plugin FacialAnimation
LogPluginManager: Mounting plugin GameplayTagsEditor
LogPluginManager: Mounting plugin MobileLauncherProfileWizard
LogPluginManager: Mounting plugin PluginBrowser
LogPluginManager: Mounting plugin SpeedTreeImporter
LogPluginManager: Mounting plugin AlembicImporter
LogPluginManager: Mounting plugin CharacterAI
LogPluginManager: Mounting plugin HTML5Networking
LogPluginManager: Mounting plugin AndroidMedia
LogPluginManager: Mounting plugin AvfMedia
LogPluginManager: Mounting plugin MediaPlayerEditor
LogPluginManager: Mounting plugin WmfMedia
LogPluginManager: Mounting plugin TcpMessaging
LogPluginManager: Mounting plugin UdpMessaging
LogPluginManager: Mounting plugin LevelSequenceEditor
LogPluginManager: Mounting plugin MatineeToLevelSequence
LogPluginManager: Mounting plugin OnlineSubsystemGooglePlay
LogPluginManager: Mounting plugin OnlineSubsystemIOS
LogPluginManager: Mounting plugin OnlineSubsystem
LogPluginManager: Mounting plugin OnlineSubsystemNull
LogPluginManager: Mounting plugin OnlineSubsystemUtils
LogPluginManager: Mounting plugin AndroidDeviceProfileSelector
LogPluginManager: Mounting plugin AndroidMoviePlayer
LogPluginManager: Mounting plugin AndroidPermission
LogPluginManager: Mounting plugin AppleMoviePlayer
LogPluginManager: Mounting plugin ArchVisCharacter
LogPluginManager: Mounting plugin CableComponent
LogPluginManager: Mounting plugin CustomMeshComponent
LogPluginManager: Mounting plugin ExampleDeviceProfileSelector
LogPluginManager: Mounting plugin GoogleCloudMessaging
LogPluginManager: Mounting plugin ImmediatePhysics
LogPluginManager: Mounting plugin IOSDeviceProfileSelector
LogPluginManager: Mounting plugin LinuxDeviceProfileSelector
LogPluginManager: Mounting plugin LocationServicesBPLibrary
LogPluginManager: Mounting plugin MobilePatchingUtils
LogPluginManager: Mounting plugin Ansel
LogPluginManager: Mounting plugin OculusVR
LogPluginManager: Mounting plugin PhysXVehicles
LogPluginManager: Mounting plugin ProceduralMeshComponent
LogPluginManager: Mounting plugin RuntimePhysXCooking
LogPluginManager: Mounting plugin SteamVR
LogPluginManager: Mounting plugin WindowsMoviePlayer
LogInit: Using libcurl 7.47.1
LogInit:  - built for x86_64-pc-win32
LogInit:  - supports SSL with OpenSSL/1.0.2g
LogInit:  - supports HTTP deflate (compression) using libz 1.2.8
LogInit:  - other features:
LogInit:      CURL_VERSION_SSL
LogInit:      CURL_VERSION_LIBZ
LogInit:      CURL_VERSION_IPV6
LogInit:      CURL_VERSION_ASYNCHDNS
LogInit:      CURL_VERSION_LARGEFILE
LogInit:      CURL_VERSION_IDN
LogInit:  CurlRequestOptions (configurable via config and command line):
LogInit:  - bVerifyPeer = false  - Libcurl will NOT verify peer certificate
LogInit:  - bUseHttpProxy = false  - Libcurl will NOT use HTTP proxy
LogInit:  - bDontReuseConnections = false  - Libcurl will reuse connections
LogInit:  - CertBundlePath = nullptr  - Libcurl will use whatever was configured at build time.
LogInit: Build: ++UE4+Release-4.17-CL-3586342
LogInit: Engine Version: 4.17.1-3586342+++UE4+Release-4.17
LogInit: Compatible Engine Version: 4.17.0-3573198+++UE4+Release-4.17
LogInit: Net CL: 3573198
LogDevObjectVersion: Number of dev versions registered: 16
LogDevObjectVersion:   Dev-Blueprints (B0D832E4-1F89-4F0D-ACCF-7EB736FD4AA2): 10
LogDevObjectVersion:   Dev-Build (E1C64328-A22C-4D53-A36C-8E866417BD8C): 0
LogDevObjectVersion:   Dev-Core (375EC13C-06E4-48FB-B500-84F0262A717E): 2
LogDevObjectVersion:   Dev-Editor (E4B068ED-F494-42E9-A231-DA0B2E46BB41): 20
LogDevObjectVersion:   Dev-Framework (CFFC743F-43B0-4480-9391-14DF171D2073): 28
LogDevObjectVersion:   Dev-Mobile (B02B49B5-BB20-44E9-A304-32B752E40360): 0
LogDevObjectVersion:   Dev-Networking (A4E4105C-59A1-49B5-A7C5-40C4547EDFEE): 0
LogDevObjectVersion:   Dev-Online (39C831C9-5AE6-47DC-9A44-9C173E1C8E7C): 0
LogDevObjectVersion:   Dev-Physics (78F01B33-EBEA-4F98-B9B4-84EACCB95AA2): 0
LogDevObjectVersion:   Dev-Platform (6631380F-2D4D-43E0-8009-CF276956A95A): 0
LogDevObjectVersion:   Dev-Rendering (12F88B9F-8875-4AFC-A67C-D90C383ABD29): 19
LogDevObjectVersion:   Dev-Sequencer (7B5AE74C-D270-4C10-A958-57980B212A5A): 4
LogDevObjectVersion:   Dev-VR (D7296918-1DD6-4BDD-9DE2-64A83CC13884): 0
LogDevObjectVersion:   Dev-LoadTimes (C2A15278-BFE7-4AFE-6C17-90FF531DF755): 1
LogDevObjectVersion:   Private-Geometry (6EACA3D4-40EC-4CC1-B786-8BED09428FC5): 1
LogDevObjectVersion:   Dev-AnimPhys (29E575DD-E0A3-4627-9D10-D276232CDCEA): 7
LogInit: Compiled (64-bit): Aug 15 2017 02:05:26
LogInit: Compiled with Visual C++: 19.00.24215.01
LogInit: Build Configuration: Development
LogInit: Branch Name: ++UE4+Release-4.17
LogInit: Command line: -EpicPortal 
LogInit: Base directory: Q:/Unreal Engine/UE_4.17/Engine/Binaries/Win64/
LogInit: Installed Engine Build: 1
LogInit: Presizing for max 8388607 objects, including 0 objects not considered by GC, pre-allocating 0 bytes for permanent pool.
LogInit: Object subsystem initialized
[2017.09.07-04.48.35:643][  0]LogInit: Selected Device Profile: [Windows]
[2017.09.07-04.48.35:643][  0]LogInit: Applying CVar settings loaded from the selected device profile: [Windows]
[2017.09.07-04.48.35:654][  0]LogInit: Computer: DAWN
[2017.09.07-04.48.35:654][  0]LogInit: User: RobertForbes
[2017.09.07-04.48.35:654][  0]LogInit: CPU Page size=4096, Cores=4
[2017.09.07-04.48.35:654][  0]LogInit: High frequency timer resolution =3.417982 MHz
[2017.09.07-04.48.35:655][  0]LogMemory: Memory total: Physical=8.0GB (8GB approx)
[2017.09.07-04.48.35:655][  0]LogMemory: Platform Memory Stats for Windows
[2017.09.07-04.48.35:655][  0]LogMemory: Process Physical Memory: 278.04 MB used, 278.04 MB peak
[2017.09.07-04.48.35:655][  0]LogMemory: Process Virtual Memory: 274.36 MB used, 274.36 MB peak
[2017.09.07-04.48.35:655][  0]LogMemory: Physical Memory: 5181.98 MB used,  2961.88 MB free, 8143.85 MB total
[2017.09.07-04.48.35:655][  0]LogMemory: Virtual Memory: 668.32 MB used,  2961.88 MB free, 134217728.00 MB total
[2017.09.07-04.48.35:767][  0]LogInit: Using OS detected language (en-US).
[2017.09.07-04.48.35:767][  0]LogInit: Using OS detected locale (en-US).
[2017.09.07-04.48.35:771][  0]LogTextLocalizationManager: No specific localization for 'en-US' exists, so the 'en' localization will be used.
[2017.09.07-04.48.36:504][  0]LogD3D11RHI: D3D11 adapters:
[2017.09.07-04.48.37:103][  0]LogD3D11RHI:    0. 'NVIDIA GeForce GTX 970' (Feature Level 11_0)
[2017.09.07-04.48.37:103][  0]LogD3D11RHI:       4058/0/4071 MB DedicatedVideo/DedicatedSystem/SharedSystem, Outputs:2, VendorId:0x10de
[2017.09.07-04.48.37:104][  0]LogD3D11RHI:    1. 'Microsoft Basic Render Driver' (Feature Level 11_0)
[2017.09.07-04.48.37:104][  0]LogD3D11RHI:       0/0/4071 MB DedicatedVideo/DedicatedSystem/SharedSystem, Outputs:0, VendorId:0x1414
[2017.09.07-04.48.37:104][  0]LogD3D11RHI: Chosen D3D11 Adapter: 0
[2017.09.07-04.48.37:108][  0]LogD3D11RHI: Creating new Direct3DDevice
[2017.09.07-04.48.37:108][  0]LogD3D11RHI:     GPU DeviceId: 0x13c2 (for the marketing name, search the web for "GPU Device Id")
[2017.09.07-04.48.37:108][  0]LogWindows: EnumDisplayDevices:
[2017.09.07-04.48.37:109][  0]LogWindows:    0. 'NVIDIA GeForce GTX 970' (P:0 D:1)
[2017.09.07-04.48.37:109][  0]LogWindows:    1. 'NVIDIA GeForce GTX 970' (P:1 D:1)
[2017.09.07-04.48.37:109][  0]LogWindows:    2. 'NVIDIA GeForce GTX 970' (P:0 D:0)
[2017.09.07-04.48.37:109][  0]LogWindows:    3. 'NVIDIA GeForce GTX 970' (P:0 D:0)
[2017.09.07-04.48.37:109][  0]LogWindows: DebugString: FoundDriverCount:4 
[2017.09.07-04.48.37:109][  0]LogD3D11RHI:     Adapter Name: NVIDIA GeForce GTX 970
[2017.09.07-04.48.37:109][  0]LogD3D11RHI:   Driver Version: 385.41 (internal:22.21.13.8541, unified:385.41)
[2017.09.07-04.48.37:109][  0]LogD3D11RHI:      Driver Date: 8-21-2017
[2017.09.07-04.48.37:109][  0]LogRHI: Texture pool is 1361 MB (70% of 1945 MB)
[2017.09.07-04.48.37:681][  0]LogD3D11RHI: Async texture creation enabled
[2017.09.07-04.48.37:710][  0]LogD3D11RHI: GPU Timing Frequency: 1000.000000 (Debug: 2 1)
[2017.09.07-04.48.37:713][  0]LogShaderCompilers: Guid format shader working directory is 11 characters bigger than the processId version (../../../../../Unreal Projects/Plan-X/PlanX/Intermediate/Shaders/WorkingDirectory/6776/).
[2017.09.07-04.48.37:713][  0]LogShaderCompilers: Cleaned the shader compiler working directory 'C:/Users/Robert Forbes/AppData/Local/Temp/UnrealShaderWorkingDir/29DB9C8A49D93C328FB228A70E13F20D/'.
[2017.09.07-04.48.37:713][  0]LogShaderCompilers: Display: Using Local Shader Compiler.
[2017.09.07-04.48.39:255][  0]LogTemp: Display: Loaded TP AllDesktopTargetPlatform
[2017.09.07-04.48.39:311][  0]LogTemp: Display: Loaded TP MacClientTargetPlatform
[2017.09.07-04.48.39:377][  0]LogTemp: Display: Loaded TP MacNoEditorTargetPlatform
[2017.09.07-04.48.39:423][  0]LogTemp: Display: Loaded TP MacServerTargetPlatform
[2017.09.07-04.48.39:467][  0]LogTemp: Display: Loaded TP MacTargetPlatform
[2017.09.07-04.48.39:510][  0]LogTemp: Display: Loaded TP WindowsClientTargetPlatform
[2017.09.07-04.48.39:559][  0]LogTemp: Display: Loaded TP WindowsNoEditorTargetPlatform
[2017.09.07-04.48.39:601][  0]LogTemp: Display: Loaded TP WindowsServerTargetPlatform
[2017.09.07-04.48.39:636][  0]LogTemp: Display: Loaded TP WindowsTargetPlatform
[2017.09.07-04.48.39:677][  0]LogTemp: Display: Loaded TP AndroidTargetPlatform
[2017.09.07-04.48.39:718][  0]LogTemp: Display: Loaded TP Android_ASTCTargetPlatform
[2017.09.07-04.48.39:768][  0]LogTemp: Display: Loaded TP Android_ATCTargetPlatform
[2017.09.07-04.48.39:821][  0]LogTemp: Display: Loaded TP Android_DXTTargetPlatform
[2017.09.07-04.48.39:864][  0]LogTemp: Display: Loaded TP Android_ETC1TargetPlatform
[2017.09.07-04.48.39:906][  0]LogTemp: Display: Loaded TP Android_ETC2TargetPlatform
[2017.09.07-04.48.39:999][  0]LogTemp: Display: Loaded TP Android_MultiTargetPlatform
[2017.09.07-04.48.39:999][  0]LogTemp: Display: Loaded TP Android_PVRTCTargetPlatform
[2017.09.07-04.48.40:041][  0]LogTemp: Display: Loaded TP HTML5TargetPlatform
[2017.09.07-04.48.40:173][  0]LogTemp: Display: Loaded TP IOSTargetPlatform
[2017.09.07-04.48.40:227][  0]LogTemp: Display: Loaded TP TVOSTargetPlatform
[2017.09.07-04.48.40:285][  0]LogTemp: Display: Loaded TP LinuxClientTargetPlatform
[2017.09.07-04.48.40:350][  0]LogTemp: Display: Loaded TP LinuxNoEditorTargetPlatform
[2017.09.07-04.48.40:401][  0]LogTemp: Display: Loaded TP LinuxServerTargetPlatform
[2017.09.07-04.48.40:450][  0]LogTemp: Display: Loaded TP LinuxTargetPlatform
[2017.09.07-04.48.40:450][  0]LogTargetPlatformManager: Display: Building Assets For Windows
[2017.09.07-04.48.40:871][  0]LogDerivedDataCache: Display: Max Cache Size: 512 MB
[2017.09.07-04.48.41:003][  0]LogDerivedDataCache: Loaded boot cache 0.13s 106MB C:/Users/Robert Forbes/AppData/Local/UnrealEngine/4.17/DerivedDataCache/Boot.ddc.
[2017.09.07-04.48.41:003][  0]LogDerivedDataCache: Display: Loaded Boot cache: C:/Users/Robert Forbes/AppData/Local/UnrealEngine/4.17/DerivedDataCache/Boot.ddc
[2017.09.07-04.48.41:003][  0]LogDerivedDataCache: FDerivedDataBackendGraph:  Pak pak cache file ../../../../../Unreal Projects/Plan-X/PlanX/DerivedDataCache/DDC.ddp not found, will not use a pak cache.
[2017.09.07-04.48.41:003][  0]LogDerivedDataCache: Unable to find inner node Pak for hierarchical cache Hierarchy.
[2017.09.07-04.48.41:003][  0]LogDerivedDataCache: FDerivedDataBackendGraph:  CompressedPak pak cache file ../../../../../Unreal Projects/Plan-X/PlanX/DerivedDataCache/Compressed.ddp not found, will not use a pak cache.
[2017.09.07-04.48.41:003][  0]LogDerivedDataCache: Unable to find inner node CompressedPak for hierarchical cache Hierarchy.
[2017.09.07-04.48.41:026][  0]LogDerivedDataCache: Display: Pak cache opened for reading ../../../Engine/DerivedDataCache/Compressed.ddp.
[2017.09.07-04.48.41:037][  0]LogDerivedDataCache: Using Local data cache path C:/Users/Robert Forbes/AppData/Local/UnrealEngine/Common/DerivedDataCache: Writable
[2017.09.07-04.48.41:048][  0]LogMaterial: Verifying Global Shaders for PCD3D_SM5
[2017.09.07-04.48.41:048][  0]LogSlate: Using Freetype 2.6.0
[2017.09.07-04.48.41:049][  0]LogSlate: SlateFontCache - WITH_FREETYPE: 1, WITH_HARFBUZZ: 1
[2017.09.07-04.48.41:049][  0]LogSlate: SlateFontCache - WITH_FREETYPE: 1, WITH_HARFBUZZ: 1
[2017.09.07-04.48.41:340][  0]LogAssetRegistry: FAssetRegistry took 0.0266 seconds to start up
[2017.09.07-04.48.41:525][  0]LogInit: Selected Device Profile: [Windows]
[2017.09.07-04.48.41:757][  0]LogContentStreaming: Texture pool size is 0.00 MB
[2017.09.07-04.48.42:107][  0]LogSimplygon: Simplygon DLL not present - disabling.
[2017.09.07-04.48.42:145][  0]LogMeshReduction: Using SimplygonSwarm for distributed automatic mesh merging
[2017.09.07-04.48.42:145][  0]LogMeshReduction: Using QuadricMeshReduction for automatic static mesh reduction
[2017.09.07-04.48.42:145][  0]LogMeshReduction: No automatic skeletal mesh reduction module available
[2017.09.07-04.48.42:145][  0]LogMeshReduction: No automatic mesh merging module available
[2017.09.07-04.48.42:145][  0]LogMeshMerging: No automatic mesh merging module available
[2017.09.07-04.48.42:749][  0]LogNetVersion: PlanX , NetCL: 3573198, EngineNetVer: 2, GameNetVer: 0 (Checksum: 4232075429)
[2017.09.07-04.48.43:000][  0]LogPackageLocalizationCache: Processed 4 localized package path(s) for 2 prioritized culture(s) in 0.055803 seconds
[2017.09.07-04.48.43:006][  0]LogUObjectArray: 35825 objects as part of root set at end of initial load.
[2017.09.07-04.48.43:006][  0]LogUObjectAllocator: 7529112 out of 0 bytes used by permanent object pool.
[2017.09.07-04.48.43:006][  0]LogUObjectArray: CloseDisregardForGC: 0/0 objects in disregard for GC pool
[2017.09.07-04.48.43:052][  0]LogInit: WinSock: version 1.1 (2.2), MaxSocks=32767, MaxUdp=65467
[2017.09.07-04.48.45:893][  0]LogTcpMessaging: Initializing TcpMessaging bridge
[2017.09.07-04.48.45:933][  0]LogUdpMessaging: Initializing bridge on interface 0.0.0.0:0 to multicast group 230.0.0.1:6666.
[2017.09.07-04.48.46:580][  0]SourceControl: Source control is disabled
[2017.09.07-04.48.46:580][  0]SourceControl: Source control is disabled
[2017.09.07-04.48.46:639][  0]SourceControl: Source control is disabled
[2017.09.07-04.48.46:690][  0]SourceControl: Source control is disabled
[2017.09.07-04.48.47:499][  0]LogAndroidPermission: UAndroidPermissionCallbackProxy::GetInstance
[2017.09.07-04.48.47:875][  0]LogAnsel: Tried to load ../../../Engine/Plugins/Runtime/Nvidia/Ansel/Binaries/ThirdParty/AnselSDK64.dll : success=1
[2017.09.07-04.48.47:928][  0]LogOcInput: OculusInput pre-init called
[2017.09.07-04.48.48:184][  0]LogEngine: Initializing Engine...
[2017.09.07-04.48.52:200][  0]LogHMD: SteamVR initialized.  Driver: lighthouse  Display: LHR-21CE5F1D
[2017.09.07-04.48.52:455][  0]LogStats: UGameplayTagsManager::ConstructGameplayTagTree: Construct from data asset -  0.000 s
[2017.09.07-04.48.52:456][  0]LogStats: UGameplayTagsManager::ConstructGameplayTagTree: GameplayTagTreeChangedEvent.Broadcast -  0.000 s
[2017.09.07-04.48.52:587][  0]LogAIModule: Creating AISystem for world Untitled
[2017.09.07-04.48.52:613][  0]LogInit: XAudio2 using 'REAL SPEAKERS!!!!!!!!!! (Realtek High Definition Audio)' : 2 channels at 48 kHz using 32 bits per sample (channel mask 0x3)
[2017.09.07-04.48.52:629][  0]LogInit: FAudioDevice initialized.
[2017.09.07-04.49.00:537][  0]LogDerivedDataCache: Saved boot cache 7.91s 106MB C:/Users/Robert Forbes/AppData/Local/UnrealEngine/4.17/DerivedDataCache/Boot.ddc.
[2017.09.07-04.49.00:553][  0]LogInit: Texture streaming: Enabled
[2017.09.07-04.49.00:654][  0]LogMaterial: Uniform references updated for custom material expression Custom.
[2017.09.07-04.49.00:944][  0]LogEngineSessionManager: EngineSessionManager initialized
[2017.09.07-04.49.01:162][  0]LogInit: Transaction tracking system initialized
[2017.09.07-04.49.01:555][  0]BlueprintLog: New page: Editor Load
[2017.09.07-04.49.02:343][  0]LocalizationService: Localization service is disabled
[2017.09.07-04.49.02:967][  0]LogConsoleResponse: Display: 
[2017.09.07-04.49.03:753][  0]LogCook: Display: Max memory allowance for cook 16384mb min free memory 0mb
[2017.09.07-04.49.03:754][  0]LogCook: Display: Mobile HDR setting 1
[2017.09.07-04.49.03:754][  0]LogGameplayTags: Display: UGameplayTagsManager::DoneAddingNativeTags. DelegateIsBound: 0
[2017.09.07-04.49.03:928][  0]LogFileCache: Scanning file cache for directory 'Q:/Unreal Projects/Plan-X/PlanX/Content/' took 0.09s
[2017.09.07-04.49.04:634][  0]SourceControl: Source control is disabled
[2017.09.07-04.49.04:635][  0]Cmd: MAP LOAD FILE="../../../../../Unreal Projects/Plan-X/PlanX/Content/Assets/Mapt_data/Challenge_Levels/Challange_L_1_0.umap" TEMPLATE=0 SHOWPROGRESS=1 FEATURELEVEL=3
[2017.09.07-04.49.04:635][  0]LightingResults: New page: Lighting Build
[2017.09.07-04.49.04:667][  0]MapCheck: New page: Map Check
[2017.09.07-04.49.04:667][  0]LightingResults: New page: Lighting Build
[2017.09.07-04.49.06:436][  0]LogAIModule: Creating AISystem for world Challange_L_1_0
[2017.09.07-04.49.06:444][  0]LogEditorServer: Finished looking for orphan Actors (0.000 secs)
[2017.09.07-04.49.06:459][  0]Cmd: MAP CHECKDEP NOCLEARLOG
[2017.09.07-04.49.06:528][  0]MapCheck: Map check complete: 0 Error(s), 0 Warning(s), took 68.76ms to complete.
[2017.09.07-04.49.06:528][  0]LogFileHelpers: Loading map 'Challange_L_1_0' took 1.894
[2017.09.07-04.49.06:601][  0]LogWindowsTextInputMethodSystem: Display: IME system now deactivated.
[2017.09.07-04.49.06:728][  0]LogCollectionManager: Loaded 0 collections in 0.001738 seconds
[2017.09.07-04.49.06:801][  0]LogFileCache: Scanning file cache for directory 'Q:/Unreal Projects/Plan-X/PlanX/Saved/Collections/' took 0.01s
[2017.09.07-04.49.06:801][  0]LogFileCache: Scanning file cache for directory 'Q:/Unreal Projects/Plan-X/PlanX/Content/Developers/RobertForbes/Collections/' took 0.01s
[2017.09.07-04.49.06:801][  0]LogFileCache: Scanning file cache for directory 'Q:/Unreal Projects/Plan-X/PlanX/Content/Collections/' took 0.01s
[2017.09.07-04.49.06:801][  0]LogCollectionManager: Rebuilt the GUID cache for 0 collections in 0.000000 seconds
[2017.09.07-04.49.06:811][  0]LogContentBrowser: Native class hierarchy populated in 0.0101 seconds. Added 2337 classes and 483 folders.
[2017.09.07-04.49.06:864][  0]LogContentBrowser: Native class hierarchy updated for 'WidgetCarousel' in 0.0008 seconds. Added 0 classes and 0 folders.
[2017.09.07-04.49.07:787][  0]LogContentBrowser: Native class hierarchy updated for 'AddContentDialog' in 0.0008 seconds. Added 0 classes and 0 folders.
[2017.09.07-04.49.07:862][  0]LogContentBrowser: Native class hierarchy updated for 'SceneOutliner' in 0.0011 seconds. Added 1 classes and 2 folders.
[2017.09.07-04.49.09:722][  0]LogSlate: Took 0.000396 seconds to synchronously load lazily loaded font '../../../Engine/Content/Slate/Fonts/Roboto-Regular.ttf' (155K)
[2017.09.07-04.49.09:724][  0]LogSlate: Took 0.000311 seconds to synchronously load lazily loaded font '../../../Engine/Content/Slate/Fonts/Roboto-Bold.ttf' (160K)
[2017.09.07-04.49.09:758][  0]LogSlate: Took 0.027709 seconds to synchronously load lazily loaded font '../../../Engine/Content/Editor/Slate/Fonts/FontAwesome.ttf' (139K)
[2017.09.07-04.49.10:364][  0]LogRenderer: Reallocating scene render targets to support 1208x576 Format 26 NumSamples 1 (Frame:1).
[2017.09.07-04.49.11:506][  0]LogTemp: Executing iPhonePackager certificates Engine -bundlename com.YourCompany.PlanX
[2017.09.07-04.49.11:506][  0]LogTemp: CWD: Q:\Unreal Engine\UE_4.17\Engine\Binaries\DotNET\IOS
[2017.09.07-04.49.11:506][  0]LogTemp: Initial Dir: Q:\Unreal Engine\UE_4.17
[2017.09.07-04.49.11:506][  0]LogTemp: Env CWD: Q:\Unreal Engine\UE_4.17\Engine\Binaries\DotNET\IOS
[2017.09.07-04.49.11:506][  0]LogTemp: BranchPath = DAWN/Q/Unreal Engine/UE_4.17/Engine/Binaries --- GameBranchPath = DAWN/Q/Unreal Engine/UE_4.17/Engine/Binaries
[2017.09.07-04.49.11:506][  0]LogTemp: IPP ERROR: Could not find provision directory 'C:\Users\Robert Forbes\AppData\Local/Apple Computer/MobileDevice/Provisioning Profiles/'.
[2017.09.07-04.49.11:557][  0]LogContentBrowser: Native class hierarchy updated for 'HierarchicalLODOutliner' in 0.0008 seconds. Added 1 classes and 2 folders.
[2017.09.07-04.49.11:557][  0]LogLoad: (Engine Initialization) Total time: 37.51 seconds
[2017.09.07-04.49.11:557][  0]LogLoad: (Engine Initialization) Total Blueprint compile time: 0.00 seconds
[2017.09.07-04.49.11:557][  0]LogExternalProfiler: Found external profiler: VSPerf
[2017.09.07-04.49.11:557][  0]LogExternalProfiler: Using external profiler: VSPerf
[2017.09.07-04.49.11:603][  0]LogContentStreaming: Texture pool size now 1000 MB
[2017.09.07-04.49.11:682][  0]LogSlate: Took 0.032524 seconds to synchronously load lazily loaded font '../../../Engine/Content/Slate/Fonts/Roboto-Light.ttf' (159K)
[2017.09.07-04.49.11:707][  1]LogAssetRegistry: Asset discovery search completed in 30.3884 seconds
[2017.09.07-04.49.11:710][  1]LogCollectionManager: Rebuilt the object cache for 0 collections in 0.000001 seconds (found 0 objects)
[2017.09.07-04.49.11:710][  1]LogCollectionManager: Fixed up redirectors for 0 collections in 0.000073 seconds (updated 0 objects)
[2017.09.07-04.49.16:804][267]LogFileCache: Retrieving MD5 hashes for directory 'Q:/Unreal Projects/Plan-X/PlanX/Content/' took 5.23s
[2017.09.07-04.51.39:414][307]LogSlate: Took 0.000323 seconds to synchronously load lazily loaded font '../../../Engine/Content/Slate/Fonts/Roboto-Light.ttf' (159K)
[2017.09.07-04.51.39:929][307]LogContentBrowser: Native class hierarchy updated for 'BlueprintGraph' in 0.0011 seconds. Added 113 classes and 0 folders.
[2017.09.07-04.51.40:893][307]LogSlate: Took 0.031594 seconds to synchronously load lazily loaded font '../../../Engine/Content/Editor/Slate/Fonts/Roboto-BoldCondensed.ttf' (158K)
[2017.09.07-04.51.41:307][308]LogSlate: Took 0.016331 seconds to synchronously load lazily loaded font '../../../Engine/Content/Editor/Slate/Fonts/Roboto-Italic.ttf' (157K)
[2017.09.07-04.56.20:237][444]LogBlueprint: Warning: [Compiler ] Pasted node  CustomEvent   conflicted with  Event Tick  and was replaced as a Custom Event!
[2017.09.07-04.56.20:291][444]LogSlate: Took 0.000326 seconds to synchronously load lazily loaded font '../../../Engine/Content/Slate/Fonts/Roboto-Light.ttf' (159K)
[2017.09.07-04.57.08:090][ 45]LogBlueprint: Warning: [Compiler ] Pasted node  CustomEvent   conflicted with  Event Tick  and was replaced as a Custom Event!
[2017.09.07-04.59.04:725][717]LogEditorTransaction: Undo Move Node
[2017.09.07-04.59.05:338][770]LogEditorTransaction: Undo Move Node
[2017.09.07-04.59.05:857][823]LogEditorTransaction: Undo Add New Function
[2017.09.07-05.00.21:110][331]LogSavePackage: Save=65.96ms
[2017.09.07-05.00.21:111][331]LogSavePackage: Moving '../../../../../Unreal Projects/Plan-X/PlanX/Saved/Challange_L_1_0_Auto1B5E583D1444145184C6F0AA747DC9D53.tmp' to '../../../../../Unreal Projects/Plan-X/PlanX/Saved/Autosaves/Game/Assets/Mapt_data/Challenge_Levels/Challange_L_1_0_Auto1.umap'
[2017.09.07-05.00.21:113][331]LogSavePackage: Display: Finished SavePackage ../../../../../Unreal Projects/Plan-X/PlanX/Saved/Autosaves/Game/Assets/Mapt_data/Challenge_Levels/Challange_L_1_0_Auto1.umap
[2017.09.07-05.00.21:115][331]LogFileHelpers: Editor autosave (incl. sublevels) for '/Game/Assets/Mapt_data/Challenge_Levels/Challange_L_1_0' took 0.422
[2017.09.07-05.00.21:115][331]LogFileHelpers: Editor autosave (incl. sublevels) for all levels took 0.422
[2017.09.07-05.00.21:118][331]OBJ SavePackage: Generating thumbnails for [0] asset(s) in package [/Game/VirtualRealityBP/Blueprints/MotionControllerPawn] ([1] browsable assets)...
[2017.09.07-05.00.21:118][331]OBJ SavePackage: Finished generating thumbnails for package [/Game/VirtualRealityBP/Blueprints/MotionControllerPawn]
[2017.09.07-05.00.21:372][331]LogSavePackage: Save=240.31ms
[2017.09.07-05.00.21:372][331]LogSavePackage: Moving '../../../../../Unreal Projects/Plan-X/PlanX/Saved/MotionControllerPawn_Auto1178604CF4FD6E71B62DAA69B450E5A1C.tmp' to '../../../../../Unreal Projects/Plan-X/PlanX/Saved/Autosaves/Game/VirtualRealityBP/Blueprints/MotionControllerPawn_Auto1.uasset'
[2017.09.07-05.00.21:389][331]LogSavePackage: Display: Finished SavePackage ../../../../../Unreal Projects/Plan-X/PlanX/Saved/Autosaves/Game/VirtualRealityBP/Blueprints/MotionControllerPawn_Auto1.uasset
[2017.09.07-05.00.21:389][331]LogFileHelpers: Auto-saving content packages took 0.273
[2017.09.07-05.02.04:850][683]LogSlate: Took 0.013951 seconds to synchronously load lazily loaded font '../../../Engine/Content/Editor/Slate/Fonts/Roboto-BoldCondensedItalic.ttf' (160K)
[2017.09.07-05.10.21:670][712]LogSavePackage: Save=61.48ms
[2017.09.07-05.10.21:670][712]LogSavePackage: Moving '../../../../../Unreal Projects/Plan-X/PlanX/Saved/Challange_L_1_0_Auto2E8D9F8DB45DF4B92D253379401C33773.tmp' to '../../../../../Unreal Projects/Plan-X/PlanX/Saved/Autosaves/Game/Assets/Mapt_data/Challenge_Levels/Challange_L_1_0_Auto2.umap'
[2017.09.07-05.10.21:691][712]LogSavePackage: Display: Finished SavePackage ../../../../../Unreal Projects/Plan-X/PlanX/Saved/Autosaves/Game/Assets/Mapt_data/Challenge_Levels/Challange_L_1_0_Auto2.umap
[2017.09.07-05.10.21:694][712]LogFileHelpers: Editor autosave (incl. sublevels) for '/Game/Assets/Mapt_data/Challenge_Levels/Challange_L_1_0' took 0.172
[2017.09.07-05.10.21:694][712]LogFileHelpers: Editor autosave (incl. sublevels) for all levels took 0.172
[2017.09.07-05.10.21:697][712]OBJ SavePackage: Generating thumbnails for [0] asset(s) in package [/Game/VirtualRealityBP/Blueprints/MotionControllerPawn] ([1] browsable assets)...
[2017.09.07-05.10.21:697][712]OBJ SavePackage: Finished generating thumbnails for package [/Game/VirtualRealityBP/Blueprints/MotionControllerPawn]
[2017.09.07-05.10.21:897][712]LogSavePackage: Save=186.25ms
[2017.09.07-05.10.21:898][712]LogSavePackage: Moving '../../../../../Unreal Projects/Plan-X/PlanX/Saved/MotionControllerPawn_Auto22AB4DAF8411E3C60C2C7D7969DC3E655.tmp' to '../../../../../Unreal Projects/Plan-X/PlanX/Saved/Autosaves/Game/VirtualRealityBP/Blueprints/MotionControllerPawn_Auto2.uasset'
[2017.09.07-05.10.21:933][712]LogSavePackage: Display: Finished SavePackage ../../../../../Unreal Projects/Plan-X/PlanX/Saved/Autosaves/Game/VirtualRealityBP/Blueprints/MotionControllerPawn_Auto2.uasset
[2017.09.07-05.10.21:933][712]LogFileHelpers: Auto-saving content packages took 0.238
[2017.09.07-05.15.04:457][270]BlueprintLog: New page: Compile MotionControllerPawn
[2017.09.07-05.16.48:454][277]Cmd: OBJ SAVEPACKAGE PACKAGE="/Game/Assets/Blueprints/VR_Movement" FILE="../../../../../Unreal Projects/Plan-X/PlanX/Content/Assets/Blueprints/VR_Movement.uasset" SILENT=true
[2017.09.07-05.16.48:464][277]LogSavePackage: Save=6.75ms
[2017.09.07-05.16.48:464][277]LogSavePackage: Moving '../../../../../Unreal Projects/Plan-X/PlanX/Saved/VR_Movement49C61B5E4976BC53FDC364870662FE4C.tmp' to '../../../../../Unreal Projects/Plan-X/PlanX/Content/Assets/Blueprints/VR_Movement.uasset'
[2017.09.07-05.16.48:467][277]LogSavePackage: Display: Finished SavePackage ../../../../../Unreal Projects/Plan-X/PlanX/Content/Assets/Blueprints/VR_Movement.uasset
[2017.09.07-05.16.49:249][368]Cmd: OBJ SAVEPACKAGE PACKAGE="/Game/Assets/Blueprints/VR_Movement" FILE="../../../../../Unreal Projects/Plan-X/PlanX/Content/Assets/Blueprints/VR_Movement.uasset" SILENT=true
[2017.09.07-05.16.49:314][368]LogSavePackage: Save=6.12ms
[2017.09.07-05.16.49:314][368]LogSavePackage: Moving '../../../../../Unreal Projects/Plan-X/PlanX/Saved/VR_Movement8ED89D014D02810570ABDDA25EC7269B.tmp' to '../../../../../Unreal Projects/Plan-X/PlanX/Content/Assets/Blueprints/VR_Movement.uasset'
[2017.09.07-05.16.49:315][368]LogSavePackage: Display: Finished SavePackage ../../../../../Unreal Projects/Plan-X/PlanX/Content/Assets/Blueprints/VR_Movement.uasset
[2017.09.07-05.20.46:993][493]LogEditorTransaction: Undo Promote To Variable
[2017.09.07-05.22.51:924][658]BlueprintLog: New page: Compile MotionControllerPawn
[2017.09.07-05.22.53:466][746]LogSavePackage: Save=201.38ms
[2017.09.07-05.22.53:466][746]LogSavePackage: Moving '../../../../../Unreal Projects/Plan-X/PlanX/Saved/MotionControllerPawn9BC88DBB41F0467558942B8C8809BAC8.tmp' to '../../../../../Unreal Projects/Plan-X/PlanX/Content/VirtualRealityBP/Blueprints/MotionControllerPawn.uasset'
[2017.09.07-05.22.53:492][746]LogSavePackage: Display: Finished SavePackage ../../../../../Unreal Projects/Plan-X/PlanX/Content/VirtualRealityBP/Blueprints/MotionControllerPawn.uasset
[2017.09.07-05.22.55:647][927]LogSavePackage: Save=199.28ms
[2017.09.07-05.22.55:647][927]LogSavePackage: Moving '../../../../../Unreal Projects/Plan-X/PlanX/Saved/MotionControllerPawn654018E744D2649A285628B82459CAD4.tmp' to '../../../../../Unreal Projects/Plan-X/PlanX/Content/VirtualRealityBP/Blueprints/MotionControllerPawn.uasset'
[2017.09.07-05.22.55:649][927]LogSavePackage: Display: Finished SavePackage ../../../../../Unreal Projects/Plan-X/PlanX/Content/VirtualRealityBP/Blueprints/MotionControllerPawn.uasset
[2017.09.07-05.22.57:162][ 52]LogSavePackage: Save=46.98ms
[2017.09.07-05.22.57:162][ 52]LogSavePackage: Moving '../../../../../Unreal Projects/Plan-X/PlanX/Saved/Challange_L_1_0527A7CE646460710714318A816E46E75.tmp' to '../../../../../Unreal Projects/Plan-X/PlanX/Content/Assets/Mapt_data/Challenge_Levels/Challange_L_1_0.umap'
[2017.09.07-05.22.57:167][ 52]LogSavePackage: Display: Finished SavePackage ../../../../../Unreal Projects/Plan-X/PlanX/Content/Assets/Mapt_data/Challenge_Levels/Challange_L_1_0.umap
[2017.09.07-05.22.57:199][ 52]LogFileHelpers: Saving map 'Challange_L_1_0' took 0.183
[2017.09.07-05.27.18:417][117]BlueprintLog: New page: Compile MotionControllerPawn
[2017.09.07-05.27.19:647][174]LogSavePackage: Save=179.34ms
[2017.09.07-05.27.19:647][174]LogSavePackage: Moving '../../../../../Unreal Projects/Plan-X/PlanX/Saved/MotionControllerPawnB3E1656B42F6864C01120799468A9F13.tmp' to '../../../../../Unreal Projects/Plan-X/PlanX/Content/VirtualRealityBP/Blueprints/MotionControllerPawn.uasset'
[2017.09.07-05.27.19:651][174]LogSavePackage: Display: Finished SavePackage ../../../../../Unreal Projects/Plan-X/PlanX/Content/VirtualRealityBP/Blueprints/MotionControllerPawn.uasset
[2017.09.07-05.27.20:473][230]LogSavePackage: Save=205.42ms
[2017.09.07-05.27.20:473][230]LogSavePackage: Moving '../../../../../Unreal Projects/Plan-X/PlanX/Saved/MotionControllerPawnF0938FCC42DEA4FFB375DD89F491198C.tmp' to '../../../../../Unreal Projects/Plan-X/PlanX/Content/VirtualRealityBP/Blueprints/MotionControllerPawn.uasset'
[2017.09.07-05.27.20:474][230]LogSavePackage: Display: Finished SavePackage ../../../../../Unreal Projects/Plan-X/PlanX/Content/VirtualRealityBP/Blueprints/MotionControllerPawn.uasset
[2017.09.07-05.27.20:934][253]LogSavePackage: Save=184.92ms
[2017.09.07-05.27.20:934][253]LogSavePackage: Moving '../../../../../Unreal Projects/Plan-X/PlanX/Saved/MotionControllerPawn9CAD04D043229D1FB6BB4FAE46C62301.tmp' to '../../../../../Unreal Projects/Plan-X/PlanX/Content/VirtualRealityBP/Blueprints/MotionControllerPawn.uasset'
[2017.09.07-05.27.20:935][253]LogSavePackage: Display: Finished SavePackage ../../../../../Unreal Projects/Plan-X/PlanX/Content/VirtualRealityBP/Blueprints/MotionControllerPawn.uasset
[2017.09.07-05.32.57:623][334]LogSavePackage: Save=52.17ms
[2017.09.07-05.32.57:623][334]LogSavePackage: Moving '../../../../../Unreal Projects/Plan-X/PlanX/Saved/Challange_L_1_0_Auto3E02EC0E0466BE6414CB0C88913C73017.tmp' to '../../../../../Unreal Projects/Plan-X/PlanX/Saved/Autosaves/Game/Assets/Mapt_data/Challenge_Levels/Challange_L_1_0_Auto3.umap'
[2017.09.07-05.32.57:625][334]LogSavePackage: Display: Finished SavePackage ../../../../../Unreal Projects/Plan-X/PlanX/Saved/Autosaves/Game/Assets/Mapt_data/Challenge_Levels/Challange_L_1_0_Auto3.umap
[2017.09.07-05.32.57:627][334]LogFileHelpers: Editor autosave (incl. sublevels) for '/Game/Assets/Mapt_data/Challenge_Levels/Challange_L_1_0' took 0.091
[2017.09.07-05.32.57:627][334]LogFileHelpers: Editor autosave (incl. sublevels) for all levels took 0.091
[2017.09.07-05.39.23:773][292]BlueprintLog: New page: Compile MotionControllerPawn
[2017.09.07-05.39.31:017][809]BlueprintLog: New page: Compile MotionControllerPawn
[2017.09.07-05.39.32:278][857]LogSavePackage: Save=208.48ms
[2017.09.07-05.39.32:278][857]LogSavePackage: Moving '../../../../../Unreal Projects/Plan-X/PlanX/Saved/MotionControllerPawn53282F3F417A2D42BDA8839C8BAB99FD.tmp' to '../../../../../Unreal Projects/Plan-X/PlanX/Content/VirtualRealityBP/Blueprints/MotionControllerPawn.uasset'
[2017.09.07-05.39.32:281][857]LogSavePackage: Display: Finished SavePackage ../../../../../Unreal Projects/Plan-X/PlanX/Content/VirtualRealityBP/Blueprints/MotionControllerPawn.uasset
[2017.09.07-05.39.50:911][243]BlueprintLog: New page: Compile MotionControllerPawn
[2017.09.07-05.41.24:362][468]LogSavePackage: Save=201.73ms
[2017.09.07-05.41.24:362][468]LogSavePackage: Moving '../../../../../Unreal Projects/Plan-X/PlanX/Saved/MotionControllerPawn2F126DE9456D12E75FC34EAEA028A192.tmp' to '../../../../../Unreal Projects/Plan-X/PlanX/Content/VirtualRealityBP/Blueprints/MotionControllerPawn.uasset'
[2017.09.07-05.41.24:365][468]LogSavePackage: Display: Finished SavePackage ../../../../../Unreal Projects/Plan-X/PlanX/Content/VirtualRealityBP/Blueprints/MotionControllerPawn.uasset
[2017.09.07-05.41.26:831][690]LogSavePackage: Save=48.31ms
[2017.09.07-05.41.26:831][690]LogSavePackage: Moving '../../../../../Unreal Projects/Plan-X/PlanX/Saved/Challange_L_1_0CBCB811049F958008A0694BADC226AF0.tmp' to '../../../../../Unreal Projects/Plan-X/PlanX/Content/Assets/Mapt_data/Challenge_Levels/Challange_L_1_0.umap'
[2017.09.07-05.41.26:835][690]LogSavePackage: Display: Finished SavePackage ../../../../../Unreal Projects/Plan-X/PlanX/Content/Assets/Mapt_data/Challenge_Levels/Challange_L_1_0.umap
[2017.09.07-05.41.26:865][690]LogFileHelpers: Saving map 'Challange_L_1_0' took 0.194
[2017.09.07-05.41.35:956][653]LogEditorViewport: Clicking on Actor (LMB): MotionControllerPawn_C (VRPawn)
[2017.09.07-05.41.48:019][ 42]LogEditorViewport: Clicking on Actor (LMB): MotionControllerPawn_C (VRPawn)
[2017.09.07-05.41.51:835][480]Cmd: TRANSACTION UNDO
[2017.09.07-05.41.51:835][480]LogEditorTransaction: Undo Clicking on Actors
[2017.09.07-05.41.53:118][621]Cmd: TRANSACTION UNDO
[2017.09.07-05.41.53:118][621]LogEditorTransaction: Undo Clicking on Actors
[2017.09.07-05.42.05:406][ 85]LogEditorViewport: Clicking on Actor (LMB): MotionControllerPawn_C (VRPawn)
[2017.09.07-05.42.12:720][747]LogEditorViewport: Clicking on Actor (LMB): StaticMeshActor (CL1AL_Starting_point)
[2017.09.07-05.42.14:619][908]LogEditorViewport: Clicking Background
[2017.09.07-05.42.18:504][345]LogSavePackage: Save=45.79ms
[2017.09.07-05.42.18:505][345]LogSavePackage: Moving '../../../../../Unreal Projects/Plan-X/PlanX/Saved/Challange_L_1_02F1D41234A03A463A9B5B89AC05D5503.tmp' to '../../../../../Unreal Projects/Plan-X/PlanX/Content/Assets/Mapt_data/Challenge_Levels/Challange_L_1_0.umap'
[2017.09.07-05.42.18:506][345]LogSavePackage: Display: Finished SavePackage ../../../../../Unreal Projects/Plan-X/PlanX/Content/Assets/Mapt_data/Challenge_Levels/Challange_L_1_0.umap
[2017.09.07-05.42.20:215][345]LogSlate: Took 0.000239 seconds to synchronously load lazily loaded font '../../../Engine/Content/Slate/Fonts/Roboto-Regular.ttf' (155K)
[2017.09.07-05.42.20:826][345]LogSavePackage: Save=2199.75ms
[2017.09.07-05.42.20:826][345]LogSavePackage: Moving '../../../../../Unreal Projects/Plan-X/PlanX/Saved/Challange_L_1_0_BuiltData57E6696F45C924D369C68596BB34F9B6.tmp' to '../../../../../Unreal Projects/Plan-X/PlanX/Content/Assets/Mapt_data/Challenge_Levels/Challange_L_1_0_BuiltData.uasset'
[2017.09.07-05.42.20:915][345]LogSavePackage: Display: Finished SavePackage ../../../../../Unreal Projects/Plan-X/PlanX/Content/Assets/Mapt_data/Challenge_Levels/Challange_L_1_0_BuiltData.uasset
[2017.09.07-05.42.25:229][843]LogWindowsTextInputMethodSystem: Display: IME system now deactivated.
[2017.09.07-05.42.25:421][844]Cmd: QUIT_EDITOR
[2017.09.07-05.42.25:456][844]LogExit: Preparing to exit.
[2017.09.07-05.42.26:545][844]LogDirectoryWatcher: A directory notification for 'Q:/Unreal Projects/Plan-X/PlanX/Content/' was aborted.
[2017.09.07-05.42.26:661][844]LogExit: Editor shut down
[2017.09.07-05.42.26:685][844]LogExit: Transaction tracking system shut down
[2017.09.07-05.42.26:925][844]LogDirectoryWatcher: A directory notification for '../../../Engine/Content/' was aborted.
[2017.09.07-05.42.26:925][844]LogDirectoryWatcher: A directory notification for '../../../../../Unreal Projects/Plan-X/PlanX/Content/' was aborted.
[2017.09.07-05.42.26:925][844]LogDirectoryWatcher: A directory notification for '../../../Engine/Plugins/Runtime/Oculus/OculusVR/Content/' was aborted.
[2017.09.07-05.42.26:925][844]LogDirectoryWatcher: A directory notification for '../../../Engine/Plugins/Runtime/Steam/SteamVR/Content/' was aborted.
[2017.09.07-05.42.27:178][844]LogExit: Object subsystem successfully closed.
[2017.09.07-05.42.27:204][844]LogD3D11RHI: Shutdown
[2017.09.07-05.42.27:204][844]LogD3D11RHI: CleanupD3DDevice
[2017.09.07-05.42.27:275][844]LogD3D11RHI: ~FD3D11DynamicRHI
[2017.09.07-05.42.27:294][844]LogModuleManager: Shutting down and abandoning module BlueprintGraph (528)
[2017.09.07-05.42.27:295][844]LogModuleManager: Shutting down and abandoning module BlueprintProfiler (526)
[2017.09.07-05.42.27:310][844]LogModuleManager: Shutting down and abandoning module HierarchicalLODOutliner (524)
[2017.09.07-05.42.27:310][844]LogModuleManager: Shutting down and abandoning module ExternalImagePicker (522)
[2017.09.07-05.42.27:310][844]LogModuleManager: Shutting down and abandoning module SceneOutliner (520)
[2017.09.07-05.42.27:317][844]LogModuleManager: Shutting down and abandoning module AddContentDialog (518)
[2017.09.07-05.42.27:317][844]LogDirectoryWatcher: A directory notification for 'Q:/Unreal Engine/UE_4.17/FeaturePacks/' was aborted.
[2017.09.07-05.42.27:322][844]LogModuleManager: Shutting down and abandoning module WidgetCarousel (517)
[2017.09.07-05.42.27:322][844]LogModuleManager: Shutting down and abandoning module EditorWidgets (514)
[2017.09.07-05.42.27:322][844]LogModuleManager: Shutting down and abandoning module CollectionManager (512)
[2017.09.07-05.42.27:322][844]LogDirectoryWatcher: A directory notification for 'Q:/Unreal Projects/Plan-X/PlanX/Content/Collections/' was aborted.
[2017.09.07-05.42.27:322][844]LogDirectoryWatcher: A directory notification for 'Q:/Unreal Projects/Plan-X/PlanX/Content/Developers/RobertForbes/Collections/' was aborted.
[2017.09.07-05.42.27:322][844]LogDirectoryWatcher: A directory notification for 'Q:/Unreal Projects/Plan-X/PlanX/Saved/Collections/' was aborted.
[2017.09.07-05.42.27:322][844]LogModuleManager: Shutting down and abandoning module StatsViewer (510)
[2017.09.07-05.42.27:323][844]LogModuleManager: Shutting down and abandoning module FoliageEdit (508)
[2017.09.07-05.42.27:323][844]LogModuleManager: Shutting down and abandoning module LandscapeEditor (506)
[2017.09.07-05.42.27:323][844]LogModuleManager: Shutting down and abandoning module MeshPaintMode (504)
[2017.09.07-05.42.27:323][844]LogModuleManager: Shutting down and abandoning module MeshPaint (503)
[2017.09.07-05.42.27:323][844]LogModuleManager: Shutting down and abandoning module SceneDepthPickerMode (500)
[2017.09.07-05.42.27:323][844]LogModuleManager: Shutting down and abandoning module ActorPickerMode (498)
[2017.09.07-05.42.27:323][844]LogModuleManager: Shutting down and abandoning module GeometryMode (496)
[2017.09.07-05.42.27:323][844]LogModuleManager: Shutting down and abandoning module TextureAlignMode (494)
[2017.09.07-05.42.27:323][844]LogModuleManager: Shutting down and abandoning module BspMode (492)
[2017.09.07-05.42.27:323][844]LogModuleManager: Shutting down and abandoning module PIEPreviewDeviceProfileSelector (490)
[2017.09.07-05.42.27:323][844]LogModuleManager: Shutting down and abandoning module HardwareSurvey (488)
[2017.09.07-05.42.27:323][844]LogModuleManager: Shutting down and abandoning module SequenceRecorderSections (486)
[2017.09.07-05.42.27:323][844]LogModuleManager: Shutting down and abandoning module AutomationWorker (484)
[2017.09.07-05.42.27:323][844]LogModuleManager: Shutting down and abandoning module MatineeToLevelSequence (482)
[2017.09.07-05.42.27:323][844]LogModuleManager: Shutting down and abandoning module LevelSequenceEditor (480)
[2017.09.07-05.42.27:323][844]LogModuleManager: Shutting down and abandoning module PlacementMode (479)
[2017.09.07-05.42.27:323][844]LogModuleManager: Shutting down and abandoning module WmfMediaFactory (476)
[2017.09.07-05.42.27:323][844]LogModuleManager: Shutting down and abandoning module WmfMediaEditor (474)
[2017.09.07-05.42.27:323][844]LogModuleManager: Shutting down and abandoning module AvfMediaFactory (472)
[2017.09.07-05.42.27:323][844]LogModuleManager: Shutting down and abandoning module AvfMediaEditor (470)
[2017.09.07-05.42.27:323][844]LogModuleManager: Shutting down and abandoning module AndroidMediaFactory (468)
[2017.09.07-05.42.27:323][844]LogModuleManager: Shutting down and abandoning module Media (467)
[2017.09.07-05.42.27:323][844]LogModuleManager: Shutting down and abandoning module AndroidMediaEditor (464)
[2017.09.07-05.42.27:323][844]LogModuleManager: Shutting down and abandoning module CharacterAI (462)
[2017.09.07-05.42.27:323][844]LogModuleManager: Shutting down and abandoning module AudioCapture (460)
[2017.09.07-05.42.27:323][844]LogModuleManager: Shutting down and abandoning module SequenceRecorder (459)
[2017.09.07-05.42.27:323][844]LogModuleManager: Shutting down and abandoning module SessionServices (456)
[2017.09.07-05.42.27:323][844]LogModuleManager: Shutting down and abandoning module ViewportSnapping (454)
[2017.09.07-05.42.27:323][844]LogModuleManager: Shutting down and abandoning module ViewportInteraction (452)
[2017.09.07-05.42.27:323][844]LogModuleManager: Shutting down and abandoning module ClothPainter (450)
[2017.09.07-05.42.27:323][844]LogModuleManager: Shutting down and abandoning module LogVisualizer (448)
[2017.09.07-05.42.27:324][844]LogModuleManager: Shutting down and abandoning module IntroTutorials (446)
[2017.09.07-05.42.27:324][844]LogModuleManager: Shutting down and abandoning module GameProjectGeneration (445)
[2017.09.07-05.42.27:324][844]LogModuleManager: Shutting down and abandoning module IOSPlatformEditor (442)
[2017.09.07-05.42.27:324][844]LogModuleManager: Shutting down and abandoning module HTML5PlatformEditor (440)
[2017.09.07-05.42.27:324][844]LogModuleManager: Shutting down and abandoning module AndroidPlatformEditor (438)
[2017.09.07-05.42.27:324][844]LogModuleManager: Shutting down and abandoning module AndroidDeviceDetection (437)
[2017.09.07-05.42.28:263][844]LogModuleManager: Shutting down and abandoning module WindowsPlatformEditor (434)
[2017.09.07-05.42.28:263][844]LogModuleManager: Shutting down and abandoning module IOSRuntimeSettings (432)
[2017.09.07-05.42.28:263][844]LogModuleManager: Shutting down and abandoning module AndroidRuntimeSettings (430)
[2017.09.07-05.42.28:263][844]LogModuleManager: Shutting down and abandoning module InputBindingEditor (428)
[2017.09.07-05.42.28:263][844]LogModuleManager: Shutting down and abandoning module MergeActors (426)
[2017.09.07-05.42.28:263][844]LogModuleManager: Shutting down and abandoning module SizeMap (424)
[2017.09.07-05.42.28:263][844]LogModuleManager: Shutting down and abandoning module TreeMap (422)
[2017.09.07-05.42.28:263][844]LogModuleManager: Shutting down and abandoning module ReferenceViewer (420)
[2017.09.07-05.42.28:263][844]LogModuleManager: Shutting down and abandoning module LocalizationDashboard (418)
[2017.09.07-05.42.28:263][844]LogModuleManager: Shutting down and abandoning module LocalizationService (417)
[2017.09.07-05.42.28:263][844]LogModuleManager: Shutting down and abandoning module HardwareTargeting (414)
[2017.09.07-05.42.28:263][844]LogModuleManager: Shutting down and abandoning module DeviceProfileEditor (412)
[2017.09.07-05.42.28:263][844]LogModuleManager: Shutting down and abandoning module UndoHistory (410)
[2017.09.07-05.42.28:264][844]LogModuleManager: Shutting down and abandoning module XmlParser (408)
[2017.09.07-05.42.28:264][844]LogModuleManager: Shutting down and abandoning module Blutility (406)
[2017.09.07-05.42.28:264][844]LogModuleManager: Shutting down and abandoning module ProjectSettingsViewer (404)
[2017.09.07-05.42.28:264][844]LogModuleManager: Shutting down and abandoning module ProjectTargetPlatformEditor (403)
[2017.09.07-05.42.28:264][844]LogModuleManager: Shutting down and abandoning module EditorSettingsViewer (400)
[2017.09.07-05.42.28:264][844]LogModuleManager: Shutting down and abandoning module SettingsEditor (398)
[2017.09.07-05.42.28:264][844]LogModuleManager: Shutting down and abandoning module ProjectLauncher (396)
[2017.09.07-05.42.28:264][844]LogModuleManager: Shutting down and abandoning module SessionFrontend (394)
[2017.09.07-05.42.28:264][844]LogModuleManager: Shutting down and abandoning module ProfilerClient (392)
[2017.09.07-05.42.28:265][844]LogModuleManager: Shutting down and abandoning module DeviceManager (390)
[2017.09.07-05.42.28:265][844]LogModuleManager: Shutting down and abandoning module TargetDeviceServices (389)
[2017.09.07-05.42.28:320][844]LogModuleManager: Shutting down and abandoning module AutomationController (386)
[2017.09.07-05.42.28:320][844]LogModuleManager: Shutting down and abandoning module AutomationWindow (384)
[2017.09.07-05.42.28:320][844]LogModuleManager: Shutting down and abandoning module Layers (382)
[2017.09.07-05.42.28:320][844]LogModuleManager: Shutting down and abandoning module ComponentVisualizers (380)
[2017.09.07-05.42.28:320][844]LogModuleManager: Shutting down and abandoning module DetailCustomizations (378)
[2017.09.07-05.42.28:320][844]LogModuleManager: Shutting down and abandoning module PackagesDialog (376)
[2017.09.07-05.42.28:320][844]LogModuleManager: Shutting down and abandoning module Persona (374)
[2017.09.07-05.42.28:320][844]LogModuleManager: Shutting down and abandoning module AdvancedPreviewScene (373)
[2017.09.07-05.42.28:320][844]LogModuleManager: Shutting down and abandoning module AnimGraph (371)
[2017.09.07-05.42.28:320][844]LogModuleManager: Shutting down and abandoning module Kismet (368)
[2017.09.07-05.42.28:331][844]LogModuleManager: Shutting down and abandoning module LevelEditor (367)
[2017.09.07-05.42.28:332][844]LogModuleManager: Shutting down and abandoning module PixelInspectorModule (366)
[2017.09.07-05.42.28:332][844]LogModuleManager: Shutting down and abandoning module ClassViewer (362)
[2017.09.07-05.42.28:332][844]LogModuleManager: Shutting down and abandoning module Toolbox (360)
[2017.09.07-05.42.28:332][844]LogModuleManager: Shutting down and abandoning module ModuleUI (358)
[2017.09.07-05.42.28:332][844]LogModuleManager: Shutting down and abandoning module MovieSceneTools (356)
[2017.09.07-05.42.28:332][844]LogModuleManager: Shutting down and abandoning module OutputLog (354)
[2017.09.07-05.42.28:332][844]LogModuleManager: Shutting down and abandoning module GammaUI (352)
[2017.09.07-05.42.28:332][844]LogModuleManager: Shutting down and abandoning module Documentation (350)
[2017.09.07-05.42.28:333][844]LogModuleManager: Shutting down and abandoning module MovieSceneTracks (348)
[2017.09.07-05.42.28:333][844]LogModuleManager: Shutting down and abandoning module MovieScene (346)
[2017.09.07-05.42.28:333][844]LogModuleManager: Shutting down and abandoning module Niagara (344)
[2017.09.07-05.42.28:333][844]LogModuleManager: Shutting down and abandoning module NiagaraEditor (343)
[2017.09.07-05.42.28:333][844]LogModuleManager: Shutting down and abandoning module StreamingPauseRendering (340)
[2017.09.07-05.42.28:333][844]LogModuleManager: Shutting down and abandoning module LauncherPlatform (338)
[2017.09.07-05.42.28:333][844]LogModuleManager: Shutting down and abandoning module AnalyticsET (336)
[2017.09.07-05.42.28:333][844]LogModuleManager: Shutting down and abandoning module PortalServices (334)
[2017.09.07-05.42.28:333][844]LogModuleManager: Shutting down and abandoning module PortalRpc (332)
[2017.09.07-05.42.28:333][844]LogModuleManager: Shutting down and abandoning module MessagingRpc (330)
[2017.09.07-05.42.28:333][844]LogModuleManager: Shutting down and abandoning module AIModule (328)
[2017.09.07-05.42.28:333][844]LogModuleManager: Shutting down and abandoning module GameplayDebugger (327)
[2017.09.07-05.42.28:333][844]LogModuleManager: Shutting down and abandoning module AITestSuite (325)
[2017.09.07-05.42.28:333][844]LogModuleManager: Shutting down and abandoning module ProfilerService (322)
[2017.09.07-05.42.28:500][844]LogModuleManager: Shutting down and abandoning module TaskGraph (320)
[2017.09.07-05.42.28:500][844]LogModuleManager: Shutting down and abandoning module SteamVRController (318)
[2017.09.07-05.42.28:500][844]LogModuleManager: Shutting down and abandoning module ProceduralMeshComponentEditor (316)
[2017.09.07-05.42.28:500][844]LogModuleManager: Shutting down and abandoning module ProceduralMeshComponent (314)
[2017.09.07-05.42.28:500][844]LogModuleManager: Shutting down and abandoning module OculusInput (312)
[2017.09.07-05.42.28:500][844]LogModuleManager: Shutting down and abandoning module Ansel (310)
[2017.09.07-05.42.28:570][844]LogModuleManager: Shutting down and abandoning module MobilePatchingUtils (308)
[2017.09.07-05.42.28:570][844]LogModuleManager: Shutting down and abandoning module CustomMeshComponent (306)
[2017.09.07-05.42.28:570][844]LogModuleManager: Shutting down and abandoning module CableComponent (304)
[2017.09.07-05.42.28:570][844]LogModuleManager: Shutting down and abandoning module ArchVisCharacter (302)
[2017.09.07-05.42.28:570][844]LogModuleManager: Shutting down and abandoning module AndroidPermission (300)
[2017.09.07-05.42.28:570][844]LogModuleManager: Shutting down and abandoning module MediaPlayerEditor (296)
[2017.09.07-05.42.28:570][844]LogModuleManager: Shutting down and abandoning module HTML5Networking (294)
[2017.09.07-05.42.28:570][844]LogModuleManager: Shutting down and abandoning module AlembicImporter (292)
[2017.09.07-05.42.28:570][844]LogModuleManager: Shutting down and abandoning module AlembicLibrary (291)
[2017.09.07-05.42.28:570][844]LogModuleManager: Shutting down and abandoning module GeometryCache (290)
[2017.09.07-05.42.28:570][844]LogModuleManager: Shutting down and abandoning module GeometryCacheEd (289)
[2017.09.07-05.42.28:570][844]LogModuleManager: Shutting down and abandoning module SpeedTreeImporter (284)
[2017.09.07-05.42.28:570][844]LogModuleManager: Shutting down and abandoning module PluginBrowser (282)
[2017.09.07-05.42.28:570][844]LogModuleManager: Shutting down and abandoning module MainFrame (281)
[2017.09.07-05.42.28:570][844]LogModuleManager: Shutting down and abandoning module MobileLauncherProfileWizard (278)
[2017.09.07-05.42.28:571][844]LogModuleManager: Shutting down and abandoning module VisualStudioSourceCodeAccess (276)
[2017.09.07-05.42.28:571][844]LogModuleManager: Shutting down and abandoning module DesktopPlatform (275)
[2017.09.07-05.42.28:571][844]LogModuleManager: Shutting down and abandoning module HotReload (273)
[2017.09.07-05.42.28:571][844]LogModuleManager: Shutting down and abandoning module UObjectPlugin (270)
[2017.09.07-05.42.28:571][844]LogModuleManager: Shutting down and abandoning module SubversionSourceControl (268)
[2017.09.07-05.42.28:571][844]LogModuleManager: Shutting down and abandoning module PerforceSourceControl (266)
[2017.09.07-05.42.28:571][844]LogModuleManager: Shutting down and abandoning module GitSourceControl (264)
[2017.09.07-05.42.28:571][844]LogModuleManager: Shutting down and abandoning module SourceControl (263)
[2017.09.07-05.42.28:571][844]LogModuleManager: Shutting down and abandoning module LightPropagationVolumeEditor (260)
[2017.09.07-05.42.28:571][844]LogModuleManager: Shutting down and abandoning module RuntimePhysXCooking (258)
[2017.09.07-05.42.28:571][844]LogModuleManager: Shutting down and abandoning module PhysXVehiclesEditor (256)
[2017.09.07-05.42.28:571][844]LogModuleManager: Shutting down and abandoning module PhysXVehicles (254)
[2017.09.07-05.42.28:571][844]LogModuleManager: Shutting down and abandoning module OculusEditor (252)
[2017.09.07-05.42.28:571][844]LogModuleManager: Shutting down and abandoning module LocationServicesBPLibrary (250)
[2017.09.07-05.42.28:571][844]LogModuleManager: Shutting down and abandoning module ImmediatePhysicsEditor (248)
[2017.09.07-05.42.28:571][844]LogModuleManager: Shutting down and abandoning module ImmediatePhysics (246)
[2017.09.07-05.42.28:571][844]LogModuleManager: Shutting down and abandoning module UdpMessaging (244)
[2017.09.07-05.42.28:672][844]LogModuleManager: Shutting down and abandoning module TcpMessaging (242)
[2017.09.07-05.42.28:773][844]LogModuleManager: Shutting down and abandoning module GameplayTagsEditor (240)
[2017.09.07-05.42.28:773][844]LogModuleManager: Shutting down and abandoning module FacialAnimationEditor (238)
[2017.09.07-05.42.28:773][844]LogModuleManager: Shutting down and abandoning module FacialAnimation (236)
[2017.09.07-05.42.28:773][844]LogModuleManager: Shutting down and abandoning module AssetManagerEditor (234)
[2017.09.07-05.42.28:773][844]LogModuleManager: Shutting down and abandoning module GraphEditor (233)
[2017.09.07-05.42.28:773][844]LogModuleManager: Shutting down and abandoning module ContentBrowser (231)
[2017.09.07-05.42.28:775][844]LogModuleManager: Shutting down and abandoning module LightPropagationVolumeRuntime (228)
[2017.09.07-05.42.28:775][844]LogModuleManager: Shutting down and abandoning module WindowsMoviePlayer (226)
[2017.09.07-05.42.28:775][844]LogModuleManager: Shutting down and abandoning module WmfMedia (224)
[2017.09.07-05.42.28:776][844]LogModuleManager: Shutting down and abandoning module PacketHandler (222)
[2017.09.07-05.42.28:776][844]LogModuleManager: Shutting down and abandoning module ClothingSystemEditor (220)
[2017.09.07-05.42.28:776][844]LogModuleManager: Shutting down and abandoning module ClothingSystemRuntime (218)
[2017.09.07-05.42.28:776][844]LogModuleManager: Shutting down and abandoning module Overlay (216)
[2017.09.07-05.42.28:776][844]LogModuleManager: Shutting down and abandoning module OverlayEditor (215)
[2017.09.07-05.42.28:776][844]LogModuleManager: Shutting down and abandoning module MediaAssets (212)
[2017.09.07-05.42.28:776][844]LogModuleManager: Shutting down and abandoning module VREditor (210)
[2017.09.07-05.42.28:776][844]LogModuleManager: Shutting down and abandoning module StringTableEditor (208)
[2017.09.07-05.42.28:776][844]LogModuleManager: Shutting down and abandoning module GameplayTasksEditor (206)
[2017.09.07-05.42.28:776][844]LogModuleManager: Shutting down and abandoning module BehaviorTreeEditor (204)
[2017.09.07-05.42.28:776][844]LogModuleManager: Shutting down and abandoning module FunctionalTesting (202)
[2017.09.07-05.42.28:776][844]LogModuleManager: Shutting down and abandoning module CollisionAnalyzer (200)
[2017.09.07-05.42.28:776][844]LogModuleManager: Shutting down and abandoning module WorkspaceMenuStructure (199)
[2017.09.07-05.42.28:776][844]LogModuleManager: Shutting down and abandoning module UMG (196)
[2017.09.07-05.42.28:776][844]LogModuleManager: Shutting down and abandoning module UMGEditor (195)
[2017.09.07-05.42.28:776][844]LogModuleManager: Shutting down and abandoning module Sequencer (194)
[2017.09.07-05.42.28:776][844]LogModuleManager: Shutting down and abandoning module MessageLog (191)
[2017.09.07-05.42.28:776][844]LogModuleManager: Shutting down and abandoning module SlateReflector (186)
[2017.09.07-05.42.28:776][844]LogModuleManager: Shutting down and abandoning module Slate (184)
[2017.09.07-05.42.28:776][844]LogModuleManager: Shutting down and abandoning module EditorStyle (182)
[2017.09.07-05.42.28:778][844]LogModuleManager: Shutting down and abandoning module MRMesh (180)
[2017.09.07-05.42.28:779][844]LogModuleManager: Shutting down and abandoning module SourceCodeAccess (178)
[2017.09.07-05.42.28:779][844]LogModuleManager: Shutting down and abandoning module HeadMountedDisplay (176)
[2017.09.07-05.42.28:779][844]LogModuleManager: Shutting down and abandoning module XAudio2 (174)
[2017.09.07-05.42.28:779][844]LogModuleManager: Shutting down and abandoning module Networking (172)
[2017.09.07-05.42.28:779][844]LogModuleManager: Shutting down and abandoning module Core (168)
[2017.09.07-05.42.28:779][844]LogModuleManager: Shutting down and abandoning module KismetCompiler (164)
[2017.09.07-05.42.28:779][844]LogModuleManager: Shutting down and abandoning module LevelSequence (162)
[2017.09.07-05.42.28:779][844]LogModuleManager: Shutting down and abandoning module MeshUtilities (160)
[2017.09.07-05.42.28:779][844]LogModuleManager: Shutting down and abandoning module MeshMergeUtilities (159)
[2017.09.07-05.42.28:779][844]LogModuleManager: Shutting down and abandoning module MeshReductionInterface (158)
[2017.09.07-05.42.28:779][844]LogModuleManager: Shutting down and abandoning module SimplygonSwarm (157)
[2017.09.07-05.42.28:779][844]LogModuleManager: Shutting down and abandoning module SimplygonMeshReduction (155)
[2017.09.07-05.42.28:779][844]LogModuleManager: Shutting down and abandoning module QuadricMeshReduction (153)
[2017.09.07-05.42.28:779][844]LogModuleManager: Shutting down and abandoning module MaterialBaking (149)
[2017.09.07-05.42.28:779][844]LogModuleManager: Shutting down and abandoning module DirectoryWatcher (146)
[2017.09.07-05.42.28:784][844]LogModuleManager: Shutting down and abandoning module DerivedDataCache (144)
[2017.09.07-05.42.28:817][844]LogDerivedDataCache: Shutdown
[2017.09.07-05.42.28:817][844]LogModuleManager: Shutting down and abandoning module TargetPlatform (142)
[2017.09.07-05.42.28:817][844]LogModuleManager: Shutting down and abandoning module VulkanShaderFormat (141)
[2017.09.07-05.42.28:817][844]LogModuleManager: Shutting down and abandoning module ShaderFormatVectorVM (139)
[2017.09.07-05.42.28:817][844]LogModuleManager: Shutting down and abandoning module ShaderFormatOpenGL (137)
[2017.09.07-05.42.28:817][844]LogModuleManager: Shutting down and abandoning module ShaderFormatD3D (135)
[2017.09.07-05.42.28:817][844]LogModuleManager: Shutting down and abandoning module MetalShaderFormat (133)
[2017.09.07-05.42.28:817][844]LogModuleManager: Shutting down and abandoning module TextureFormatUncompressed (131)
[2017.09.07-05.42.28:817][844]LogModuleManager: Shutting down and abandoning module TextureFormatPVR (129)
[2017.09.07-05.42.28:817][844]LogModuleManager: Shutting down and abandoning module TextureFormatDXT (127)
[2017.09.07-05.42.28:817][844]LogModuleManager: Shutting down and abandoning module TextureFormatIntelISPCTexComp (125)
[2017.09.07-05.42.28:818][844]LogModuleManager: Shutting down and abandoning module TextureFormatASTC (123)
[2017.09.07-05.42.28:818][844]LogModuleManager: Shutting down and abandoning module ImageWrapper (122)
[2017.09.07-05.42.28:818][844]LogModuleManager: Shutting down and abandoning module TextureFormatAndroid (119)
[2017.09.07-05.42.28:818][844]LogModuleManager: Shutting down and abandoning module AudioFormatOpus (117)
[2017.09.07-05.42.28:818][844]LogModuleManager: Shutting down and abandoning module AudioFormatOgg (115)
[2017.09.07-05.42.28:818][844]LogModuleManager: Shutting down and abandoning module AudioFormatADPCM (113)
[2017.09.07-05.42.28:818][844]LogModuleManager: Shutting down and abandoning module LinuxTargetPlatform (111)
[2017.09.07-05.42.28:818][844]LogModuleManager: Shutting down and abandoning module LinuxServerTargetPlatform (109)
[2017.09.07-05.42.28:818][844]LogModuleManager: Shutting down and abandoning module LinuxNoEditorTargetPlatform (107)
[2017.09.07-05.42.28:818][844]LogModuleManager: Shutting down and abandoning module LinuxClientTargetPlatform (105)
[2017.09.07-05.42.28:818][844]LogModuleManager: Shutting down and abandoning module TVOSTargetPlatform (103)
[2017.09.07-05.42.28:818][844]LogModuleManager: Shutting down and abandoning module Messaging (101)
[2017.09.07-05.42.28:818][844]LogModuleManager: Shutting down and abandoning module IOSTargetPlatform (99)
[2017.09.07-05.42.28:818][844]LogModuleManager: Shutting down and abandoning module HTML5TargetPlatform (97)
[2017.09.07-05.42.28:818][844]LogModuleManager: Shutting down and abandoning module Android_PVRTCTargetPlatform (95)
[2017.09.07-05.42.28:818][844]LogModuleManager: Shutting down and abandoning module Android_MultiTargetPlatform (93)
[2017.09.07-05.42.28:818][844]LogModuleManager: Shutting down and abandoning module Android_ETC2TargetPlatform (91)
[2017.09.07-05.42.28:818][844]LogModuleManager: Shutting down and abandoning module Android_ETC1TargetPlatform (89)
[2017.09.07-05.42.28:818][844]LogModuleManager: Shutting down and abandoning module Android_DXTTargetPlatform (87)
[2017.09.07-05.42.28:818][844]LogModuleManager: Shutting down and abandoning module Android_ATCTargetPlatform (85)
[2017.09.07-05.42.28:818][844]LogModuleManager: Shutting down and abandoning module Android_ASTCTargetPlatform (83)
[2017.09.07-05.42.28:818][844]LogModuleManager: Shutting down and abandoning module AndroidTargetPlatform (81)
[2017.09.07-05.42.28:818][844]LogModuleManager: Shutting down and abandoning module WindowsTargetPlatform (79)
[2017.09.07-05.42.28:818][844]LogModuleManager: Shutting down and abandoning module WindowsServerTargetPlatform (77)
[2017.09.07-05.42.28:818][844]LogModuleManager: Shutting down and abandoning module WindowsNoEditorTargetPlatform (75)
[2017.09.07-05.42.28:818][844]LogModuleManager: Shutting down and abandoning module WindowsClientTargetPlatform (73)
[2017.09.07-05.42.28:818][844]LogModuleManager: Shutting down and abandoning module MacTargetPlatform (71)
[2017.09.07-05.42.28:818][844]LogModuleManager: Shutting down and abandoning module MacServerTargetPlatform (69)
[2017.09.07-05.42.28:818][844]LogModuleManager: Shutting down and abandoning module MacNoEditorTargetPlatform (67)
[2017.09.07-05.42.28:818][844]LogModuleManager: Shutting down and abandoning module MacClientTargetPlatform (65)
[2017.09.07-05.42.28:818][844]LogModuleManager: Shutting down and abandoning module AllDesktopTargetPlatform (63)
[2017.09.07-05.42.28:818][844]LogModuleManager: Shutting down and abandoning module InputCore (60)
[2017.09.07-05.42.28:818][844]LogModuleManager: Shutting down and abandoning module Settings (58)
[2017.09.07-05.42.28:818][844]LogModuleManager: Shutting down and abandoning module PhysXCooking (56)
[2017.09.07-05.42.28:818][844]LogModuleManager: Shutting down and abandoning module SteamVR (54)
[2017.09.07-05.42.28:818][844]LogModuleManager: Shutting down and abandoning module OculusHMD (52)
[2017.09.07-05.42.28:818][844]LogModuleManager: Shutting down and abandoning module ExampleDeviceProfileSelector (50)
[2017.09.07-05.42.28:818][844]LogModuleManager: Shutting down and abandoning module OnlineBlueprintSupport (48)
[2017.09.07-05.42.28:818][844]LogModuleManager: Shutting down and abandoning module OnlineSubsystem (44)
[2017.09.07-05.42.28:818][844]LogOnline: Display: Unloading online subsystem: NULL
[2017.09.07-05.42.28:818][844]LogModuleManager: Shutting down and abandoning module XMPP (43)
[2017.09.07-05.42.28:818][844]LogModuleManager: Shutting down and abandoning module HTTP (41)
[2017.09.07-05.42.28:818][844]LogHttp: Display: Http module shutting down, but needs to wait on 1 outstanding Http requests:
[2017.09.07-05.42.28:819][844]LogHttp: Display: 	verb=[POST] url=[https://datarouter.ol.epicgames.com/datarouter/api/v1/public/data?SessionID=%7BCC6CE13E-48F3-E0C0-241D-B987E5F96D8E%7D&AppID=UEEditor.Rocket.Release&AppVersion=4.17.1-3586342%2B%2B%2BUE4%2BRelease-4.17&UserID=d195f449449d6ca1a7d6e997d7b4619b%7C38799267579e43f199dcadb14603b7d0%7Cc4c036e9-0de7-44e5-8786-b569ea8dee15&AppEnvironment=datacollector-binary&UploadType=eteventstream] status=Processing
[2017.09.07-05.42.28:832][844]LogModuleManager: Shutting down and abandoning module SSL (40)
[2017.09.07-05.42.28:834][844]LogModuleManager: Shutting down and abandoning module AnimationModifiers (36)
[2017.09.07-05.42.28:834][844]LogModuleManager: Shutting down and abandoning module PropertyEditor (35)
[2017.09.07-05.42.28:834][844]LogModuleManager: Shutting down and abandoning module AudioEditor (32)
[2017.09.07-05.42.28:834][844]LogModuleManager: Shutting down and abandoning module TextureCompressor (30)
[2017.09.07-05.42.28:834][844]LogModuleManager: Shutting down and abandoning module ShaderCore (28)
[2017.09.07-05.42.28:834][844]LogModuleManager: Shutting down and abandoning module Landscape (26)
[2017.09.07-05.42.28:834][844]LogModuleManager: Shutting down and abandoning module SlateRHIRenderer (24)
[2017.09.07-05.42.28:839][844]LogModuleManager: Shutting down and abandoning module OpenGLDrv (22)
[2017.09.07-05.42.28:839][844]LogModuleManager: Shutting down and abandoning module D3D11RHI (20)
[2017.09.07-05.42.28:839][844]LogModuleManager: Shutting down and abandoning module AnimGraphRuntime (18)
[2017.09.07-05.42.28:839][844]LogModuleManager: Shutting down and abandoning module Renderer (16)
[2017.09.07-05.42.28:839][844]LogModuleManager: Shutting down and abandoning module Engine (14)
[2017.09.07-05.42.28:839][844]LogModuleManager: Shutting down and abandoning module CoreUObject (12)
[2017.09.07-05.42.28:839][844]LogModuleManager: Shutting down and abandoning module NetworkFile (10)
[2017.09.07-05.42.28:839][844]LogModuleManager: Shutting down and abandoning module CookedIterativeFile (8)
[2017.09.07-05.42.28:839][844]LogModuleManager: Shutting down and abandoning module StreamingFile (6)
[2017.09.07-05.42.28:839][844]LogModuleManager: Shutting down and abandoning module SandboxFile (4)
[2017.09.07-05.42.28:839][844]LogModuleManager: Shutting down and abandoning module PakFile (2)
[2017.09.07-05.42.28:842][844]LogExit: Exiting.
[2017.09.07-05.42.28:860][844]Log file closed, 09/07/17 01:42:28
