Log file open, 09/01/17 10:05:43
LogWindows: LoadLibraryWithSearchPaths failed for file aqProf.dll. GetLastError=0
LogWindows: LoadLibraryWithSearchPaths failed for file VtuneApi.dll. GetLastError=0
LogWindows: LoadLibraryWithSearchPaths failed for file VtuneApi32e.dll. GetLastError=0
LogInit: Display: Running engine for game: PlanX
LogPlatformFile: Not using cached read wrapper
LogInit: Display: RandInit(2028695498) SRandInit(2028695499).
LogTaskGraph: Started task graph with 5 named threads and 8 total threads with 3 sets of task threads.
LogStats: Stats thread started at 1.893069
LogD3D11RHI: Aftermath initialized
LogPluginManager: Mounting plugin LightPropagationVolume
LogPluginManager: Mounting plugin CodeLiteSourceCodeAccess
LogPluginManager: Mounting plugin GitSourceControl
LogPluginManager: Mounting plugin KDevelopSourceCodeAccess
LogPluginManager: Mounting plugin NullSourceCodeAccess
LogPluginManager: Mounting plugin PerforceSourceControl
LogPluginManager: Mounting plugin SubversionSourceControl
LogPluginManager: Mounting plugin UObjectPlugin
LogPluginManager: Mounting plugin VisualStudioSourceCodeAccess
LogPluginManager: Mounting plugin XCodeSourceCodeAccess
LogPluginManager: Mounting plugin AssetManagerEditor
LogPluginManager: Mounting plugin AudioCapture
LogPluginManager: Mounting plugin FacialAnimation
LogPluginManager: Mounting plugin GameplayTagsEditor
LogPluginManager: Mounting plugin MobileLauncherProfileWizard
LogPluginManager: Mounting plugin PluginBrowser
LogPluginManager: Mounting plugin SpeedTreeImporter
LogPluginManager: Mounting plugin AlembicImporter
LogPluginManager: Mounting plugin CharacterAI
LogPluginManager: Mounting plugin HTML5Networking
LogPluginManager: Mounting plugin AndroidMedia
LogPluginManager: Mounting plugin AvfMedia
LogPluginManager: Mounting plugin MediaPlayerEditor
LogPluginManager: Mounting plugin WmfMedia
LogPluginManager: Mounting plugin TcpMessaging
LogPluginManager: Mounting plugin UdpMessaging
LogPluginManager: Mounting plugin LevelSequenceEditor
LogPluginManager: Mounting plugin MatineeToLevelSequence
LogPluginManager: Mounting plugin OnlineSubsystemGooglePlay
LogPluginManager: Mounting plugin OnlineSubsystemIOS
LogPluginManager: Mounting plugin OnlineSubsystem
LogPluginManager: Mounting plugin OnlineSubsystemNull
LogPluginManager: Mounting plugin OnlineSubsystemUtils
LogPluginManager: Mounting plugin AndroidDeviceProfileSelector
LogPluginManager: Mounting plugin AndroidMoviePlayer
LogPluginManager: Mounting plugin AndroidPermission
LogPluginManager: Mounting plugin AppleMoviePlayer
LogPluginManager: Mounting plugin ArchVisCharacter
LogPluginManager: Mounting plugin CableComponent
LogPluginManager: Mounting plugin CustomMeshComponent
LogPluginManager: Mounting plugin ExampleDeviceProfileSelector
LogPluginManager: Mounting plugin GoogleCloudMessaging
LogPluginManager: Mounting plugin ImmediatePhysics
LogPluginManager: Mounting plugin IOSDeviceProfileSelector
LogPluginManager: Mounting plugin LinuxDeviceProfileSelector
LogPluginManager: Mounting plugin LocationServicesBPLibrary
LogPluginManager: Mounting plugin MobilePatchingUtils
LogPluginManager: Mounting plugin OculusVR
LogPluginManager: Mounting plugin PhysXVehicles
LogPluginManager: Mounting plugin ProceduralMeshComponent
LogPluginManager: Mounting plugin RuntimePhysXCooking
LogPluginManager: Mounting plugin SteamVR
LogPluginManager: Mounting plugin WindowsMoviePlayer
LogInit: Using libcurl 7.47.1
LogInit:  - built for x86_64-pc-win32
LogInit:  - supports SSL with OpenSSL/1.0.2g
LogInit:  - supports HTTP deflate (compression) using libz 1.2.8
LogInit:  - other features:
LogInit:      CURL_VERSION_SSL
LogInit:      CURL_VERSION_LIBZ
LogInit:      CURL_VERSION_IPV6
LogInit:      CURL_VERSION_ASYNCHDNS
LogInit:      CURL_VERSION_LARGEFILE
LogInit:      CURL_VERSION_IDN
LogInit:  CurlRequestOptions (configurable via config and command line):
LogInit:  - bVerifyPeer = false  - Libcurl will NOT verify peer certificate
LogInit:  - bUseHttpProxy = false  - Libcurl will NOT use HTTP proxy
LogInit:  - bDontReuseConnections = false  - Libcurl will reuse connections
LogInit:  - CertBundlePath = nullptr  - Libcurl will use whatever was configured at build time.
LogInit: Build: ++UE4+Release-4.17-CL-3586342
LogInit: Engine Version: 4.17.1-3586342+++UE4+Release-4.17
LogInit: Compatible Engine Version: 4.17.0-3573198+++UE4+Release-4.17
LogInit: Net CL: 3573198
LogDevObjectVersion: Number of dev versions registered: 16
LogDevObjectVersion:   Dev-Blueprints (B0D832E4-1F89-4F0D-ACCF-7EB736FD4AA2): 10
LogDevObjectVersion:   Dev-Build (E1C64328-A22C-4D53-A36C-8E866417BD8C): 0
LogDevObjectVersion:   Dev-Core (375EC13C-06E4-48FB-B500-84F0262A717E): 2
LogDevObjectVersion:   Dev-Editor (E4B068ED-F494-42E9-A231-DA0B2E46BB41): 20
LogDevObjectVersion:   Dev-Framework (CFFC743F-43B0-4480-9391-14DF171D2073): 28
LogDevObjectVersion:   Dev-Mobile (B02B49B5-BB20-44E9-A304-32B752E40360): 0
LogDevObjectVersion:   Dev-Networking (A4E4105C-59A1-49B5-A7C5-40C4547EDFEE): 0
LogDevObjectVersion:   Dev-Online (39C831C9-5AE6-47DC-9A44-9C173E1C8E7C): 0
LogDevObjectVersion:   Dev-Physics (78F01B33-EBEA-4F98-B9B4-84EACCB95AA2): 0
LogDevObjectVersion:   Dev-Platform (6631380F-2D4D-43E0-8009-CF276956A95A): 0
LogDevObjectVersion:   Dev-Rendering (12F88B9F-8875-4AFC-A67C-D90C383ABD29): 19
LogDevObjectVersion:   Dev-Sequencer (7B5AE74C-D270-4C10-A958-57980B212A5A): 4
LogDevObjectVersion:   Dev-VR (D7296918-1DD6-4BDD-9DE2-64A83CC13884): 0
LogDevObjectVersion:   Dev-LoadTimes (C2A15278-BFE7-4AFE-6C17-90FF531DF755): 1
LogDevObjectVersion:   Private-Geometry (6EACA3D4-40EC-4CC1-B786-8BED09428FC5): 1
LogDevObjectVersion:   Dev-AnimPhys (29E575DD-E0A3-4627-9D10-D276232CDCEA): 7
LogInit: Compiled (64-bit): Aug 15 2017 02:05:26
LogInit: Compiled with Visual C++: 19.00.24215.01
LogInit: Build Configuration: Development
LogInit: Branch Name: ++UE4+Release-4.17
LogInit: Command line:  
LogInit: Base directory: D:/Unreal/Epic Games/UE_4.17/Engine/Binaries/Win64/
LogInit: Installed Engine Build: 1
LogInit: Presizing for max 8388607 objects, including 0 objects not considered by GC, pre-allocating 0 bytes for permanent pool.
LogInit: Object subsystem initialized
[2017.09.01-14.05.44:524][  0]LogInit: Selected Device Profile: [Windows]
[2017.09.01-14.05.44:524][  0]LogInit: Applying CVar settings loaded from the selected device profile: [Windows]
[2017.09.01-14.05.44:576][  0]LogInit: Computer: ZETA-MONEY
[2017.09.01-14.05.44:576][  0]LogInit: User: GIGAMoney
[2017.09.01-14.05.44:576][  0]LogInit: CPU Page size=4096, Cores=2
[2017.09.01-14.05.44:576][  0]LogInit: High frequency timer resolution =2.143475 MHz
[2017.09.01-14.05.44:576][  0]LogMemory: Memory total: Physical=15.9GB (16GB approx)
[2017.09.01-14.05.44:576][  0]LogMemory: Platform Memory Stats for Windows
[2017.09.01-14.05.44:576][  0]LogMemory: Process Physical Memory: 277.38 MB used, 277.38 MB peak
[2017.09.01-14.05.44:576][  0]LogMemory: Process Virtual Memory: 275.64 MB used, 275.64 MB peak
[2017.09.01-14.05.44:576][  0]LogMemory: Physical Memory: 5706.17 MB used,  10597.63 MB free, 16303.80 MB total
[2017.09.01-14.05.44:576][  0]LogMemory: Virtual Memory: 666.99 MB used,  10597.63 MB free, 134217728.00 MB total
[2017.09.01-14.05.45:415][  0]LogInit: Using OS detected language (en-US).
[2017.09.01-14.05.45:415][  0]LogInit: Using OS detected locale (en-US).
[2017.09.01-14.05.45:563][  0]LogTextLocalizationManager: No specific localization for 'en-US' exists, so the 'en' localization will be used.
[2017.09.01-14.05.50:140][  0]LogD3D11RHI: D3D11 adapters:
[2017.09.01-14.05.50:195][  0]LogD3D11RHI:    0. 'NVIDIA GeForce 940M' (Feature Level 11_0)
[2017.09.01-14.05.50:195][  0]LogD3D11RHI:       2014/0/8151 MB DedicatedVideo/DedicatedSystem/SharedSystem, Outputs:1, VendorId:0x10de
[2017.09.01-14.05.50:204][  0]LogD3D11RHI:    1. 'Intel(R) HD Graphics 5500' (Feature Level 11_0)
[2017.09.01-14.05.50:204][  0]LogD3D11RHI:       128/0/8151 MB DedicatedVideo/DedicatedSystem/SharedSystem, Outputs:0, VendorId:0x8086
[2017.09.01-14.05.50:206][  0]LogD3D11RHI:    2. 'Microsoft Basic Render Driver' (Feature Level 11_0)
[2017.09.01-14.05.50:206][  0]LogD3D11RHI:       0/0/8151 MB DedicatedVideo/DedicatedSystem/SharedSystem, Outputs:0, VendorId:0x1414
[2017.09.01-14.05.50:206][  0]LogD3D11RHI: Chosen D3D11 Adapter: 0
[2017.09.01-14.05.50:214][  0]LogD3D11RHI: Creating new Direct3DDevice
[2017.09.01-14.05.50:214][  0]LogD3D11RHI:     GPU DeviceId: 0x1347 (for the marketing name, search the web for "GPU Device Id")
[2017.09.01-14.05.50:214][  0]LogWindows: EnumDisplayDevices:
[2017.09.01-14.05.50:215][  0]LogWindows:    0. 'Intel(R) HD Graphics 5500' (P:1 D:1)
[2017.09.01-14.05.50:215][  0]LogWindows:    1. 'Intel(R) HD Graphics 5500' (P:0 D:0)
[2017.09.01-14.05.50:215][  0]LogWindows:    2. 'Intel(R) HD Graphics 5500' (P:0 D:0)
[2017.09.01-14.05.50:215][  0]LogWindows: DebugString: PrimaryIsNotTheChoosenAdapter PrimaryIsNotTheChoosenAdapter PrimaryIsNotTheChoosenAdapter FoundDriverCount:0 
[2017.09.01-14.05.50:215][  0]LogD3D11RHI:     Adapter Name: NVIDIA GeForce 940M
[2017.09.01-14.05.50:215][  0]LogD3D11RHI:   Driver Version: Unknown (internal:Unknown, unified:Unknown)
[2017.09.01-14.05.50:215][  0]LogD3D11RHI:      Driver Date: Unknown
[2017.09.01-14.05.50:215][  0]LogRHI: Texture pool is 1361 MB (70% of 1945 MB)
[2017.09.01-14.05.50:250][  0]LogD3D11RHI: Async texture creation enabled
[2017.09.01-14.05.50:321][  0]LogD3D11RHI: GPU Timing Frequency: 1000.000000 (Debug: 2 2)
[2017.09.01-14.05.50:357][  0]LogShaderCompilers: Guid format shader working directory is 14 characters bigger than the processId version (../../../../../../Plan-X/Plan-X/PlanX/Intermediate/Shaders/WorkingDirectory/2508/).
[2017.09.01-14.05.50:358][  0]LogShaderCompilers: Cleaned the shader compiler working directory 'C:/Users/GIGA-Money/AppData/Local/Temp/UnrealShaderWorkingDir/66F47E3443694D437DA46F9CA141A1AD/'.
[2017.09.01-14.05.50:361][  0]LogShaderCompilers: Display: Using Local Shader Compiler.
[2017.09.01-14.05.54:468][  0]LogTemp: Display: Loaded TP AllDesktopTargetPlatform
[2017.09.01-14.05.54:524][  0]LogTemp: Display: Loaded TP MacClientTargetPlatform
[2017.09.01-14.05.54:580][  0]LogTemp: Display: Loaded TP MacNoEditorTargetPlatform
[2017.09.01-14.05.54:637][  0]LogTemp: Display: Loaded TP MacServerTargetPlatform
[2017.09.01-14.05.54:720][  0]LogTemp: Display: Loaded TP MacTargetPlatform
[2017.09.01-14.05.54:778][  0]LogTemp: Display: Loaded TP WindowsClientTargetPlatform
[2017.09.01-14.05.54:835][  0]LogTemp: Display: Loaded TP WindowsNoEditorTargetPlatform
[2017.09.01-14.05.54:893][  0]LogTemp: Display: Loaded TP WindowsServerTargetPlatform
[2017.09.01-14.05.54:942][  0]LogTemp: Display: Loaded TP WindowsTargetPlatform
[2017.09.01-14.05.55:005][  0]LogTemp: Display: Loaded TP AndroidTargetPlatform
[2017.09.01-14.05.55:061][  0]LogTemp: Display: Loaded TP Android_ASTCTargetPlatform
[2017.09.01-14.05.55:117][  0]LogTemp: Display: Loaded TP Android_ATCTargetPlatform
[2017.09.01-14.05.55:174][  0]LogTemp: Display: Loaded TP Android_DXTTargetPlatform
[2017.09.01-14.05.55:228][  0]LogTemp: Display: Loaded TP Android_ETC1TargetPlatform
[2017.09.01-14.05.55:283][  0]LogTemp: Display: Loaded TP Android_ETC2TargetPlatform
[2017.09.01-14.05.55:392][  0]LogTemp: Display: Loaded TP Android_MultiTargetPlatform
[2017.09.01-14.05.55:392][  0]LogTemp: Display: Loaded TP Android_PVRTCTargetPlatform
[2017.09.01-14.05.55:433][  0]LogTemp: Display: Loaded TP HTML5TargetPlatform
[2017.09.01-14.05.55:571][  0]LogTemp: Display: Loaded TP IOSTargetPlatform
[2017.09.01-14.05.55:602][  0]LogTemp: Display: Loaded TP TVOSTargetPlatform
[2017.09.01-14.05.55:658][  0]LogTemp: Display: Loaded TP LinuxClientTargetPlatform
[2017.09.01-14.05.55:715][  0]LogTemp: Display: Loaded TP LinuxNoEditorTargetPlatform
[2017.09.01-14.05.55:770][  0]LogTemp: Display: Loaded TP LinuxServerTargetPlatform
[2017.09.01-14.05.55:832][  0]LogTemp: Display: Loaded TP LinuxTargetPlatform
[2017.09.01-14.05.55:832][  0]LogTargetPlatformManager: Display: Building Assets For Windows
[2017.09.01-14.05.56:931][  0]LogDerivedDataCache: Display: Max Cache Size: 512 MB
[2017.09.01-14.05.57:861][  0]LogDerivedDataCache: Loaded boot cache 0.93s 97MB C:/Users/GIGA-Money/AppData/Local/UnrealEngine/4.17/DerivedDataCache/Boot.ddc.
[2017.09.01-14.05.57:861][  0]LogDerivedDataCache: Display: Loaded Boot cache: C:/Users/GIGA-Money/AppData/Local/UnrealEngine/4.17/DerivedDataCache/Boot.ddc
[2017.09.01-14.05.57:861][  0]LogDerivedDataCache: FDerivedDataBackendGraph:  Pak pak cache file ../../../../../../Plan-X/Plan-X/PlanX/DerivedDataCache/DDC.ddp not found, will not use a pak cache.
[2017.09.01-14.05.57:862][  0]LogDerivedDataCache: Unable to find inner node Pak for hierarchical cache Hierarchy.
[2017.09.01-14.05.57:862][  0]LogDerivedDataCache: FDerivedDataBackendGraph:  CompressedPak pak cache file ../../../../../../Plan-X/Plan-X/PlanX/DerivedDataCache/Compressed.ddp not found, will not use a pak cache.
[2017.09.01-14.05.57:862][  0]LogDerivedDataCache: Unable to find inner node CompressedPak for hierarchical cache Hierarchy.
[2017.09.01-14.05.57:908][  0]LogDerivedDataCache: Display: Pak cache opened for reading ../../../Engine/DerivedDataCache/Compressed.ddp.
[2017.09.01-14.05.57:921][  0]LogDerivedDataCache: Using Local data cache path C:/Users/GIGA-Money/AppData/Local/UnrealEngine/Common/DerivedDataCache: Writable
[2017.09.01-14.05.57:944][  0]LogMaterial: Verifying Global Shaders for PCD3D_SM5
[2017.09.01-14.05.57:959][  0]LogSlate: Using Freetype 2.6.0
[2017.09.01-14.05.57:987][  0]LogSlate: SlateFontCache - WITH_FREETYPE: 1, WITH_HARFBUZZ: 1
[2017.09.01-14.05.57:988][  0]LogSlate: SlateFontCache - WITH_FREETYPE: 1, WITH_HARFBUZZ: 1
[2017.09.01-14.06.03:873][  0]LogAssetRegistry: FAssetRegistry took 0.0338 seconds to start up
[2017.09.01-14.06.04:222][  0]LogInit: Selected Device Profile: [Windows]
[2017.09.01-14.06.05:047][  0]LogContentStreaming: Texture pool size is 0.00 MB
[2017.09.01-14.06.05:641][  0]LogSimplygon: Simplygon DLL not present - disabling.
[2017.09.01-14.06.05:690][  0]LogMeshReduction: Using SimplygonSwarm for distributed automatic mesh merging
[2017.09.01-14.06.05:692][  0]LogMeshReduction: Using QuadricMeshReduction for automatic static mesh reduction
[2017.09.01-14.06.05:692][  0]LogMeshReduction: No automatic skeletal mesh reduction module available
[2017.09.01-14.06.05:692][  0]LogMeshReduction: No automatic mesh merging module available
[2017.09.01-14.06.05:692][  0]LogMeshMerging: No automatic mesh merging module available
[2017.09.01-14.06.07:247][  0]LogNetVersion: PlanX , NetCL: 3573198, EngineNetVer: 2, GameNetVer: 0 (Checksum: 4232075429)
[2017.09.01-14.06.08:101][  0]LogPackageLocalizationCache: Processed 4 localized package path(s) for 2 prioritized culture(s) in 0.091874 seconds
[2017.09.01-14.06.08:110][  0]LogUObjectArray: 35825 objects as part of root set at end of initial load.
[2017.09.01-14.06.08:110][  0]LogUObjectAllocator: 7529112 out of 0 bytes used by permanent object pool.
[2017.09.01-14.06.08:110][  0]LogUObjectArray: CloseDisregardForGC: 0/0 objects in disregard for GC pool
[2017.09.01-14.06.08:182][  0]LogInit: WinSock: version 1.1 (2.2), MaxSocks=32767, MaxUdp=65467
[2017.09.01-14.06.23:972][  0]LogTcpMessaging: Initializing TcpMessaging bridge
[2017.09.01-14.06.24:020][  0]LogUdpMessaging: Initializing bridge on interface 0.0.0.0:0 to multicast group 230.0.0.1:6666.
[2017.09.01-14.06.24:737][  0]SourceControl: Source control is disabled
[2017.09.01-14.06.24:738][  0]SourceControl: Source control is disabled
[2017.09.01-14.06.24:853][  0]SourceControl: Source control is disabled
[2017.09.01-14.06.24:915][  0]SourceControl: Source control is disabled
[2017.09.01-14.06.26:200][  0]LogAndroidPermission: UAndroidPermissionCallbackProxy::GetInstance
[2017.09.01-14.06.26:538][  0]LogOcInput: OculusInput pre-init called
[2017.09.01-14.06.27:031][  0]LogEngine: Initializing Engine...
[2017.09.01-14.06.27:035][  0]LogHMD: Failed to initialize OpenVR with code 110
[2017.09.01-14.06.27:945][  0]LogStats: UGameplayTagsManager::ConstructGameplayTagTree: Construct from data asset -  0.000 s
[2017.09.01-14.06.27:945][  0]LogStats: UGameplayTagsManager::ConstructGameplayTagTree: GameplayTagTreeChangedEvent.Broadcast -  0.000 s
[2017.09.01-14.06.28:207][  0]LogAIModule: Creating AISystem for world Untitled
[2017.09.01-14.06.28:236][  0]LogInit: XAudio2 using 'Speakers (Realtek High Definition Audio)' : 2 channels at 48 kHz using 32 bits per sample (channel mask 0x3)
[2017.09.01-14.06.28:498][  0]LogInit: FAudioDevice initialized.
[2017.09.01-14.06.28:667][  0]LogDerivedDataCache: Saved boot cache 0.17s 106MB C:/Users/GIGA-Money/AppData/Local/UnrealEngine/4.17/DerivedDataCache/Boot.ddc.
[2017.09.01-14.06.28:689][  0]LogInit: Texture streaming: Enabled
[2017.09.01-14.06.28:820][  0]LogMaterial: Uniform references updated for custom material expression Custom.
[2017.09.01-14.06.29:315][  0]LogEngineSessionManager: EngineSessionManager initialized
[2017.09.01-14.06.29:810][  0]LogInit: Transaction tracking system initialized
[2017.09.01-14.06.30:487][  0]BlueprintLog: New page: Editor Load
[2017.09.01-14.06.31:982][  0]LocalizationService: Localization service is disabled
[2017.09.01-14.06.33:426][  0]LogConsoleResponse: Display: 
[2017.09.01-14.06.34:667][  0]LogCook: Display: Max memory allowance for cook 16384mb min free memory 0mb
[2017.09.01-14.06.34:667][  0]LogCook: Display: Mobile HDR setting 1
[2017.09.01-14.06.34:672][  0]LogGameplayTags: Display: UGameplayTagsManager::DoneAddingNativeTags. DelegateIsBound: 0
[2017.09.01-14.06.35:128][  0]LogFileCache: Scanning file cache for directory 'D:/Plan-X/Plan-X/PlanX/Content/' took 0.06s
[2017.09.01-14.06.36:258][  0]SourceControl: Source control is disabled
[2017.09.01-14.06.36:264][  0]Cmd: MAP LOAD FILE="../../../../../../Plan-X/Plan-X/PlanX/Content/Assets/Mapt_data/Challange_L_1_0.umap" TEMPLATE=0 SHOWPROGRESS=1 FEATURELEVEL=3
[2017.09.01-14.06.36:264][  0]LogEditorServer: Warning: Can't find file '../../../../../../Plan-X/Plan-X/PlanX/Content/Assets/Mapt_data/Challange_L_1_0.umap'
[2017.09.01-14.06.36:265][  0]Cmd: MAP CHECKDEP NOCLEARLOG
[2017.09.01-14.06.36:340][  0]MapCheck: Map check complete: 0 Error(s), 0 Warning(s), took 74.263ms to complete.
[2017.09.01-14.06.36:340][  0]LogFileHelpers: Loading map 'Challange_L_1_0' took 0.078
[2017.09.01-14.06.36:850][  0]LogCollectionManager: Loaded 0 collections in 0.002567 seconds
[2017.09.01-14.06.36:979][  0]LogFileCache: Scanning file cache for directory 'D:/Plan-X/Plan-X/PlanX/Saved/Collections/' took 0.01s
[2017.09.01-14.06.36:979][  0]LogFileCache: Scanning file cache for directory 'D:/Plan-X/Plan-X/PlanX/Content/Developers/GIGAMoney/Collections/' took 0.01s
[2017.09.01-14.06.36:979][  0]LogFileCache: Scanning file cache for directory 'D:/Plan-X/Plan-X/PlanX/Content/Collections/' took 0.01s
[2017.09.01-14.06.36:979][  0]LogCollectionManager: Rebuilt the GUID cache for 0 collections in 0.000000 seconds
[2017.09.01-14.06.36:995][  0]LogContentBrowser: Native class hierarchy populated in 0.0123 seconds. Added 2337 classes and 483 folders.
[2017.09.01-14.06.37:074][  0]LogContentBrowser: Native class hierarchy updated for 'WidgetCarousel' in 0.0016 seconds. Added 0 classes and 0 folders.
[2017.09.01-14.06.37:983][  0]LogContentBrowser: Native class hierarchy updated for 'AddContentDialog' in 0.0011 seconds. Added 0 classes and 0 folders.
[2017.09.01-14.06.38:225][  0]LogContentBrowser: Native class hierarchy updated for 'SceneOutliner' in 0.0014 seconds. Added 1 classes and 2 folders.
[2017.09.01-14.06.38:679][  0]LogSlate: Took 0.008998 seconds to synchronously load lazily loaded font '../../../Engine/Content/Slate/Fonts/Roboto-Regular.ttf' (155K)
[2017.09.01-14.06.40:976][  0]LogDirectoryWatcher: Warning: Failed to begin reading directory changes for ../../../../../../Plan-X/Plan-X/PlanX/Plugins/. Error: The system cannot find the file specified. (0x00000002)
[2017.09.01-14.06.41:002][  0]LogSlate: Took 0.012047 seconds to synchronously load lazily loaded font '../../../Engine/Content/Slate/Fonts/Roboto-Bold.ttf' (160K)
[2017.09.01-14.06.41:016][  0]LogSlate: Took 0.010582 seconds to synchronously load lazily loaded font '../../../Engine/Content/Editor/Slate/Fonts/FontAwesome.ttf' (139K)
[2017.09.01-14.06.41:282][  0]LogTemp: Executing iPhonePackager certificates Engine -bundlename com.YourCompany.PlanX
[2017.09.01-14.06.41:282][  0]LogTemp: CWD: D:\Unreal\Epic Games\UE_4.17\Engine\Binaries\DotNET\IOS
[2017.09.01-14.06.41:282][  0]LogTemp: Initial Dir: D:\Unreal\Epic Games\UE_4.17
[2017.09.01-14.06.41:282][  0]LogTemp: Env CWD: D:\Unreal\Epic Games\UE_4.17\Engine\Binaries\DotNET\IOS
[2017.09.01-14.06.41:282][  0]LogTemp: BranchPath = ZETA-MONEY/D/Unreal/Epic Games/UE_4.17/Engine/Binaries --- GameBranchPath = ZETA-MONEY/D/Unreal/Epic Games/UE_4.17/Engine/Binaries
[2017.09.01-14.06.41:282][  0]LogTemp: IPP ERROR: Could not find provision directory 'C:\Users\GIGA-Money\AppData\Local/Apple Computer/MobileDevice/Provisioning Profiles/'.
[2017.09.01-14.06.41:282][  0]LogRenderer: Reallocating scene render targets to support 680x652 Format 26 NumSamples 1 (Frame:1).
[2017.09.01-14.06.41:605][  0]LogContentBrowser: Native class hierarchy updated for 'HierarchicalLODOutliner' in 0.0013 seconds. Added 1 classes and 2 folders.
[2017.09.01-14.06.41:606][  0]LogLoad: (Engine Initialization) Total time: 65.76 seconds
[2017.09.01-14.06.41:606][  0]LogLoad: (Engine Initialization) Total Blueprint compile time: 0.00 seconds
[2017.09.01-14.06.41:606][  0]LogExternalProfiler: Found external profiler: VSPerf
[2017.09.01-14.06.41:606][  0]LogExternalProfiler: Using external profiler: VSPerf
[2017.09.01-14.06.41:676][  0]LogContentStreaming: Texture pool size now 1000 MB
[2017.09.01-14.06.41:809][  2]LogAssetRegistry: Asset discovery search completed in 37.9588 seconds
[2017.09.01-14.06.41:812][  2]LogCollectionManager: Rebuilt the object cache for 0 collections in 0.000001 seconds (found 0 objects)
[2017.09.01-14.06.41:812][  2]LogCollectionManager: Fixed up redirectors for 0 collections in 0.000073 seconds (updated 0 objects)
[2017.09.01-14.06.42:656][ 50]LogSlate: Took 0.006649 seconds to synchronously load lazily loaded font '../../../Engine/Content/Slate/Fonts/Roboto-Light.ttf' (159K)
[2017.09.01-14.06.45:708][232]LogSlate: Took 0.000313 seconds to synchronously load lazily loaded font '../../../Engine/Content/Slate/Fonts/Roboto-Light.ttf' (159K)
[2017.09.01-14.06.46:735][292]LogFileCache: Retrieving MD5 hashes for directory 'D:/Plan-X/Plan-X/PlanX/Content/' took 5.09s
[2017.09.01-14.06.49:010][427]LogSlate: Took 0.000278 seconds to synchronously load lazily loaded font '../../../Engine/Content/Slate/Fonts/Roboto-Light.ttf' (159K)
[2017.09.01-14.06.49:251][427]LogContentBrowser: Native class hierarchy updated for 'MaterialEditor' in 0.0019 seconds. Added 1 classes and 0 folders.
[2017.09.01-14.06.49:260][427]LogMaterial: Missing cached shader map for material M_Floor_Wall_Ceiling, compiling. 
[2017.09.01-14.06.50:032][427]LogMaterial: Missing cached shader map for material M_Floor_Wall_Ceiling, compiling. 
[2017.09.01-14.06.50:076][427]LogMaterial: Missing cached shader map for material FMatExpressionPreview MaterialExpressionVectorParameter_0, compiling. 
[2017.09.01-14.06.50:085][427]LogMaterial: Missing cached shader map for material FMatExpressionPreview MaterialExpressionVectorParameter_1, compiling. 
[2017.09.01-14.06.50:092][427]LogMaterial: Missing cached shader map for material FMatExpressionPreview MaterialExpressionConstant3Vector_8, compiling. 
[2017.09.01-14.06.50:099][427]LogMaterial: Missing cached shader map for material FMatExpressionPreview MaterialExpressionConstant3Vector_9, compiling. 
[2017.09.01-14.06.50:138][427]LogMaterial: Missing cached shader map for material White, compiling. 
[2017.09.01-14.06.50:306][427]LogMaterial: Missing cached shader map for material White, compiling. 
[2017.09.01-14.06.50:362][427]LogMaterial: Missing cached shader map for material FMatExpressionPreview MaterialExpressionConstant3Vector_0, compiling. 
[2017.09.01-14.06.50:408][427]LogMaterial: Missing cached shader map for material Demo_disk, compiling. 
[2017.09.01-14.06.50:626][427]LogMaterial: Missing cached shader map for material Demo_disk, compiling. 
[2017.09.01-14.06.50:685][427]LogMaterial: Missing cached shader map for material FMatExpressionPreview MaterialExpressionConstant3Vector_1, compiling. 
[2017.09.01-14.06.50:693][427]LogMaterial: Missing cached shader map for material FMatExpressionPreview MaterialExpressionConstant3Vector_2, compiling. 
[2017.09.01-14.06.50:703][427]LogMaterial: Missing cached shader map for material FMatExpressionPreview MaterialExpressionConstant3Vector_4, compiling. 
[2017.09.01-14.06.50:712][427]LogMaterial: Missing cached shader map for material FMatExpressionPreview MaterialExpressionConstant3Vector_5, compiling. 
[2017.09.01-14.06.50:844][427]LogSlate: Took 0.028233 seconds to synchronously load lazily loaded font '../../../Engine/Content/Editor/Slate/Fonts/Roboto-BoldCondensed.ttf' (158K)
[2017.09.01-14.06.51:342][430]LogSlate: Took 0.009520 seconds to synchronously load lazily loaded font '../../../Engine/Content/Editor/Slate/Fonts/Roboto-Italic.ttf' (157K)
[2017.09.01-14.06.58:590][821]MaterialEditorStats: Base pass shader: 144 instructions
[2017.09.01-14.06.58:590][821]MaterialEditorStats: Vertex shader: 85 instructions
[2017.09.01-14.06.58:591][821]MaterialEditorStats: Texture samplers: 3/16
[2017.09.01-14.07.06:449][248]MaterialEditorStats: Base pass shader: 125 instructions
[2017.09.01-14.07.06:449][248]MaterialEditorStats: Vertex shader: 85 instructions
[2017.09.01-14.07.06:449][248]MaterialEditorStats: Texture samplers: 1/16
[2017.09.01-14.07.13:331][623]MaterialEditorStats: Base pass shader: 143 instructions
[2017.09.01-14.07.13:331][623]MaterialEditorStats: Vertex shader: 85 instructions
[2017.09.01-14.07.13:331][623]MaterialEditorStats: Texture samplers: 3/16
[2017.09.01-14.07.20:024][ 10]Cmd: CAMERA ALIGN ACTIVEVIEWPORTONLY
[2017.09.01-14.07.20:024][ 10]Can't find target actor or component.
[2017.09.01-14.07.28:729][520]Cmd: MAP LOAD FILE="../../../../../../Plan-X/Plan-X/PlanX/Content/Assets/Mapt_data/Challenge_Levels/Challange_L_1_0.umap" TEMPLATE=0 SHOWPROGRESS=1 FEATURELEVEL=3
[2017.09.01-14.07.28:751][520]LightingResults: New page: Lighting Build
[2017.09.01-14.07.28:805][520]LogContentBrowser: Native class hierarchy updated for 'StatsViewer' in 0.0023 seconds. Added 5 classes and 0 folders.
[2017.09.01-14.07.28:811][520]LoadErrors: New page: Loading map: Challange_L_1_0.umap
[2017.09.01-14.07.28:815][520]MapCheck: New page: Map Check
[2017.09.01-14.07.28:815][520]LightingResults: New page: Lighting Build
[2017.09.01-14.07.29:160][520]LogAIModule: Creating AISystem for world Challange_L_1_0
[2017.09.01-14.07.29:221][520]LogEditorServer: Finished looking for orphan Actors (0.000 secs)
[2017.09.01-14.07.29:284][520]Cmd: MAP CHECKDEP NOCLEARLOG
[2017.09.01-14.07.29:362][520]MapCheck: Map check complete: 0 Error(s), 0 Warning(s), took 77.793ms to complete.
[2017.09.01-14.07.29:363][520]LogFileHelpers: Loading map 'Challange_L_1_0' took 0.634
[2017.09.01-14.08.10:419][979]LogTemp: Repeating last play command: Selected Viewport
[2017.09.01-14.08.10:889][979]LogPlayLevel: PlayLevel: No blueprints needed recompiling
[2017.09.01-14.08.10:891][979]PIE: New page: PIE session: Challange_L_1_0 (Sep 1, 2017, 6:08:10 AM)
[2017.09.01-14.08.10:891][979]LogPlayLevel: Creating play world package: /Game/Assets/Mapt_data/Challenge_Levels/UEDPIE_0_Challange_L_1_0
[2017.09.01-14.08.10:896][979]LogPlayLevel: PIE: StaticDuplicateObject took: (0.004884s)
[2017.09.01-14.08.10:897][979]LogAIModule: Creating AISystem for world Challange_L_1_0
[2017.09.01-14.08.10:897][979]LogPlayLevel: PIE: World Init took: (0.001365s)
[2017.09.01-14.08.10:898][979]LogPlayLevel: PIE: Created PIE world by copying editor world from /Game/Assets/Mapt_data/Challenge_Levels/Challange_L_1_0.Challange_L_1_0 to /Game/Assets/Mapt_data/Challenge_Levels/UEDPIE_0_Challange_L_1_0.Challange_L_1_0 (0.006694s)
[2017.09.01-14.08.10:913][979]LogInit: XAudio2 using 'Speakers (Realtek High Definition Audio)' : 2 channels at 48 kHz using 32 bits per sample (channel mask 0x3)
[2017.09.01-14.08.10:928][979]LogInit: FAudioDevice initialized.
[2017.09.01-14.08.10:977][979]LogLoad: Game class is 'GameMode'
[2017.09.01-14.08.10:982][979]LogWorld: Bringing World /Game/Assets/Mapt_data/Challenge_Levels/UEDPIE_0_Challange_L_1_0.Challange_L_1_0 up for play (max tick rate 60) at 2017.09.01-10.08.10
[2017.09.01-14.08.10:984][979]LogWorld: Bringing up level for play took: 0.005004
[2017.09.01-14.08.11:044][979]LogContentBrowser: Native class hierarchy updated for 'MovieSceneCapture' in 0.0013 seconds. Added 11 classes and 0 folders.
[2017.09.01-14.08.11:045][979]LogGameMode: Display: Match State Changed from EnteringMap to WaitingToStart
[2017.09.01-14.08.11:045][979]LogGameState: Match State Changed from EnteringMap to WaitingToStart
[2017.09.01-14.08.11:045][979]LogGameMode: Display: Match State Changed from WaitingToStart to InProgress
[2017.09.01-14.08.11:050][979]LogGameState: Match State Changed from WaitingToStart to InProgress
[2017.09.01-14.08.11:050][979]PIE: Play in editor start time for /Game/Assets/Mapt_data/Challenge_Levels/UEDPIE_0_Challange_L_1_0 -0.667
[2017.09.01-14.09.54:823][173]LogEditorViewport: Clicking on Actor (LMB): StaticMeshActor (Player_Disk)
[2017.09.01-14.09.57:345][319]Cmd: CAMERA ALIGN ACTIVEVIEWPORTONLY
[2017.09.01-14.49.24:629][408]LogD3D11RHI: Timed out while waiting for GPU to catch up. (500 ms)
[2017.09.01-14.49.30:875][426]LogHttp: Warning: 000001C0951B7700: request failed, libcurl error: 6 (Couldn't resolve host name)
[2017.09.01-14.49.30:875][426]LogHttp: Warning: 000001C0951B7700: libcurl info message cache 0 (Found bundle for host datarouter.ol.epicgames.com: 0x1c0d0d0ffe8 [can pipeline])
[2017.09.01-14.49.30:875][426]LogHttp: Warning: 000001C0951B7700: libcurl info message cache 1 (Re-using existing connection! (#6) with host datarouter.ol.epicgames.com)
[2017.09.01-14.49.30:875][426]LogHttp: Warning: 000001C0951B7700: libcurl info message cache 2 (Connected to datarouter.ol.epicgames.com (52.70.206.117) port 443 (#6))
[2017.09.01-14.49.30:875][426]LogHttp: Warning: 000001C0951B7700: libcurl info message cache 3 (upload completely sent off: 2812 out of 2812 bytes)
[2017.09.01-14.49.30:875][426]LogHttp: Warning: 000001C0951B7700: libcurl info message cache 4 (SSL read: error:00000000:lib(0):func(0):reason(0), errno 10054)
[2017.09.01-14.49.30:875][426]LogHttp: Warning: 000001C0951B7700: libcurl info message cache 5 (Connection died, retrying a fresh connect)
[2017.09.01-14.49.30:875][426]LogHttp: Warning: 000001C0951B7700: libcurl info message cache 6 (Closing connection 6)
[2017.09.01-14.49.30:875][426]LogHttp: Warning: 000001C0951B7700: libcurl info message cache 7 (Issue another request to this URL: 'https://datarouter.ol.epicgames.com/datarouter/api/v1/public/data?SessionID=%7B0EFD3F75-4B19-2230-5CD0-B9BFCA48DFDB%7D&AppID=UEEditor.Rocket.Release&AppVersion=4.17.1-3586342%2B%2B%2BUE4%2BRelease-4.17&UserID=9f5e5d3048deef7b05f4aa89acab5b90%7C909a6c18529b49aa850b4473333ed7dd%7Cace03bff-59e2-422b-899a-4f6b945bcc3e&AppEnvironment=datacollector-binary&UploadType=eteventstream')
[2017.09.01-14.49.30:875][426]LogHttp: Warning: 000001C0951B7700: libcurl info message cache 8 (Could not resolve host: datarouter.ol.epicgames.com)
[2017.09.01-14.49.30:875][426]LogHttp: Warning: 000001C0951B7700: libcurl info message cache 9 (Closing connection 7)
