Log file open, 09/05/17 17:55:16
LogWindows: LoadLibraryWithSearchPaths failed for file aqProf.dll. GetLastError=0
LogWindows: LoadLibraryWithSearchPaths failed for file VtuneApi.dll. GetLastError=0
LogWindows: LoadLibraryWithSearchPaths failed for file VtuneApi32e.dll. GetLastError=0
LogInit: Display: Running engine for game: PlanX
LogPlatformFile: Not using cached read wrapper
LogInit: Display: RandInit(586347459) SRandInit(586347459).
LogTaskGraph: Started task graph with 5 named threads and 14 total threads with 3 sets of task threads.
LogStats: Stats thread started at 0.162748
LogD3D11RHI: Aftermath initialized
LogPluginManager: Mounting plugin LightPropagationVolume
LogPluginManager: Mounting plugin CodeLiteSourceCodeAccess
LogPluginManager: Mounting plugin GitSourceControl
LogPluginManager: Mounting plugin KDevelopSourceCodeAccess
LogPluginManager: Mounting plugin NullSourceCodeAccess
LogPluginManager: Mounting plugin PerforceSourceControl
LogPluginManager: Mounting plugin SubversionSourceControl
LogPluginManager: Mounting plugin UObjectPlugin
LogPluginManager: Mounting plugin VisualStudioSourceCodeAccess
LogPluginManager: Mounting plugin XCodeSourceCodeAccess
LogPluginManager: Mounting plugin AssetManagerEditor
LogPluginManager: Mounting plugin AudioCapture
LogPluginManager: Mounting plugin FacialAnimation
LogPluginManager: Mounting plugin GameplayTagsEditor
LogPluginManager: Mounting plugin MobileLauncherProfileWizard
LogPluginManager: Mounting plugin PluginBrowser
LogPluginManager: Mounting plugin SpeedTreeImporter
LogPluginManager: Mounting plugin AlembicImporter
LogPluginManager: Mounting plugin CharacterAI
LogPluginManager: Mounting plugin HTML5Networking
LogPluginManager: Mounting plugin AndroidMedia
LogPluginManager: Mounting plugin AvfMedia
LogPluginManager: Mounting plugin MediaPlayerEditor
LogPluginManager: Mounting plugin WmfMedia
LogPluginManager: Mounting plugin TcpMessaging
LogPluginManager: Mounting plugin UdpMessaging
LogPluginManager: Mounting plugin LevelSequenceEditor
LogPluginManager: Mounting plugin MatineeToLevelSequence
LogPluginManager: Mounting plugin OnlineSubsystemGooglePlay
LogPluginManager: Mounting plugin OnlineSubsystemIOS
LogPluginManager: Mounting plugin OnlineSubsystem
LogPluginManager: Mounting plugin OnlineSubsystemNull
LogPluginManager: Mounting plugin OnlineSubsystemUtils
LogPluginManager: Mounting plugin AndroidDeviceProfileSelector
LogPluginManager: Mounting plugin AndroidMoviePlayer
LogPluginManager: Mounting plugin AndroidPermission
LogPluginManager: Mounting plugin AppleMoviePlayer
LogPluginManager: Mounting plugin ArchVisCharacter
LogPluginManager: Mounting plugin CableComponent
LogPluginManager: Mounting plugin CustomMeshComponent
LogPluginManager: Mounting plugin ExampleDeviceProfileSelector
LogPluginManager: Mounting plugin GoogleCloudMessaging
LogPluginManager: Mounting plugin ImmediatePhysics
LogPluginManager: Mounting plugin IOSDeviceProfileSelector
LogPluginManager: Mounting plugin LinuxDeviceProfileSelector
LogPluginManager: Mounting plugin LocationServicesBPLibrary
LogPluginManager: Mounting plugin MobilePatchingUtils
LogPluginManager: Mounting plugin Ansel
LogPluginManager: Mounting plugin OculusVR
LogPluginManager: Mounting plugin PhysXVehicles
LogPluginManager: Mounting plugin ProceduralMeshComponent
LogPluginManager: Mounting plugin RuntimePhysXCooking
LogPluginManager: Mounting plugin SteamVR
LogPluginManager: Mounting plugin WindowsMoviePlayer
LogInit: Using libcurl 7.47.1
LogInit:  - built for x86_64-pc-win32
LogInit:  - supports SSL with OpenSSL/1.0.2g
LogInit:  - supports HTTP deflate (compression) using libz 1.2.8
LogInit:  - other features:
LogInit:      CURL_VERSION_SSL
LogInit:      CURL_VERSION_LIBZ
LogInit:      CURL_VERSION_IPV6
LogInit:      CURL_VERSION_ASYNCHDNS
LogInit:      CURL_VERSION_LARGEFILE
LogInit:      CURL_VERSION_IDN
LogInit:  CurlRequestOptions (configurable via config and command line):
LogInit:  - bVerifyPeer = false  - Libcurl will NOT verify peer certificate
LogInit:  - bUseHttpProxy = false  - Libcurl will NOT use HTTP proxy
LogInit:  - bDontReuseConnections = false  - Libcurl will reuse connections
LogInit:  - CertBundlePath = nullptr  - Libcurl will use whatever was configured at build time.
LogInit: Build: ++UE4+Release-4.17-CL-3586342
LogInit: Engine Version: 4.17.1-3586342+++UE4+Release-4.17
LogInit: Compatible Engine Version: 4.17.0-3573198+++UE4+Release-4.17
LogInit: Net CL: 3573198
LogDevObjectVersion: Number of dev versions registered: 16
LogDevObjectVersion:   Dev-Blueprints (B0D832E4-1F89-4F0D-ACCF-7EB736FD4AA2): 10
LogDevObjectVersion:   Dev-Build (E1C64328-A22C-4D53-A36C-8E866417BD8C): 0
LogDevObjectVersion:   Dev-Core (375EC13C-06E4-48FB-B500-84F0262A717E): 2
LogDevObjectVersion:   Dev-Editor (E4B068ED-F494-42E9-A231-DA0B2E46BB41): 20
LogDevObjectVersion:   Dev-Framework (CFFC743F-43B0-4480-9391-14DF171D2073): 28
LogDevObjectVersion:   Dev-Mobile (B02B49B5-BB20-44E9-A304-32B752E40360): 0
LogDevObjectVersion:   Dev-Networking (A4E4105C-59A1-49B5-A7C5-40C4547EDFEE): 0
LogDevObjectVersion:   Dev-Online (39C831C9-5AE6-47DC-9A44-9C173E1C8E7C): 0
LogDevObjectVersion:   Dev-Physics (78F01B33-EBEA-4F98-B9B4-84EACCB95AA2): 0
LogDevObjectVersion:   Dev-Platform (6631380F-2D4D-43E0-8009-CF276956A95A): 0
LogDevObjectVersion:   Dev-Rendering (12F88B9F-8875-4AFC-A67C-D90C383ABD29): 19
LogDevObjectVersion:   Dev-Sequencer (7B5AE74C-D270-4C10-A958-57980B212A5A): 4
LogDevObjectVersion:   Dev-VR (D7296918-1DD6-4BDD-9DE2-64A83CC13884): 0
LogDevObjectVersion:   Dev-LoadTimes (C2A15278-BFE7-4AFE-6C17-90FF531DF755): 1
LogDevObjectVersion:   Private-Geometry (6EACA3D4-40EC-4CC1-B786-8BED09428FC5): 1
LogDevObjectVersion:   Dev-AnimPhys (29E575DD-E0A3-4627-9D10-D276232CDCEA): 7
LogInit: Compiled (64-bit): Aug 15 2017 02:05:26
LogInit: Compiled with Visual C++: 19.00.24215.01
LogInit: Build Configuration: Development
LogInit: Branch Name: ++UE4+Release-4.17
LogInit: Command line: -EpicPortal 
LogInit: Base directory: Q:/Unreal Engine/UE_4.17/Engine/Binaries/Win64/
LogInit: Installed Engine Build: 1
LogInit: Presizing for max 8388607 objects, including 0 objects not considered by GC, pre-allocating 0 bytes for permanent pool.
LogInit: Object subsystem initialized
[2017.09.05-21.55.17:206][  0]LogInit: Selected Device Profile: [Windows]
[2017.09.05-21.55.17:206][  0]LogInit: Applying CVar settings loaded from the selected device profile: [Windows]
[2017.09.05-21.55.17:239][  0]LogInit: Computer: DAWN
[2017.09.05-21.55.17:239][  0]LogInit: User: RobertForbes
[2017.09.05-21.55.17:239][  0]LogInit: CPU Page size=4096, Cores=4
[2017.09.05-21.55.17:239][  0]LogInit: High frequency timer resolution =3.417980 MHz
[2017.09.05-21.55.17:240][  0]LogMemory: Memory total: Physical=8.0GB (8GB approx)
[2017.09.05-21.55.17:240][  0]LogMemory: Platform Memory Stats for Windows
[2017.09.05-21.55.17:240][  0]LogMemory: Process Physical Memory: 277.83 MB used, 277.83 MB peak
[2017.09.05-21.55.17:240][  0]LogMemory: Process Virtual Memory: 274.14 MB used, 274.14 MB peak
[2017.09.05-21.55.17:240][  0]LogMemory: Physical Memory: 4430.16 MB used,  3713.69 MB free, 8143.85 MB total
[2017.09.05-21.55.17:240][  0]LogMemory: Virtual Memory: 668.32 MB used,  3713.69 MB free, 134217728.00 MB total
[2017.09.05-21.55.17:348][  0]LogInit: Using OS detected language (en-US).
[2017.09.05-21.55.17:348][  0]LogInit: Using OS detected locale (en-US).
[2017.09.05-21.55.17:352][  0]LogTextLocalizationManager: No specific localization for 'en-US' exists, so the 'en' localization will be used.
[2017.09.05-21.55.18:048][  0]LogD3D11RHI: D3D11 adapters:
[2017.09.05-21.55.18:606][  0]LogD3D11RHI:    0. 'NVIDIA GeForce GTX 970' (Feature Level 11_0)
[2017.09.05-21.55.18:606][  0]LogD3D11RHI:       4058/0/4071 MB DedicatedVideo/DedicatedSystem/SharedSystem, Outputs:2, VendorId:0x10de
[2017.09.05-21.55.18:607][  0]LogD3D11RHI:    1. 'Microsoft Basic Render Driver' (Feature Level 11_0)
[2017.09.05-21.55.18:607][  0]LogD3D11RHI:       0/0/4071 MB DedicatedVideo/DedicatedSystem/SharedSystem, Outputs:0, VendorId:0x1414
[2017.09.05-21.55.18:607][  0]LogD3D11RHI: Chosen D3D11 Adapter: 0
[2017.09.05-21.55.18:611][  0]LogD3D11RHI: Creating new Direct3DDevice
[2017.09.05-21.55.18:611][  0]LogD3D11RHI:     GPU DeviceId: 0x13c2 (for the marketing name, search the web for "GPU Device Id")
[2017.09.05-21.55.18:611][  0]LogWindows: EnumDisplayDevices:
[2017.09.05-21.55.18:611][  0]LogWindows:    0. 'NVIDIA GeForce GTX 970' (P:0 D:1)
[2017.09.05-21.55.18:611][  0]LogWindows:    1. 'NVIDIA GeForce GTX 970' (P:1 D:1)
[2017.09.05-21.55.18:611][  0]LogWindows:    2. 'NVIDIA GeForce GTX 970' (P:0 D:0)
[2017.09.05-21.55.18:612][  0]LogWindows:    3. 'NVIDIA GeForce GTX 970' (P:0 D:0)
[2017.09.05-21.55.18:612][  0]LogWindows: DebugString: FoundDriverCount:4 
[2017.09.05-21.55.18:612][  0]LogD3D11RHI:     Adapter Name: NVIDIA GeForce GTX 970
[2017.09.05-21.55.18:612][  0]LogD3D11RHI:   Driver Version: 385.41 (internal:22.21.13.8541, unified:385.41)
[2017.09.05-21.55.18:612][  0]LogD3D11RHI:      Driver Date: 8-21-2017
[2017.09.05-21.55.18:612][  0]LogRHI: Texture pool is 1361 MB (70% of 1945 MB)
[2017.09.05-21.55.19:146][  0]LogD3D11RHI: Async texture creation enabled
[2017.09.05-21.55.19:175][  0]LogD3D11RHI: GPU Timing Frequency: 1000.000000 (Debug: 2 1)
[2017.09.05-21.55.19:178][  0]LogShaderCompilers: Guid format shader working directory is 11 characters bigger than the processId version (../../../../../Unreal Projects/Plan-X/PlanX/Intermediate/Shaders/WorkingDirectory/9888/).
[2017.09.05-21.55.19:178][  0]LogShaderCompilers: Cleaned the shader compiler working directory 'C:/Users/Robert Forbes/AppData/Local/Temp/UnrealShaderWorkingDir/D39D2A49459040890684FFA8DDC339A1/'.
[2017.09.05-21.55.19:178][  0]LogShaderCompilers: Display: Using Local Shader Compiler.
[2017.09.05-21.55.20:020][  0]LogTemp: Display: Loaded TP AllDesktopTargetPlatform
[2017.09.05-21.55.20:061][  0]LogTemp: Display: Loaded TP MacClientTargetPlatform
[2017.09.05-21.55.20:102][  0]LogTemp: Display: Loaded TP MacNoEditorTargetPlatform
[2017.09.05-21.55.20:154][  0]LogTemp: Display: Loaded TP MacServerTargetPlatform
[2017.09.05-21.55.20:202][  0]LogTemp: Display: Loaded TP MacTargetPlatform
[2017.09.05-21.55.20:248][  0]LogTemp: Display: Loaded TP WindowsClientTargetPlatform
[2017.09.05-21.55.20:383][  0]LogTemp: Display: Loaded TP WindowsNoEditorTargetPlatform
[2017.09.05-21.55.20:434][  0]LogTemp: Display: Loaded TP WindowsServerTargetPlatform
[2017.09.05-21.55.20:471][  0]LogTemp: Display: Loaded TP WindowsTargetPlatform
[2017.09.05-21.55.20:512][  0]LogTemp: Display: Loaded TP AndroidTargetPlatform
[2017.09.05-21.55.20:560][  0]LogTemp: Display: Loaded TP Android_ASTCTargetPlatform
[2017.09.05-21.55.20:602][  0]LogTemp: Display: Loaded TP Android_ATCTargetPlatform
[2017.09.05-21.55.20:646][  0]LogTemp: Display: Loaded TP Android_DXTTargetPlatform
[2017.09.05-21.55.20:684][  0]LogTemp: Display: Loaded TP Android_ETC1TargetPlatform
[2017.09.05-21.55.20:722][  0]LogTemp: Display: Loaded TP Android_ETC2TargetPlatform
[2017.09.05-21.55.20:800][  0]LogTemp: Display: Loaded TP Android_MultiTargetPlatform
[2017.09.05-21.55.20:800][  0]LogTemp: Display: Loaded TP Android_PVRTCTargetPlatform
[2017.09.05-21.55.20:829][  0]LogTemp: Display: Loaded TP HTML5TargetPlatform
[2017.09.05-21.55.20:902][  0]LogTemp: Display: Loaded TP IOSTargetPlatform
[2017.09.05-21.55.20:923][  0]LogTemp: Display: Loaded TP TVOSTargetPlatform
[2017.09.05-21.55.20:962][  0]LogTemp: Display: Loaded TP LinuxClientTargetPlatform
[2017.09.05-21.55.21:000][  0]LogTemp: Display: Loaded TP LinuxNoEditorTargetPlatform
[2017.09.05-21.55.21:039][  0]LogTemp: Display: Loaded TP LinuxServerTargetPlatform
[2017.09.05-21.55.21:080][  0]LogTemp: Display: Loaded TP LinuxTargetPlatform
[2017.09.05-21.55.21:080][  0]LogTargetPlatformManager: Display: Building Assets For Windows
[2017.09.05-21.55.21:440][  0]LogDerivedDataCache: Display: Max Cache Size: 512 MB
[2017.09.05-21.55.21:524][  0]LogDerivedDataCache: Loaded boot cache 0.08s 106MB C:/Users/Robert Forbes/AppData/Local/UnrealEngine/4.17/DerivedDataCache/Boot.ddc.
[2017.09.05-21.55.21:524][  0]LogDerivedDataCache: Display: Loaded Boot cache: C:/Users/Robert Forbes/AppData/Local/UnrealEngine/4.17/DerivedDataCache/Boot.ddc
[2017.09.05-21.55.21:524][  0]LogDerivedDataCache: FDerivedDataBackendGraph:  Pak pak cache file ../../../../../Unreal Projects/Plan-X/PlanX/DerivedDataCache/DDC.ddp not found, will not use a pak cache.
[2017.09.05-21.55.21:524][  0]LogDerivedDataCache: Unable to find inner node Pak for hierarchical cache Hierarchy.
[2017.09.05-21.55.21:524][  0]LogDerivedDataCache: FDerivedDataBackendGraph:  CompressedPak pak cache file ../../../../../Unreal Projects/Plan-X/PlanX/DerivedDataCache/Compressed.ddp not found, will not use a pak cache.
[2017.09.05-21.55.21:524][  0]LogDerivedDataCache: Unable to find inner node CompressedPak for hierarchical cache Hierarchy.
[2017.09.05-21.55.21:541][  0]LogDerivedDataCache: Display: Pak cache opened for reading ../../../Engine/DerivedDataCache/Compressed.ddp.
[2017.09.05-21.55.21:552][  0]LogDerivedDataCache: Using Local data cache path C:/Users/Robert Forbes/AppData/Local/UnrealEngine/Common/DerivedDataCache: Writable
[2017.09.05-21.55.21:561][  0]LogMaterial: Verifying Global Shaders for PCD3D_SM5
[2017.09.05-21.55.21:562][  0]LogSlate: Using Freetype 2.6.0
[2017.09.05-21.55.21:563][  0]LogSlate: SlateFontCache - WITH_FREETYPE: 1, WITH_HARFBUZZ: 1
[2017.09.05-21.55.21:563][  0]LogSlate: SlateFontCache - WITH_FREETYPE: 1, WITH_HARFBUZZ: 1
[2017.09.05-21.55.21:820][  0]LogAssetRegistry: FAssetRegistry took 0.0252 seconds to start up
[2017.09.05-21.55.21:921][  0]LogInit: Selected Device Profile: [Windows]
[2017.09.05-21.55.22:111][  0]LogContentStreaming: Texture pool size is 0.00 MB
[2017.09.05-21.55.22:351][  0]LogSimplygon: Simplygon DLL not present - disabling.
[2017.09.05-21.55.22:381][  0]LogMeshReduction: Using SimplygonSwarm for distributed automatic mesh merging
[2017.09.05-21.55.22:381][  0]LogMeshReduction: Using QuadricMeshReduction for automatic static mesh reduction
[2017.09.05-21.55.22:381][  0]LogMeshReduction: No automatic skeletal mesh reduction module available
[2017.09.05-21.55.22:381][  0]LogMeshReduction: No automatic mesh merging module available
[2017.09.05-21.55.22:381][  0]LogMeshMerging: No automatic mesh merging module available
[2017.09.05-21.55.22:710][  0]LogNetVersion: PlanX , NetCL: 3573198, EngineNetVer: 2, GameNetVer: 0 (Checksum: 4232075429)
[2017.09.05-21.55.22:974][  0]LogPackageLocalizationCache: Processed 4 localized package path(s) for 2 prioritized culture(s) in 0.098302 seconds
[2017.09.05-21.55.22:981][  0]LogUObjectArray: 35825 objects as part of root set at end of initial load.
[2017.09.05-21.55.22:981][  0]LogUObjectAllocator: 7529112 out of 0 bytes used by permanent object pool.
[2017.09.05-21.55.22:981][  0]LogUObjectArray: CloseDisregardForGC: 0/0 objects in disregard for GC pool
[2017.09.05-21.55.23:022][  0]LogInit: WinSock: version 1.1 (2.2), MaxSocks=32767, MaxUdp=65467
[2017.09.05-21.55.25:291][  0]LogTcpMessaging: Initializing TcpMessaging bridge
[2017.09.05-21.55.25:325][  0]LogUdpMessaging: Initializing bridge on interface 0.0.0.0:0 to multicast group 230.0.0.1:6666.
[2017.09.05-21.55.25:871][  0]SourceControl: Source control is disabled
[2017.09.05-21.55.25:872][  0]SourceControl: Source control is disabled
[2017.09.05-21.55.25:914][  0]SourceControl: Source control is disabled
[2017.09.05-21.55.25:958][  0]SourceControl: Source control is disabled
[2017.09.05-21.55.26:537][  0]LogAndroidPermission: UAndroidPermissionCallbackProxy::GetInstance
[2017.09.05-21.55.26:860][  0]LogAnsel: Tried to load ../../../Engine/Plugins/Runtime/Nvidia/Ansel/Binaries/ThirdParty/AnselSDK64.dll : success=1
[2017.09.05-21.55.26:925][  0]LogOcInput: OculusInput pre-init called
[2017.09.05-21.55.27:168][  0]LogEngine: Initializing Engine...
[2017.09.05-21.55.30:293][  0]LogHMD: SteamVR initialized.  Driver: lighthouse  Display: LHR-21CE5F1D
[2017.09.05-21.55.30:493][  0]LogStats: UGameplayTagsManager::ConstructGameplayTagTree: Construct from data asset -  0.000 s
[2017.09.05-21.55.30:493][  0]LogStats: UGameplayTagsManager::ConstructGameplayTagTree: GameplayTagTreeChangedEvent.Broadcast -  0.000 s
[2017.09.05-21.55.30:588][  0]LogAIModule: Creating AISystem for world Untitled
[2017.09.05-21.55.30:608][  0]LogInit: XAudio2 using 'REAL SPEAKERS!!!!!!!!!! (Realtek High Definition Audio)' : 2 channels at 48 kHz using 32 bits per sample (channel mask 0x3)
[2017.09.05-21.55.30:619][  0]LogInit: FAudioDevice initialized.
[2017.09.05-21.55.30:735][  0]LogDerivedDataCache: Saved boot cache 0.12s 106MB C:/Users/Robert Forbes/AppData/Local/UnrealEngine/4.17/DerivedDataCache/Boot.ddc.
[2017.09.05-21.55.30:750][  0]LogInit: Texture streaming: Enabled
[2017.09.05-21.55.30:783][  0]LogMaterial: Uniform references updated for custom material expression Custom.
[2017.09.05-21.55.31:030][  0]LogEngineSessionManager: EngineSessionManager initialized
[2017.09.05-21.55.31:234][  0]LogInit: Transaction tracking system initialized
[2017.09.05-21.55.31:559][  0]BlueprintLog: New page: Editor Load
[2017.09.05-21.55.32:252][  0]LocalizationService: Localization service is disabled
[2017.09.05-21.55.32:964][  0]LogConsoleResponse: Display: 
[2017.09.05-21.55.33:311][  0]LogCook: Display: Max memory allowance for cook 16384mb min free memory 0mb
[2017.09.05-21.55.33:311][  0]LogCook: Display: Mobile HDR setting 1
[2017.09.05-21.55.33:311][  0]LogGameplayTags: Display: UGameplayTagsManager::DoneAddingNativeTags. DelegateIsBound: 0
[2017.09.05-21.55.33:823][  0]LogFileCache: Scanning file cache for directory 'Q:/Unreal Projects/Plan-X/PlanX/Content/' took 0.12s
[2017.09.05-21.55.34:130][  0]SourceControl: Source control is disabled
[2017.09.05-21.55.34:130][  0]Cmd: MAP LOAD FILE="../../../../../Unreal Projects/Plan-X/PlanX/Content/Assets/Mapt_data/Challenge_Levels/Challange_L_1_0.umap" TEMPLATE=0 SHOWPROGRESS=1 FEATURELEVEL=3
[2017.09.05-21.55.34:131][  0]LightingResults: New page: Lighting Build
[2017.09.05-21.55.34:163][  0]MapCheck: New page: Map Check
[2017.09.05-21.55.34:163][  0]LightingResults: New page: Lighting Build
[2017.09.05-21.55.36:110][  0]LogAIModule: Creating AISystem for world Challange_L_1_0
[2017.09.05-21.55.36:197][  0]LogEditorServer: Finished looking for orphan Actors (0.000 secs)
[2017.09.05-21.55.36:209][  0]Cmd: MAP CHECKDEP NOCLEARLOG
[2017.09.05-21.55.36:267][  0]MapCheck: Map check complete: 0 Error(s), 0 Warning(s), took 58.209ms to complete.
[2017.09.05-21.55.36:267][  0]LogFileHelpers: Loading map 'Challange_L_1_0' took 2.137
[2017.09.05-21.55.36:343][  0]LogWindowsTextInputMethodSystem: Display: IME system now deactivated.
[2017.09.05-21.55.36:838][  0]LogCollectionManager: Loaded 0 collections in 0.001561 seconds
[2017.09.05-21.55.36:975][  0]LogFileCache: Scanning file cache for directory 'Q:/Unreal Projects/Plan-X/PlanX/Saved/Collections/' took 0.01s
[2017.09.05-21.55.36:975][  0]LogFileCache: Scanning file cache for directory 'Q:/Unreal Projects/Plan-X/PlanX/Content/Developers/RobertForbes/Collections/' took 0.01s
[2017.09.05-21.55.36:975][  0]LogFileCache: Scanning file cache for directory 'Q:/Unreal Projects/Plan-X/PlanX/Content/Collections/' took 0.01s
[2017.09.05-21.55.36:975][  0]LogCollectionManager: Rebuilt the GUID cache for 0 collections in 0.000000 seconds
[2017.09.05-21.55.36:986][  0]LogContentBrowser: Native class hierarchy populated in 0.0088 seconds. Added 2337 classes and 483 folders.
[2017.09.05-21.55.37:049][  0]LogContentBrowser: Native class hierarchy updated for 'WidgetCarousel' in 0.0011 seconds. Added 0 classes and 0 folders.
[2017.09.05-21.55.38:174][  0]LogContentBrowser: Native class hierarchy updated for 'AddContentDialog' in 0.0008 seconds. Added 0 classes and 0 folders.
[2017.09.05-21.55.38:246][  0]LogContentBrowser: Native class hierarchy updated for 'SceneOutliner' in 0.0008 seconds. Added 1 classes and 2 folders.
[2017.09.05-21.55.38:526][  0]LogSlate: Took 0.000453 seconds to synchronously load lazily loaded font '../../../Engine/Content/Slate/Fonts/Roboto-Regular.ttf' (155K)
[2017.09.05-21.55.38:533][  0]LogSlate: Took 0.000348 seconds to synchronously load lazily loaded font '../../../Engine/Content/Slate/Fonts/Roboto-Bold.ttf' (160K)
[2017.09.05-21.55.38:578][  0]LogSlate: Took 0.016392 seconds to synchronously load lazily loaded font '../../../Engine/Content/Editor/Slate/Fonts/FontAwesome.ttf' (139K)
[2017.09.05-21.55.39:005][  0]LogRenderer: Reallocating scene render targets to support 1208x576 Format 26 NumSamples 1 (Frame:1).
[2017.09.05-21.55.39:373][  0]LogContentBrowser: Native class hierarchy updated for 'HierarchicalLODOutliner' in 0.0008 seconds. Added 1 classes and 2 folders.
[2017.09.05-21.55.39:373][  0]LogLoad: (Engine Initialization) Total time: 24.68 seconds
[2017.09.05-21.55.39:373][  0]LogLoad: (Engine Initialization) Total Blueprint compile time: 0.00 seconds
[2017.09.05-21.55.39:373][  0]LogExternalProfiler: Found external profiler: VSPerf
[2017.09.05-21.55.39:373][  0]LogExternalProfiler: Using external profiler: VSPerf
[2017.09.05-21.55.39:433][  0]LogContentStreaming: Texture pool size now 1000 MB
[2017.09.05-21.55.39:586][  0]LogSlate: Took 0.013407 seconds to synchronously load lazily loaded font '../../../Engine/Content/Slate/Fonts/Roboto-Light.ttf' (159K)
[2017.09.05-21.55.39:602][  1]LogFileCache: Retrieving MD5 hashes for directory 'Q:/Unreal Projects/Plan-X/PlanX/Content/' took 0.21s
[2017.09.05-21.55.39:677][  2]LogAssetRegistry: Asset discovery search completed in 17.8784 seconds
[2017.09.05-21.55.39:678][  2]LogCollectionManager: Rebuilt the object cache for 0 collections in 0.000000 seconds (found 0 objects)
[2017.09.05-21.55.39:678][  2]LogCollectionManager: Fixed up redirectors for 0 collections in 0.000042 seconds (updated 0 objects)
[2017.09.05-21.55.47:545][930]LogEditorViewport: Clicking on Actor (LMB): StaticMeshActor (Dome_Roof)
[2017.09.05-21.56.05:385][967]LogEditorViewport: Clicking Background
[2017.09.05-21.56.19:765][674]LogEditorViewport: Clicking on Actor (LMB): StaticMeshActor (CL1AL_Small_lighting_Prop)
[2017.09.05-21.56.23:396][102]LogEditorViewport: Clicking Background
[2017.09.05-21.57.53:079][447]LogSlate: Took 0.000212 seconds to synchronously load lazily loaded font '../../../Engine/Content/Slate/Fonts/Roboto-Light.ttf' (159K)
[2017.09.05-21.57.53:613][447]LogSavePackage: Save=60.50ms
[2017.09.05-21.57.53:613][447]LogSavePackage: Moving '../../../../../Unreal Projects/Plan-X/PlanX/Saved/Challange_L_1_0948888FB4E49ABCCE296E7B9E4F5F66C.tmp' to '../../../../../Unreal Projects/Plan-X/PlanX/Content/Assets/Mapt_data/Challenge_Levels/Challange_L_1_0.umap'
[2017.09.05-21.57.53:618][447]LogSavePackage: Display: Finished SavePackage ../../../../../Unreal Projects/Plan-X/PlanX/Content/Assets/Mapt_data/Challenge_Levels/Challange_L_1_0.umap
[2017.09.05-21.57.55:379][447]LogSlate: Took 0.000212 seconds to synchronously load lazily loaded font '../../../Engine/Content/Slate/Fonts/Roboto-Regular.ttf' (155K)
[2017.09.05-21.57.55:999][447]LogSavePackage: Save=2266.37ms
[2017.09.05-21.57.55:999][447]LogSavePackage: Moving '../../../../../Unreal Projects/Plan-X/PlanX/Saved/Challange_L_1_0_BuiltData2727CB824DA7C8B5C570AEBD31D3118D.tmp' to '../../../../../Unreal Projects/Plan-X/PlanX/Content/Assets/Mapt_data/Challenge_Levels/Challange_L_1_0_BuiltData.uasset'
[2017.09.05-21.57.56:000][447]LogSavePackage: Display: Finished SavePackage ../../../../../Unreal Projects/Plan-X/PlanX/Content/Assets/Mapt_data/Challenge_Levels/Challange_L_1_0_BuiltData.uasset
[2017.09.05-21.58.00:120][858]LogAIModule: Creating AISystem for world MotionControllerMap
[2017.09.05-21.58.00:167][858]Cmd: MAP LOAD FILE="../../../../../Unreal Projects/Plan-X/PlanX/Content/VirtualRealityBP/Maps/MotionControllerMap.umap" TEMPLATE=0 SHOWPROGRESS=1 FEATURELEVEL=3
[2017.09.05-21.58.00:167][858]LightingResults: New page: Lighting Build
[2017.09.05-21.58.00:168][858]LoadErrors: New page: Loading map: MotionControllerMap.umap
[2017.09.05-21.58.00:169][858]MapCheck: New page: Map Check
[2017.09.05-21.58.00:169][858]LightingResults: New page: Lighting Build
[2017.09.05-21.58.00:324][858]LogEditorServer: Finished looking for orphan Actors (0.000 secs)
[2017.09.05-21.58.00:361][858]Cmd: MAP CHECKDEP NOCLEARLOG
[2017.09.05-21.58.00:427][858]MapCheck: Map check complete: 0 Error(s), 0 Warning(s), took 66.336ms to complete.
[2017.09.05-21.58.00:427][858]LogFileHelpers: Loading map 'MotionControllerMap' took 0.260
[2017.09.05-21.58.30:825][413]Cmd: TRANSACTION UNDO
[2017.09.05-21.58.30:825][413]LogEditorTransaction: Undo Scale Actors
[2017.09.05-21.58.30:856][413]LogSlate: Took 0.003145 seconds to synchronously load lazily loaded font '../../../Engine/Content/Slate/Fonts/Roboto-Light.ttf' (159K)
[2017.09.05-21.58.31:448][480]Cmd: TRANSACTION UNDO
[2017.09.05-21.58.31:448][480]LogEditorTransaction: Undo Scale Actors
[2017.09.05-21.58.31:451][480]LogActorComponent: ~FComponentReregisterContext: (/Game/VirtualRealityBP/Maps/MotionControllerMap.MotionControllerMap:PersistentLevel.BoxBrush2.BrushComponent0) Component already registered.
[2017.09.05-21.59.17:020][876]LogAIModule: Creating AISystem for world Challange_L_1_0
[2017.09.05-21.59.18:386][876]Cmd: MAP LOAD FILE="../../../../../Unreal Projects/Plan-X/PlanX/Content/Assets/Mapt_data/Challenge_Levels/Challange_L_1_0.umap" TEMPLATE=0 SHOWPROGRESS=1 FEATURELEVEL=3
[2017.09.05-21.59.18:386][876]LightingResults: New page: Lighting Build
[2017.09.05-21.59.18:387][876]LoadErrors: New page: Loading map: Challange_L_1_0.umap
[2017.09.05-21.59.18:389][876]MapCheck: New page: Map Check
[2017.09.05-21.59.18:389][876]LightingResults: New page: Lighting Build
[2017.09.05-21.59.18:407][876]LogEditorServer: Finished looking for orphan Actors (0.000 secs)
[2017.09.05-21.59.18:446][876]Cmd: MAP CHECKDEP NOCLEARLOG
[2017.09.05-21.59.19:837][876]MapCheck: Map check complete: 0 Error(s), 0 Warning(s), took 1,392.084ms to complete.
[2017.09.05-21.59.19:838][876]LogFileHelpers: Loading map 'Challange_L_1_0' took 1.454
[2017.09.05-21.59.30:033][ 71]LogPlayLevel: PlayLevel: No blueprints needed recompiling
[2017.09.05-21.59.30:050][ 71]PIE: New page: PIE session: Challange_L_1_0 (Sep 5, 2017, 1:59:30 PM)
[2017.09.05-21.59.30:051][ 71]LogPlayLevel: Creating play world package: /Game/Assets/Mapt_data/Challenge_Levels/UEDPIE_0_Challange_L_1_0
[2017.09.05-21.59.30:059][ 71]LogPlayLevel: PIE: StaticDuplicateObject took: (0.008400s)
[2017.09.05-21.59.30:060][ 71]LogAIModule: Creating AISystem for world Challange_L_1_0
[2017.09.05-21.59.30:060][ 71]LogPlayLevel: PIE: World Init took: (0.000697s)
[2017.09.05-21.59.30:060][ 71]LogPlayLevel: PIE: Created PIE world by copying editor world from /Game/Assets/Mapt_data/Challenge_Levels/Challange_L_1_0.Challange_L_1_0 to /Game/Assets/Mapt_data/Challenge_Levels/UEDPIE_0_Challange_L_1_0.Challange_L_1_0 (0.009370s)
[2017.09.05-21.59.30:080][ 71]LogInit: XAudio2 using 'REAL SPEAKERS!!!!!!!!!! (Realtek High Definition Audio)' : 2 channels at 48 kHz using 32 bits per sample (channel mask 0x3)
[2017.09.05-21.59.30:090][ 71]LogInit: FAudioDevice initialized.
[2017.09.05-21.59.30:214][ 71]LogLoad: Game class is 'GameMode'
[2017.09.05-21.59.30:236][ 71]LogWorld: Bringing World /Game/Assets/Mapt_data/Challenge_Levels/UEDPIE_0_Challange_L_1_0.Challange_L_1_0 up for play (max tick rate 0) at 2017.09.05-17.59.30
[2017.09.05-21.59.30:260][ 71]LogWorld: Bringing up level for play took: 0.026140
[2017.09.05-21.59.30:316][ 71]LogGameMode: FindPlayerStart: PATHS NOT DEFINED or NO PLAYERSTART with positive rating
[2017.09.05-21.59.31:471][ 71]LogContentBrowser: Native class hierarchy updated for 'MovieSceneCapture' in 0.0008 seconds. Added 11 classes and 0 folders.
[2017.09.05-21.59.31:471][ 71]LogGameMode: Display: Match State Changed from EnteringMap to WaitingToStart
[2017.09.05-21.59.31:471][ 71]LogGameState: Match State Changed from EnteringMap to WaitingToStart
[2017.09.05-21.59.31:471][ 71]LogGameMode: Display: Match State Changed from WaitingToStart to InProgress
[2017.09.05-21.59.31:530][ 71]LogGameState: Match State Changed from WaitingToStart to InProgress
[2017.09.05-21.59.31:535][ 71]PIE: Play in editor start time for /Game/Assets/Mapt_data/Challenge_Levels/UEDPIE_0_Challange_L_1_0 2.335
[2017.09.05-21.59.31:605][ 71]LogAnsel: We reckon 0.010000 meters to 1 world unit
[2017.09.05-21.59.31:660][ 72]LogRenderer: Reallocating scene render targets to support 3024x1680 Format 26 NumSamples 1 (Frame:1).
[2017.09.05-21.59.46:465][380]LogSteamVRController: Controller role for device 3 is 0 (invalid=0, left=1, right=2).
[2017.09.05-21.59.46:465][380]LogSteamVRController: Warning: Controller device 3 has no role set.  There is no 'right' controller according to steamvr, so we are pickign that.
[2017.09.05-21.59.47:460][468]LogSteamVRController: Controller role for device 4 is 0 (invalid=0, left=1, right=2).
[2017.09.05-21.59.47:460][468]LogSteamVRController: Putting controller 4 on the left hand because there is already a controller for the right.
[2017.09.05-22.02.43:819][487]LogEditorViewport: Clicking on Actor (LMB): StaticMeshActor (Level_packet_Target)
[2017.09.05-22.02.44:232][526]LogEditorViewport: Clicking on Actor (context menu): StaticMeshActor (Level_packet_Target)
[2017.09.05-22.02.45:645][679]LogSlate: Took 0.017116 seconds to synchronously load lazily loaded font '../../../Engine/Content/Editor/Slate/Fonts/Roboto-BoldCondensed.ttf' (158K)
[2017.09.05-22.02.57:817][124]Cmd: CAMERA ALIGN ACTIVEVIEWPORTONLY
[2017.09.05-22.03.12:972][532]LogEditorViewport: Clicking on Actor (LMB): StaticMeshActor (Floor_Ceiling)
[2017.09.05-22.03.18:951][136]LogEditorViewport: Clicking on Actor (LMB): StaticMeshActor (Floor_Ceiling)
[2017.09.05-22.03.29:832][284]LogSavePackage: Save=45.64ms
[2017.09.05-22.03.29:832][284]LogSavePackage: Moving '../../../../../Unreal Projects/Plan-X/PlanX/Saved/Challange_L_1_0F4A0DF754A81B203270401886AE71108.tmp' to '../../../../../Unreal Projects/Plan-X/PlanX/Content/Assets/Mapt_data/Challenge_Levels/Challange_L_1_0.umap'
[2017.09.05-22.03.29:838][284]LogSavePackage: Display: Finished SavePackage ../../../../../Unreal Projects/Plan-X/PlanX/Content/Assets/Mapt_data/Challenge_Levels/Challange_L_1_0.umap
[2017.09.05-22.03.32:147][284]LogSavePackage: Save=2265.83ms
[2017.09.05-22.03.32:147][284]LogSavePackage: Moving '../../../../../Unreal Projects/Plan-X/PlanX/Saved/Challange_L_1_0_BuiltDataBEC4BC4B45BC55EEFBA3F4BC058E01BA.tmp' to '../../../../../Unreal Projects/Plan-X/PlanX/Content/Assets/Mapt_data/Challenge_Levels/Challange_L_1_0_BuiltData.uasset'
[2017.09.05-22.03.32:148][284]LogSavePackage: Display: Finished SavePackage ../../../../../Unreal Projects/Plan-X/PlanX/Content/Assets/Mapt_data/Challenge_Levels/Challange_L_1_0_BuiltData.uasset
[2017.09.05-22.03.38:504][ 24]LogEditorViewport: Clicking Background
[2017.09.05-22.03.40:173][208]Cmd: CAMERA ALIGN ACTIVEVIEWPORTONLY
[2017.09.05-22.03.43:459][586]LogEditorViewport: Clicking on Actor (context menu): StaticMeshActor (Floor_Ceiling)
[2017.09.05-22.03.47:997][106]LogEditorViewport: Clicking Background
[2017.09.05-22.03.54:514][828]Cmd: TRANSACTION UNDO
[2017.09.05-22.03.54:514][828]LogEditorTransaction: Undo Clicking Background
[2017.09.05-22.03.54:719][846]Cmd: TRANSACTION UNDO
[2017.09.05-22.03.54:719][846]LogEditorTransaction: Undo Clicking on Actors (context menu)
[2017.09.05-22.03.54:902][856]Cmd: TRANSACTION UNDO
[2017.09.05-22.03.54:902][856]LogEditorTransaction: Undo Clicking on Actors
[2017.09.05-22.03.55:096][869]Cmd: TRANSACTION UNDO
[2017.09.05-22.03.55:097][869]LogEditorTransaction: Undo Clicking on Actors
[2017.09.05-22.03.55:300][893]Cmd: TRANSACTION UNDO
[2017.09.05-22.03.55:300][893]LogEditorTransaction: Undo Clicking Background
[2017.09.05-22.03.55:502][907]Cmd: TRANSACTION UNDO
[2017.09.05-22.03.55:502][907]LogEditorTransaction: Undo Clicking on Actors
[2017.09.05-22.03.55:712][920]Cmd: TRANSACTION UNDO
[2017.09.05-22.03.55:712][920]LogEditorTransaction: Undo Clicking on Actors
[2017.09.05-22.03.59:942][416]LogEditorViewport: Clicking on Actor (LMB): StaticMeshActor (Floor_Ceiling)
[2017.09.05-22.04.01:186][562]Cmd: TRANSACTION UNDO
[2017.09.05-22.04.01:186][562]LogEditorTransaction: Undo Clicking on Actors
[2017.09.05-22.04.15:958][301]Cmd: TRANSACTION UNDO
[2017.09.05-22.04.15:958][301]LogEditorTransaction: Undo Clicking on Actors
[2017.09.05-22.04.16:045][301]LogSavePackage: Save=45.85ms
[2017.09.05-22.04.16:045][301]LogSavePackage: Moving '../../../../../Unreal Projects/Plan-X/PlanX/Saved/Challange_L_1_07CCA079D482834F23501A1A9EE512DB6.tmp' to '../../../../../Unreal Projects/Plan-X/PlanX/Content/Assets/Mapt_data/Challenge_Levels/Challange_L_1_0.umap'
[2017.09.05-22.04.16:046][301]LogSavePackage: Display: Finished SavePackage ../../../../../Unreal Projects/Plan-X/PlanX/Content/Assets/Mapt_data/Challenge_Levels/Challange_L_1_0.umap
[2017.09.05-22.04.17:337][301]LogSavePackage: Save=1254.17ms
[2017.09.05-22.04.17:337][301]LogSavePackage: Moving '../../../../../Unreal Projects/Plan-X/PlanX/Saved/Challange_L_1_0_BuiltData84DDD425460147C619FF588A0E47244F.tmp' to '../../../../../Unreal Projects/Plan-X/PlanX/Content/Assets/Mapt_data/Challenge_Levels/Challange_L_1_0_BuiltData.uasset'
[2017.09.05-22.04.17:338][301]LogSavePackage: Display: Finished SavePackage ../../../../../Unreal Projects/Plan-X/PlanX/Content/Assets/Mapt_data/Challenge_Levels/Challange_L_1_0_BuiltData.uasset
[2017.09.05-22.04.20:949][722]LogEditorViewport: Clicking on Actor (LMB): StaticMeshActor (Level_packet_Target)
[2017.09.05-22.04.28:339][582]Cmd: TRANSACTION UNDO
[2017.09.05-22.04.28:340][582]LogEditorTransaction: Undo Move Actors
[2017.09.05-22.04.28:704][620]Cmd: TRANSACTION UNDO
[2017.09.05-22.04.28:704][620]LogEditorTransaction: Undo Clicking on Actors
[2017.09.05-22.04.33:376][173]LogEditorViewport: Clicking on Actor (LMB): StaticMeshActor (Level_packet_Target)
[2017.09.05-22.04.46:381][696]LogEditorViewport: Clicking on Actor (LMB): StaticMeshActor (Floor_Ceiling)
[2017.09.05-22.04.50:465][177]LogEditorViewport: Clicking on Actor (LMB): StaticMeshActor (CL1AL)
[2017.09.05-22.04.54:598][664]LogEditorViewport: Clicking on Actor (LMB): StaticMeshActor (Level_packet_Target)
[2017.09.05-22.05.09:006][355]LogSavePackage: Save=45.51ms
[2017.09.05-22.05.09:006][355]LogSavePackage: Moving '../../../../../Unreal Projects/Plan-X/PlanX/Saved/Challange_L_1_0EA904AC848F184557623CF9FFCB68A2C.tmp' to '../../../../../Unreal Projects/Plan-X/PlanX/Content/Assets/Mapt_data/Challenge_Levels/Challange_L_1_0.umap'
[2017.09.05-22.05.09:009][355]LogSavePackage: Display: Finished SavePackage ../../../../../Unreal Projects/Plan-X/PlanX/Content/Assets/Mapt_data/Challenge_Levels/Challange_L_1_0.umap
[2017.09.05-22.05.10:285][355]LogSavePackage: Save=1240.02ms
[2017.09.05-22.05.10:285][355]LogSavePackage: Moving '../../../../../Unreal Projects/Plan-X/PlanX/Saved/Challange_L_1_0_BuiltData486299964C34A751FC1489BE9C9037C8.tmp' to '../../../../../Unreal Projects/Plan-X/PlanX/Content/Assets/Mapt_data/Challenge_Levels/Challange_L_1_0_BuiltData.uasset'
[2017.09.05-22.05.10:286][355]LogSavePackage: Display: Finished SavePackage ../../../../../Unreal Projects/Plan-X/PlanX/Content/Assets/Mapt_data/Challenge_Levels/Challange_L_1_0_BuiltData.uasset
[2017.09.05-22.05.10:519][379]LogSlate: Took 0.012468 seconds to synchronously load lazily loaded font '../../../Engine/Content/Editor/Slate/Fonts/Roboto-Italic.ttf' (157K)
[2017.09.05-22.05.52:038][244]LogContentBrowser: Native class hierarchy updated for 'BlueprintGraph' in 0.0010 seconds. Added 113 classes and 0 folders.
[2017.09.05-22.18.51:804][911]LogActorComponent: UnregisterComponent: (/Engine/Transient.EditorFloorComp) Not registered. Aborting.
[2017.09.05-22.18.55:376][289]LogSavePackage: Save=159.16ms
[2017.09.05-22.18.55:376][289]LogSavePackage: Moving '../../../../../Unreal Projects/Plan-X/PlanX/Saved/Challange_L_1_0367B78444ABC5C85E98CA78B68264D7D.tmp' to '../../../../../Unreal Projects/Plan-X/PlanX/Content/Assets/Mapt_data/Challenge_Levels/Challange_L_1_0.umap'
[2017.09.05-22.18.55:379][289]LogSavePackage: Display: Finished SavePackage ../../../../../Unreal Projects/Plan-X/PlanX/Content/Assets/Mapt_data/Challenge_Levels/Challange_L_1_0.umap
[2017.09.05-22.18.56:703][289]LogSavePackage: Save=1280.58ms
[2017.09.05-22.18.56:703][289]LogSavePackage: Moving '../../../../../Unreal Projects/Plan-X/PlanX/Saved/Challange_L_1_0_BuiltData9866031D42E3B86FE8B629AC9C07989A.tmp' to '../../../../../Unreal Projects/Plan-X/PlanX/Content/Assets/Mapt_data/Challenge_Levels/Challange_L_1_0_BuiltData.uasset'
[2017.09.05-22.18.56:704][289]LogSavePackage: Display: Finished SavePackage ../../../../../Unreal Projects/Plan-X/PlanX/Content/Assets/Mapt_data/Challenge_Levels/Challange_L_1_0_BuiltData.uasset
[2017.09.05-22.19.04:184][146]LogAIModule: Creating AISystem for world MotionControllerMap
[2017.09.05-22.19.12:295][146]Cmd: MAP LOAD FILE="../../../../../Unreal Projects/Plan-X/PlanX/Content/VirtualRealityBP/Maps/MotionControllerMap.umap" TEMPLATE=0 SHOWPROGRESS=1 FEATURELEVEL=3
[2017.09.05-22.19.12:296][146]LightingResults: New page: Lighting Build
[2017.09.05-22.19.12:297][146]LoadErrors: New page: Loading map: MotionControllerMap.umap
[2017.09.05-22.19.12:322][146]MapCheck: New page: Map Check
[2017.09.05-22.19.12:322][146]LightingResults: New page: Lighting Build
[2017.09.05-22.19.12:452][146]LogEditorServer: Finished looking for orphan Actors (0.000 secs)
[2017.09.05-22.19.12:497][146]Cmd: MAP CHECKDEP NOCLEARLOG
[2017.09.05-22.19.12:563][146]MapCheck: Map check complete: 0 Error(s), 0 Warning(s), took 65.925ms to complete.
[2017.09.05-22.19.12:563][146]LogFileHelpers: Loading map 'MotionControllerMap' took 0.269
[2017.09.05-22.19.23:375][424]LogEditorViewport: Clicking on Actor (LMB): StaticMeshActor (EditorCube11)
[2017.09.05-22.19.28:635][ 42]LogEditorViewport: Clicking on Actor (LMB): BP_PickupCube_C (EditorCube23)
[2017.09.05-22.19.33:935][667]LogEditorViewport: Clicking on Actor (LMB): StaticMeshActor (EditorCube10)
[2017.09.05-22.19.38:696][225]LogEditorViewport: Clicking on Actor (LMB): BP_PickupCube_C (EditorCube28)
[2017.09.05-22.20.04:837][795]LogEditorViewport: Clicking on Actor (LMB): BP_PickupCube_C (EditorCube34)
[2017.09.05-22.20.06:244][956]LogEditorViewport: Clicking on Actor (LMB): BP_PickupCube_C (EditorCube23)
[2017.09.05-22.20.59:295][292]LogEditorViewport: Clicking on Actor (LMB): MotionControllerPawn_C (VRPawn)
[2017.09.05-22.21.03:078][729]Cmd: CAMERA ALIGN ACTIVEVIEWPORTONLY
[2017.09.05-22.21.22:754][ 52]LogEditorViewport: Clicking on Actor (LMB): StaticMeshActor (EditorCube10)
[2017.09.05-22.21.23:895][179]LogTemp: Repeating last play command: VR Preview
[2017.09.05-22.21.23:923][179]LogBlueprintUserMessages: Early PlayInEditor Detection: Level '/Game/VirtualRealityBP/Maps/MotionControllerMap.MotionControllerMap:PersistentLevel' has LevelScriptBlueprint '/Game/VirtualRealityBP/Maps/MotionControllerMap.MotionControllerMap:PersistentLevel.MotionControllerMap' with GeneratedClass '/Game/VirtualRealityBP/Maps/MotionControllerMap.MotionControllerMap_C' with ClassGeneratedBy '/Game/VirtualRealityBP/Maps/MotionControllerMap.MotionControllerMap:PersistentLevel.MotionControllerMap'
[2017.09.05-22.21.23:923][179]LogPlayLevel: PlayLevel: No blueprints needed recompiling
[2017.09.05-22.21.23:923][179]PIE: New page: PIE session: MotionControllerMap (Sep 5, 2017, 2:21:23 PM)
[2017.09.05-22.21.23:923][179]LogPlayLevel: Creating play world package: /Game/VirtualRealityBP/Maps/UEDPIE_0_MotionControllerMap
[2017.09.05-22.21.23:961][179]LogPlayLevel: PIE: StaticDuplicateObject took: (0.037245s)
[2017.09.05-22.21.23:961][179]LogAIModule: Creating AISystem for world MotionControllerMap
[2017.09.05-22.21.23:961][179]LogPlayLevel: PIE: World Init took: (0.000676s)
[2017.09.05-22.21.23:962][179]LogPlayLevel: PIE: Created PIE world by copying editor world from /Game/VirtualRealityBP/Maps/MotionControllerMap.MotionControllerMap to /Game/VirtualRealityBP/Maps/UEDPIE_0_MotionControllerMap.MotionControllerMap (0.038177s)
[2017.09.05-22.21.24:007][179]LogInit: XAudio2 using 'REAL SPEAKERS!!!!!!!!!! (Realtek High Definition Audio)' : 2 channels at 48 kHz using 32 bits per sample (channel mask 0x3)
[2017.09.05-22.21.24:017][179]LogInit: FAudioDevice initialized.
[2017.09.05-22.21.24:112][179]LogLoad: Game class is 'GameMode'
[2017.09.05-22.21.24:114][179]LogWorld: Bringing World /Game/VirtualRealityBP/Maps/UEDPIE_0_MotionControllerMap.MotionControllerMap up for play (max tick rate 0) at 2017.09.05-18.21.24
[2017.09.05-22.21.24:114][179]LogWorld: Bringing up level for play took: 0.002142
[2017.09.05-22.21.24:115][179]LogGameMode: Display: Match State Changed from EnteringMap to WaitingToStart
[2017.09.05-22.21.24:115][179]LogGameState: Match State Changed from EnteringMap to WaitingToStart
[2017.09.05-22.21.24:115][179]LogGameMode: Display: Match State Changed from WaitingToStart to InProgress
[2017.09.05-22.21.24:118][179]LogGameState: Match State Changed from WaitingToStart to InProgress
[2017.09.05-22.21.24:124][179]PIE: Play in editor start time for /Game/VirtualRealityBP/Maps/UEDPIE_0_MotionControllerMap 0.924
[2017.09.05-22.21.24:124][179]LogBlueprintUserMessages: Late PlayInEditor Detection: Level '/Game/VirtualRealityBP/Maps/MotionControllerMap.MotionControllerMap:PersistentLevel' has LevelScriptBlueprint '/Game/VirtualRealityBP/Maps/MotionControllerMap.MotionControllerMap:PersistentLevel.MotionControllerMap' with GeneratedClass '/Game/VirtualRealityBP/Maps/MotionControllerMap.MotionControllerMap_C' with ClassGeneratedBy '/Game/VirtualRealityBP/Maps/MotionControllerMap.MotionControllerMap:PersistentLevel.MotionControllerMap'
[2017.09.05-22.24.18:803][809]LogBlueprintUserMessages: Early EndPlayMap Detection: Level '/Game/VirtualRealityBP/Maps/MotionControllerMap.MotionControllerMap:PersistentLevel' has LevelScriptBlueprint '/Game/VirtualRealityBP/Maps/MotionControllerMap.MotionControllerMap:PersistentLevel.MotionControllerMap' with GeneratedClass '/Game/VirtualRealityBP/Maps/MotionControllerMap.MotionControllerMap_C' with ClassGeneratedBy '/Game/VirtualRealityBP/Maps/MotionControllerMap.MotionControllerMap:PersistentLevel.MotionControllerMap'
[2017.09.05-22.24.18:960][809]LogBlueprintUserMessages: Late EndPlayMap Detection: Level '/Game/VirtualRealityBP/Maps/MotionControllerMap.MotionControllerMap:PersistentLevel' has LevelScriptBlueprint '/Game/VirtualRealityBP/Maps/MotionControllerMap.MotionControllerMap:PersistentLevel.MotionControllerMap' with GeneratedClass '/Game/VirtualRealityBP/Maps/MotionControllerMap.MotionControllerMap_C' with ClassGeneratedBy '/Game/VirtualRealityBP/Maps/MotionControllerMap.MotionControllerMap:PersistentLevel.MotionControllerMap'
[2017.09.05-22.24.23:016][287]LogEditorViewport: Clicking on Actor (LMB): BP_PickupCube_C (EditorCube37)
[2017.09.05-22.25.19:290][696]LogAIModule: Creating AISystem for world Challange_L_1_0
[2017.09.05-22.25.20:564][696]Cmd: MAP LOAD FILE="../../../../../Unreal Projects/Plan-X/PlanX/Content/Assets/Mapt_data/Challenge_Levels/Challange_L_1_0.umap" TEMPLATE=0 SHOWPROGRESS=1 FEATURELEVEL=3
[2017.09.05-22.25.20:565][696]LightingResults: New page: Lighting Build
[2017.09.05-22.25.20:566][696]LoadErrors: New page: Loading map: Challange_L_1_0.umap
[2017.09.05-22.25.20:567][696]MapCheck: New page: Map Check
[2017.09.05-22.25.20:567][696]LightingResults: New page: Lighting Build
[2017.09.05-22.25.20:591][696]LogEditorServer: Finished looking for orphan Actors (0.000 secs)
[2017.09.05-22.25.20:638][696]Cmd: MAP CHECKDEP NOCLEARLOG
[2017.09.05-22.25.20:704][696]MapCheck: Map check complete: 0 Error(s), 0 Warning(s), took 65.581ms to complete.
[2017.09.05-22.25.20:704][696]LogFileHelpers: Loading map 'Challange_L_1_0' took 0.140
[2017.09.05-22.25.23:510][ 26]LogEditorViewport: Clicking on Actor (LMB): PickUp_Disk_Blueprint_C (VR_Disc)
[2017.09.05-22.25.40:979][ 95]LogEditorViewport: Clicking on Actor (LMB): StaticMeshActor (Floor_Ceiling)
[2017.09.05-22.25.41:547][157]LogEditorViewport: Clicking on Actor (LMB): PickUp_Disk_Blueprint_C (VR_Disc)
[2017.09.05-22.25.42:601][274]Cmd: EDIT COPY
[2017.09.05-22.25.49:904][130]LogAIModule: Creating AISystem for world MotionControllerMap
[2017.09.05-22.25.51:042][130]Cmd: MAP LOAD FILE="../../../../../Unreal Projects/Plan-X/PlanX/Content/VirtualRealityBP/Maps/MotionControllerMap.umap" TEMPLATE=0 SHOWPROGRESS=1 FEATURELEVEL=3
[2017.09.05-22.25.51:043][130]LightingResults: New page: Lighting Build
[2017.09.05-22.25.51:044][130]LoadErrors: New page: Loading map: MotionControllerMap.umap
[2017.09.05-22.25.51:046][130]MapCheck: New page: Map Check
[2017.09.05-22.25.51:046][130]LightingResults: New page: Lighting Build
[2017.09.05-22.25.51:067][130]LogEditorServer: Finished looking for orphan Actors (0.000 secs)
[2017.09.05-22.25.51:111][130]Cmd: MAP CHECKDEP NOCLEARLOG
[2017.09.05-22.25.51:176][130]MapCheck: Map check complete: 0 Error(s), 0 Warning(s), took 64.264ms to complete.
[2017.09.05-22.25.51:176][130]LogFileHelpers: Loading map 'MotionControllerMap' took 0.134
[2017.09.05-22.25.52:553][292]Cmd: EDIT PASTE
[2017.09.05-22.26.08:504][158]LogBlueprintUserMessages: Early PlayInEditor Detection: Level '/Game/VirtualRealityBP/Maps/MotionControllerMap.MotionControllerMap:PersistentLevel' has LevelScriptBlueprint '/Game/VirtualRealityBP/Maps/MotionControllerMap.MotionControllerMap:PersistentLevel.MotionControllerMap' with GeneratedClass '/Game/VirtualRealityBP/Maps/MotionControllerMap.MotionControllerMap_C' with ClassGeneratedBy '/Game/VirtualRealityBP/Maps/MotionControllerMap.MotionControllerMap:PersistentLevel.MotionControllerMap'
[2017.09.05-22.26.08:504][158]LogPlayLevel: PlayLevel: No blueprints needed recompiling
[2017.09.05-22.26.08:504][158]PIE: New page: PIE session: MotionControllerMap (Sep 5, 2017, 2:26:08 PM)
[2017.09.05-22.26.08:504][158]LogPlayLevel: Creating play world package: /Game/VirtualRealityBP/Maps/UEDPIE_0_MotionControllerMap
[2017.09.05-22.26.08:512][158]LogPlayLevel: PIE: StaticDuplicateObject took: (0.007550s)
[2017.09.05-22.26.08:512][158]LogAIModule: Creating AISystem for world MotionControllerMap
[2017.09.05-22.26.08:513][158]LogPlayLevel: PIE: World Init took: (0.000645s)
[2017.09.05-22.26.08:513][158]LogPlayLevel: PIE: Created PIE world by copying editor world from /Game/VirtualRealityBP/Maps/MotionControllerMap.MotionControllerMap to /Game/VirtualRealityBP/Maps/UEDPIE_0_MotionControllerMap.MotionControllerMap (0.008426s)
[2017.09.05-22.26.08:540][158]LogInit: XAudio2 using 'REAL SPEAKERS!!!!!!!!!! (Realtek High Definition Audio)' : 2 channels at 48 kHz using 32 bits per sample (channel mask 0x3)
[2017.09.05-22.26.08:550][158]LogInit: FAudioDevice initialized.
[2017.09.05-22.26.08:631][158]LogLoad: Game class is 'GameMode'
[2017.09.05-22.26.08:634][158]LogWorld: Bringing World /Game/VirtualRealityBP/Maps/UEDPIE_0_MotionControllerMap.MotionControllerMap up for play (max tick rate 0) at 2017.09.05-18.26.08
[2017.09.05-22.26.08:634][158]LogWorld: Bringing up level for play took: 0.002016
[2017.09.05-22.26.08:634][158]LogGameMode: Display: Match State Changed from EnteringMap to WaitingToStart
[2017.09.05-22.26.08:635][158]LogGameState: Match State Changed from EnteringMap to WaitingToStart
[2017.09.05-22.26.08:635][158]LogGameMode: Display: Match State Changed from WaitingToStart to InProgress
[2017.09.05-22.26.08:637][158]LogGameState: Match State Changed from WaitingToStart to InProgress
[2017.09.05-22.26.08:644][158]PIE: Play in editor start time for /Game/VirtualRealityBP/Maps/UEDPIE_0_MotionControllerMap -0.555
[2017.09.05-22.26.08:645][158]LogBlueprintUserMessages: Late PlayInEditor Detection: Level '/Game/VirtualRealityBP/Maps/MotionControllerMap.MotionControllerMap:PersistentLevel' has LevelScriptBlueprint '/Game/VirtualRealityBP/Maps/MotionControllerMap.MotionControllerMap:PersistentLevel.MotionControllerMap' with GeneratedClass '/Game/VirtualRealityBP/Maps/MotionControllerMap.MotionControllerMap_C' with ClassGeneratedBy '/Game/VirtualRealityBP/Maps/MotionControllerMap.MotionControllerMap:PersistentLevel.MotionControllerMap'
[2017.09.05-22.26.21:911][343]LogBlueprintUserMessages: Early EndPlayMap Detection: Level '/Game/VirtualRealityBP/Maps/MotionControllerMap.MotionControllerMap:PersistentLevel' has LevelScriptBlueprint '/Game/VirtualRealityBP/Maps/MotionControllerMap.MotionControllerMap:PersistentLevel.MotionControllerMap' with GeneratedClass '/Game/VirtualRealityBP/Maps/MotionControllerMap.MotionControllerMap_C' with ClassGeneratedBy '/Game/VirtualRealityBP/Maps/MotionControllerMap.MotionControllerMap:PersistentLevel.MotionControllerMap'
[2017.09.05-22.26.22:071][343]LogBlueprintUserMessages: Late EndPlayMap Detection: Level '/Game/VirtualRealityBP/Maps/MotionControllerMap.MotionControllerMap:PersistentLevel' has LevelScriptBlueprint '/Game/VirtualRealityBP/Maps/MotionControllerMap.MotionControllerMap:PersistentLevel.MotionControllerMap' with GeneratedClass '/Game/VirtualRealityBP/Maps/MotionControllerMap.MotionControllerMap_C' with ClassGeneratedBy '/Game/VirtualRealityBP/Maps/MotionControllerMap.MotionControllerMap:PersistentLevel.MotionControllerMap'
[2017.09.05-22.26.23:485][503]LogEditorViewport: Clicking on Actor (LMB): PickUp_Disk_Blueprint_C (VR_Disc)
[2017.09.05-22.26.25:420][727]LogEditorViewport: Clicking on Actor (LMB): BP_Sky_Sphere_C (SkySphereBlueprint2)
[2017.09.05-22.26.26:793][887]LogEditorViewport: Clicking on Actor (LMB): PickUp_Disk_Blueprint_C (VR_Disc)
[2017.09.05-22.26.37:768][178]LogEditorViewport: Clicking on Actor (LMB): BP_Sky_Sphere_C (SkySphereBlueprint2)
[2017.09.05-22.26.39:876][414]LogEditorViewport: Clicking on Actor (LMB): BP_Sky_Sphere_C (SkySphereBlueprint2)
[2017.09.05-22.26.42:668][745]LogEditorViewport: Clicking on Actor (LMB): PickUp_Disk_Blueprint_C (VR_Disc)
[2017.09.05-22.26.46:528][190]LogEditorViewport: Clicking on Actor (LMB): BP_Sky_Sphere_C (SkySphereBlueprint2)
[2017.09.05-22.26.48:767][446]LogBlueprintUserMessages: Early PlayInEditor Detection: Level '/Game/VirtualRealityBP/Maps/MotionControllerMap.MotionControllerMap:PersistentLevel' has LevelScriptBlueprint '/Game/VirtualRealityBP/Maps/MotionControllerMap.MotionControllerMap:PersistentLevel.MotionControllerMap' with GeneratedClass '/Game/VirtualRealityBP/Maps/MotionControllerMap.MotionControllerMap_C' with ClassGeneratedBy '/Game/VirtualRealityBP/Maps/MotionControllerMap.MotionControllerMap:PersistentLevel.MotionControllerMap'
[2017.09.05-22.26.48:767][446]LogPlayLevel: PlayLevel: No blueprints needed recompiling
[2017.09.05-22.26.48:768][446]PIE: New page: PIE session: MotionControllerMap (Sep 5, 2017, 2:26:48 PM)
[2017.09.05-22.26.48:768][446]LogPlayLevel: Creating play world package: /Game/VirtualRealityBP/Maps/UEDPIE_0_MotionControllerMap
[2017.09.05-22.26.48:775][446]LogPlayLevel: PIE: StaticDuplicateObject took: (0.007501s)
[2017.09.05-22.26.48:776][446]LogAIModule: Creating AISystem for world MotionControllerMap
[2017.09.05-22.26.48:776][446]LogPlayLevel: PIE: World Init took: (0.000624s)
[2017.09.05-22.26.48:776][446]LogPlayLevel: PIE: Created PIE world by copying editor world from /Game/VirtualRealityBP/Maps/MotionControllerMap.MotionControllerMap to /Game/VirtualRealityBP/Maps/UEDPIE_0_MotionControllerMap.MotionControllerMap (0.008398s)
[2017.09.05-22.26.48:803][446]LogInit: XAudio2 using 'REAL SPEAKERS!!!!!!!!!! (Realtek High Definition Audio)' : 2 channels at 48 kHz using 32 bits per sample (channel mask 0x3)
[2017.09.05-22.26.48:812][446]LogInit: FAudioDevice initialized.
[2017.09.05-22.26.48:898][446]LogLoad: Game class is 'GameMode'
[2017.09.05-22.26.48:900][446]LogWorld: Bringing World /Game/VirtualRealityBP/Maps/UEDPIE_0_MotionControllerMap.MotionControllerMap up for play (max tick rate 0) at 2017.09.05-18.26.48
[2017.09.05-22.26.48:901][446]LogWorld: Bringing up level for play took: 0.002081
[2017.09.05-22.26.48:901][446]LogGameMode: Display: Match State Changed from EnteringMap to WaitingToStart
[2017.09.05-22.26.48:901][446]LogGameState: Match State Changed from EnteringMap to WaitingToStart
[2017.09.05-22.26.48:901][446]LogGameMode: Display: Match State Changed from WaitingToStart to InProgress
[2017.09.05-22.26.48:904][446]LogGameState: Match State Changed from WaitingToStart to InProgress
[2017.09.05-22.26.48:910][446]PIE: Play in editor start time for /Game/VirtualRealityBP/Maps/UEDPIE_0_MotionControllerMap -0.29
[2017.09.05-22.26.48:910][446]LogBlueprintUserMessages: Late PlayInEditor Detection: Level '/Game/VirtualRealityBP/Maps/MotionControllerMap.MotionControllerMap:PersistentLevel' has LevelScriptBlueprint '/Game/VirtualRealityBP/Maps/MotionControllerMap.MotionControllerMap:PersistentLevel.MotionControllerMap' with GeneratedClass '/Game/VirtualRealityBP/Maps/MotionControllerMap.MotionControllerMap_C' with ClassGeneratedBy '/Game/VirtualRealityBP/Maps/MotionControllerMap.MotionControllerMap:PersistentLevel.MotionControllerMap'
[2017.09.05-22.27.22:340][435]LogBlueprintUserMessages: Early EndPlayMap Detection: Level '/Game/VirtualRealityBP/Maps/MotionControllerMap.MotionControllerMap:PersistentLevel' has LevelScriptBlueprint '/Game/VirtualRealityBP/Maps/MotionControllerMap.MotionControllerMap:PersistentLevel.MotionControllerMap' with GeneratedClass '/Game/VirtualRealityBP/Maps/MotionControllerMap.MotionControllerMap_C' with ClassGeneratedBy '/Game/VirtualRealityBP/Maps/MotionControllerMap.MotionControllerMap:PersistentLevel.MotionControllerMap'
[2017.09.05-22.27.22:486][435]LogBlueprintUserMessages: Late EndPlayMap Detection: Level '/Game/VirtualRealityBP/Maps/MotionControllerMap.MotionControllerMap:PersistentLevel' has LevelScriptBlueprint '/Game/VirtualRealityBP/Maps/MotionControllerMap.MotionControllerMap:PersistentLevel.MotionControllerMap' with GeneratedClass '/Game/VirtualRealityBP/Maps/MotionControllerMap.MotionControllerMap_C' with ClassGeneratedBy '/Game/VirtualRealityBP/Maps/MotionControllerMap.MotionControllerMap:PersistentLevel.MotionControllerMap'
[2017.09.05-22.27.25:251][751]LogEditorViewport: Clicking on Actor (LMB): PickUp_Disk_Blueprint_C (VR_Disc)
[2017.09.05-22.27.40:089][264]LogEditorActor: Deleted Actor: PickUp_Disk_Blueprint_C
[2017.09.05-22.27.40:106][264]LogEditorActor: Deleted 1 Actors (0.028 secs)
[2017.09.05-22.27.41:657][448]LogEditorViewport: Clicking on Actor (LMB): BP_Sky_Sphere_C (SkySphereBlueprint2)
[2017.09.05-22.27.49:918][414]LogAIModule: Creating AISystem for world Challange_L_1_0
[2017.09.05-22.27.51:159][414]Cmd: MAP LOAD FILE="../../../../../Unreal Projects/Plan-X/PlanX/Content/Assets/Mapt_data/Challenge_Levels/Challange_L_1_0.umap" TEMPLATE=0 SHOWPROGRESS=1 FEATURELEVEL=3
[2017.09.05-22.27.51:160][414]LightingResults: New page: Lighting Build
[2017.09.05-22.27.51:161][414]LoadErrors: New page: Loading map: Challange_L_1_0.umap
[2017.09.05-22.27.51:162][414]MapCheck: New page: Map Check
[2017.09.05-22.27.51:162][414]LightingResults: New page: Lighting Build
[2017.09.05-22.27.51:184][414]LogEditorServer: Finished looking for orphan Actors (0.000 secs)
[2017.09.05-22.27.51:228][414]Cmd: MAP CHECKDEP NOCLEARLOG
[2017.09.05-22.27.51:295][414]MapCheck: Map check complete: 0 Error(s), 0 Warning(s), took 66.717ms to complete.
[2017.09.05-22.27.51:295][414]LogFileHelpers: Loading map 'Challange_L_1_0' took 0.137
[2017.09.05-22.27.58:557][262]LogPlayLevel: PlayLevel: No blueprints needed recompiling
[2017.09.05-22.27.58:557][262]PIE: New page: PIE session: Challange_L_1_0 (Sep 5, 2017, 2:27:58 PM)
[2017.09.05-22.27.58:557][262]LogPlayLevel: Creating play world package: /Game/Assets/Mapt_data/Challenge_Levels/UEDPIE_0_Challange_L_1_0
[2017.09.05-22.27.58:561][262]LogPlayLevel: PIE: StaticDuplicateObject took: (0.003880s)
[2017.09.05-22.27.58:562][262]LogAIModule: Creating AISystem for world Challange_L_1_0
[2017.09.05-22.27.58:562][262]LogPlayLevel: PIE: World Init took: (0.000785s)
[2017.09.05-22.27.58:562][262]LogPlayLevel: PIE: Created PIE world by copying editor world from /Game/Assets/Mapt_data/Challenge_Levels/Challange_L_1_0.Challange_L_1_0 to /Game/Assets/Mapt_data/Challenge_Levels/UEDPIE_0_Challange_L_1_0.Challange_L_1_0 (0.004910s)
[2017.09.05-22.27.58:591][262]LogInit: XAudio2 using 'REAL SPEAKERS!!!!!!!!!! (Realtek High Definition Audio)' : 2 channels at 48 kHz using 32 bits per sample (channel mask 0x3)
[2017.09.05-22.27.58:600][262]LogInit: FAudioDevice initialized.
[2017.09.05-22.27.58:681][262]LogLoad: Game class is 'GameMode'
[2017.09.05-22.27.58:683][262]LogWorld: Bringing World /Game/Assets/Mapt_data/Challenge_Levels/UEDPIE_0_Challange_L_1_0.Challange_L_1_0 up for play (max tick rate 0) at 2017.09.05-18.27.58
[2017.09.05-22.27.58:683][262]LogWorld: Bringing up level for play took: 0.001716
[2017.09.05-22.27.58:684][262]LogGameMode: Display: Match State Changed from EnteringMap to WaitingToStart
[2017.09.05-22.27.58:684][262]LogGameState: Match State Changed from EnteringMap to WaitingToStart
[2017.09.05-22.27.58:684][262]LogGameMode: Display: Match State Changed from WaitingToStart to InProgress
[2017.09.05-22.27.58:686][262]LogGameState: Match State Changed from WaitingToStart to InProgress
[2017.09.05-22.27.58:690][262]PIE: Play in editor start time for /Game/Assets/Mapt_data/Challenge_Levels/UEDPIE_0_Challange_L_1_0 -0.509
[2017.09.05-22.29.33:756][784]LogTemp: Repeating last play command: VR Preview
[2017.09.05-22.29.33:772][784]LogPlayLevel: PlayLevel: No blueprints needed recompiling
[2017.09.05-22.29.33:772][784]PIE: New page: PIE session: Challange_L_1_0 (Sep 5, 2017, 2:29:33 PM)
[2017.09.05-22.29.33:772][784]LogPlayLevel: Creating play world package: /Game/Assets/Mapt_data/Challenge_Levels/UEDPIE_0_Challange_L_1_0
[2017.09.05-22.29.33:776][784]LogPlayLevel: PIE: StaticDuplicateObject took: (0.003637s)
[2017.09.05-22.29.33:776][784]LogAIModule: Creating AISystem for world Challange_L_1_0
[2017.09.05-22.29.33:777][784]LogPlayLevel: PIE: World Init took: (0.000872s)
[2017.09.05-22.29.33:777][784]LogPlayLevel: PIE: Created PIE world by copying editor world from /Game/Assets/Mapt_data/Challenge_Levels/Challange_L_1_0.Challange_L_1_0 to /Game/Assets/Mapt_data/Challenge_Levels/UEDPIE_0_Challange_L_1_0.Challange_L_1_0 (0.004757s)
[2017.09.05-22.29.33:805][784]LogInit: XAudio2 using 'REAL SPEAKERS!!!!!!!!!! (Realtek High Definition Audio)' : 2 channels at 48 kHz using 32 bits per sample (channel mask 0x3)
[2017.09.05-22.29.33:814][784]LogInit: FAudioDevice initialized.
[2017.09.05-22.29.33:899][784]LogLoad: Game class is 'GameMode'
[2017.09.05-22.29.33:901][784]LogWorld: Bringing World /Game/Assets/Mapt_data/Challenge_Levels/UEDPIE_0_Challange_L_1_0.Challange_L_1_0 up for play (max tick rate 0) at 2017.09.05-18.29.33
[2017.09.05-22.29.33:901][784]LogWorld: Bringing up level for play took: 0.001865
[2017.09.05-22.29.33:902][784]LogGameMode: Display: Match State Changed from EnteringMap to WaitingToStart
[2017.09.05-22.29.33:902][784]LogGameState: Match State Changed from EnteringMap to WaitingToStart
[2017.09.05-22.29.33:902][784]LogGameMode: Display: Match State Changed from WaitingToStart to InProgress
[2017.09.05-22.29.33:904][784]LogGameState: Match State Changed from WaitingToStart to InProgress
[2017.09.05-22.29.33:909][784]PIE: Play in editor start time for /Game/Assets/Mapt_data/Challenge_Levels/UEDPIE_0_Challange_L_1_0 0.71
[2017.09.05-22.32.57:067][839]LogSavePackage: Save=46.12ms
[2017.09.05-22.32.57:067][839]LogSavePackage: Moving '../../../../../Unreal Projects/Plan-X/PlanX/Saved/Challange_L_1_067F0A9564B1896FA7F9ABBAF01E3B489.tmp' to '../../../../../Unreal Projects/Plan-X/PlanX/Content/Assets/Mapt_data/Challenge_Levels/Challange_L_1_0.umap'
[2017.09.05-22.32.57:070][839]LogSavePackage: Display: Finished SavePackage ../../../../../Unreal Projects/Plan-X/PlanX/Content/Assets/Mapt_data/Challenge_Levels/Challange_L_1_0.umap
[2017.09.05-22.32.59:354][839]LogSavePackage: Save=2243.20ms
[2017.09.05-22.32.59:354][839]LogSavePackage: Moving '../../../../../Unreal Projects/Plan-X/PlanX/Saved/Challange_L_1_0_BuiltData5B5E02C147EAF6DFD5C80D8F9FE794D0.tmp' to '../../../../../Unreal Projects/Plan-X/PlanX/Content/Assets/Mapt_data/Challenge_Levels/Challange_L_1_0_BuiltData.uasset'
[2017.09.05-22.32.59:356][839]LogSavePackage: Display: Finished SavePackage ../../../../../Unreal Projects/Plan-X/PlanX/Content/Assets/Mapt_data/Challenge_Levels/Challange_L_1_0_BuiltData.uasset
[2017.09.05-22.33.00:665][983]LogSavePackage: Save=46.55ms
[2017.09.05-22.33.00:665][983]LogSavePackage: Moving '../../../../../Unreal Projects/Plan-X/PlanX/Saved/Challange_L_1_074E594B646C339024405E8A1ACEB0D7E.tmp' to '../../../../../Unreal Projects/Plan-X/PlanX/Content/Assets/Mapt_data/Challenge_Levels/Challange_L_1_0.umap'
[2017.09.05-22.33.00:666][983]LogSavePackage: Display: Finished SavePackage ../../../../../Unreal Projects/Plan-X/PlanX/Content/Assets/Mapt_data/Challenge_Levels/Challange_L_1_0.umap
[2017.09.05-22.33.01:935][983]LogSavePackage: Save=1233.63ms
[2017.09.05-22.33.01:936][983]LogSavePackage: Moving '../../../../../Unreal Projects/Plan-X/PlanX/Saved/Challange_L_1_0_BuiltData6B2893B94EBDA93482DC819BE0E9A4FD.tmp' to '../../../../../Unreal Projects/Plan-X/PlanX/Content/Assets/Mapt_data/Challenge_Levels/Challange_L_1_0_BuiltData.uasset'
[2017.09.05-22.33.01:937][983]LogSavePackage: Display: Finished SavePackage ../../../../../Unreal Projects/Plan-X/PlanX/Content/Assets/Mapt_data/Challenge_Levels/Challange_L_1_0_BuiltData.uasset
[2017.09.05-22.33.02:657][ 59]LogSavePackage: Save=45.62ms
[2017.09.05-22.33.02:657][ 59]LogSavePackage: Moving '../../../../../Unreal Projects/Plan-X/PlanX/Saved/Challange_L_1_0753DB02B4F02436AFBE9988A5DF43E9E.tmp' to '../../../../../Unreal Projects/Plan-X/PlanX/Content/Assets/Mapt_data/Challenge_Levels/Challange_L_1_0.umap'
[2017.09.05-22.33.02:658][ 59]LogSavePackage: Display: Finished SavePackage ../../../../../Unreal Projects/Plan-X/PlanX/Content/Assets/Mapt_data/Challenge_Levels/Challange_L_1_0.umap
[2017.09.05-22.33.03:936][ 59]LogSavePackage: Save=1240.63ms
[2017.09.05-22.33.03:936][ 59]LogSavePackage: Moving '../../../../../Unreal Projects/Plan-X/PlanX/Saved/Challange_L_1_0_BuiltData722405ED4EA299CC2592F5920DF80B52.tmp' to '../../../../../Unreal Projects/Plan-X/PlanX/Content/Assets/Mapt_data/Challenge_Levels/Challange_L_1_0_BuiltData.uasset'
[2017.09.05-22.33.03:938][ 59]LogSavePackage: Display: Finished SavePackage ../../../../../Unreal Projects/Plan-X/PlanX/Content/Assets/Mapt_data/Challenge_Levels/Challange_L_1_0_BuiltData.uasset
[2017.09.05-22.33.10:126][214]Cmd: QUIT_EDITOR
[2017.09.05-22.33.10:791][214]LogWindowsTextInputMethodSystem: Display: IME system now deactivated.
[2017.09.05-22.33.10:804][214]LogExit: Preparing to exit.
[2017.09.05-22.33.11:614][214]LogDirectoryWatcher: A directory notification for 'Q:/Unreal Projects/Plan-X/PlanX/Content/' was aborted.
[2017.09.05-22.33.11:729][214]LogExit: Editor shut down
[2017.09.05-22.33.11:754][214]LogExit: Transaction tracking system shut down
[2017.09.05-22.33.11:926][214]LogDirectoryWatcher: A directory notification for '../../../Engine/Content/' was aborted.
[2017.09.05-22.33.11:926][214]LogDirectoryWatcher: A directory notification for '../../../../../Unreal Projects/Plan-X/PlanX/Content/' was aborted.
[2017.09.05-22.33.11:926][214]LogDirectoryWatcher: A directory notification for '../../../Engine/Plugins/Runtime/Oculus/OculusVR/Content/' was aborted.
[2017.09.05-22.33.11:926][214]LogDirectoryWatcher: A directory notification for '../../../Engine/Plugins/Runtime/Steam/SteamVR/Content/' was aborted.
[2017.09.05-22.33.12:135][214]LogExit: Object subsystem successfully closed.
[2017.09.05-22.33.12:158][214]LogD3D11RHI: Shutdown
[2017.09.05-22.33.12:158][214]LogD3D11RHI: CleanupD3DDevice
[2017.09.05-22.33.12:163][214]LogD3D11RHI: ~FD3D11DynamicRHI
[2017.09.05-22.33.12:373][214]LogModuleManager: Shutting down and abandoning module BlueprintGraph (528)
[2017.09.05-22.33.12:373][214]LogModuleManager: Shutting down and abandoning module BlueprintProfiler (526)
[2017.09.05-22.33.12:378][214]LogModuleManager: Shutting down and abandoning module MovieSceneCapture (524)
[2017.09.05-22.33.12:378][214]LogModuleManager: Shutting down and abandoning module HierarchicalLODOutliner (522)
[2017.09.05-22.33.12:378][214]LogModuleManager: Shutting down and abandoning module SceneOutliner (520)
[2017.09.05-22.33.12:378][214]LogModuleManager: Shutting down and abandoning module AddContentDialog (518)
[2017.09.05-22.33.12:379][214]LogDirectoryWatcher: A directory notification for 'Q:/Unreal Engine/UE_4.17/FeaturePacks/' was aborted.
[2017.09.05-22.33.12:383][214]LogModuleManager: Shutting down and abandoning module WidgetCarousel (517)
[2017.09.05-22.33.12:384][214]LogModuleManager: Shutting down and abandoning module EditorWidgets (514)
[2017.09.05-22.33.12:384][214]LogModuleManager: Shutting down and abandoning module CollectionManager (512)
[2017.09.05-22.33.12:384][214]LogDirectoryWatcher: A directory notification for 'Q:/Unreal Projects/Plan-X/PlanX/Content/Collections/' was aborted.
[2017.09.05-22.33.12:384][214]LogDirectoryWatcher: A directory notification for 'Q:/Unreal Projects/Plan-X/PlanX/Content/Developers/RobertForbes/Collections/' was aborted.
[2017.09.05-22.33.12:384][214]LogDirectoryWatcher: A directory notification for 'Q:/Unreal Projects/Plan-X/PlanX/Saved/Collections/' was aborted.
[2017.09.05-22.33.12:384][214]LogModuleManager: Shutting down and abandoning module StatsViewer (510)
[2017.09.05-22.33.12:384][214]LogModuleManager: Shutting down and abandoning module FoliageEdit (508)
[2017.09.05-22.33.12:384][214]LogModuleManager: Shutting down and abandoning module LandscapeEditor (506)
[2017.09.05-22.33.12:384][214]LogModuleManager: Shutting down and abandoning module MeshPaintMode (504)
[2017.09.05-22.33.12:384][214]LogModuleManager: Shutting down and abandoning module MeshPaint (503)
[2017.09.05-22.33.12:384][214]LogModuleManager: Shutting down and abandoning module SceneDepthPickerMode (500)
[2017.09.05-22.33.12:384][214]LogModuleManager: Shutting down and abandoning module ActorPickerMode (498)
[2017.09.05-22.33.12:384][214]LogModuleManager: Shutting down and abandoning module GeometryMode (496)
[2017.09.05-22.33.12:384][214]LogModuleManager: Shutting down and abandoning module TextureAlignMode (494)
[2017.09.05-22.33.12:384][214]LogModuleManager: Shutting down and abandoning module BspMode (492)
[2017.09.05-22.33.12:384][214]LogModuleManager: Shutting down and abandoning module PIEPreviewDeviceProfileSelector (490)
[2017.09.05-22.33.12:384][214]LogModuleManager: Shutting down and abandoning module HardwareSurvey (488)
[2017.09.05-22.33.12:384][214]LogModuleManager: Shutting down and abandoning module SequenceRecorderSections (486)
[2017.09.05-22.33.12:384][214]LogModuleManager: Shutting down and abandoning module AutomationWorker (484)
[2017.09.05-22.33.12:384][214]LogModuleManager: Shutting down and abandoning module MatineeToLevelSequence (482)
[2017.09.05-22.33.12:384][214]LogModuleManager: Shutting down and abandoning module LevelSequenceEditor (480)
[2017.09.05-22.33.12:384][214]LogModuleManager: Shutting down and abandoning module PlacementMode (479)
[2017.09.05-22.33.12:385][214]LogModuleManager: Shutting down and abandoning module WmfMediaFactory (476)
[2017.09.05-22.33.12:385][214]LogModuleManager: Shutting down and abandoning module WmfMediaEditor (474)
[2017.09.05-22.33.12:385][214]LogModuleManager: Shutting down and abandoning module AvfMediaFactory (472)
[2017.09.05-22.33.12:385][214]LogModuleManager: Shutting down and abandoning module AvfMediaEditor (470)
[2017.09.05-22.33.12:385][214]LogModuleManager: Shutting down and abandoning module AndroidMediaFactory (468)
[2017.09.05-22.33.12:385][214]LogModuleManager: Shutting down and abandoning module Media (467)
[2017.09.05-22.33.12:385][214]LogModuleManager: Shutting down and abandoning module AndroidMediaEditor (464)
[2017.09.05-22.33.12:385][214]LogModuleManager: Shutting down and abandoning module CharacterAI (462)
[2017.09.05-22.33.12:385][214]LogModuleManager: Shutting down and abandoning module AudioCapture (460)
[2017.09.05-22.33.12:385][214]LogModuleManager: Shutting down and abandoning module SequenceRecorder (459)
[2017.09.05-22.33.12:385][214]LogModuleManager: Shutting down and abandoning module SessionServices (456)
[2017.09.05-22.33.12:385][214]LogModuleManager: Shutting down and abandoning module ViewportSnapping (454)
[2017.09.05-22.33.12:385][214]LogModuleManager: Shutting down and abandoning module ViewportInteraction (452)
[2017.09.05-22.33.12:385][214]LogModuleManager: Shutting down and abandoning module ClothPainter (450)
[2017.09.05-22.33.12:385][214]LogModuleManager: Shutting down and abandoning module LogVisualizer (448)
[2017.09.05-22.33.12:385][214]LogModuleManager: Shutting down and abandoning module IntroTutorials (446)
[2017.09.05-22.33.12:385][214]LogModuleManager: Shutting down and abandoning module GameProjectGeneration (445)
[2017.09.05-22.33.12:385][214]LogModuleManager: Shutting down and abandoning module IOSPlatformEditor (442)
[2017.09.05-22.33.12:385][214]LogModuleManager: Shutting down and abandoning module HTML5PlatformEditor (440)
[2017.09.05-22.33.12:385][214]LogModuleManager: Shutting down and abandoning module AndroidPlatformEditor (438)
[2017.09.05-22.33.12:386][214]LogModuleManager: Shutting down and abandoning module AndroidDeviceDetection (437)
[2017.09.05-22.33.12:641][214]LogModuleManager: Shutting down and abandoning module WindowsPlatformEditor (434)
[2017.09.05-22.33.12:641][214]LogModuleManager: Shutting down and abandoning module IOSRuntimeSettings (432)
[2017.09.05-22.33.12:641][214]LogModuleManager: Shutting down and abandoning module AndroidRuntimeSettings (430)
[2017.09.05-22.33.12:641][214]LogModuleManager: Shutting down and abandoning module InputBindingEditor (428)
[2017.09.05-22.33.12:641][214]LogModuleManager: Shutting down and abandoning module MergeActors (426)
[2017.09.05-22.33.12:641][214]LogModuleManager: Shutting down and abandoning module SizeMap (424)
[2017.09.05-22.33.12:641][214]LogModuleManager: Shutting down and abandoning module TreeMap (422)
[2017.09.05-22.33.12:641][214]LogModuleManager: Shutting down and abandoning module ReferenceViewer (420)
[2017.09.05-22.33.12:641][214]LogModuleManager: Shutting down and abandoning module LocalizationDashboard (418)
[2017.09.05-22.33.12:641][214]LogModuleManager: Shutting down and abandoning module LocalizationService (417)
[2017.09.05-22.33.12:641][214]LogModuleManager: Shutting down and abandoning module HardwareTargeting (414)
[2017.09.05-22.33.12:641][214]LogModuleManager: Shutting down and abandoning module DeviceProfileEditor (412)
[2017.09.05-22.33.12:641][214]LogModuleManager: Shutting down and abandoning module UndoHistory (410)
[2017.09.05-22.33.12:641][214]LogModuleManager: Shutting down and abandoning module XmlParser (408)
[2017.09.05-22.33.12:641][214]LogModuleManager: Shutting down and abandoning module Blutility (406)
[2017.09.05-22.33.12:641][214]LogModuleManager: Shutting down and abandoning module ProjectSettingsViewer (404)
[2017.09.05-22.33.12:641][214]LogModuleManager: Shutting down and abandoning module ProjectTargetPlatformEditor (403)
[2017.09.05-22.33.12:641][214]LogModuleManager: Shutting down and abandoning module EditorSettingsViewer (400)
[2017.09.05-22.33.12:641][214]LogModuleManager: Shutting down and abandoning module SettingsEditor (398)
[2017.09.05-22.33.12:641][214]LogModuleManager: Shutting down and abandoning module ProjectLauncher (396)
[2017.09.05-22.33.12:642][214]LogModuleManager: Shutting down and abandoning module SessionFrontend (394)
[2017.09.05-22.33.12:642][214]LogModuleManager: Shutting down and abandoning module ProfilerClient (392)
[2017.09.05-22.33.12:642][214]LogModuleManager: Shutting down and abandoning module DeviceManager (390)
[2017.09.05-22.33.12:642][214]LogModuleManager: Shutting down and abandoning module TargetDeviceServices (389)
[2017.09.05-22.33.12:696][214]LogModuleManager: Shutting down and abandoning module AutomationController (386)
[2017.09.05-22.33.12:696][214]LogModuleManager: Shutting down and abandoning module AutomationWindow (384)
[2017.09.05-22.33.12:696][214]LogModuleManager: Shutting down and abandoning module Layers (382)
[2017.09.05-22.33.12:696][214]LogModuleManager: Shutting down and abandoning module ComponentVisualizers (380)
[2017.09.05-22.33.12:696][214]LogModuleManager: Shutting down and abandoning module DetailCustomizations (378)
[2017.09.05-22.33.12:696][214]LogModuleManager: Shutting down and abandoning module PackagesDialog (376)
[2017.09.05-22.33.12:696][214]LogModuleManager: Shutting down and abandoning module Persona (374)
[2017.09.05-22.33.12:696][214]LogModuleManager: Shutting down and abandoning module AdvancedPreviewScene (373)
[2017.09.05-22.33.12:696][214]LogModuleManager: Shutting down and abandoning module AnimGraph (371)
[2017.09.05-22.33.12:696][214]LogModuleManager: Shutting down and abandoning module Kismet (368)
[2017.09.05-22.33.12:704][214]LogModuleManager: Shutting down and abandoning module LevelEditor (367)
[2017.09.05-22.33.12:706][214]LogModuleManager: Shutting down and abandoning module PixelInspectorModule (366)
[2017.09.05-22.33.12:706][214]LogModuleManager: Shutting down and abandoning module ClassViewer (362)
[2017.09.05-22.33.12:706][214]LogModuleManager: Shutting down and abandoning module Toolbox (360)
[2017.09.05-22.33.12:706][214]LogModuleManager: Shutting down and abandoning module ModuleUI (358)
[2017.09.05-22.33.12:706][214]LogModuleManager: Shutting down and abandoning module MovieSceneTools (356)
[2017.09.05-22.33.12:706][214]LogModuleManager: Shutting down and abandoning module OutputLog (354)
[2017.09.05-22.33.12:706][214]LogModuleManager: Shutting down and abandoning module GammaUI (352)
[2017.09.05-22.33.12:706][214]LogModuleManager: Shutting down and abandoning module Documentation (350)
[2017.09.05-22.33.12:706][214]LogModuleManager: Shutting down and abandoning module MovieSceneTracks (348)
[2017.09.05-22.33.12:706][214]LogModuleManager: Shutting down and abandoning module MovieScene (346)
[2017.09.05-22.33.12:706][214]LogModuleManager: Shutting down and abandoning module Niagara (344)
[2017.09.05-22.33.12:706][214]LogModuleManager: Shutting down and abandoning module NiagaraEditor (343)
[2017.09.05-22.33.12:706][214]LogModuleManager: Shutting down and abandoning module StreamingPauseRendering (340)
[2017.09.05-22.33.12:706][214]LogModuleManager: Shutting down and abandoning module LauncherPlatform (338)
[2017.09.05-22.33.12:706][214]LogModuleManager: Shutting down and abandoning module AnalyticsET (336)
[2017.09.05-22.33.12:706][214]LogModuleManager: Shutting down and abandoning module PortalServices (334)
[2017.09.05-22.33.12:706][214]LogModuleManager: Shutting down and abandoning module PortalRpc (332)
[2017.09.05-22.33.12:706][214]LogModuleManager: Shutting down and abandoning module MessagingRpc (330)
[2017.09.05-22.33.12:706][214]LogModuleManager: Shutting down and abandoning module AIModule (328)
[2017.09.05-22.33.12:706][214]LogModuleManager: Shutting down and abandoning module GameplayDebugger (327)
[2017.09.05-22.33.12:706][214]LogModuleManager: Shutting down and abandoning module AITestSuite (325)
[2017.09.05-22.33.12:706][214]LogModuleManager: Shutting down and abandoning module ProfilerService (322)
[2017.09.05-22.33.12:809][214]LogModuleManager: Shutting down and abandoning module TaskGraph (320)
[2017.09.05-22.33.12:809][214]LogModuleManager: Shutting down and abandoning module SteamVRController (318)
[2017.09.05-22.33.12:809][214]LogModuleManager: Shutting down and abandoning module ProceduralMeshComponentEditor (316)
[2017.09.05-22.33.12:809][214]LogModuleManager: Shutting down and abandoning module ProceduralMeshComponent (314)
[2017.09.05-22.33.12:809][214]LogModuleManager: Shutting down and abandoning module OculusInput (312)
[2017.09.05-22.33.12:809][214]LogModuleManager: Shutting down and abandoning module Ansel (310)
[2017.09.05-22.33.12:809][214]LogModuleManager: Shutting down and abandoning module MobilePatchingUtils (308)
[2017.09.05-22.33.12:809][214]LogModuleManager: Shutting down and abandoning module CustomMeshComponent (306)
[2017.09.05-22.33.12:809][214]LogModuleManager: Shutting down and abandoning module CableComponent (304)
[2017.09.05-22.33.12:809][214]LogModuleManager: Shutting down and abandoning module ArchVisCharacter (302)
[2017.09.05-22.33.12:809][214]LogModuleManager: Shutting down and abandoning module AndroidPermission (300)
[2017.09.05-22.33.12:809][214]LogModuleManager: Shutting down and abandoning module MediaPlayerEditor (296)
[2017.09.05-22.33.12:810][214]LogModuleManager: Shutting down and abandoning module HTML5Networking (294)
[2017.09.05-22.33.12:810][214]LogModuleManager: Shutting down and abandoning module AlembicImporter (292)
[2017.09.05-22.33.12:810][214]LogModuleManager: Shutting down and abandoning module AlembicLibrary (291)
[2017.09.05-22.33.12:810][214]LogModuleManager: Shutting down and abandoning module GeometryCache (290)
[2017.09.05-22.33.12:810][214]LogModuleManager: Shutting down and abandoning module GeometryCacheEd (289)
[2017.09.05-22.33.12:810][214]LogModuleManager: Shutting down and abandoning module SpeedTreeImporter (284)
[2017.09.05-22.33.12:810][214]LogModuleManager: Shutting down and abandoning module PluginBrowser (282)
[2017.09.05-22.33.12:810][214]LogModuleManager: Shutting down and abandoning module MainFrame (281)
[2017.09.05-22.33.12:810][214]LogModuleManager: Shutting down and abandoning module MobileLauncherProfileWizard (278)
[2017.09.05-22.33.12:810][214]LogModuleManager: Shutting down and abandoning module VisualStudioSourceCodeAccess (276)
[2017.09.05-22.33.12:810][214]LogModuleManager: Shutting down and abandoning module DesktopPlatform (275)
[2017.09.05-22.33.12:810][214]LogModuleManager: Shutting down and abandoning module HotReload (273)
[2017.09.05-22.33.12:810][214]LogModuleManager: Shutting down and abandoning module UObjectPlugin (270)
[2017.09.05-22.33.12:810][214]LogModuleManager: Shutting down and abandoning module SubversionSourceControl (268)
[2017.09.05-22.33.12:810][214]LogModuleManager: Shutting down and abandoning module PerforceSourceControl (266)
[2017.09.05-22.33.12:810][214]LogModuleManager: Shutting down and abandoning module GitSourceControl (264)
[2017.09.05-22.33.12:810][214]LogModuleManager: Shutting down and abandoning module SourceControl (263)
[2017.09.05-22.33.12:811][214]LogModuleManager: Shutting down and abandoning module LightPropagationVolumeEditor (260)
[2017.09.05-22.33.12:811][214]LogModuleManager: Shutting down and abandoning module RuntimePhysXCooking (258)
[2017.09.05-22.33.12:811][214]LogModuleManager: Shutting down and abandoning module PhysXVehiclesEditor (256)
[2017.09.05-22.33.12:811][214]LogModuleManager: Shutting down and abandoning module PhysXVehicles (254)
[2017.09.05-22.33.12:811][214]LogModuleManager: Shutting down and abandoning module OculusEditor (252)
[2017.09.05-22.33.12:811][214]LogModuleManager: Shutting down and abandoning module LocationServicesBPLibrary (250)
[2017.09.05-22.33.12:811][214]LogModuleManager: Shutting down and abandoning module ImmediatePhysicsEditor (248)
[2017.09.05-22.33.12:811][214]LogModuleManager: Shutting down and abandoning module ImmediatePhysics (246)
[2017.09.05-22.33.12:811][214]LogModuleManager: Shutting down and abandoning module UdpMessaging (244)
[2017.09.05-22.33.12:911][214]LogModuleManager: Shutting down and abandoning module TcpMessaging (242)
[2017.09.05-22.33.13:012][214]LogModuleManager: Shutting down and abandoning module GameplayTagsEditor (240)
[2017.09.05-22.33.13:012][214]LogModuleManager: Shutting down and abandoning module FacialAnimationEditor (238)
[2017.09.05-22.33.13:012][214]LogModuleManager: Shutting down and abandoning module FacialAnimation (236)
[2017.09.05-22.33.13:012][214]LogModuleManager: Shutting down and abandoning module AssetManagerEditor (234)
[2017.09.05-22.33.13:012][214]LogModuleManager: Shutting down and abandoning module GraphEditor (233)
[2017.09.05-22.33.13:012][214]LogModuleManager: Shutting down and abandoning module ContentBrowser (231)
[2017.09.05-22.33.13:014][214]LogModuleManager: Shutting down and abandoning module LightPropagationVolumeRuntime (228)
[2017.09.05-22.33.13:014][214]LogModuleManager: Shutting down and abandoning module WindowsMoviePlayer (226)
[2017.09.05-22.33.13:014][214]LogModuleManager: Shutting down and abandoning module WmfMedia (224)
[2017.09.05-22.33.13:014][214]LogModuleManager: Shutting down and abandoning module PacketHandler (222)
[2017.09.05-22.33.13:014][214]LogModuleManager: Shutting down and abandoning module ClothingSystemEditor (220)
[2017.09.05-22.33.13:014][214]LogModuleManager: Shutting down and abandoning module ClothingSystemRuntime (218)
[2017.09.05-22.33.13:014][214]LogModuleManager: Shutting down and abandoning module Overlay (216)
[2017.09.05-22.33.13:014][214]LogModuleManager: Shutting down and abandoning module OverlayEditor (215)
[2017.09.05-22.33.13:014][214]LogModuleManager: Shutting down and abandoning module MediaAssets (212)
[2017.09.05-22.33.13:014][214]LogModuleManager: Shutting down and abandoning module VREditor (210)
[2017.09.05-22.33.13:015][214]LogModuleManager: Shutting down and abandoning module StringTableEditor (208)
[2017.09.05-22.33.13:015][214]LogModuleManager: Shutting down and abandoning module GameplayTasksEditor (206)
[2017.09.05-22.33.13:015][214]LogModuleManager: Shutting down and abandoning module BehaviorTreeEditor (204)
[2017.09.05-22.33.13:015][214]LogModuleManager: Shutting down and abandoning module FunctionalTesting (202)
[2017.09.05-22.33.13:015][214]LogModuleManager: Shutting down and abandoning module CollisionAnalyzer (200)
[2017.09.05-22.33.13:015][214]LogModuleManager: Shutting down and abandoning module WorkspaceMenuStructure (199)
[2017.09.05-22.33.13:015][214]LogModuleManager: Shutting down and abandoning module UMG (196)
[2017.09.05-22.33.13:015][214]LogModuleManager: Shutting down and abandoning module UMGEditor (195)
[2017.09.05-22.33.13:015][214]LogModuleManager: Shutting down and abandoning module Sequencer (194)
[2017.09.05-22.33.13:015][214]LogModuleManager: Shutting down and abandoning module MessageLog (191)
[2017.09.05-22.33.13:015][214]LogModuleManager: Shutting down and abandoning module SlateReflector (186)
[2017.09.05-22.33.13:015][214]LogModuleManager: Shutting down and abandoning module Slate (184)
[2017.09.05-22.33.13:015][214]LogModuleManager: Shutting down and abandoning module EditorStyle (182)
[2017.09.05-22.33.13:017][214]LogModuleManager: Shutting down and abandoning module MRMesh (180)
[2017.09.05-22.33.13:017][214]LogModuleManager: Shutting down and abandoning module SourceCodeAccess (178)
[2017.09.05-22.33.13:017][214]LogModuleManager: Shutting down and abandoning module HeadMountedDisplay (176)
[2017.09.05-22.33.13:017][214]LogModuleManager: Shutting down and abandoning module XAudio2 (174)
[2017.09.05-22.33.13:017][214]LogModuleManager: Shutting down and abandoning module Networking (172)
[2017.09.05-22.33.13:017][214]LogModuleManager: Shutting down and abandoning module Core (168)
[2017.09.05-22.33.13:017][214]LogModuleManager: Shutting down and abandoning module KismetCompiler (164)
[2017.09.05-22.33.13:017][214]LogModuleManager: Shutting down and abandoning module LevelSequence (162)
[2017.09.05-22.33.13:017][214]LogModuleManager: Shutting down and abandoning module MeshUtilities (160)
[2017.09.05-22.33.13:017][214]LogModuleManager: Shutting down and abandoning module MeshMergeUtilities (159)
[2017.09.05-22.33.13:017][214]LogModuleManager: Shutting down and abandoning module MeshReductionInterface (158)
[2017.09.05-22.33.13:017][214]LogModuleManager: Shutting down and abandoning module SimplygonSwarm (157)
[2017.09.05-22.33.13:017][214]LogModuleManager: Shutting down and abandoning module SimplygonMeshReduction (155)
[2017.09.05-22.33.13:017][214]LogModuleManager: Shutting down and abandoning module QuadricMeshReduction (153)
[2017.09.05-22.33.13:017][214]LogModuleManager: Shutting down and abandoning module MaterialBaking (149)
[2017.09.05-22.33.13:017][214]LogModuleManager: Shutting down and abandoning module DirectoryWatcher (146)
[2017.09.05-22.33.13:022][214]LogModuleManager: Shutting down and abandoning module DerivedDataCache (144)
[2017.09.05-22.33.13:050][214]LogDerivedDataCache: Shutdown
[2017.09.05-22.33.13:050][214]LogModuleManager: Shutting down and abandoning module TargetPlatform (142)
[2017.09.05-22.33.13:050][214]LogModuleManager: Shutting down and abandoning module VulkanShaderFormat (141)
[2017.09.05-22.33.13:050][214]LogModuleManager: Shutting down and abandoning module ShaderFormatVectorVM (139)
[2017.09.05-22.33.13:050][214]LogModuleManager: Shutting down and abandoning module ShaderFormatOpenGL (137)
[2017.09.05-22.33.13:051][214]LogModuleManager: Shutting down and abandoning module ShaderFormatD3D (135)
[2017.09.05-22.33.13:051][214]LogModuleManager: Shutting down and abandoning module MetalShaderFormat (133)
[2017.09.05-22.33.13:051][214]LogModuleManager: Shutting down and abandoning module TextureFormatUncompressed (131)
[2017.09.05-22.33.13:051][214]LogModuleManager: Shutting down and abandoning module TextureFormatPVR (129)
[2017.09.05-22.33.13:051][214]LogModuleManager: Shutting down and abandoning module TextureFormatDXT (127)
[2017.09.05-22.33.13:051][214]LogModuleManager: Shutting down and abandoning module TextureFormatIntelISPCTexComp (125)
[2017.09.05-22.33.13:051][214]LogModuleManager: Shutting down and abandoning module TextureFormatASTC (123)
[2017.09.05-22.33.13:051][214]LogModuleManager: Shutting down and abandoning module ImageWrapper (122)
[2017.09.05-22.33.13:051][214]LogModuleManager: Shutting down and abandoning module TextureFormatAndroid (119)
[2017.09.05-22.33.13:051][214]LogModuleManager: Shutting down and abandoning module AudioFormatOpus (117)
[2017.09.05-22.33.13:051][214]LogModuleManager: Shutting down and abandoning module AudioFormatOgg (115)
[2017.09.05-22.33.13:051][214]LogModuleManager: Shutting down and abandoning module AudioFormatADPCM (113)
[2017.09.05-22.33.13:051][214]LogModuleManager: Shutting down and abandoning module LinuxTargetPlatform (111)
[2017.09.05-22.33.13:051][214]LogModuleManager: Shutting down and abandoning module LinuxServerTargetPlatform (109)
[2017.09.05-22.33.13:051][214]LogModuleManager: Shutting down and abandoning module LinuxNoEditorTargetPlatform (107)
[2017.09.05-22.33.13:051][214]LogModuleManager: Shutting down and abandoning module LinuxClientTargetPlatform (105)
[2017.09.05-22.33.13:051][214]LogModuleManager: Shutting down and abandoning module TVOSTargetPlatform (103)
[2017.09.05-22.33.13:051][214]LogModuleManager: Shutting down and abandoning module Messaging (101)
[2017.09.05-22.33.13:051][214]LogModuleManager: Shutting down and abandoning module IOSTargetPlatform (99)
[2017.09.05-22.33.13:051][214]LogModuleManager: Shutting down and abandoning module HTML5TargetPlatform (97)
[2017.09.05-22.33.13:051][214]LogModuleManager: Shutting down and abandoning module Android_PVRTCTargetPlatform (95)
[2017.09.05-22.33.13:051][214]LogModuleManager: Shutting down and abandoning module Android_MultiTargetPlatform (93)
[2017.09.05-22.33.13:051][214]LogModuleManager: Shutting down and abandoning module Android_ETC2TargetPlatform (91)
[2017.09.05-22.33.13:051][214]LogModuleManager: Shutting down and abandoning module Android_ETC1TargetPlatform (89)
[2017.09.05-22.33.13:051][214]LogModuleManager: Shutting down and abandoning module Android_DXTTargetPlatform (87)
[2017.09.05-22.33.13:051][214]LogModuleManager: Shutting down and abandoning module Android_ATCTargetPlatform (85)
[2017.09.05-22.33.13:051][214]LogModuleManager: Shutting down and abandoning module Android_ASTCTargetPlatform (83)
[2017.09.05-22.33.13:051][214]LogModuleManager: Shutting down and abandoning module AndroidTargetPlatform (81)
[2017.09.05-22.33.13:051][214]LogModuleManager: Shutting down and abandoning module WindowsTargetPlatform (79)
[2017.09.05-22.33.13:051][214]LogModuleManager: Shutting down and abandoning module WindowsServerTargetPlatform (77)
[2017.09.05-22.33.13:051][214]LogModuleManager: Shutting down and abandoning module WindowsNoEditorTargetPlatform (75)
[2017.09.05-22.33.13:051][214]LogModuleManager: Shutting down and abandoning module WindowsClientTargetPlatform (73)
[2017.09.05-22.33.13:051][214]LogModuleManager: Shutting down and abandoning module MacTargetPlatform (71)
[2017.09.05-22.33.13:051][214]LogModuleManager: Shutting down and abandoning module MacServerTargetPlatform (69)
[2017.09.05-22.33.13:051][214]LogModuleManager: Shutting down and abandoning module MacNoEditorTargetPlatform (67)
[2017.09.05-22.33.13:051][214]LogModuleManager: Shutting down and abandoning module MacClientTargetPlatform (65)
[2017.09.05-22.33.13:052][214]LogModuleManager: Shutting down and abandoning module AllDesktopTargetPlatform (63)
[2017.09.05-22.33.13:052][214]LogModuleManager: Shutting down and abandoning module InputCore (60)
[2017.09.05-22.33.13:052][214]LogModuleManager: Shutting down and abandoning module Settings (58)
[2017.09.05-22.33.13:052][214]LogModuleManager: Shutting down and abandoning module PhysXCooking (56)
[2017.09.05-22.33.13:052][214]LogModuleManager: Shutting down and abandoning module SteamVR (54)
[2017.09.05-22.33.13:052][214]LogModuleManager: Shutting down and abandoning module OculusHMD (52)
[2017.09.05-22.33.13:052][214]LogModuleManager: Shutting down and abandoning module ExampleDeviceProfileSelector (50)
[2017.09.05-22.33.13:052][214]LogModuleManager: Shutting down and abandoning module OnlineBlueprintSupport (48)
[2017.09.05-22.33.13:052][214]LogModuleManager: Shutting down and abandoning module OnlineSubsystem (44)
[2017.09.05-22.33.13:052][214]LogOnline: Display: Unloading online subsystem: NULL
[2017.09.05-22.33.13:052][214]LogModuleManager: Shutting down and abandoning module XMPP (43)
[2017.09.05-22.33.13:052][214]LogModuleManager: Shutting down and abandoning module HTTP (41)
[2017.09.05-22.33.13:052][214]LogHttp: Display: Http module shutting down, but needs to wait on 1 outstanding Http requests:
[2017.09.05-22.33.13:052][214]LogHttp: Display: 	verb=[POST] url=[https://datarouter.ol.epicgames.com/datarouter/api/v1/public/data?SessionID=%7BCA17FEC2-4D04-D2CD-BC76-B69920F2E8AD%7D&AppID=UEEditor.Rocket.Release&AppVersion=4.17.1-3586342%2B%2B%2BUE4%2BRelease-4.17&UserID=d195f449449d6ca1a7d6e997d7b4619b%7C38799267579e43f199dcadb14603b7d0%7Cc4c036e9-0de7-44e5-8786-b569ea8dee15&AppEnvironment=datacollector-binary&UploadType=eteventstream] status=Processing
[2017.09.05-22.33.13:057][214]LogModuleManager: Shutting down and abandoning module SSL (40)
[2017.09.05-22.33.13:059][214]LogModuleManager: Shutting down and abandoning module AnimationModifiers (36)
[2017.09.05-22.33.13:059][214]LogModuleManager: Shutting down and abandoning module PropertyEditor (35)
[2017.09.05-22.33.13:059][214]LogModuleManager: Shutting down and abandoning module AudioEditor (32)
[2017.09.05-22.33.13:059][214]LogModuleManager: Shutting down and abandoning module TextureCompressor (30)
[2017.09.05-22.33.13:060][214]LogModuleManager: Shutting down and abandoning module ShaderCore (28)
[2017.09.05-22.33.13:060][214]LogModuleManager: Shutting down and abandoning module Landscape (26)
[2017.09.05-22.33.13:060][214]LogModuleManager: Shutting down and abandoning module SlateRHIRenderer (24)
[2017.09.05-22.33.13:062][214]LogModuleManager: Shutting down and abandoning module OpenGLDrv (22)
[2017.09.05-22.33.13:063][214]LogModuleManager: Shutting down and abandoning module D3D11RHI (20)
[2017.09.05-22.33.13:063][214]LogModuleManager: Shutting down and abandoning module AnimGraphRuntime (18)
[2017.09.05-22.33.13:063][214]LogModuleManager: Shutting down and abandoning module Renderer (16)
[2017.09.05-22.33.13:063][214]LogModuleManager: Shutting down and abandoning module Engine (14)
[2017.09.05-22.33.13:063][214]LogModuleManager: Shutting down and abandoning module CoreUObject (12)
[2017.09.05-22.33.13:063][214]LogModuleManager: Shutting down and abandoning module NetworkFile (10)
[2017.09.05-22.33.13:063][214]LogModuleManager: Shutting down and abandoning module CookedIterativeFile (8)
[2017.09.05-22.33.13:063][214]LogModuleManager: Shutting down and abandoning module StreamingFile (6)
[2017.09.05-22.33.13:063][214]LogModuleManager: Shutting down and abandoning module SandboxFile (4)
[2017.09.05-22.33.13:063][214]LogModuleManager: Shutting down and abandoning module PakFile (2)
[2017.09.05-22.33.13:065][214]LogExit: Exiting.
[2017.09.05-22.33.13:082][214]Log file closed, 09/05/17 18:33:13
