Log file open, 09/20/17 00:39:27
LogWindows: LoadLibraryWithSearchPaths failed for file aqProf.dll. GetLastError=0
LogWindows: LoadLibraryWithSearchPaths failed for file VtuneApi.dll. GetLastError=0
LogWindows: LoadLibraryWithSearchPaths failed for file VtuneApi32e.dll. GetLastError=0
LogInit: Display: Running engine for game: PlanX
LogPlatformFile: Not using cached read wrapper
LogInit: Display: RandInit(650751797) SRandInit(650751797).
LogTaskGraph: Started task graph with 5 named threads and 14 total threads with 3 sets of task threads.
LogStats: Stats thread started at 0.197607
LogD3D11RHI: Aftermath initialized
LogPluginManager: Mounting plugin LightPropagationVolume
LogPluginManager: Mounting plugin CodeLiteSourceCodeAccess
LogPluginManager: Mounting plugin GitSourceControl
LogPluginManager: Mounting plugin KDevelopSourceCodeAccess
LogPluginManager: Mounting plugin NullSourceCodeAccess
LogPluginManager: Mounting plugin PerforceSourceControl
LogPluginManager: Mounting plugin SubversionSourceControl
LogPluginManager: Mounting plugin UObjectPlugin
LogPluginManager: Mounting plugin VisualStudioSourceCodeAccess
LogPluginManager: Mounting plugin XCodeSourceCodeAccess
LogPluginManager: Mounting plugin AssetManagerEditor
LogPluginManager: Mounting plugin AudioCapture
LogPluginManager: Mounting plugin FacialAnimation
LogPluginManager: Mounting plugin GameplayTagsEditor
LogPluginManager: Mounting plugin MobileLauncherProfileWizard
LogPluginManager: Mounting plugin PluginBrowser
LogPluginManager: Mounting plugin SpeedTreeImporter
LogPluginManager: Mounting plugin AlembicImporter
LogPluginManager: Mounting plugin CharacterAI
LogPluginManager: Mounting plugin HTML5Networking
LogPluginManager: Mounting plugin AndroidMedia
LogPluginManager: Mounting plugin AvfMedia
LogPluginManager: Mounting plugin MediaPlayerEditor
LogPluginManager: Mounting plugin WmfMedia
LogPluginManager: Mounting plugin TcpMessaging
LogPluginManager: Mounting plugin UdpMessaging
LogPluginManager: Mounting plugin LevelSequenceEditor
LogPluginManager: Mounting plugin MatineeToLevelSequence
LogPluginManager: Mounting plugin OnlineSubsystemGooglePlay
LogPluginManager: Mounting plugin OnlineSubsystemIOS
LogPluginManager: Mounting plugin OnlineSubsystem
LogPluginManager: Mounting plugin OnlineSubsystemNull
LogPluginManager: Mounting plugin OnlineSubsystemUtils
LogPluginManager: Mounting plugin AndroidDeviceProfileSelector
LogPluginManager: Mounting plugin AndroidMoviePlayer
LogPluginManager: Mounting plugin AndroidPermission
LogPluginManager: Mounting plugin AppleMoviePlayer
LogPluginManager: Mounting plugin ArchVisCharacter
LogPluginManager: Mounting plugin CableComponent
LogPluginManager: Mounting plugin CustomMeshComponent
LogPluginManager: Mounting plugin ExampleDeviceProfileSelector
LogPluginManager: Mounting plugin GoogleCloudMessaging
LogPluginManager: Mounting plugin ImmediatePhysics
LogPluginManager: Mounting plugin IOSDeviceProfileSelector
LogPluginManager: Mounting plugin LinuxDeviceProfileSelector
LogPluginManager: Mounting plugin LocationServicesBPLibrary
LogPluginManager: Mounting plugin MobilePatchingUtils
LogPluginManager: Mounting plugin Ansel
LogPluginManager: Mounting plugin OculusVR
LogPluginManager: Mounting plugin PhysXVehicles
LogPluginManager: Mounting plugin ProceduralMeshComponent
LogPluginManager: Mounting plugin RuntimePhysXCooking
LogPluginManager: Mounting plugin SteamVR
LogPluginManager: Mounting plugin WindowsMoviePlayer
LogInit: Using libcurl 7.47.1
LogInit:  - built for x86_64-pc-win32
LogInit:  - supports SSL with OpenSSL/1.0.2g
LogInit:  - supports HTTP deflate (compression) using libz 1.2.8
LogInit:  - other features:
LogInit:      CURL_VERSION_SSL
LogInit:      CURL_VERSION_LIBZ
LogInit:      CURL_VERSION_IPV6
LogInit:      CURL_VERSION_ASYNCHDNS
LogInit:      CURL_VERSION_LARGEFILE
LogInit:      CURL_VERSION_IDN
LogInit:  CurlRequestOptions (configurable via config and command line):
LogInit:  - bVerifyPeer = false  - Libcurl will NOT verify peer certificate
LogInit:  - bUseHttpProxy = false  - Libcurl will NOT use HTTP proxy
LogInit:  - bDontReuseConnections = false  - Libcurl will reuse connections
LogInit:  - CertBundlePath = nullptr  - Libcurl will use whatever was configured at build time.
LogInit: Build: ++UE4+Release-4.17-CL-3586342
LogInit: Engine Version: 4.17.1-3586342+++UE4+Release-4.17
LogInit: Compatible Engine Version: 4.17.0-3573198+++UE4+Release-4.17
LogInit: Net CL: 3573198
LogDevObjectVersion: Number of dev versions registered: 16
LogDevObjectVersion:   Dev-Blueprints (B0D832E4-1F89-4F0D-ACCF-7EB736FD4AA2): 10
LogDevObjectVersion:   Dev-Build (E1C64328-A22C-4D53-A36C-8E866417BD8C): 0
LogDevObjectVersion:   Dev-Core (375EC13C-06E4-48FB-B500-84F0262A717E): 2
LogDevObjectVersion:   Dev-Editor (E4B068ED-F494-42E9-A231-DA0B2E46BB41): 20
LogDevObjectVersion:   Dev-Framework (CFFC743F-43B0-4480-9391-14DF171D2073): 28
LogDevObjectVersion:   Dev-Mobile (B02B49B5-BB20-44E9-A304-32B752E40360): 0
LogDevObjectVersion:   Dev-Networking (A4E4105C-59A1-49B5-A7C5-40C4547EDFEE): 0
LogDevObjectVersion:   Dev-Online (39C831C9-5AE6-47DC-9A44-9C173E1C8E7C): 0
LogDevObjectVersion:   Dev-Physics (78F01B33-EBEA-4F98-B9B4-84EACCB95AA2): 0
LogDevObjectVersion:   Dev-Platform (6631380F-2D4D-43E0-8009-CF276956A95A): 0
LogDevObjectVersion:   Dev-Rendering (12F88B9F-8875-4AFC-A67C-D90C383ABD29): 19
LogDevObjectVersion:   Dev-Sequencer (7B5AE74C-D270-4C10-A958-57980B212A5A): 4
LogDevObjectVersion:   Dev-VR (D7296918-1DD6-4BDD-9DE2-64A83CC13884): 0
LogDevObjectVersion:   Dev-LoadTimes (C2A15278-BFE7-4AFE-6C17-90FF531DF755): 1
LogDevObjectVersion:   Private-Geometry (6EACA3D4-40EC-4CC1-B786-8BED09428FC5): 1
LogDevObjectVersion:   Dev-AnimPhys (29E575DD-E0A3-4627-9D10-D276232CDCEA): 7
LogInit: Compiled (64-bit): Aug 15 2017 02:05:26
LogInit: Compiled with Visual C++: 19.00.24215.01
LogInit: Build Configuration: Development
LogInit: Branch Name: ++UE4+Release-4.17
LogInit: Command line: -EpicPortal 
LogInit: Base directory: Q:/Unreal Engine/UE_4.17/Engine/Binaries/Win64/
LogInit: Installed Engine Build: 1
LogInit: Presizing for max 8388607 objects, including 0 objects not considered by GC, pre-allocating 0 bytes for permanent pool.
LogInit: Object subsystem initialized
[2017.09.20-04.39.28:309][  0]LogInit: Selected Device Profile: [Windows]
[2017.09.20-04.39.28:309][  0]LogInit: Applying CVar settings loaded from the selected device profile: [Windows]
[2017.09.20-04.39.28:349][  0]LogInit: Computer: DAWN
[2017.09.20-04.39.28:349][  0]LogInit: User: RobertForbes
[2017.09.20-04.39.28:349][  0]LogInit: CPU Page size=4096, Cores=4
[2017.09.20-04.39.28:349][  0]LogInit: High frequency timer resolution =3.417963 MHz
[2017.09.20-04.39.28:349][  0]LogMemory: Memory total: Physical=8.0GB (8GB approx)
[2017.09.20-04.39.28:349][  0]LogMemory: Platform Memory Stats for Windows
[2017.09.20-04.39.28:349][  0]LogMemory: Process Physical Memory: 279.77 MB used, 279.77 MB peak
[2017.09.20-04.39.28:349][  0]LogMemory: Process Virtual Memory: 290.29 MB used, 290.29 MB peak
[2017.09.20-04.39.28:349][  0]LogMemory: Physical Memory: 5754.28 MB used,  2389.57 MB free, 8143.85 MB total
[2017.09.20-04.39.28:349][  0]LogMemory: Virtual Memory: 684.32 MB used,  2389.57 MB free, 134217728.00 MB total
[2017.09.20-04.39.28:488][  0]LogInit: Using OS detected language (en-US).
[2017.09.20-04.39.28:488][  0]LogInit: Using OS detected locale (en-US).
[2017.09.20-04.39.28:492][  0]LogTextLocalizationManager: No specific localization for 'en-US' exists, so the 'en' localization will be used.
[2017.09.20-04.39.29:360][  0]LogD3D11RHI: D3D11 adapters:
[2017.09.20-04.39.29:988][  0]LogD3D11RHI:    0. 'NVIDIA GeForce GTX 970' (Feature Level 11_0)
[2017.09.20-04.39.29:988][  0]LogD3D11RHI:       4058/0/4071 MB DedicatedVideo/DedicatedSystem/SharedSystem, Outputs:2, VendorId:0x10de
[2017.09.20-04.39.29:989][  0]LogD3D11RHI:    1. 'Microsoft Basic Render Driver' (Feature Level 11_0)
[2017.09.20-04.39.29:989][  0]LogD3D11RHI:       0/0/4071 MB DedicatedVideo/DedicatedSystem/SharedSystem, Outputs:0, VendorId:0x1414
[2017.09.20-04.39.29:989][  0]LogD3D11RHI: Chosen D3D11 Adapter: 0
[2017.09.20-04.39.29:994][  0]LogD3D11RHI: Creating new Direct3DDevice
[2017.09.20-04.39.29:994][  0]LogD3D11RHI:     GPU DeviceId: 0x13c2 (for the marketing name, search the web for "GPU Device Id")
[2017.09.20-04.39.29:994][  0]LogWindows: EnumDisplayDevices:
[2017.09.20-04.39.29:994][  0]LogWindows:    0. 'NVIDIA GeForce GTX 970' (P:0 D:1)
[2017.09.20-04.39.29:994][  0]LogWindows:    1. 'NVIDIA GeForce GTX 970' (P:1 D:1)
[2017.09.20-04.39.29:994][  0]LogWindows:    2. 'NVIDIA GeForce GTX 970' (P:0 D:0)
[2017.09.20-04.39.29:994][  0]LogWindows:    3. 'NVIDIA GeForce GTX 970' (P:0 D:0)
[2017.09.20-04.39.29:994][  0]LogWindows: DebugString: FoundDriverCount:4 
[2017.09.20-04.39.29:994][  0]LogD3D11RHI:     Adapter Name: NVIDIA GeForce GTX 970
[2017.09.20-04.39.29:994][  0]LogD3D11RHI:   Driver Version: 385.41 (internal:22.21.13.8541, unified:385.41)
[2017.09.20-04.39.29:994][  0]LogD3D11RHI:      Driver Date: 8-21-2017
[2017.09.20-04.39.29:994][  0]LogRHI: Texture pool is 1361 MB (70% of 1945 MB)
[2017.09.20-04.39.30:604][  0]LogD3D11RHI: Async texture creation enabled
[2017.09.20-04.39.30:969][  0]LogD3D11RHI: GPU Timing Frequency: 1000.000000 (Debug: 2 1)
[2017.09.20-04.39.30:972][  0]LogShaderCompilers: Guid format shader working directory is 11 characters bigger than the processId version (../../../../../Unreal Projects/Plan-X/PlanX/Intermediate/Shaders/WorkingDirectory/9188/).
[2017.09.20-04.39.30:972][  0]LogShaderCompilers: Cleaned the shader compiler working directory 'C:/Users/Robert Forbes/AppData/Local/Temp/UnrealShaderWorkingDir/EAF819CD46653ADFECC88E8CE6851CCF/'.
[2017.09.20-04.39.30:972][  0]LogShaderCompilers: Display: Using Local Shader Compiler.
[2017.09.20-04.39.31:946][  0]LogTemp: Display: Loaded TP AllDesktopTargetPlatform
[2017.09.20-04.39.31:989][  0]LogTemp: Display: Loaded TP MacClientTargetPlatform
[2017.09.20-04.39.32:046][  0]LogTemp: Display: Loaded TP MacNoEditorTargetPlatform
[2017.09.20-04.39.32:090][  0]LogTemp: Display: Loaded TP MacServerTargetPlatform
[2017.09.20-04.39.32:136][  0]LogTemp: Display: Loaded TP MacTargetPlatform
[2017.09.20-04.39.32:186][  0]LogTemp: Display: Loaded TP WindowsClientTargetPlatform
[2017.09.20-04.39.32:233][  0]LogTemp: Display: Loaded TP WindowsNoEditorTargetPlatform
[2017.09.20-04.39.32:284][  0]LogTemp: Display: Loaded TP WindowsServerTargetPlatform
[2017.09.20-04.39.32:322][  0]LogTemp: Display: Loaded TP WindowsTargetPlatform
[2017.09.20-04.39.32:376][  0]LogTemp: Display: Loaded TP AndroidTargetPlatform
[2017.09.20-04.39.32:419][  0]LogTemp: Display: Loaded TP Android_ASTCTargetPlatform
[2017.09.20-04.39.32:469][  0]LogTemp: Display: Loaded TP Android_ATCTargetPlatform
[2017.09.20-04.39.32:513][  0]LogTemp: Display: Loaded TP Android_DXTTargetPlatform
[2017.09.20-04.39.32:557][  0]LogTemp: Display: Loaded TP Android_ETC1TargetPlatform
[2017.09.20-04.39.32:600][  0]LogTemp: Display: Loaded TP Android_ETC2TargetPlatform
[2017.09.20-04.39.32:692][  0]LogTemp: Display: Loaded TP Android_MultiTargetPlatform
[2017.09.20-04.39.32:692][  0]LogTemp: Display: Loaded TP Android_PVRTCTargetPlatform
[2017.09.20-04.39.32:726][  0]LogTemp: Display: Loaded TP HTML5TargetPlatform
[2017.09.20-04.39.32:815][  0]LogTemp: Display: Loaded TP IOSTargetPlatform
[2017.09.20-04.39.32:839][  0]LogTemp: Display: Loaded TP TVOSTargetPlatform
[2017.09.20-04.39.32:889][  0]LogTemp: Display: Loaded TP LinuxClientTargetPlatform
[2017.09.20-04.39.32:933][  0]LogTemp: Display: Loaded TP LinuxNoEditorTargetPlatform
[2017.09.20-04.39.32:992][  0]LogTemp: Display: Loaded TP LinuxServerTargetPlatform
[2017.09.20-04.39.33:038][  0]LogTemp: Display: Loaded TP LinuxTargetPlatform
[2017.09.20-04.39.33:038][  0]LogTargetPlatformManager: Display: Building Assets For Windows
[2017.09.20-04.39.33:449][  0]LogDerivedDataCache: Display: Max Cache Size: 512 MB
[2017.09.20-04.39.33:552][  0]LogDerivedDataCache: Loaded boot cache 0.10s 106MB C:/Users/Robert Forbes/AppData/Local/UnrealEngine/4.17/DerivedDataCache/Boot.ddc.
[2017.09.20-04.39.33:552][  0]LogDerivedDataCache: Display: Loaded Boot cache: C:/Users/Robert Forbes/AppData/Local/UnrealEngine/4.17/DerivedDataCache/Boot.ddc
[2017.09.20-04.39.33:552][  0]LogDerivedDataCache: FDerivedDataBackendGraph:  Pak pak cache file ../../../../../Unreal Projects/Plan-X/PlanX/DerivedDataCache/DDC.ddp not found, will not use a pak cache.
[2017.09.20-04.39.33:552][  0]LogDerivedDataCache: Unable to find inner node Pak for hierarchical cache Hierarchy.
[2017.09.20-04.39.33:552][  0]LogDerivedDataCache: FDerivedDataBackendGraph:  CompressedPak pak cache file ../../../../../Unreal Projects/Plan-X/PlanX/DerivedDataCache/Compressed.ddp not found, will not use a pak cache.
[2017.09.20-04.39.33:552][  0]LogDerivedDataCache: Unable to find inner node CompressedPak for hierarchical cache Hierarchy.
[2017.09.20-04.39.33:569][  0]LogDerivedDataCache: Display: Pak cache opened for reading ../../../Engine/DerivedDataCache/Compressed.ddp.
[2017.09.20-04.39.33:581][  0]LogDerivedDataCache: Using Local data cache path C:/Users/Robert Forbes/AppData/Local/UnrealEngine/Common/DerivedDataCache: Writable
[2017.09.20-04.39.33:656][  0]LogMaterial: Verifying Global Shaders for PCD3D_SM5
[2017.09.20-04.39.33:657][  0]LogSlate: Using Freetype 2.6.0
[2017.09.20-04.39.33:658][  0]LogSlate: SlateFontCache - WITH_FREETYPE: 1, WITH_HARFBUZZ: 1
[2017.09.20-04.39.33:658][  0]LogSlate: SlateFontCache - WITH_FREETYPE: 1, WITH_HARFBUZZ: 1
[2017.09.20-04.39.33:949][  0]LogAssetRegistry: FAssetRegistry took 0.0258 seconds to start up
[2017.09.20-04.39.34:062][  0]LogInit: Selected Device Profile: [Windows]
[2017.09.20-04.39.34:248][  0]LogContentStreaming: Texture pool size is 0.00 MB
[2017.09.20-04.39.34:530][  0]LogSimplygon: Simplygon DLL not present - disabling.
[2017.09.20-04.39.34:563][  0]LogMeshReduction: Using SimplygonSwarm for distributed automatic mesh merging
[2017.09.20-04.39.34:563][  0]LogMeshReduction: Using QuadricMeshReduction for automatic static mesh reduction
[2017.09.20-04.39.34:563][  0]LogMeshReduction: No automatic skeletal mesh reduction module available
[2017.09.20-04.39.34:563][  0]LogMeshReduction: No automatic mesh merging module available
[2017.09.20-04.39.34:563][  0]LogMeshMerging: No automatic mesh merging module available
[2017.09.20-04.39.34:974][  0]LogNetVersion: PlanX , NetCL: 3573198, EngineNetVer: 2, GameNetVer: 0 (Checksum: 4232075429)
[2017.09.20-04.39.35:495][  0]LogPackageLocalizationCache: Processed 4 localized package path(s) for 2 prioritized culture(s) in 0.259341 seconds
[2017.09.20-04.39.35:502][  0]LogUObjectArray: 35825 objects as part of root set at end of initial load.
[2017.09.20-04.39.35:502][  0]LogUObjectAllocator: 7529112 out of 0 bytes used by permanent object pool.
[2017.09.20-04.39.35:502][  0]LogUObjectArray: CloseDisregardForGC: 0/0 objects in disregard for GC pool
[2017.09.20-04.39.35:550][  0]LogInit: WinSock: version 1.1 (2.2), MaxSocks=32767, MaxUdp=65467
[2017.09.20-04.39.38:159][  0]LogTcpMessaging: Initializing TcpMessaging bridge
[2017.09.20-04.39.38:194][  0]LogUdpMessaging: Initializing bridge on interface 0.0.0.0:0 to multicast group 230.0.0.1:6666.
[2017.09.20-04.39.38:844][  0]SourceControl: Source control is disabled
[2017.09.20-04.39.38:844][  0]SourceControl: Source control is disabled
[2017.09.20-04.39.38:896][  0]SourceControl: Source control is disabled
[2017.09.20-04.39.38:939][  0]SourceControl: Source control is disabled
[2017.09.20-04.39.39:548][  0]LogAndroidPermission: UAndroidPermissionCallbackProxy::GetInstance
[2017.09.20-04.39.39:915][  0]LogAnsel: Tried to load ../../../Engine/Plugins/Runtime/Nvidia/Ansel/Binaries/ThirdParty/AnselSDK64.dll : success=1
[2017.09.20-04.39.39:962][  0]LogOcInput: OculusInput pre-init called
[2017.09.20-04.39.40:187][  0]LogEngine: Initializing Engine...
[2017.09.20-04.39.40:411][  0]LogHMD: Failed to initialize OpenVR with code 117
[2017.09.20-04.39.40:708][  0]LogStats: UGameplayTagsManager::ConstructGameplayTagTree: Construct from data asset -  0.000 s
[2017.09.20-04.39.40:708][  0]LogStats: UGameplayTagsManager::ConstructGameplayTagTree: GameplayTagTreeChangedEvent.Broadcast -  0.000 s
[2017.09.20-04.39.40:868][  0]LogAIModule: Creating AISystem for world Untitled
[2017.09.20-04.39.40:894][  0]LogInit: XAudio2 using 'Speakers (4- Logitech G930 Gaming Headset)' : 6 channels at 48 kHz using 16 bits per sample (channel mask 0x3f)
[2017.09.20-04.39.40:915][  0]LogInit: FAudioDevice initialized.
[2017.09.20-04.39.41:126][  0]LogDerivedDataCache: Saved boot cache 0.21s 106MB C:/Users/Robert Forbes/AppData/Local/UnrealEngine/4.17/DerivedDataCache/Boot.ddc.
[2017.09.20-04.39.41:139][  0]LogInit: Texture streaming: Enabled
[2017.09.20-04.39.41:291][  0]LogMaterial: Uniform references updated for custom material expression Custom.
[2017.09.20-04.39.41:646][  0]LogEngineSessionManager: EngineSessionManager initialized
[2017.09.20-04.39.41:965][  0]LogInit: Transaction tracking system initialized
[2017.09.20-04.39.42:398][  0]BlueprintLog: New page: Editor Load
[2017.09.20-04.39.43:744][  0]LocalizationService: Localization service is disabled
[2017.09.20-04.39.44:638][  0]LogConsoleResponse: Display: 
[2017.09.20-04.39.45:261][  0]LogCook: Display: Max memory allowance for cook 16384mb min free memory 0mb
[2017.09.20-04.39.45:261][  0]LogCook: Display: Mobile HDR setting 1
[2017.09.20-04.39.45:261][  0]LogGameplayTags: Display: UGameplayTagsManager::DoneAddingNativeTags. DelegateIsBound: 0
[2017.09.20-04.39.45:749][  0]LogFileCache: Scanning file cache for directory 'Q:/Unreal Projects/Plan-X/PlanX/Content/' took 0.29s
[2017.09.20-04.39.46:174][  0]SourceControl: Source control is disabled
[2017.09.20-04.39.46:174][  0]Cmd: MAP LOAD FILE="../../../../../Unreal Projects/Plan-X/PlanX/Content/VirtualRealityBP/Maps/MotionControllerMap.umap" TEMPLATE=0 SHOWPROGRESS=1 FEATURELEVEL=3
[2017.09.20-04.39.46:174][  0]LightingResults: New page: Lighting Build
[2017.09.20-04.39.46:206][  0]MapCheck: New page: Map Check
[2017.09.20-04.39.46:206][  0]LightingResults: New page: Lighting Build
[2017.09.20-04.39.50:623][  0]LogAIModule: Creating AISystem for world MotionControllerMap
[2017.09.20-04.39.50:820][  0]LogEditorServer: Finished looking for orphan Actors (0.000 secs)
[2017.09.20-04.39.50:904][  0]Cmd: MAP CHECKDEP NOCLEARLOG
[2017.09.20-04.39.51:018][  0]MapCheck: Map check complete: 0 Error(s), 0 Warning(s), took 113.415ms to complete.
[2017.09.20-04.39.51:018][  0]LogFileHelpers: Loading map 'MotionControllerMap' took 4.844
[2017.09.20-04.39.51:110][  0]LogWindowsTextInputMethodSystem: Display: IME system now deactivated.
[2017.09.20-04.39.52:504][  0]LogCollectionManager: Loaded 0 collections in 0.012875 seconds
[2017.09.20-04.39.52:715][  0]LogFileCache: Scanning file cache for directory 'Q:/Unreal Projects/Plan-X/PlanX/Saved/Collections/' took 0.01s
[2017.09.20-04.39.52:715][  0]LogFileCache: Scanning file cache for directory 'Q:/Unreal Projects/Plan-X/PlanX/Content/Developers/RobertForbes/Collections/' took 0.01s
[2017.09.20-04.39.52:715][  0]LogFileCache: Scanning file cache for directory 'Q:/Unreal Projects/Plan-X/PlanX/Content/Collections/' took 0.01s
[2017.09.20-04.39.52:715][  0]LogCollectionManager: Rebuilt the GUID cache for 0 collections in 0.000001 seconds
[2017.09.20-04.39.52:731][  0]LogContentBrowser: Native class hierarchy populated in 0.0130 seconds. Added 2337 classes and 483 folders.
[2017.09.20-04.39.52:864][  0]LogContentBrowser: Native class hierarchy updated for 'WidgetCarousel' in 0.0007 seconds. Added 0 classes and 0 folders.
[2017.09.20-04.39.55:038][  0]LogContentBrowser: Native class hierarchy updated for 'AddContentDialog' in 0.0009 seconds. Added 0 classes and 0 folders.
[2017.09.20-04.39.55:318][  0]LogContentBrowser: Native class hierarchy updated for 'SceneOutliner' in 0.0008 seconds. Added 1 classes and 2 folders.
[2017.09.20-04.39.57:522][  0]LogSlate: Took 0.000424 seconds to synchronously load lazily loaded font '../../../Engine/Content/Slate/Fonts/Roboto-Regular.ttf' (155K)
[2017.09.20-04.39.57:525][  0]LogSlate: Took 0.000740 seconds to synchronously load lazily loaded font '../../../Engine/Content/Slate/Fonts/Roboto-Bold.ttf' (160K)
[2017.09.20-04.39.57:761][  0]LogSlate: Took 0.046803 seconds to synchronously load lazily loaded font '../../../Engine/Content/Editor/Slate/Fonts/FontAwesome.ttf' (139K)
[2017.09.20-04.39.59:310][  0]LogRenderer: Reallocating scene render targets to support 1208x536 Format 26 NumSamples 1 (Frame:1).
[2017.09.20-04.40.00:422][  0]LogContentBrowser: Native class hierarchy updated for 'HierarchicalLODOutliner' in 0.0008 seconds. Added 1 classes and 2 folders.
[2017.09.20-04.40.00:422][  0]LogLoad: (Engine Initialization) Total time: 36.18 seconds
[2017.09.20-04.40.00:422][  0]LogLoad: (Engine Initialization) Total Blueprint compile time: 0.00 seconds
[2017.09.20-04.40.00:422][  0]LogExternalProfiler: Found external profiler: VSPerf
[2017.09.20-04.40.00:422][  0]LogExternalProfiler: Using external profiler: VSPerf
[2017.09.20-04.40.00:542][  0]LogContentStreaming: Texture pool size now 600 MB
[2017.09.20-04.40.00:817][  0]LogRenderer: Reallocating scene render targets to support 1208x552 Format 26 NumSamples 1 (Frame:2).
[2017.09.20-04.40.00:817][  0]LogSlate: Took 0.033970 seconds to synchronously load lazily loaded font '../../../Engine/Content/Slate/Fonts/Roboto-Light.ttf' (159K)
[2017.09.20-04.40.00:831][  1]LogFileCache: Retrieving MD5 hashes for directory 'Q:/Unreal Projects/Plan-X/PlanX/Content/' took 0.35s
[2017.09.20-04.40.01:310][  2]LogAssetRegistry: Asset discovery search completed in 27.3822 seconds
[2017.09.20-04.40.01:311][  2]LogCollectionManager: Rebuilt the object cache for 0 collections in 0.000001 seconds (found 0 objects)
[2017.09.20-04.40.01:311][  2]LogCollectionManager: Fixed up redirectors for 0 collections in 0.000050 seconds (updated 0 objects)
[2017.09.20-04.40.17:405][854]LogSlate: Took 0.000217 seconds to synchronously load lazily loaded font '../../../Engine/Content/Slate/Fonts/Roboto-Light.ttf' (159K)
[2017.09.20-04.40.18:688][854]LogSavePackage: Save=306.70ms
[2017.09.20-04.40.18:688][854]LogSavePackage: Moving '../../../../../Unreal Projects/Plan-X/PlanX/Saved/MotionControllerMap1C5370E24F35A2FEF9CA7E9177854347.tmp' to '../../../../../Unreal Projects/Plan-X/PlanX/Content/VirtualRealityBP/Maps/MotionControllerMap.umap'
[2017.09.20-04.40.18:704][854]LogSavePackage: Display: Finished SavePackage ../../../../../Unreal Projects/Plan-X/PlanX/Content/VirtualRealityBP/Maps/MotionControllerMap.umap
[2017.09.20-04.40.19:110][854]LogSavePackage: Save=226.78ms
[2017.09.20-04.40.19:110][854]LogSavePackage: Moving '../../../../../Unreal Projects/Plan-X/PlanX/Saved/MotionControllerMap_BuiltData4CC68CF2420128DC9C49E7A430590B95.tmp' to '../../../../../Unreal Projects/Plan-X/PlanX/Content/VirtualRealityBP/Maps/MotionControllerMap_BuiltData.uasset'
[2017.09.20-04.40.19:142][854]LogSavePackage: Display: Finished SavePackage ../../../../../Unreal Projects/Plan-X/PlanX/Content/VirtualRealityBP/Maps/MotionControllerMap_BuiltData.uasset
[2017.09.20-04.45.00:804][610]LogContentBrowser: Native class hierarchy updated for 'BlueprintGraph' in 0.0011 seconds. Added 113 classes and 0 folders.
[2017.09.20-04.45.03:065][610]LogSlate: Took 0.010195 seconds to synchronously load lazily loaded font '../../../Engine/Content/Editor/Slate/Fonts/Roboto-BoldCondensed.ttf' (158K)
[2017.09.20-04.45.04:311][611]LogSlate: Took 0.018308 seconds to synchronously load lazily loaded font '../../../Engine/Content/Editor/Slate/Fonts/Roboto-Italic.ttf' (157K)
[2017.09.20-04.59.19:437][756]BlueprintLog: New page: Compile MotionControllerPawn
[2017.09.20-04.59.21:067][786]LogSavePackage: Save=384.43ms
[2017.09.20-04.59.21:067][786]LogSavePackage: Moving '../../../../../Unreal Projects/Plan-X/PlanX/Saved/MotionControllerPawn844042A742409E525DBEB98748FC4E69.tmp' to '../../../../../Unreal Projects/Plan-X/PlanX/Content/VirtualRealityBP/Blueprints/MotionControllerPawn.uasset'
[2017.09.20-04.59.21:098][786]LogSavePackage: Display: Finished SavePackage ../../../../../Unreal Projects/Plan-X/PlanX/Content/VirtualRealityBP/Blueprints/MotionControllerPawn.uasset
[2017.09.20-05.01.07:993][674]BlueprintLog: New page: Compile MotionControllerPawn
[2017.09.20-05.01.09:312][715]LogSavePackage: Save=390.70ms
[2017.09.20-05.01.09:312][715]LogSavePackage: Moving '../../../../../Unreal Projects/Plan-X/PlanX/Saved/MotionControllerPawnA35236DD4373442DC645CB8D158E39A3.tmp' to '../../../../../Unreal Projects/Plan-X/PlanX/Content/VirtualRealityBP/Blueprints/MotionControllerPawn.uasset'
[2017.09.20-05.01.09:315][715]LogSavePackage: Display: Finished SavePackage ../../../../../Unreal Projects/Plan-X/PlanX/Content/VirtualRealityBP/Blueprints/MotionControllerPawn.uasset
[2017.09.20-05.01.25:051][763]LogSlate: Took 0.000294 seconds to synchronously load lazily loaded font '../../../Engine/Content/Slate/Fonts/Roboto-Light.ttf' (159K)
[2017.09.20-05.01.33:968][789]LogSavePackage: Save=157.05ms
[2017.09.20-05.01.33:968][789]LogSavePackage: Moving '../../../../../Unreal Projects/Plan-X/PlanX/Saved/MotionControllerMap_Auto1E47ADE6446D2D6D2019464813A6D5212.tmp' to '../../../../../Unreal Projects/Plan-X/PlanX/Saved/Autosaves/Game/VirtualRealityBP/Maps/MotionControllerMap_Auto1.umap'
[2017.09.20-05.01.33:975][789]LogSavePackage: Display: Finished SavePackage ../../../../../Unreal Projects/Plan-X/PlanX/Saved/Autosaves/Game/VirtualRealityBP/Maps/MotionControllerMap_Auto1.umap
[2017.09.20-05.01.33:977][789]LogFileHelpers: Editor autosave (incl. sublevels) for '/Game/VirtualRealityBP/Maps/MotionControllerMap' took 0.262
[2017.09.20-05.01.33:977][789]LogFileHelpers: Editor autosave (incl. sublevels) for all levels took 0.262
[2017.09.20-05.02.34:411][155]BlueprintLog: New page: Compile MotionControllerPawn
[2017.09.20-05.02.35:598][187]LogSavePackage: Save=380.74ms
[2017.09.20-05.02.35:598][187]LogSavePackage: Moving '../../../../../Unreal Projects/Plan-X/PlanX/Saved/MotionControllerPawn5F9AC7A443E69AC110817AB2D55DBF8F.tmp' to '../../../../../Unreal Projects/Plan-X/PlanX/Content/VirtualRealityBP/Blueprints/MotionControllerPawn.uasset'
[2017.09.20-05.02.35:599][187]LogSavePackage: Display: Finished SavePackage ../../../../../Unreal Projects/Plan-X/PlanX/Content/VirtualRealityBP/Blueprints/MotionControllerPawn.uasset
[2017.09.20-05.03.11:309][874]BlueprintLog: New page: Compile MotionControllerPawn
[2017.09.20-05.03.12:349][891]LogSavePackage: Save=371.46ms
[2017.09.20-05.03.12:349][891]LogSavePackage: Moving '../../../../../Unreal Projects/Plan-X/PlanX/Saved/MotionControllerPawn36236FB940969B77C97A3D9EDBE240B3.tmp' to '../../../../../Unreal Projects/Plan-X/PlanX/Content/VirtualRealityBP/Blueprints/MotionControllerPawn.uasset'
[2017.09.20-05.03.12:352][891]LogSavePackage: Display: Finished SavePackage ../../../../../Unreal Projects/Plan-X/PlanX/Content/VirtualRealityBP/Blueprints/MotionControllerPawn.uasset
[2017.09.20-05.03.24:025][867]BlueprintLog: New page: Compile MotionControllerPawn
[2017.09.20-05.03.25:232][898]LogSavePackage: Save=380.99ms
[2017.09.20-05.03.25:232][898]LogSavePackage: Moving '../../../../../Unreal Projects/Plan-X/PlanX/Saved/MotionControllerPawn48F5247C435F7EF767B30D99D8831CF0.tmp' to '../../../../../Unreal Projects/Plan-X/PlanX/Content/VirtualRealityBP/Blueprints/MotionControllerPawn.uasset'
[2017.09.20-05.03.25:236][898]LogSavePackage: Display: Finished SavePackage ../../../../../Unreal Projects/Plan-X/PlanX/Content/VirtualRealityBP/Blueprints/MotionControllerPawn.uasset
[2017.09.20-05.07.24:832][669]BlueprintLog: New page: Compile MotionControllerPawn
[2017.09.20-05.07.26:310][720]LogSavePackage: Save=410.41ms
[2017.09.20-05.07.26:310][720]LogSavePackage: Moving '../../../../../Unreal Projects/Plan-X/PlanX/Saved/MotionControllerPawn66835AB3406429AE45FF5296EA86420A.tmp' to '../../../../../Unreal Projects/Plan-X/PlanX/Content/VirtualRealityBP/Blueprints/MotionControllerPawn.uasset'
[2017.09.20-05.07.26:314][720]LogSavePackage: Display: Finished SavePackage ../../../../../Unreal Projects/Plan-X/PlanX/Content/VirtualRealityBP/Blueprints/MotionControllerPawn.uasset
[2017.09.20-05.08.43:465][567]BlueprintLog: New page: Compile MotionControllerPawn
[2017.09.20-05.08.45:068][622]LogSavePackage: Save=408.45ms
[2017.09.20-05.08.45:068][622]LogSavePackage: Moving '../../../../../Unreal Projects/Plan-X/PlanX/Saved/MotionControllerPawnAED2903C4447BA44588E7B88F7C129E9.tmp' to '../../../../../Unreal Projects/Plan-X/PlanX/Content/VirtualRealityBP/Blueprints/MotionControllerPawn.uasset'
[2017.09.20-05.08.45:071][622]LogSavePackage: Display: Finished SavePackage ../../../../../Unreal Projects/Plan-X/PlanX/Content/VirtualRealityBP/Blueprints/MotionControllerPawn.uasset
[2017.09.20-05.08.59:651][802]BlueprintLog: New page: Compile MotionControllerPawn
[2017.09.20-05.09.25:175][ 12]LogActorComponent: ReregisterComponent: (/Engine/Transient.World_2:PersistentLevel.MotionControllerPawn_C_0.CameraCollision) Not currently registered. Aborting.
[2017.09.20-05.09.25:175][ 12]LogActorComponent: ReregisterComponent: (/Game/VirtualRealityBP/Maps/MotionControllerMap.MotionControllerMap:PersistentLevel.VRPawn_507.CameraCollision) Not currently registered. Aborting.
[2017.09.20-05.09.25:403][ 24]LogActorComponent: ReregisterComponent: (/Engine/Transient.World_2:PersistentLevel.MotionControllerPawn_C_0.CameraCollision) Not currently registered. Aborting.
[2017.09.20-05.09.25:403][ 24]LogActorComponent: ReregisterComponent: (/Game/VirtualRealityBP/Maps/MotionControllerMap.MotionControllerMap:PersistentLevel.VRPawn_507.CameraCollision) Not currently registered. Aborting.
[2017.09.20-05.09.29:423][317]LogActorComponent: ReregisterComponent: (/Game/VirtualRealityBP/Maps/MotionControllerMap.MotionControllerMap:PersistentLevel.VRPawn_507.CameraCollision) Not currently registered. Aborting.
[2017.09.20-05.09.29:423][317]LogActorComponent: ReregisterComponent: (/Engine/Transient.World_2:PersistentLevel.MotionControllerPawn_C_0.CameraCollision) Not currently registered. Aborting.
[2017.09.20-05.09.45:623][397]BlueprintLog: New page: Compile MotionControllerPawn
[2017.09.20-05.09.46:971][425]LogSavePackage: Save=402.99ms
[2017.09.20-05.09.46:971][425]LogSavePackage: Moving '../../../../../Unreal Projects/Plan-X/PlanX/Saved/MotionControllerPawn8BAF81BE4D3463BAF018B0A4E5D16D37.tmp' to '../../../../../Unreal Projects/Plan-X/PlanX/Content/VirtualRealityBP/Blueprints/MotionControllerPawn.uasset'
[2017.09.20-05.09.46:975][425]LogSavePackage: Display: Finished SavePackage ../../../../../Unreal Projects/Plan-X/PlanX/Content/VirtualRealityBP/Blueprints/MotionControllerPawn.uasset
[2017.09.20-05.10.12:155][535]BlueprintLog: New page: Compile MotionControllerPawn
[2017.09.20-05.10.13:035][535]LogSavePackage: Save=415.12ms
[2017.09.20-05.10.13:035][535]LogSavePackage: Moving '../../../../../Unreal Projects/Plan-X/PlanX/Saved/MotionControllerPawnC3D7FD3642D188362A32B2B3497550B9.tmp' to '../../../../../Unreal Projects/Plan-X/PlanX/Content/VirtualRealityBP/Blueprints/MotionControllerPawn.uasset'
[2017.09.20-05.10.13:036][535]LogSavePackage: Display: Finished SavePackage ../../../../../Unreal Projects/Plan-X/PlanX/Content/VirtualRealityBP/Blueprints/MotionControllerPawn.uasset
[2017.09.20-05.10.13:883][557]LogSavePackage: Save=415.66ms
[2017.09.20-05.10.13:883][557]LogSavePackage: Moving '../../../../../Unreal Projects/Plan-X/PlanX/Saved/MotionControllerPawnEC6055B34D057FC00ADBEE8063561C84.tmp' to '../../../../../Unreal Projects/Plan-X/PlanX/Content/VirtualRealityBP/Blueprints/MotionControllerPawn.uasset'
[2017.09.20-05.10.13:884][557]LogSavePackage: Display: Finished SavePackage ../../../../../Unreal Projects/Plan-X/PlanX/Content/VirtualRealityBP/Blueprints/MotionControllerPawn.uasset
[2017.09.20-05.11.35:209][847]LogSavePackage: Save=200.32ms
[2017.09.20-05.11.35:209][847]LogSavePackage: Moving '../../../../../Unreal Projects/Plan-X/PlanX/Saved/MotionControllerMap_Auto292D708D049E2C29F3D2042A69A6C3498.tmp' to '../../../../../Unreal Projects/Plan-X/PlanX/Saved/Autosaves/Game/VirtualRealityBP/Maps/MotionControllerMap_Auto2.umap'
[2017.09.20-05.11.35:230][847]LogSavePackage: Display: Finished SavePackage ../../../../../Unreal Projects/Plan-X/PlanX/Saved/Autosaves/Game/VirtualRealityBP/Maps/MotionControllerMap_Auto2.umap
[2017.09.20-05.11.35:232][847]LogFileHelpers: Editor autosave (incl. sublevels) for '/Game/VirtualRealityBP/Maps/MotionControllerMap' took 0.266
[2017.09.20-05.11.35:232][847]LogFileHelpers: Editor autosave (incl. sublevels) for all levels took 0.266
[2017.09.20-05.12.39:650][324]LogSavePackage: Save=414.58ms
[2017.09.20-05.12.39:650][324]LogSavePackage: Moving '../../../../../Unreal Projects/Plan-X/PlanX/Saved/MotionControllerPawn3294FAFD4E08E174033E6EB686F85F18.tmp' to '../../../../../Unreal Projects/Plan-X/PlanX/Content/VirtualRealityBP/Blueprints/MotionControllerPawn.uasset'
[2017.09.20-05.12.39:654][324]LogSavePackage: Display: Finished SavePackage ../../../../../Unreal Projects/Plan-X/PlanX/Content/VirtualRealityBP/Blueprints/MotionControllerPawn.uasset
[2017.09.20-05.12.40:170][370]BlueprintLog: New page: Compile MotionControllerPawn
[2017.09.20-05.13.12:086][436]BlueprintLog: New page: Compile BP_MotionController
[2017.09.20-05.13.13:323][445]LogSavePackage: Save=391.28ms
[2017.09.20-05.13.13:323][445]LogSavePackage: Moving '../../../../../Unreal Projects/Plan-X/PlanX/Saved/BP_MotionController0092FD4A47FB4A27AED2CFB4FEE90BFF.tmp' to '../../../../../Unreal Projects/Plan-X/PlanX/Content/VirtualRealityBP/Blueprints/BP_MotionController.uasset'
[2017.09.20-05.13.13:361][445]LogSavePackage: Display: Finished SavePackage ../../../../../Unreal Projects/Plan-X/PlanX/Content/VirtualRealityBP/Blueprints/BP_MotionController.uasset
[2017.09.20-05.16.06:138][249]BlueprintLog: New page: Compile MotionControllerPawn
[2017.09.20-05.16.07:995][329]LogSavePackage: Save=426.94ms
[2017.09.20-05.16.07:995][329]LogSavePackage: Moving '../../../../../Unreal Projects/Plan-X/PlanX/Saved/MotionControllerPawn2C79E0884F2C714E3B5FE1B6C8CC1E12.tmp' to '../../../../../Unreal Projects/Plan-X/PlanX/Content/VirtualRealityBP/Blueprints/MotionControllerPawn.uasset'
[2017.09.20-05.16.07:999][329]LogSavePackage: Display: Finished SavePackage ../../../../../Unreal Projects/Plan-X/PlanX/Content/VirtualRealityBP/Blueprints/MotionControllerPawn.uasset
[2017.09.20-05.16.23:787][115]LogEditorTransaction: Undo Paste clipboard contents
[2017.09.20-05.16.34:229][879]LogUObjectHash: Warning: Ambiguous search, could be K2Node_CallFunction /Game/VirtualRealityBP/Blueprints/MotionControllerPawn.MotionControllerPawn:EventGraph.K2Node_CallFunction_1471 or K2Node_CallFunction /Game/VirtualRealityBP/Blueprints/MotionControllerPawn.MotionControllerPawn:EventGraph.K2Node_CallFunction_1471
[2017.09.20-05.16.34:229][879]LogUObjectHash: Warning: Ambiguous search, could be K2Node_IfThenElse /Game/VirtualRealityBP/Blueprints/MotionControllerPawn.MotionControllerPawn:EventGraph.K2Node_IfThenElse_106 or K2Node_IfThenElse /Game/VirtualRealityBP/Blueprints/MotionControllerPawn.MotionControllerPawn:EventGraph.K2Node_IfThenElse_106
[2017.09.20-05.16.34:229][879]LogUObjectHash: Warning: Ambiguous search, could be K2Node_CallFunction /Game/VirtualRealityBP/Blueprints/MotionControllerPawn.MotionControllerPawn:EventGraph.K2Node_CallFunction_1472 or K2Node_CallFunction /Game/VirtualRealityBP/Blueprints/MotionControllerPawn.MotionControllerPawn:EventGraph.K2Node_CallFunction_1472
[2017.09.20-05.17.00:682][564]BlueprintLog: New page: Compile MotionControllerPawn
[2017.09.20-05.17.01:514][593]BlueprintLog: New page: Compile MotionControllerPawn
[2017.09.20-05.17.02:555][606]LogSavePackage: Save=413.45ms
[2017.09.20-05.17.02:555][606]LogSavePackage: Moving '../../../../../Unreal Projects/Plan-X/PlanX/Saved/MotionControllerPawn9EDE23174B52AFAB91190B97447B7D5E.tmp' to '../../../../../Unreal Projects/Plan-X/PlanX/Content/VirtualRealityBP/Blueprints/MotionControllerPawn.uasset'
[2017.09.20-05.17.02:559][606]LogSavePackage: Display: Finished SavePackage ../../../../../Unreal Projects/Plan-X/PlanX/Content/VirtualRealityBP/Blueprints/MotionControllerPawn.uasset
[2017.09.20-05.18.06:549][487]BlueprintLog: New page: Compile MotionControllerPawn
[2017.09.20-05.18.07:832][505]LogSavePackage: Save=412.17ms
[2017.09.20-05.18.07:832][505]LogSavePackage: Moving '../../../../../Unreal Projects/Plan-X/PlanX/Saved/MotionControllerPawnE9CE942940C4F95F9431418418FF4CA9.tmp' to '../../../../../Unreal Projects/Plan-X/PlanX/Content/VirtualRealityBP/Blueprints/MotionControllerPawn.uasset'
[2017.09.20-05.18.07:835][505]LogSavePackage: Display: Finished SavePackage ../../../../../Unreal Projects/Plan-X/PlanX/Content/VirtualRealityBP/Blueprints/MotionControllerPawn.uasset
[2017.09.20-05.18.53:263][864]BlueprintLog: New page: Compile MotionControllerPawn
[2017.09.20-05.18.54:508][880]LogSavePackage: Save=414.00ms
[2017.09.20-05.18.54:508][880]LogSavePackage: Moving '../../../../../Unreal Projects/Plan-X/PlanX/Saved/MotionControllerPawnD5F320CF4CA7E49F3FB5489B4A0B1DFB.tmp' to '../../../../../Unreal Projects/Plan-X/PlanX/Content/VirtualRealityBP/Blueprints/MotionControllerPawn.uasset'
[2017.09.20-05.18.54:512][880]LogSavePackage: Display: Finished SavePackage ../../../../../Unreal Projects/Plan-X/PlanX/Content/VirtualRealityBP/Blueprints/MotionControllerPawn.uasset
[2017.09.20-05.19.24:944][987]LogSavePackage: Save=411.50ms
[2017.09.20-05.19.24:944][987]LogSavePackage: Moving '../../../../../Unreal Projects/Plan-X/PlanX/Saved/MotionControllerPawn427CDB96479EB5B2D66E458F9E57DFB3.tmp' to '../../../../../Unreal Projects/Plan-X/PlanX/Content/VirtualRealityBP/Blueprints/MotionControllerPawn.uasset'
[2017.09.20-05.19.24:945][987]LogSavePackage: Display: Finished SavePackage ../../../../../Unreal Projects/Plan-X/PlanX/Content/VirtualRealityBP/Blueprints/MotionControllerPawn.uasset
[2017.09.20-05.19.29:071][414]LogEditorViewport: Clicking on Actor (LMB): StaticMeshActor (EditorCube15)
[2017.09.20-05.19.34:878][ 53]LogEditorViewport: Clicking on Actor (LMB): StaticMeshActor (EditorCube17)
[2017.09.20-05.19.37:291][331]LogEditorViewport: Clicking on Actor (LMB): StaticMeshActor (EditorCube16)
[2017.09.20-05.19.39:632][603]LogEditorViewport: Clicking on Actor (LMB): StaticMeshActor (EditorCube21)
[2017.09.20-05.19.41:502][819]LogEditorViewport: Clicking on Actor (LMB): StaticMeshActor (EditorCube20)
[2017.09.20-05.19.43:813][ 88]LogEditorViewport: Clicking on Actor (LMB): StaticMeshActor (EditorCube19)
[2017.09.20-05.19.45:774][314]LogEditorViewport: Clicking on Actor (LMB): StaticMeshActor (EditorCube18)
[2017.09.20-05.19.56:370][548]LogEditorViewport: Clicking on Actor (LMB): DestructibleActor (1M_Cube_DM)
[2017.09.20-05.19.58:820][827]LogEditorViewport: Clicking on Actor (LMB): StaticMeshActor (EditorCube15)
[2017.09.20-05.19.59:425][893]LogEditorViewport: Clicking on Actor (LMB): StaticMeshActor (EditorCube17)
[2017.09.20-05.19.59:904][945]LogEditorViewport: Clicking on Actor (LMB): RecastNavMesh (RecastNavMesh-Default)
[2017.09.20-05.20.00:460][  2]LogEditorViewport: Clicking on Actor (LMB): StaticMeshActor (EditorCube16)
[2017.09.20-05.20.01:017][ 63]LogEditorViewport: Clicking on Actor (LMB): StaticMeshActor (EditorCube21)
[2017.09.20-05.20.02:823][271]LogEditorViewport: Clicking on Actor (LMB): DestructibleActor (1M_Cube_DM)
[2017.09.20-05.20.10:536][177]LogEditorViewport: Clicking on Actor (LMB): StaticMeshActor (EditorCube8)
[2017.09.20-05.20.19:545][242]LogEditorViewport: Clicking on Actor (LMB): StaticMeshActor (EditorCube11)
[2017.09.20-05.20.21:906][516]LogEditorViewport: Clicking on Actor (LMB): StaticMeshActor (EditorCube10)
[2017.09.20-05.20.24:081][769]LogEditorViewport: Clicking on Actor (LMB): StaticMeshActor (EditorCube9)
[2017.09.20-05.20.26:861][ 93]LogEditorViewport: Clicking on Actor (LMB): StaticMeshActor (EditorCube12)
[2017.09.20-05.20.29:518][403]LogEditorViewport: Clicking on Actor (LMB): StaticMeshActor (EditorCube14)
[2017.09.20-05.20.31:702][657]LogEditorViewport: Clicking on Actor (LMB): StaticMeshActor (EditorCube13)
[2017.09.20-05.21.11:407][817]LogSavePackage: Save=225.85ms
[2017.09.20-05.21.11:407][817]LogSavePackage: Moving '../../../../../Unreal Projects/Plan-X/PlanX/Saved/MotionControllerMap1C4449384C50AA5D1779699B8D99FE78.tmp' to '../../../../../Unreal Projects/Plan-X/PlanX/Content/VirtualRealityBP/Maps/MotionControllerMap.umap'
[2017.09.20-05.21.11:411][817]LogSavePackage: Display: Finished SavePackage ../../../../../Unreal Projects/Plan-X/PlanX/Content/VirtualRealityBP/Maps/MotionControllerMap.umap
[2017.09.20-05.21.11:630][817]LogSavePackage: Save=148.91ms
[2017.09.20-05.21.11:630][817]LogSavePackage: Moving '../../../../../Unreal Projects/Plan-X/PlanX/Saved/MotionControllerMap_BuiltData4E410DE445A337D9EE0488A70A84E3E4.tmp' to '../../../../../Unreal Projects/Plan-X/PlanX/Content/VirtualRealityBP/Maps/MotionControllerMap_BuiltData.uasset'
[2017.09.20-05.21.11:631][817]LogSavePackage: Display: Finished SavePackage ../../../../../Unreal Projects/Plan-X/PlanX/Content/VirtualRealityBP/Maps/MotionControllerMap_BuiltData.uasset
[2017.09.20-05.21.12:286][873]LogSavePackage: Save=139.55ms
[2017.09.20-05.21.12:286][873]LogSavePackage: Moving '../../../../../Unreal Projects/Plan-X/PlanX/Saved/MotionControllerMapAE83E39742F984497653BA8D8718F3D2.tmp' to '../../../../../Unreal Projects/Plan-X/PlanX/Content/VirtualRealityBP/Maps/MotionControllerMap.umap'
[2017.09.20-05.21.12:288][873]LogSavePackage: Display: Finished SavePackage ../../../../../Unreal Projects/Plan-X/PlanX/Content/VirtualRealityBP/Maps/MotionControllerMap.umap
[2017.09.20-05.21.12:465][873]LogSavePackage: Save=135.39ms
[2017.09.20-05.21.12:465][873]LogSavePackage: Moving '../../../../../Unreal Projects/Plan-X/PlanX/Saved/MotionControllerMap_BuiltData75BDF1E7460CF202D5DF0781E01D82CF.tmp' to '../../../../../Unreal Projects/Plan-X/PlanX/Content/VirtualRealityBP/Maps/MotionControllerMap_BuiltData.uasset'
[2017.09.20-05.21.12:466][873]LogSavePackage: Display: Finished SavePackage ../../../../../Unreal Projects/Plan-X/PlanX/Content/VirtualRealityBP/Maps/MotionControllerMap_BuiltData.uasset
[2017.09.20-05.21.15:763][ 49]BlueprintLog: New page: Compile MotionControllerPawn
[2017.09.20-05.21.16:997][ 64]LogSavePackage: Save=410.13ms
[2017.09.20-05.21.16:997][ 64]LogSavePackage: Moving '../../../../../Unreal Projects/Plan-X/PlanX/Saved/MotionControllerPawnEA88366D41E9A3A41FBAD7ABE6EB6CB0.tmp' to '../../../../../Unreal Projects/Plan-X/PlanX/Content/VirtualRealityBP/Blueprints/MotionControllerPawn.uasset'
[2017.09.20-05.21.16:999][ 64]LogSavePackage: Display: Finished SavePackage ../../../../../Unreal Projects/Plan-X/PlanX/Content/VirtualRealityBP/Blueprints/MotionControllerPawn.uasset
[2017.09.20-05.21.30:084][798]BlueprintLog: New page: Compile MotionControllerPawn
[2017.09.20-05.21.31:193][810]LogSavePackage: Save=403.89ms
[2017.09.20-05.21.31:193][810]LogSavePackage: Moving '../../../../../Unreal Projects/Plan-X/PlanX/Saved/MotionControllerPawn469F74964B57EE414D92B3A52CE4089A.tmp' to '../../../../../Unreal Projects/Plan-X/PlanX/Content/VirtualRealityBP/Blueprints/MotionControllerPawn.uasset'
[2017.09.20-05.21.31:197][810]LogSavePackage: Display: Finished SavePackage ../../../../../Unreal Projects/Plan-X/PlanX/Content/VirtualRealityBP/Blueprints/MotionControllerPawn.uasset
[2017.09.20-05.23.12:692][710]BlueprintLog: New page: Compile MotionControllerPawn
[2017.09.20-05.23.13:773][717]LogSavePackage: Save=421.29ms
[2017.09.20-05.23.13:773][717]LogSavePackage: Moving '../../../../../Unreal Projects/Plan-X/PlanX/Saved/MotionControllerPawnD48D820548C13059B56958BC4FFB2217.tmp' to '../../../../../Unreal Projects/Plan-X/PlanX/Content/VirtualRealityBP/Blueprints/MotionControllerPawn.uasset'
[2017.09.20-05.23.13:774][717]LogSavePackage: Display: Finished SavePackage ../../../../../Unreal Projects/Plan-X/PlanX/Content/VirtualRealityBP/Blueprints/MotionControllerPawn.uasset
[2017.09.20-05.23.58:124][404]LogSavePackage: Save=134.20ms
[2017.09.20-05.23.58:125][404]LogSavePackage: Moving '../../../../../Unreal Projects/Plan-X/PlanX/Saved/MotionControllerMap03A3CC09484D1E658F5FEBB547699660.tmp' to '../../../../../Unreal Projects/Plan-X/PlanX/Content/VirtualRealityBP/Maps/MotionControllerMap.umap'
[2017.09.20-05.23.58:128][404]LogSavePackage: Display: Finished SavePackage ../../../../../Unreal Projects/Plan-X/PlanX/Content/VirtualRealityBP/Maps/MotionControllerMap.umap
[2017.09.20-05.23.58:311][404]LogSavePackage: Save=136.84ms
[2017.09.20-05.23.58:311][404]LogSavePackage: Moving '../../../../../Unreal Projects/Plan-X/PlanX/Saved/MotionControllerMap_BuiltData4698DF3E4D6E27E0183488A9CD7F3B6C.tmp' to '../../../../../Unreal Projects/Plan-X/PlanX/Content/VirtualRealityBP/Maps/MotionControllerMap_BuiltData.uasset'
[2017.09.20-05.23.58:312][404]LogSavePackage: Display: Finished SavePackage ../../../../../Unreal Projects/Plan-X/PlanX/Content/VirtualRealityBP/Maps/MotionControllerMap_BuiltData.uasset
[2017.09.20-05.23.59:280][499]LogWindowsTextInputMethodSystem: Display: IME system now deactivated.
[2017.09.20-05.23.59:549][500]Cmd: QUIT_EDITOR
[2017.09.20-05.23.59:624][500]LogExit: Preparing to exit.
[2017.09.20-05.24.00:628][500]LogDirectoryWatcher: A directory notification for 'Q:/Unreal Projects/Plan-X/PlanX/Content/' was aborted.
[2017.09.20-05.24.00:745][500]LogExit: Editor shut down
[2017.09.20-05.24.00:771][500]LogExit: Transaction tracking system shut down
[2017.09.20-05.24.00:965][500]LogDirectoryWatcher: A directory notification for '../../../Engine/Content/' was aborted.
[2017.09.20-05.24.00:965][500]LogDirectoryWatcher: A directory notification for '../../../../../Unreal Projects/Plan-X/PlanX/Content/' was aborted.
[2017.09.20-05.24.00:965][500]LogDirectoryWatcher: A directory notification for '../../../Engine/Plugins/Runtime/Oculus/OculusVR/Content/' was aborted.
[2017.09.20-05.24.00:965][500]LogDirectoryWatcher: A directory notification for '../../../Engine/Plugins/Runtime/Steam/SteamVR/Content/' was aborted.
[2017.09.20-05.24.01:105][500]LogExit: Object subsystem successfully closed.
[2017.09.20-05.24.01:146][500]LogD3D11RHI: Shutdown
[2017.09.20-05.24.01:146][500]LogD3D11RHI: CleanupD3DDevice
[2017.09.20-05.24.01:239][500]LogD3D11RHI: ~FD3D11DynamicRHI
[2017.09.20-05.24.01:254][500]LogModuleManager: Shutting down and abandoning module BlueprintGraph (526)
[2017.09.20-05.24.01:254][500]LogModuleManager: Shutting down and abandoning module BlueprintProfiler (524)
[2017.09.20-05.24.01:269][500]LogModuleManager: Shutting down and abandoning module HierarchicalLODOutliner (522)
[2017.09.20-05.24.01:269][500]LogModuleManager: Shutting down and abandoning module SceneOutliner (520)
[2017.09.20-05.24.01:276][500]LogModuleManager: Shutting down and abandoning module AddContentDialog (518)
[2017.09.20-05.24.01:288][500]LogDirectoryWatcher: A directory notification for 'Q:/Unreal Engine/UE_4.17/FeaturePacks/' was aborted.
[2017.09.20-05.24.01:301][500]LogModuleManager: Shutting down and abandoning module WidgetCarousel (517)
[2017.09.20-05.24.01:301][500]LogModuleManager: Shutting down and abandoning module EditorWidgets (514)
[2017.09.20-05.24.01:301][500]LogModuleManager: Shutting down and abandoning module CollectionManager (512)
[2017.09.20-05.24.01:301][500]LogDirectoryWatcher: A directory notification for 'Q:/Unreal Projects/Plan-X/PlanX/Content/Collections/' was aborted.
[2017.09.20-05.24.01:301][500]LogDirectoryWatcher: A directory notification for 'Q:/Unreal Projects/Plan-X/PlanX/Content/Developers/RobertForbes/Collections/' was aborted.
[2017.09.20-05.24.01:301][500]LogDirectoryWatcher: A directory notification for 'Q:/Unreal Projects/Plan-X/PlanX/Saved/Collections/' was aborted.
[2017.09.20-05.24.01:301][500]LogModuleManager: Shutting down and abandoning module StatsViewer (510)
[2017.09.20-05.24.01:301][500]LogModuleManager: Shutting down and abandoning module FoliageEdit (508)
[2017.09.20-05.24.01:301][500]LogModuleManager: Shutting down and abandoning module LandscapeEditor (506)
[2017.09.20-05.24.01:301][500]LogModuleManager: Shutting down and abandoning module MeshPaintMode (504)
[2017.09.20-05.24.01:301][500]LogModuleManager: Shutting down and abandoning module MeshPaint (503)
[2017.09.20-05.24.01:301][500]LogModuleManager: Shutting down and abandoning module SceneDepthPickerMode (500)
[2017.09.20-05.24.01:301][500]LogModuleManager: Shutting down and abandoning module ActorPickerMode (498)
[2017.09.20-05.24.01:301][500]LogModuleManager: Shutting down and abandoning module GeometryMode (496)
[2017.09.20-05.24.01:301][500]LogModuleManager: Shutting down and abandoning module TextureAlignMode (494)
[2017.09.20-05.24.01:301][500]LogModuleManager: Shutting down and abandoning module BspMode (492)
[2017.09.20-05.24.01:301][500]LogModuleManager: Shutting down and abandoning module PIEPreviewDeviceProfileSelector (490)
[2017.09.20-05.24.01:301][500]LogModuleManager: Shutting down and abandoning module HardwareSurvey (488)
[2017.09.20-05.24.01:301][500]LogModuleManager: Shutting down and abandoning module SequenceRecorderSections (486)
[2017.09.20-05.24.01:301][500]LogModuleManager: Shutting down and abandoning module AutomationWorker (484)
[2017.09.20-05.24.01:301][500]LogModuleManager: Shutting down and abandoning module MatineeToLevelSequence (482)
[2017.09.20-05.24.01:301][500]LogModuleManager: Shutting down and abandoning module LevelSequenceEditor (480)
[2017.09.20-05.24.01:301][500]LogModuleManager: Shutting down and abandoning module PlacementMode (479)
[2017.09.20-05.24.01:301][500]LogModuleManager: Shutting down and abandoning module WmfMediaFactory (476)
[2017.09.20-05.24.01:301][500]LogModuleManager: Shutting down and abandoning module WmfMediaEditor (474)
[2017.09.20-05.24.01:301][500]LogModuleManager: Shutting down and abandoning module AvfMediaFactory (472)
[2017.09.20-05.24.01:301][500]LogModuleManager: Shutting down and abandoning module AvfMediaEditor (470)
[2017.09.20-05.24.01:302][500]LogModuleManager: Shutting down and abandoning module AndroidMediaFactory (468)
[2017.09.20-05.24.01:302][500]LogModuleManager: Shutting down and abandoning module Media (467)
[2017.09.20-05.24.01:302][500]LogModuleManager: Shutting down and abandoning module AndroidMediaEditor (464)
[2017.09.20-05.24.01:302][500]LogModuleManager: Shutting down and abandoning module CharacterAI (462)
[2017.09.20-05.24.01:302][500]LogModuleManager: Shutting down and abandoning module AudioCapture (460)
[2017.09.20-05.24.01:302][500]LogModuleManager: Shutting down and abandoning module SequenceRecorder (459)
[2017.09.20-05.24.01:302][500]LogModuleManager: Shutting down and abandoning module SessionServices (456)
[2017.09.20-05.24.01:302][500]LogModuleManager: Shutting down and abandoning module ViewportSnapping (454)
[2017.09.20-05.24.01:302][500]LogModuleManager: Shutting down and abandoning module ViewportInteraction (452)
[2017.09.20-05.24.01:302][500]LogModuleManager: Shutting down and abandoning module ClothPainter (450)
[2017.09.20-05.24.01:302][500]LogModuleManager: Shutting down and abandoning module LogVisualizer (448)
[2017.09.20-05.24.01:302][500]LogModuleManager: Shutting down and abandoning module IntroTutorials (446)
[2017.09.20-05.24.01:302][500]LogModuleManager: Shutting down and abandoning module GameProjectGeneration (445)
[2017.09.20-05.24.01:302][500]LogModuleManager: Shutting down and abandoning module IOSPlatformEditor (442)
[2017.09.20-05.24.01:302][500]LogModuleManager: Shutting down and abandoning module HTML5PlatformEditor (440)
[2017.09.20-05.24.01:302][500]LogModuleManager: Shutting down and abandoning module AndroidPlatformEditor (438)
[2017.09.20-05.24.01:302][500]LogModuleManager: Shutting down and abandoning module AndroidDeviceDetection (437)
[2017.09.20-05.24.01:403][500]LogModuleManager: Shutting down and abandoning module WindowsPlatformEditor (434)
[2017.09.20-05.24.01:403][500]LogModuleManager: Shutting down and abandoning module IOSRuntimeSettings (432)
[2017.09.20-05.24.01:403][500]LogModuleManager: Shutting down and abandoning module AndroidRuntimeSettings (430)
[2017.09.20-05.24.01:403][500]LogModuleManager: Shutting down and abandoning module InputBindingEditor (428)
[2017.09.20-05.24.01:403][500]LogModuleManager: Shutting down and abandoning module MergeActors (426)
[2017.09.20-05.24.01:403][500]LogModuleManager: Shutting down and abandoning module SizeMap (424)
[2017.09.20-05.24.01:403][500]LogModuleManager: Shutting down and abandoning module TreeMap (422)
[2017.09.20-05.24.01:403][500]LogModuleManager: Shutting down and abandoning module ReferenceViewer (420)
[2017.09.20-05.24.01:403][500]LogModuleManager: Shutting down and abandoning module LocalizationDashboard (418)
[2017.09.20-05.24.01:403][500]LogModuleManager: Shutting down and abandoning module LocalizationService (417)
[2017.09.20-05.24.01:403][500]LogModuleManager: Shutting down and abandoning module HardwareTargeting (414)
[2017.09.20-05.24.01:403][500]LogModuleManager: Shutting down and abandoning module DeviceProfileEditor (412)
[2017.09.20-05.24.01:403][500]LogModuleManager: Shutting down and abandoning module UndoHistory (410)
[2017.09.20-05.24.01:403][500]LogModuleManager: Shutting down and abandoning module XmlParser (408)
[2017.09.20-05.24.01:403][500]LogModuleManager: Shutting down and abandoning module Blutility (406)
[2017.09.20-05.24.01:403][500]LogModuleManager: Shutting down and abandoning module ProjectSettingsViewer (404)
[2017.09.20-05.24.01:403][500]LogModuleManager: Shutting down and abandoning module ProjectTargetPlatformEditor (403)
[2017.09.20-05.24.01:404][500]LogModuleManager: Shutting down and abandoning module EditorSettingsViewer (400)
[2017.09.20-05.24.01:404][500]LogModuleManager: Shutting down and abandoning module SettingsEditor (398)
[2017.09.20-05.24.01:404][500]LogModuleManager: Shutting down and abandoning module ProjectLauncher (396)
[2017.09.20-05.24.01:404][500]LogModuleManager: Shutting down and abandoning module SessionFrontend (394)
[2017.09.20-05.24.01:404][500]LogModuleManager: Shutting down and abandoning module ProfilerClient (392)
[2017.09.20-05.24.01:404][500]LogModuleManager: Shutting down and abandoning module DeviceManager (390)
[2017.09.20-05.24.01:404][500]LogModuleManager: Shutting down and abandoning module TargetDeviceServices (389)
[2017.09.20-05.24.01:458][500]LogModuleManager: Shutting down and abandoning module AutomationController (386)
[2017.09.20-05.24.01:458][500]LogModuleManager: Shutting down and abandoning module AutomationWindow (384)
[2017.09.20-05.24.01:458][500]LogModuleManager: Shutting down and abandoning module Layers (382)
[2017.09.20-05.24.01:458][500]LogModuleManager: Shutting down and abandoning module ComponentVisualizers (380)
[2017.09.20-05.24.01:458][500]LogModuleManager: Shutting down and abandoning module DetailCustomizations (378)
[2017.09.20-05.24.01:458][500]LogModuleManager: Shutting down and abandoning module PackagesDialog (376)
[2017.09.20-05.24.01:458][500]LogModuleManager: Shutting down and abandoning module Persona (374)
[2017.09.20-05.24.01:458][500]LogModuleManager: Shutting down and abandoning module AdvancedPreviewScene (373)
[2017.09.20-05.24.01:458][500]LogModuleManager: Shutting down and abandoning module AnimGraph (371)
[2017.09.20-05.24.01:458][500]LogModuleManager: Shutting down and abandoning module Kismet (368)
[2017.09.20-05.24.01:470][500]LogModuleManager: Shutting down and abandoning module LevelEditor (367)
[2017.09.20-05.24.01:471][500]LogModuleManager: Shutting down and abandoning module PixelInspectorModule (366)
[2017.09.20-05.24.01:471][500]LogModuleManager: Shutting down and abandoning module ClassViewer (362)
[2017.09.20-05.24.01:472][500]LogModuleManager: Shutting down and abandoning module Toolbox (360)
[2017.09.20-05.24.01:472][500]LogModuleManager: Shutting down and abandoning module ModuleUI (358)
[2017.09.20-05.24.01:472][500]LogModuleManager: Shutting down and abandoning module MovieSceneTools (356)
[2017.09.20-05.24.01:472][500]LogModuleManager: Shutting down and abandoning module OutputLog (354)
[2017.09.20-05.24.01:472][500]LogModuleManager: Shutting down and abandoning module GammaUI (352)
[2017.09.20-05.24.01:472][500]LogModuleManager: Shutting down and abandoning module Documentation (350)
[2017.09.20-05.24.01:472][500]LogModuleManager: Shutting down and abandoning module MovieSceneTracks (348)
[2017.09.20-05.24.01:472][500]LogModuleManager: Shutting down and abandoning module MovieScene (346)
[2017.09.20-05.24.01:472][500]LogModuleManager: Shutting down and abandoning module Niagara (344)
[2017.09.20-05.24.01:472][500]LogModuleManager: Shutting down and abandoning module NiagaraEditor (343)
[2017.09.20-05.24.01:472][500]LogModuleManager: Shutting down and abandoning module StreamingPauseRendering (340)
[2017.09.20-05.24.01:472][500]LogModuleManager: Shutting down and abandoning module LauncherPlatform (338)
[2017.09.20-05.24.01:472][500]LogModuleManager: Shutting down and abandoning module AnalyticsET (336)
[2017.09.20-05.24.01:472][500]LogModuleManager: Shutting down and abandoning module PortalServices (334)
[2017.09.20-05.24.01:472][500]LogModuleManager: Shutting down and abandoning module PortalRpc (332)
[2017.09.20-05.24.01:472][500]LogModuleManager: Shutting down and abandoning module MessagingRpc (330)
[2017.09.20-05.24.01:472][500]LogModuleManager: Shutting down and abandoning module AIModule (328)
[2017.09.20-05.24.01:472][500]LogModuleManager: Shutting down and abandoning module GameplayDebugger (327)
[2017.09.20-05.24.01:473][500]LogModuleManager: Shutting down and abandoning module AITestSuite (325)
[2017.09.20-05.24.01:473][500]LogModuleManager: Shutting down and abandoning module ProfilerService (322)
[2017.09.20-05.24.01:477][500]LogModuleManager: Shutting down and abandoning module TaskGraph (320)
[2017.09.20-05.24.01:477][500]LogModuleManager: Shutting down and abandoning module SteamVRController (318)
[2017.09.20-05.24.01:477][500]LogModuleManager: Shutting down and abandoning module ProceduralMeshComponentEditor (316)
[2017.09.20-05.24.01:477][500]LogModuleManager: Shutting down and abandoning module ProceduralMeshComponent (314)
[2017.09.20-05.24.01:477][500]LogModuleManager: Shutting down and abandoning module OculusInput (312)
[2017.09.20-05.24.01:477][500]LogModuleManager: Shutting down and abandoning module Ansel (310)
[2017.09.20-05.24.01:488][500]LogModuleManager: Shutting down and abandoning module MobilePatchingUtils (308)
[2017.09.20-05.24.01:488][500]LogModuleManager: Shutting down and abandoning module CustomMeshComponent (306)
[2017.09.20-05.24.01:488][500]LogModuleManager: Shutting down and abandoning module CableComponent (304)
[2017.09.20-05.24.01:488][500]LogModuleManager: Shutting down and abandoning module ArchVisCharacter (302)
[2017.09.20-05.24.01:488][500]LogModuleManager: Shutting down and abandoning module AndroidPermission (300)
[2017.09.20-05.24.01:488][500]LogModuleManager: Shutting down and abandoning module MediaPlayerEditor (296)
[2017.09.20-05.24.01:488][500]LogModuleManager: Shutting down and abandoning module HTML5Networking (294)
[2017.09.20-05.24.01:488][500]LogModuleManager: Shutting down and abandoning module AlembicImporter (292)
[2017.09.20-05.24.01:488][500]LogModuleManager: Shutting down and abandoning module AlembicLibrary (291)
[2017.09.20-05.24.01:488][500]LogModuleManager: Shutting down and abandoning module GeometryCache (290)
[2017.09.20-05.24.01:488][500]LogModuleManager: Shutting down and abandoning module GeometryCacheEd (289)
[2017.09.20-05.24.01:488][500]LogModuleManager: Shutting down and abandoning module SpeedTreeImporter (284)
[2017.09.20-05.24.01:488][500]LogModuleManager: Shutting down and abandoning module PluginBrowser (282)
[2017.09.20-05.24.01:488][500]LogModuleManager: Shutting down and abandoning module MainFrame (281)
[2017.09.20-05.24.01:488][500]LogModuleManager: Shutting down and abandoning module MobileLauncherProfileWizard (278)
[2017.09.20-05.24.01:488][500]LogModuleManager: Shutting down and abandoning module VisualStudioSourceCodeAccess (276)
[2017.09.20-05.24.01:488][500]LogModuleManager: Shutting down and abandoning module DesktopPlatform (275)
[2017.09.20-05.24.01:488][500]LogModuleManager: Shutting down and abandoning module HotReload (273)
[2017.09.20-05.24.01:489][500]LogModuleManager: Shutting down and abandoning module UObjectPlugin (270)
[2017.09.20-05.24.01:489][500]LogModuleManager: Shutting down and abandoning module SubversionSourceControl (268)
[2017.09.20-05.24.01:489][500]LogModuleManager: Shutting down and abandoning module PerforceSourceControl (266)
[2017.09.20-05.24.01:489][500]LogModuleManager: Shutting down and abandoning module GitSourceControl (264)
[2017.09.20-05.24.01:489][500]LogModuleManager: Shutting down and abandoning module SourceControl (263)
[2017.09.20-05.24.01:489][500]LogModuleManager: Shutting down and abandoning module LightPropagationVolumeEditor (260)
[2017.09.20-05.24.01:489][500]LogModuleManager: Shutting down and abandoning module RuntimePhysXCooking (258)
[2017.09.20-05.24.01:489][500]LogModuleManager: Shutting down and abandoning module PhysXVehiclesEditor (256)
[2017.09.20-05.24.01:489][500]LogModuleManager: Shutting down and abandoning module PhysXVehicles (254)
[2017.09.20-05.24.01:489][500]LogModuleManager: Shutting down and abandoning module OculusEditor (252)
[2017.09.20-05.24.01:489][500]LogModuleManager: Shutting down and abandoning module LocationServicesBPLibrary (250)
[2017.09.20-05.24.01:489][500]LogModuleManager: Shutting down and abandoning module ImmediatePhysicsEditor (248)
[2017.09.20-05.24.01:489][500]LogModuleManager: Shutting down and abandoning module ImmediatePhysics (246)
[2017.09.20-05.24.01:489][500]LogModuleManager: Shutting down and abandoning module UdpMessaging (244)
[2017.09.20-05.24.01:589][500]LogModuleManager: Shutting down and abandoning module TcpMessaging (242)
[2017.09.20-05.24.01:690][500]LogModuleManager: Shutting down and abandoning module GameplayTagsEditor (240)
[2017.09.20-05.24.01:690][500]LogModuleManager: Shutting down and abandoning module FacialAnimationEditor (238)
[2017.09.20-05.24.01:690][500]LogModuleManager: Shutting down and abandoning module FacialAnimation (236)
[2017.09.20-05.24.01:690][500]LogModuleManager: Shutting down and abandoning module AssetManagerEditor (234)
[2017.09.20-05.24.01:690][500]LogModuleManager: Shutting down and abandoning module GraphEditor (233)
[2017.09.20-05.24.01:690][500]LogModuleManager: Shutting down and abandoning module ContentBrowser (231)
[2017.09.20-05.24.01:692][500]LogModuleManager: Shutting down and abandoning module LightPropagationVolumeRuntime (228)
[2017.09.20-05.24.01:692][500]LogModuleManager: Shutting down and abandoning module WindowsMoviePlayer (226)
[2017.09.20-05.24.01:692][500]LogModuleManager: Shutting down and abandoning module WmfMedia (224)
[2017.09.20-05.24.01:692][500]LogModuleManager: Shutting down and abandoning module PacketHandler (222)
[2017.09.20-05.24.01:692][500]LogModuleManager: Shutting down and abandoning module ClothingSystemEditor (220)
[2017.09.20-05.24.01:692][500]LogModuleManager: Shutting down and abandoning module ClothingSystemRuntime (218)
[2017.09.20-05.24.01:692][500]LogModuleManager: Shutting down and abandoning module Overlay (216)
[2017.09.20-05.24.01:692][500]LogModuleManager: Shutting down and abandoning module OverlayEditor (215)
[2017.09.20-05.24.01:692][500]LogModuleManager: Shutting down and abandoning module MediaAssets (212)
[2017.09.20-05.24.01:692][500]LogModuleManager: Shutting down and abandoning module VREditor (210)
[2017.09.20-05.24.01:692][500]LogModuleManager: Shutting down and abandoning module StringTableEditor (208)
[2017.09.20-05.24.01:692][500]LogModuleManager: Shutting down and abandoning module GameplayTasksEditor (206)
[2017.09.20-05.24.01:692][500]LogModuleManager: Shutting down and abandoning module BehaviorTreeEditor (204)
[2017.09.20-05.24.01:692][500]LogModuleManager: Shutting down and abandoning module FunctionalTesting (202)
[2017.09.20-05.24.01:692][500]LogModuleManager: Shutting down and abandoning module CollisionAnalyzer (200)
[2017.09.20-05.24.01:692][500]LogModuleManager: Shutting down and abandoning module WorkspaceMenuStructure (199)
[2017.09.20-05.24.01:692][500]LogModuleManager: Shutting down and abandoning module UMG (196)
[2017.09.20-05.24.01:692][500]LogModuleManager: Shutting down and abandoning module UMGEditor (195)
[2017.09.20-05.24.01:693][500]LogModuleManager: Shutting down and abandoning module Sequencer (194)
[2017.09.20-05.24.01:693][500]LogModuleManager: Shutting down and abandoning module MessageLog (191)
[2017.09.20-05.24.01:693][500]LogModuleManager: Shutting down and abandoning module SlateReflector (186)
[2017.09.20-05.24.01:693][500]LogModuleManager: Shutting down and abandoning module Slate (184)
[2017.09.20-05.24.01:693][500]LogModuleManager: Shutting down and abandoning module EditorStyle (182)
[2017.09.20-05.24.01:695][500]LogModuleManager: Shutting down and abandoning module MRMesh (180)
[2017.09.20-05.24.01:695][500]LogModuleManager: Shutting down and abandoning module SourceCodeAccess (178)
[2017.09.20-05.24.01:695][500]LogModuleManager: Shutting down and abandoning module HeadMountedDisplay (176)
[2017.09.20-05.24.01:695][500]LogModuleManager: Shutting down and abandoning module XAudio2 (174)
[2017.09.20-05.24.01:695][500]LogModuleManager: Shutting down and abandoning module Networking (172)
[2017.09.20-05.24.01:695][500]LogModuleManager: Shutting down and abandoning module Core (168)
[2017.09.20-05.24.01:695][500]LogModuleManager: Shutting down and abandoning module KismetCompiler (164)
[2017.09.20-05.24.01:695][500]LogModuleManager: Shutting down and abandoning module LevelSequence (162)
[2017.09.20-05.24.01:695][500]LogModuleManager: Shutting down and abandoning module MeshUtilities (160)
[2017.09.20-05.24.01:695][500]LogModuleManager: Shutting down and abandoning module MeshMergeUtilities (159)
[2017.09.20-05.24.01:695][500]LogModuleManager: Shutting down and abandoning module MeshReductionInterface (158)
[2017.09.20-05.24.01:695][500]LogModuleManager: Shutting down and abandoning module SimplygonSwarm (157)
[2017.09.20-05.24.01:695][500]LogModuleManager: Shutting down and abandoning module SimplygonMeshReduction (155)
[2017.09.20-05.24.01:695][500]LogModuleManager: Shutting down and abandoning module QuadricMeshReduction (153)
[2017.09.20-05.24.01:695][500]LogModuleManager: Shutting down and abandoning module MaterialBaking (149)
[2017.09.20-05.24.01:695][500]LogModuleManager: Shutting down and abandoning module DirectoryWatcher (146)
[2017.09.20-05.24.01:700][500]LogModuleManager: Shutting down and abandoning module DerivedDataCache (144)
[2017.09.20-05.24.01:757][500]LogDerivedDataCache: Shutdown
[2017.09.20-05.24.01:757][500]LogModuleManager: Shutting down and abandoning module TargetPlatform (142)
[2017.09.20-05.24.01:757][500]LogModuleManager: Shutting down and abandoning module VulkanShaderFormat (141)
[2017.09.20-05.24.01:757][500]LogModuleManager: Shutting down and abandoning module ShaderFormatVectorVM (139)
[2017.09.20-05.24.01:758][500]LogModuleManager: Shutting down and abandoning module ShaderFormatOpenGL (137)
[2017.09.20-05.24.01:758][500]LogModuleManager: Shutting down and abandoning module ShaderFormatD3D (135)
[2017.09.20-05.24.01:758][500]LogModuleManager: Shutting down and abandoning module MetalShaderFormat (133)
[2017.09.20-05.24.01:758][500]LogModuleManager: Shutting down and abandoning module TextureFormatUncompressed (131)
[2017.09.20-05.24.01:758][500]LogModuleManager: Shutting down and abandoning module TextureFormatPVR (129)
[2017.09.20-05.24.01:758][500]LogModuleManager: Shutting down and abandoning module TextureFormatDXT (127)
[2017.09.20-05.24.01:758][500]LogModuleManager: Shutting down and abandoning module TextureFormatIntelISPCTexComp (125)
[2017.09.20-05.24.01:758][500]LogModuleManager: Shutting down and abandoning module TextureFormatASTC (123)
[2017.09.20-05.24.01:758][500]LogModuleManager: Shutting down and abandoning module ImageWrapper (122)
[2017.09.20-05.24.01:758][500]LogModuleManager: Shutting down and abandoning module TextureFormatAndroid (119)
[2017.09.20-05.24.01:758][500]LogModuleManager: Shutting down and abandoning module AudioFormatOpus (117)
[2017.09.20-05.24.01:758][500]LogModuleManager: Shutting down and abandoning module AudioFormatOgg (115)
[2017.09.20-05.24.01:758][500]LogModuleManager: Shutting down and abandoning module AudioFormatADPCM (113)
[2017.09.20-05.24.01:758][500]LogModuleManager: Shutting down and abandoning module LinuxTargetPlatform (111)
[2017.09.20-05.24.01:758][500]LogModuleManager: Shutting down and abandoning module LinuxServerTargetPlatform (109)
[2017.09.20-05.24.01:758][500]LogModuleManager: Shutting down and abandoning module LinuxNoEditorTargetPlatform (107)
[2017.09.20-05.24.01:758][500]LogModuleManager: Shutting down and abandoning module LinuxClientTargetPlatform (105)
[2017.09.20-05.24.01:758][500]LogModuleManager: Shutting down and abandoning module TVOSTargetPlatform (103)
[2017.09.20-05.24.01:758][500]LogModuleManager: Shutting down and abandoning module Messaging (101)
[2017.09.20-05.24.01:758][500]LogModuleManager: Shutting down and abandoning module IOSTargetPlatform (99)
[2017.09.20-05.24.01:758][500]LogModuleManager: Shutting down and abandoning module HTML5TargetPlatform (97)
[2017.09.20-05.24.01:758][500]LogModuleManager: Shutting down and abandoning module Android_PVRTCTargetPlatform (95)
[2017.09.20-05.24.01:758][500]LogModuleManager: Shutting down and abandoning module Android_MultiTargetPlatform (93)
[2017.09.20-05.24.01:758][500]LogModuleManager: Shutting down and abandoning module Android_ETC2TargetPlatform (91)
[2017.09.20-05.24.01:758][500]LogModuleManager: Shutting down and abandoning module Android_ETC1TargetPlatform (89)
[2017.09.20-05.24.01:758][500]LogModuleManager: Shutting down and abandoning module Android_DXTTargetPlatform (87)
[2017.09.20-05.24.01:758][500]LogModuleManager: Shutting down and abandoning module Android_ATCTargetPlatform (85)
[2017.09.20-05.24.01:759][500]LogModuleManager: Shutting down and abandoning module Android_ASTCTargetPlatform (83)
[2017.09.20-05.24.01:759][500]LogModuleManager: Shutting down and abandoning module AndroidTargetPlatform (81)
[2017.09.20-05.24.01:759][500]LogModuleManager: Shutting down and abandoning module WindowsTargetPlatform (79)
[2017.09.20-05.24.01:759][500]LogModuleManager: Shutting down and abandoning module WindowsServerTargetPlatform (77)
[2017.09.20-05.24.01:759][500]LogModuleManager: Shutting down and abandoning module WindowsNoEditorTargetPlatform (75)
[2017.09.20-05.24.01:759][500]LogModuleManager: Shutting down and abandoning module WindowsClientTargetPlatform (73)
[2017.09.20-05.24.01:759][500]LogModuleManager: Shutting down and abandoning module MacTargetPlatform (71)
[2017.09.20-05.24.01:759][500]LogModuleManager: Shutting down and abandoning module MacServerTargetPlatform (69)
[2017.09.20-05.24.01:759][500]LogModuleManager: Shutting down and abandoning module MacNoEditorTargetPlatform (67)
[2017.09.20-05.24.01:759][500]LogModuleManager: Shutting down and abandoning module MacClientTargetPlatform (65)
[2017.09.20-05.24.01:759][500]LogModuleManager: Shutting down and abandoning module AllDesktopTargetPlatform (63)
[2017.09.20-05.24.01:759][500]LogModuleManager: Shutting down and abandoning module InputCore (60)
[2017.09.20-05.24.01:759][500]LogModuleManager: Shutting down and abandoning module Settings (58)
[2017.09.20-05.24.01:759][500]LogModuleManager: Shutting down and abandoning module PhysXCooking (56)
[2017.09.20-05.24.01:759][500]LogModuleManager: Shutting down and abandoning module SteamVR (54)
[2017.09.20-05.24.01:759][500]LogModuleManager: Shutting down and abandoning module OculusHMD (52)
[2017.09.20-05.24.01:759][500]LogModuleManager: Shutting down and abandoning module ExampleDeviceProfileSelector (50)
[2017.09.20-05.24.01:759][500]LogModuleManager: Shutting down and abandoning module OnlineBlueprintSupport (48)
[2017.09.20-05.24.01:759][500]LogModuleManager: Shutting down and abandoning module OnlineSubsystem (44)
[2017.09.20-05.24.01:759][500]LogOnline: Display: Unloading online subsystem: NULL
[2017.09.20-05.24.01:759][500]LogModuleManager: Shutting down and abandoning module XMPP (43)
[2017.09.20-05.24.01:759][500]LogModuleManager: Shutting down and abandoning module HTTP (41)
[2017.09.20-05.24.01:759][500]LogHttp: Display: Http module shutting down, but needs to wait on 1 outstanding Http requests:
[2017.09.20-05.24.01:759][500]LogHttp: Display: 	verb=[POST] url=[https://datarouter.ol.epicgames.com/datarouter/api/v1/public/data?SessionID=%7BA9C8596C-4592-8785-F0E4-11843E7ECF2F%7D&AppID=UEEditor.Rocket.Release&AppVersion=4.17.1-3586342%2B%2B%2BUE4%2BRelease-4.17&UserID=d195f449449d6ca1a7d6e997d7b4619b%7C38799267579e43f199dcadb14603b7d0%7Cc4c036e9-0de7-44e5-8786-b569ea8dee15&AppEnvironment=datacollector-binary&UploadType=eteventstream] status=Processing
[2017.09.20-05.24.01:771][500]LogModuleManager: Shutting down and abandoning module SSL (40)
[2017.09.20-05.24.01:772][500]LogModuleManager: Shutting down and abandoning module AnimationModifiers (36)
[2017.09.20-05.24.01:772][500]LogModuleManager: Shutting down and abandoning module PropertyEditor (35)
[2017.09.20-05.24.01:773][500]LogModuleManager: Shutting down and abandoning module AudioEditor (32)
[2017.09.20-05.24.01:773][500]LogModuleManager: Shutting down and abandoning module TextureCompressor (30)
[2017.09.20-05.24.01:773][500]LogModuleManager: Shutting down and abandoning module ShaderCore (28)
[2017.09.20-05.24.01:773][500]LogModuleManager: Shutting down and abandoning module Landscape (26)
[2017.09.20-05.24.01:773][500]LogModuleManager: Shutting down and abandoning module SlateRHIRenderer (24)
[2017.09.20-05.24.01:778][500]LogModuleManager: Shutting down and abandoning module OpenGLDrv (22)
[2017.09.20-05.24.01:778][500]LogModuleManager: Shutting down and abandoning module D3D11RHI (20)
[2017.09.20-05.24.01:778][500]LogModuleManager: Shutting down and abandoning module AnimGraphRuntime (18)
[2017.09.20-05.24.01:778][500]LogModuleManager: Shutting down and abandoning module Renderer (16)
[2017.09.20-05.24.01:778][500]LogModuleManager: Shutting down and abandoning module Engine (14)
[2017.09.20-05.24.01:778][500]LogModuleManager: Shutting down and abandoning module CoreUObject (12)
[2017.09.20-05.24.01:778][500]LogModuleManager: Shutting down and abandoning module NetworkFile (10)
[2017.09.20-05.24.01:778][500]LogModuleManager: Shutting down and abandoning module CookedIterativeFile (8)
[2017.09.20-05.24.01:778][500]LogModuleManager: Shutting down and abandoning module StreamingFile (6)
[2017.09.20-05.24.01:778][500]LogModuleManager: Shutting down and abandoning module SandboxFile (4)
[2017.09.20-05.24.01:778][500]LogModuleManager: Shutting down and abandoning module PakFile (2)
[2017.09.20-05.24.01:781][500]LogExit: Exiting.
[2017.09.20-05.24.01:805][500]Log file closed, 09/20/17 01:24:01
