Log file open, 09/13/17 15:33:40
LogWindows: LoadLibraryWithSearchPaths failed for file aqProf.dll. GetLastError=0
LogWindows: LoadLibraryWithSearchPaths failed for file VtuneApi.dll. GetLastError=0
LogWindows: LoadLibraryWithSearchPaths failed for file VtuneApi32e.dll. GetLastError=0
LogInit: Display: Running engine for game: PlanX
LogPlatformFile: Not using cached read wrapper
LogInit: Display: RandInit(-604515340) SRandInit(-604515340).
LogTaskGraph: Started task graph with 5 named threads and 14 total threads with 3 sets of task threads.
LogStats: Stats thread started at 0.167761
LogD3D11RHI: Aftermath initialized
LogPluginManager: Mounting plugin LightPropagationVolume
LogPluginManager: Mounting plugin CodeLiteSourceCodeAccess
LogPluginManager: Mounting plugin GitSourceControl
LogPluginManager: Mounting plugin KDevelopSourceCodeAccess
LogPluginManager: Mounting plugin NullSourceCodeAccess
LogPluginManager: Mounting plugin PerforceSourceControl
LogPluginManager: Mounting plugin SubversionSourceControl
LogPluginManager: Mounting plugin UObjectPlugin
LogPluginManager: Mounting plugin VisualStudioSourceCodeAccess
LogPluginManager: Mounting plugin XCodeSourceCodeAccess
LogPluginManager: Mounting plugin AssetManagerEditor
LogPluginManager: Mounting plugin AudioCapture
LogPluginManager: Mounting plugin FacialAnimation
LogPluginManager: Mounting plugin GameplayTagsEditor
LogPluginManager: Mounting plugin MobileLauncherProfileWizard
LogPluginManager: Mounting plugin PluginBrowser
LogPluginManager: Mounting plugin SpeedTreeImporter
LogPluginManager: Mounting plugin AlembicImporter
LogPluginManager: Mounting plugin CharacterAI
LogPluginManager: Mounting plugin HTML5Networking
LogPluginManager: Mounting plugin AndroidMedia
LogPluginManager: Mounting plugin AvfMedia
LogPluginManager: Mounting plugin MediaPlayerEditor
LogPluginManager: Mounting plugin WmfMedia
LogPluginManager: Mounting plugin TcpMessaging
LogPluginManager: Mounting plugin UdpMessaging
LogPluginManager: Mounting plugin LevelSequenceEditor
LogPluginManager: Mounting plugin MatineeToLevelSequence
LogPluginManager: Mounting plugin OnlineSubsystemGooglePlay
LogPluginManager: Mounting plugin OnlineSubsystemIOS
LogPluginManager: Mounting plugin OnlineSubsystem
LogPluginManager: Mounting plugin OnlineSubsystemNull
LogPluginManager: Mounting plugin OnlineSubsystemUtils
LogPluginManager: Mounting plugin AndroidDeviceProfileSelector
LogPluginManager: Mounting plugin AndroidMoviePlayer
LogPluginManager: Mounting plugin AndroidPermission
LogPluginManager: Mounting plugin AppleMoviePlayer
LogPluginManager: Mounting plugin ArchVisCharacter
LogPluginManager: Mounting plugin CableComponent
LogPluginManager: Mounting plugin CustomMeshComponent
LogPluginManager: Mounting plugin ExampleDeviceProfileSelector
LogPluginManager: Mounting plugin GoogleCloudMessaging
LogPluginManager: Mounting plugin ImmediatePhysics
LogPluginManager: Mounting plugin IOSDeviceProfileSelector
LogPluginManager: Mounting plugin LinuxDeviceProfileSelector
LogPluginManager: Mounting plugin LocationServicesBPLibrary
LogPluginManager: Mounting plugin MobilePatchingUtils
LogPluginManager: Mounting plugin Ansel
LogPluginManager: Mounting plugin OculusVR
LogPluginManager: Mounting plugin PhysXVehicles
LogPluginManager: Mounting plugin ProceduralMeshComponent
LogPluginManager: Mounting plugin RuntimePhysXCooking
LogPluginManager: Mounting plugin SteamVR
LogPluginManager: Mounting plugin WindowsMoviePlayer
LogInit: Using libcurl 7.47.1
LogInit:  - built for x86_64-pc-win32
LogInit:  - supports SSL with OpenSSL/1.0.2g
LogInit:  - supports HTTP deflate (compression) using libz 1.2.8
LogInit:  - other features:
LogInit:      CURL_VERSION_SSL
LogInit:      CURL_VERSION_LIBZ
LogInit:      CURL_VERSION_IPV6
LogInit:      CURL_VERSION_ASYNCHDNS
LogInit:      CURL_VERSION_LARGEFILE
LogInit:      CURL_VERSION_IDN
LogInit:  CurlRequestOptions (configurable via config and command line):
LogInit:  - bVerifyPeer = false  - Libcurl will NOT verify peer certificate
LogInit:  - bUseHttpProxy = false  - Libcurl will NOT use HTTP proxy
LogInit:  - bDontReuseConnections = false  - Libcurl will reuse connections
LogInit:  - CertBundlePath = nullptr  - Libcurl will use whatever was configured at build time.
LogInit: Build: ++UE4+Release-4.17-CL-3586342
LogInit: Engine Version: 4.17.1-3586342+++UE4+Release-4.17
LogInit: Compatible Engine Version: 4.17.0-3573198+++UE4+Release-4.17
LogInit: Net CL: 3573198
LogDevObjectVersion: Number of dev versions registered: 16
LogDevObjectVersion:   Dev-Blueprints (B0D832E4-1F89-4F0D-ACCF-7EB736FD4AA2): 10
LogDevObjectVersion:   Dev-Build (E1C64328-A22C-4D53-A36C-8E866417BD8C): 0
LogDevObjectVersion:   Dev-Core (375EC13C-06E4-48FB-B500-84F0262A717E): 2
LogDevObjectVersion:   Dev-Editor (E4B068ED-F494-42E9-A231-DA0B2E46BB41): 20
LogDevObjectVersion:   Dev-Framework (CFFC743F-43B0-4480-9391-14DF171D2073): 28
LogDevObjectVersion:   Dev-Mobile (B02B49B5-BB20-44E9-A304-32B752E40360): 0
LogDevObjectVersion:   Dev-Networking (A4E4105C-59A1-49B5-A7C5-40C4547EDFEE): 0
LogDevObjectVersion:   Dev-Online (39C831C9-5AE6-47DC-9A44-9C173E1C8E7C): 0
LogDevObjectVersion:   Dev-Physics (78F01B33-EBEA-4F98-B9B4-84EACCB95AA2): 0
LogDevObjectVersion:   Dev-Platform (6631380F-2D4D-43E0-8009-CF276956A95A): 0
LogDevObjectVersion:   Dev-Rendering (12F88B9F-8875-4AFC-A67C-D90C383ABD29): 19
LogDevObjectVersion:   Dev-Sequencer (7B5AE74C-D270-4C10-A958-57980B212A5A): 4
LogDevObjectVersion:   Dev-VR (D7296918-1DD6-4BDD-9DE2-64A83CC13884): 0
LogDevObjectVersion:   Dev-LoadTimes (C2A15278-BFE7-4AFE-6C17-90FF531DF755): 1
LogDevObjectVersion:   Private-Geometry (6EACA3D4-40EC-4CC1-B786-8BED09428FC5): 1
LogDevObjectVersion:   Dev-AnimPhys (29E575DD-E0A3-4627-9D10-D276232CDCEA): 7
LogInit: Compiled (64-bit): Aug 15 2017 02:05:26
LogInit: Compiled with Visual C++: 19.00.24215.01
LogInit: Build Configuration: Development
LogInit: Branch Name: ++UE4+Release-4.17
LogInit: Command line: -EpicPortal 
LogInit: Base directory: Q:/Unreal Engine/UE_4.17/Engine/Binaries/Win64/
LogInit: Installed Engine Build: 1
LogInit: Presizing for max 8388607 objects, including 0 objects not considered by GC, pre-allocating 0 bytes for permanent pool.
LogInit: Object subsystem initialized
[2017.09.13-19.33.41:507][  0]LogInit: Selected Device Profile: [Windows]
[2017.09.13-19.33.41:507][  0]LogInit: Applying CVar settings loaded from the selected device profile: [Windows]
[2017.09.13-19.33.41:520][  0]LogInit: Computer: DAWN
[2017.09.13-19.33.41:520][  0]LogInit: User: RobertForbes
[2017.09.13-19.33.41:520][  0]LogInit: CPU Page size=4096, Cores=4
[2017.09.13-19.33.41:520][  0]LogInit: High frequency timer resolution =3.417985 MHz
[2017.09.13-19.33.41:520][  0]LogMemory: Memory total: Physical=8.0GB (8GB approx)
[2017.09.13-19.33.41:520][  0]LogMemory: Platform Memory Stats for Windows
[2017.09.13-19.33.41:520][  0]LogMemory: Process Physical Memory: 279.41 MB used, 279.41 MB peak
[2017.09.13-19.33.41:520][  0]LogMemory: Process Virtual Memory: 286.31 MB used, 286.31 MB peak
[2017.09.13-19.33.41:520][  0]LogMemory: Physical Memory: 5050.14 MB used,  3093.71 MB free, 8143.85 MB total
[2017.09.13-19.33.41:520][  0]LogMemory: Virtual Memory: 680.32 MB used,  3093.71 MB free, 134217728.00 MB total
[2017.09.13-19.33.41:654][  0]LogInit: Using OS detected language (en-US).
[2017.09.13-19.33.41:655][  0]LogInit: Using OS detected locale (en-US).
[2017.09.13-19.33.41:659][  0]LogTextLocalizationManager: No specific localization for 'en-US' exists, so the 'en' localization will be used.
[2017.09.13-19.33.42:419][  0]LogD3D11RHI: D3D11 adapters:
[2017.09.13-19.33.43:089][  0]LogD3D11RHI:    0. 'NVIDIA GeForce GTX 970' (Feature Level 11_0)
[2017.09.13-19.33.43:089][  0]LogD3D11RHI:       4058/0/4071 MB DedicatedVideo/DedicatedSystem/SharedSystem, Outputs:2, VendorId:0x10de
[2017.09.13-19.33.43:090][  0]LogD3D11RHI:    1. 'Microsoft Basic Render Driver' (Feature Level 11_0)
[2017.09.13-19.33.43:090][  0]LogD3D11RHI:       0/0/4071 MB DedicatedVideo/DedicatedSystem/SharedSystem, Outputs:0, VendorId:0x1414
[2017.09.13-19.33.43:090][  0]LogD3D11RHI: Chosen D3D11 Adapter: 0
[2017.09.13-19.33.43:094][  0]LogD3D11RHI: Creating new Direct3DDevice
[2017.09.13-19.33.43:094][  0]LogD3D11RHI:     GPU DeviceId: 0x13c2 (for the marketing name, search the web for "GPU Device Id")
[2017.09.13-19.33.43:094][  0]LogWindows: EnumDisplayDevices:
[2017.09.13-19.33.43:095][  0]LogWindows:    0. 'NVIDIA GeForce GTX 970' (P:0 D:1)
[2017.09.13-19.33.43:095][  0]LogWindows:    1. 'NVIDIA GeForce GTX 970' (P:1 D:1)
[2017.09.13-19.33.43:095][  0]LogWindows:    2. 'NVIDIA GeForce GTX 970' (P:0 D:0)
[2017.09.13-19.33.43:095][  0]LogWindows:    3. 'NVIDIA GeForce GTX 970' (P:0 D:0)
[2017.09.13-19.33.43:095][  0]LogWindows: DebugString: FoundDriverCount:4 
[2017.09.13-19.33.43:095][  0]LogD3D11RHI:     Adapter Name: NVIDIA GeForce GTX 970
[2017.09.13-19.33.43:095][  0]LogD3D11RHI:   Driver Version: 385.41 (internal:22.21.13.8541, unified:385.41)
[2017.09.13-19.33.43:095][  0]LogD3D11RHI:      Driver Date: 8-21-2017
[2017.09.13-19.33.43:095][  0]LogRHI: Texture pool is 1361 MB (70% of 1945 MB)
[2017.09.13-19.33.43:701][  0]LogD3D11RHI: Async texture creation enabled
[2017.09.13-19.33.43:734][  0]LogD3D11RHI: GPU Timing Frequency: 1000.000000 (Debug: 2 1)
[2017.09.13-19.33.43:737][  0]LogShaderCompilers: Guid format shader working directory is 11 characters bigger than the processId version (../../../../../Unreal Projects/Plan-X/PlanX/Intermediate/Shaders/WorkingDirectory/3908/).
[2017.09.13-19.33.43:737][  0]LogShaderCompilers: Cleaned the shader compiler working directory 'C:/Users/Robert Forbes/AppData/Local/Temp/UnrealShaderWorkingDir/895E309D41A3DE8816AF5B8F9A214273/'.
[2017.09.13-19.33.43:737][  0]LogShaderCompilers: Display: Using Local Shader Compiler.
[2017.09.13-19.33.44:686][  0]LogTemp: Display: Loaded TP AllDesktopTargetPlatform
[2017.09.13-19.33.44:734][  0]LogTemp: Display: Loaded TP MacClientTargetPlatform
[2017.09.13-19.33.44:779][  0]LogTemp: Display: Loaded TP MacNoEditorTargetPlatform
[2017.09.13-19.33.44:824][  0]LogTemp: Display: Loaded TP MacServerTargetPlatform
[2017.09.13-19.33.44:870][  0]LogTemp: Display: Loaded TP MacTargetPlatform
[2017.09.13-19.33.44:914][  0]LogTemp: Display: Loaded TP WindowsClientTargetPlatform
[2017.09.13-19.33.44:959][  0]LogTemp: Display: Loaded TP WindowsNoEditorTargetPlatform
[2017.09.13-19.33.45:003][  0]LogTemp: Display: Loaded TP WindowsServerTargetPlatform
[2017.09.13-19.33.45:044][  0]LogTemp: Display: Loaded TP WindowsTargetPlatform
[2017.09.13-19.33.45:090][  0]LogTemp: Display: Loaded TP AndroidTargetPlatform
[2017.09.13-19.33.45:138][  0]LogTemp: Display: Loaded TP Android_ASTCTargetPlatform
[2017.09.13-19.33.45:214][  0]LogTemp: Display: Loaded TP Android_ATCTargetPlatform
[2017.09.13-19.33.45:284][  0]LogTemp: Display: Loaded TP Android_DXTTargetPlatform
[2017.09.13-19.33.45:329][  0]LogTemp: Display: Loaded TP Android_ETC1TargetPlatform
[2017.09.13-19.33.45:371][  0]LogTemp: Display: Loaded TP Android_ETC2TargetPlatform
[2017.09.13-19.33.45:450][  0]LogTemp: Display: Loaded TP Android_MultiTargetPlatform
[2017.09.13-19.33.45:450][  0]LogTemp: Display: Loaded TP Android_PVRTCTargetPlatform
[2017.09.13-19.33.45:480][  0]LogTemp: Display: Loaded TP HTML5TargetPlatform
[2017.09.13-19.33.45:556][  0]LogTemp: Display: Loaded TP IOSTargetPlatform
[2017.09.13-19.33.45:579][  0]LogTemp: Display: Loaded TP TVOSTargetPlatform
[2017.09.13-19.33.45:619][  0]LogTemp: Display: Loaded TP LinuxClientTargetPlatform
[2017.09.13-19.33.45:660][  0]LogTemp: Display: Loaded TP LinuxNoEditorTargetPlatform
[2017.09.13-19.33.45:701][  0]LogTemp: Display: Loaded TP LinuxServerTargetPlatform
[2017.09.13-19.33.45:743][  0]LogTemp: Display: Loaded TP LinuxTargetPlatform
[2017.09.13-19.33.45:743][  0]LogTargetPlatformManager: Display: Building Assets For Windows
[2017.09.13-19.33.46:115][  0]LogDerivedDataCache: Display: Max Cache Size: 512 MB
[2017.09.13-19.33.46:200][  0]LogDerivedDataCache: Loaded boot cache 0.09s 106MB C:/Users/Robert Forbes/AppData/Local/UnrealEngine/4.17/DerivedDataCache/Boot.ddc.
[2017.09.13-19.33.46:200][  0]LogDerivedDataCache: Display: Loaded Boot cache: C:/Users/Robert Forbes/AppData/Local/UnrealEngine/4.17/DerivedDataCache/Boot.ddc
[2017.09.13-19.33.46:200][  0]LogDerivedDataCache: FDerivedDataBackendGraph:  Pak pak cache file ../../../../../Unreal Projects/Plan-X/PlanX/DerivedDataCache/DDC.ddp not found, will not use a pak cache.
[2017.09.13-19.33.46:200][  0]LogDerivedDataCache: Unable to find inner node Pak for hierarchical cache Hierarchy.
[2017.09.13-19.33.46:200][  0]LogDerivedDataCache: FDerivedDataBackendGraph:  CompressedPak pak cache file ../../../../../Unreal Projects/Plan-X/PlanX/DerivedDataCache/Compressed.ddp not found, will not use a pak cache.
[2017.09.13-19.33.46:200][  0]LogDerivedDataCache: Unable to find inner node CompressedPak for hierarchical cache Hierarchy.
[2017.09.13-19.33.46:218][  0]LogDerivedDataCache: Display: Pak cache opened for reading ../../../Engine/DerivedDataCache/Compressed.ddp.
[2017.09.13-19.33.46:229][  0]LogDerivedDataCache: Using Local data cache path C:/Users/Robert Forbes/AppData/Local/UnrealEngine/Common/DerivedDataCache: Writable
[2017.09.13-19.33.46:240][  0]LogMaterial: Verifying Global Shaders for PCD3D_SM5
[2017.09.13-19.33.46:241][  0]LogSlate: Using Freetype 2.6.0
[2017.09.13-19.33.46:242][  0]LogSlate: SlateFontCache - WITH_FREETYPE: 1, WITH_HARFBUZZ: 1
[2017.09.13-19.33.46:242][  0]LogSlate: SlateFontCache - WITH_FREETYPE: 1, WITH_HARFBUZZ: 1
[2017.09.13-19.33.46:524][  0]LogAssetRegistry: FAssetRegistry took 0.0256 seconds to start up
[2017.09.13-19.33.46:631][  0]LogInit: Selected Device Profile: [Windows]
[2017.09.13-19.33.46:788][  0]LogContentStreaming: Texture pool size is 0.00 MB
[2017.09.13-19.33.47:053][  0]LogSimplygon: Simplygon DLL not present - disabling.
[2017.09.13-19.33.47:086][  0]LogMeshReduction: Using SimplygonSwarm for distributed automatic mesh merging
[2017.09.13-19.33.47:086][  0]LogMeshReduction: Using QuadricMeshReduction for automatic static mesh reduction
[2017.09.13-19.33.47:086][  0]LogMeshReduction: No automatic skeletal mesh reduction module available
[2017.09.13-19.33.47:086][  0]LogMeshReduction: No automatic mesh merging module available
[2017.09.13-19.33.47:086][  0]LogMeshMerging: No automatic mesh merging module available
[2017.09.13-19.33.47:426][  0]LogNetVersion: PlanX , NetCL: 3573198, EngineNetVer: 2, GameNetVer: 0 (Checksum: 4232075429)
[2017.09.13-19.33.47:637][  0]LogPackageLocalizationCache: Processed 4 localized package path(s) for 2 prioritized culture(s) in 0.044850 seconds
[2017.09.13-19.33.47:646][  0]LogUObjectArray: 35825 objects as part of root set at end of initial load.
[2017.09.13-19.33.47:646][  0]LogUObjectAllocator: 7529104 out of 0 bytes used by permanent object pool.
[2017.09.13-19.33.47:646][  0]LogUObjectArray: CloseDisregardForGC: 0/0 objects in disregard for GC pool
[2017.09.13-19.33.47:701][  0]LogInit: WinSock: version 1.1 (2.2), MaxSocks=32767, MaxUdp=65467
[2017.09.13-19.33.50:579][  0]LogTcpMessaging: Initializing TcpMessaging bridge
[2017.09.13-19.33.50:626][  0]LogUdpMessaging: Initializing bridge on interface 0.0.0.0:0 to multicast group 230.0.0.1:6666.
[2017.09.13-19.33.51:423][  0]SourceControl: Source control is disabled
[2017.09.13-19.33.51:423][  0]SourceControl: Source control is disabled
[2017.09.13-19.33.51:488][  0]SourceControl: Source control is disabled
[2017.09.13-19.33.51:545][  0]SourceControl: Source control is disabled
[2017.09.13-19.33.52:258][  0]LogAndroidPermission: UAndroidPermissionCallbackProxy::GetInstance
[2017.09.13-19.33.52:493][  0]LogAnsel: Tried to load ../../../Engine/Plugins/Runtime/Nvidia/Ansel/Binaries/ThirdParty/AnselSDK64.dll : success=1
[2017.09.13-19.33.52:541][  0]LogOcInput: OculusInput pre-init called
[2017.09.13-19.33.52:764][  0]LogEngine: Initializing Engine...
[2017.09.13-19.33.59:136][  0]LogHMD: SteamVR initialized.  Driver: lighthouse  Display: LHR-21CE5F1D
[2017.09.13-19.33.59:354][  0]LogStats: UGameplayTagsManager::ConstructGameplayTagTree: Construct from data asset -  0.000 s
[2017.09.13-19.33.59:354][  0]LogStats: UGameplayTagsManager::ConstructGameplayTagTree: GameplayTagTreeChangedEvent.Broadcast -  0.000 s
[2017.09.13-19.33.59:462][  0]LogAIModule: Creating AISystem for world Untitled
[2017.09.13-19.33.59:481][  0]LogInit: XAudio2 using 'REAL SPEAKERS!!!!!!!!!! (Realtek High Definition Audio)' : 2 channels at 48 kHz using 32 bits per sample (channel mask 0x3)
[2017.09.13-19.33.59:492][  0]LogInit: FAudioDevice initialized.
[2017.09.13-19.34.08:716][  0]LogDerivedDataCache: Saved boot cache 9.22s 106MB C:/Users/Robert Forbes/AppData/Local/UnrealEngine/4.17/DerivedDataCache/Boot.ddc.
[2017.09.13-19.34.08:733][  0]LogInit: Texture streaming: Enabled
[2017.09.13-19.34.08:761][  0]LogMaterial: Uniform references updated for custom material expression Custom.
[2017.09.13-19.34.08:937][  0]LogEngineSessionManager: EngineSessionManager initialized
[2017.09.13-19.34.09:134][  0]LogInit: Transaction tracking system initialized
[2017.09.13-19.34.09:480][  0]BlueprintLog: New page: Editor Load
[2017.09.13-19.34.10:207][  0]LocalizationService: Localization service is disabled
[2017.09.13-19.34.10:767][  0]LogConsoleResponse: Display: 
[2017.09.13-19.34.10:937][  0]LogCook: Display: Max memory allowance for cook 16384mb min free memory 0mb
[2017.09.13-19.34.10:937][  0]LogCook: Display: Mobile HDR setting 1
[2017.09.13-19.34.10:937][  0]LogGameplayTags: Display: UGameplayTagsManager::DoneAddingNativeTags. DelegateIsBound: 0
[2017.09.13-19.34.11:824][  0]LogFileCache: Scanning file cache for directory 'Q:/Unreal Projects/Plan-X/PlanX/Content/' took 0.02s
[2017.09.13-19.34.11:824][  0]SourceControl: Source control is disabled
[2017.09.13-19.34.11:824][  0]Cmd: MAP LOAD FILE="../../../../../Unreal Projects/Plan-X/PlanX/Content/Assets/Mapt_data/Challenge_Levels/Challange_L_1_0.umap" TEMPLATE=0 SHOWPROGRESS=1 FEATURELEVEL=3
[2017.09.13-19.34.11:824][  0]LightingResults: New page: Lighting Build
[2017.09.13-19.34.11:857][  0]MapCheck: New page: Map Check
[2017.09.13-19.34.11:857][  0]LightingResults: New page: Lighting Build
[2017.09.13-19.34.12:426][  0]LogAIModule: Creating AISystem for world Challange_L_1_0
[2017.09.13-19.34.12:434][  0]LogEditorServer: Finished looking for orphan Actors (0.000 secs)
[2017.09.13-19.34.12:449][  0]Cmd: MAP CHECKDEP NOCLEARLOG
[2017.09.13-19.34.12:511][  0]MapCheck: Map check complete: 0 Error(s), 0 Warning(s), took 61.678ms to complete.
[2017.09.13-19.34.12:511][  0]LogFileHelpers: Loading map 'Challange_L_1_0' took 0.687
[2017.09.13-19.34.12:667][  0]LogCollectionManager: Loaded 0 collections in 0.001584 seconds
[2017.09.13-19.34.12:742][  0]LogFileCache: Scanning file cache for directory 'Q:/Unreal Projects/Plan-X/PlanX/Saved/Collections/' took 0.01s
[2017.09.13-19.34.12:742][  0]LogFileCache: Scanning file cache for directory 'Q:/Unreal Projects/Plan-X/PlanX/Content/Developers/RobertForbes/Collections/' took 0.01s
[2017.09.13-19.34.12:742][  0]LogFileCache: Scanning file cache for directory 'Q:/Unreal Projects/Plan-X/PlanX/Content/Collections/' took 0.01s
[2017.09.13-19.34.12:742][  0]LogCollectionManager: Rebuilt the GUID cache for 0 collections in 0.000000 seconds
[2017.09.13-19.34.12:751][  0]LogContentBrowser: Native class hierarchy populated in 0.0087 seconds. Added 2337 classes and 483 folders.
[2017.09.13-19.34.12:802][  0]LogContentBrowser: Native class hierarchy updated for 'WidgetCarousel' in 0.0007 seconds. Added 0 classes and 0 folders.
[2017.09.13-19.34.12:858][  0]LogContentBrowser: Native class hierarchy updated for 'AddContentDialog' in 0.0010 seconds. Added 0 classes and 0 folders.
[2017.09.13-19.34.12:901][  0]LogContentBrowser: Native class hierarchy updated for 'SceneOutliner' in 0.0009 seconds. Added 1 classes and 2 folders.
[2017.09.13-19.34.12:928][  0]LogSlate: Took 0.000376 seconds to synchronously load lazily loaded font '../../../Engine/Content/Slate/Fonts/Roboto-Regular.ttf' (155K)
[2017.09.13-19.34.12:931][  0]LogSlate: Took 0.000347 seconds to synchronously load lazily loaded font '../../../Engine/Content/Slate/Fonts/Roboto-Bold.ttf' (160K)
[2017.09.13-19.34.12:938][  0]LogSlate: Took 0.000325 seconds to synchronously load lazily loaded font '../../../Engine/Content/Editor/Slate/Fonts/FontAwesome.ttf' (139K)
[2017.09.13-19.34.13:035][  0]LogRenderer: Reallocating scene render targets to support 1208x576 Format 26 NumSamples 1 (Frame:1).
[2017.09.13-19.34.13:191][  0]LogContentBrowser: Native class hierarchy updated for 'HierarchicalLODOutliner' in 0.0008 seconds. Added 1 classes and 2 folders.
[2017.09.13-19.34.13:192][  0]LogLoad: (Engine Initialization) Total time: 33.77 seconds
[2017.09.13-19.34.13:192][  0]LogLoad: (Engine Initialization) Total Blueprint compile time: 0.00 seconds
[2017.09.13-19.34.13:192][  0]LogExternalProfiler: Found external profiler: VSPerf
[2017.09.13-19.34.13:192][  0]LogExternalProfiler: Using external profiler: VSPerf
[2017.09.13-19.34.13:564][  0]LogContentStreaming: Texture pool size now 600 MB
[2017.09.13-19.34.13:598][  0]LogSlate: Took 0.000197 seconds to synchronously load lazily loaded font '../../../Engine/Content/Slate/Fonts/Roboto-Light.ttf' (159K)
[2017.09.13-19.34.13:865][  1]LogFileCache: Retrieving MD5 hashes for directory 'Q:/Unreal Projects/Plan-X/PlanX/Content/' took 0.32s
[2017.09.13-19.34.13:877][  1]LogAssetRegistry: Asset discovery search completed in 27.3745 seconds
[2017.09.13-19.34.13:879][  1]LogCollectionManager: Rebuilt the object cache for 0 collections in 0.000001 seconds (found 0 objects)
[2017.09.13-19.34.13:880][  1]LogCollectionManager: Fixed up redirectors for 0 collections in 0.000115 seconds (updated 0 objects)
[2017.09.13-19.34.47:298][752]LogPlayLevel: PlayLevel: No blueprints needed recompiling
[2017.09.13-19.34.47:299][752]PIE: New page: PIE session: Challange_L_1_0 (Sep 13, 2017, 11:34:47 AM)
[2017.09.13-19.34.47:299][752]LogPlayLevel: Creating play world package: /Game/Assets/Mapt_data/Challenge_Levels/UEDPIE_0_Challange_L_1_0
[2017.09.13-19.34.47:303][752]LogPlayLevel: PIE: StaticDuplicateObject took: (0.003986s)
[2017.09.13-19.34.47:304][752]LogAIModule: Creating AISystem for world Challange_L_1_0
[2017.09.13-19.34.47:304][752]LogPlayLevel: PIE: World Init took: (0.001023s)
[2017.09.13-19.34.47:304][752]LogPlayLevel: PIE: Created PIE world by copying editor world from /Game/Assets/Mapt_data/Challenge_Levels/Challange_L_1_0.Challange_L_1_0 to /Game/Assets/Mapt_data/Challenge_Levels/UEDPIE_0_Challange_L_1_0.Challange_L_1_0 (0.005326s)
[2017.09.13-19.34.47:325][752]LogInit: XAudio2 using 'REAL SPEAKERS!!!!!!!!!! (Realtek High Definition Audio)' : 2 channels at 48 kHz using 32 bits per sample (channel mask 0x3)
[2017.09.13-19.34.47:335][752]LogInit: FAudioDevice initialized.
[2017.09.13-19.34.47:436][752]LogLoad: Game class is 'GameMode'
[2017.09.13-19.34.47:439][752]LogWorld: Bringing World /Game/Assets/Mapt_data/Challenge_Levels/UEDPIE_0_Challange_L_1_0.Challange_L_1_0 up for play (max tick rate 0) at 2017.09.13-15.34.47
[2017.09.13-19.34.47:440][752]LogWorld: Bringing up level for play took: 0.002473
[2017.09.13-19.34.47:476][752]LogContentBrowser: Native class hierarchy updated for 'MovieSceneCapture' in 0.0009 seconds. Added 11 classes and 0 folders.
[2017.09.13-19.34.47:476][752]LogGameMode: Display: Match State Changed from EnteringMap to WaitingToStart
[2017.09.13-19.34.47:476][752]LogGameState: Match State Changed from EnteringMap to WaitingToStart
[2017.09.13-19.34.47:476][752]LogGameMode: Display: Match State Changed from WaitingToStart to InProgress
[2017.09.13-19.34.47:478][752]LogUnrealMath: Error: FMatrix::InverseFast(), trying to invert a NIL matrix, this results in NaNs! Use Inverse() instead.
[2017.09.13-19.34.47:478][752]LogOutputDevice: Warning: 

Script Stack:
BP_MotionController_C.SetupRoomScaleOutline
BP_MotionController_C.ExecuteUbergraph_BP_MotionController
BP_MotionController_C.ReceiveBeginPlay
MotionControllerPawn_C.ExecuteUbergraph_MotionControllerPawn
MotionControllerPawn_C.ReceiveBeginPlay

[2017.09.13-19.34.47:725][752]LogStats: FPlatformStackWalk::StackWalkAndDump -  0.247 s
[2017.09.13-19.34.47:725][752]LogOutputDevice: Error: === Handled ensure: ===
[2017.09.13-19.34.47:725][752]LogOutputDevice: Error: 
[2017.09.13-19.34.47:725][752]LogOutputDevice: Error: Ensure condition failed: false [File:D:\Build\++UE4+Release-4.17+Compile\Sync\Engine\Source\Runtime\Core\Private\Math\Matrix.cpp] [Line: 8]
[2017.09.13-19.34.47:725][752]LogOutputDevice: Error: FMatrix::InverseFast(), trying to invert a NIL matrix, this results in NaNs! Use Inverse() instead.
[2017.09.13-19.34.47:725][752]LogOutputDevice: Error: Stack: 
[2017.09.13-19.34.47:725][752]LogOutputDevice: Error: UE4Editor-Core.dll!0x0000000020513606
[2017.09.13-19.34.47:725][752]LogOutputDevice: Error: UE4Editor-Core.dll!0x000000002029C2D2
[2017.09.13-19.34.47:725][752]LogOutputDevice: Error: UE4Editor-Core.dll!0x00000000202B4746
[2017.09.13-19.34.47:725][752]LogOutputDevice: Error: UE4Editor-Core.dll!0x000000002023E1A1
[2017.09.13-19.34.47:725][752]LogOutputDevice: Error: UE4Editor-Engine.dll!0x000000001CC074CB
[2017.09.13-19.34.47:725][752]LogOutputDevice: Error: UE4Editor-Engine.dll!0x000000001D56AE63
[2017.09.13-19.34.47:725][752]LogOutputDevice: Error: UE4Editor-Engine.dll!0x000000001D5A1A74
[2017.09.13-19.34.47:725][752]LogOutputDevice: Error: UE4Editor-CoreUObject.dll!0x000000002313EF44
[2017.09.13-19.34.47:725][752]LogOutputDevice: Error: UE4Editor-CoreUObject.dll!0x00000000232FDF94
[2017.09.13-19.34.47:725][752]LogOutputDevice: Error: UE4Editor-CoreUObject.dll!0x00000000233132F1
[2017.09.13-19.34.47:725][752]LogOutputDevice: Error: UE4Editor-CoreUObject.dll!0x00000000233154D2
[2017.09.13-19.34.47:725][752]LogOutputDevice: Error: UE4Editor-CoreUObject.dll!0x00000000232FE99E
[2017.09.13-19.34.47:725][752]LogOutputDevice: Error: UE4Editor-CoreUObject.dll!0x00000000233154D2
[2017.09.13-19.34.47:725][752]LogOutputDevice: Error: UE4Editor-CoreUObject.dll!0x00000000232FE99E
[2017.09.13-19.34.47:725][752]LogOutputDevice: Error: UE4Editor-CoreUObject.dll!0x00000000233154D2
[2017.09.13-19.34.47:725][752]LogOutputDevice: Error: UE4Editor-CoreUObject.dll!0x000000002313EF44
[2017.09.13-19.34.47:725][752]LogOutputDevice: Error: UE4Editor-CoreUObject.dll!0x0000000023314865
[2017.09.13-19.34.47:725][752]LogOutputDevice: Error: UE4Editor-Engine.dll!0x000000001CCEB217
[2017.09.13-19.34.47:725][752]LogOutputDevice: Error: UE4Editor-Engine.dll!0x000000001DE957A7
[2017.09.13-19.34.47:725][752]LogOutputDevice: Error: UE4Editor-Engine.dll!0x000000001CCADC0F
[2017.09.13-19.34.47:725][752]LogOutputDevice: Error: UE4Editor-Engine.dll!0x000000001CCBABAB
[2017.09.13-19.34.47:725][752]LogOutputDevice: Error: UE4Editor-Engine.dll!0x000000001CCE6939
[2017.09.13-19.34.47:725][752]LogOutputDevice: Error: UE4Editor-Engine.dll!0x000000001CCC7DE3
[2017.09.13-19.34.47:725][752]LogOutputDevice: Error: UE4Editor-Engine.dll!0x000000001D3EBCB9
[2017.09.13-19.34.47:725][752]LogOutputDevice: Error: UE4Editor-Engine.dll!0x000000001CD20576
[2017.09.13-19.34.47:725][752]LogOutputDevice: Error: UE4Editor-CoreUObject.dll!0x000000002313EF44
[2017.09.13-19.34.47:725][752]LogOutputDevice: Error: UE4Editor-CoreUObject.dll!0x00000000232FDF94
[2017.09.13-19.34.47:725][752]LogOutputDevice: Error: UE4Editor-CoreUObject.dll!0x00000000233132F1
[2017.09.13-19.34.47:725][752]LogOutputDevice: Error: UE4Editor-CoreUObject.dll!0x000000002333CF94
[2017.09.13-19.34.47:725][752]LogOutputDevice: Error: UE4Editor-CoreUObject.dll!0x00000000233154D2
[2017.09.13-19.34.47:725][752]LogOutputDevice: Error: UE4Editor-CoreUObject.dll!0x00000000232FE99E
[2017.09.13-19.34.47:725][752]LogOutputDevice: Error: UE4Editor-CoreUObject.dll!0x00000000233154D2
[2017.09.13-19.34.47:725][752]LogOutputDevice: Error: UE4Editor-CoreUObject.dll!0x000000002313EF44
[2017.09.13-19.34.47:725][752]LogOutputDevice: Error: UE4Editor-CoreUObject.dll!0x0000000023314865
[2017.09.13-19.34.47:725][752]LogOutputDevice: Error: UE4Editor-Engine.dll!0x000000001CCEB217
[2017.09.13-19.34.47:725][752]LogOutputDevice: Error: UE4Editor-Engine.dll!0x000000001DE957A7
[2017.09.13-19.34.47:725][752]LogOutputDevice: Error: UE4Editor-Engine.dll!0x000000001CCADC0F
[2017.09.13-19.34.47:725][752]LogOutputDevice: Error: UE4Editor-Engine.dll!0x000000001CCBABAB
[2017.09.13-19.34.47:725][752]LogOutputDevice: Error: UE4Editor-Engine.dll!0x000000001DE7A4D1
[2017.09.13-19.34.47:725][752]LogOutputDevice: Error: UE4Editor-Engine.dll!0x000000001D3F60DC
[2017.09.13-19.34.47:725][752]LogOutputDevice: Error: UE4Editor-Engine.dll!0x000000001D412CA3
[2017.09.13-19.34.47:725][752]LogOutputDevice: Error: UE4Editor-Engine.dll!0x000000001D4173A3
[2017.09.13-19.34.47:725][752]LogOutputDevice: Error: UE4Editor-Engine.dll!0x000000001DE65C7E
[2017.09.13-19.34.47:725][752]LogOutputDevice: Error: UE4Editor-Engine.dll!0x000000001D417B26
[2017.09.13-19.34.47:725][752]LogOutputDevice: Error: UE4Editor-UnrealEd.dll!0x000000001B25A70C
[2017.09.13-19.34.47:725][752]LogOutputDevice: Error: UE4Editor-UnrealEd.dll!0x000000001B2850EE
[2017.09.13-19.34.47:725][752]LogOutputDevice: Error: UE4Editor-UnrealEd.dll!0x000000001B2A0C34
[2017.09.13-19.34.47:725][752]LogOutputDevice: Error: UE4Editor-UnrealEd.dll!0x000000001AD0BDB8
[2017.09.13-19.34.47:725][752]LogOutputDevice: Error: UE4Editor-UnrealEd.dll!0x000000001B59CEE6
[2017.09.13-19.34.47:725][752]LogOutputDevice: Error: UE4Editor.exe!0x00000000E86D534A
[2017.09.13-19.34.47:725][752]LogOutputDevice: Error: UE4Editor.exe!0x00000000E86E3970
[2017.09.13-19.34.47:726][752]LogOutputDevice: Error: UE4Editor.exe!0x00000000E86E39EA
[2017.09.13-19.34.47:726][752]LogOutputDevice: Error: UE4Editor.exe!0x00000000E86F02D9
[2017.09.13-19.34.47:726][752]LogOutputDevice: Error: UE4Editor.exe!0x00000000E86F1C47
[2017.09.13-19.34.47:726][752]LogOutputDevice: Error: KERNEL32.DLL!0x0000000065DA8364
[2017.09.13-19.34.47:726][752]LogOutputDevice: Error: ntdll.dll!0x0000000068897091
[2017.09.13-19.34.47:726][752]LogOutputDevice: Error: 
[2017.09.13-19.34.47:735][752]LogStats:                SubmitErrorReport -  0.000 s
[2017.09.13-19.34.48:017][752]LogStats:                    SendNewReport -  0.281 s
[2017.09.13-19.34.48:017][752]LogStats:             FDebug::EnsureFailed -  0.539 s
[2017.09.13-19.34.48:017][752]LogUnrealMath: Error: FMatrix::InverseFast(), trying to invert a NIL matrix, this results in NaNs! Use Inverse() instead.
[2017.09.13-19.34.48:017][752]LogUnrealMath: Error: FMatrix::InverseFast(), trying to invert a NIL matrix, this results in NaNs! Use Inverse() instead.
[2017.09.13-19.34.48:017][752]LogUnrealMath: Error: FMatrix::InverseFast(), trying to invert a NIL matrix, this results in NaNs! Use Inverse() instead.
[2017.09.13-19.34.48:017][752]LogBlueprint: Warning: SetRelativeScale3D : Invalid Scale entered (X=-nan(ind) Y=-nan(ind) Z=70.000). Resetting to 1.f.
[2017.09.13-19.34.48:018][752]LogUnrealMath: Error: FMatrix::InverseFast(), trying to invert a NIL matrix, this results in NaNs! Use Inverse() instead.
[2017.09.13-19.34.48:018][752]LogUnrealMath: Error: FMatrix::InverseFast(), trying to invert a NIL matrix, this results in NaNs! Use Inverse() instead.
[2017.09.13-19.34.48:018][752]LogUnrealMath: Error: FMatrix::InverseFast(), trying to invert a NIL matrix, this results in NaNs! Use Inverse() instead.
[2017.09.13-19.34.48:018][752]LogUnrealMath: Error: FMatrix::InverseFast(), trying to invert a NIL matrix, this results in NaNs! Use Inverse() instead.
[2017.09.13-19.34.48:018][752]LogBlueprint: Warning: SetRelativeScale3D : Invalid Scale entered (X=-nan(ind) Y=-nan(ind) Z=70.000). Resetting to 1.f.
[2017.09.13-19.34.48:018][752]LogGameState: Match State Changed from WaitingToStart to InProgress
[2017.09.13-19.34.48:023][752]PIE: Play in editor start time for /Game/Assets/Mapt_data/Challenge_Levels/UEDPIE_0_Challange_L_1_0 0.888
[2017.09.13-19.34.48:025][752]LogAnsel: We reckon 0.010000 meters to 1 world unit
[2017.09.13-19.34.48:060][753]LogRenderer: Reallocating scene render targets to support 3024x1680 Format 26 NumSamples 1 (Frame:1).
[2017.09.13-19.35.02:076][  5]LogSteamVRController: Controller role for device 3 is 0 (invalid=0, left=1, right=2).
[2017.09.13-19.35.02:076][  5]LogSteamVRController: Warning: Controller device 3 has no role set.  There is no 'right' controller according to steamvr, so we are pickign that.
[2017.09.13-19.35.03:418][125]LogSteamVRController: Controller role for device 4 is 0 (invalid=0, left=1, right=2).
[2017.09.13-19.35.03:418][125]LogSteamVRController: Putting controller 4 on the left hand because there is already a controller for the right.
[2017.09.13-19.35.25:423][217]LogEditorViewport: Clicking on Actor (LMB): MotionControllerPawn_C (VRPawn)
[2017.09.13-19.35.26:232][293]LogEditorViewport: Clicking on Actor (LMB): BP_PickupCube_C (TorusParent)
[2017.09.13-19.35.31:800][904]LogPlayLevel: PlayLevel: No blueprints needed recompiling
[2017.09.13-19.35.31:801][904]PIE: New page: PIE session: Challange_L_1_0 (Sep 13, 2017, 11:35:31 AM)
[2017.09.13-19.35.31:801][904]LogPlayLevel: Creating play world package: /Game/Assets/Mapt_data/Challenge_Levels/UEDPIE_0_Challange_L_1_0
[2017.09.13-19.35.31:805][904]LogPlayLevel: PIE: StaticDuplicateObject took: (0.004246s)
[2017.09.13-19.35.31:806][904]LogAIModule: Creating AISystem for world Challange_L_1_0
[2017.09.13-19.35.31:806][904]LogPlayLevel: PIE: World Init took: (0.000963s)
[2017.09.13-19.35.31:806][904]LogPlayLevel: PIE: Created PIE world by copying editor world from /Game/Assets/Mapt_data/Challenge_Levels/Challange_L_1_0.Challange_L_1_0 to /Game/Assets/Mapt_data/Challenge_Levels/UEDPIE_0_Challange_L_1_0.Challange_L_1_0 (0.005492s)
[2017.09.13-19.35.31:829][904]LogInit: XAudio2 using 'REAL SPEAKERS!!!!!!!!!! (Realtek High Definition Audio)' : 2 channels at 48 kHz using 32 bits per sample (channel mask 0x3)
[2017.09.13-19.35.31:838][904]LogInit: FAudioDevice initialized.
[2017.09.13-19.35.31:925][904]LogLoad: Game class is 'GameMode'
[2017.09.13-19.35.31:927][904]LogWorld: Bringing World /Game/Assets/Mapt_data/Challenge_Levels/UEDPIE_0_Challange_L_1_0.Challange_L_1_0 up for play (max tick rate 0) at 2017.09.13-15.35.31
[2017.09.13-19.35.31:927][904]LogWorld: Bringing up level for play took: 0.002017
[2017.09.13-19.35.31:928][904]LogGameMode: Display: Match State Changed from EnteringMap to WaitingToStart
[2017.09.13-19.35.31:928][904]LogGameState: Match State Changed from EnteringMap to WaitingToStart
[2017.09.13-19.35.31:928][904]LogGameMode: Display: Match State Changed from WaitingToStart to InProgress
[2017.09.13-19.35.31:930][904]LogGameState: Match State Changed from WaitingToStart to InProgress
[2017.09.13-19.35.31:935][904]PIE: Play in editor start time for /Game/Assets/Mapt_data/Challenge_Levels/UEDPIE_0_Challange_L_1_0 0.8
[2017.09.13-19.35.52:465][727]Cmd: SELECT NONE
[2017.09.13-19.35.54:020][893]LogSlate: Took 0.000231 seconds to synchronously load lazily loaded font '../../../Engine/Content/Slate/Fonts/Roboto-Light.ttf' (159K)
[2017.09.13-19.35.54:103][893]LogSavePackage: Save=53.60ms
[2017.09.13-19.35.54:103][893]LogSavePackage: Moving '../../../../../Unreal Projects/Plan-X/PlanX/Saved/Challange_L_1_08441A52947B3694259222894C40D76C6.tmp' to '../../../../../Unreal Projects/Plan-X/PlanX/Content/Assets/Mapt_data/Challenge_Levels/Challange_L_1_0.umap'
[2017.09.13-19.35.54:108][893]LogSavePackage: Display: Finished SavePackage ../../../../../Unreal Projects/Plan-X/PlanX/Content/Assets/Mapt_data/Challenge_Levels/Challange_L_1_0.umap
[2017.09.13-19.35.55:868][893]LogSlate: Took 0.000275 seconds to synchronously load lazily loaded font '../../../Engine/Content/Slate/Fonts/Roboto-Regular.ttf' (155K)
[2017.09.13-19.35.56:510][893]LogSavePackage: Save=2358.80ms
[2017.09.13-19.35.56:510][893]LogSavePackage: Moving '../../../../../Unreal Projects/Plan-X/PlanX/Saved/Challange_L_1_0_BuiltData9D712E98457D558463036CB304A71C3A.tmp' to '../../../../../Unreal Projects/Plan-X/PlanX/Content/Assets/Mapt_data/Challenge_Levels/Challange_L_1_0_BuiltData.uasset'
[2017.09.13-19.35.56:512][893]LogSavePackage: Display: Finished SavePackage ../../../../../Unreal Projects/Plan-X/PlanX/Content/Assets/Mapt_data/Challenge_Levels/Challange_L_1_0_BuiltData.uasset
[2017.09.13-19.35.57:085][948]LogWindowsTextInputMethodSystem: Display: IME system now deactivated.
[2017.09.13-19.35.57:261][949]Cmd: QUIT_EDITOR
[2017.09.13-19.35.58:037][949]LogExit: Preparing to exit.
[2017.09.13-19.35.58:807][949]LogDirectoryWatcher: A directory notification for 'Q:/Unreal Projects/Plan-X/PlanX/Content/' was aborted.
[2017.09.13-19.35.58:825][949]LogExit: Editor shut down
[2017.09.13-19.35.58:829][949]LogExit: Transaction tracking system shut down
[2017.09.13-19.35.58:900][949]LogDirectoryWatcher: A directory notification for '../../../Engine/Content/' was aborted.
[2017.09.13-19.35.58:900][949]LogDirectoryWatcher: A directory notification for '../../../../../Unreal Projects/Plan-X/PlanX/Content/' was aborted.
[2017.09.13-19.35.58:900][949]LogDirectoryWatcher: A directory notification for '../../../Engine/Plugins/Runtime/Oculus/OculusVR/Content/' was aborted.
[2017.09.13-19.35.58:900][949]LogDirectoryWatcher: A directory notification for '../../../Engine/Plugins/Runtime/Steam/SteamVR/Content/' was aborted.
[2017.09.13-19.35.59:071][949]LogExit: Object subsystem successfully closed.
[2017.09.13-19.35.59:082][949]LogD3D11RHI: Shutdown
[2017.09.13-19.35.59:082][949]LogD3D11RHI: CleanupD3DDevice
[2017.09.13-19.35.59:084][949]LogD3D11RHI: ~FD3D11DynamicRHI
[2017.09.13-19.35.59:092][949]LogModuleManager: Shutting down and abandoning module MovieSceneCapture (524)
[2017.09.13-19.35.59:092][949]LogModuleManager: Shutting down and abandoning module HierarchicalLODOutliner (522)
[2017.09.13-19.35.59:092][949]LogModuleManager: Shutting down and abandoning module SceneOutliner (520)
[2017.09.13-19.35.59:092][949]LogModuleManager: Shutting down and abandoning module AddContentDialog (518)
[2017.09.13-19.35.59:092][949]LogDirectoryWatcher: A directory notification for 'Q:/Unreal Engine/UE_4.17/FeaturePacks/' was aborted.
[2017.09.13-19.35.59:093][949]LogModuleManager: Shutting down and abandoning module WidgetCarousel (517)
[2017.09.13-19.35.59:093][949]LogModuleManager: Shutting down and abandoning module EditorWidgets (514)
[2017.09.13-19.35.59:093][949]LogModuleManager: Shutting down and abandoning module CollectionManager (512)
[2017.09.13-19.35.59:093][949]LogDirectoryWatcher: A directory notification for 'Q:/Unreal Projects/Plan-X/PlanX/Content/Collections/' was aborted.
[2017.09.13-19.35.59:093][949]LogDirectoryWatcher: A directory notification for 'Q:/Unreal Projects/Plan-X/PlanX/Content/Developers/RobertForbes/Collections/' was aborted.
[2017.09.13-19.35.59:093][949]LogDirectoryWatcher: A directory notification for 'Q:/Unreal Projects/Plan-X/PlanX/Saved/Collections/' was aborted.
[2017.09.13-19.35.59:094][949]LogModuleManager: Shutting down and abandoning module StatsViewer (510)
[2017.09.13-19.35.59:094][949]LogModuleManager: Shutting down and abandoning module FoliageEdit (508)
[2017.09.13-19.35.59:094][949]LogModuleManager: Shutting down and abandoning module LandscapeEditor (506)
[2017.09.13-19.35.59:094][949]LogModuleManager: Shutting down and abandoning module MeshPaintMode (504)
[2017.09.13-19.35.59:094][949]LogModuleManager: Shutting down and abandoning module MeshPaint (503)
[2017.09.13-19.35.59:094][949]LogModuleManager: Shutting down and abandoning module SceneDepthPickerMode (500)
[2017.09.13-19.35.59:094][949]LogModuleManager: Shutting down and abandoning module ActorPickerMode (498)
[2017.09.13-19.35.59:094][949]LogModuleManager: Shutting down and abandoning module GeometryMode (496)
[2017.09.13-19.35.59:094][949]LogModuleManager: Shutting down and abandoning module TextureAlignMode (494)
[2017.09.13-19.35.59:094][949]LogModuleManager: Shutting down and abandoning module BspMode (492)
[2017.09.13-19.35.59:094][949]LogModuleManager: Shutting down and abandoning module PIEPreviewDeviceProfileSelector (490)
[2017.09.13-19.35.59:094][949]LogModuleManager: Shutting down and abandoning module HardwareSurvey (488)
[2017.09.13-19.35.59:094][949]LogModuleManager: Shutting down and abandoning module SequenceRecorderSections (486)
[2017.09.13-19.35.59:094][949]LogModuleManager: Shutting down and abandoning module AutomationWorker (484)
[2017.09.13-19.35.59:094][949]LogModuleManager: Shutting down and abandoning module MatineeToLevelSequence (482)
[2017.09.13-19.35.59:094][949]LogModuleManager: Shutting down and abandoning module LevelSequenceEditor (480)
[2017.09.13-19.35.59:094][949]LogModuleManager: Shutting down and abandoning module PlacementMode (479)
[2017.09.13-19.35.59:094][949]LogModuleManager: Shutting down and abandoning module WmfMediaFactory (476)
[2017.09.13-19.35.59:094][949]LogModuleManager: Shutting down and abandoning module WmfMediaEditor (474)
[2017.09.13-19.35.59:094][949]LogModuleManager: Shutting down and abandoning module AvfMediaFactory (472)
[2017.09.13-19.35.59:094][949]LogModuleManager: Shutting down and abandoning module AvfMediaEditor (470)
[2017.09.13-19.35.59:094][949]LogModuleManager: Shutting down and abandoning module AndroidMediaFactory (468)
[2017.09.13-19.35.59:094][949]LogModuleManager: Shutting down and abandoning module Media (467)
[2017.09.13-19.35.59:094][949]LogModuleManager: Shutting down and abandoning module AndroidMediaEditor (464)
[2017.09.13-19.35.59:094][949]LogModuleManager: Shutting down and abandoning module CharacterAI (462)
[2017.09.13-19.35.59:094][949]LogModuleManager: Shutting down and abandoning module AudioCapture (460)
[2017.09.13-19.35.59:094][949]LogModuleManager: Shutting down and abandoning module SequenceRecorder (459)
[2017.09.13-19.35.59:094][949]LogModuleManager: Shutting down and abandoning module SessionServices (456)
[2017.09.13-19.35.59:094][949]LogModuleManager: Shutting down and abandoning module ViewportSnapping (454)
[2017.09.13-19.35.59:094][949]LogModuleManager: Shutting down and abandoning module ViewportInteraction (452)
[2017.09.13-19.35.59:094][949]LogModuleManager: Shutting down and abandoning module ClothPainter (450)
[2017.09.13-19.35.59:094][949]LogModuleManager: Shutting down and abandoning module LogVisualizer (448)
[2017.09.13-19.35.59:094][949]LogModuleManager: Shutting down and abandoning module IntroTutorials (446)
[2017.09.13-19.35.59:094][949]LogModuleManager: Shutting down and abandoning module GameProjectGeneration (445)
[2017.09.13-19.35.59:094][949]LogModuleManager: Shutting down and abandoning module IOSPlatformEditor (442)
[2017.09.13-19.35.59:094][949]LogModuleManager: Shutting down and abandoning module HTML5PlatformEditor (440)
[2017.09.13-19.35.59:094][949]LogModuleManager: Shutting down and abandoning module AndroidPlatformEditor (438)
[2017.09.13-19.35.59:094][949]LogModuleManager: Shutting down and abandoning module AndroidDeviceDetection (437)
[2017.09.13-19.35.59:554][949]LogModuleManager: Shutting down and abandoning module WindowsPlatformEditor (434)
[2017.09.13-19.35.59:554][949]LogModuleManager: Shutting down and abandoning module IOSRuntimeSettings (432)
[2017.09.13-19.35.59:554][949]LogModuleManager: Shutting down and abandoning module AndroidRuntimeSettings (430)
[2017.09.13-19.35.59:554][949]LogModuleManager: Shutting down and abandoning module InputBindingEditor (428)
[2017.09.13-19.35.59:554][949]LogModuleManager: Shutting down and abandoning module MergeActors (426)
[2017.09.13-19.35.59:554][949]LogModuleManager: Shutting down and abandoning module SizeMap (424)
[2017.09.13-19.35.59:554][949]LogModuleManager: Shutting down and abandoning module TreeMap (422)
[2017.09.13-19.35.59:554][949]LogModuleManager: Shutting down and abandoning module ReferenceViewer (420)
[2017.09.13-19.35.59:554][949]LogModuleManager: Shutting down and abandoning module LocalizationDashboard (418)
[2017.09.13-19.35.59:554][949]LogModuleManager: Shutting down and abandoning module LocalizationService (417)
[2017.09.13-19.35.59:554][949]LogModuleManager: Shutting down and abandoning module HardwareTargeting (414)
[2017.09.13-19.35.59:554][949]LogModuleManager: Shutting down and abandoning module DeviceProfileEditor (412)
[2017.09.13-19.35.59:554][949]LogModuleManager: Shutting down and abandoning module UndoHistory (410)
[2017.09.13-19.35.59:554][949]LogModuleManager: Shutting down and abandoning module XmlParser (408)
[2017.09.13-19.35.59:554][949]LogModuleManager: Shutting down and abandoning module Blutility (406)
[2017.09.13-19.35.59:554][949]LogModuleManager: Shutting down and abandoning module ProjectSettingsViewer (404)
[2017.09.13-19.35.59:554][949]LogModuleManager: Shutting down and abandoning module ProjectTargetPlatformEditor (403)
[2017.09.13-19.35.59:555][949]LogModuleManager: Shutting down and abandoning module EditorSettingsViewer (400)
[2017.09.13-19.35.59:555][949]LogModuleManager: Shutting down and abandoning module SettingsEditor (398)
[2017.09.13-19.35.59:555][949]LogModuleManager: Shutting down and abandoning module ProjectLauncher (396)
[2017.09.13-19.35.59:555][949]LogModuleManager: Shutting down and abandoning module SessionFrontend (394)
[2017.09.13-19.35.59:555][949]LogModuleManager: Shutting down and abandoning module ProfilerClient (392)
[2017.09.13-19.35.59:555][949]LogModuleManager: Shutting down and abandoning module DeviceManager (390)
[2017.09.13-19.35.59:555][949]LogModuleManager: Shutting down and abandoning module TargetDeviceServices (389)
[2017.09.13-19.35.59:608][949]LogModuleManager: Shutting down and abandoning module AutomationController (386)
[2017.09.13-19.35.59:608][949]LogModuleManager: Shutting down and abandoning module AutomationWindow (384)
[2017.09.13-19.35.59:608][949]LogModuleManager: Shutting down and abandoning module Layers (382)
[2017.09.13-19.35.59:608][949]LogModuleManager: Shutting down and abandoning module ComponentVisualizers (380)
[2017.09.13-19.35.59:608][949]LogModuleManager: Shutting down and abandoning module DetailCustomizations (378)
[2017.09.13-19.35.59:608][949]LogModuleManager: Shutting down and abandoning module PackagesDialog (376)
[2017.09.13-19.35.59:608][949]LogModuleManager: Shutting down and abandoning module Persona (374)
[2017.09.13-19.35.59:608][949]LogModuleManager: Shutting down and abandoning module AdvancedPreviewScene (373)
[2017.09.13-19.35.59:608][949]LogModuleManager: Shutting down and abandoning module AnimGraph (371)
[2017.09.13-19.35.59:608][949]LogModuleManager: Shutting down and abandoning module Kismet (368)
[2017.09.13-19.35.59:610][949]LogModuleManager: Shutting down and abandoning module LevelEditor (367)
[2017.09.13-19.35.59:610][949]LogModuleManager: Shutting down and abandoning module PixelInspectorModule (366)
[2017.09.13-19.35.59:610][949]LogModuleManager: Shutting down and abandoning module ClassViewer (362)
[2017.09.13-19.35.59:610][949]LogModuleManager: Shutting down and abandoning module Toolbox (360)
[2017.09.13-19.35.59:610][949]LogModuleManager: Shutting down and abandoning module ModuleUI (358)
[2017.09.13-19.35.59:610][949]LogModuleManager: Shutting down and abandoning module MovieSceneTools (356)
[2017.09.13-19.35.59:610][949]LogModuleManager: Shutting down and abandoning module OutputLog (354)
[2017.09.13-19.35.59:610][949]LogModuleManager: Shutting down and abandoning module GammaUI (352)
[2017.09.13-19.35.59:610][949]LogModuleManager: Shutting down and abandoning module Documentation (350)
[2017.09.13-19.35.59:610][949]LogModuleManager: Shutting down and abandoning module MovieSceneTracks (348)
[2017.09.13-19.35.59:610][949]LogModuleManager: Shutting down and abandoning module MovieScene (346)
[2017.09.13-19.35.59:611][949]LogModuleManager: Shutting down and abandoning module Niagara (344)
[2017.09.13-19.35.59:611][949]LogModuleManager: Shutting down and abandoning module NiagaraEditor (343)
[2017.09.13-19.35.59:611][949]LogModuleManager: Shutting down and abandoning module StreamingPauseRendering (340)
[2017.09.13-19.35.59:611][949]LogModuleManager: Shutting down and abandoning module LauncherPlatform (338)
[2017.09.13-19.35.59:611][949]LogModuleManager: Shutting down and abandoning module AnalyticsET (336)
[2017.09.13-19.35.59:611][949]LogModuleManager: Shutting down and abandoning module PortalServices (334)
[2017.09.13-19.35.59:611][949]LogModuleManager: Shutting down and abandoning module PortalRpc (332)
[2017.09.13-19.35.59:611][949]LogModuleManager: Shutting down and abandoning module MessagingRpc (330)
[2017.09.13-19.35.59:611][949]LogModuleManager: Shutting down and abandoning module AIModule (328)
[2017.09.13-19.35.59:611][949]LogModuleManager: Shutting down and abandoning module GameplayDebugger (327)
[2017.09.13-19.35.59:611][949]LogModuleManager: Shutting down and abandoning module AITestSuite (325)
[2017.09.13-19.35.59:611][949]LogModuleManager: Shutting down and abandoning module ProfilerService (322)
[2017.09.13-19.35.59:834][949]LogModuleManager: Shutting down and abandoning module TaskGraph (320)
[2017.09.13-19.35.59:834][949]LogModuleManager: Shutting down and abandoning module SteamVRController (318)
[2017.09.13-19.35.59:834][949]LogModuleManager: Shutting down and abandoning module ProceduralMeshComponentEditor (316)
[2017.09.13-19.35.59:834][949]LogModuleManager: Shutting down and abandoning module ProceduralMeshComponent (314)
[2017.09.13-19.35.59:834][949]LogModuleManager: Shutting down and abandoning module OculusInput (312)
[2017.09.13-19.35.59:834][949]LogModuleManager: Shutting down and abandoning module Ansel (310)
[2017.09.13-19.35.59:834][949]LogModuleManager: Shutting down and abandoning module MobilePatchingUtils (308)
[2017.09.13-19.35.59:834][949]LogModuleManager: Shutting down and abandoning module CustomMeshComponent (306)
[2017.09.13-19.35.59:834][949]LogModuleManager: Shutting down and abandoning module CableComponent (304)
[2017.09.13-19.35.59:834][949]LogModuleManager: Shutting down and abandoning module ArchVisCharacter (302)
[2017.09.13-19.35.59:834][949]LogModuleManager: Shutting down and abandoning module AndroidPermission (300)
[2017.09.13-19.35.59:834][949]LogModuleManager: Shutting down and abandoning module MediaPlayerEditor (296)
[2017.09.13-19.35.59:834][949]LogModuleManager: Shutting down and abandoning module HTML5Networking (294)
[2017.09.13-19.35.59:834][949]LogModuleManager: Shutting down and abandoning module AlembicImporter (292)
[2017.09.13-19.35.59:834][949]LogModuleManager: Shutting down and abandoning module AlembicLibrary (291)
[2017.09.13-19.35.59:834][949]LogModuleManager: Shutting down and abandoning module GeometryCache (290)
[2017.09.13-19.35.59:834][949]LogModuleManager: Shutting down and abandoning module GeometryCacheEd (289)
[2017.09.13-19.35.59:834][949]LogModuleManager: Shutting down and abandoning module SpeedTreeImporter (284)
[2017.09.13-19.35.59:834][949]LogModuleManager: Shutting down and abandoning module PluginBrowser (282)
[2017.09.13-19.35.59:835][949]LogModuleManager: Shutting down and abandoning module MainFrame (281)
[2017.09.13-19.35.59:835][949]LogModuleManager: Shutting down and abandoning module MobileLauncherProfileWizard (278)
[2017.09.13-19.35.59:835][949]LogModuleManager: Shutting down and abandoning module VisualStudioSourceCodeAccess (276)
[2017.09.13-19.35.59:835][949]LogModuleManager: Shutting down and abandoning module DesktopPlatform (275)
[2017.09.13-19.35.59:835][949]LogModuleManager: Shutting down and abandoning module HotReload (273)
[2017.09.13-19.35.59:835][949]LogModuleManager: Shutting down and abandoning module UObjectPlugin (270)
[2017.09.13-19.35.59:835][949]LogModuleManager: Shutting down and abandoning module SubversionSourceControl (268)
[2017.09.13-19.35.59:835][949]LogModuleManager: Shutting down and abandoning module PerforceSourceControl (266)
[2017.09.13-19.35.59:835][949]LogModuleManager: Shutting down and abandoning module GitSourceControl (264)
[2017.09.13-19.35.59:835][949]LogModuleManager: Shutting down and abandoning module SourceControl (263)
[2017.09.13-19.35.59:835][949]LogModuleManager: Shutting down and abandoning module LightPropagationVolumeEditor (260)
[2017.09.13-19.35.59:835][949]LogModuleManager: Shutting down and abandoning module RuntimePhysXCooking (258)
[2017.09.13-19.35.59:835][949]LogModuleManager: Shutting down and abandoning module PhysXVehiclesEditor (256)
[2017.09.13-19.35.59:835][949]LogModuleManager: Shutting down and abandoning module PhysXVehicles (254)
[2017.09.13-19.35.59:835][949]LogModuleManager: Shutting down and abandoning module OculusEditor (252)
[2017.09.13-19.35.59:835][949]LogModuleManager: Shutting down and abandoning module LocationServicesBPLibrary (250)
[2017.09.13-19.35.59:835][949]LogModuleManager: Shutting down and abandoning module ImmediatePhysicsEditor (248)
[2017.09.13-19.35.59:835][949]LogModuleManager: Shutting down and abandoning module ImmediatePhysics (246)
[2017.09.13-19.35.59:835][949]LogModuleManager: Shutting down and abandoning module UdpMessaging (244)
[2017.09.13-19.35.59:936][949]LogModuleManager: Shutting down and abandoning module TcpMessaging (242)
[2017.09.13-19.36.00:037][949]LogModuleManager: Shutting down and abandoning module GameplayTagsEditor (240)
[2017.09.13-19.36.00:037][949]LogModuleManager: Shutting down and abandoning module FacialAnimationEditor (238)
[2017.09.13-19.36.00:037][949]LogModuleManager: Shutting down and abandoning module FacialAnimation (236)
[2017.09.13-19.36.00:037][949]LogModuleManager: Shutting down and abandoning module AssetManagerEditor (234)
[2017.09.13-19.36.00:037][949]LogModuleManager: Shutting down and abandoning module GraphEditor (233)
[2017.09.13-19.36.00:037][949]LogModuleManager: Shutting down and abandoning module ContentBrowser (231)
[2017.09.13-19.36.00:038][949]LogModuleManager: Shutting down and abandoning module LightPropagationVolumeRuntime (228)
[2017.09.13-19.36.00:038][949]LogModuleManager: Shutting down and abandoning module WindowsMoviePlayer (226)
[2017.09.13-19.36.00:038][949]LogModuleManager: Shutting down and abandoning module WmfMedia (224)
[2017.09.13-19.36.00:038][949]LogModuleManager: Shutting down and abandoning module PacketHandler (222)
[2017.09.13-19.36.00:038][949]LogModuleManager: Shutting down and abandoning module ClothingSystemEditor (220)
[2017.09.13-19.36.00:038][949]LogModuleManager: Shutting down and abandoning module ClothingSystemRuntime (218)
[2017.09.13-19.36.00:038][949]LogModuleManager: Shutting down and abandoning module Overlay (216)
[2017.09.13-19.36.00:038][949]LogModuleManager: Shutting down and abandoning module OverlayEditor (215)
[2017.09.13-19.36.00:038][949]LogModuleManager: Shutting down and abandoning module MediaAssets (212)
[2017.09.13-19.36.00:038][949]LogModuleManager: Shutting down and abandoning module VREditor (210)
[2017.09.13-19.36.00:038][949]LogModuleManager: Shutting down and abandoning module StringTableEditor (208)
[2017.09.13-19.36.00:038][949]LogModuleManager: Shutting down and abandoning module GameplayTasksEditor (206)
[2017.09.13-19.36.00:038][949]LogModuleManager: Shutting down and abandoning module BehaviorTreeEditor (204)
[2017.09.13-19.36.00:038][949]LogModuleManager: Shutting down and abandoning module FunctionalTesting (202)
[2017.09.13-19.36.00:038][949]LogModuleManager: Shutting down and abandoning module CollisionAnalyzer (200)
[2017.09.13-19.36.00:038][949]LogModuleManager: Shutting down and abandoning module WorkspaceMenuStructure (199)
[2017.09.13-19.36.00:038][949]LogModuleManager: Shutting down and abandoning module UMG (196)
[2017.09.13-19.36.00:038][949]LogModuleManager: Shutting down and abandoning module UMGEditor (195)
[2017.09.13-19.36.00:038][949]LogModuleManager: Shutting down and abandoning module Sequencer (194)
[2017.09.13-19.36.00:038][949]LogModuleManager: Shutting down and abandoning module MessageLog (191)
[2017.09.13-19.36.00:038][949]LogModuleManager: Shutting down and abandoning module SlateReflector (186)
[2017.09.13-19.36.00:038][949]LogModuleManager: Shutting down and abandoning module Slate (184)
[2017.09.13-19.36.00:038][949]LogModuleManager: Shutting down and abandoning module EditorStyle (182)
[2017.09.13-19.36.00:040][949]LogModuleManager: Shutting down and abandoning module MRMesh (180)
[2017.09.13-19.36.00:040][949]LogModuleManager: Shutting down and abandoning module SourceCodeAccess (178)
[2017.09.13-19.36.00:040][949]LogModuleManager: Shutting down and abandoning module HeadMountedDisplay (176)
[2017.09.13-19.36.00:040][949]LogModuleManager: Shutting down and abandoning module XAudio2 (174)
[2017.09.13-19.36.00:040][949]LogModuleManager: Shutting down and abandoning module Networking (172)
[2017.09.13-19.36.00:040][949]LogModuleManager: Shutting down and abandoning module Core (168)
[2017.09.13-19.36.00:040][949]LogModuleManager: Shutting down and abandoning module KismetCompiler (164)
[2017.09.13-19.36.00:040][949]LogModuleManager: Shutting down and abandoning module LevelSequence (162)
[2017.09.13-19.36.00:040][949]LogModuleManager: Shutting down and abandoning module MeshUtilities (160)
[2017.09.13-19.36.00:040][949]LogModuleManager: Shutting down and abandoning module MeshMergeUtilities (159)
[2017.09.13-19.36.00:040][949]LogModuleManager: Shutting down and abandoning module MeshReductionInterface (158)
[2017.09.13-19.36.00:040][949]LogModuleManager: Shutting down and abandoning module SimplygonSwarm (157)
[2017.09.13-19.36.00:040][949]LogModuleManager: Shutting down and abandoning module SimplygonMeshReduction (155)
[2017.09.13-19.36.00:040][949]LogModuleManager: Shutting down and abandoning module QuadricMeshReduction (153)
[2017.09.13-19.36.00:040][949]LogModuleManager: Shutting down and abandoning module MaterialBaking (149)
[2017.09.13-19.36.00:040][949]LogModuleManager: Shutting down and abandoning module DirectoryWatcher (146)
[2017.09.13-19.36.00:041][949]LogModuleManager: Shutting down and abandoning module DerivedDataCache (144)
[2017.09.13-19.36.00:067][949]LogDerivedDataCache: Shutdown
[2017.09.13-19.36.00:067][949]LogModuleManager: Shutting down and abandoning module TargetPlatform (142)
[2017.09.13-19.36.00:067][949]LogModuleManager: Shutting down and abandoning module VulkanShaderFormat (141)
[2017.09.13-19.36.00:067][949]LogModuleManager: Shutting down and abandoning module ShaderFormatVectorVM (139)
[2017.09.13-19.36.00:067][949]LogModuleManager: Shutting down and abandoning module ShaderFormatOpenGL (137)
[2017.09.13-19.36.00:067][949]LogModuleManager: Shutting down and abandoning module ShaderFormatD3D (135)
[2017.09.13-19.36.00:067][949]LogModuleManager: Shutting down and abandoning module MetalShaderFormat (133)
[2017.09.13-19.36.00:067][949]LogModuleManager: Shutting down and abandoning module TextureFormatUncompressed (131)
[2017.09.13-19.36.00:067][949]LogModuleManager: Shutting down and abandoning module TextureFormatPVR (129)
[2017.09.13-19.36.00:067][949]LogModuleManager: Shutting down and abandoning module TextureFormatDXT (127)
[2017.09.13-19.36.00:067][949]LogModuleManager: Shutting down and abandoning module TextureFormatIntelISPCTexComp (125)
[2017.09.13-19.36.00:067][949]LogModuleManager: Shutting down and abandoning module TextureFormatASTC (123)
[2017.09.13-19.36.00:067][949]LogModuleManager: Shutting down and abandoning module ImageWrapper (122)
[2017.09.13-19.36.00:067][949]LogModuleManager: Shutting down and abandoning module TextureFormatAndroid (119)
[2017.09.13-19.36.00:067][949]LogModuleManager: Shutting down and abandoning module AudioFormatOpus (117)
[2017.09.13-19.36.00:067][949]LogModuleManager: Shutting down and abandoning module AudioFormatOgg (115)
[2017.09.13-19.36.00:067][949]LogModuleManager: Shutting down and abandoning module AudioFormatADPCM (113)
[2017.09.13-19.36.00:067][949]LogModuleManager: Shutting down and abandoning module LinuxTargetPlatform (111)
[2017.09.13-19.36.00:067][949]LogModuleManager: Shutting down and abandoning module LinuxServerTargetPlatform (109)
[2017.09.13-19.36.00:067][949]LogModuleManager: Shutting down and abandoning module LinuxNoEditorTargetPlatform (107)
[2017.09.13-19.36.00:067][949]LogModuleManager: Shutting down and abandoning module LinuxClientTargetPlatform (105)
[2017.09.13-19.36.00:067][949]LogModuleManager: Shutting down and abandoning module TVOSTargetPlatform (103)
[2017.09.13-19.36.00:067][949]LogModuleManager: Shutting down and abandoning module Messaging (101)
[2017.09.13-19.36.00:067][949]LogModuleManager: Shutting down and abandoning module IOSTargetPlatform (99)
[2017.09.13-19.36.00:067][949]LogModuleManager: Shutting down and abandoning module HTML5TargetPlatform (97)
[2017.09.13-19.36.00:067][949]LogModuleManager: Shutting down and abandoning module Android_PVRTCTargetPlatform (95)
[2017.09.13-19.36.00:067][949]LogModuleManager: Shutting down and abandoning module Android_MultiTargetPlatform (93)
[2017.09.13-19.36.00:067][949]LogModuleManager: Shutting down and abandoning module Android_ETC2TargetPlatform (91)
[2017.09.13-19.36.00:067][949]LogModuleManager: Shutting down and abandoning module Android_ETC1TargetPlatform (89)
[2017.09.13-19.36.00:067][949]LogModuleManager: Shutting down and abandoning module Android_DXTTargetPlatform (87)
[2017.09.13-19.36.00:067][949]LogModuleManager: Shutting down and abandoning module Android_ATCTargetPlatform (85)
[2017.09.13-19.36.00:067][949]LogModuleManager: Shutting down and abandoning module Android_ASTCTargetPlatform (83)
[2017.09.13-19.36.00:067][949]LogModuleManager: Shutting down and abandoning module AndroidTargetPlatform (81)
[2017.09.13-19.36.00:067][949]LogModuleManager: Shutting down and abandoning module WindowsTargetPlatform (79)
[2017.09.13-19.36.00:067][949]LogModuleManager: Shutting down and abandoning module WindowsServerTargetPlatform (77)
[2017.09.13-19.36.00:067][949]LogModuleManager: Shutting down and abandoning module WindowsNoEditorTargetPlatform (75)
[2017.09.13-19.36.00:067][949]LogModuleManager: Shutting down and abandoning module WindowsClientTargetPlatform (73)
[2017.09.13-19.36.00:067][949]LogModuleManager: Shutting down and abandoning module MacTargetPlatform (71)
[2017.09.13-19.36.00:067][949]LogModuleManager: Shutting down and abandoning module MacServerTargetPlatform (69)
[2017.09.13-19.36.00:067][949]LogModuleManager: Shutting down and abandoning module MacNoEditorTargetPlatform (67)
[2017.09.13-19.36.00:067][949]LogModuleManager: Shutting down and abandoning module MacClientTargetPlatform (65)
[2017.09.13-19.36.00:067][949]LogModuleManager: Shutting down and abandoning module AllDesktopTargetPlatform (63)
[2017.09.13-19.36.00:067][949]LogModuleManager: Shutting down and abandoning module InputCore (60)
[2017.09.13-19.36.00:067][949]LogModuleManager: Shutting down and abandoning module Settings (58)
[2017.09.13-19.36.00:068][949]LogModuleManager: Shutting down and abandoning module PhysXCooking (56)
[2017.09.13-19.36.00:068][949]LogModuleManager: Shutting down and abandoning module SteamVR (54)
[2017.09.13-19.36.00:068][949]LogModuleManager: Shutting down and abandoning module OculusHMD (52)
[2017.09.13-19.36.00:068][949]LogModuleManager: Shutting down and abandoning module ExampleDeviceProfileSelector (50)
[2017.09.13-19.36.00:068][949]LogModuleManager: Shutting down and abandoning module OnlineBlueprintSupport (48)
[2017.09.13-19.36.00:068][949]LogModuleManager: Shutting down and abandoning module OnlineSubsystem (44)
[2017.09.13-19.36.00:068][949]LogOnline: Display: Unloading online subsystem: NULL
[2017.09.13-19.36.00:068][949]LogModuleManager: Shutting down and abandoning module XMPP (43)
[2017.09.13-19.36.00:068][949]LogModuleManager: Shutting down and abandoning module HTTP (41)
[2017.09.13-19.36.00:068][949]LogHttp: Display: Http module shutting down, but needs to wait on 1 outstanding Http requests:
[2017.09.13-19.36.00:068][949]LogHttp: Display: 	verb=[POST] url=[https://datarouter.ol.epicgames.com/datarouter/api/v1/public/data?SessionID=%7BDED8D2D7-4DFF-5BB1-AECF-27B3FDBADA08%7D&AppID=UEEditor.Rocket.Release&AppVersion=4.17.1-3586342%2B%2B%2BUE4%2BRelease-4.17&UserID=d195f449449d6ca1a7d6e997d7b4619b%7C38799267579e43f199dcadb14603b7d0%7Cc4c036e9-0de7-44e5-8786-b569ea8dee15&AppEnvironment=datacollector-binary&UploadType=eteventstream] status=Processing
[2017.09.13-19.36.00:074][949]LogModuleManager: Shutting down and abandoning module SSL (40)
[2017.09.13-19.36.00:075][949]LogModuleManager: Shutting down and abandoning module AnimationModifiers (36)
[2017.09.13-19.36.00:075][949]LogModuleManager: Shutting down and abandoning module PropertyEditor (35)
[2017.09.13-19.36.00:075][949]LogModuleManager: Shutting down and abandoning module AudioEditor (32)
[2017.09.13-19.36.00:075][949]LogModuleManager: Shutting down and abandoning module TextureCompressor (30)
[2017.09.13-19.36.00:075][949]LogModuleManager: Shutting down and abandoning module ShaderCore (28)
[2017.09.13-19.36.00:075][949]LogModuleManager: Shutting down and abandoning module Landscape (26)
[2017.09.13-19.36.00:075][949]LogModuleManager: Shutting down and abandoning module SlateRHIRenderer (24)
[2017.09.13-19.36.00:076][949]LogModuleManager: Shutting down and abandoning module OpenGLDrv (22)
[2017.09.13-19.36.00:077][949]LogModuleManager: Shutting down and abandoning module D3D11RHI (20)
[2017.09.13-19.36.00:077][949]LogModuleManager: Shutting down and abandoning module AnimGraphRuntime (18)
[2017.09.13-19.36.00:077][949]LogModuleManager: Shutting down and abandoning module Renderer (16)
[2017.09.13-19.36.00:077][949]LogModuleManager: Shutting down and abandoning module Engine (14)
[2017.09.13-19.36.00:077][949]LogModuleManager: Shutting down and abandoning module CoreUObject (12)
[2017.09.13-19.36.00:077][949]LogModuleManager: Shutting down and abandoning module NetworkFile (10)
[2017.09.13-19.36.00:077][949]LogModuleManager: Shutting down and abandoning module CookedIterativeFile (8)
[2017.09.13-19.36.00:077][949]LogModuleManager: Shutting down and abandoning module StreamingFile (6)
[2017.09.13-19.36.00:077][949]LogModuleManager: Shutting down and abandoning module SandboxFile (4)
[2017.09.13-19.36.00:077][949]LogModuleManager: Shutting down and abandoning module PakFile (2)
[2017.09.13-19.36.00:079][949]LogExit: Exiting.
[2017.09.13-19.36.00:098][949]Log file closed, 09/13/17 15:36:00
