Log file open, 10/24/17 13:10:46
LogWindows: Failed to load 'aqProf.dll' (GetLastError=126)
LogWindows: File 'aqProf.dll' does not exist
LogWindows: Failed to load 'VtuneApi.dll' (GetLastError=126)
LogWindows: File 'VtuneApi.dll' does not exist
LogWindows: Failed to load 'VtuneApi32e.dll' (GetLastError=126)
LogWindows: File 'VtuneApi32e.dll' does not exist
LogInit: Display: Running engine for game: PlanX
LogPlatformFile: Not using cached read wrapper
LogInit: Display: RandInit(-2049879288) SRandInit(-2049879288).
LogTaskGraph: Started task graph with 5 named threads and 14 total threads with 3 sets of task threads.
LogStats: Stats thread started at 0.197350
LogD3D11RHI: Aftermath initialized
LogPluginManager: Mounting plugin LightPropagationVolume
LogPluginManager: Mounting plugin CodeLiteSourceCodeAccess
LogPluginManager: Mounting plugin GitSourceControl
LogPluginManager: Mounting plugin KDevelopSourceCodeAccess
LogPluginManager: Mounting plugin NullSourceCodeAccess
LogPluginManager: Mounting plugin PerforceSourceControl
LogPluginManager: Mounting plugin SubversionSourceControl
LogPluginManager: Mounting plugin UObjectPlugin
LogPluginManager: Mounting plugin VisualStudioSourceCodeAccess
LogPluginManager: Mounting plugin XCodeSourceCodeAccess
LogPluginManager: Mounting plugin AssetManagerEditor
LogPluginManager: Mounting plugin AudioCapture
LogPluginManager: Mounting plugin FacialAnimation
LogPluginManager: Mounting plugin GameplayTagsEditor
LogPluginManager: Mounting plugin MobileLauncherProfileWizard
LogPluginManager: Mounting plugin PluginBrowser
LogPluginManager: Mounting plugin SpeedTreeImporter
LogPluginManager: Mounting plugin AlembicImporter
LogPluginManager: Mounting plugin CharacterAI
LogPluginManager: Mounting plugin HTML5Networking
LogPluginManager: Mounting plugin AndroidMedia
LogPluginManager: Mounting plugin AvfMedia
LogPluginManager: Mounting plugin MediaPlayerEditor
LogPluginManager: Mounting plugin WmfMedia
LogPluginManager: Mounting plugin TcpMessaging
LogPluginManager: Mounting plugin UdpMessaging
LogPluginManager: Mounting plugin LevelSequenceEditor
LogPluginManager: Mounting plugin MatineeToLevelSequence
LogPluginManager: Mounting plugin OnlineSubsystemGooglePlay
LogPluginManager: Mounting plugin OnlineSubsystemIOS
LogPluginManager: Mounting plugin OnlineSubsystem
LogPluginManager: Mounting plugin OnlineSubsystemNull
LogPluginManager: Mounting plugin OnlineSubsystemUtils
LogPluginManager: Mounting plugin AndroidDeviceProfileSelector
LogPluginManager: Mounting plugin AndroidMoviePlayer
LogPluginManager: Mounting plugin AndroidPermission
LogPluginManager: Mounting plugin AppleMoviePlayer
LogPluginManager: Mounting plugin ArchVisCharacter
LogPluginManager: Mounting plugin CableComponent
LogPluginManager: Mounting plugin CustomMeshComponent
LogPluginManager: Mounting plugin ExampleDeviceProfileSelector
LogPluginManager: Mounting plugin GoogleCloudMessaging
LogPluginManager: Mounting plugin ImmediatePhysics
LogPluginManager: Mounting plugin IOSDeviceProfileSelector
LogPluginManager: Mounting plugin LinuxDeviceProfileSelector
LogPluginManager: Mounting plugin LocationServicesBPLibrary
LogPluginManager: Mounting plugin MobilePatchingUtils
LogPluginManager: Mounting plugin Ansel
LogPluginManager: Mounting plugin OculusVR
LogPluginManager: Mounting plugin PhysXVehicles
LogPluginManager: Mounting plugin ProceduralMeshComponent
LogPluginManager: Mounting plugin RuntimePhysXCooking
LogPluginManager: Mounting plugin SteamVR
LogPluginManager: Mounting plugin WindowsMoviePlayer
LogInit: Using libcurl 7.47.1
LogInit:  - built for x86_64-pc-win32
LogInit:  - supports SSL with OpenSSL/1.0.2g
LogInit:  - supports HTTP deflate (compression) using libz 1.2.8
LogInit:  - other features:
LogInit:      CURL_VERSION_SSL
LogInit:      CURL_VERSION_LIBZ
LogInit:      CURL_VERSION_IPV6
LogInit:      CURL_VERSION_ASYNCHDNS
LogInit:      CURL_VERSION_LARGEFILE
LogInit:      CURL_VERSION_IDN
LogInit:  CurlRequestOptions (configurable via config and command line):
LogInit:  - bVerifyPeer = false  - Libcurl will NOT verify peer certificate
LogInit:  - bUseHttpProxy = false  - Libcurl will NOT use HTTP proxy
LogInit:  - bDontReuseConnections = false  - Libcurl will reuse connections
LogInit:  - CertBundlePath = nullptr  - Libcurl will use whatever was configured at build time.
LogInit: Build: ++UE4+Release-4.17-CL-3658906
LogInit: Engine Version: 4.17.2-3658906+++UE4+Release-4.17
LogInit: Compatible Engine Version: 4.17.0-3573198+++UE4+Release-4.17
LogInit: Net CL: 3573198
LogDevObjectVersion: Number of dev versions registered: 16
LogDevObjectVersion:   Dev-Blueprints (B0D832E4-1F89-4F0D-ACCF-7EB736FD4AA2): 10
LogDevObjectVersion:   Dev-Build (E1C64328-A22C-4D53-A36C-8E866417BD8C): 0
LogDevObjectVersion:   Dev-Core (375EC13C-06E4-48FB-B500-84F0262A717E): 2
LogDevObjectVersion:   Dev-Editor (E4B068ED-F494-42E9-A231-DA0B2E46BB41): 20
LogDevObjectVersion:   Dev-Framework (CFFC743F-43B0-4480-9391-14DF171D2073): 28
LogDevObjectVersion:   Dev-Mobile (B02B49B5-BB20-44E9-A304-32B752E40360): 0
LogDevObjectVersion:   Dev-Networking (A4E4105C-59A1-49B5-A7C5-40C4547EDFEE): 0
LogDevObjectVersion:   Dev-Online (39C831C9-5AE6-47DC-9A44-9C173E1C8E7C): 0
LogDevObjectVersion:   Dev-Physics (78F01B33-EBEA-4F98-B9B4-84EACCB95AA2): 0
LogDevObjectVersion:   Dev-Platform (6631380F-2D4D-43E0-8009-CF276956A95A): 0
LogDevObjectVersion:   Dev-Rendering (12F88B9F-8875-4AFC-A67C-D90C383ABD29): 19
LogDevObjectVersion:   Dev-Sequencer (7B5AE74C-D270-4C10-A958-57980B212A5A): 4
LogDevObjectVersion:   Dev-VR (D7296918-1DD6-4BDD-9DE2-64A83CC13884): 0
LogDevObjectVersion:   Dev-LoadTimes (C2A15278-BFE7-4AFE-6C17-90FF531DF755): 1
LogDevObjectVersion:   Private-Geometry (6EACA3D4-40EC-4CC1-B786-8BED09428FC5): 1
LogDevObjectVersion:   Dev-AnimPhys (29E575DD-E0A3-4627-9D10-D276232CDCEA): 7
LogInit: Compiled (64-bit): Sep 22 2017 13:47:16
LogInit: Compiled with Visual C++: 19.00.24215.01
LogInit: Build Configuration: Development
LogInit: Branch Name: ++UE4+Release-4.17
LogInit: Command line: -EpicPortal 
LogInit: Base directory: Q:/Unreal Engine/UE_4.17/Engine/Binaries/Win64/
LogInit: Installed Engine Build: 1
LogInit: Presizing for max 8388607 objects, including 0 objects not considered by GC, pre-allocating 0 bytes for permanent pool.
LogInit: Object subsystem initialized
[2017.10.24-17.10.47:207][  0]LogInit: Selected Device Profile: [Windows]
[2017.10.24-17.10.47:207][  0]LogInit: Applying CVar settings loaded from the selected device profile: [Windows]
[2017.10.24-17.10.47:228][  0]LogInit: Computer: DAWN
[2017.10.24-17.10.47:228][  0]LogInit: User: RobertForbes
[2017.10.24-17.10.47:228][  0]LogInit: CPU Page size=4096, Cores=4
[2017.10.24-17.10.47:228][  0]LogInit: High frequency timer resolution =3.417981 MHz
[2017.10.24-17.10.47:228][  0]LogMemory: Memory total: Physical=8.0GB (8GB approx)
[2017.10.24-17.10.47:228][  0]LogMemory: Platform Memory Stats for Windows
[2017.10.24-17.10.47:228][  0]LogMemory: Process Physical Memory: 279.86 MB used, 279.86 MB peak
[2017.10.24-17.10.47:228][  0]LogMemory: Process Virtual Memory: 290.01 MB used, 290.01 MB peak
[2017.10.24-17.10.47:228][  0]LogMemory: Physical Memory: 5705.31 MB used,  2438.54 MB free, 8143.85 MB total
[2017.10.24-17.10.47:228][  0]LogMemory: Virtual Memory: 684.18 MB used,  2438.54 MB free, 134217728.00 MB total
[2017.10.24-17.10.47:367][  0]LogInit: Using OS detected language (en-US).
[2017.10.24-17.10.47:367][  0]LogInit: Using OS detected locale (en-US).
[2017.10.24-17.10.47:372][  0]LogTextLocalizationManager: No specific localization for 'en-US' exists, so the 'en' localization will be used.
[2017.10.24-17.10.48:353][  0]LogD3D11RHI: D3D11 adapters:
[2017.10.24-17.10.48:392][  0]LogD3D11RHI:    0. 'NVIDIA GeForce GTX 970' (Feature Level 11_0)
[2017.10.24-17.10.48:392][  0]LogD3D11RHI:       4058/0/4071 MB DedicatedVideo/DedicatedSystem/SharedSystem, Outputs:2, VendorId:0x10de
[2017.10.24-17.10.48:393][  0]LogD3D11RHI:    1. 'Microsoft Basic Render Driver' (Feature Level 11_0)
[2017.10.24-17.10.48:393][  0]LogD3D11RHI:       0/0/4071 MB DedicatedVideo/DedicatedSystem/SharedSystem, Outputs:0, VendorId:0x1414
[2017.10.24-17.10.48:393][  0]LogD3D11RHI: Chosen D3D11 Adapter: 0
[2017.10.24-17.10.48:400][  0]LogD3D11RHI: Creating new Direct3DDevice
[2017.10.24-17.10.48:400][  0]LogD3D11RHI:     GPU DeviceId: 0x13c2 (for the marketing name, search the web for "GPU Device Id")
[2017.10.24-17.10.48:400][  0]LogWindows: EnumDisplayDevices:
[2017.10.24-17.10.48:400][  0]LogWindows:    0. 'NVIDIA GeForce GTX 970' (P:0 D:1)
[2017.10.24-17.10.48:401][  0]LogWindows:    1. 'NVIDIA GeForce GTX 970' (P:1 D:1)
[2017.10.24-17.10.48:401][  0]LogWindows:    2. 'NVIDIA GeForce GTX 970' (P:0 D:0)
[2017.10.24-17.10.48:401][  0]LogWindows:    3. 'NVIDIA GeForce GTX 970' (P:0 D:0)
[2017.10.24-17.10.48:401][  0]LogWindows: DebugString: FoundDriverCount:4 
[2017.10.24-17.10.48:401][  0]LogD3D11RHI:     Adapter Name: NVIDIA GeForce GTX 970
[2017.10.24-17.10.48:401][  0]LogD3D11RHI:   Driver Version: 387.92 (internal:23.21.13.8792, unified:387.92)
[2017.10.24-17.10.48:401][  0]LogD3D11RHI:      Driver Date: 10-6-2017
[2017.10.24-17.10.48:401][  0]LogRHI: Texture pool is 1361 MB (70% of 1945 MB)
[2017.10.24-17.10.48:423][  0]LogD3D11RHI: Async texture creation enabled
[2017.10.24-17.10.48:450][  0]LogD3D11RHI: GPU Timing Frequency: 1000.000000 (Debug: 2 1)
[2017.10.24-17.10.48:452][  0]LogShaderCompilers: Guid format shader working directory is 10 characters bigger than the processId version (../../../../../Unreal Projects/Plan-X/PlanX/Intermediate/Shaders/WorkingDirectory/12148/).
[2017.10.24-17.10.48:453][  0]LogShaderCompilers: Cleaned the shader compiler working directory 'C:/Users/Robert Forbes/AppData/Local/Temp/UnrealShaderWorkingDir/91287BF744F23F2E456C2696309A435E/'.
[2017.10.24-17.10.48:453][  0]LogShaderCompilers: Display: Using Local Shader Compiler.
[2017.10.24-17.10.49:446][  0]LogTemp: Display: Loaded TP AllDesktopTargetPlatform
[2017.10.24-17.10.49:495][  0]LogTemp: Display: Loaded TP MacClientTargetPlatform
[2017.10.24-17.10.49:562][  0]LogTemp: Display: Loaded TP MacNoEditorTargetPlatform
[2017.10.24-17.10.49:609][  0]LogTemp: Display: Loaded TP MacServerTargetPlatform
[2017.10.24-17.10.49:663][  0]LogTemp: Display: Loaded TP MacTargetPlatform
[2017.10.24-17.10.49:712][  0]LogTemp: Display: Loaded TP WindowsClientTargetPlatform
[2017.10.24-17.10.49:768][  0]LogTemp: Display: Loaded TP WindowsNoEditorTargetPlatform
[2017.10.24-17.10.49:820][  0]LogTemp: Display: Loaded TP WindowsServerTargetPlatform
[2017.10.24-17.10.49:862][  0]LogTemp: Display: Loaded TP WindowsTargetPlatform
[2017.10.24-17.10.49:926][  0]LogTemp: Display: Loaded TP AndroidTargetPlatform
[2017.10.24-17.10.49:972][  0]LogTemp: Display: Loaded TP Android_ASTCTargetPlatform
[2017.10.24-17.10.50:033][  0]LogTemp: Display: Loaded TP Android_ATCTargetPlatform
[2017.10.24-17.10.50:078][  0]LogTemp: Display: Loaded TP Android_DXTTargetPlatform
[2017.10.24-17.10.50:141][  0]LogTemp: Display: Loaded TP Android_ETC1TargetPlatform
[2017.10.24-17.10.50:187][  0]LogTemp: Display: Loaded TP Android_ETC2TargetPlatform
[2017.10.24-17.10.50:288][  0]LogTemp: Display: Loaded TP Android_MultiTargetPlatform
[2017.10.24-17.10.50:288][  0]LogTemp: Display: Loaded TP Android_PVRTCTargetPlatform
[2017.10.24-17.10.50:327][  0]LogTemp: Display: Loaded TP HTML5TargetPlatform
[2017.10.24-17.10.50:412][  0]LogTemp: Display: Loaded TP IOSTargetPlatform
[2017.10.24-17.10.50:437][  0]LogTemp: Display: Loaded TP TVOSTargetPlatform
[2017.10.24-17.10.50:493][  0]LogTemp: Display: Loaded TP LinuxClientTargetPlatform
[2017.10.24-17.10.50:537][  0]LogTemp: Display: Loaded TP LinuxNoEditorTargetPlatform
[2017.10.24-17.10.50:588][  0]LogTemp: Display: Loaded TP LinuxServerTargetPlatform
[2017.10.24-17.10.50:632][  0]LogTemp: Display: Loaded TP LinuxTargetPlatform
[2017.10.24-17.10.50:632][  0]LogTargetPlatformManager: Display: Building Assets For Windows
[2017.10.24-17.10.51:063][  0]LogDerivedDataCache: Display: Max Cache Size: 512 MB
[2017.10.24-17.10.51:192][  0]LogDerivedDataCache: Loaded boot cache 0.13s 106MB C:/Users/Robert Forbes/AppData/Local/UnrealEngine/4.17/DerivedDataCache/Boot.ddc.
[2017.10.24-17.10.51:192][  0]LogDerivedDataCache: Display: Loaded Boot cache: C:/Users/Robert Forbes/AppData/Local/UnrealEngine/4.17/DerivedDataCache/Boot.ddc
[2017.10.24-17.10.51:192][  0]LogDerivedDataCache: FDerivedDataBackendGraph:  Pak pak cache file ../../../../../Unreal Projects/Plan-X/PlanX/DerivedDataCache/DDC.ddp not found, will not use a pak cache.
[2017.10.24-17.10.51:192][  0]LogDerivedDataCache: Unable to find inner node Pak for hierarchical cache Hierarchy.
[2017.10.24-17.10.51:192][  0]LogDerivedDataCache: FDerivedDataBackendGraph:  CompressedPak pak cache file ../../../../../Unreal Projects/Plan-X/PlanX/DerivedDataCache/Compressed.ddp not found, will not use a pak cache.
[2017.10.24-17.10.51:192][  0]LogDerivedDataCache: Unable to find inner node CompressedPak for hierarchical cache Hierarchy.
[2017.10.24-17.10.51:208][  0]LogDerivedDataCache: Display: Pak cache opened for reading ../../../Engine/DerivedDataCache/Compressed.ddp.
[2017.10.24-17.10.51:220][  0]LogDerivedDataCache: Using Local data cache path C:/Users/Robert Forbes/AppData/Local/UnrealEngine/Common/DerivedDataCache: Writable
[2017.10.24-17.10.51:231][  0]LogMaterial: Verifying Global Shaders for PCD3D_SM5
[2017.10.24-17.10.51:235][  0]LogSlate: Using Freetype 2.6.0
[2017.10.24-17.10.51:236][  0]LogSlate: SlateFontCache - WITH_FREETYPE: 1, WITH_HARFBUZZ: 1
[2017.10.24-17.10.51:236][  0]LogSlate: SlateFontCache - WITH_FREETYPE: 1, WITH_HARFBUZZ: 1
[2017.10.24-17.10.51:548][  0]LogAssetRegistry: FAssetRegistry took 0.0259 seconds to start up
[2017.10.24-17.10.51:680][  0]LogInit: Selected Device Profile: [Windows]
[2017.10.24-17.10.51:897][  0]LogContentStreaming: Texture pool size is 0.00 MB
[2017.10.24-17.10.52:224][  0]LogSimplygon: Simplygon DLL not present - disabling.
[2017.10.24-17.10.52:261][  0]LogMeshReduction: Using SimplygonSwarm for distributed automatic mesh merging
[2017.10.24-17.10.52:261][  0]LogMeshReduction: Using QuadricMeshReduction for automatic static mesh reduction
[2017.10.24-17.10.52:261][  0]LogMeshReduction: No automatic skeletal mesh reduction module available
[2017.10.24-17.10.52:261][  0]LogMeshReduction: No automatic mesh merging module available
[2017.10.24-17.10.52:261][  0]LogMeshMerging: No automatic mesh merging module available
[2017.10.24-17.10.52:707][  0]LogNetVersion: PlanX , NetCL: 3573198, EngineNetVer: 2, GameNetVer: 0 (Checksum: 4232075429)
[2017.10.24-17.10.53:035][  0]LogPackageLocalizationCache: Processed 4 localized package path(s) for 2 prioritized culture(s) in 0.092090 seconds
[2017.10.24-17.10.53:042][  0]LogUObjectArray: 35825 objects as part of root set at end of initial load.
[2017.10.24-17.10.53:042][  0]LogUObjectAllocator: 7529104 out of 0 bytes used by permanent object pool.
[2017.10.24-17.10.53:042][  0]LogUObjectArray: CloseDisregardForGC: 0/0 objects in disregard for GC pool
[2017.10.24-17.10.53:105][  0]LogInit: WinSock: version 1.1 (2.2), MaxSocks=32767, MaxUdp=65467
[2017.10.24-17.10.55:843][  0]LogTcpMessaging: Initializing TcpMessaging bridge
[2017.10.24-17.10.55:878][  0]LogUdpMessaging: Initializing bridge on interface 0.0.0.0:0 to multicast group 230.0.0.1:6666.
[2017.10.24-17.10.56:395][  0]SourceControl: Source control is disabled
[2017.10.24-17.10.57:576][  0]LogAndroidPermission: UAndroidPermissionCallbackProxy::GetInstance
[2017.10.24-17.10.58:633][  0]LogAnsel: Tried to load ../../../Engine/Plugins/Runtime/Nvidia/Ansel/Binaries/ThirdParty/AnselSDK64.dll : success=1
[2017.10.24-17.10.58:679][  0]LogOcInput: OculusInput pre-init called
[2017.10.24-17.10.58:942][  0]LogEngine: Initializing Engine...
[2017.10.24-17.10.58:980][  0]LogHMD: Failed to initialize OpenVR with code 117
[2017.10.24-17.10.59:270][  0]LogStats: UGameplayTagsManager::ConstructGameplayTagTree: Construct from data asset -  0.000 s
[2017.10.24-17.10.59:270][  0]LogStats: UGameplayTagsManager::ConstructGameplayTagTree: GameplayTagTreeChangedEvent.Broadcast -  0.000 s
[2017.10.24-17.10.59:400][  0]LogAIModule: Creating AISystem for world Untitled
[2017.10.24-17.10.59:425][  0]LogInit: XAudio2 using 'REAL SPEAKERS!!!!!!!!!! (Realtek High Definition Audio)' : 2 channels at 48 kHz using 32 bits per sample (channel mask 0x3)
[2017.10.24-17.10.59:480][  0]LogInit: FAudioDevice initialized.
[2017.10.24-17.10.59:603][  0]LogDerivedDataCache: Saved boot cache 0.12s 106MB C:/Users/Robert Forbes/AppData/Local/UnrealEngine/4.17/DerivedDataCache/Boot.ddc.
[2017.10.24-17.10.59:623][  0]LogInit: Texture streaming: Enabled
[2017.10.24-17.10.59:665][  0]LogMaterial: Uniform references updated for custom material expression Custom.
[2017.10.24-17.11.00:016][  0]LogEngineSessionManager: EngineSessionManager initialized
[2017.10.24-17.11.00:229][  0]LogInit: Transaction tracking system initialized
[2017.10.24-17.11.00:644][  0]BlueprintLog: New page: Editor Load
[2017.10.24-17.11.01:493][  0]LocalizationService: Localization service is disabled
[2017.10.24-17.11.02:195][  0]LogConsoleResponse: Display: 
[2017.10.24-17.11.02:681][  0]LogCook: Display: Max memory allowance for cook 16384mb min free memory 0mb
[2017.10.24-17.11.02:681][  0]LogCook: Display: Mobile HDR setting 1
[2017.10.24-17.11.02:682][  0]LogGameplayTags: Display: UGameplayTagsManager::DoneAddingNativeTags. DelegateIsBound: 0
[2017.10.24-17.11.03:107][  0]LogFileCache: Scanning file cache for directory 'Q:/Unreal Projects/Plan-X/PlanX/Content/' took 0.05s
[2017.10.24-17.11.03:741][  0]Cmd: MAP LOAD FILE="../../../../../Unreal Projects/Plan-X/PlanX/Content/VirtualRealityBP/Maps/MotionControllerMap.umap" TEMPLATE=0 SHOWPROGRESS=1 FEATURELEVEL=3
[2017.10.24-17.11.03:755][  0]LightingResults: New page: Lighting Build
[2017.10.24-17.11.03:787][  0]MapCheck: New page: Map Check
[2017.10.24-17.11.03:787][  0]LightingResults: New page: Lighting Build
[2017.10.24-17.11.05:218][  0]LogAIModule: Creating AISystem for world MotionControllerMap
[2017.10.24-17.11.05:234][  0]LogEditorServer: Finished looking for orphan Actors (0.000 secs)
[2017.10.24-17.11.05:252][  0]Cmd: MAP CHECKDEP NOCLEARLOG
[2017.10.24-17.11.05:348][  0]MapCheck: Map check complete: 0 Error(s), 0 Warning(s), took 95.692ms to complete.
[2017.10.24-17.11.05:348][  0]LogFileHelpers: Loading map 'MotionControllerMap' took 1.607
[2017.10.24-17.11.05:627][  0]LogCollectionManager: Loaded 0 collections in 0.001632 seconds
[2017.10.24-17.11.05:717][  0]LogFileCache: Scanning file cache for directory 'Q:/Unreal Projects/Plan-X/PlanX/Saved/Collections/' took 0.01s
[2017.10.24-17.11.05:717][  0]LogFileCache: Scanning file cache for directory 'Q:/Unreal Projects/Plan-X/PlanX/Content/Developers/RobertForbes/Collections/' took 0.01s
[2017.10.24-17.11.05:717][  0]LogFileCache: Scanning file cache for directory 'Q:/Unreal Projects/Plan-X/PlanX/Content/Collections/' took 0.01s
[2017.10.24-17.11.05:717][  0]LogCollectionManager: Rebuilt the GUID cache for 0 collections in 0.000001 seconds
[2017.10.24-17.11.05:727][  0]LogContentBrowser: Native class hierarchy populated in 0.0092 seconds. Added 2337 classes and 483 folders.
[2017.10.24-17.11.05:820][  0]LogContentBrowser: Native class hierarchy updated for 'WidgetCarousel' in 0.0009 seconds. Added 0 classes and 0 folders.
[2017.10.24-17.11.09:089][  0]LogContentBrowser: Native class hierarchy updated for 'AddContentDialog' in 0.0009 seconds. Added 0 classes and 0 folders.
[2017.10.24-17.11.09:136][  0]LogContentBrowser: Native class hierarchy updated for 'SceneOutliner' in 0.0009 seconds. Added 1 classes and 2 folders.
[2017.10.24-17.11.09:243][  0]LogSlate: Took 0.000426 seconds to synchronously load lazily loaded font '../../../Engine/Content/Slate/Fonts/Roboto-Regular.ttf' (155K)
[2017.10.24-17.11.09:246][  0]LogSlate: Took 0.000522 seconds to synchronously load lazily loaded font '../../../Engine/Content/Slate/Fonts/Roboto-Bold.ttf' (160K)
[2017.10.24-17.11.09:300][  0]LogSlate: Took 0.046952 seconds to synchronously load lazily loaded font '../../../Engine/Content/Editor/Slate/Fonts/FontAwesome.ttf' (139K)
[2017.10.24-17.11.09:455][  0]LogRenderer: Reallocating scene render targets to support 1208x536 Format 26 NumSamples 1 (Frame:1).
[2017.10.24-17.11.09:701][  0]LogContentBrowser: Native class hierarchy updated for 'HierarchicalLODOutliner' in 0.0008 seconds. Added 1 classes and 2 folders.
[2017.10.24-17.11.09:701][  0]LogLoad: (Engine Initialization) Total time: 25.03 seconds
[2017.10.24-17.11.09:701][  0]LogLoad: (Engine Initialization) Total Blueprint compile time: 0.00 seconds
[2017.10.24-17.11.09:701][  0]LogExternalProfiler: Found external profiler: VSPerf
[2017.10.24-17.11.09:702][  0]LogExternalProfiler: Using external profiler: VSPerf
[2017.10.24-17.11.09:712][  0]LogWindowsTextInputMethodSystem: Display: IME system now deactivated.
[2017.10.24-17.11.09:744][  0]SourceControl: On branch master
[2017.10.24-17.11.09:744][  0]SourceControl: Your branch is up-to-date with 'origin/master'.
[2017.10.24-17.11.09:744][  0]SourceControl: Changes to be committed:
[2017.10.24-17.11.09:744][  0]SourceControl:   (use "git reset HEAD <file>..." to unstage)
[2017.10.24-17.11.09:744][  0]SourceControl: 	new file:   PlanX/Content/Assets/Character_Mesh/SK_Mannequin.uasset
[2017.10.24-17.11.09:744][  0]SourceControl: 	new file:   PlanX/Content/Assets/Character_Mesh/SK_Mannequin_PhysicsAsset.uasset
[2017.10.24-17.11.09:744][  0]SourceControl: 	new file:   PlanX/Content/Assets/Character_Mesh/SK_Mannequin_Skeleton.uasset
[2017.10.24-17.11.09:744][  0]SourceControl: 	new file:   PlanX/Content/Assets/Character_Mesh/ThirdPersonIdle.uasset
[2017.10.24-17.11.09:744][  0]SourceControl: 	new file:   PlanX/Content/Assets/HUD/Player_HUD_Widget.uasset
[2017.10.24-17.11.09:744][  0]SourceControl: Changes not staged for commit:
[2017.10.24-17.11.09:745][  0]SourceControl:   (use "git add/rm <file>..." to update what will be committed)
[2017.10.24-17.11.09:745][  0]SourceControl:   (use "git checkout -- <file>..." to discard changes in working directory)
[2017.10.24-17.11.09:745][  0]SourceControl: 	modified:   PlanX/Content/Assets/Blueprints/Player_Disk_Actor.uasset
[2017.10.24-17.11.09:745][  0]SourceControl: 	modified:   PlanX/Content/Assets/Loose_Geometry/Geometry/Meshes/SM_1M_Cube_DM.uasset
[2017.10.24-17.11.09:745][  0]SourceControl: 	modified:   PlanX/Content/Assets/Mapt_data/F1_L1/Initial_F1_L1.umap
[2017.10.24-17.11.09:745][  0]SourceControl: 	modified:   PlanX/Content/Assets/Mapt_data/F1_L1/Initial_F1_L1_BuiltData.uasset
[2017.10.24-17.11.09:745][  0]SourceControl: 	modified:   PlanX/Content/VirtualRealityBP/Blueprints/MotionControllerPawn.uasset
[2017.10.24-17.11.09:745][  0]SourceControl: 	modified:   PlanX/Content/VirtualRealityBP/Maps/MotionControllerMap.umap
[2017.10.24-17.11.09:745][  0]SourceControl: 	modified:   PlanX/Content/VirtualRealityBP/Maps/MotionControllerMap_BuiltData.uasset
[2017.10.24-17.11.09:745][  0]SourceControl: 	modified:   PlanX/Intermediate/AssetRegistryCache/c90e3f55.bin
[2017.10.24-17.11.09:745][  0]SourceControl: 	modified:   PlanX/Intermediate/CachedAssetRegistry.bin
[2017.10.24-17.11.09:745][  0]SourceControl: 	modified:   PlanX/Intermediate/ReimportCache/3688439234.bin
[2017.10.24-17.11.09:745][  0]SourceControl: 	modified:   PlanX/Saved/AutoScreenshot.png
[2017.10.24-17.11.09:745][  0]SourceControl: 	modified:   PlanX/Saved/Autosaves/Game/VirtualRealityBP/Maps/MotionControllerMap_Auto1.umap
[2017.10.24-17.11.09:745][  0]SourceControl: 	deleted:    PlanX/Saved/Backup/BP_PickupCube1_2017-10-04-12-17-19.uasset
[2017.10.24-17.11.09:745][  0]SourceControl: 	deleted:    PlanX/Saved/Backup/BP_PickupCube2_2017-10-04-12-16-51.uasset
[2017.10.24-17.11.09:745][  0]SourceControl: 	deleted:    PlanX/Saved/Backup/Initial_F1_L1_2017-10-04-12-28-15.umap
[2017.10.24-17.11.09:745][  0]SourceControl: 	deleted:    PlanX/Saved/Backup/Initial_F1_L1_2017-10-04-12-33-25.umap
[2017.10.24-17.11.09:745][  0]SourceControl: 	deleted:    PlanX/Saved/Backup/Initial_F1_L1_2017-10-04-12-38-25.umap
[2017.10.24-17.11.09:745][  0]SourceControl: 	deleted:    PlanX/Saved/Backup/Initial_F1_L1_2017-10-04-12-45-49.umap
[2017.10.24-17.11.09:745][  0]SourceControl: 	deleted:    PlanX/Saved/Backup/Initial_F1_L1_2017-10-04-12-51-13.umap
[2017.10.24-17.11.09:745][  0]SourceControl: 	deleted:    PlanX/Saved/Backup/Initial_F1_L1_BuiltData_2017-10-04-12-28-16.uasset
[2017.10.24-17.11.09:745][  0]SourceControl: 	deleted:    PlanX/Saved/Backup/Initial_F1_L1_BuiltData_2017-10-04-12-33-26.uasset
[2017.10.24-17.11.09:745][  0]SourceControl: 	deleted:    PlanX/Saved/Backup/Initial_F1_L1_BuiltData_2017-10-04-12-38-26.uasset
[2017.10.24-17.11.09:745][  0]SourceControl: 	deleted:    PlanX/Saved/Backup/Initial_F1_L1_BuiltData_2017-10-04-12-45-49.uasset
[2017.10.24-17.11.09:745][  0]SourceControl: 	deleted:    PlanX/Saved/Backup/Initial_F1_L1_BuiltData_2017-10-04-12-51-14.uasset
[2017.10.24-17.11.09:745][  0]SourceControl: 	deleted:    PlanX/Saved/Backup/MotionControllerMap_2017-10-04-00-33-36.umap
[2017.10.24-17.11.09:745][  0]SourceControl: 	deleted:    PlanX/Saved/Backup/MotionControllerMap_2017-10-04-00-53-52.umap
[2017.10.24-17.11.09:745][  0]SourceControl: 	deleted:    PlanX/Saved/Backup/MotionControllerMap_2017-10-04-01-02-54.umap
[2017.10.24-17.11.09:745][  0]SourceControl: 	deleted:    PlanX/Saved/Backup/MotionControllerMap_2017-10-04-01-20-28.umap
[2017.10.24-17.11.09:745][  0]SourceControl: 	deleted:    PlanX/Saved/Backup/MotionControllerMap_2017-10-04-01-26-14.umap
[2017.10.24-17.11.09:745][  0]SourceControl: 	deleted:    PlanX/Saved/Backup/MotionControllerMap_2017-10-04-11-27-55.umap
[2017.10.24-17.11.09:745][  0]SourceControl: 	deleted:    PlanX/Saved/Backup/MotionControllerMap_2017-10-04-11-55-21.umap
[2017.10.24-17.11.09:745][  0]SourceControl: 	deleted:    PlanX/Saved/Backup/MotionControllerMap_2017-10-04-12-01-10.umap
[2017.10.24-17.11.09:745][  0]SourceControl: 	deleted:    PlanX/Saved/Backup/MotionControllerMap_2017-10-04-12-14-46.umap
[2017.10.24-17.11.09:745][  0]SourceControl: 	deleted:    PlanX/Saved/Backup/MotionControllerMap_2017-10-04-12-27-36.umap
[2017.10.24-17.11.09:745][  0]SourceControl: 	deleted:    PlanX/Saved/Backup/MotionControllerMap_2017-10-04-12-36-55.umap
[2017.10.24-17.11.09:745][  0]SourceControl: 	deleted:    PlanX/Saved/Backup/MotionControllerMap_BuiltData_2017-10-04-00-33-36.uasset
[2017.10.24-17.11.09:745][  0]SourceControl: 	deleted:    PlanX/Saved/Backup/MotionControllerMap_BuiltData_2017-10-04-01-02-54.uasset
[2017.10.24-17.11.09:745][  0]SourceControl: 	deleted:    PlanX/Saved/Backup/MotionControllerMap_BuiltData_2017-10-04-01-26-14.uasset
[2017.10.24-17.11.09:745][  0]SourceControl: 	deleted:    PlanX/Saved/Backup/MotionControllerMap_BuiltData_2017-10-04-11-28-31.uasset
[2017.10.24-17.11.09:745][  0]SourceControl: 	deleted:    PlanX/Saved/Backup/MotionControllerMap_BuiltData_2017-10-04-11-55-22.uasset
[2017.10.24-17.11.09:745][  0]SourceControl: 	deleted:    PlanX/Saved/Backup/MotionControllerMap_BuiltData_2017-10-04-12-01-10.uasset
[2017.10.24-17.11.09:745][  0]SourceControl: 	deleted:    PlanX/Saved/Backup/MotionControllerMap_BuiltData_2017-10-04-12-14-47.uasset
[2017.10.24-17.11.09:745][  0]SourceControl: 	deleted:    PlanX/Saved/Backup/MotionControllerMap_BuiltData_2017-10-04-12-27-37.uasset
[2017.10.24-17.11.09:745][  0]SourceControl: 	deleted:    PlanX/Saved/Backup/MotionControllerMap_BuiltData_2017-10-04-12-36-55.uasset
[2017.10.24-17.11.09:745][  0]SourceControl: 	deleted:    PlanX/Saved/Backup/MotionControllerPawn_2017-10-04-00-33-20.uasset
[2017.10.24-17.11.09:745][  0]SourceControl: 	deleted:    PlanX/Saved/Backup/MotionControllerPawn_2017-10-04-00-38-20.uasset
[2017.10.24-17.11.09:745][  0]SourceControl: 	deleted:    PlanX/Saved/Backup/MotionControllerPawn_2017-10-04-00-46-49.uasset
[2017.10.24-17.11.09:745][  0]SourceControl: 	deleted:    PlanX/Saved/Backup/MotionControllerPawn_2017-10-04-00-53-26.uasset
[2017.10.24-17.11.09:745][  0]SourceControl: 	deleted:    PlanX/Saved/Backup/MotionControllerPawn_2017-10-04-01-00-36.uasset
[2017.10.24-17.11.09:745][  0]SourceControl: 	deleted:    PlanX/Saved/Backup/MotionControllerPawn_2017-10-04-01-07-00.uasset
[2017.10.24-17.11.09:745][  0]SourceControl: 	deleted:    PlanX/Saved/Backup/MotionControllerPawn_2017-10-04-01-19-26.uasset
[2017.10.24-17.11.09:745][  0]SourceControl: 	deleted:    PlanX/Saved/Backup/MotionControllerPawn_2017-10-04-01-24-39.uasset
[2017.10.24-17.11.09:745][  0]SourceControl: 	deleted:    PlanX/Saved/Backup/MotionControllerPawn_2017-10-04-11-14-23.uasset
[2017.10.24-17.11.09:745][  0]SourceControl: 	deleted:    PlanX/Saved/Backup/MotionControllerPawn_2017-10-04-11-20-58.uasset
[2017.10.24-17.11.09:745][  0]SourceControl: 	deleted:    PlanX/Saved/Backup/MotionControllerPawn_2017-10-04-11-28-18.uasset
[2017.10.24-17.11.09:745][  0]SourceControl: 	deleted:    PlanX/Saved/Backup/MotionControllerPawn_2017-10-04-11-48-57.uasset
[2017.10.24-17.11.09:745][  0]SourceControl: 	deleted:    PlanX/Saved/Backup/MotionControllerPawn_2017-10-04-11-55-21.uasset
[2017.10.24-17.11.09:745][  0]SourceControl: 	deleted:    PlanX/Saved/Backup/MotionControllerPawn_2017-10-04-12-01-03.uasset
[2017.10.24-17.11.09:745][  0]SourceControl: 	modified:   PlanX/Saved/Config/Windows/EditorPerProjectUserSettings.ini
[2017.10.24-17.11.09:745][  0]SourceControl: 	deleted:    PlanX/Saved/Logs/PlanX-backup-2017.10.04-15.35.59.log
[2017.10.24-17.11.09:745][  0]SourceControl: 	deleted:    PlanX/Saved/Logs/PlanX-backup-2017.10.06-00.58.48.log
[2017.10.24-17.11.09:745][  0]SourceControl: 	deleted:    PlanX/Saved/Logs/PlanX-backup-2017.10.06-01.02.55.log
[2017.10.24-17.11.09:745][  0]SourceControl: 	deleted:    PlanX/Saved/Logs/PlanX-backup-2017.10.06-01.12.29.log
[2017.10.24-17.11.09:745][  0]SourceControl: 	deleted:    PlanX/Saved/Logs/PlanX-backup-2017.10.06-01.16.23.log
[2017.10.24-17.11.09:745][  0]SourceControl: 	deleted:    PlanX/Saved/Logs/PlanX-backup-2017.10.06-01.43.44.log
[2017.10.24-17.11.09:745][  0]SourceControl: 	deleted:    PlanX/Saved/Logs/PlanX-backup-2017.10.07-10.29.31.log
[2017.10.24-17.11.09:745][  0]SourceControl: 	deleted:    PlanX/Saved/Logs/PlanX-backup-2017.10.07-10.32.41.log
[2017.10.24-17.11.09:745][  0]SourceControl: 	modified:   PlanX/Saved/Logs/PlanX.log
[2017.10.24-17.11.09:745][  0]SourceControl: 	modified:   PlanX/Saved/Logs/PlanX_2.log
[2017.10.24-17.11.09:745][  0]SourceControl: Untracked files:
[2017.10.24-17.11.09:745][  0]SourceControl:   (use "git add <file>..." to include in what will be committed)
[2017.10.24-17.11.09:745][  0]SourceControl: 	PlanX/Content/Assets/Character_Mesh/Mannequin/
[2017.10.24-17.11.09:745][  0]SourceControl: 	PlanX/Content/Assets/Character_Mesh/SK_Mannequin.FBX
[2017.10.24-17.11.09:745][  0]SourceControl: 	PlanX/Content/Assets/Character_Mesh/ThirdPersonIdle.FBX
[2017.10.24-17.11.09:746][  0]SourceControl: 	PlanX/Saved/Autosaves/Engine/
[2017.10.24-17.11.09:746][  0]SourceControl: 	PlanX/Saved/Autosaves/Game/Assets/Blueprints/BP_PlayerHUD_Auto1.uasset
[2017.10.24-17.11.09:746][  0]SourceControl: 	PlanX/Saved/Autosaves/Game/Assets/Blueprints/Player_Disk_Actor_Auto1.uasset
[2017.10.24-17.11.09:746][  0]SourceControl: 	PlanX/Saved/Autosaves/Game/Assets/HUD/
[2017.10.24-17.11.09:746][  0]SourceControl: 	PlanX/Saved/Autosaves/Game/Assets/Loose_Geometry/
[2017.10.24-17.11.09:746][  0]SourceControl: 	PlanX/Saved/Autosaves/Game/Assets/Mapt_data/F1_L1/Initial_F1_L1_Auto1.umap
[2017.10.24-17.11.09:746][  0]SourceControl: 	PlanX/Saved/Backup/Initial_F1_L1_2017-10-24-12-09-42.umap
[2017.10.24-17.11.09:746][  0]SourceControl: 	PlanX/Saved/Backup/Initial_F1_L1_2017-10-24-12-19-45.umap
[2017.10.24-17.11.09:746][  0]SourceControl: 	PlanX/Saved/Backup/Initial_F1_L1_2017-10-24-13-08-48.umap
[2017.10.24-17.11.09:746][  0]SourceControl: 	PlanX/Saved/Backup/Initial_F1_L1_BuiltData_2017-10-24-12-09-44.uasset
[2017.10.24-17.11.09:746][  0]SourceControl: 	PlanX/Saved/Backup/Initial_F1_L1_BuiltData_2017-10-24-13-08-49.uasset
[2017.10.24-17.11.09:746][  0]SourceControl: 	PlanX/Saved/Backup/Initial_Fl_L2_CMR_2017-10-07-11-13-01.umap
[2017.10.24-17.11.09:746][  0]SourceControl: 	PlanX/Saved/Backup/Initial_Fl_L2_CMR_2017-10-09-20-40-26.umap
[2017.10.24-17.11.09:746][  0]SourceControl: 	PlanX/Saved/Backup/Initial_Fl_L2_CMR_2017-10-09-20-51-52.umap
[2017.10.24-17.11.09:746][  0]SourceControl: 	PlanX/Saved/Backup/Initial_Fl_L2_CMR_2017-10-09-21-14-41.umap
[2017.10.24-17.11.09:746][  0]SourceControl: 	PlanX/Saved/Backup/MotionControllerMap_2017-10-07-11-24-49.umap
[2017.10.24-17.11.09:746][  0]SourceControl: 	PlanX/Saved/Backup/MotionControllerMap_2017-10-07-11-33-59.umap
[2017.10.24-17.11.09:746][  0]SourceControl: 	PlanX/Saved/Backup/MotionControllerMap_2017-10-09-11-02-48.umap
[2017.10.24-17.11.09:746][  0]SourceControl: 	PlanX/Saved/Backup/MotionControllerMap_2017-10-09-20-35-11.umap
[2017.10.24-17.11.09:746][  0]SourceControl: 	PlanX/Saved/Backup/MotionControllerMap_2017-10-09-20-52-12.umap
[2017.10.24-17.11.09:746][  0]SourceControl: 	PlanX/Saved/Backup/MotionControllerMap_2017-10-11-01-06-11.umap
[2017.10.24-17.11.09:746][  0]SourceControl: 	PlanX/Saved/Backup/MotionControllerMap_2017-10-11-01-18-51.umap
[2017.10.24-17.11.09:746][  0]SourceControl: 	PlanX/Saved/Backup/MotionControllerMap_2017-10-11-01-34-11.umap
[2017.10.24-17.11.09:746][  0]SourceControl: 	PlanX/Saved/Backup/MotionControllerMap_2017-10-13-23-43-49.umap
[2017.10.24-17.11.09:746][  0]SourceControl: 	PlanX/Saved/Backup/MotionControllerMap_2017-10-13-23-57-45.umap
[2017.10.24-17.11.09:746][  0]SourceControl: 	PlanX/Saved/Backup/MotionControllerMap_2017-10-14-00-07-50.umap
[2017.10.24-17.11.09:746][  0]SourceControl: 	PlanX/Saved/Backup/MotionControllerMap_2017-10-14-12-08-27.umap
[2017.10.24-17.11.09:746][  0]SourceControl: 	PlanX/Saved/Backup/MotionControllerMap_2017-10-14-13-56-20.umap
[2017.10.24-17.11.09:746][  0]SourceControl: 	PlanX/Saved/Backup/MotionControllerMap_BuiltData_2017-10-07-11-24-49.uasset
[2017.10.24-17.11.09:746][  0]SourceControl: 	PlanX/Saved/Backup/MotionControllerMap_BuiltData_2017-10-07-11-33-59.uasset
[2017.10.24-17.11.09:746][  0]SourceControl: 	PlanX/Saved/Backup/MotionControllerMap_BuiltData_2017-10-09-11-02-49.uasset
[2017.10.24-17.11.09:746][  0]SourceControl: 	PlanX/Saved/Backup/MotionControllerMap_BuiltData_2017-10-09-20-35-11.uasset
[2017.10.24-17.11.09:746][  0]SourceControl: 	PlanX/Saved/Backup/MotionControllerMap_BuiltData_2017-10-09-20-52-13.uasset
[2017.10.24-17.11.09:746][  0]SourceControl: 	PlanX/Saved/Backup/MotionControllerMap_BuiltData_2017-10-11-01-06-12.uasset
[2017.10.24-17.11.09:746][  0]SourceControl: 	PlanX/Saved/Backup/MotionControllerMap_BuiltData_2017-10-11-01-34-11.uasset
[2017.10.24-17.11.09:746][  0]SourceControl: 	PlanX/Saved/Backup/MotionControllerMap_BuiltData_2017-10-13-23-43-50.uasset
[2017.10.24-17.11.09:746][  0]SourceControl: 	PlanX/Saved/Backup/MotionControllerMap_BuiltData_2017-10-14-12-08-27.uasset
[2017.10.24-17.11.09:746][  0]SourceControl: 	PlanX/Saved/Backup/MotionControllerMap_BuiltData_2017-10-14-13-56-21.uasset
[2017.10.24-17.11.09:746][  0]SourceControl: 	PlanX/Saved/Backup/MotionControllerPawn_2017-10-07-11-24-29.uasset
[2017.10.24-17.11.09:746][  0]SourceControl: 	PlanX/Saved/Backup/MotionControllerPawn_2017-10-07-11-33-12.uasset
[2017.10.24-17.11.09:746][  0]SourceControl: 	PlanX/Saved/Backup/MotionControllerPawn_2017-10-09-20-36-03.uasset
[2017.10.24-17.11.09:746][  0]SourceControl: 	PlanX/Saved/Backup/MotionControllerPawn_2017-10-09-20-43-24.uasset
[2017.10.24-17.11.09:746][  0]SourceControl: 	PlanX/Saved/Backup/MotionControllerPawn_2017-10-09-20-48-54.uasset
[2017.10.24-17.11.09:746][  0]SourceControl: 	PlanX/Saved/Backup/MotionControllerPawn_2017-10-11-01-01-50.uasset
[2017.10.24-17.11.09:746][  0]SourceControl: 	PlanX/Saved/Backup/MotionControllerPawn_2017-10-11-01-07-21.uasset
[2017.10.24-17.11.09:746][  0]SourceControl: 	PlanX/Saved/Backup/MotionControllerPawn_2017-10-11-01-12-29.uasset
[2017.10.24-17.11.09:746][  0]SourceControl: 	PlanX/Saved/Backup/MotionControllerPawn_2017-10-11-01-19-59.uasset
[2017.10.24-17.11.09:746][  0]SourceControl: 	PlanX/Saved/Backup/MotionControllerPawn_2017-10-11-01-28-45.uasset
[2017.10.24-17.11.09:746][  0]SourceControl: 	PlanX/Saved/Backup/MotionControllerPawn_2017-10-11-01-33-59.uasset
[2017.10.24-17.11.09:746][  0]SourceControl: 	PlanX/Saved/Backup/MotionControllerPawn_2017-10-13-23-51-47.uasset
[2017.10.24-17.11.09:746][  0]SourceControl: 	PlanX/Saved/Backup/Player_Disk_Actor_2017-10-13-23-54-59.uasset
[2017.10.24-17.11.09:746][  0]SourceControl: 	PlanX/Saved/Backup/Player_Disk_Actor_2017-10-14-00-00-19.uasset
[2017.10.24-17.11.09:746][  0]SourceControl: 	PlanX/Saved/Backup/Player_Disk_Actor_2017-10-14-00-07-45.uasset
[2017.10.24-17.11.09:746][  0]SourceControl: 	PlanX/Saved/Backup/Randome_Box_BP_2017-10-09-20-59-25.uasset
[2017.10.24-17.11.09:746][  0]SourceControl: 	PlanX/Saved/Backup/SM_1M_Cube_DM_2017-10-13-23-36-13.uasset
[2017.10.24-17.11.09:746][  0]SourceControl: 	PlanX/Saved/Backup/SM_1M_Cube_DM_2017-10-13-23-57-45.uasset
[2017.10.24-17.11.09:746][  0]SourceControl: 	PlanX/Saved/Backup/SM_1M_Cube_DM_2017-10-14-00-07-50.uasset
[2017.10.24-17.11.09:746][  0]SourceControl: 	PlanX/Saved/Backup/Sphere_DM_2017-10-24-12-19-46.uasset
[2017.10.24-17.11.09:746][  0]SourceControl: 	PlanX/Saved/Backup/Sphere_DM_2017-10-24-12-29-18.uasset
[2017.10.24-17.11.09:746][  0]SourceControl: 	PlanX/Saved/Backup/Sphere_DM_2017-10-24-12-55-18.uasset
[2017.10.24-17.11.09:746][  0]SourceControl: 	PlanX/Saved/Backup/Sphere_DM_2017-10-24-13-02-13.uasset
[2017.10.24-17.11.09:746][  0]SourceControl: 	PlanX/Saved/Backup/Sphere_DM_2017-10-24-13-08-45.uasset
[2017.10.24-17.11.09:746][  0]SourceControl: 	PlanX/Saved/Config/WorldState/988875376.json
[2017.10.24-17.11.09:746][  0]SourceControl: 	PlanX/Saved/Crashes/UE4CC-Windows-067D050544C8F5E6D7399C8775ED764A_0000/
[2017.10.24-17.11.09:746][  0]SourceControl: 	PlanX/Saved/Crashes/UE4CC-Windows-35FA68BA4451DCC3BEF711844F73EF0E_0000/
[2017.10.24-17.11.09:746][  0]SourceControl: 	PlanX/Saved/Crashes/UE4CC-Windows-943EDD8D495D2F95996D9BB838CE2C1A_0000/
[2017.10.24-17.11.09:746][  0]SourceControl: 	PlanX/Saved/Crashes/UE4CC-Windows-EE1E721C4F48446C8868B0A473EC258B_0000/
[2017.10.24-17.11.09:746][  0]SourceControl: 	PlanX/Saved/Crashes/UE4CC-Windows-EE1E721C4F48446C8868B0A473EC258B_0001/
[2017.10.24-17.11.09:746][  0]SourceControl: 	PlanX/Saved/Logs/PlanX-backup-2017.10.23-23.14.25.log
[2017.10.24-17.11.09:746][  0]SourceControl: 	PlanX/Saved/Logs/PlanX-backup-2017.10.24-12.04.13.log
[2017.10.24-17.11.09:746][  0]SourceControl: 	PlanX/Saved/Logs/PlanX-backup-2017.10.24-13.10.46.log
[2017.10.24-17.11.09:747][  0]LogContentStreaming: Texture pool size now 600 MB
[2017.10.24-17.11.09:899][  0]LogRenderer: Reallocating scene render targets to support 1208x552 Format 26 NumSamples 1 (Frame:2).
[2017.10.24-17.11.09:900][  0]LogSlate: Took 0.000229 seconds to synchronously load lazily loaded font '../../../Engine/Content/Slate/Fonts/Roboto-Light.ttf' (159K)
[2017.10.24-17.11.09:963][  1]LogAssetRegistry: Asset discovery search completed in 18.4360 seconds
[2017.10.24-17.11.09:965][  1]LogCollectionManager: Rebuilt the object cache for 0 collections in 0.000001 seconds (found 0 objects)
[2017.10.24-17.11.09:965][  1]LogCollectionManager: Fixed up redirectors for 0 collections in 0.000060 seconds (updated 0 objects)
[2017.10.24-17.11.14:951][453]LogFileCache: Retrieving MD5 hashes for directory 'Q:/Unreal Projects/Plan-X/PlanX/Content/' took 5.23s
[2017.10.24-17.11.16:926][667]LogSlate: Took 0.000251 seconds to synchronously load lazily loaded font '../../../Engine/Content/Slate/Fonts/Roboto-Light.ttf' (159K)
[2017.10.24-17.11.17:234][667]LogAIModule: Creating AISystem for world Initial_F1_L1
[2017.10.24-17.11.17:299][667]Cmd: MAP LOAD FILE="../../../../../Unreal Projects/Plan-X/PlanX/Content/Assets/Mapt_data/F1_L1/Initial_F1_L1.umap" TEMPLATE=0 SHOWPROGRESS=1 FEATURELEVEL=3
[2017.10.24-17.11.17:299][667]LightingResults: New page: Lighting Build
[2017.10.24-17.11.17:300][667]LoadErrors: New page: Loading map: Initial_F1_L1.umap
[2017.10.24-17.11.17:301][667]MapCheck: New page: Map Check
[2017.10.24-17.11.17:301][667]LightingResults: New page: Lighting Build
[2017.10.24-17.11.17:437][667]LogEditorServer: Finished looking for orphan Actors (0.000 secs)
[2017.10.24-17.11.17:508][667]Cmd: MAP CHECKDEP NOCLEARLOG
[2017.10.24-17.11.17:578][667]MapCheck: Map check complete: 0 Error(s), 0 Warning(s), took 69.917ms to complete.
[2017.10.24-17.11.17:578][667]LogFileHelpers: Loading map 'Initial_F1_L1' took 0.280
[2017.10.24-17.11.20:382][769]LogSavePackage: Save=756.85ms
[2017.10.24-17.11.20:382][769]LogSavePackage: Moving '../../../../../Unreal Projects/Plan-X/PlanX/Saved/Initial_F1_L1F4639F88445BB7C90F7F05A711894907.tmp' to '../../../../../Unreal Projects/Plan-X/PlanX/Content/Assets/Mapt_data/F1_L1/Initial_F1_L1.umap'
[2017.10.24-17.11.20:384][769]LogSavePackage: Display: Finished SavePackage ../../../../../Unreal Projects/Plan-X/PlanX/Content/Assets/Mapt_data/F1_L1/Initial_F1_L1.umap
[2017.10.24-17.11.20:884][769]LogSavePackage: Save=357.96ms
[2017.10.24-17.11.20:885][769]LogSavePackage: Moving '../../../../../Unreal Projects/Plan-X/PlanX/Saved/Initial_F1_L1_BuiltData902D59404C4B92AAAF19168DB139C55F.tmp' to '../../../../../Unreal Projects/Plan-X/PlanX/Content/Assets/Mapt_data/F1_L1/Initial_F1_L1_BuiltData.uasset'
[2017.10.24-17.11.20:886][769]LogSavePackage: Display: Finished SavePackage ../../../../../Unreal Projects/Plan-X/PlanX/Content/Assets/Mapt_data/F1_L1/Initial_F1_L1_BuiltData.uasset
[2017.10.24-17.11.30:964][230]LogWindowsTextInputMethodSystem: Display: IME system now deactivated.
[2017.10.24-17.11.31:163][231]Cmd: QUIT_EDITOR
[2017.10.24-17.11.31:204][231]LogExit: Preparing to exit.
[2017.10.24-17.11.32:058][231]LogDirectoryWatcher: A directory notification for 'Q:/Unreal Projects/Plan-X/PlanX/Content/' was aborted.
[2017.10.24-17.11.32:105][231]LogExit: Editor shut down
[2017.10.24-17.11.32:109][231]LogExit: Transaction tracking system shut down
[2017.10.24-17.11.32:290][231]LogDirectoryWatcher: A directory notification for '../../../Engine/Content/' was aborted.
[2017.10.24-17.11.32:290][231]LogDirectoryWatcher: A directory notification for '../../../../../Unreal Projects/Plan-X/PlanX/Content/' was aborted.
[2017.10.24-17.11.32:290][231]LogDirectoryWatcher: A directory notification for '../../../Engine/Plugins/Runtime/Oculus/OculusVR/Content/' was aborted.
[2017.10.24-17.11.32:290][231]LogDirectoryWatcher: A directory notification for '../../../Engine/Plugins/Runtime/Steam/SteamVR/Content/' was aborted.
[2017.10.24-17.11.32:354][231]LogExit: Object subsystem successfully closed.
[2017.10.24-17.11.32:368][231]LogD3D11RHI: Shutdown
[2017.10.24-17.11.32:368][231]LogD3D11RHI: CleanupD3DDevice
[2017.10.24-17.11.32:427][231]LogD3D11RHI: ~FD3D11DynamicRHI
[2017.10.24-17.11.32:435][231]LogModuleManager: Shutting down and abandoning module HierarchicalLODOutliner (522)
[2017.10.24-17.11.32:435][231]LogModuleManager: Shutting down and abandoning module SceneOutliner (520)
[2017.10.24-17.11.32:435][231]LogModuleManager: Shutting down and abandoning module AddContentDialog (518)
[2017.10.24-17.11.32:435][231]LogDirectoryWatcher: A directory notification for 'Q:/Unreal Engine/UE_4.17/FeaturePacks/' was aborted.
[2017.10.24-17.11.32:436][231]LogModuleManager: Shutting down and abandoning module WidgetCarousel (517)
[2017.10.24-17.11.32:436][231]LogModuleManager: Shutting down and abandoning module EditorWidgets (514)
[2017.10.24-17.11.32:436][231]LogModuleManager: Shutting down and abandoning module CollectionManager (512)
[2017.10.24-17.11.32:436][231]LogDirectoryWatcher: A directory notification for 'Q:/Unreal Projects/Plan-X/PlanX/Content/Collections/' was aborted.
[2017.10.24-17.11.32:436][231]LogDirectoryWatcher: A directory notification for 'Q:/Unreal Projects/Plan-X/PlanX/Content/Developers/RobertForbes/Collections/' was aborted.
[2017.10.24-17.11.32:436][231]LogDirectoryWatcher: A directory notification for 'Q:/Unreal Projects/Plan-X/PlanX/Saved/Collections/' was aborted.
[2017.10.24-17.11.32:436][231]LogModuleManager: Shutting down and abandoning module StatsViewer (510)
[2017.10.24-17.11.32:436][231]LogModuleManager: Shutting down and abandoning module FoliageEdit (508)
[2017.10.24-17.11.32:436][231]LogModuleManager: Shutting down and abandoning module LandscapeEditor (506)
[2017.10.24-17.11.32:436][231]LogModuleManager: Shutting down and abandoning module MeshPaintMode (504)
[2017.10.24-17.11.32:436][231]LogModuleManager: Shutting down and abandoning module MeshPaint (503)
[2017.10.24-17.11.32:436][231]LogModuleManager: Shutting down and abandoning module SceneDepthPickerMode (500)
[2017.10.24-17.11.32:436][231]LogModuleManager: Shutting down and abandoning module ActorPickerMode (498)
[2017.10.24-17.11.32:436][231]LogModuleManager: Shutting down and abandoning module GeometryMode (496)
[2017.10.24-17.11.32:436][231]LogModuleManager: Shutting down and abandoning module TextureAlignMode (494)
[2017.10.24-17.11.32:436][231]LogModuleManager: Shutting down and abandoning module BspMode (492)
[2017.10.24-17.11.32:436][231]LogModuleManager: Shutting down and abandoning module PIEPreviewDeviceProfileSelector (490)
[2017.10.24-17.11.32:436][231]LogModuleManager: Shutting down and abandoning module HardwareSurvey (488)
[2017.10.24-17.11.32:436][231]LogModuleManager: Shutting down and abandoning module SequenceRecorderSections (486)
[2017.10.24-17.11.32:437][231]LogModuleManager: Shutting down and abandoning module AutomationWorker (484)
[2017.10.24-17.11.32:437][231]LogModuleManager: Shutting down and abandoning module MatineeToLevelSequence (482)
[2017.10.24-17.11.32:437][231]LogModuleManager: Shutting down and abandoning module LevelSequenceEditor (480)
[2017.10.24-17.11.32:437][231]LogModuleManager: Shutting down and abandoning module PlacementMode (479)
[2017.10.24-17.11.32:437][231]LogModuleManager: Shutting down and abandoning module WmfMediaFactory (476)
[2017.10.24-17.11.32:437][231]LogModuleManager: Shutting down and abandoning module WmfMediaEditor (474)
[2017.10.24-17.11.32:437][231]LogModuleManager: Shutting down and abandoning module AvfMediaFactory (472)
[2017.10.24-17.11.32:437][231]LogModuleManager: Shutting down and abandoning module AvfMediaEditor (470)
[2017.10.24-17.11.32:437][231]LogModuleManager: Shutting down and abandoning module AndroidMediaFactory (468)
[2017.10.24-17.11.32:437][231]LogModuleManager: Shutting down and abandoning module Media (467)
[2017.10.24-17.11.32:437][231]LogModuleManager: Shutting down and abandoning module AndroidMediaEditor (464)
[2017.10.24-17.11.32:437][231]LogModuleManager: Shutting down and abandoning module CharacterAI (462)
[2017.10.24-17.11.32:437][231]LogModuleManager: Shutting down and abandoning module AudioCapture (460)
[2017.10.24-17.11.32:437][231]LogModuleManager: Shutting down and abandoning module SequenceRecorder (459)
[2017.10.24-17.11.32:437][231]LogModuleManager: Shutting down and abandoning module SessionServices (456)
[2017.10.24-17.11.32:437][231]LogModuleManager: Shutting down and abandoning module ViewportSnapping (454)
[2017.10.24-17.11.32:437][231]LogModuleManager: Shutting down and abandoning module ViewportInteraction (452)
[2017.10.24-17.11.32:437][231]LogModuleManager: Shutting down and abandoning module ClothPainter (450)
[2017.10.24-17.11.32:437][231]LogModuleManager: Shutting down and abandoning module LogVisualizer (448)
[2017.10.24-17.11.32:437][231]LogModuleManager: Shutting down and abandoning module IntroTutorials (446)
[2017.10.24-17.11.32:437][231]LogModuleManager: Shutting down and abandoning module GameProjectGeneration (445)
[2017.10.24-17.11.32:437][231]LogModuleManager: Shutting down and abandoning module IOSPlatformEditor (442)
[2017.10.24-17.11.32:437][231]LogModuleManager: Shutting down and abandoning module HTML5PlatformEditor (440)
[2017.10.24-17.11.32:437][231]LogModuleManager: Shutting down and abandoning module AndroidPlatformEditor (438)
[2017.10.24-17.11.32:437][231]LogModuleManager: Shutting down and abandoning module AndroidDeviceDetection (437)
[2017.10.24-17.11.32:880][231]LogModuleManager: Shutting down and abandoning module WindowsPlatformEditor (434)
[2017.10.24-17.11.32:880][231]LogModuleManager: Shutting down and abandoning module IOSRuntimeSettings (432)
[2017.10.24-17.11.32:880][231]LogModuleManager: Shutting down and abandoning module AndroidRuntimeSettings (430)
[2017.10.24-17.11.32:880][231]LogModuleManager: Shutting down and abandoning module InputBindingEditor (428)
[2017.10.24-17.11.32:880][231]LogModuleManager: Shutting down and abandoning module MergeActors (426)
[2017.10.24-17.11.32:880][231]LogModuleManager: Shutting down and abandoning module SizeMap (424)
[2017.10.24-17.11.32:880][231]LogModuleManager: Shutting down and abandoning module TreeMap (422)
[2017.10.24-17.11.32:880][231]LogModuleManager: Shutting down and abandoning module ReferenceViewer (420)
[2017.10.24-17.11.32:880][231]LogModuleManager: Shutting down and abandoning module LocalizationDashboard (418)
[2017.10.24-17.11.32:880][231]LogModuleManager: Shutting down and abandoning module LocalizationService (417)
[2017.10.24-17.11.32:880][231]LogModuleManager: Shutting down and abandoning module HardwareTargeting (414)
[2017.10.24-17.11.32:880][231]LogModuleManager: Shutting down and abandoning module DeviceProfileEditor (412)
[2017.10.24-17.11.32:880][231]LogModuleManager: Shutting down and abandoning module UndoHistory (410)
[2017.10.24-17.11.32:880][231]LogModuleManager: Shutting down and abandoning module XmlParser (408)
[2017.10.24-17.11.32:880][231]LogModuleManager: Shutting down and abandoning module Blutility (406)
[2017.10.24-17.11.32:880][231]LogModuleManager: Shutting down and abandoning module ProjectSettingsViewer (404)
[2017.10.24-17.11.32:880][231]LogModuleManager: Shutting down and abandoning module ProjectTargetPlatformEditor (403)
[2017.10.24-17.11.32:881][231]LogModuleManager: Shutting down and abandoning module EditorSettingsViewer (400)
[2017.10.24-17.11.32:881][231]LogModuleManager: Shutting down and abandoning module SettingsEditor (398)
[2017.10.24-17.11.32:881][231]LogModuleManager: Shutting down and abandoning module ProjectLauncher (396)
[2017.10.24-17.11.32:881][231]LogModuleManager: Shutting down and abandoning module SessionFrontend (394)
[2017.10.24-17.11.32:881][231]LogModuleManager: Shutting down and abandoning module ProfilerClient (392)
[2017.10.24-17.11.32:881][231]LogModuleManager: Shutting down and abandoning module DeviceManager (390)
[2017.10.24-17.11.32:881][231]LogModuleManager: Shutting down and abandoning module TargetDeviceServices (389)
[2017.10.24-17.11.32:935][231]LogModuleManager: Shutting down and abandoning module AutomationController (386)
[2017.10.24-17.11.32:935][231]LogModuleManager: Shutting down and abandoning module AutomationWindow (384)
[2017.10.24-17.11.32:935][231]LogModuleManager: Shutting down and abandoning module Layers (382)
[2017.10.24-17.11.32:935][231]LogModuleManager: Shutting down and abandoning module ComponentVisualizers (380)
[2017.10.24-17.11.32:935][231]LogModuleManager: Shutting down and abandoning module DetailCustomizations (378)
[2017.10.24-17.11.32:935][231]LogModuleManager: Shutting down and abandoning module PackagesDialog (376)
[2017.10.24-17.11.32:935][231]LogModuleManager: Shutting down and abandoning module Persona (374)
[2017.10.24-17.11.32:935][231]LogModuleManager: Shutting down and abandoning module AdvancedPreviewScene (373)
[2017.10.24-17.11.32:936][231]LogModuleManager: Shutting down and abandoning module AnimGraph (371)
[2017.10.24-17.11.32:936][231]LogModuleManager: Shutting down and abandoning module Kismet (368)
[2017.10.24-17.11.32:937][231]LogModuleManager: Shutting down and abandoning module LevelEditor (367)
[2017.10.24-17.11.32:938][231]LogModuleManager: Shutting down and abandoning module PixelInspectorModule (366)
[2017.10.24-17.11.32:938][231]LogModuleManager: Shutting down and abandoning module ClassViewer (362)
[2017.10.24-17.11.32:938][231]LogModuleManager: Shutting down and abandoning module Toolbox (360)
[2017.10.24-17.11.32:938][231]LogModuleManager: Shutting down and abandoning module ModuleUI (358)
[2017.10.24-17.11.32:938][231]LogModuleManager: Shutting down and abandoning module MovieSceneTools (356)
[2017.10.24-17.11.32:938][231]LogModuleManager: Shutting down and abandoning module OutputLog (354)
[2017.10.24-17.11.32:938][231]LogModuleManager: Shutting down and abandoning module GammaUI (352)
[2017.10.24-17.11.32:938][231]LogModuleManager: Shutting down and abandoning module Documentation (350)
[2017.10.24-17.11.32:938][231]LogModuleManager: Shutting down and abandoning module MovieSceneTracks (348)
[2017.10.24-17.11.32:938][231]LogModuleManager: Shutting down and abandoning module MovieScene (346)
[2017.10.24-17.11.32:938][231]LogModuleManager: Shutting down and abandoning module Niagara (344)
[2017.10.24-17.11.32:938][231]LogModuleManager: Shutting down and abandoning module NiagaraEditor (343)
[2017.10.24-17.11.32:938][231]LogModuleManager: Shutting down and abandoning module StreamingPauseRendering (340)
[2017.10.24-17.11.32:938][231]LogModuleManager: Shutting down and abandoning module LauncherPlatform (338)
[2017.10.24-17.11.32:938][231]LogModuleManager: Shutting down and abandoning module AnalyticsET (336)
[2017.10.24-17.11.32:938][231]LogModuleManager: Shutting down and abandoning module PortalServices (334)
[2017.10.24-17.11.32:938][231]LogModuleManager: Shutting down and abandoning module PortalRpc (332)
[2017.10.24-17.11.32:938][231]LogModuleManager: Shutting down and abandoning module MessagingRpc (330)
[2017.10.24-17.11.32:938][231]LogModuleManager: Shutting down and abandoning module AIModule (328)
[2017.10.24-17.11.32:938][231]LogModuleManager: Shutting down and abandoning module GameplayDebugger (327)
[2017.10.24-17.11.32:938][231]LogModuleManager: Shutting down and abandoning module AITestSuite (325)
[2017.10.24-17.11.32:938][231]LogModuleManager: Shutting down and abandoning module ProfilerService (322)
[2017.10.24-17.11.32:958][231]LogModuleManager: Shutting down and abandoning module TaskGraph (320)
[2017.10.24-17.11.32:958][231]LogModuleManager: Shutting down and abandoning module SteamVRController (318)
[2017.10.24-17.11.32:958][231]LogModuleManager: Shutting down and abandoning module ProceduralMeshComponentEditor (316)
[2017.10.24-17.11.32:958][231]LogModuleManager: Shutting down and abandoning module ProceduralMeshComponent (314)
[2017.10.24-17.11.32:958][231]LogModuleManager: Shutting down and abandoning module OculusInput (312)
[2017.10.24-17.11.32:958][231]LogModuleManager: Shutting down and abandoning module Ansel (310)
[2017.10.24-17.11.32:958][231]LogModuleManager: Shutting down and abandoning module MobilePatchingUtils (308)
[2017.10.24-17.11.32:958][231]LogModuleManager: Shutting down and abandoning module CustomMeshComponent (306)
[2017.10.24-17.11.32:958][231]LogModuleManager: Shutting down and abandoning module CableComponent (304)
[2017.10.24-17.11.32:958][231]LogModuleManager: Shutting down and abandoning module ArchVisCharacter (302)
[2017.10.24-17.11.32:958][231]LogModuleManager: Shutting down and abandoning module AndroidPermission (300)
[2017.10.24-17.11.32:958][231]LogModuleManager: Shutting down and abandoning module MediaPlayerEditor (296)
[2017.10.24-17.11.32:958][231]LogModuleManager: Shutting down and abandoning module HTML5Networking (294)
[2017.10.24-17.11.32:958][231]LogModuleManager: Shutting down and abandoning module AlembicImporter (292)
[2017.10.24-17.11.32:958][231]LogModuleManager: Shutting down and abandoning module AlembicLibrary (291)
[2017.10.24-17.11.32:958][231]LogModuleManager: Shutting down and abandoning module GeometryCache (290)
[2017.10.24-17.11.32:958][231]LogModuleManager: Shutting down and abandoning module GeometryCacheEd (289)
[2017.10.24-17.11.32:958][231]LogModuleManager: Shutting down and abandoning module SpeedTreeImporter (284)
[2017.10.24-17.11.32:958][231]LogModuleManager: Shutting down and abandoning module PluginBrowser (282)
[2017.10.24-17.11.32:958][231]LogModuleManager: Shutting down and abandoning module MainFrame (281)
[2017.10.24-17.11.32:958][231]LogModuleManager: Shutting down and abandoning module MobileLauncherProfileWizard (278)
[2017.10.24-17.11.32:958][231]LogModuleManager: Shutting down and abandoning module VisualStudioSourceCodeAccess (276)
[2017.10.24-17.11.32:958][231]LogModuleManager: Shutting down and abandoning module DesktopPlatform (275)
[2017.10.24-17.11.32:958][231]LogModuleManager: Shutting down and abandoning module HotReload (273)
[2017.10.24-17.11.32:959][231]LogModuleManager: Shutting down and abandoning module UObjectPlugin (270)
[2017.10.24-17.11.32:959][231]LogModuleManager: Shutting down and abandoning module SubversionSourceControl (268)
[2017.10.24-17.11.32:959][231]LogModuleManager: Shutting down and abandoning module PerforceSourceControl (266)
[2017.10.24-17.11.32:959][231]LogModuleManager: Shutting down and abandoning module GitSourceControl (264)
[2017.10.24-17.11.32:959][231]LogModuleManager: Shutting down and abandoning module SourceControl (263)
[2017.10.24-17.11.32:959][231]LogModuleManager: Shutting down and abandoning module LightPropagationVolumeEditor (260)
[2017.10.24-17.11.32:959][231]LogModuleManager: Shutting down and abandoning module RuntimePhysXCooking (258)
[2017.10.24-17.11.32:959][231]LogModuleManager: Shutting down and abandoning module PhysXVehiclesEditor (256)
[2017.10.24-17.11.32:959][231]LogModuleManager: Shutting down and abandoning module PhysXVehicles (254)
[2017.10.24-17.11.32:959][231]LogModuleManager: Shutting down and abandoning module OculusEditor (252)
[2017.10.24-17.11.32:959][231]LogModuleManager: Shutting down and abandoning module LocationServicesBPLibrary (250)
[2017.10.24-17.11.32:959][231]LogModuleManager: Shutting down and abandoning module ImmediatePhysicsEditor (248)
[2017.10.24-17.11.32:959][231]LogModuleManager: Shutting down and abandoning module ImmediatePhysics (246)
[2017.10.24-17.11.32:959][231]LogModuleManager: Shutting down and abandoning module UdpMessaging (244)
[2017.10.24-17.11.33:060][231]LogModuleManager: Shutting down and abandoning module TcpMessaging (242)
[2017.10.24-17.11.33:160][231]LogModuleManager: Shutting down and abandoning module GameplayTagsEditor (240)
[2017.10.24-17.11.33:160][231]LogModuleManager: Shutting down and abandoning module FacialAnimationEditor (238)
[2017.10.24-17.11.33:160][231]LogModuleManager: Shutting down and abandoning module FacialAnimation (236)
[2017.10.24-17.11.33:160][231]LogModuleManager: Shutting down and abandoning module AssetManagerEditor (234)
[2017.10.24-17.11.33:160][231]LogModuleManager: Shutting down and abandoning module GraphEditor (233)
[2017.10.24-17.11.33:160][231]LogModuleManager: Shutting down and abandoning module ContentBrowser (231)
[2017.10.24-17.11.33:161][231]LogModuleManager: Shutting down and abandoning module LightPropagationVolumeRuntime (228)
[2017.10.24-17.11.33:161][231]LogModuleManager: Shutting down and abandoning module WindowsMoviePlayer (226)
[2017.10.24-17.11.33:161][231]LogModuleManager: Shutting down and abandoning module WmfMedia (224)
[2017.10.24-17.11.33:161][231]LogModuleManager: Shutting down and abandoning module PacketHandler (222)
[2017.10.24-17.11.33:161][231]LogModuleManager: Shutting down and abandoning module ClothingSystemEditor (220)
[2017.10.24-17.11.33:161][231]LogModuleManager: Shutting down and abandoning module ClothingSystemRuntime (218)
[2017.10.24-17.11.33:161][231]LogModuleManager: Shutting down and abandoning module Overlay (216)
[2017.10.24-17.11.33:161][231]LogModuleManager: Shutting down and abandoning module OverlayEditor (215)
[2017.10.24-17.11.33:161][231]LogModuleManager: Shutting down and abandoning module MediaAssets (212)
[2017.10.24-17.11.33:161][231]LogModuleManager: Shutting down and abandoning module VREditor (210)
[2017.10.24-17.11.33:161][231]LogModuleManager: Shutting down and abandoning module StringTableEditor (208)
[2017.10.24-17.11.33:161][231]LogModuleManager: Shutting down and abandoning module GameplayTasksEditor (206)
[2017.10.24-17.11.33:161][231]LogModuleManager: Shutting down and abandoning module BehaviorTreeEditor (204)
[2017.10.24-17.11.33:161][231]LogModuleManager: Shutting down and abandoning module FunctionalTesting (202)
[2017.10.24-17.11.33:161][231]LogModuleManager: Shutting down and abandoning module CollisionAnalyzer (200)
[2017.10.24-17.11.33:161][231]LogModuleManager: Shutting down and abandoning module WorkspaceMenuStructure (199)
[2017.10.24-17.11.33:161][231]LogModuleManager: Shutting down and abandoning module UMG (196)
[2017.10.24-17.11.33:161][231]LogModuleManager: Shutting down and abandoning module UMGEditor (195)
[2017.10.24-17.11.33:162][231]LogModuleManager: Shutting down and abandoning module Sequencer (194)
[2017.10.24-17.11.33:162][231]LogModuleManager: Shutting down and abandoning module MessageLog (191)
[2017.10.24-17.11.33:162][231]LogModuleManager: Shutting down and abandoning module SlateReflector (186)
[2017.10.24-17.11.33:162][231]LogModuleManager: Shutting down and abandoning module Slate (184)
[2017.10.24-17.11.33:162][231]LogModuleManager: Shutting down and abandoning module EditorStyle (182)
[2017.10.24-17.11.33:163][231]LogModuleManager: Shutting down and abandoning module MRMesh (180)
[2017.10.24-17.11.33:163][231]LogModuleManager: Shutting down and abandoning module SourceCodeAccess (178)
[2017.10.24-17.11.33:163][231]LogModuleManager: Shutting down and abandoning module HeadMountedDisplay (176)
[2017.10.24-17.11.33:163][231]LogModuleManager: Shutting down and abandoning module XAudio2 (174)
[2017.10.24-17.11.33:163][231]LogModuleManager: Shutting down and abandoning module Networking (172)
[2017.10.24-17.11.33:163][231]LogModuleManager: Shutting down and abandoning module Core (168)
[2017.10.24-17.11.33:163][231]LogModuleManager: Shutting down and abandoning module KismetCompiler (164)
[2017.10.24-17.11.33:163][231]LogModuleManager: Shutting down and abandoning module LevelSequence (162)
[2017.10.24-17.11.33:163][231]LogModuleManager: Shutting down and abandoning module MeshUtilities (160)
[2017.10.24-17.11.33:163][231]LogModuleManager: Shutting down and abandoning module MeshMergeUtilities (159)
[2017.10.24-17.11.33:163][231]LogModuleManager: Shutting down and abandoning module MeshReductionInterface (158)
[2017.10.24-17.11.33:163][231]LogModuleManager: Shutting down and abandoning module SimplygonSwarm (157)
[2017.10.24-17.11.33:163][231]LogModuleManager: Shutting down and abandoning module SimplygonMeshReduction (155)
[2017.10.24-17.11.33:163][231]LogModuleManager: Shutting down and abandoning module QuadricMeshReduction (153)
[2017.10.24-17.11.33:163][231]LogModuleManager: Shutting down and abandoning module MaterialBaking (149)
[2017.10.24-17.11.33:163][231]LogModuleManager: Shutting down and abandoning module DirectoryWatcher (146)
[2017.10.24-17.11.33:164][231]LogModuleManager: Shutting down and abandoning module DerivedDataCache (144)
[2017.10.24-17.11.33:314][231]LogDerivedDataCache: Shutdown
[2017.10.24-17.11.33:314][231]LogModuleManager: Shutting down and abandoning module TargetPlatform (142)
[2017.10.24-17.11.33:314][231]LogModuleManager: Shutting down and abandoning module VulkanShaderFormat (141)
[2017.10.24-17.11.33:314][231]LogModuleManager: Shutting down and abandoning module ShaderFormatVectorVM (139)
[2017.10.24-17.11.33:314][231]LogModuleManager: Shutting down and abandoning module ShaderFormatOpenGL (137)
[2017.10.24-17.11.33:314][231]LogModuleManager: Shutting down and abandoning module ShaderFormatD3D (135)
[2017.10.24-17.11.33:314][231]LogModuleManager: Shutting down and abandoning module MetalShaderFormat (133)
[2017.10.24-17.11.33:314][231]LogModuleManager: Shutting down and abandoning module TextureFormatUncompressed (131)
[2017.10.24-17.11.33:314][231]LogModuleManager: Shutting down and abandoning module TextureFormatPVR (129)
[2017.10.24-17.11.33:314][231]LogModuleManager: Shutting down and abandoning module TextureFormatDXT (127)
[2017.10.24-17.11.33:314][231]LogModuleManager: Shutting down and abandoning module TextureFormatIntelISPCTexComp (125)
[2017.10.24-17.11.33:314][231]LogModuleManager: Shutting down and abandoning module TextureFormatASTC (123)
[2017.10.24-17.11.33:314][231]LogModuleManager: Shutting down and abandoning module ImageWrapper (122)
[2017.10.24-17.11.33:314][231]LogModuleManager: Shutting down and abandoning module TextureFormatAndroid (119)
[2017.10.24-17.11.33:314][231]LogModuleManager: Shutting down and abandoning module AudioFormatOpus (117)
[2017.10.24-17.11.33:314][231]LogModuleManager: Shutting down and abandoning module AudioFormatOgg (115)
[2017.10.24-17.11.33:314][231]LogModuleManager: Shutting down and abandoning module AudioFormatADPCM (113)
[2017.10.24-17.11.33:315][231]LogModuleManager: Shutting down and abandoning module LinuxTargetPlatform (111)
[2017.10.24-17.11.33:315][231]LogModuleManager: Shutting down and abandoning module LinuxServerTargetPlatform (109)
[2017.10.24-17.11.33:315][231]LogModuleManager: Shutting down and abandoning module LinuxNoEditorTargetPlatform (107)
[2017.10.24-17.11.33:315][231]LogModuleManager: Shutting down and abandoning module LinuxClientTargetPlatform (105)
[2017.10.24-17.11.33:315][231]LogModuleManager: Shutting down and abandoning module TVOSTargetPlatform (103)
[2017.10.24-17.11.33:315][231]LogModuleManager: Shutting down and abandoning module Messaging (101)
[2017.10.24-17.11.33:315][231]LogModuleManager: Shutting down and abandoning module IOSTargetPlatform (99)
[2017.10.24-17.11.33:315][231]LogModuleManager: Shutting down and abandoning module HTML5TargetPlatform (97)
[2017.10.24-17.11.33:315][231]LogModuleManager: Shutting down and abandoning module Android_PVRTCTargetPlatform (95)
[2017.10.24-17.11.33:315][231]LogModuleManager: Shutting down and abandoning module Android_MultiTargetPlatform (93)
[2017.10.24-17.11.33:315][231]LogModuleManager: Shutting down and abandoning module Android_ETC2TargetPlatform (91)
[2017.10.24-17.11.33:315][231]LogModuleManager: Shutting down and abandoning module Android_ETC1TargetPlatform (89)
[2017.10.24-17.11.33:315][231]LogModuleManager: Shutting down and abandoning module Android_DXTTargetPlatform (87)
[2017.10.24-17.11.33:315][231]LogModuleManager: Shutting down and abandoning module Android_ATCTargetPlatform (85)
[2017.10.24-17.11.33:315][231]LogModuleManager: Shutting down and abandoning module Android_ASTCTargetPlatform (83)
[2017.10.24-17.11.33:315][231]LogModuleManager: Shutting down and abandoning module AndroidTargetPlatform (81)
[2017.10.24-17.11.33:315][231]LogModuleManager: Shutting down and abandoning module WindowsTargetPlatform (79)
[2017.10.24-17.11.33:315][231]LogModuleManager: Shutting down and abandoning module WindowsServerTargetPlatform (77)
[2017.10.24-17.11.33:315][231]LogModuleManager: Shutting down and abandoning module WindowsNoEditorTargetPlatform (75)
[2017.10.24-17.11.33:315][231]LogModuleManager: Shutting down and abandoning module WindowsClientTargetPlatform (73)
[2017.10.24-17.11.33:315][231]LogModuleManager: Shutting down and abandoning module MacTargetPlatform (71)
[2017.10.24-17.11.33:315][231]LogModuleManager: Shutting down and abandoning module MacServerTargetPlatform (69)
[2017.10.24-17.11.33:315][231]LogModuleManager: Shutting down and abandoning module MacNoEditorTargetPlatform (67)
[2017.10.24-17.11.33:315][231]LogModuleManager: Shutting down and abandoning module MacClientTargetPlatform (65)
[2017.10.24-17.11.33:315][231]LogModuleManager: Shutting down and abandoning module AllDesktopTargetPlatform (63)
[2017.10.24-17.11.33:315][231]LogModuleManager: Shutting down and abandoning module InputCore (60)
[2017.10.24-17.11.33:315][231]LogModuleManager: Shutting down and abandoning module Settings (58)
[2017.10.24-17.11.33:315][231]LogModuleManager: Shutting down and abandoning module PhysXCooking (56)
[2017.10.24-17.11.33:315][231]LogModuleManager: Shutting down and abandoning module SteamVR (54)
[2017.10.24-17.11.33:315][231]LogModuleManager: Shutting down and abandoning module OculusHMD (52)
[2017.10.24-17.11.33:315][231]LogModuleManager: Shutting down and abandoning module ExampleDeviceProfileSelector (50)
[2017.10.24-17.11.33:315][231]LogModuleManager: Shutting down and abandoning module OnlineBlueprintSupport (48)
[2017.10.24-17.11.33:315][231]LogModuleManager: Shutting down and abandoning module OnlineSubsystem (44)
[2017.10.24-17.11.33:315][231]LogOnline: Display: Unloading online subsystem: NULL
[2017.10.24-17.11.33:315][231]LogModuleManager: Shutting down and abandoning module XMPP (43)
[2017.10.24-17.11.33:315][231]LogModuleManager: Shutting down and abandoning module HTTP (41)
[2017.10.24-17.11.33:315][231]LogHttp: Display: Http module shutting down, but needs to wait on 1 outstanding Http requests:
[2017.10.24-17.11.33:315][231]LogHttp: Display: 	verb=[POST] url=[https://datarouter.ol.epicgames.com/datarouter/api/v1/public/data?SessionID=%7B236430CA-4BCB-9F2B-3B75-D9B0D44C7194%7D&AppID=UEEditor.Rocket.Release&AppVersion=4.17.2-3658906%2B%2B%2BUE4%2BRelease-4.17&UserID=d195f449449d6ca1a7d6e997d7b4619b%7C38799267579e43f199dcadb14603b7d0%7Cc4c036e9-0de7-44e5-8786-b569ea8dee15&AppEnvironment=datacollector-binary&UploadType=eteventstream] status=Processing
[2017.10.24-17.11.33:334][231]LogModuleManager: Shutting down and abandoning module SSL (40)
[2017.10.24-17.11.33:336][231]LogModuleManager: Shutting down and abandoning module AnimationModifiers (36)
[2017.10.24-17.11.33:336][231]LogModuleManager: Shutting down and abandoning module PropertyEditor (35)
[2017.10.24-17.11.33:336][231]LogModuleManager: Shutting down and abandoning module AudioEditor (32)
[2017.10.24-17.11.33:336][231]LogModuleManager: Shutting down and abandoning module TextureCompressor (30)
[2017.10.24-17.11.33:336][231]LogModuleManager: Shutting down and abandoning module ShaderCore (28)
[2017.10.24-17.11.33:336][231]LogModuleManager: Shutting down and abandoning module Landscape (26)
[2017.10.24-17.11.33:336][231]LogModuleManager: Shutting down and abandoning module SlateRHIRenderer (24)
[2017.10.24-17.11.33:337][231]LogModuleManager: Shutting down and abandoning module OpenGLDrv (22)
[2017.10.24-17.11.33:337][231]LogModuleManager: Shutting down and abandoning module D3D11RHI (20)
[2017.10.24-17.11.33:337][231]LogModuleManager: Shutting down and abandoning module AnimGraphRuntime (18)
[2017.10.24-17.11.33:337][231]LogModuleManager: Shutting down and abandoning module Renderer (16)
[2017.10.24-17.11.33:337][231]LogModuleManager: Shutting down and abandoning module Engine (14)
[2017.10.24-17.11.33:337][231]LogModuleManager: Shutting down and abandoning module CoreUObject (12)
[2017.10.24-17.11.33:337][231]LogModuleManager: Shutting down and abandoning module NetworkFile (10)
[2017.10.24-17.11.33:337][231]LogModuleManager: Shutting down and abandoning module CookedIterativeFile (8)
[2017.10.24-17.11.33:337][231]LogModuleManager: Shutting down and abandoning module StreamingFile (6)
[2017.10.24-17.11.33:337][231]LogModuleManager: Shutting down and abandoning module SandboxFile (4)
[2017.10.24-17.11.33:337][231]LogModuleManager: Shutting down and abandoning module PakFile (2)
[2017.10.24-17.11.33:342][231]LogExit: Exiting.
[2017.10.24-17.11.33:363][231]Log file closed, 10/24/17 13:11:33
