Log file open, 09/13/17 11:11:48
LogWindows: LoadLibraryWithSearchPaths failed for file aqProf.dll. GetLastError=0
LogWindows: LoadLibraryWithSearchPaths failed for file VtuneApi.dll. GetLastError=0
LogWindows: LoadLibraryWithSearchPaths failed for file VtuneApi32e.dll. GetLastError=0
LogInit: Display: Running engine for game: PlanX
LogPlatformFile: Not using cached read wrapper
LogInit: Display: RandInit(-494190208) SRandInit(-494190208).
LogTaskGraph: Started task graph with 5 named threads and 14 total threads with 3 sets of task threads.
LogStats: Stats thread started at 0.177762
LogD3D11RHI: Aftermath initialized
LogPluginManager: Mounting plugin LightPropagationVolume
LogPluginManager: Mounting plugin CodeLiteSourceCodeAccess
LogPluginManager: Mounting plugin GitSourceControl
LogPluginManager: Mounting plugin KDevelopSourceCodeAccess
LogPluginManager: Mounting plugin NullSourceCodeAccess
LogPluginManager: Mounting plugin PerforceSourceControl
LogPluginManager: Mounting plugin SubversionSourceControl
LogPluginManager: Mounting plugin UObjectPlugin
LogPluginManager: Mounting plugin VisualStudioSourceCodeAccess
LogPluginManager: Mounting plugin XCodeSourceCodeAccess
LogPluginManager: Mounting plugin AssetManagerEditor
LogPluginManager: Mounting plugin AudioCapture
LogPluginManager: Mounting plugin FacialAnimation
LogPluginManager: Mounting plugin GameplayTagsEditor
LogPluginManager: Mounting plugin MobileLauncherProfileWizard
LogPluginManager: Mounting plugin PluginBrowser
LogPluginManager: Mounting plugin SpeedTreeImporter
LogPluginManager: Mounting plugin AlembicImporter
LogPluginManager: Mounting plugin CharacterAI
LogPluginManager: Mounting plugin HTML5Networking
LogPluginManager: Mounting plugin AndroidMedia
LogPluginManager: Mounting plugin AvfMedia
LogPluginManager: Mounting plugin MediaPlayerEditor
LogPluginManager: Mounting plugin WmfMedia
LogPluginManager: Mounting plugin TcpMessaging
LogPluginManager: Mounting plugin UdpMessaging
LogPluginManager: Mounting plugin LevelSequenceEditor
LogPluginManager: Mounting plugin MatineeToLevelSequence
LogPluginManager: Mounting plugin OnlineSubsystemGooglePlay
LogPluginManager: Mounting plugin OnlineSubsystemIOS
LogPluginManager: Mounting plugin OnlineSubsystem
LogPluginManager: Mounting plugin OnlineSubsystemNull
LogPluginManager: Mounting plugin OnlineSubsystemUtils
LogPluginManager: Mounting plugin AndroidDeviceProfileSelector
LogPluginManager: Mounting plugin AndroidMoviePlayer
LogPluginManager: Mounting plugin AndroidPermission
LogPluginManager: Mounting plugin AppleMoviePlayer
LogPluginManager: Mounting plugin ArchVisCharacter
LogPluginManager: Mounting plugin CableComponent
LogPluginManager: Mounting plugin CustomMeshComponent
LogPluginManager: Mounting plugin ExampleDeviceProfileSelector
LogPluginManager: Mounting plugin GoogleCloudMessaging
LogPluginManager: Mounting plugin ImmediatePhysics
LogPluginManager: Mounting plugin IOSDeviceProfileSelector
LogPluginManager: Mounting plugin LinuxDeviceProfileSelector
LogPluginManager: Mounting plugin LocationServicesBPLibrary
LogPluginManager: Mounting plugin MobilePatchingUtils
LogPluginManager: Mounting plugin Ansel
LogPluginManager: Mounting plugin OculusVR
LogPluginManager: Mounting plugin PhysXVehicles
LogPluginManager: Mounting plugin ProceduralMeshComponent
LogPluginManager: Mounting plugin RuntimePhysXCooking
LogPluginManager: Mounting plugin SteamVR
LogPluginManager: Mounting plugin WindowsMoviePlayer
LogInit: Using libcurl 7.47.1
LogInit:  - built for x86_64-pc-win32
LogInit:  - supports SSL with OpenSSL/1.0.2g
LogInit:  - supports HTTP deflate (compression) using libz 1.2.8
LogInit:  - other features:
LogInit:      CURL_VERSION_SSL
LogInit:      CURL_VERSION_LIBZ
LogInit:      CURL_VERSION_IPV6
LogInit:      CURL_VERSION_ASYNCHDNS
LogInit:      CURL_VERSION_LARGEFILE
LogInit:      CURL_VERSION_IDN
LogInit:  CurlRequestOptions (configurable via config and command line):
LogInit:  - bVerifyPeer = false  - Libcurl will NOT verify peer certificate
LogInit:  - bUseHttpProxy = false  - Libcurl will NOT use HTTP proxy
LogInit:  - bDontReuseConnections = false  - Libcurl will reuse connections
LogInit:  - CertBundlePath = nullptr  - Libcurl will use whatever was configured at build time.
LogInit: Build: ++UE4+Release-4.17-CL-3586342
LogInit: Engine Version: 4.17.1-3586342+++UE4+Release-4.17
LogInit: Compatible Engine Version: 4.17.0-3573198+++UE4+Release-4.17
LogInit: Net CL: 3573198
LogDevObjectVersion: Number of dev versions registered: 16
LogDevObjectVersion:   Dev-Blueprints (B0D832E4-1F89-4F0D-ACCF-7EB736FD4AA2): 10
LogDevObjectVersion:   Dev-Build (E1C64328-A22C-4D53-A36C-8E866417BD8C): 0
LogDevObjectVersion:   Dev-Core (375EC13C-06E4-48FB-B500-84F0262A717E): 2
LogDevObjectVersion:   Dev-Editor (E4B068ED-F494-42E9-A231-DA0B2E46BB41): 20
LogDevObjectVersion:   Dev-Framework (CFFC743F-43B0-4480-9391-14DF171D2073): 28
LogDevObjectVersion:   Dev-Mobile (B02B49B5-BB20-44E9-A304-32B752E40360): 0
LogDevObjectVersion:   Dev-Networking (A4E4105C-59A1-49B5-A7C5-40C4547EDFEE): 0
LogDevObjectVersion:   Dev-Online (39C831C9-5AE6-47DC-9A44-9C173E1C8E7C): 0
LogDevObjectVersion:   Dev-Physics (78F01B33-EBEA-4F98-B9B4-84EACCB95AA2): 0
LogDevObjectVersion:   Dev-Platform (6631380F-2D4D-43E0-8009-CF276956A95A): 0
LogDevObjectVersion:   Dev-Rendering (12F88B9F-8875-4AFC-A67C-D90C383ABD29): 19
LogDevObjectVersion:   Dev-Sequencer (7B5AE74C-D270-4C10-A958-57980B212A5A): 4
LogDevObjectVersion:   Dev-VR (D7296918-1DD6-4BDD-9DE2-64A83CC13884): 0
LogDevObjectVersion:   Dev-LoadTimes (C2A15278-BFE7-4AFE-6C17-90FF531DF755): 1
LogDevObjectVersion:   Private-Geometry (6EACA3D4-40EC-4CC1-B786-8BED09428FC5): 1
LogDevObjectVersion:   Dev-AnimPhys (29E575DD-E0A3-4627-9D10-D276232CDCEA): 7
LogInit: Compiled (64-bit): Aug 15 2017 02:05:26
LogInit: Compiled with Visual C++: 19.00.24215.01
LogInit: Build Configuration: Development
LogInit: Branch Name: ++UE4+Release-4.17
LogInit: Command line: -EpicPortal 
LogInit: Base directory: Q:/Unreal Engine/UE_4.17/Engine/Binaries/Win64/
LogInit: Installed Engine Build: 1
LogInit: Presizing for max 8388607 objects, including 0 objects not considered by GC, pre-allocating 0 bytes for permanent pool.
LogInit: Object subsystem initialized
[2017.09.13-15.11.49:943][  0]LogInit: Selected Device Profile: [Windows]
[2017.09.13-15.11.49:943][  0]LogInit: Applying CVar settings loaded from the selected device profile: [Windows]
[2017.09.13-15.11.50:031][  0]LogConfig: Warning: Failed to saved backup for config[DeviceProfiles]
[2017.09.13-15.11.50:054][  0]LogInit: Computer: DAWN
[2017.09.13-15.11.50:054][  0]LogInit: User: RobertForbes
[2017.09.13-15.11.50:054][  0]LogInit: CPU Page size=4096, Cores=4
[2017.09.13-15.11.50:054][  0]LogInit: High frequency timer resolution =3.417985 MHz
[2017.09.13-15.11.50:055][  0]LogMemory: Memory total: Physical=8.0GB (8GB approx)
[2017.09.13-15.11.50:055][  0]LogMemory: Platform Memory Stats for Windows
[2017.09.13-15.11.50:055][  0]LogMemory: Process Physical Memory: 279.82 MB used, 279.82 MB peak
[2017.09.13-15.11.50:055][  0]LogMemory: Process Virtual Memory: 286.25 MB used, 286.25 MB peak
[2017.09.13-15.11.50:055][  0]LogMemory: Physical Memory: 6258.13 MB used,  1885.73 MB free, 8143.85 MB total
[2017.09.13-15.11.50:055][  0]LogMemory: Virtual Memory: 680.32 MB used,  1885.73 MB free, 134217728.00 MB total
[2017.09.13-15.11.51:365][  0]LogInit: Using OS detected language (en-US).
[2017.09.13-15.11.51:365][  0]LogInit: Using OS detected locale (en-US).
[2017.09.13-15.11.52:382][  0]LogTextLocalizationManager: No specific localization for 'en-US' exists, so the 'en' localization will be used.
[2017.09.13-15.12.13:497][  0]LogD3D11RHI: D3D11 adapters:
[2017.09.13-15.12.15:021][  0]LogD3D11RHI:    0. 'NVIDIA GeForce GTX 970' (Feature Level 11_0)
[2017.09.13-15.12.15:021][  0]LogD3D11RHI:       4058/0/4071 MB DedicatedVideo/DedicatedSystem/SharedSystem, Outputs:2, VendorId:0x10de
[2017.09.13-15.12.15:023][  0]LogD3D11RHI:    1. 'Microsoft Basic Render Driver' (Feature Level 11_0)
[2017.09.13-15.12.15:024][  0]LogD3D11RHI:       0/0/4071 MB DedicatedVideo/DedicatedSystem/SharedSystem, Outputs:0, VendorId:0x1414
[2017.09.13-15.12.15:024][  0]LogD3D11RHI: Chosen D3D11 Adapter: 0
[2017.09.13-15.12.15:028][  0]LogD3D11RHI: Creating new Direct3DDevice
[2017.09.13-15.12.15:028][  0]LogD3D11RHI:     GPU DeviceId: 0x13c2 (for the marketing name, search the web for "GPU Device Id")
[2017.09.13-15.12.15:028][  0]LogWindows: EnumDisplayDevices:
[2017.09.13-15.12.15:028][  0]LogWindows:    0. 'NVIDIA GeForce GTX 970' (P:0 D:1)
[2017.09.13-15.12.15:028][  0]LogWindows:    1. 'NVIDIA GeForce GTX 970' (P:1 D:1)
[2017.09.13-15.12.15:029][  0]LogWindows:    2. 'NVIDIA GeForce GTX 970' (P:0 D:0)
[2017.09.13-15.12.15:029][  0]LogWindows:    3. 'NVIDIA GeForce GTX 970' (P:0 D:0)
[2017.09.13-15.12.15:029][  0]LogWindows: DebugString: FoundDriverCount:4 
[2017.09.13-15.12.15:029][  0]LogD3D11RHI:     Adapter Name: NVIDIA GeForce GTX 970
[2017.09.13-15.12.15:029][  0]LogD3D11RHI:   Driver Version: 385.41 (internal:22.21.13.8541, unified:385.41)
[2017.09.13-15.12.15:029][  0]LogD3D11RHI:      Driver Date: 8-21-2017
[2017.09.13-15.12.15:029][  0]LogRHI: Texture pool is 1361 MB (70% of 1945 MB)
[2017.09.13-15.12.16:430][  0]LogD3D11RHI: Async texture creation enabled
[2017.09.13-15.12.16:547][  0]LogD3D11RHI: GPU Timing Frequency: 1000.000000 (Debug: 2 1)
[2017.09.13-15.12.16:553][  0]LogShaderCompilers: Guid format shader working directory is 11 characters bigger than the processId version (../../../../../Unreal Projects/Plan-X/PlanX/Intermediate/Shaders/WorkingDirectory/4364/).
[2017.09.13-15.12.16:554][  0]LogShaderCompilers: Cleaned the shader compiler working directory 'C:/Users/Robert Forbes/AppData/Local/Temp/UnrealShaderWorkingDir/C6D2C04D41870DA768115E834783B030/'.
[2017.09.13-15.12.16:554][  0]LogShaderCompilers: Display: Using Local Shader Compiler.
[2017.09.13-15.12.24:837][  0]LogTemp: Display: Loaded TP AllDesktopTargetPlatform
[2017.09.13-15.12.24:954][  0]LogTemp: Display: Loaded TP MacClientTargetPlatform
[2017.09.13-15.12.25:134][  0]LogTemp: Display: Loaded TP MacNoEditorTargetPlatform
[2017.09.13-15.12.25:234][  0]LogTemp: Display: Loaded TP MacServerTargetPlatform
[2017.09.13-15.12.25:445][  0]LogTemp: Display: Loaded TP MacTargetPlatform
[2017.09.13-15.12.25:524][  0]LogTemp: Display: Loaded TP WindowsClientTargetPlatform
[2017.09.13-15.12.25:676][  0]LogTemp: Display: Loaded TP WindowsNoEditorTargetPlatform
[2017.09.13-15.12.25:751][  0]LogTemp: Display: Loaded TP WindowsServerTargetPlatform
[2017.09.13-15.12.25:809][  0]LogTemp: Display: Loaded TP WindowsTargetPlatform
[2017.09.13-15.12.25:972][  0]LogTemp: Display: Loaded TP AndroidTargetPlatform
[2017.09.13-15.12.26:119][  0]LogTemp: Display: Loaded TP Android_ASTCTargetPlatform
[2017.09.13-15.12.26:257][  0]LogTemp: Display: Loaded TP Android_ATCTargetPlatform
[2017.09.13-15.12.26:383][  0]LogTemp: Display: Loaded TP Android_DXTTargetPlatform
[2017.09.13-15.12.26:505][  0]LogTemp: Display: Loaded TP Android_ETC1TargetPlatform
[2017.09.13-15.12.26:611][  0]LogTemp: Display: Loaded TP Android_ETC2TargetPlatform
[2017.09.13-15.12.26:813][  0]LogTemp: Display: Loaded TP Android_MultiTargetPlatform
[2017.09.13-15.12.26:813][  0]LogTemp: Display: Loaded TP Android_PVRTCTargetPlatform
[2017.09.13-15.12.26:927][  0]LogTemp: Display: Loaded TP HTML5TargetPlatform
[2017.09.13-15.12.27:321][  0]LogTemp: Display: Loaded TP IOSTargetPlatform
[2017.09.13-15.12.27:348][  0]LogTemp: Display: Loaded TP TVOSTargetPlatform
[2017.09.13-15.12.27:449][  0]LogTemp: Display: Loaded TP LinuxClientTargetPlatform
[2017.09.13-15.12.27:586][  0]LogTemp: Display: Loaded TP LinuxNoEditorTargetPlatform
[2017.09.13-15.12.27:663][  0]LogTemp: Display: Loaded TP LinuxServerTargetPlatform
[2017.09.13-15.12.27:771][  0]LogTemp: Display: Loaded TP LinuxTargetPlatform
[2017.09.13-15.12.27:771][  0]LogTargetPlatformManager: Display: Building Assets For Windows
[2017.09.13-15.12.30:183][  0]LogDerivedDataCache: Display: Max Cache Size: 512 MB
[2017.09.13-15.12.30:353][  0]LogDerivedDataCache: Loaded boot cache 0.17s 106MB C:/Users/Robert Forbes/AppData/Local/UnrealEngine/4.17/DerivedDataCache/Boot.ddc.
[2017.09.13-15.12.30:353][  0]LogDerivedDataCache: Display: Loaded Boot cache: C:/Users/Robert Forbes/AppData/Local/UnrealEngine/4.17/DerivedDataCache/Boot.ddc
[2017.09.13-15.12.30:353][  0]LogDerivedDataCache: FDerivedDataBackendGraph:  Pak pak cache file ../../../../../Unreal Projects/Plan-X/PlanX/DerivedDataCache/DDC.ddp not found, will not use a pak cache.
[2017.09.13-15.12.30:353][  0]LogDerivedDataCache: Unable to find inner node Pak for hierarchical cache Hierarchy.
[2017.09.13-15.12.30:353][  0]LogDerivedDataCache: FDerivedDataBackendGraph:  CompressedPak pak cache file ../../../../../Unreal Projects/Plan-X/PlanX/DerivedDataCache/Compressed.ddp not found, will not use a pak cache.
[2017.09.13-15.12.30:353][  0]LogDerivedDataCache: Unable to find inner node CompressedPak for hierarchical cache Hierarchy.
[2017.09.13-15.12.30:384][  0]LogDerivedDataCache: Display: Pak cache opened for reading ../../../Engine/DerivedDataCache/Compressed.ddp.
[2017.09.13-15.12.30:405][  0]LogDerivedDataCache: Using Local data cache path C:/Users/Robert Forbes/AppData/Local/UnrealEngine/Common/DerivedDataCache: Writable
[2017.09.13-15.12.30:418][  0]LogMaterial: Verifying Global Shaders for PCD3D_SM5
[2017.09.13-15.12.30:418][  0]LogSlate: Using Freetype 2.6.0
[2017.09.13-15.12.30:466][  0]LogSlate: SlateFontCache - WITH_FREETYPE: 1, WITH_HARFBUZZ: 1
[2017.09.13-15.12.30:466][  0]LogSlate: SlateFontCache - WITH_FREETYPE: 1, WITH_HARFBUZZ: 1
[2017.09.13-15.12.48:640][  0]LogAssetRegistry: FAssetRegistry took 0.0258 seconds to start up
[2017.09.13-15.12.48:786][  0]LogInit: Selected Device Profile: [Windows]
[2017.09.13-15.12.49:015][  0]LogContentStreaming: Texture pool size is 0.00 MB
[2017.09.13-15.12.50:659][  0]LogSimplygon: Simplygon DLL not present - disabling.
[2017.09.13-15.12.50:726][  0]LogMeshReduction: Using SimplygonSwarm for distributed automatic mesh merging
[2017.09.13-15.12.50:726][  0]LogMeshReduction: Using QuadricMeshReduction for automatic static mesh reduction
[2017.09.13-15.12.50:726][  0]LogMeshReduction: No automatic skeletal mesh reduction module available
[2017.09.13-15.12.50:726][  0]LogMeshReduction: No automatic mesh merging module available
[2017.09.13-15.12.50:726][  0]LogMeshMerging: No automatic mesh merging module available
[2017.09.13-15.12.52:316][  0]LogNetVersion: PlanX , NetCL: 3573198, EngineNetVer: 2, GameNetVer: 0 (Checksum: 4232075429)
[2017.09.13-15.12.54:678][  0]LogAssetRegistry: Error: Failed to open file for write ../../../../../Unreal Projects/Plan-X/PlanX/Intermediate/AssetRegistryCache/2657c409.bin
[2017.09.13-15.12.54:702][  0]LogFileManager: Warning: MoveFile was unable to move '../../../../../Unreal Projects/Plan-X/PlanX/Intermediate/AssetRegistryCache/1d5167fa.bin.tmp' to '../../../../../Unreal Projects/Plan-X/PlanX/Intermediate/AssetRegistryCache/1d5167fa.bin', retrying in .5s...
[2017.09.13-15.12.55:203][  0]LogFileManager: Warning: MoveFile was unable to move '../../../../../Unreal Projects/Plan-X/PlanX/Intermediate/AssetRegistryCache/1d5167fa.bin.tmp' to '../../../../../Unreal Projects/Plan-X/PlanX/Intermediate/AssetRegistryCache/1d5167fa.bin', retrying in .5s...
[2017.09.13-15.12.55:703][  0]LogFileManager: Warning: MoveFile was unable to move '../../../../../Unreal Projects/Plan-X/PlanX/Intermediate/AssetRegistryCache/1d5167fa.bin.tmp' to '../../../../../Unreal Projects/Plan-X/PlanX/Intermediate/AssetRegistryCache/1d5167fa.bin', retrying in .5s...
[2017.09.13-15.12.56:204][  0]LogFileManager: Warning: MoveFile was unable to move '../../../../../Unreal Projects/Plan-X/PlanX/Intermediate/AssetRegistryCache/1d5167fa.bin.tmp' to '../../../../../Unreal Projects/Plan-X/PlanX/Intermediate/AssetRegistryCache/1d5167fa.bin', retrying in .5s...
[2017.09.13-15.12.56:704][  0]LogFileManager: Warning: MoveFile was unable to move '../../../../../Unreal Projects/Plan-X/PlanX/Intermediate/AssetRegistryCache/1d5167fa.bin.tmp' to '../../../../../Unreal Projects/Plan-X/PlanX/Intermediate/AssetRegistryCache/1d5167fa.bin', retrying in .5s...
[2017.09.13-15.12.57:205][  0]LogFileManager: Warning: MoveFile was unable to move '../../../../../Unreal Projects/Plan-X/PlanX/Intermediate/AssetRegistryCache/1d5167fa.bin.tmp' to '../../../../../Unreal Projects/Plan-X/PlanX/Intermediate/AssetRegistryCache/1d5167fa.bin', retrying in .5s...
[2017.09.13-15.12.57:705][  0]LogFileManager: Warning: MoveFile was unable to move '../../../../../Unreal Projects/Plan-X/PlanX/Intermediate/AssetRegistryCache/1d5167fa.bin.tmp' to '../../../../../Unreal Projects/Plan-X/PlanX/Intermediate/AssetRegistryCache/1d5167fa.bin', retrying in .5s...
[2017.09.13-15.12.58:207][  0]LogFileManager: Warning: MoveFile was unable to move '../../../../../Unreal Projects/Plan-X/PlanX/Intermediate/AssetRegistryCache/1d5167fa.bin.tmp' to '../../../../../Unreal Projects/Plan-X/PlanX/Intermediate/AssetRegistryCache/1d5167fa.bin', retrying in .5s...
[2017.09.13-15.12.58:707][  0]LogFileManager: Warning: MoveFile was unable to move '../../../../../Unreal Projects/Plan-X/PlanX/Intermediate/AssetRegistryCache/1d5167fa.bin.tmp' to '../../../../../Unreal Projects/Plan-X/PlanX/Intermediate/AssetRegistryCache/1d5167fa.bin', retrying in .5s...
[2017.09.13-15.12.59:208][  0]LogFileManager: Warning: MoveFile was unable to move '../../../../../Unreal Projects/Plan-X/PlanX/Intermediate/AssetRegistryCache/1d5167fa.bin.tmp' to '../../../../../Unreal Projects/Plan-X/PlanX/Intermediate/AssetRegistryCache/1d5167fa.bin', retrying in .5s...
[2017.09.13-15.12.59:708][  0]LogFileManager: Error: Error moving file '../../../../../Unreal Projects/Plan-X/PlanX/Intermediate/AssetRegistryCache/1d5167fa.bin.tmp' to '../../../../../Unreal Projects/Plan-X/PlanX/Intermediate/AssetRegistryCache/1d5167fa.bin'.
[2017.09.13-15.12.59:741][  0]LogPackageLocalizationCache: Processed 4 localized package path(s) for 2 prioritized culture(s) in 5.168662 seconds
[2017.09.13-15.12.59:749][  0]LogUObjectArray: 35825 objects as part of root set at end of initial load.
[2017.09.13-15.12.59:749][  0]LogUObjectAllocator: 7529104 out of 0 bytes used by permanent object pool.
[2017.09.13-15.12.59:749][  0]LogUObjectArray: CloseDisregardForGC: 0/0 objects in disregard for GC pool
[2017.09.13-15.12.59:821][  0]LogInit: WinSock: version 1.1 (2.2), MaxSocks=32767, MaxUdp=65467
[2017.09.13-15.13.55:837][  0]LogTcpMessaging: Initializing TcpMessaging bridge
[2017.09.13-15.13.56:137][  0]LogUdpMessaging: Initializing bridge on interface 0.0.0.0:0 to multicast group 230.0.0.1:6666.
[2017.09.13-15.14.02:500][  0]LogConfig: Warning: Failed to saved backup for config[SourceControlSettings]
[2017.09.13-15.14.02:630][  0]SourceControl: Source control is disabled
[2017.09.13-15.14.02:669][  0]SourceControl: Source control is disabled
[2017.09.13-15.14.03:143][  0]SourceControl: Source control is disabled
[2017.09.13-15.14.03:507][  0]SourceControl: Source control is disabled
[2017.09.13-15.14.08:325][  0]LogAndroidPermission: UAndroidPermissionCallbackProxy::GetInstance
[2017.09.13-15.14.09:402][  0]LogAnsel: Tried to load ../../../Engine/Plugins/Runtime/Nvidia/Ansel/Binaries/ThirdParty/AnselSDK64.dll : success=1
[2017.09.13-15.14.09:486][  0]LogOcInput: OculusInput pre-init called
[2017.09.13-15.14.11:952][  0]LogEngine: Initializing Engine...
[2017.09.13-15.14.12:613][  0]LogHMD: Failed to initialize OpenVR with code 117
[2017.09.13-15.14.15:347][  0]LogStats: UGameplayTagsManager::ConstructGameplayTagTree: Construct from data asset -  0.000 s
[2017.09.13-15.14.15:388][  0]LogStats: UGameplayTagsManager::ConstructGameplayTagTree: GameplayTagTreeChangedEvent.Broadcast -  0.040 s
[2017.09.13-15.14.18:559][  0]LogAIModule: Creating AISystem for world Untitled
[2017.09.13-15.14.19:451][  0]LogInit: XAudio2 using 'REAL SPEAKERS!!!!!!!!!! (Realtek High Definition Audio)' : 2 channels at 48 kHz using 32 bits per sample (channel mask 0x3)
[2017.09.13-15.14.19:519][  0]LogInit: FAudioDevice initialized.
[2017.09.13-15.14.19:656][  0]LogDerivedDataCache: Saved boot cache 0.12s 106MB C:/Users/Robert Forbes/AppData/Local/UnrealEngine/4.17/DerivedDataCache/Boot.ddc.
[2017.09.13-15.14.19:672][  0]LogInit: Texture streaming: Enabled
[2017.09.13-15.14.20:754][  0]LogMaterial: Uniform references updated for custom material expression Custom.
[2017.09.13-15.14.22:633][  0]LogEngineSessionManager: EngineSessionManager initialized
[2017.09.13-15.14.25:177][  0]LogInit: Transaction tracking system initialized
[2017.09.13-15.14.29:744][  0]BlueprintLog: New page: Editor Load
[2017.09.13-15.14.36:140][  0]LocalizationService: Localization service is disabled
[2017.09.13-15.14.42:575][  0]LogConsoleResponse: Display: 
[2017.09.13-15.14.46:548][  0]LogCook: Display: Max memory allowance for cook 16384mb min free memory 0mb
[2017.09.13-15.14.46:548][  0]LogCook: Display: Mobile HDR setting 1
[2017.09.13-15.14.46:719][  0]LogGameplayTags: Display: UGameplayTagsManager::DoneAddingNativeTags. DelegateIsBound: 0
[2017.09.13-15.14.49:040][  0]LogFileCache: Scanning file cache for directory 'Q:/Unreal Projects/Plan-X/PlanX/Content/' took 1.88s
[2017.09.13-15.14.55:299][  0]SourceControl: Source control is disabled
[2017.09.13-15.14.55:449][  0]Cmd: MAP LOAD FILE="../../../../../Unreal Projects/Plan-X/PlanX/Content/Assets/Mapt_data/Challenge_Levels/Challange_L_1_0.umap" TEMPLATE=0 SHOWPROGRESS=1 FEATURELEVEL=3
[2017.09.13-15.14.55:462][  0]LightingResults: New page: Lighting Build
[2017.09.13-15.14.55:850][  0]MapCheck: New page: Map Check
[2017.09.13-15.14.55:850][  0]LightingResults: New page: Lighting Build
[2017.09.13-15.15.07:332][  0]LogAIModule: Creating AISystem for world Challange_L_1_0
[2017.09.13-15.15.09:383][  0]LogEditorServer: Finished looking for orphan Actors (0.000 secs)
[2017.09.13-15.15.10:248][  0]Cmd: MAP CHECKDEP NOCLEARLOG
[2017.09.13-15.15.10:462][  0]MapCheck: Map check complete: 0 Error(s), 0 Warning(s), took 213.346ms to complete.
[2017.09.13-15.15.10:474][  0]LogFileHelpers: Loading map 'Challange_L_1_0' took 15.117
[2017.09.13-15.15.19:400][  0]LogCollectionManager: Loaded 0 collections in 0.036555 seconds
[2017.09.13-15.15.20:157][  0]LogFileCache: Scanning file cache for directory 'Q:/Unreal Projects/Plan-X/PlanX/Saved/Collections/' took 0.02s
[2017.09.13-15.15.20:157][  0]LogFileCache: Scanning file cache for directory 'Q:/Unreal Projects/Plan-X/PlanX/Content/Developers/RobertForbes/Collections/' took 0.01s
[2017.09.13-15.15.20:157][  0]LogFileCache: Scanning file cache for directory 'Q:/Unreal Projects/Plan-X/PlanX/Content/Collections/' took 0.01s
[2017.09.13-15.15.20:157][  0]LogCollectionManager: Rebuilt the GUID cache for 0 collections in 0.000001 seconds
[2017.09.13-15.15.20:259][  0]LogContentBrowser: Native class hierarchy populated in 0.0710 seconds. Added 2337 classes and 483 folders.
[2017.09.13-15.15.20:578][  0]LogContentBrowser: Native class hierarchy updated for 'WidgetCarousel' in 0.0007 seconds. Added 0 classes and 0 folders.
[2017.09.13-15.15.25:519][  0]LogContentBrowser: Native class hierarchy updated for 'AddContentDialog' in 0.0013 seconds. Added 0 classes and 0 folders.
[2017.09.13-15.15.25:830][  0]LogContentBrowser: Native class hierarchy updated for 'SceneOutliner' in 0.0009 seconds. Added 1 classes and 2 folders.
[2017.09.13-15.15.27:996][  0]LogSlate: Took 0.140908 seconds to synchronously load lazily loaded font '../../../Engine/Content/Slate/Fonts/Roboto-Regular.ttf' (155K)
[2017.09.13-15.15.28:139][  0]LogSlate: Took 0.133667 seconds to synchronously load lazily loaded font '../../../Engine/Content/Slate/Fonts/Roboto-Bold.ttf' (160K)
[2017.09.13-15.15.28:365][  0]LogSlate: Took 0.030613 seconds to synchronously load lazily loaded font '../../../Engine/Content/Editor/Slate/Fonts/FontAwesome.ttf' (139K)
[2017.09.13-15.15.30:951][  0]LogRenderer: Reallocating scene render targets to support 1208x576 Format 26 NumSamples 1 (Frame:1).
[2017.09.13-15.15.34:207][  0]LogContentBrowser: Native class hierarchy updated for 'HierarchicalLODOutliner' in 0.0010 seconds. Added 1 classes and 2 folders.
[2017.09.13-15.15.34:207][  0]LogLoad: (Engine Initialization) Total time: 228.11 seconds
[2017.09.13-15.15.34:207][  0]LogLoad: (Engine Initialization) Total Blueprint compile time: 0.00 seconds
[2017.09.13-15.15.34:296][  0]LogExternalProfiler: Found external profiler: VSPerf
[2017.09.13-15.15.34:296][  0]LogExternalProfiler: Using external profiler: VSPerf
[2017.09.13-15.15.35:568][  0]LogContentStreaming: Texture pool size now 600 MB
[2017.09.13-15.15.36:262][  1]LogFileCache: Retrieving MD5 hashes for directory 'Q:/Unreal Projects/Plan-X/PlanX/Content/' took 1.26s
[2017.09.13-15.15.37:609][  5]LogAssetRegistry: Asset discovery search completed in 168.9904 seconds
[2017.09.13-15.15.37:643][  5]LogCollectionManager: Rebuilt the object cache for 0 collections in 0.000001 seconds (found 0 objects)
[2017.09.13-15.15.37:653][  5]LogCollectionManager: Fixed up redirectors for 0 collections in 0.009595 seconds (updated 0 objects)
[2017.09.13-15.15.41:266][ 12]LogSlate: Took 0.030494 seconds to synchronously load lazily loaded font '../../../Engine/Content/Slate/Fonts/Roboto-Light.ttf' (159K)
[2017.09.13-15.15.53:502][580]LogEditorViewport: Clicking on Actor (context menu): StaticMeshActor (Floor_Ceiling)
[2017.09.13-15.15.57:496][580]LogEditorViewport: Clicking on Actor (context menu): StaticMeshActor (CL1AL_Starting_point)
[2017.09.13-15.15.59:580][581]Cmd: CAMERA ALIGN ACTIVEVIEWPORTONLY
[2017.09.13-15.16.03:092][830]LogEditorViewport: Clicking on Actor (LMB): StaticMeshActor (Level_packet_Target)
[2017.09.13-15.16.18:386][ 85]LogContentBrowser: Native class hierarchy updated for 'DestructibleMeshEditor' in 0.0011 seconds. Added 1 classes and 2 folders.
[2017.09.13-15.16.18:727][ 85]LogDestructible: Warning: MainMesh Tris: 40
[2017.09.13-15.16.19:350][ 85]LogApexDestructibleAssetImport: Warning: Using default materials for material slot
[2017.09.13-15.16.19:398][ 85]LogApexDestructibleAssetImport: Warning: Bones digested - 2  Depth of hierarchy - 2
[2017.09.13-15.16.19:555][ 85]LogSlate: Took 0.000238 seconds to synchronously load lazily loaded font '../../../Engine/Content/Slate/Fonts/Roboto-Light.ttf' (159K)
[2017.09.13-15.16.19:692][ 85]LogSkeletalMesh: Section 0: 26 vertices, 1 active bones
[2017.09.13-15.16.19:719][ 85]LogSkeletalMesh: Section 0: Material=0, 40 triangles
[2017.09.13-15.16.21:004][ 85]LogRenderer: Reallocating scene render targets to support 1208x924 Format 26 NumSamples 1 (Frame:1).
[2017.09.13-15.17.41:535][421]LogDestructible: Warning: MainMesh Tris: 40
[2017.09.13-15.17.42:008][421]LogApexDestructibleAssetImport: Warning: Using default materials for material slot
[2017.09.13-15.17.42:008][421]LogApexDestructibleAssetImport: Warning: Bones digested - 27  Depth of hierarchy - 2
[2017.09.13-15.17.42:022][421]LogSkeletalMesh: Section 0: 385 vertices, 21 active bones
[2017.09.13-15.17.42:023][421]LogSkeletalMesh: Section 1: 1278 vertices, 25 active bones
[2017.09.13-15.17.42:026][421]LogSkeletalMesh: Section 0: Material=0, 377 triangles
[2017.09.13-15.17.42:026][421]LogSkeletalMesh: Section 1: Material=1, 794 triangles
[2017.09.13-15.19.20:049][373]LogSavePackage: Save=2053.34ms
[2017.09.13-15.19.20:049][373]LogSavePackage: Moving '../../../../../Unreal Projects/Plan-X/PlanX/Saved/Level_packet_Target_DM1884DFA445EBAA756B03E398C49E24FA.tmp' to '../../../../../Unreal Projects/Plan-X/PlanX/Content/Assets/Sorted_prop_data/CL1/Props/Level_packet_Target_DM.uasset'
[2017.09.13-15.19.20:784][373]LogSlate: Took 0.319617 seconds to synchronously load lazily loaded font '../../../Engine/Content/Slate/Fonts/Roboto-Regular.ttf' (155K)
[2017.09.13-15.19.20:794][373]LogSavePackage: Display: Finished SavePackage ../../../../../Unreal Projects/Plan-X/PlanX/Content/Assets/Sorted_prop_data/CL1/Props/Level_packet_Target_DM.uasset
[2017.09.13-15.19.27:573][432]LogSavePackage: Save=21.14ms
[2017.09.13-15.19.27:573][432]LogSavePackage: Moving '../../../../../Unreal Projects/Plan-X/PlanX/Saved/Level_packet_Target_DM16CB3C9648676B8C74BCE0A8491711EC.tmp' to '../../../../../Unreal Projects/Plan-X/PlanX/Content/Assets/Sorted_prop_data/CL1/Props/Level_packet_Target_DM.uasset'
[2017.09.13-15.19.27:574][432]LogSavePackage: Display: Finished SavePackage ../../../../../Unreal Projects/Plan-X/PlanX/Content/Assets/Sorted_prop_data/CL1/Props/Level_packet_Target_DM.uasset
[2017.09.13-15.19.33:060][899]LogEditorViewport: Clicking on Actor (LMB): StaticMeshActor (Level_packet_Target)
[2017.09.13-15.19.35:767][194]LogEditorViewport: Clicking on Actor (LMB): DestructibleActor (Level_packet_Target_DM)
[2017.09.13-15.19.36:855][314]LogEditorViewport: Clicking on Actor (LMB): StaticMeshActor (Level_packet_Target)
[2017.09.13-15.19.40:677][757]LogEditorViewport: Clicking on Actor (LMB): DestructibleActor (Level_packet_Target_DM)
[2017.09.13-15.19.44:161][161]LogEditorViewport: Clicking on Actor (LMB): StaticMeshActor (Level_packet_Target)
[2017.09.13-15.19.45:214][279]LogEditorViewport: Clicking on Actor (LMB): DestructibleActor (Level_packet_Target_DM)
[2017.09.13-15.19.48:502][662]LogEditorViewport: Clicking on Actor (LMB): StaticMeshActor (Level_packet_Target)
[2017.09.13-15.19.55:627][457]EditorErrors: New page: Actor attachment
[2017.09.13-15.19.56:718][579]LogSlate: Took 0.023732 seconds to synchronously load lazily loaded font '../../../Engine/Content/Editor/Slate/Fonts/Roboto-Italic.ttf' (157K)
[2017.09.13-15.20.05:061][520]Cmd: EDIT COPY
[2017.09.13-15.20.05:467][535]Cmd: EDIT PASTE
[2017.09.13-15.20.07:255][732]EditorErrors: New page: Actor attachment
[2017.09.13-15.20.09:680][ 13]EditorErrors: New page: Actor attachment
[2017.09.13-15.20.11:279][199]EditorErrors: New page: Actor attachment
[2017.09.13-15.20.15:616][701]EditorErrors: New page: Actor attachment
[2017.09.13-15.20.21:581][406]EditorErrors: New page: Actor attachment
[2017.09.13-15.20.29:574][347]EditorErrors: New page: Actor attachment
[2017.09.13-15.20.32:371][640]EditorErrors: New page: Actor attachment
[2017.09.13-15.20.59:296][713]LogSlate: Took 0.031663 seconds to synchronously load lazily loaded font '../../../Engine/Content/Slate/Fonts/Roboto-Light.ttf' (159K)
[2017.09.13-15.21.03:381][ 94]LogMaterial: Warning: Material /Game/Assets/Materals_UVs_Textures/M_materials/M_LightingMass.M_LightingMass needed to have new flag set bUsedWithSkeletalMesh !
[2017.09.13-15.21.03:387][ 94]LogMaterial: Missing cached shader map for material M_LightingMass, compiling. 
[2017.09.13-15.21.27:039][431]MapCheck: New page: Map Check
[2017.09.13-15.21.27:093][431]Cmd: MAP REBUILD ALLVISIBLE
[2017.09.13-15.21.27:094][431]LogEditorServer: Rebuildmap Clear paths rebuilt
[2017.09.13-15.21.28:826][431]LogMaterial: Missing cached shader map for material FDebugViewModeMaterialProxy WorldGridMaterial, compiling. Is special engine material.
[2017.09.13-15.21.28:837][431]LogMaterial: Missing cached shader map for material FDebugViewModeMaterialProxy Floor_Wall_Ceiling_Inst, compiling. 
[2017.09.13-15.21.28:850][431]LogMaterial: Missing cached shader map for material FDebugViewModeMaterialProxy LightingMass_Inst, compiling. 
[2017.09.13-15.21.28:857][431]LogMaterial: Missing cached shader map for material FDebugViewModeMaterialProxy Demo_disk, compiling. 
[2017.09.13-15.21.28:864][431]LogMaterial: Missing cached shader map for material FDebugViewModeMaterialProxy MatineeCam_mat, compiling. 
[2017.09.13-15.21.29:550][431]TextureStreamingBuild: Display: Compiling optional shaders took 0.738 seconds.
[2017.09.13-15.21.29:582][431]LogLevel: Display: Export Material TexCoord Scales took 0.032 seconds.
[2017.09.13-15.21.29:595][431]TextureStreamingBuild: Display: Build Texture Streaming took 0.013 seconds.
[2017.09.13-15.21.29:684][431]LightingResults: New page: Lighting Build - Sep 13, 2017, 7:21:29 AM
[2017.09.13-15.21.29:959][431]LogSwarmInterface: [OpenConnection] Registering TCP channel ...
[2017.09.13-15.21.30:172][431]LogSwarmInterface: [OpenConnection] Connecting to agent ...
[2017.09.13-15.21.30:190][431]LogSwarmInterface: [TryOpenConnection] Testing the Agent
[2017.09.13-15.21.31:292][431]LogSwarmInterface: [TryOpenConnection] Opening Connection to Agent
[2017.09.13-15.21.31:292][431]LogSwarmInterface: [TryOpenConnection] Local Process ID is 4364
[2017.09.13-15.21.34:818][431]LogStaticLightingSystem: Warning: No importance volume found, so the scene bounding box was used.  You can optimize your scene's quality and lighting build times by adding importance volumes.
[2017.09.13-15.21.34:818][431]LogStaticLightingSystem: Running Lightmass w/ ImmediateImport mode ENABLED
[2017.09.13-15.21.34:818][431]LogStaticLightingSystem: Running Lightmass w/ ImmediateProcess mode ENABLED
[2017.09.13-15.21.34:818][431]LogStaticLightingSystem: Running Lightmass w/ Sorting mode ENABLED
[2017.09.13-15.21.34:818][431]LogStaticLightingSystem: Running Lightmass w/ Mapping paddings ENABLED
[2017.09.13-15.21.34:818][431]LogStaticLightingSystem: Running Lightmass w/ Mapping debug paddings DISABLED
[2017.09.13-15.21.34:985][431]Cmd: MAP CHECK DONTDISPLAYDIALOG
[2017.09.13-15.21.34:985][431]MapCheck: New page: Challange_L_1_0 - Sep 13, 2017, 7:21:34 AM
[2017.09.13-15.21.35:056][431]MapCheck: Error: WorldSettings_1 Maps need lighting rebuilt 
[2017.09.13-15.21.35:130][431]MapCheck: Map check complete: 1 Error(s), 0 Warning(s), took 144.074ms to complete.
[2017.09.13-15.21.35:152][431]LogEditorBuildUtils: Build time 0:08
[2017.09.13-15.21.35:208][431]LogMaterial: Missing cached shader map for material FLightmassMaterialRenderer LightingMass_Inst, compiling. 
[2017.09.13-15.21.35:227][431]LogMaterial: Missing cached shader map for material FLightmassMaterialRenderer LightingMass_Inst, compiling. 
[2017.09.13-15.21.38:853][442]LightingResults: Warning: Dome_Roof Object has overlapping UVs.
[2017.09.13-15.21.38:853][442]LightingResults: Dome_Roof Lightmap UV are overlapping by 50.0%. Please adjust content - Enable Error Coloring to visualize.
[2017.09.13-15.21.39:874][445]LightingResults: Warning: CL1AL_Starting_point Object has overlapping UVs.
[2017.09.13-15.21.39:874][445]LightingResults: CL1AL_Starting_point Lightmap UV are overlapping by 12.4%. Please adjust content - Enable Error Coloring to visualize.
[2017.09.13-15.23.03:700][451]Job has failed! Job executable didn't exit cleanly. Exit code: -1066598274
