Log file open, 08/30/17 18:53:49
LogWindows: LoadLibraryWithSearchPaths failed for file aqProf.dll. GetLastError=0
LogWindows: LoadLibraryWithSearchPaths failed for file VSPerf140.dll. GetLastError=0
LogWindows: LoadLibraryWithSearchPaths failed for file VtuneApi.dll. GetLastError=0
LogWindows: LoadLibraryWithSearchPaths failed for file VtuneApi32e.dll. GetLastError=0
LogInit: Display: Running engine for game: PlanX
LogPlatformFile: Not using cached read wrapper
LogInit: Display: RandInit(1465234897) SRandInit(1465234897).
LogTaskGraph: Started task graph with 5 named threads and 14 total threads with 3 sets of task threads.
LogStats: Stats thread started at 0.171882
LogD3D11RHI: Aftermath initialized
LogPluginManager: Mounting plugin Paper2D
LogPluginManager: Mounting plugin LightPropagationVolume
LogPluginManager: Mounting plugin CodeLiteSourceCodeAccess
LogPluginManager: Mounting plugin GitSourceControl
LogPluginManager: Mounting plugin KDevelopSourceCodeAccess
LogPluginManager: Mounting plugin NullSourceCodeAccess
LogPluginManager: Mounting plugin PerforceSourceControl
LogPluginManager: Mounting plugin SubversionSourceControl
LogPluginManager: Mounting plugin UObjectPlugin
LogPluginManager: Mounting plugin VisualStudioSourceCodeAccess
LogPluginManager: Mounting plugin XCodeSourceCodeAccess
LogPluginManager: Mounting plugin AssetManagerEditor
LogPluginManager: Mounting plugin AudioCapture
LogPluginManager: Mounting plugin FacialAnimation
LogPluginManager: Mounting plugin GameplayTagsEditor
LogPluginManager: Mounting plugin MobileLauncherProfileWizard
LogPluginManager: Mounting plugin PluginBrowser
LogPluginManager: Mounting plugin SpeedTreeImporter
LogPluginManager: Mounting plugin AlembicImporter
LogPluginManager: Mounting plugin CharacterAI
LogPluginManager: Mounting plugin HTML5Networking
LogPluginManager: Mounting plugin AndroidMedia
LogPluginManager: Mounting plugin AvfMedia
LogPluginManager: Mounting plugin MediaPlayerEditor
LogPluginManager: Mounting plugin WmfMedia
LogPluginManager: Mounting plugin TcpMessaging
LogPluginManager: Mounting plugin UdpMessaging
LogPluginManager: Mounting plugin LevelSequenceEditor
LogPluginManager: Mounting plugin MatineeToLevelSequence
LogPluginManager: Mounting plugin OnlineSubsystemGooglePlay
LogPluginManager: Mounting plugin OnlineSubsystemIOS
LogPluginManager: Mounting plugin OnlineSubsystem
LogPluginManager: Mounting plugin OnlineSubsystemNull
LogPluginManager: Mounting plugin OnlineSubsystemUtils
LogPluginManager: Mounting plugin AndroidDeviceProfileSelector
LogPluginManager: Mounting plugin AndroidMoviePlayer
LogPluginManager: Mounting plugin AndroidPermission
LogPluginManager: Mounting plugin AppleMoviePlayer
LogPluginManager: Mounting plugin ArchVisCharacter
LogPluginManager: Mounting plugin CableComponent
LogPluginManager: Mounting plugin CustomMeshComponent
LogPluginManager: Mounting plugin ExampleDeviceProfileSelector
LogPluginManager: Mounting plugin GoogleCloudMessaging
LogPluginManager: Mounting plugin ImmediatePhysics
LogPluginManager: Mounting plugin IOSDeviceProfileSelector
LogPluginManager: Mounting plugin LinuxDeviceProfileSelector
LogPluginManager: Mounting plugin LocationServicesBPLibrary
LogPluginManager: Mounting plugin MobilePatchingUtils
LogPluginManager: Mounting plugin OculusVR
LogPluginManager: Mounting plugin PhysXVehicles
LogPluginManager: Mounting plugin ProceduralMeshComponent
LogPluginManager: Mounting plugin RuntimePhysXCooking
LogPluginManager: Mounting plugin SteamVR
LogPluginManager: Mounting plugin WindowsMoviePlayer
LogInit: Using libcurl 7.47.1
LogInit:  - built for x86_64-pc-win32
LogInit:  - supports SSL with OpenSSL/1.0.2g
LogInit:  - supports HTTP deflate (compression) using libz 1.2.8
LogInit:  - other features:
LogInit:      CURL_VERSION_SSL
LogInit:      CURL_VERSION_LIBZ
LogInit:      CURL_VERSION_IPV6
LogInit:      CURL_VERSION_ASYNCHDNS
LogInit:      CURL_VERSION_LARGEFILE
LogInit:      CURL_VERSION_IDN
LogInit:  CurlRequestOptions (configurable via config and command line):
LogInit:  - bVerifyPeer = false  - Libcurl will NOT verify peer certificate
LogInit:  - bUseHttpProxy = false  - Libcurl will NOT use HTTP proxy
LogInit:  - bDontReuseConnections = false  - Libcurl will reuse connections
LogInit:  - CertBundlePath = nullptr  - Libcurl will use whatever was configured at build time.
LogInit: Build: ++UE4+Release-4.17-CL-3586342
LogInit: Engine Version: 4.17.1-3586342+++UE4+Release-4.17
LogInit: Compatible Engine Version: 4.17.0-3573198+++UE4+Release-4.17
LogInit: Net CL: 3573198
LogDevObjectVersion: Number of dev versions registered: 16
LogDevObjectVersion:   Dev-Blueprints (B0D832E4-1F89-4F0D-ACCF-7EB736FD4AA2): 10
LogDevObjectVersion:   Dev-Build (E1C64328-A22C-4D53-A36C-8E866417BD8C): 0
LogDevObjectVersion:   Dev-Core (375EC13C-06E4-48FB-B500-84F0262A717E): 2
LogDevObjectVersion:   Dev-Editor (E4B068ED-F494-42E9-A231-DA0B2E46BB41): 20
LogDevObjectVersion:   Dev-Framework (CFFC743F-43B0-4480-9391-14DF171D2073): 28
LogDevObjectVersion:   Dev-Mobile (B02B49B5-BB20-44E9-A304-32B752E40360): 0
LogDevObjectVersion:   Dev-Networking (A4E4105C-59A1-49B5-A7C5-40C4547EDFEE): 0
LogDevObjectVersion:   Dev-Online (39C831C9-5AE6-47DC-9A44-9C173E1C8E7C): 0
LogDevObjectVersion:   Dev-Physics (78F01B33-EBEA-4F98-B9B4-84EACCB95AA2): 0
LogDevObjectVersion:   Dev-Platform (6631380F-2D4D-43E0-8009-CF276956A95A): 0
LogDevObjectVersion:   Dev-Rendering (12F88B9F-8875-4AFC-A67C-D90C383ABD29): 19
LogDevObjectVersion:   Dev-Sequencer (7B5AE74C-D270-4C10-A958-57980B212A5A): 4
LogDevObjectVersion:   Dev-VR (D7296918-1DD6-4BDD-9DE2-64A83CC13884): 0
LogDevObjectVersion:   Dev-LoadTimes (C2A15278-BFE7-4AFE-6C17-90FF531DF755): 1
LogDevObjectVersion:   Private-Geometry (6EACA3D4-40EC-4CC1-B786-8BED09428FC5): 1
LogDevObjectVersion:   Dev-AnimPhys (29E575DD-E0A3-4627-9D10-D276232CDCEA): 7
LogInit: Compiled (64-bit): Aug 15 2017 02:05:26
LogInit: Compiled with Visual C++: 19.00.24215.01
LogInit: Build Configuration: Development
LogInit: Branch Name: ++UE4+Release-4.17
LogInit: Command line:  
LogInit: Base directory: A:/UE4/Engine/UE_4.17/Engine/Binaries/Win64/
LogInit: Installed Engine Build: 1
LogInit: Presizing for max 8388607 objects, including 0 objects not considered by GC, pre-allocating 0 bytes for permanent pool.
LogInit: Object subsystem initialized
[2017.08.30-22.53.49:602][  0]LogInit: Selected Device Profile: [Windows]
[2017.08.30-22.53.49:602][  0]LogInit: Applying CVar settings loaded from the selected device profile: [Windows]
[2017.08.30-22.53.49:644][  0]LogInit: Computer: DESKTOP-FG92URP
[2017.08.30-22.53.49:644][  0]LogInit: User: EXAMoney
[2017.08.30-22.53.49:644][  0]LogInit: CPU Page size=4096, Cores=4
[2017.08.30-22.53.49:644][  0]LogInit: High frequency timer resolution =4.101564 MHz
[2017.08.30-22.53.49:644][  0]LogMemory: Memory total: Physical=8.0GB (8GB approx)
[2017.08.30-22.53.49:644][  0]LogMemory: Platform Memory Stats for Windows
[2017.08.30-22.53.49:644][  0]LogMemory: Process Physical Memory: 278.50 MB used, 278.50 MB peak
[2017.08.30-22.53.49:644][  0]LogMemory: Process Virtual Memory: 282.04 MB used, 282.04 MB peak
[2017.08.30-22.53.49:644][  0]LogMemory: Physical Memory: 4596.36 MB used,  3559.42 MB free, 8155.78 MB total
[2017.08.30-22.53.49:644][  0]LogMemory: Virtual Memory: 676.77 MB used,  3559.42 MB free, 134217728.00 MB total
[2017.08.30-22.53.49:717][  0]LogInit: Using OS detected language (en-US).
[2017.08.30-22.53.49:717][  0]LogInit: Using OS detected locale (en-US).
[2017.08.30-22.53.49:719][  0]LogTextLocalizationManager: No specific localization for 'en-US' exists, so the 'en' localization will be used.
[2017.08.30-22.53.51:262][  0]LogD3D11RHI: D3D11 adapters:
[2017.08.30-22.53.51:731][  0]LogD3D11RHI:    0. 'NVIDIA GeForce GTX 1070' (Feature Level 11_0)
[2017.08.30-22.53.51:731][  0]LogD3D11RHI:       8085/0/4077 MB DedicatedVideo/DedicatedSystem/SharedSystem, Outputs:4, VendorId:0x10de
[2017.08.30-22.53.51:732][  0]LogD3D11RHI:    1. 'Microsoft Basic Render Driver' (Feature Level 11_0)
[2017.08.30-22.53.51:732][  0]LogD3D11RHI:       0/0/4077 MB DedicatedVideo/DedicatedSystem/SharedSystem, Outputs:0, VendorId:0x1414
[2017.08.30-22.53.51:732][  0]LogD3D11RHI: Chosen D3D11 Adapter: 0
[2017.08.30-22.53.51:751][  0]LogD3D11RHI: Creating new Direct3DDevice
[2017.08.30-22.53.51:751][  0]LogD3D11RHI:     GPU DeviceId: 0x1b81 (for the marketing name, search the web for "GPU Device Id")
[2017.08.30-22.53.51:751][  0]LogWindows: EnumDisplayDevices:
[2017.08.30-22.53.51:752][  0]LogWindows:    0. 'NVIDIA GeForce GTX 1070' (P:0 D:1)
[2017.08.30-22.53.51:752][  0]LogWindows:    1. 'NVIDIA GeForce GTX 1070' (P:0 D:1)
[2017.08.30-22.53.51:752][  0]LogWindows:    2. 'NVIDIA GeForce GTX 1070' (P:0 D:1)
[2017.08.30-22.53.51:752][  0]LogWindows:    3. 'NVIDIA GeForce GTX 1070' (P:1 D:1)
[2017.08.30-22.53.51:752][  0]LogWindows: DebugString: FoundDriverCount:4 
[2017.08.30-22.53.51:752][  0]LogD3D11RHI:     Adapter Name: NVIDIA GeForce GTX 1070
[2017.08.30-22.53.51:752][  0]LogD3D11RHI:   Driver Version: 384.94 (internal:22.21.13.8494, unified:384.94)
[2017.08.30-22.53.51:752][  0]LogD3D11RHI:      Driver Date: 7-18-2017
[2017.08.30-22.53.51:752][  0]LogRHI: Texture pool is 1361 MB (70% of 1945 MB)
[2017.08.30-22.53.52:201][  0]LogD3D11RHI: Async texture creation enabled
[2017.08.30-22.53.52:514][  0]LogD3D11RHI: GPU Timing Frequency: 1000.000000 (Debug: 2 2)
[2017.08.30-22.53.52:931][  0]LogShaderCompilers: Guid format shader working directory is 20 characters bigger than the processId version (D:/Plan-X/Plan-X/Plan-X/PlanX/Intermediate/Shaders/WorkingDirectory/12784/).
[2017.08.30-22.53.52:931][  0]LogShaderCompilers: Cleaned the shader compiler working directory 'C:/Users/EXA-Money/AppData/Local/Temp/UnrealShaderWorkingDir/CB3DEC4447B54FC5C0F8749BBEA2F7EC/'.
[2017.08.30-22.53.52:945][  0]LogShaderCompilers: Display: Using Local Shader Compiler.
[2017.08.30-22.53.57:044][  0]LogTemp: Display: Loaded TP AllDesktopTargetPlatform
[2017.08.30-22.53.57:070][  0]LogTemp: Display: Loaded TP MacClientTargetPlatform
[2017.08.30-22.53.57:098][  0]LogTemp: Display: Loaded TP MacNoEditorTargetPlatform
[2017.08.30-22.53.57:124][  0]LogTemp: Display: Loaded TP MacServerTargetPlatform
[2017.08.30-22.53.57:190][  0]LogTemp: Display: Loaded TP MacTargetPlatform
[2017.08.30-22.53.57:216][  0]LogTemp: Display: Loaded TP WindowsClientTargetPlatform
[2017.08.30-22.53.57:243][  0]LogTemp: Display: Loaded TP WindowsNoEditorTargetPlatform
[2017.08.30-22.53.57:268][  0]LogTemp: Display: Loaded TP WindowsServerTargetPlatform
[2017.08.30-22.53.57:290][  0]LogTemp: Display: Loaded TP WindowsTargetPlatform
[2017.08.30-22.53.57:322][  0]LogTemp: Display: Loaded TP AndroidTargetPlatform
[2017.08.30-22.53.57:348][  0]LogTemp: Display: Loaded TP Android_ASTCTargetPlatform
[2017.08.30-22.53.57:373][  0]LogTemp: Display: Loaded TP Android_ATCTargetPlatform
[2017.08.30-22.53.57:398][  0]LogTemp: Display: Loaded TP Android_DXTTargetPlatform
[2017.08.30-22.53.57:423][  0]LogTemp: Display: Loaded TP Android_ETC1TargetPlatform
[2017.08.30-22.53.57:448][  0]LogTemp: Display: Loaded TP Android_ETC2TargetPlatform
[2017.08.30-22.53.57:499][  0]LogTemp: Display: Loaded TP Android_MultiTargetPlatform
[2017.08.30-22.53.57:500][  0]LogTemp: Display: Loaded TP Android_PVRTCTargetPlatform
[2017.08.30-22.53.57:517][  0]LogTemp: Display: Loaded TP HTML5TargetPlatform
[2017.08.30-22.53.57:661][  0]LogTemp: Display: Loaded TP IOSTargetPlatform
[2017.08.30-22.53.57:677][  0]LogTemp: Display: Loaded TP TVOSTargetPlatform
[2017.08.30-22.53.57:703][  0]LogTemp: Display: Loaded TP LinuxClientTargetPlatform
[2017.08.30-22.53.57:727][  0]LogTemp: Display: Loaded TP LinuxNoEditorTargetPlatform
[2017.08.30-22.53.57:752][  0]LogTemp: Display: Loaded TP LinuxServerTargetPlatform
[2017.08.30-22.53.57:794][  0]LogTemp: Display: Loaded TP LinuxTargetPlatform
[2017.08.30-22.53.57:794][  0]LogTargetPlatformManager: Display: Building Assets For Windows
[2017.08.30-22.53.58:879][  0]LogDerivedDataCache: Display: Max Cache Size: 512 MB
[2017.08.30-22.53.59:288][  0]LogDerivedDataCache: Loaded boot cache 0.41s 106MB C:/Users/EXA-Money/AppData/Local/UnrealEngine/4.17/DerivedDataCache/Boot.ddc.
[2017.08.30-22.53.59:288][  0]LogDerivedDataCache: Display: Loaded Boot cache: C:/Users/EXA-Money/AppData/Local/UnrealEngine/4.17/DerivedDataCache/Boot.ddc
[2017.08.30-22.53.59:288][  0]LogDerivedDataCache: FDerivedDataBackendGraph:  Pak pak cache file D:/Plan-X/Plan-X/Plan-X/PlanX/DerivedDataCache/DDC.ddp not found, will not use a pak cache.
[2017.08.30-22.53.59:288][  0]LogDerivedDataCache: Unable to find inner node Pak for hierarchical cache Hierarchy.
[2017.08.30-22.53.59:288][  0]LogDerivedDataCache: FDerivedDataBackendGraph:  CompressedPak pak cache file D:/Plan-X/Plan-X/Plan-X/PlanX/DerivedDataCache/Compressed.ddp not found, will not use a pak cache.
[2017.08.30-22.53.59:288][  0]LogDerivedDataCache: Unable to find inner node CompressedPak for hierarchical cache Hierarchy.
[2017.08.30-22.53.59:369][  0]LogDerivedDataCache: Display: Pak cache opened for reading ../../../Engine/DerivedDataCache/Compressed.ddp.
[2017.08.30-22.53.59:380][  0]LogDerivedDataCache: Using Local data cache path C:/Users/EXA-Money/AppData/Local/UnrealEngine/Common/DerivedDataCache: Writable
[2017.08.30-22.53.59:462][  0]LogMaterial: Verifying Global Shaders for PCD3D_SM5
[2017.08.30-22.53.59:514][  0]LogSlate: Using Freetype 2.6.0
[2017.08.30-22.53.59:595][  0]LogSlate: SlateFontCache - WITH_FREETYPE: 1, WITH_HARFBUZZ: 1
[2017.08.30-22.53.59:595][  0]LogSlate: SlateFontCache - WITH_FREETYPE: 1, WITH_HARFBUZZ: 1
[2017.08.30-22.54.07:681][  0]LogAssetRegistry: FAssetRegistry took 0.0279 seconds to start up
[2017.08.30-22.54.09:077][  0]LogInit: Selected Device Profile: [Windows]
[2017.08.30-22.54.13:796][  0]LogSimplygon: Simplygon DLL not present - disabling.
[2017.08.30-22.54.13:827][  0]LogMeshReduction: Using SimplygonSwarm for distributed automatic mesh merging
[2017.08.30-22.54.13:828][  0]LogMeshReduction: Using QuadricMeshReduction for automatic static mesh reduction
[2017.08.30-22.54.13:828][  0]LogMeshReduction: No automatic skeletal mesh reduction module available
[2017.08.30-22.54.13:828][  0]LogMeshReduction: No automatic mesh merging module available
[2017.08.30-22.54.13:828][  0]LogMeshMerging: No automatic mesh merging module available
[2017.08.30-22.54.13:917][  0]LogContentStreaming: Texture pool size is 0.00 MB
[2017.08.30-22.54.16:510][  0]LogNetVersion: PlanX , NetCL: 3573198, EngineNetVer: 2, GameNetVer: 0 (Checksum: 4232075429)
[2017.08.30-22.54.18:375][  0]LogPackageLocalizationCache: Processed 5 localized package path(s) for 2 prioritized culture(s) in 0.065278 seconds
[2017.08.30-22.54.18:390][  0]LogUObjectArray: 35825 objects as part of root set at end of initial load.
[2017.08.30-22.54.18:390][  0]LogUObjectAllocator: 7529104 out of 0 bytes used by permanent object pool.
[2017.08.30-22.54.18:390][  0]LogUObjectArray: CloseDisregardForGC: 0/0 objects in disregard for GC pool
[2017.08.30-22.54.18:459][  0]LogInit: WinSock: version 1.1 (2.2), MaxSocks=32767, MaxUdp=65467
[2017.08.30-22.54.38:191][  0]LogTcpMessaging: Initializing TcpMessaging bridge
[2017.08.30-22.54.38:240][  0]LogUdpMessaging: Initializing bridge on interface 0.0.0.0:0 to multicast group 230.0.0.1:6666.
[2017.08.30-22.54.40:021][  0]LogMaterial: Uniform references updated for custom material expression Custom.
[2017.08.30-22.54.40:795][  0]SourceControl: Source control is disabled
[2017.08.30-22.54.40:795][  0]SourceControl: Source control is disabled
[2017.08.30-22.54.40:852][  0]SourceControl: Source control is disabled
[2017.08.30-22.54.40:921][  0]SourceControl: Source control is disabled
[2017.08.30-22.54.41:974][  0]LogAndroidPermission: UAndroidPermissionCallbackProxy::GetInstance
[2017.08.30-22.54.42:210][  0]LogOcInput: OculusInput pre-init called
[2017.08.30-22.54.42:949][  0]LogEngine: Initializing Engine...
[2017.08.30-22.54.43:208][  0]LogHMD: Failed to initialize OpenVR with code 108
[2017.08.30-22.54.44:310][  0]LogStats: UGameplayTagsManager::ConstructGameplayTagTree: Construct from data asset -  0.000 s
[2017.08.30-22.54.44:311][  0]LogStats: UGameplayTagsManager::ConstructGameplayTagTree: GameplayTagTreeChangedEvent.Broadcast -  0.000 s
[2017.08.30-22.54.44:780][  0]LogAIModule: Creating AISystem for world Untitled
[2017.08.30-22.54.44:984][  0]LogInit: XAudio2 using 'Speakers (Realtek High Definition Audio)' : 2 channels at 48 kHz using 32 bits per sample (channel mask 0x3)
[2017.08.30-22.54.45:003][  0]LogInit: FAudioDevice initialized.
[2017.08.30-22.54.45:147][  0]LogDerivedDataCache: Saved boot cache 0.14s 106MB C:/Users/EXA-Money/AppData/Local/UnrealEngine/4.17/DerivedDataCache/Boot.ddc.
[2017.08.30-22.54.45:211][  0]LogInit: Texture streaming: Enabled
[2017.08.30-22.54.45:268][  0]LogEngineSessionManager: EngineSessionManager initialized
[2017.08.30-22.54.45:713][  0]LogInit: Transaction tracking system initialized
[2017.08.30-22.54.46:062][  0]BlueprintLog: New page: Editor Load
[2017.08.30-22.54.47:326][  0]LocalizationService: Localization service is disabled
[2017.08.30-22.54.48:435][  0]LogConsoleResponse: Display: 
[2017.08.30-22.54.52:728][  0]LogFileCache: Scanning file cache for directory 'D:/Plan-X/Plan-X/Plan-X/PlanX/Content/' took 0.01s
[2017.08.30-22.54.52:728][  0]LogCook: Display: Max memory allowance for cook 16384mb min free memory 0mb
[2017.08.30-22.54.52:728][  0]LogCook: Display: Mobile HDR setting 1
[2017.08.30-22.54.52:729][  0]LogGameplayTags: Display: UGameplayTagsManager::DoneAddingNativeTags. DelegateIsBound: 0
[2017.08.30-22.54.57:037][  0]SourceControl: Source control is disabled
[2017.08.30-22.54.57:205][  0]Cmd: MAP LOAD FILE="D:/Plan-X/Plan-X/Plan-X/PlanX/Content/VirtualRealityBP/Maps/StartupMap.umap" TEMPLATE=0 SHOWPROGRESS=1 FEATURELEVEL=3
[2017.08.30-22.54.57:253][  0]LightingResults: New page: Lighting Build
[2017.08.30-22.54.58:032][  0]MapCheck: New page: Map Check
[2017.08.30-22.54.58:032][  0]LightingResults: New page: Lighting Build
[2017.08.30-22.55.02:186][  0]LogAIModule: Creating AISystem for world StartupMap
[2017.08.30-22.55.04:818][  0]LogEditorServer: Finished looking for orphan Actors (0.000 secs)
[2017.08.30-22.55.05:036][  0]Cmd: MAP CHECKDEP NOCLEARLOG
[2017.08.30-22.55.05:085][  0]MapCheck: Map check complete: 0 Error(s), 0 Warning(s), took 48.234ms to complete.
[2017.08.30-22.55.05:085][  0]LogFileHelpers: Loading map 'StartupMap' took 7.981
[2017.08.30-22.55.08:531][  0]LogCollectionManager: Loaded 0 collections in 0.001090 seconds
[2017.08.30-22.55.08:790][  0]LogFileCache: Scanning file cache for directory 'D:/Plan-X/Plan-X/Plan-X/PlanX/Saved/Collections/' took 0.01s
[2017.08.30-22.55.08:790][  0]LogFileCache: Scanning file cache for directory 'D:/Plan-X/Plan-X/Plan-X/PlanX/Content/Developers/EXAMoney/Collections/' took 0.01s
[2017.08.30-22.55.08:790][  0]LogFileCache: Scanning file cache for directory 'D:/Plan-X/Plan-X/Plan-X/PlanX/Content/Collections/' took 0.01s
[2017.08.30-22.55.08:790][  0]LogCollectionManager: Rebuilt the GUID cache for 0 collections in 0.000001 seconds
[2017.08.30-22.55.08:799][  0]LogContentBrowser: Native class hierarchy populated in 0.0072 seconds. Added 2386 classes and 500 folders.
[2017.08.30-22.55.08:955][  0]LogContentBrowser: Native class hierarchy updated for 'WidgetCarousel' in 0.0004 seconds. Added 0 classes and 0 folders.
[2017.08.30-22.55.12:465][  0]LogContentBrowser: Native class hierarchy updated for 'AddContentDialog' in 0.0004 seconds. Added 0 classes and 0 folders.
[2017.08.30-22.55.14:213][  0]LogContentBrowser: Native class hierarchy updated for 'SceneOutliner' in 0.0004 seconds. Added 1 classes and 2 folders.
[2017.08.30-22.55.14:484][  0]LogSlate: Took 0.000297 seconds to synchronously load lazily loaded font '../../../Engine/Content/Slate/Fonts/Roboto-Regular.ttf' (155K)
[2017.08.30-22.55.14:491][  0]LogSlate: Took 0.000121 seconds to synchronously load lazily loaded font '../../../Engine/Content/Slate/Fonts/Roboto-Bold.ttf' (160K)
[2017.08.30-22.55.14:508][  0]LogSlate: Took 0.015506 seconds to synchronously load lazily loaded font '../../../Engine/Content/Editor/Slate/Fonts/FontAwesome.ttf' (139K)
[2017.08.30-22.55.15:009][  0]LogRenderer: Reallocating scene render targets to support 1168x964 Format 26 NumSamples 1 (Frame:1).
[2017.08.30-22.55.15:448][  0]LogContentBrowser: Native class hierarchy updated for 'HierarchicalLODOutliner' in 0.0004 seconds. Added 1 classes and 2 folders.
[2017.08.30-22.55.15:448][  0]LogLoad: (Engine Initialization) Total time: 87.27 seconds
[2017.08.30-22.55.15:448][  0]LogLoad: (Engine Initialization) Total Blueprint compile time: 0.00 seconds
[2017.08.30-22.55.15:448][  0]LogExternalProfiler: No external profilers were discovered.  External profiling features will not be available.
[2017.08.30-22.55.15:458][  0]LogWindowsTextInputMethodSystem: Display: IME system now deactivated.
[2017.08.30-22.55.15:528][  0]LogContentStreaming: Texture pool size now 1000 MB
[2017.08.30-22.55.15:635][  1]LogAssetRegistry: Asset discovery search completed in 67.9767 seconds
[2017.08.30-22.55.15:637][  1]LogCollectionManager: Rebuilt the object cache for 0 collections in 0.000000 seconds (found 0 objects)
[2017.08.30-22.55.15:637][  1]LogCollectionManager: Fixed up redirectors for 0 collections in 0.000037 seconds (updated 0 objects)
[2017.08.30-23.25.08:638][  3]LogSlate: Took 0.015601 seconds to synchronously load lazily loaded font '../../../Engine/Content/Slate/Fonts/Roboto-Light.ttf' (159K)
[2017.08.30-23.25.10:659][  9]AssetReimport: New page: Outstanding source content changes 3:25:10 PM
[2017.08.30-23.25.10:708][ 10]LogFactory: FactoryCreateFile: StaticMesh with FbxFactory (0 0 D:/Plan-X/Plan-X/Plan-X/PlanX/Content/Assets/imports/Props/Level_packet.fbx)
[2017.08.30-23.25.10:782][ 10]LogFbx: ItemName: GlobalSettings, ItemCount : 1
[2017.08.30-23.25.10:782][ 10]LogFbx: ItemName: Model, ItemCount : 5
[2017.08.30-23.25.10:782][ 10]LogFbx: ItemName: Geometry, ItemCount : 5
[2017.08.30-23.25.10:782][ 10]LogFbx: ItemName: Material, ItemCount : 2
[2017.08.30-23.25.10:782][ 10]LogFbx: ItemName: Texture, ItemCount : 2
[2017.08.30-23.25.10:782][ 10]LogFbx: ItemName: Video, ItemCount : 2
[2017.08.30-23.25.10:789][ 10]LogFbx: Loading FBX Scene from D:/Plan-X/Plan-X/Plan-X/PlanX/Content/Assets/imports/Props/Level_packet.fbx
[2017.08.30-23.25.10:906][ 10]LogFbx: FBX Scene Loaded Succesfully
[2017.08.30-23.25.18:596][ 10]LogFbx: Loading FBX Scene from D:/Plan-X/Plan-X/Plan-X/PlanX/Content/Assets/imports/Props/Level_packet.fbx
[2017.08.30-23.25.18:601][ 10]LogFbx: FBX Scene Loaded Succesfully
[2017.08.30-23.25.18:605][ 10]LogLinker: Can't find file '/Game/Assets/imports/Props/lambert1'
[2017.08.30-23.25.18:611][ 10]LogLinker: Can't find file '/Game/Assets/imports/Props/lambert1'
[2017.08.30-23.25.18:710][ 10]LogMaterial: Missing cached shader map for material lambert1, compiling. 
[2017.08.30-23.25.18:884][ 10]LogStaticMesh: Building static mesh Level_packet_Small_lighitng_Cube...
[2017.08.30-23.25.18:950][ 10]LogStaticMesh: Built static mesh [0.07s] /Game/Assets/imports/Props/Level_packet_Small_lighitng_Cube.Level_packet_Small_lighitng_Cube
[2017.08.30-23.25.19:221][ 10]LogLinker: Can't find file '/Game/Assets/imports/Props/lambert1_ncl1_1'
[2017.08.30-23.25.19:221][ 10]LogLinker: Can't find file '/Game/Assets/imports/Props/lambert1_ncl1_1'
[2017.08.30-23.25.19:224][ 10]LogMaterial: Missing cached shader map for material lambert1_ncl1_1, compiling. 
[2017.08.30-23.25.19:242][ 10]LogStaticMesh: Building static mesh Level_packet_Main_Center...
[2017.08.30-23.25.19:243][ 10]LogStaticMesh: Built static mesh [0.00s] /Game/Assets/imports/Props/Level_packet_Main_Center.Level_packet_Main_Center
[2017.08.30-23.25.19:249][ 10]LogStaticMesh: Building static mesh Level_packet_StartingPoint...
[2017.08.30-23.25.19:250][ 10]LogStaticMesh: Built static mesh [0.00s] /Game/Assets/imports/Props/Level_packet_StartingPoint.Level_packet_StartingPoint
[2017.08.30-23.25.19:256][ 10]LogStaticMesh: Building static mesh Level_packet_Target...
[2017.08.30-23.25.19:257][ 10]LogStaticMesh: Built static mesh [0.00s] /Game/Assets/imports/Props/Level_packet_Target.Level_packet_Target
[2017.08.30-23.25.19:263][ 10]LogStaticMesh: Building static mesh Level_packet_Large_lighting_group...
[2017.08.30-23.25.19:266][ 10]LogStaticMesh: Built static mesh [0.00s] /Game/Assets/imports/Props/Level_packet_Large_lighting_group.Level_packet_Large_lighting_group
[2017.08.30-23.25.19:554][ 11]Cmd: OBJ SAVEPACKAGE PACKAGE="/Game/Assets/imports/Props/Level_packet" FILE="D:/Plan-X/Plan-X/Plan-X/PlanX/Content/Assets/imports/Props/Level_packet.uasset" SILENT=true
[2017.08.30-23.25.19:627][ 11]LogSavePackage: Save=64.04ms
[2017.08.30-23.25.19:627][ 11]LogSavePackage: Moving 'D:/Plan-X/Plan-X/Plan-X/PlanX/Saved/Level_packet1548D5CD41908A8CD8A050B1951D8183.tmp' to 'D:/Plan-X/Plan-X/Plan-X/PlanX/Content/Assets/imports/Props/Level_packet.uasset'
[2017.08.30-23.25.19:627][ 11]LogSavePackage: Display: Finished SavePackage D:/Plan-X/Plan-X/Plan-X/PlanX/Content/Assets/imports/Props/Level_packet.uasset
[2017.08.30-23.25.22:635][335]AssetReimport: Importing new asset /Game/Assets/imports/Props/Level_packet.
[2017.08.30-23.25.43:127][393]Cmd: MAP LOAD FILE="../../../Engine/Content/Maps/Templates/Template_Default.umap" TEMPLATE=1 SHOWPROGRESS=1 FEATURELEVEL=3
[2017.08.30-23.25.43:127][393]LightingResults: New page: Lighting Build
[2017.08.30-23.25.43:128][393]LoadErrors: New page: Loading map: Template_Default.umap
[2017.08.30-23.25.43:146][393]MapCheck: New page: Map Check
[2017.08.30-23.25.43:146][393]LightingResults: New page: Lighting Build
[2017.08.30-23.25.43:257][393]LogMaterial: Missing cached shader map for material M_Sky_Panning_Clouds2, compiling. 
[2017.08.30-23.25.43:331][393]LogAIModule: Creating AISystem for world Untitled_1
[2017.08.30-23.25.43:362][393]LogEditorServer: Finished looking for orphan Actors (0.000 secs)
[2017.08.30-23.25.43:370][393]Cmd: MAP CHECKDEP NOCLEARLOG
[2017.08.30-23.25.43:396][393]MapCheck: Map check complete: 0 Error(s), 0 Warning(s), took 25.212ms to complete.
[2017.08.30-23.25.43:396][393]LogFileHelpers: Loading map 'Template_Default' took 0.275
[2017.08.30-23.25.47:144][812]LogSlate: Took 0.000110 seconds to synchronously load lazily loaded font '../../../Engine/Content/Slate/Fonts/Roboto-Light.ttf' (159K)
[2017.08.30-23.26.18:492][812]Cmd: OBJ SAVEPACKAGE PACKAGE="/Game/Assets/Mapt_data/Challange_L_1_0" FILE="D:/Plan-X/Plan-X/Plan-X/PlanX/Content/Assets/Mapt_data/Challange_L_1_0.umap" SILENT=true AUTOSAVING=false KEEPDIRTY=false
[2017.08.30-23.26.18:528][812]LogSavePackage: Save=27.88ms
[2017.08.30-23.26.18:528][812]LogSavePackage: Moving 'D:/Plan-X/Plan-X/Plan-X/PlanX/Saved/Challange_L_1_02962C5DC42EC20C65DC5E8964A848271.tmp' to 'D:/Plan-X/Plan-X/Plan-X/PlanX/Content/Assets/Mapt_data/Challange_L_1_0.umap'
[2017.08.30-23.26.18:528][812]LogSavePackage: Display: Finished SavePackage D:/Plan-X/Plan-X/Plan-X/PlanX/Content/Assets/Mapt_data/Challange_L_1_0.umap
[2017.08.30-23.26.18:556][812]Cmd: OBJ SAVEPACKAGE PACKAGE="/Game/Assets/Mapt_data/Challange_L_1_0_BuiltData" FILE="D:/Plan-X/Plan-X/Plan-X/PlanX/Content/Assets/Mapt_data/Challange_L_1_0_BuiltData.uasset" SILENT=true
[2017.08.30-23.26.18:571][812]LogSavePackage: Save=13.79ms
[2017.08.30-23.26.18:571][812]LogSavePackage: Moving 'D:/Plan-X/Plan-X/Plan-X/PlanX/Saved/Challange_L_1_0_BuiltData1F79FCC54298E849EFFCC391F5051EEC.tmp' to 'D:/Plan-X/Plan-X/Plan-X/PlanX/Content/Assets/Mapt_data/Challange_L_1_0_BuiltData.uasset'
[2017.08.30-23.26.18:571][812]LogSavePackage: Display: Finished SavePackage D:/Plan-X/Plan-X/Plan-X/PlanX/Content/Assets/Mapt_data/Challange_L_1_0_BuiltData.uasset
[2017.08.30-23.26.18:572][812]LogFileHelpers: Saving map 'Challange_L_1_0' took 0.770
[2017.08.30-23.26.20:417][ 21]LogEditorViewport: Clicking on Actor (LMB): StaticMeshActor (Floor)
[2017.08.30-23.27.18:740][844]LogSlate: Took 0.013858 seconds to synchronously load lazily loaded font '../../../Engine/Content/Editor/Slate/Fonts/Roboto-Italic.ttf' (157K)
[2017.08.30-23.27.21:444][852]AssetReimport: New page: Outstanding source content changes 3:27:21 PM
[2017.08.30-23.27.21:463][853]LogFactory: FactoryCreateFile: StaticMesh with FbxFactory (0 0 D:/Plan-X/Plan-X/Plan-X/PlanX/Content/Assets/imports/Props/Floor_Ceiling.fbx)
[2017.08.30-23.27.21:464][853]LogFbx: ItemName: GlobalSettings, ItemCount : 1
[2017.08.30-23.27.21:464][853]LogFbx: ItemName: Model, ItemCount : 5
[2017.08.30-23.27.21:464][853]LogFbx: ItemName: Geometry, ItemCount : 5
[2017.08.30-23.27.21:464][853]LogFbx: ItemName: Material, ItemCount : 2
[2017.08.30-23.27.21:464][853]LogFbx: ItemName: Texture, ItemCount : 2
[2017.08.30-23.27.21:464][853]LogFbx: ItemName: Video, ItemCount : 2
[2017.08.30-23.27.21:467][853]LogFbx: Loading FBX Scene from D:/Plan-X/Plan-X/Plan-X/PlanX/Content/Assets/imports/Props/Floor_Ceiling.fbx
[2017.08.30-23.27.21:472][853]LogFbx: FBX Scene Loaded Succesfully
[2017.08.30-23.27.24:241][853]LogFbx: Loading FBX Scene from D:/Plan-X/Plan-X/Plan-X/PlanX/Content/Assets/imports/Props/Floor_Ceiling.fbx
[2017.08.30-23.27.24:246][853]LogFbx: FBX Scene Loaded Succesfully
[2017.08.30-23.27.24:248][853]LogStaticMesh: Building static mesh Floor_Ceiling_Small_lighitng_Cube...
[2017.08.30-23.27.24:249][853]LogStaticMesh: Built static mesh [0.00s] /Game/Assets/imports/Props/Floor_Ceiling_Small_lighitng_Cube.Floor_Ceiling_Small_lighitng_Cube
[2017.08.30-23.27.24:260][853]LogStaticMesh: Building static mesh Floor_Ceiling_Main_Center...
[2017.08.30-23.27.24:260][853]LogStaticMesh: Built static mesh [0.00s] /Game/Assets/imports/Props/Floor_Ceiling_Main_Center.Floor_Ceiling_Main_Center
[2017.08.30-23.27.24:266][853]LogStaticMesh: Building static mesh Floor_Ceiling_StartingPoint...
[2017.08.30-23.27.24:267][853]LogStaticMesh: Built static mesh [0.00s] /Game/Assets/imports/Props/Floor_Ceiling_StartingPoint.Floor_Ceiling_StartingPoint
[2017.08.30-23.27.24:273][853]LogStaticMesh: Building static mesh Floor_Ceiling_Target...
[2017.08.30-23.27.24:274][853]LogStaticMesh: Built static mesh [0.00s] /Game/Assets/imports/Props/Floor_Ceiling_Target.Floor_Ceiling_Target
[2017.08.30-23.27.24:280][853]LogStaticMesh: Building static mesh Floor_Ceiling_Large_lighting_group...
[2017.08.30-23.27.24:282][853]LogStaticMesh: Built static mesh [0.00s] /Game/Assets/imports/Props/Floor_Ceiling_Large_lighting_group.Floor_Ceiling_Large_lighting_group
[2017.08.30-23.27.24:308][854]Cmd: OBJ SAVEPACKAGE PACKAGE="/Game/Assets/imports/Props/Floor_Ceiling" FILE="D:/Plan-X/Plan-X/Plan-X/PlanX/Content/Assets/imports/Props/Floor_Ceiling.uasset" SILENT=true
[2017.08.30-23.27.24:311][854]LogSavePackage: Save=2.34ms
[2017.08.30-23.27.24:311][854]LogSavePackage: Moving 'D:/Plan-X/Plan-X/Plan-X/PlanX/Saved/Floor_Ceiling31D90233402D5B11FC014B84FEA5EDD5.tmp' to 'D:/Plan-X/Plan-X/Plan-X/PlanX/Content/Assets/imports/Props/Floor_Ceiling.uasset'
[2017.08.30-23.27.24:311][854]LogSavePackage: Display: Finished SavePackage D:/Plan-X/Plan-X/Plan-X/PlanX/Content/Assets/imports/Props/Floor_Ceiling.uasset
[2017.08.30-23.27.27:319][213]AssetReimport: Importing new asset /Game/Assets/imports/Props/Floor_Ceiling.
[2017.08.30-23.27.29:916][508]LogActorFactory: Actor Factory created Floor_Ceiling_Small_lighitng_Cube
[2017.08.30-23.27.33:081][871]LogActorFactory: Actor Factory created Floor_Ceiling_Small_lighitng_Cube
[2017.08.30-23.27.47:492][586]Cmd: CAMERA ALIGN ACTIVEVIEWPORTONLY
[2017.08.30-23.27.59:937][ 71]Cmd: CAMERA ALIGN ACTIVEVIEWPORTONLY
[2017.08.30-23.28.04:234][580]Cmd: CAMERA ALIGN ACTIVEVIEWPORTONLY
[2017.08.30-23.28.08:905][138]LogEditorViewport: Clicking on Actor (LMB): StaticMeshActor (Floor)
[2017.08.30-23.28.10:778][358]LogEditorViewport: Clicking on Actor (LMB): StaticMeshActor (Floor_Ceiling_Small_lighitng_Cube)
[2017.08.30-23.28.22:395][745]Cmd: TRANSACTION UNDO
[2017.08.30-23.28.22:395][745]LogEditorTransaction: Undo Set actor location
[2017.08.30-23.28.23:784][901]LogEditorViewport: Clicking on Actor (LMB): StaticMeshActor (Floor_Ceiling_Small_lighitng_Cube)
[2017.08.30-23.28.24:357][968]LogEditorViewport: Clicking on Actor (LMB): StaticMeshActor (Floor)
[2017.08.30-23.28.25:473][ 98]LogEditorViewport: Clicking on Actor (LMB): StaticMeshActor (Floor_Ceiling_Small_lighitng_Cube)
[2017.08.30-23.28.27:041][282]LogEditorViewport: Clicking on Actor (LMB): StaticMeshActor (Floor)
[2017.08.30-23.28.28:300][429]LogEditorViewport: Clicking on Actor (LMB): StaticMeshActor (Floor_Ceiling_Small_lighitng_Cube)
[2017.08.30-23.28.40:387][852]LogEditorViewport: Clicking on Actor (LMB): BP_Sky_Sphere_C (Sky Sphere)
[2017.08.30-23.28.41:302][948]LogEditorViewport: Clicking on Actor (LMB): StaticMeshActor (Floor)
[2017.08.30-23.28.42:399][ 75]LogEditorViewport: Clicking on Actor (LMB): StaticMeshActor (Floor_Ceiling_Small_lighitng_Cube)
[2017.08.30-23.29.05:341][819]Cmd: CAMERA ALIGN ACTIVEVIEWPORTONLY
[2017.08.30-23.29.11:585][564]Cmd: DELETE
[2017.08.30-23.29.11:585][564]Cmd: ACTOR DELETE
[2017.08.30-23.29.11:719][564]LogEditorActor: Deleted Actor: StaticMeshActor
[2017.08.30-23.29.11:725][564]LogEditorActor: Deleted 1 Actors (0.006 secs)
[2017.08.30-23.29.13:665][794]Cmd: CAMERA ALIGN ACTIVEVIEWPORTONLY
[2017.08.30-23.29.19:314][469]LogEditorViewport: Clicking on Actor (LMB): StaticMeshActor (Floor)
[2017.08.30-23.29.27:392][431]LogNavigationPoint: PostEditMove Clear paths rebuilt
[2017.08.30-23.29.28:486][558]LogTemp: Repeating last play command: Selected Viewport
[2017.08.30-23.29.30:845][558]LogPlayLevel: PlayLevel: No blueprints needed recompiling
[2017.08.30-23.29.30:915][558]PIE: New page: PIE session: Challange_L_1_0 (Aug 30, 2017, 3:29:30 PM)
[2017.08.30-23.29.30:937][558]LogPlayLevel: Creating play world package: /Game/Assets/Mapt_data/UEDPIE_0_Challange_L_1_0
[2017.08.30-23.29.30:957][558]LogPlayLevel: PIE: StaticDuplicateObject took: (0.019915s)
[2017.08.30-23.29.30:958][558]LogAIModule: Creating AISystem for world Challange_L_1_0
[2017.08.30-23.29.30:958][558]LogPlayLevel: PIE: World Init took: (0.000534s)
[2017.08.30-23.29.30:970][558]LogPlayLevel: PIE: Created PIE world by copying editor world from /Game/Assets/Mapt_data/Challange_L_1_0.Challange_L_1_0 to /Game/Assets/Mapt_data/UEDPIE_0_Challange_L_1_0.Challange_L_1_0 (0.032781s)
[2017.08.30-23.29.30:997][558]LogInit: XAudio2 using 'Speakers (Realtek High Definition Audio)' : 2 channels at 48 kHz using 32 bits per sample (channel mask 0x3)
[2017.08.30-23.29.31:005][558]LogInit: FAudioDevice initialized.
[2017.08.30-23.29.31:074][558]LogUObjectGlobals: Warning: Failed to find object 'Class None.'
[2017.08.30-23.29.31:074][558]LogLoad: Game class is 'GameModeBase'
[2017.08.30-23.29.31:207][558]LogWorld: Bringing World /Game/Assets/Mapt_data/UEDPIE_0_Challange_L_1_0.Challange_L_1_0 up for play (max tick rate 0) at 2017.08.30-19.29.31
[2017.08.30-23.29.31:240][558]LogWorld: Bringing up level for play took: 0.032743
[2017.08.30-23.29.31:390][558]LogContentBrowser: Native class hierarchy updated for 'MovieSceneCapture' in 0.0005 seconds. Added 11 classes and 0 folders.
[2017.08.30-23.29.31:418][558]PIE: Play in editor start time for /Game/Assets/Mapt_data/UEDPIE_0_Challange_L_1_0 -0.15
[2017.08.30-23.29.36:719][153]LogActorFactory: Actor Factory created Floor_Ceiling_Main_Center
[2017.08.30-23.29.37:287][220]LogActorFactory: Actor Factory created Floor_Ceiling_Main_Center
[2017.08.30-23.29.43:383][945]LogEditorViewport: Clicking on Actor (LMB): StaticMeshActor (Floor)
[2017.08.30-23.29.55:875][436]MapCheck: New page: Map Check
[2017.08.30-23.29.55:939][436]Cmd: MAP REBUILD ALLVISIBLE
[2017.08.30-23.29.55:939][436]LogEditorServer: Rebuildmap Clear paths rebuilt
[2017.08.30-23.29.56:017][436]LogMaterial: Missing cached shader map for material FDebugViewModeMaterialProxy WorldGridMaterial, compiling. Is special engine material.
[2017.08.30-23.29.56:023][436]LogMaterial: Missing cached shader map for material FDebugViewModeMaterialProxy DefaultMaterial, compiling. 
[2017.08.30-23.29.56:027][436]LogMaterial: Missing cached shader map for material FDebugViewModeMaterialProxy MaterialInstanceDynamic_1, compiling. 
[2017.08.30-23.29.56:034][436]LogMaterial: Missing cached shader map for material FDebugViewModeMaterialProxy lambert1_ncl1_1, compiling. 
[2017.08.30-23.29.56:431][436]TextureStreamingBuild: Display: Compiling optional shaders took 0.421 seconds.
[2017.08.30-23.29.56:471][436]LogLevel: Display: Export Material TexCoord Scales took 0.040 seconds.
[2017.08.30-23.29.56:473][436]TextureStreamingBuild: Display: Build Texture Streaming took 0.002 seconds.
[2017.08.30-23.29.56:481][436]LightingResults: New page: Lighting Build - Aug 30, 2017, 3:29:56 PM
[2017.08.30-23.29.56:639][436]LogSwarmInterface: [OpenConnection] Registering TCP channel ...
[2017.08.30-23.29.56:763][436]LogSwarmInterface: [OpenConnection] Connecting to agent ...
[2017.08.30-23.29.56:778][436]LogSwarmInterface: [TryOpenConnection] Testing the Agent
[2017.08.30-23.29.57:310][436]LogSwarmInterface: [TryOpenConnection] Opening Connection to Agent
[2017.08.30-23.29.57:310][436]LogSwarmInterface: [TryOpenConnection] Local Process ID is 12784
[2017.08.30-23.30.04:601][436]LightingResults: Warning: No importance volume found and the scene is so large that the automatically synthesized volume will not yield good results.  Please add a tightly bounding lightmass importance volume to optimize your scene's quality and lighting build times.
[2017.08.30-23.30.04:601][436]LogStaticLightingSystem: Running Lightmass w/ ImmediateImport mode ENABLED
[2017.08.30-23.30.04:601][436]LogStaticLightingSystem: Running Lightmass w/ ImmediateProcess mode ENABLED
[2017.08.30-23.30.04:601][436]LogStaticLightingSystem: Running Lightmass w/ Sorting mode ENABLED
[2017.08.30-23.30.04:601][436]LogStaticLightingSystem: Running Lightmass w/ Mapping paddings ENABLED
[2017.08.30-23.30.04:601][436]LogStaticLightingSystem: Running Lightmass w/ Mapping debug paddings DISABLED
[2017.08.30-23.30.04:762][436]Cmd: MAP CHECK DONTDISPLAYDIALOG
[2017.08.30-23.30.04:762][436]MapCheck: New page: Challange_L_1_0 - Aug 30, 2017, 3:30:04 PM
[2017.08.30-23.30.04:782][436]MapCheck: Error: Floor_Ceiling_Main_Center_5 Component is a static type but has invalid lightmap settings!  Indirect lighting will be black.  Common causes are lightmap resolution of 0, LightmapCoordinateIndex out of bounds. 
[2017.08.30-23.30.04:823][436]MapCheck: Map check complete: 1 Error(s), 0 Warning(s), took 60.246ms to complete.
[2017.08.30-23.30.04:845][436]LogEditorBuildUtils: Build time 0:08
[2017.08.30-23.30.04:975][436]LogMaterial: Missing cached shader map for material FLightmassMaterialRenderer DefaultMaterial, compiling. 
[2017.08.30-23.30.04:980][436]LogMaterial: Missing cached shader map for material FLightmassMaterialRenderer DefaultMaterial, compiling. 
[2017.08.30-23.30.05:069][437]LogMaterial: Missing cached shader map for material FLightmassMaterialRenderer MaterialInstanceDynamic_1, compiling. 
[2017.08.30-23.30.05:075][437]LogMaterial: Missing cached shader map for material FLightmassMaterialRenderer MaterialInstanceDynamic_1, compiling. 
[2017.08.30-23.30.08:160][650]Job is a success!
[2017.08.30-23.30.09:613][801]LogTexture: Display: Building textures: HQ_Lightmap1_1 (AutoDXT, 256X256)
[2017.08.30-23.30.09:613][801]LogTexture: Display: Building textures: LQ_Lightmap_1_1 (DXT1, 256X256)
[2017.08.30-23.30.09:613][801]LogTexture: Display: Building textures: HQ_Lightmap1_2 (AutoDXT, 64X64)
[2017.08.30-23.30.09:613][801]LogTexture: Display: Building textures: LQ_Lightmap_1_2 (DXT1, 64X64)
[2017.08.30-23.30.09:613][801]LogTexture: Display: Building textures: ShadowMapTexture2D_3 (G8, 32X32)
[2017.08.30-23.30.09:613][801]LogTexture: Display: Building textures: ShadowMapTexture2D_2 (G8, 128X128)
[2017.08.30-23.30.09:613][801]Lightmass on DESKTOP-FG92URP: 3.36 sec total, 104 ms importing, 18 ms setup, 1.55 sec photons, 1.66 sec processing, 0 ms extra exporting [2/2 mappings]. Threads: 11.4 sec total, 194 ms processing.
[2017.08.30-23.30.09:620][801]LogStaticLightingSystem: Illumination: 11.7 sec (15 ms encoding lightmaps, 19 ms encoding shadowmaps)
[2017.08.30-23.30.09:620][801]LogStaticLightingSystem: Lightmap texture memory:  0.1 MB (0.1 MB streaming, 0.0 MB non-streaming), 4 textures
[2017.08.30-23.30.09:620][801]LogStaticLightingSystem: Shadowmap texture memory: 0.0 MB (0.0 MB streaming, 0.0 MB non-streaming), 2 textures
[2017.08.30-23.30.10:604][801]DumpUnbuiltLightIteractions
[2017.08.30-23.30.10:604][801]Lights with unbuilt interactions: 0
[2017.08.30-23.30.10:604][801]
[2017.08.30-23.30.10:604][801]Primitives with unbuilt interactions: 0
[2017.08.30-23.30.10:611][802]Cmd: MAP CHECK NOTIFYRESULTS
[2017.08.30-23.30.10:611][802]MapCheck: New page: Challange_L_1_0 - Aug 30, 2017, 3:30:10 PM
[2017.08.30-23.30.10:614][802]MapCheck: Error: Floor_Ceiling_Main_Center_5 Component is a static type but has invalid lightmap settings!  Indirect lighting will be black.  Common causes are lightmap resolution of 0, LightmapCoordinateIndex out of bounds. 
[2017.08.30-23.30.10:640][802]MapCheck: Map check complete: 1 Error(s), 0 Warning(s), took 29.188ms to complete.
[2017.08.30-23.31.23:452][860]MapCheck: New page: Map Check
[2017.08.30-23.31.23:515][860]Cmd: MAP REBUILD ALLVISIBLE
[2017.08.30-23.31.23:515][860]LogEditorServer: Rebuildmap Clear paths rebuilt
[2017.08.30-23.31.23:530][860]LogMaterial: Missing cached shader map for material FDebugViewModeMaterialProxy WorldGridMaterial, compiling. Is special engine material.
[2017.08.30-23.31.23:535][860]LogMaterial: Missing cached shader map for material FDebugViewModeMaterialProxy DefaultMaterial, compiling. 
[2017.08.30-23.31.23:539][860]LogMaterial: Missing cached shader map for material FDebugViewModeMaterialProxy MaterialInstanceDynamic_2, compiling. 
[2017.08.30-23.31.23:543][860]LogMaterial: Missing cached shader map for material FDebugViewModeMaterialProxy lambert1_ncl1_1, compiling. 
[2017.08.30-23.31.23:941][860]TextureStreamingBuild: Display: Compiling optional shaders took 0.414 seconds.
[2017.08.30-23.31.23:942][860]LogLevel: Display: Export Material TexCoord Scales took 0.002 seconds.
[2017.08.30-23.31.23:945][860]TextureStreamingBuild: Display: Build Texture Streaming took 0.003 seconds.
[2017.08.30-23.31.23:951][860]LightingResults: New page: Lighting Build - Aug 30, 2017, 3:31:23 PM
[2017.08.30-23.31.23:955][860]LogSwarmInterface: [OpenConnection] Registering TCP channel ...
[2017.08.30-23.31.23:957][860]LogSwarmInterface: [OpenConnection] Connecting to agent ...
[2017.08.30-23.31.23:957][860]LogSwarmInterface: [TryOpenConnection] Testing the Agent
[2017.08.30-23.31.23:957][860]LogSwarmInterface: [TryOpenConnection] Opening Connection to Agent
[2017.08.30-23.31.23:957][860]LogSwarmInterface: [TryOpenConnection] Local Process ID is 12784
[2017.08.30-23.31.33:007][860]LogStaticLightingSystem: Running Lightmass w/ ImmediateImport mode ENABLED
[2017.08.30-23.31.33:007][860]LogStaticLightingSystem: Running Lightmass w/ ImmediateProcess mode ENABLED
[2017.08.30-23.31.33:007][860]LogStaticLightingSystem: Running Lightmass w/ Sorting mode ENABLED
[2017.08.30-23.31.33:007][860]LogStaticLightingSystem: Running Lightmass w/ Mapping paddings ENABLED
[2017.08.30-23.31.33:008][860]LogStaticLightingSystem: Running Lightmass w/ Mapping debug paddings DISABLED
[2017.08.30-23.31.33:109][860]Cmd: MAP CHECK DONTDISPLAYDIALOG
[2017.08.30-23.31.33:109][860]MapCheck: New page: Challange_L_1_0 - Aug 30, 2017, 3:31:33 PM
[2017.08.30-23.31.33:109][860]MapCheck: Error: Floor_Ceiling_Main_Center_5 Component is a static type but has invalid lightmap settings!  Indirect lighting will be black.  Common causes are lightmap resolution of 0, LightmapCoordinateIndex out of bounds. 
[2017.08.30-23.31.33:135][860]MapCheck: Map check complete: 1 Error(s), 0 Warning(s), took 26.549ms to complete.
[2017.08.30-23.31.33:157][860]LogEditorBuildUtils: Build time 0:09
[2017.08.30-23.31.34:398][941]Job is a success!
[2017.08.30-23.31.35:780][ 89]LogTexture: Display: Building textures: HQ_Lightmap0_1 (AutoDXT, 256X256)
[2017.08.30-23.31.35:780][ 89]LogTexture: Display: Building textures: HQ_Lightmap0_2 (AutoDXT, 64X64)
[2017.08.30-23.31.35:780][ 89]LogTexture: Display: Building textures: LQ_Lightmap_0_2 (DXT1, 64X64)
[2017.08.30-23.31.35:780][ 89]LogTexture: Display: Building textures: LQ_Lightmap_0_1 (DXT1, 256X256)
[2017.08.30-23.31.35:780][ 89]LogTexture: Display: Building textures: ShadowMapTexture2D_5 (G8, 32X32)
[2017.08.30-23.31.35:780][ 89]LogTexture: Display: Building textures: ShadowMapTexture2D_4 (G8, 128X128)
[2017.08.30-23.31.35:787][ 89]Lightmass on DESKTOP-FG92URP: 1.99 sec total, 85 ms importing, 14 ms setup, 268 ms photons, 1.59 sec processing, 0 ms extra exporting [2/2 mappings]. Threads: 11.0 sec total, 195 ms processing.
[2017.08.30-23.31.35:788][ 89]LogStaticLightingSystem: Illumination: 10.4 sec (4 ms encoding lightmaps, 18 ms encoding shadowmaps)
[2017.08.30-23.31.35:788][ 89]LogStaticLightingSystem: Lightmap texture memory:  0.1 MB (0.1 MB streaming, 0.0 MB non-streaming), 4 textures
[2017.08.30-23.31.35:788][ 89]LogStaticLightingSystem: Shadowmap texture memory: 0.0 MB (0.0 MB streaming, 0.0 MB non-streaming), 2 textures
[2017.08.30-23.31.36:010][ 89]DumpUnbuiltLightIteractions
[2017.08.30-23.31.36:010][ 89]Lights with unbuilt interactions: 0
[2017.08.30-23.31.36:010][ 89]
[2017.08.30-23.31.36:010][ 89]Primitives with unbuilt interactions: 0
[2017.08.30-23.31.36:015][ 90]Cmd: MAP CHECK NOTIFYRESULTS
[2017.08.30-23.31.36:015][ 90]MapCheck: New page: Challange_L_1_0 - Aug 30, 2017, 3:31:36 PM
[2017.08.30-23.31.36:015][ 90]MapCheck: Error: Floor_Ceiling_Main_Center_5 Component is a static type but has invalid lightmap settings!  Indirect lighting will be black.  Common causes are lightmap resolution of 0, LightmapCoordinateIndex out of bounds. 
[2017.08.30-23.31.36:041][ 90]MapCheck: Map check complete: 1 Error(s), 0 Warning(s), took 26.373ms to complete.
[2017.08.30-23.32.00:109][860]LogEditorViewport: Clicking on Actor (LMB): StaticMeshActor (Floor)
[2017.08.30-23.32.01:635][ 38]LogEditorViewport: Clicking on Actor (LMB): LightmassImportanceVolume (LightmassImportanceVolume)
[2017.08.30-23.32.28:724][252]LogTemp: Repeating last play command: Selected Viewport
[2017.08.30-23.32.28:734][252]LogPlayLevel: PlayLevel: No blueprints needed recompiling
[2017.08.30-23.32.28:734][252]PIE: New page: PIE session: Challange_L_1_0 (Aug 30, 2017, 3:32:28 PM)
[2017.08.30-23.32.28:734][252]LogPlayLevel: Creating play world package: /Game/Assets/Mapt_data/UEDPIE_0_Challange_L_1_0
[2017.08.30-23.32.28:764][252]LogPlayLevel: PIE: StaticDuplicateObject took: (0.030111s)
[2017.08.30-23.32.28:765][252]LogAIModule: Creating AISystem for world Challange_L_1_0
[2017.08.30-23.32.28:765][252]LogPlayLevel: PIE: World Init took: (0.000657s)
[2017.08.30-23.32.28:765][252]LogPlayLevel: PIE: Created PIE world by copying editor world from /Game/Assets/Mapt_data/Challange_L_1_0.Challange_L_1_0 to /Game/Assets/Mapt_data/UEDPIE_0_Challange_L_1_0.Challange_L_1_0 (0.030935s)
[2017.08.30-23.32.28:773][252]LogInit: XAudio2 using 'Speakers (Realtek High Definition Audio)' : 2 channels at 48 kHz using 32 bits per sample (channel mask 0x3)
[2017.08.30-23.32.28:781][252]LogInit: FAudioDevice initialized.
[2017.08.30-23.32.28:809][252]LogUObjectGlobals: Warning: Failed to find object 'Class None.'
[2017.08.30-23.32.28:809][252]LogLoad: Game class is 'GameModeBase'
[2017.08.30-23.32.28:811][252]LogWorld: Bringing World /Game/Assets/Mapt_data/UEDPIE_0_Challange_L_1_0.Challange_L_1_0 up for play (max tick rate 0) at 2017.08.30-19.32.28
[2017.08.30-23.32.28:811][252]LogWorld: Bringing up level for play took: 0.001005
[2017.08.30-23.32.28:818][252]LogGameMode: FindPlayerStart: PATHS NOT DEFINED or NO PLAYERSTART with positive rating
[2017.08.30-23.32.28:836][252]PIE: Play in editor start time for /Game/Assets/Mapt_data/UEDPIE_0_Challange_L_1_0 -0.732
[2017.08.30-23.32.35:663][ 48]LogNavigationPoint: PostEditMove Clear paths rebuilt
[2017.08.30-23.32.36:283][121]LogTemp: Repeating last play command: Selected Viewport
[2017.08.30-23.32.36:292][121]LogPlayLevel: PlayLevel: No blueprints needed recompiling
[2017.08.30-23.32.36:292][121]PIE: New page: PIE session: Challange_L_1_0 (Aug 30, 2017, 3:32:36 PM)
[2017.08.30-23.32.36:292][121]LogPlayLevel: Creating play world package: /Game/Assets/Mapt_data/UEDPIE_0_Challange_L_1_0
[2017.08.30-23.32.36:293][121]LogPlayLevel: PIE: StaticDuplicateObject took: (0.001442s)
[2017.08.30-23.32.36:294][121]LogAIModule: Creating AISystem for world Challange_L_1_0
[2017.08.30-23.32.36:294][121]LogPlayLevel: PIE: World Init took: (0.000684s)
[2017.08.30-23.32.36:294][121]LogPlayLevel: PIE: Created PIE world by copying editor world from /Game/Assets/Mapt_data/Challange_L_1_0.Challange_L_1_0 to /Game/Assets/Mapt_data/UEDPIE_0_Challange_L_1_0.Challange_L_1_0 (0.002300s)
[2017.08.30-23.32.36:303][121]LogInit: XAudio2 using 'Speakers (Realtek High Definition Audio)' : 2 channels at 48 kHz using 32 bits per sample (channel mask 0x3)
[2017.08.30-23.32.36:310][121]LogInit: FAudioDevice initialized.
[2017.08.30-23.32.36:342][121]LogUObjectGlobals: Warning: Failed to find object 'Class None.'
[2017.08.30-23.32.36:342][121]LogLoad: Game class is 'GameModeBase'
[2017.08.30-23.32.36:343][121]LogWorld: Bringing World /Game/Assets/Mapt_data/UEDPIE_0_Challange_L_1_0.Challange_L_1_0 up for play (max tick rate 0) at 2017.08.30-19.32.36
[2017.08.30-23.32.36:343][121]LogWorld: Bringing up level for play took: 0.000708
[2017.08.30-23.32.36:344][121]LogGameMode: FindPlayerStart: PATHS NOT DEFINED or NO PLAYERSTART with positive rating
[2017.08.30-23.32.36:344][121]PIE: Play in editor start time for /Game/Assets/Mapt_data/UEDPIE_0_Challange_L_1_0 0.776
[2017.08.30-23.32.38:295][347]MapCheck: New page: Map Check
[2017.08.30-23.32.38:358][347]Cmd: MAP REBUILD ALLVISIBLE
[2017.08.30-23.32.38:359][347]LogEditorServer: Rebuildmap Clear paths rebuilt
[2017.08.30-23.32.38:373][347]LogMaterial: Missing cached shader map for material FDebugViewModeMaterialProxy WorldGridMaterial, compiling. Is special engine material.
[2017.08.30-23.32.38:378][347]LogMaterial: Missing cached shader map for material FDebugViewModeMaterialProxy DefaultMaterial, compiling. 
[2017.08.30-23.32.38:382][347]LogMaterial: Missing cached shader map for material FDebugViewModeMaterialProxy MaterialInstanceDynamic_3, compiling. 
[2017.08.30-23.32.38:386][347]LogMaterial: Missing cached shader map for material FDebugViewModeMaterialProxy lambert1_ncl1_1, compiling. 
[2017.08.30-23.32.38:779][347]TextureStreamingBuild: Display: Compiling optional shaders took 0.410 seconds.
[2017.08.30-23.32.38:782][347]LogLevel: Display: Export Material TexCoord Scales took 0.003 seconds.
[2017.08.30-23.32.38:786][347]TextureStreamingBuild: Display: Build Texture Streaming took 0.003 seconds.
[2017.08.30-23.32.38:792][347]LightingResults: New page: Lighting Build - Aug 30, 2017, 3:32:38 PM
[2017.08.30-23.32.38:795][347]LogSwarmInterface: [OpenConnection] Registering TCP channel ...
[2017.08.30-23.32.38:800][347]LogSwarmInterface: [OpenConnection] Connecting to agent ...
[2017.08.30-23.32.38:800][347]LogSwarmInterface: [TryOpenConnection] Testing the Agent
[2017.08.30-23.32.38:800][347]LogSwarmInterface: [TryOpenConnection] Opening Connection to Agent
[2017.08.30-23.32.38:801][347]LogSwarmInterface: [TryOpenConnection] Local Process ID is 12784
[2017.08.30-23.32.43:313][347]LogStaticLightingSystem: Running Lightmass w/ ImmediateImport mode ENABLED
[2017.08.30-23.32.43:313][347]LogStaticLightingSystem: Running Lightmass w/ ImmediateProcess mode ENABLED
[2017.08.30-23.32.43:313][347]LogStaticLightingSystem: Running Lightmass w/ Sorting mode ENABLED
[2017.08.30-23.32.43:313][347]LogStaticLightingSystem: Running Lightmass w/ Mapping paddings ENABLED
[2017.08.30-23.32.43:313][347]LogStaticLightingSystem: Running Lightmass w/ Mapping debug paddings DISABLED
[2017.08.30-23.32.43:414][347]Cmd: MAP CHECK DONTDISPLAYDIALOG
[2017.08.30-23.32.43:414][347]MapCheck: New page: Challange_L_1_0 - Aug 30, 2017, 3:32:43 PM
[2017.08.30-23.32.43:415][347]MapCheck: Error: Floor_Ceiling_Main_Center_5 Component is a static type but has invalid lightmap settings!  Indirect lighting will be black.  Common causes are lightmap resolution of 0, LightmapCoordinateIndex out of bounds. 
[2017.08.30-23.32.43:441][347]MapCheck: Map check complete: 1 Error(s), 0 Warning(s), took 27.075ms to complete.
[2017.08.30-23.32.43:463][347]LogEditorBuildUtils: Build time 0:05
[2017.08.30-23.32.44:801][434]Job is a success!
[2017.08.30-23.32.46:268][596]LogTexture: Display: Building textures: HQ_Lightmap1_1 (AutoDXT, 256X256)
[2017.08.30-23.32.46:268][596]LogTexture: Display: Building textures: LQ_Lightmap_1_1 (DXT1, 256X256)
[2017.08.30-23.32.46:268][596]LogTexture: Display: Building textures: LQ_Lightmap_1_2 (DXT1, 64X64)
[2017.08.30-23.32.46:268][596]LogTexture: Display: Building textures: HQ_Lightmap1_2 (AutoDXT, 64X64)
[2017.08.30-23.32.46:268][596]LogTexture: Display: Building textures: ShadowMapTexture2D_6 (G8, 128X128)
[2017.08.30-23.32.46:268][596]LogTexture: Display: Building textures: ShadowMapTexture2D_7 (G8, 32X32)
[2017.08.30-23.32.46:275][596]LogStaticLightingSystem: Illumination: 6.05 sec (4 ms encoding lightmaps, 17 ms encoding shadowmaps)
[2017.08.30-23.32.46:275][596]LogStaticLightingSystem: Lightmap texture memory:  0.1 MB (0.1 MB streaming, 0.0 MB non-streaming), 4 textures
[2017.08.30-23.32.46:275][596]LogStaticLightingSystem: Shadowmap texture memory: 0.0 MB (0.0 MB streaming, 0.0 MB non-streaming), 2 textures
[2017.08.30-23.32.46:316][596]DumpUnbuiltLightIteractions
[2017.08.30-23.32.46:316][596]Lights with unbuilt interactions: 0
[2017.08.30-23.32.46:316][596]
[2017.08.30-23.32.46:316][596]Primitives with unbuilt interactions: 0
[2017.08.30-23.32.46:321][597]Cmd: MAP CHECK NOTIFYRESULTS
[2017.08.30-23.32.46:322][597]MapCheck: New page: Challange_L_1_0 - Aug 30, 2017, 3:32:46 PM
[2017.08.30-23.32.46:322][597]MapCheck: Error: Floor_Ceiling_Main_Center_5 Component is a static type but has invalid lightmap settings!  Indirect lighting will be black.  Common causes are lightmap resolution of 0, LightmapCoordinateIndex out of bounds. 
[2017.08.30-23.32.46:347][597]MapCheck: Map check complete: 1 Error(s), 0 Warning(s), took 25.535ms to complete.
[2017.08.30-23.32.49:396][949]LogEditorViewport: Clicking on Actor (LMB): StaticMeshActor (Floor_Ceiling_Main_Center)
[2017.08.30-23.32.55:675][666]MapCheck: New page: Map Check
[2017.08.30-23.32.55:739][666]Cmd: MAP REBUILD ALLVISIBLE
[2017.08.30-23.32.55:739][666]LogEditorServer: Rebuildmap Clear paths rebuilt
[2017.08.30-23.32.55:761][666]LogMaterial: Missing cached shader map for material FDebugViewModeMaterialProxy WorldGridMaterial, compiling. Is special engine material.
[2017.08.30-23.32.55:766][666]LogMaterial: Missing cached shader map for material FDebugViewModeMaterialProxy DefaultMaterial, compiling. 
[2017.08.30-23.32.55:770][666]LogMaterial: Missing cached shader map for material FDebugViewModeMaterialProxy MaterialInstanceDynamic_4, compiling. 
[2017.08.30-23.32.55:774][666]LogMaterial: Missing cached shader map for material FDebugViewModeMaterialProxy GenericHMDMaterial, compiling. 
[2017.08.30-23.32.56:002][666]TextureStreamingBuild: Display: Compiling optional shaders took 0.244 seconds.
[2017.08.30-23.32.56:005][666]LogLevel: Display: Export Material TexCoord Scales took 0.003 seconds.
[2017.08.30-23.32.56:016][666]TextureStreamingBuild: Display: Build Texture Streaming took 0.010 seconds.
[2017.08.30-23.32.56:022][666]LightingResults: New page: Lighting Build - Aug 30, 2017, 3:32:56 PM
[2017.08.30-23.32.56:027][666]LogSwarmInterface: [OpenConnection] Registering TCP channel ...
[2017.08.30-23.32.56:029][666]LogSwarmInterface: [OpenConnection] Connecting to agent ...
[2017.08.30-23.32.56:029][666]LogSwarmInterface: [TryOpenConnection] Testing the Agent
[2017.08.30-23.32.56:029][666]LogSwarmInterface: [TryOpenConnection] Opening Connection to Agent
[2017.08.30-23.32.56:029][666]LogSwarmInterface: [TryOpenConnection] Local Process ID is 12784
[2017.08.30-23.33.00:545][666]LogStaticLightingSystem: Running Lightmass w/ ImmediateImport mode ENABLED
[2017.08.30-23.33.00:545][666]LogStaticLightingSystem: Running Lightmass w/ ImmediateProcess mode ENABLED
[2017.08.30-23.33.00:545][666]LogStaticLightingSystem: Running Lightmass w/ Sorting mode ENABLED
[2017.08.30-23.33.00:545][666]LogStaticLightingSystem: Running Lightmass w/ Mapping paddings ENABLED
[2017.08.30-23.33.00:545][666]LogStaticLightingSystem: Running Lightmass w/ Mapping debug paddings DISABLED
[2017.08.30-23.33.00:646][666]Cmd: MAP CHECK DONTDISPLAYDIALOG
[2017.08.30-23.33.00:646][666]MapCheck: New page: Challange_L_1_0 - Aug 30, 2017, 3:33:00 PM
[2017.08.30-23.33.00:646][666]MapCheck: Error: Floor_Ceiling_Main_Center_5 Component is a static type but has invalid lightmap settings!  Indirect lighting will be black.  Common causes are lightmap resolution of 0, LightmapCoordinateIndex out of bounds. 
[2017.08.30-23.33.00:673][666]MapCheck: Map check complete: 1 Error(s), 0 Warning(s), took 26.571ms to complete.
[2017.08.30-23.33.00:695][666]LogEditorBuildUtils: Build time 0:04
[2017.08.30-23.33.01:930][751]Job is a success!
[2017.08.30-23.33.04:034][983]LogTexture: Display: Building textures: HQ_Lightmap0_1 (AutoDXT, 256X256)
[2017.08.30-23.33.04:034][983]LogTexture: Display: Building textures: LQ_Lightmap_0_1 (DXT1, 256X256)
[2017.08.30-23.33.04:034][983]LogTexture: Display: Building textures: HQ_Lightmap0_2 (AutoDXT, 64X64)
[2017.08.30-23.33.04:034][983]LogTexture: Display: Building textures: LQ_Lightmap_0_2 (DXT1, 64X64)
[2017.08.30-23.33.04:034][983]LogTexture: Display: Building textures: ShadowMapTexture2D_8 (G8, 128X128)
[2017.08.30-23.33.04:034][983]LogTexture: Display: Building textures: ShadowMapTexture2D_9 (G8, 32X32)
[2017.08.30-23.33.04:042][983]LogStaticLightingSystem: Illumination: 5.95 sec (4 ms encoding lightmaps, 14 ms encoding shadowmaps)
[2017.08.30-23.33.04:042][983]LogStaticLightingSystem: Lightmap texture memory:  0.1 MB (0.1 MB streaming, 0.0 MB non-streaming), 4 textures
[2017.08.30-23.33.04:042][983]LogStaticLightingSystem: Shadowmap texture memory: 0.0 MB (0.0 MB streaming, 0.0 MB non-streaming), 2 textures
[2017.08.30-23.33.04:548][983]DumpUnbuiltLightIteractions
[2017.08.30-23.33.04:548][983]Lights with unbuilt interactions: 0
[2017.08.30-23.33.04:548][983]
[2017.08.30-23.33.04:548][983]Primitives with unbuilt interactions: 0
[2017.08.30-23.33.04:554][984]Cmd: MAP CHECK NOTIFYRESULTS
[2017.08.30-23.33.04:554][984]MapCheck: New page: Challange_L_1_0 - Aug 30, 2017, 3:33:04 PM
[2017.08.30-23.33.04:555][984]MapCheck: Error: Floor_Ceiling_Main_Center_5 Component is a static type but has invalid lightmap settings!  Indirect lighting will be black.  Common causes are lightmap resolution of 0, LightmapCoordinateIndex out of bounds. 
[2017.08.30-23.33.04:581][984]MapCheck: Map check complete: 1 Error(s), 0 Warning(s), took 27.173ms to complete.
[2017.08.30-23.33.08:865][486]LogWindows: LaunchURL http://docs.unrealengine.com/latest/INT/Shared/Editor/MapErrors/index.html?utm_source=editor&utm_medium=docs&utm_campaign=msg_log
[2017.08.30-23.33.57:813][661]LogEditorViewport: Clicking Background
[2017.08.30-23.33.57:839][663]LogEditorViewport: Clicking on Actor (double click): StaticMeshActor (Floor_Ceiling_Main_Center)
[2017.08.30-23.33.59:965][865]LogMaterial: Missing cached shader map for material M_SkyBox, compiling. 
[2017.08.30-23.34.00:003][865]LogMaterial: Missing cached shader map for material GridMaterial, compiling. 
[2017.08.30-23.34.00:680][866]LogRenderer: Reallocating scene render targets to support 1384x964 Format 26 NumSamples 1 (Frame:1).
