Log file open, 09/20/17 15:18:51
LogWindows: LoadLibraryWithSearchPaths failed for file aqProf.dll. GetLastError=0
LogWindows: LoadLibraryWithSearchPaths failed for file VtuneApi.dll. GetLastError=0
LogWindows: LoadLibraryWithSearchPaths failed for file VtuneApi32e.dll. GetLastError=0
LogInit: Display: Running engine for game: PlanX
LogPlatformFile: Not using cached read wrapper
LogInit: Display: RandInit(-1847167217) SRandInit(-1847167217).
LogTaskGraph: Started task graph with 5 named threads and 14 total threads with 3 sets of task threads.
LogStats: Stats thread started at 0.180990
LogD3D11RHI: Aftermath initialized
LogPluginManager: Mounting plugin LightPropagationVolume
LogPluginManager: Mounting plugin CodeLiteSourceCodeAccess
LogPluginManager: Mounting plugin GitSourceControl
LogPluginManager: Mounting plugin KDevelopSourceCodeAccess
LogPluginManager: Mounting plugin NullSourceCodeAccess
LogPluginManager: Mounting plugin PerforceSourceControl
LogPluginManager: Mounting plugin SubversionSourceControl
LogPluginManager: Mounting plugin UObjectPlugin
LogPluginManager: Mounting plugin VisualStudioSourceCodeAccess
LogPluginManager: Mounting plugin XCodeSourceCodeAccess
LogPluginManager: Mounting plugin AssetManagerEditor
LogPluginManager: Mounting plugin AudioCapture
LogPluginManager: Mounting plugin FacialAnimation
LogPluginManager: Mounting plugin GameplayTagsEditor
LogPluginManager: Mounting plugin MobileLauncherProfileWizard
LogPluginManager: Mounting plugin PluginBrowser
LogPluginManager: Mounting plugin SpeedTreeImporter
LogPluginManager: Mounting plugin AlembicImporter
LogPluginManager: Mounting plugin CharacterAI
LogPluginManager: Mounting plugin HTML5Networking
LogPluginManager: Mounting plugin AndroidMedia
LogPluginManager: Mounting plugin AvfMedia
LogPluginManager: Mounting plugin MediaPlayerEditor
LogPluginManager: Mounting plugin WmfMedia
LogPluginManager: Mounting plugin TcpMessaging
LogPluginManager: Mounting plugin UdpMessaging
LogPluginManager: Mounting plugin LevelSequenceEditor
LogPluginManager: Mounting plugin MatineeToLevelSequence
LogPluginManager: Mounting plugin OnlineSubsystemGooglePlay
LogPluginManager: Mounting plugin OnlineSubsystemIOS
LogPluginManager: Mounting plugin OnlineSubsystem
LogPluginManager: Mounting plugin OnlineSubsystemNull
LogPluginManager: Mounting plugin OnlineSubsystemUtils
LogPluginManager: Mounting plugin AndroidDeviceProfileSelector
LogPluginManager: Mounting plugin AndroidMoviePlayer
LogPluginManager: Mounting plugin AndroidPermission
LogPluginManager: Mounting plugin AppleMoviePlayer
LogPluginManager: Mounting plugin ArchVisCharacter
LogPluginManager: Mounting plugin CableComponent
LogPluginManager: Mounting plugin CustomMeshComponent
LogPluginManager: Mounting plugin ExampleDeviceProfileSelector
LogPluginManager: Mounting plugin GoogleCloudMessaging
LogPluginManager: Mounting plugin ImmediatePhysics
LogPluginManager: Mounting plugin IOSDeviceProfileSelector
LogPluginManager: Mounting plugin LinuxDeviceProfileSelector
LogPluginManager: Mounting plugin LocationServicesBPLibrary
LogPluginManager: Mounting plugin MobilePatchingUtils
LogPluginManager: Mounting plugin Ansel
LogPluginManager: Mounting plugin OculusVR
LogPluginManager: Mounting plugin PhysXVehicles
LogPluginManager: Mounting plugin ProceduralMeshComponent
LogPluginManager: Mounting plugin RuntimePhysXCooking
LogPluginManager: Mounting plugin SteamVR
LogPluginManager: Mounting plugin WindowsMoviePlayer
LogInit: Using libcurl 7.47.1
LogInit:  - built for x86_64-pc-win32
LogInit:  - supports SSL with OpenSSL/1.0.2g
LogInit:  - supports HTTP deflate (compression) using libz 1.2.8
LogInit:  - other features:
LogInit:      CURL_VERSION_SSL
LogInit:      CURL_VERSION_LIBZ
LogInit:      CURL_VERSION_IPV6
LogInit:      CURL_VERSION_ASYNCHDNS
LogInit:      CURL_VERSION_LARGEFILE
LogInit:      CURL_VERSION_IDN
LogInit:  CurlRequestOptions (configurable via config and command line):
LogInit:  - bVerifyPeer = false  - Libcurl will NOT verify peer certificate
LogInit:  - bUseHttpProxy = false  - Libcurl will NOT use HTTP proxy
LogInit:  - bDontReuseConnections = false  - Libcurl will reuse connections
LogInit:  - CertBundlePath = nullptr  - Libcurl will use whatever was configured at build time.
LogInit: Build: ++UE4+Release-4.17-CL-3586342
LogInit: Engine Version: 4.17.1-3586342+++UE4+Release-4.17
LogInit: Compatible Engine Version: 4.17.0-3573198+++UE4+Release-4.17
LogInit: Net CL: 3573198
LogDevObjectVersion: Number of dev versions registered: 16
LogDevObjectVersion:   Dev-Blueprints (B0D832E4-1F89-4F0D-ACCF-7EB736FD4AA2): 10
LogDevObjectVersion:   Dev-Build (E1C64328-A22C-4D53-A36C-8E866417BD8C): 0
LogDevObjectVersion:   Dev-Core (375EC13C-06E4-48FB-B500-84F0262A717E): 2
LogDevObjectVersion:   Dev-Editor (E4B068ED-F494-42E9-A231-DA0B2E46BB41): 20
LogDevObjectVersion:   Dev-Framework (CFFC743F-43B0-4480-9391-14DF171D2073): 28
LogDevObjectVersion:   Dev-Mobile (B02B49B5-BB20-44E9-A304-32B752E40360): 0
LogDevObjectVersion:   Dev-Networking (A4E4105C-59A1-49B5-A7C5-40C4547EDFEE): 0
LogDevObjectVersion:   Dev-Online (39C831C9-5AE6-47DC-9A44-9C173E1C8E7C): 0
LogDevObjectVersion:   Dev-Physics (78F01B33-EBEA-4F98-B9B4-84EACCB95AA2): 0
LogDevObjectVersion:   Dev-Platform (6631380F-2D4D-43E0-8009-CF276956A95A): 0
LogDevObjectVersion:   Dev-Rendering (12F88B9F-8875-4AFC-A67C-D90C383ABD29): 19
LogDevObjectVersion:   Dev-Sequencer (7B5AE74C-D270-4C10-A958-57980B212A5A): 4
LogDevObjectVersion:   Dev-VR (D7296918-1DD6-4BDD-9DE2-64A83CC13884): 0
LogDevObjectVersion:   Dev-LoadTimes (C2A15278-BFE7-4AFE-6C17-90FF531DF755): 1
LogDevObjectVersion:   Private-Geometry (6EACA3D4-40EC-4CC1-B786-8BED09428FC5): 1
LogDevObjectVersion:   Dev-AnimPhys (29E575DD-E0A3-4627-9D10-D276232CDCEA): 7
LogInit: Compiled (64-bit): Aug 15 2017 02:05:26
LogInit: Compiled with Visual C++: 19.00.24215.01
LogInit: Build Configuration: Development
LogInit: Branch Name: ++UE4+Release-4.17
LogInit: Command line: -EpicPortal 
LogInit: Base directory: Q:/Unreal Engine/UE_4.17/Engine/Binaries/Win64/
LogInit: Installed Engine Build: 1
LogInit: Presizing for max 8388607 objects, including 0 objects not considered by GC, pre-allocating 0 bytes for permanent pool.
LogInit: Object subsystem initialized
[2017.09.20-19.18.52:229][  0]LogInit: Selected Device Profile: [Windows]
[2017.09.20-19.18.52:229][  0]LogInit: Applying CVar settings loaded from the selected device profile: [Windows]
[2017.09.20-19.18.52:270][  0]LogInit: Computer: DAWN
[2017.09.20-19.18.52:270][  0]LogInit: User: RobertForbes
[2017.09.20-19.18.52:270][  0]LogInit: CPU Page size=4096, Cores=4
[2017.09.20-19.18.52:270][  0]LogInit: High frequency timer resolution =3.417982 MHz
[2017.09.20-19.18.52:270][  0]LogMemory: Memory total: Physical=8.0GB (8GB approx)
[2017.09.20-19.18.52:270][  0]LogMemory: Platform Memory Stats for Windows
[2017.09.20-19.18.52:270][  0]LogMemory: Process Physical Memory: 279.89 MB used, 279.89 MB peak
[2017.09.20-19.18.52:270][  0]LogMemory: Process Virtual Memory: 290.39 MB used, 290.39 MB peak
[2017.09.20-19.18.52:270][  0]LogMemory: Physical Memory: 6603.20 MB used,  1540.66 MB free, 8143.85 MB total
[2017.09.20-19.18.52:270][  0]LogMemory: Virtual Memory: 684.32 MB used,  1540.66 MB free, 134217728.00 MB total
[2017.09.20-19.18.52:396][  0]LogInit: Using OS detected language (en-US).
[2017.09.20-19.18.52:396][  0]LogInit: Using OS detected locale (en-US).
[2017.09.20-19.18.52:401][  0]LogTextLocalizationManager: No specific localization for 'en-US' exists, so the 'en' localization will be used.
[2017.09.20-19.18.53:178][  0]LogD3D11RHI: D3D11 adapters:
[2017.09.20-19.18.53:795][  0]LogD3D11RHI:    0. 'NVIDIA GeForce GTX 970' (Feature Level 11_0)
[2017.09.20-19.18.53:795][  0]LogD3D11RHI:       4058/0/4071 MB DedicatedVideo/DedicatedSystem/SharedSystem, Outputs:2, VendorId:0x10de
[2017.09.20-19.18.53:796][  0]LogD3D11RHI:    1. 'Microsoft Basic Render Driver' (Feature Level 11_0)
[2017.09.20-19.18.53:796][  0]LogD3D11RHI:       0/0/4071 MB DedicatedVideo/DedicatedSystem/SharedSystem, Outputs:0, VendorId:0x1414
[2017.09.20-19.18.53:796][  0]LogD3D11RHI: Chosen D3D11 Adapter: 0
[2017.09.20-19.18.53:800][  0]LogD3D11RHI: Creating new Direct3DDevice
[2017.09.20-19.18.53:800][  0]LogD3D11RHI:     GPU DeviceId: 0x13c2 (for the marketing name, search the web for "GPU Device Id")
[2017.09.20-19.18.53:800][  0]LogWindows: EnumDisplayDevices:
[2017.09.20-19.18.53:800][  0]LogWindows:    0. 'NVIDIA GeForce GTX 970' (P:0 D:1)
[2017.09.20-19.18.53:800][  0]LogWindows:    1. 'NVIDIA GeForce GTX 970' (P:1 D:1)
[2017.09.20-19.18.53:801][  0]LogWindows:    2. 'NVIDIA GeForce GTX 970' (P:0 D:0)
[2017.09.20-19.18.53:801][  0]LogWindows:    3. 'NVIDIA GeForce GTX 970' (P:0 D:0)
[2017.09.20-19.18.53:801][  0]LogWindows: DebugString: FoundDriverCount:4 
[2017.09.20-19.18.53:801][  0]LogD3D11RHI:     Adapter Name: NVIDIA GeForce GTX 970
[2017.09.20-19.18.53:801][  0]LogD3D11RHI:   Driver Version: 385.41 (internal:22.21.13.8541, unified:385.41)
[2017.09.20-19.18.53:801][  0]LogD3D11RHI:      Driver Date: 8-21-2017
[2017.09.20-19.18.53:801][  0]LogRHI: Texture pool is 1361 MB (70% of 1945 MB)
[2017.09.20-19.18.54:380][  0]LogD3D11RHI: Async texture creation enabled
[2017.09.20-19.18.54:408][  0]LogD3D11RHI: GPU Timing Frequency: 1000.000000 (Debug: 2 1)
[2017.09.20-19.18.54:411][  0]LogShaderCompilers: Guid format shader working directory is 10 characters bigger than the processId version (../../../../../Unreal Projects/Plan-X/PlanX/Intermediate/Shaders/WorkingDirectory/12948/).
[2017.09.20-19.18.54:411][  0]LogShaderCompilers: Cleaned the shader compiler working directory 'C:/Users/Robert Forbes/AppData/Local/Temp/UnrealShaderWorkingDir/73AE41FC43F2A4B5FBA2A788228786F4/'.
[2017.09.20-19.18.54:411][  0]LogShaderCompilers: Display: Using Local Shader Compiler.
[2017.09.20-19.18.55:286][  0]LogTemp: Display: Loaded TP AllDesktopTargetPlatform
[2017.09.20-19.18.55:327][  0]LogTemp: Display: Loaded TP MacClientTargetPlatform
[2017.09.20-19.18.55:370][  0]LogTemp: Display: Loaded TP MacNoEditorTargetPlatform
[2017.09.20-19.18.55:414][  0]LogTemp: Display: Loaded TP MacServerTargetPlatform
[2017.09.20-19.18.55:456][  0]LogTemp: Display: Loaded TP MacTargetPlatform
[2017.09.20-19.18.55:504][  0]LogTemp: Display: Loaded TP WindowsClientTargetPlatform
[2017.09.20-19.18.55:548][  0]LogTemp: Display: Loaded TP WindowsNoEditorTargetPlatform
[2017.09.20-19.18.55:595][  0]LogTemp: Display: Loaded TP WindowsServerTargetPlatform
[2017.09.20-19.18.55:635][  0]LogTemp: Display: Loaded TP WindowsTargetPlatform
[2017.09.20-19.18.55:679][  0]LogTemp: Display: Loaded TP AndroidTargetPlatform
[2017.09.20-19.18.55:724][  0]LogTemp: Display: Loaded TP Android_ASTCTargetPlatform
[2017.09.20-19.18.55:768][  0]LogTemp: Display: Loaded TP Android_ATCTargetPlatform
[2017.09.20-19.18.55:813][  0]LogTemp: Display: Loaded TP Android_DXTTargetPlatform
[2017.09.20-19.18.55:856][  0]LogTemp: Display: Loaded TP Android_ETC1TargetPlatform
[2017.09.20-19.18.55:908][  0]LogTemp: Display: Loaded TP Android_ETC2TargetPlatform
[2017.09.20-19.18.55:998][  0]LogTemp: Display: Loaded TP Android_MultiTargetPlatform
[2017.09.20-19.18.55:998][  0]LogTemp: Display: Loaded TP Android_PVRTCTargetPlatform
[2017.09.20-19.18.56:031][  0]LogTemp: Display: Loaded TP HTML5TargetPlatform
[2017.09.20-19.18.56:118][  0]LogTemp: Display: Loaded TP IOSTargetPlatform
[2017.09.20-19.18.56:141][  0]LogTemp: Display: Loaded TP TVOSTargetPlatform
[2017.09.20-19.18.56:206][  0]LogTemp: Display: Loaded TP LinuxClientTargetPlatform
[2017.09.20-19.18.56:251][  0]LogTemp: Display: Loaded TP LinuxNoEditorTargetPlatform
[2017.09.20-19.18.56:293][  0]LogTemp: Display: Loaded TP LinuxServerTargetPlatform
[2017.09.20-19.18.56:339][  0]LogTemp: Display: Loaded TP LinuxTargetPlatform
[2017.09.20-19.18.56:339][  0]LogTargetPlatformManager: Display: Building Assets For Windows
[2017.09.20-19.18.56:741][  0]LogDerivedDataCache: Display: Max Cache Size: 512 MB
[2017.09.20-19.18.56:833][  0]LogDerivedDataCache: Loaded boot cache 0.09s 106MB C:/Users/Robert Forbes/AppData/Local/UnrealEngine/4.17/DerivedDataCache/Boot.ddc.
[2017.09.20-19.18.56:833][  0]LogDerivedDataCache: Display: Loaded Boot cache: C:/Users/Robert Forbes/AppData/Local/UnrealEngine/4.17/DerivedDataCache/Boot.ddc
[2017.09.20-19.18.56:834][  0]LogDerivedDataCache: FDerivedDataBackendGraph:  Pak pak cache file ../../../../../Unreal Projects/Plan-X/PlanX/DerivedDataCache/DDC.ddp not found, will not use a pak cache.
[2017.09.20-19.18.56:834][  0]LogDerivedDataCache: Unable to find inner node Pak for hierarchical cache Hierarchy.
[2017.09.20-19.18.56:834][  0]LogDerivedDataCache: FDerivedDataBackendGraph:  CompressedPak pak cache file ../../../../../Unreal Projects/Plan-X/PlanX/DerivedDataCache/Compressed.ddp not found, will not use a pak cache.
[2017.09.20-19.18.56:834][  0]LogDerivedDataCache: Unable to find inner node CompressedPak for hierarchical cache Hierarchy.
[2017.09.20-19.18.56:851][  0]LogDerivedDataCache: Display: Pak cache opened for reading ../../../Engine/DerivedDataCache/Compressed.ddp.
[2017.09.20-19.18.56:863][  0]LogDerivedDataCache: Using Local data cache path C:/Users/Robert Forbes/AppData/Local/UnrealEngine/Common/DerivedDataCache: Writable
[2017.09.20-19.18.56:884][  0]LogMaterial: Verifying Global Shaders for PCD3D_SM5
[2017.09.20-19.18.56:884][  0]LogSlate: Using Freetype 2.6.0
[2017.09.20-19.18.56:885][  0]LogSlate: SlateFontCache - WITH_FREETYPE: 1, WITH_HARFBUZZ: 1
[2017.09.20-19.18.56:885][  0]LogSlate: SlateFontCache - WITH_FREETYPE: 1, WITH_HARFBUZZ: 1
[2017.09.20-19.18.57:160][  0]LogAssetRegistry: FAssetRegistry took 0.0250 seconds to start up
[2017.09.20-19.18.57:263][  0]LogInit: Selected Device Profile: [Windows]
[2017.09.20-19.18.57:448][  0]LogContentStreaming: Texture pool size is 0.00 MB
[2017.09.20-19.18.57:763][  0]LogSimplygon: Simplygon DLL not present - disabling.
[2017.09.20-19.18.57:818][  0]LogMeshReduction: Using SimplygonSwarm for distributed automatic mesh merging
[2017.09.20-19.18.57:818][  0]LogMeshReduction: Using QuadricMeshReduction for automatic static mesh reduction
[2017.09.20-19.18.57:818][  0]LogMeshReduction: No automatic skeletal mesh reduction module available
[2017.09.20-19.18.57:818][  0]LogMeshReduction: No automatic mesh merging module available
[2017.09.20-19.18.57:818][  0]LogMeshMerging: No automatic mesh merging module available
[2017.09.20-19.18.58:183][  0]LogNetVersion: PlanX , NetCL: 3573198, EngineNetVer: 2, GameNetVer: 0 (Checksum: 4232075429)
[2017.09.20-19.18.58:463][  0]LogPackageLocalizationCache: Processed 4 localized package path(s) for 2 prioritized culture(s) in 0.086535 seconds
[2017.09.20-19.18.58:470][  0]LogUObjectArray: 35825 objects as part of root set at end of initial load.
[2017.09.20-19.18.58:470][  0]LogUObjectAllocator: 7529112 out of 0 bytes used by permanent object pool.
[2017.09.20-19.18.58:470][  0]LogUObjectArray: CloseDisregardForGC: 0/0 objects in disregard for GC pool
[2017.09.20-19.18.58:514][  0]LogInit: WinSock: version 1.1 (2.2), MaxSocks=32767, MaxUdp=65467
[2017.09.20-19.19.01:002][  0]LogTcpMessaging: Initializing TcpMessaging bridge
[2017.09.20-19.19.01:038][  0]LogUdpMessaging: Initializing bridge on interface 0.0.0.0:0 to multicast group 230.0.0.1:6666.
[2017.09.20-19.19.01:620][  0]SourceControl: Source control is disabled
[2017.09.20-19.19.01:620][  0]SourceControl: Source control is disabled
[2017.09.20-19.19.01:662][  0]SourceControl: Source control is disabled
[2017.09.20-19.19.01:739][  0]SourceControl: Source control is disabled
[2017.09.20-19.19.02:545][  0]LogAndroidPermission: UAndroidPermissionCallbackProxy::GetInstance
[2017.09.20-19.19.03:388][  0]LogAnsel: Tried to load ../../../Engine/Plugins/Runtime/Nvidia/Ansel/Binaries/ThirdParty/AnselSDK64.dll : success=1
[2017.09.20-19.19.03:440][  0]LogOcInput: OculusInput pre-init called
[2017.09.20-19.19.03:718][  0]LogEngine: Initializing Engine...
[2017.09.20-19.19.03:961][  0]LogHMD: Failed to initialize OpenVR with code 117
[2017.09.20-19.19.04:222][  0]LogStats: UGameplayTagsManager::ConstructGameplayTagTree: Construct from data asset -  0.000 s
[2017.09.20-19.19.04:222][  0]LogStats: UGameplayTagsManager::ConstructGameplayTagTree: GameplayTagTreeChangedEvent.Broadcast -  0.000 s
[2017.09.20-19.19.04:326][  0]LogAIModule: Creating AISystem for world Untitled
[2017.09.20-19.19.04:355][  0]LogInit: XAudio2 using 'REAL SPEAKERS!!!!!!!!!! (Realtek High Definition Audio)' : 2 channels at 48 kHz using 32 bits per sample (channel mask 0x3)
[2017.09.20-19.19.04:372][  0]LogInit: FAudioDevice initialized.
[2017.09.20-19.19.04:585][  0]LogDerivedDataCache: Saved boot cache 0.21s 106MB C:/Users/Robert Forbes/AppData/Local/UnrealEngine/4.17/DerivedDataCache/Boot.ddc.
[2017.09.20-19.19.04:603][  0]LogInit: Texture streaming: Enabled
[2017.09.20-19.19.04:692][  0]LogMaterial: Uniform references updated for custom material expression Custom.
[2017.09.20-19.19.04:990][  0]LogEngineSessionManager: EngineSessionManager initialized
[2017.09.20-19.19.05:249][  0]LogInit: Transaction tracking system initialized
[2017.09.20-19.19.05:651][  0]BlueprintLog: New page: Editor Load
[2017.09.20-19.19.06:468][  0]LocalizationService: Localization service is disabled
[2017.09.20-19.19.07:099][  0]LogConsoleResponse: Display: 
[2017.09.20-19.19.07:671][  0]LogCook: Display: Max memory allowance for cook 16384mb min free memory 0mb
[2017.09.20-19.19.07:671][  0]LogCook: Display: Mobile HDR setting 1
[2017.09.20-19.19.07:671][  0]LogGameplayTags: Display: UGameplayTagsManager::DoneAddingNativeTags. DelegateIsBound: 0
[2017.09.20-19.19.08:615][  0]LogFileCache: Scanning file cache for directory 'Q:/Unreal Projects/Plan-X/PlanX/Content/' took 0.12s
[2017.09.20-19.19.08:658][  0]SourceControl: Source control is disabled
[2017.09.20-19.19.08:658][  0]Cmd: MAP LOAD FILE="../../../../../Unreal Projects/Plan-X/PlanX/Content/VirtualRealityBP/Maps/MotionControllerMap.umap" TEMPLATE=0 SHOWPROGRESS=1 FEATURELEVEL=3
[2017.09.20-19.19.08:659][  0]LightingResults: New page: Lighting Build
[2017.09.20-19.19.08:699][  0]MapCheck: New page: Map Check
[2017.09.20-19.19.08:699][  0]LightingResults: New page: Lighting Build
[2017.09.20-19.19.13:426][  0]LogAIModule: Creating AISystem for world MotionControllerMap
[2017.09.20-19.19.14:046][  0]LogEditorServer: Finished looking for orphan Actors (0.000 secs)
[2017.09.20-19.19.14:290][  0]Cmd: MAP CHECKDEP NOCLEARLOG
[2017.09.20-19.19.14:363][  0]MapCheck: Map check complete: 0 Error(s), 0 Warning(s), took 73.507ms to complete.
[2017.09.20-19.19.14:364][  0]LogFileHelpers: Loading map 'MotionControllerMap' took 5.705
[2017.09.20-19.19.14:461][  0]LogWindowsTextInputMethodSystem: Display: IME system now deactivated.
[2017.09.20-19.19.17:357][  0]LogCollectionManager: Loaded 0 collections in 0.019176 seconds
[2017.09.20-19.19.17:717][  0]LogFileCache: Scanning file cache for directory 'Q:/Unreal Projects/Plan-X/PlanX/Saved/Collections/' took 0.01s
[2017.09.20-19.19.17:717][  0]LogFileCache: Scanning file cache for directory 'Q:/Unreal Projects/Plan-X/PlanX/Content/Developers/RobertForbes/Collections/' took 0.01s
[2017.09.20-19.19.17:717][  0]LogFileCache: Scanning file cache for directory 'Q:/Unreal Projects/Plan-X/PlanX/Content/Collections/' took 0.01s
[2017.09.20-19.19.17:717][  0]LogCollectionManager: Rebuilt the GUID cache for 0 collections in 0.000000 seconds
[2017.09.20-19.19.17:841][  0]LogContentBrowser: Native class hierarchy populated in 0.0625 seconds. Added 2337 classes and 483 folders.
[2017.09.20-19.19.18:008][  0]LogContentBrowser: Native class hierarchy updated for 'WidgetCarousel' in 0.0007 seconds. Added 0 classes and 0 folders.
[2017.09.20-19.19.19:866][  0]LogContentBrowser: Native class hierarchy updated for 'AddContentDialog' in 0.0008 seconds. Added 0 classes and 0 folders.
[2017.09.20-19.19.20:059][  0]LogContentBrowser: Native class hierarchy updated for 'SceneOutliner' in 0.0009 seconds. Added 1 classes and 2 folders.
[2017.09.20-19.19.20:531][  0]LogSlate: Took 0.000269 seconds to synchronously load lazily loaded font '../../../Engine/Content/Slate/Fonts/Roboto-Regular.ttf' (155K)
[2017.09.20-19.19.20:533][  0]LogSlate: Took 0.000234 seconds to synchronously load lazily loaded font '../../../Engine/Content/Slate/Fonts/Roboto-Bold.ttf' (160K)
[2017.09.20-19.19.20:831][  0]LogSlate: Took 0.214459 seconds to synchronously load lazily loaded font '../../../Engine/Content/Editor/Slate/Fonts/FontAwesome.ttf' (139K)
[2017.09.20-19.19.21:622][  0]LogRenderer: Reallocating scene render targets to support 1208x536 Format 26 NumSamples 1 (Frame:1).
[2017.09.20-19.19.22:716][  0]LogContentBrowser: Native class hierarchy updated for 'HierarchicalLODOutliner' in 0.0008 seconds. Added 1 classes and 2 folders.
[2017.09.20-19.19.22:716][  0]LogLoad: (Engine Initialization) Total time: 33.44 seconds
[2017.09.20-19.19.22:716][  0]LogLoad: (Engine Initialization) Total Blueprint compile time: 0.00 seconds
[2017.09.20-19.19.22:716][  0]LogExternalProfiler: Found external profiler: VSPerf
[2017.09.20-19.19.22:716][  0]LogExternalProfiler: Using external profiler: VSPerf
[2017.09.20-19.19.23:200][  0]LogContentStreaming: Texture pool size now 600 MB
[2017.09.20-19.19.23:520][  0]LogRenderer: Reallocating scene render targets to support 1208x552 Format 26 NumSamples 1 (Frame:2).
[2017.09.20-19.19.23:520][  0]LogSlate: Took 0.034260 seconds to synchronously load lazily loaded font '../../../Engine/Content/Slate/Fonts/Roboto-Light.ttf' (159K)
[2017.09.20-19.19.23:554][  1]LogFileCache: Retrieving MD5 hashes for directory 'Q:/Unreal Projects/Plan-X/PlanX/Content/' took 0.42s
[2017.09.20-19.19.24:040][  2]LogAssetRegistry: Asset discovery search completed in 26.9008 seconds
[2017.09.20-19.19.24:043][  2]LogCollectionManager: Rebuilt the object cache for 0 collections in 0.000001 seconds (found 0 objects)
[2017.09.20-19.19.24:043][  2]LogCollectionManager: Fixed up redirectors for 0 collections in 0.000086 seconds (updated 0 objects)
[2017.09.20-19.19.36:388][ 39]LogEditorViewport: Clicking on Actor (LMB): StaticMeshActor (EditorCube8)
[2017.09.20-19.19.40:454][289]LogSlate: Took 0.030490 seconds to synchronously load lazily loaded font '../../../Engine/Content/Editor/Slate/Fonts/Roboto-Italic.ttf' (157K)
[2017.09.20-19.19.46:117][835]LogEditorViewport: Clicking on Actor (LMB): DestructibleActor (1M_Cube_DM)
[2017.09.20-19.19.48:933][ 76]LogSlate: Took 0.000249 seconds to synchronously load lazily loaded font '../../../Engine/Content/Slate/Fonts/Roboto-Light.ttf' (159K)
[2017.09.20-19.19.50:546][ 76]LogSavePackage: Save=352.31ms
[2017.09.20-19.19.50:546][ 76]LogSavePackage: Moving '../../../../../Unreal Projects/Plan-X/PlanX/Saved/MotionControllerMap3A6B02E64DD63E4334E4A6B61626E0C0.tmp' to '../../../../../Unreal Projects/Plan-X/PlanX/Content/VirtualRealityBP/Maps/MotionControllerMap.umap'
[2017.09.20-19.19.50:573][ 76]LogSavePackage: Display: Finished SavePackage ../../../../../Unreal Projects/Plan-X/PlanX/Content/VirtualRealityBP/Maps/MotionControllerMap.umap
[2017.09.20-19.19.51:079][ 76]LogSavePackage: Save=257.31ms
[2017.09.20-19.19.51:079][ 76]LogSavePackage: Moving '../../../../../Unreal Projects/Plan-X/PlanX/Saved/MotionControllerMap_BuiltDataEC17BF894B1C91A73F8E4D9B673DCF06.tmp' to '../../../../../Unreal Projects/Plan-X/PlanX/Content/VirtualRealityBP/Maps/MotionControllerMap_BuiltData.uasset'
[2017.09.20-19.19.51:110][ 76]LogSavePackage: Display: Finished SavePackage ../../../../../Unreal Projects/Plan-X/PlanX/Content/VirtualRealityBP/Maps/MotionControllerMap_BuiltData.uasset
[2017.09.20-19.21.34:771][923]LogSavePackage: Save=174.55ms
[2017.09.20-19.21.34:771][923]LogSavePackage: Moving '../../../../../Unreal Projects/Plan-X/PlanX/Saved/MotionControllerMapA37CB7CE41670679E3260B996BB4D9E9.tmp' to '../../../../../Unreal Projects/Plan-X/PlanX/Content/VirtualRealityBP/Maps/MotionControllerMap.umap'
[2017.09.20-19.21.34:773][923]LogSavePackage: Display: Finished SavePackage ../../../../../Unreal Projects/Plan-X/PlanX/Content/VirtualRealityBP/Maps/MotionControllerMap.umap
[2017.09.20-19.21.34:989][923]LogSavePackage: Save=172.88ms
[2017.09.20-19.21.34:989][923]LogSavePackage: Moving '../../../../../Unreal Projects/Plan-X/PlanX/Saved/MotionControllerMap_BuiltDataD46B0E9B4F720468F623EDB4171A735B.tmp' to '../../../../../Unreal Projects/Plan-X/PlanX/Content/VirtualRealityBP/Maps/MotionControllerMap_BuiltData.uasset'
[2017.09.20-19.21.34:991][923]LogSavePackage: Display: Finished SavePackage ../../../../../Unreal Projects/Plan-X/PlanX/Content/VirtualRealityBP/Maps/MotionControllerMap_BuiltData.uasset
[2017.09.20-19.21.39:049][300]LogContentBrowser: Native class hierarchy updated for 'BlueprintGraph' in 0.0011 seconds. Added 113 classes and 0 folders.
[2017.09.20-19.21.41:087][300]LogSlate: Took 0.013772 seconds to synchronously load lazily loaded font '../../../Engine/Content/Editor/Slate/Fonts/Roboto-BoldCondensed.ttf' (158K)
[2017.09.20-19.25.07:454][946]BlueprintLog: New page: Compile MotionControllerPawn
[2017.09.20-19.25.09:037][970]LogSavePackage: Save=386.76ms
[2017.09.20-19.25.09:037][970]LogSavePackage: Moving '../../../../../Unreal Projects/Plan-X/PlanX/Saved/MotionControllerPawnC2134FAC4814A091D43DBEBDB463B943.tmp' to '../../../../../Unreal Projects/Plan-X/PlanX/Content/VirtualRealityBP/Blueprints/MotionControllerPawn.uasset'
[2017.09.20-19.25.09:064][970]LogSavePackage: Display: Finished SavePackage ../../../../../Unreal Projects/Plan-X/PlanX/Content/VirtualRealityBP/Blueprints/MotionControllerPawn.uasset
[2017.09.20-19.26.30:495][729]BlueprintLog: New page: Compile MotionControllerPawn
[2017.09.20-19.26.32:221][792]LogSavePackage: Save=390.13ms
[2017.09.20-19.26.32:221][792]LogSavePackage: Moving '../../../../../Unreal Projects/Plan-X/PlanX/Saved/MotionControllerPawn2C9DAF014087815324DA4D87CC8CDDFD.tmp' to '../../../../../Unreal Projects/Plan-X/PlanX/Content/VirtualRealityBP/Blueprints/MotionControllerPawn.uasset'
[2017.09.20-19.26.32:224][792]LogSavePackage: Display: Finished SavePackage ../../../../../Unreal Projects/Plan-X/PlanX/Content/VirtualRealityBP/Blueprints/MotionControllerPawn.uasset
[2017.09.20-19.26.33:068][850]BlueprintLog: New page: Compile MotionControllerPawn
[2017.09.20-19.26.34:798][912]LogSavePackage: Save=402.62ms
[2017.09.20-19.26.34:798][912]LogSavePackage: Moving '../../../../../Unreal Projects/Plan-X/PlanX/Saved/MotionControllerPawn3D69C5594FB9555D772C75A2A7B1F092.tmp' to '../../../../../Unreal Projects/Plan-X/PlanX/Content/VirtualRealityBP/Blueprints/MotionControllerPawn.uasset'
[2017.09.20-19.26.34:800][912]LogSavePackage: Display: Finished SavePackage ../../../../../Unreal Projects/Plan-X/PlanX/Content/VirtualRealityBP/Blueprints/MotionControllerPawn.uasset
[2017.09.20-19.27.53:333][270]BlueprintLog: New page: Compile MotionControllerPawn
[2017.09.20-19.27.54:499][295]LogSavePackage: Save=379.44ms
[2017.09.20-19.27.54:499][295]LogSavePackage: Moving '../../../../../Unreal Projects/Plan-X/PlanX/Saved/MotionControllerPawn4F136E034CBFAD5CB3B684B9681F93D9.tmp' to '../../../../../Unreal Projects/Plan-X/PlanX/Content/VirtualRealityBP/Blueprints/MotionControllerPawn.uasset'
[2017.09.20-19.27.54:503][295]LogSavePackage: Display: Finished SavePackage ../../../../../Unreal Projects/Plan-X/PlanX/Content/VirtualRealityBP/Blueprints/MotionControllerPawn.uasset
[2017.09.20-19.31.39:876][176]LogSlate: Took 0.000333 seconds to synchronously load lazily loaded font '../../../Engine/Content/Slate/Fonts/Roboto-Light.ttf' (159K)
[2017.09.20-19.31.49:052][203]LogSavePackage: Save=144.67ms
[2017.09.20-19.31.49:052][203]LogSavePackage: Moving '../../../../../Unreal Projects/Plan-X/PlanX/Saved/MotionControllerMap_Auto1A67232794AF64E23D315D9AEBD320320.tmp' to '../../../../../Unreal Projects/Plan-X/PlanX/Saved/Autosaves/Game/VirtualRealityBP/Maps/MotionControllerMap_Auto1.umap'
[2017.09.20-19.31.49:076][203]LogSavePackage: Display: Finished SavePackage ../../../../../Unreal Projects/Plan-X/PlanX/Saved/Autosaves/Game/VirtualRealityBP/Maps/MotionControllerMap_Auto1.umap
[2017.09.20-19.31.49:079][203]LogFileHelpers: Editor autosave (incl. sublevels) for '/Game/VirtualRealityBP/Maps/MotionControllerMap' took 0.261
[2017.09.20-19.31.49:079][203]LogFileHelpers: Editor autosave (incl. sublevels) for all levels took 0.261
[2017.09.20-19.31.49:105][203]OBJ SavePackage: Generating thumbnails for [0] asset(s) in package [/Game/VirtualRealityBP/Blueprints/MotionControllerPawn] ([1] browsable assets)...
[2017.09.20-19.31.49:105][203]OBJ SavePackage: Finished generating thumbnails for package [/Game/VirtualRealityBP/Blueprints/MotionControllerPawn]
[2017.09.20-19.31.49:569][203]LogSavePackage: Save=439.91ms
[2017.09.20-19.31.49:569][203]LogSavePackage: Moving '../../../../../Unreal Projects/Plan-X/PlanX/Saved/MotionControllerPawn_Auto1EE0E6B0E48DE376DC7AC4385086CEF75.tmp' to '../../../../../Unreal Projects/Plan-X/PlanX/Saved/Autosaves/Game/VirtualRealityBP/Blueprints/MotionControllerPawn_Auto1.uasset'
[2017.09.20-19.31.49:597][203]LogSavePackage: Display: Finished SavePackage ../../../../../Unreal Projects/Plan-X/PlanX/Saved/Autosaves/Game/VirtualRealityBP/Blueprints/MotionControllerPawn_Auto1.uasset
[2017.09.20-19.31.49:597][203]LogFileHelpers: Auto-saving content packages took 0.502
[2017.09.20-19.31.50:300][206]BlueprintLog: New page: Compile MotionControllerPawn
[2017.09.20-19.31.51:740][243]LogSavePackage: Save=415.07ms
[2017.09.20-19.31.51:741][243]LogSavePackage: Moving '../../../../../Unreal Projects/Plan-X/PlanX/Saved/MotionControllerPawn1A5D6EEB432105A3EF015D9AF3B794B3.tmp' to '../../../../../Unreal Projects/Plan-X/PlanX/Content/VirtualRealityBP/Blueprints/MotionControllerPawn.uasset'
[2017.09.20-19.31.51:746][243]LogSavePackage: Display: Finished SavePackage ../../../../../Unreal Projects/Plan-X/PlanX/Content/VirtualRealityBP/Blueprints/MotionControllerPawn.uasset
[2017.09.20-19.33.39:332][236]BlueprintLog: New page: Compile MotionControllerPawn
[2017.09.20-19.33.40:574][254]LogSavePackage: Save=423.56ms
[2017.09.20-19.33.40:574][254]LogSavePackage: Moving '../../../../../Unreal Projects/Plan-X/PlanX/Saved/MotionControllerPawn9AFA1FF54677888553988F83B4824461.tmp' to '../../../../../Unreal Projects/Plan-X/PlanX/Content/VirtualRealityBP/Blueprints/MotionControllerPawn.uasset'
[2017.09.20-19.33.40:577][254]LogSavePackage: Display: Finished SavePackage ../../../../../Unreal Projects/Plan-X/PlanX/Content/VirtualRealityBP/Blueprints/MotionControllerPawn.uasset
[2017.09.20-19.34.17:463][ 38]LogActorComponent: ReregisterComponent: (/Engine/Transient.World_4:PersistentLevel.MotionControllerPawn_C_0.CameraCollision) Not currently registered. Aborting.
[2017.09.20-19.34.17:463][ 38]LogActorComponent: ReregisterComponent: (/Game/VirtualRealityBP/Maps/MotionControllerMap.MotionControllerMap:PersistentLevel.VRPawn_507.CameraCollision) Not currently registered. Aborting.
[2017.09.20-19.34.34:630][942]LogActorComponent: ReregisterComponent: (/Engine/Transient.World_4:PersistentLevel.MotionControllerPawn_C_0.CameraCollision) Not currently registered. Aborting.
[2017.09.20-19.34.34:630][942]LogActorComponent: ReregisterComponent: (/Game/VirtualRealityBP/Maps/MotionControllerMap.MotionControllerMap:PersistentLevel.VRPawn_507.CameraCollision) Not currently registered. Aborting.
[2017.09.20-19.34.35:237][970]LogActorComponent: ReregisterComponent: (/Engine/Transient.World_4:PersistentLevel.MotionControllerPawn_C_0.CameraCollision) Not currently registered. Aborting.
[2017.09.20-19.34.35:237][970]LogActorComponent: ReregisterComponent: (/Game/VirtualRealityBP/Maps/MotionControllerMap.MotionControllerMap:PersistentLevel.VRPawn_507.CameraCollision) Not currently registered. Aborting.
[2017.09.20-19.34.36:656][ 39]BlueprintLog: New page: Compile MotionControllerPawn
[2017.09.20-19.34.38:509][ 82]LogSavePackage: Save=477.82ms
[2017.09.20-19.34.38:509][ 82]LogSavePackage: Moving '../../../../../Unreal Projects/Plan-X/PlanX/Saved/MotionControllerPawn4FE2995E4461E3D710F8AC94B7EA1490.tmp' to '../../../../../Unreal Projects/Plan-X/PlanX/Content/VirtualRealityBP/Blueprints/MotionControllerPawn.uasset'
[2017.09.20-19.34.38:513][ 82]LogSavePackage: Display: Finished SavePackage ../../../../../Unreal Projects/Plan-X/PlanX/Content/VirtualRealityBP/Blueprints/MotionControllerPawn.uasset
[2017.09.20-19.34.39:776][148]BlueprintLog: New page: Compile MotionControllerPawn
[2017.09.20-19.34.40:920][157]LogSavePackage: Save=427.53ms
[2017.09.20-19.34.40:920][157]LogSavePackage: Moving '../../../../../Unreal Projects/Plan-X/PlanX/Saved/MotionControllerPawn0A5C0AB7468126D557D98B944CF8608C.tmp' to '../../../../../Unreal Projects/Plan-X/PlanX/Content/VirtualRealityBP/Blueprints/MotionControllerPawn.uasset'
[2017.09.20-19.34.40:922][157]LogSavePackage: Display: Finished SavePackage ../../../../../Unreal Projects/Plan-X/PlanX/Content/VirtualRealityBP/Blueprints/MotionControllerPawn.uasset
[2017.09.20-19.37.25:737][784]BlueprintLog: New page: Compile MotionControllerPawn
[2017.09.20-19.37.26:740][785]LogSavePackage: Save=405.49ms
[2017.09.20-19.37.26:740][785]LogSavePackage: Moving '../../../../../Unreal Projects/Plan-X/PlanX/Saved/MotionControllerPawnCAC8735C4D8AEAFC4D39468AA6DBA6DB.tmp' to '../../../../../Unreal Projects/Plan-X/PlanX/Content/VirtualRealityBP/Blueprints/MotionControllerPawn.uasset'
[2017.09.20-19.37.26:741][785]LogSavePackage: Display: Finished SavePackage ../../../../../Unreal Projects/Plan-X/PlanX/Content/VirtualRealityBP/Blueprints/MotionControllerPawn.uasset
[2017.09.20-19.38.50:568][852]BlueprintLog: New page: Compile MotionControllerPawn
[2017.09.20-19.38.51:681][866]LogSavePackage: Save=403.70ms
[2017.09.20-19.38.51:681][866]LogSavePackage: Moving '../../../../../Unreal Projects/Plan-X/PlanX/Saved/MotionControllerPawnE157DAA949B029304F7932924F8BA9B2.tmp' to '../../../../../Unreal Projects/Plan-X/PlanX/Content/VirtualRealityBP/Blueprints/MotionControllerPawn.uasset'
[2017.09.20-19.38.51:685][866]LogSavePackage: Display: Finished SavePackage ../../../../../Unreal Projects/Plan-X/PlanX/Content/VirtualRealityBP/Blueprints/MotionControllerPawn.uasset
[2017.09.20-19.39.07:746][ 23]BlueprintLog: New page: Compile BP_MotionController
[2017.09.20-19.39.09:339][ 53]LogSavePackage: Save=398.38ms
[2017.09.20-19.39.09:339][ 53]LogSavePackage: Moving '../../../../../Unreal Projects/Plan-X/PlanX/Saved/BP_MotionController40F7EA8949E5F6D5589A95A88C023E8C.tmp' to '../../../../../Unreal Projects/Plan-X/PlanX/Content/VirtualRealityBP/Blueprints/BP_MotionController.uasset'
[2017.09.20-19.39.09:372][ 53]LogSavePackage: Display: Finished SavePackage ../../../../../Unreal Projects/Plan-X/PlanX/Content/VirtualRealityBP/Blueprints/BP_MotionController.uasset
[2017.09.20-19.40.21:674][325]BlueprintLog: New page: Compile MotionControllerPawn
[2017.09.20-19.40.23:651][394]LogSavePackage: Save=406.41ms
[2017.09.20-19.40.23:651][394]LogSavePackage: Moving '../../../../../Unreal Projects/Plan-X/PlanX/Saved/MotionControllerPawn4FC1EA6840C2F2D3E5CC0692079323EC.tmp' to '../../../../../Unreal Projects/Plan-X/PlanX/Content/VirtualRealityBP/Blueprints/MotionControllerPawn.uasset'
[2017.09.20-19.40.23:655][394]LogSavePackage: Display: Finished SavePackage ../../../../../Unreal Projects/Plan-X/PlanX/Content/VirtualRealityBP/Blueprints/MotionControllerPawn.uasset
[2017.09.20-19.42.08:875][908]BlueprintLog: New page: Compile MotionControllerPawn
[2017.09.20-19.42.10:499][960]LogSavePackage: Save=416.92ms
[2017.09.20-19.42.10:499][960]LogSavePackage: Moving '../../../../../Unreal Projects/Plan-X/PlanX/Saved/MotionControllerPawn03C4DBD94ADEECD271A71E91BE728A07.tmp' to '../../../../../Unreal Projects/Plan-X/PlanX/Content/VirtualRealityBP/Blueprints/MotionControllerPawn.uasset'
[2017.09.20-19.42.10:503][960]LogSavePackage: Display: Finished SavePackage ../../../../../Unreal Projects/Plan-X/PlanX/Content/VirtualRealityBP/Blueprints/MotionControllerPawn.uasset
[2017.09.20-19.42.14:019][ 56]LogRenderer: Reallocating scene render targets to support 1208x712 Format 26 NumSamples 1 (Frame:1).
[2017.09.20-19.42.25:698][802]BlueprintLog: New page: Compile MotionControllerPawn
[2017.09.20-19.42.26:973][823]LogSavePackage: Save=416.99ms
[2017.09.20-19.42.26:973][823]LogSavePackage: Moving '../../../../../Unreal Projects/Plan-X/PlanX/Saved/MotionControllerPawnE6AFB6EB4F56A79F58B645B5B3FE6EC2.tmp' to '../../../../../Unreal Projects/Plan-X/PlanX/Content/VirtualRealityBP/Blueprints/MotionControllerPawn.uasset'
[2017.09.20-19.42.26:977][823]LogSavePackage: Display: Finished SavePackage ../../../../../Unreal Projects/Plan-X/PlanX/Content/VirtualRealityBP/Blueprints/MotionControllerPawn.uasset
[2017.09.20-19.42.52:011][997]LogSavePackage: Save=154.87ms
[2017.09.20-19.42.52:011][997]LogSavePackage: Moving '../../../../../Unreal Projects/Plan-X/PlanX/Saved/MotionControllerMap_Auto27A09A6234B2D028B8E1C64B7154A80BC.tmp' to '../../../../../Unreal Projects/Plan-X/PlanX/Saved/Autosaves/Game/VirtualRealityBP/Maps/MotionControllerMap_Auto2.umap'
[2017.09.20-19.42.52:039][997]LogSavePackage: Display: Finished SavePackage ../../../../../Unreal Projects/Plan-X/PlanX/Saved/Autosaves/Game/VirtualRealityBP/Maps/MotionControllerMap_Auto2.umap
[2017.09.20-19.42.52:042][997]LogFileHelpers: Editor autosave (incl. sublevels) for '/Game/VirtualRealityBP/Maps/MotionControllerMap' took 0.242
[2017.09.20-19.42.52:042][997]LogFileHelpers: Editor autosave (incl. sublevels) for all levels took 0.242
[2017.09.20-19.42.53:417][  2]BlueprintLog: New page: Compile MotionControllerPawn
[2017.09.20-19.42.54:650][ 21]LogSavePackage: Save=411.81ms
[2017.09.20-19.42.54:650][ 21]LogSavePackage: Moving '../../../../../Unreal Projects/Plan-X/PlanX/Saved/MotionControllerPawn2EF1DF774FD9B5E4F32FF68713DD8DE7.tmp' to '../../../../../Unreal Projects/Plan-X/PlanX/Content/VirtualRealityBP/Blueprints/MotionControllerPawn.uasset'
[2017.09.20-19.42.54:652][ 21]LogSavePackage: Display: Finished SavePackage ../../../../../Unreal Projects/Plan-X/PlanX/Content/VirtualRealityBP/Blueprints/MotionControllerPawn.uasset
[2017.09.20-19.43.03:678][268]LogEditorViewport: Clicking on Actor (LMB): StaticMeshActor (EditorCube8)
[2017.09.20-19.43.47:583][400]LogSavePackage: Save=141.03ms
[2017.09.20-19.43.47:583][400]LogSavePackage: Moving '../../../../../Unreal Projects/Plan-X/PlanX/Saved/MotionControllerMap9354442F43A570B0A1A4ACA631E3688C.tmp' to '../../../../../Unreal Projects/Plan-X/PlanX/Content/VirtualRealityBP/Maps/MotionControllerMap.umap'
[2017.09.20-19.43.47:589][400]LogSavePackage: Display: Finished SavePackage ../../../../../Unreal Projects/Plan-X/PlanX/Content/VirtualRealityBP/Maps/MotionControllerMap.umap
[2017.09.20-19.43.47:806][400]LogSavePackage: Save=150.58ms
[2017.09.20-19.43.47:806][400]LogSavePackage: Moving '../../../../../Unreal Projects/Plan-X/PlanX/Saved/MotionControllerMap_BuiltData4F13257C45E37CF263D075815A0201A1.tmp' to '../../../../../Unreal Projects/Plan-X/PlanX/Content/VirtualRealityBP/Maps/MotionControllerMap_BuiltData.uasset'
[2017.09.20-19.43.47:807][400]LogSavePackage: Display: Finished SavePackage ../../../../../Unreal Projects/Plan-X/PlanX/Content/VirtualRealityBP/Maps/MotionControllerMap_BuiltData.uasset
[2017.09.20-19.43.48:468][447]LogSavePackage: Save=223.46ms
[2017.09.20-19.43.48:468][447]LogSavePackage: Moving '../../../../../Unreal Projects/Plan-X/PlanX/Saved/MotionControllerMapA00759BB46B517964AFA459BC143D794.tmp' to '../../../../../Unreal Projects/Plan-X/PlanX/Content/VirtualRealityBP/Maps/MotionControllerMap.umap'
[2017.09.20-19.43.48:469][447]LogSavePackage: Display: Finished SavePackage ../../../../../Unreal Projects/Plan-X/PlanX/Content/VirtualRealityBP/Maps/MotionControllerMap.umap
[2017.09.20-19.43.48:667][447]LogSavePackage: Save=153.40ms
[2017.09.20-19.43.48:667][447]LogSavePackage: Moving '../../../../../Unreal Projects/Plan-X/PlanX/Saved/MotionControllerMap_BuiltData1BF09E0A47F34982CFB87EBEC79C125D.tmp' to '../../../../../Unreal Projects/Plan-X/PlanX/Content/VirtualRealityBP/Maps/MotionControllerMap_BuiltData.uasset'
[2017.09.20-19.43.48:668][447]LogSavePackage: Display: Finished SavePackage ../../../../../Unreal Projects/Plan-X/PlanX/Content/VirtualRealityBP/Maps/MotionControllerMap_BuiltData.uasset
[2017.09.20-19.44.15:416][123]LogSavePackage: Save=136.20ms
[2017.09.20-19.44.15:416][123]LogSavePackage: Moving '../../../../../Unreal Projects/Plan-X/PlanX/Saved/MotionControllerMapCE0232C34B66E20B9C31EE807F2DA2D4.tmp' to '../../../../../Unreal Projects/Plan-X/PlanX/Content/VirtualRealityBP/Maps/MotionControllerMap.umap'
[2017.09.20-19.44.15:418][123]LogSavePackage: Display: Finished SavePackage ../../../../../Unreal Projects/Plan-X/PlanX/Content/VirtualRealityBP/Maps/MotionControllerMap.umap
[2017.09.20-19.44.15:603][123]LogSavePackage: Save=139.14ms
[2017.09.20-19.44.15:603][123]LogSavePackage: Moving '../../../../../Unreal Projects/Plan-X/PlanX/Saved/MotionControllerMap_BuiltDataD3FA63104330D6A049DEB0B911FD11A8.tmp' to '../../../../../Unreal Projects/Plan-X/PlanX/Content/VirtualRealityBP/Maps/MotionControllerMap_BuiltData.uasset'
[2017.09.20-19.44.15:604][123]LogSavePackage: Display: Finished SavePackage ../../../../../Unreal Projects/Plan-X/PlanX/Content/VirtualRealityBP/Maps/MotionControllerMap_BuiltData.uasset
[2017.09.20-19.44.15:962][138]LogSavePackage: Save=152.31ms
[2017.09.20-19.44.15:962][138]LogSavePackage: Moving '../../../../../Unreal Projects/Plan-X/PlanX/Saved/MotionControllerMapF7D77997419F295D447017858805AD35.tmp' to '../../../../../Unreal Projects/Plan-X/PlanX/Content/VirtualRealityBP/Maps/MotionControllerMap.umap'
[2017.09.20-19.44.15:963][138]LogSavePackage: Display: Finished SavePackage ../../../../../Unreal Projects/Plan-X/PlanX/Content/VirtualRealityBP/Maps/MotionControllerMap.umap
[2017.09.20-19.44.16:158][138]LogSavePackage: Save=147.73ms
[2017.09.20-19.44.16:159][138]LogSavePackage: Moving '../../../../../Unreal Projects/Plan-X/PlanX/Saved/MotionControllerMap_BuiltDataA4EB8B844F38E560DE080FA4E02E0594.tmp' to '../../../../../Unreal Projects/Plan-X/PlanX/Content/VirtualRealityBP/Maps/MotionControllerMap_BuiltData.uasset'
[2017.09.20-19.44.16:160][138]LogSavePackage: Display: Finished SavePackage ../../../../../Unreal Projects/Plan-X/PlanX/Content/VirtualRealityBP/Maps/MotionControllerMap_BuiltData.uasset
[2017.09.20-19.44.23:529][831]LogSavePackage: Save=269.65ms
[2017.09.20-19.44.23:529][831]LogSavePackage: Moving '../../../../../Unreal Projects/Plan-X/PlanX/Saved/MotionControllerMap58AFF8FB417AEF44ECCB6088DD490F99.tmp' to '../../../../../Unreal Projects/Plan-X/PlanX/Content/VirtualRealityBP/Maps/MotionControllerMap.umap'
[2017.09.20-19.44.23:530][831]LogSavePackage: Display: Finished SavePackage ../../../../../Unreal Projects/Plan-X/PlanX/Content/VirtualRealityBP/Maps/MotionControllerMap.umap
[2017.09.20-19.44.23:747][831]LogSavePackage: Save=162.10ms
[2017.09.20-19.44.23:747][831]LogSavePackage: Moving '../../../../../Unreal Projects/Plan-X/PlanX/Saved/MotionControllerMap_BuiltData9E6AF7C3420099D2617698B42B12EB70.tmp' to '../../../../../Unreal Projects/Plan-X/PlanX/Content/VirtualRealityBP/Maps/MotionControllerMap_BuiltData.uasset'
[2017.09.20-19.44.23:749][831]LogSavePackage: Display: Finished SavePackage ../../../../../Unreal Projects/Plan-X/PlanX/Content/VirtualRealityBP/Maps/MotionControllerMap_BuiltData.uasset
[2017.09.20-19.44.25:018][893]Cmd: QUIT_EDITOR
[2017.09.20-19.44.25:186][893]LogWindowsTextInputMethodSystem: Display: IME system now deactivated.
[2017.09.20-19.44.25:249][893]LogExit: Preparing to exit.
[2017.09.20-19.44.26:372][893]LogDirectoryWatcher: A directory notification for 'Q:/Unreal Projects/Plan-X/PlanX/Content/' was aborted.
[2017.09.20-19.44.26:609][893]LogExit: Editor shut down
[2017.09.20-19.44.26:642][893]LogExit: Transaction tracking system shut down
[2017.09.20-19.44.27:057][893]LogDirectoryWatcher: A directory notification for '../../../Engine/Content/' was aborted.
[2017.09.20-19.44.27:058][893]LogDirectoryWatcher: A directory notification for '../../../../../Unreal Projects/Plan-X/PlanX/Content/' was aborted.
[2017.09.20-19.44.27:058][893]LogDirectoryWatcher: A directory notification for '../../../Engine/Plugins/Runtime/Oculus/OculusVR/Content/' was aborted.
[2017.09.20-19.44.27:058][893]LogDirectoryWatcher: A directory notification for '../../../Engine/Plugins/Runtime/Steam/SteamVR/Content/' was aborted.
[2017.09.20-19.44.28:301][893]LogExit: Object subsystem successfully closed.
[2017.09.20-19.44.28:474][893]LogD3D11RHI: Shutdown
[2017.09.20-19.44.28:482][893]LogD3D11RHI: CleanupD3DDevice
[2017.09.20-19.44.28:624][893]LogD3D11RHI: ~FD3D11DynamicRHI
[2017.09.20-19.44.29:276][893]LogModuleManager: Shutting down and abandoning module BlueprintGraph (526)
[2017.09.20-19.44.29:276][893]LogModuleManager: Shutting down and abandoning module BlueprintProfiler (524)
[2017.09.20-19.44.29:289][893]LogModuleManager: Shutting down and abandoning module HierarchicalLODOutliner (522)
[2017.09.20-19.44.29:289][893]LogModuleManager: Shutting down and abandoning module SceneOutliner (520)
[2017.09.20-19.44.29:297][893]LogModuleManager: Shutting down and abandoning module AddContentDialog (518)
[2017.09.20-19.44.29:308][893]LogDirectoryWatcher: A directory notification for 'Q:/Unreal Engine/UE_4.17/FeaturePacks/' was aborted.
[2017.09.20-19.44.29:322][893]LogModuleManager: Shutting down and abandoning module WidgetCarousel (517)
[2017.09.20-19.44.29:322][893]LogModuleManager: Shutting down and abandoning module EditorWidgets (514)
[2017.09.20-19.44.29:322][893]LogModuleManager: Shutting down and abandoning module CollectionManager (512)
[2017.09.20-19.44.29:322][893]LogDirectoryWatcher: A directory notification for 'Q:/Unreal Projects/Plan-X/PlanX/Content/Collections/' was aborted.
[2017.09.20-19.44.29:322][893]LogDirectoryWatcher: A directory notification for 'Q:/Unreal Projects/Plan-X/PlanX/Content/Developers/RobertForbes/Collections/' was aborted.
[2017.09.20-19.44.29:322][893]LogDirectoryWatcher: A directory notification for 'Q:/Unreal Projects/Plan-X/PlanX/Saved/Collections/' was aborted.
[2017.09.20-19.44.29:322][893]LogModuleManager: Shutting down and abandoning module StatsViewer (510)
[2017.09.20-19.44.29:343][893]LogModuleManager: Shutting down and abandoning module FoliageEdit (508)
[2017.09.20-19.44.29:343][893]LogModuleManager: Shutting down and abandoning module LandscapeEditor (506)
[2017.09.20-19.44.29:352][893]LogModuleManager: Shutting down and abandoning module MeshPaintMode (504)
[2017.09.20-19.44.29:352][893]LogModuleManager: Shutting down and abandoning module MeshPaint (503)
[2017.09.20-19.44.29:352][893]LogModuleManager: Shutting down and abandoning module SceneDepthPickerMode (500)
[2017.09.20-19.44.29:352][893]LogModuleManager: Shutting down and abandoning module ActorPickerMode (498)
[2017.09.20-19.44.29:352][893]LogModuleManager: Shutting down and abandoning module GeometryMode (496)
[2017.09.20-19.44.29:352][893]LogModuleManager: Shutting down and abandoning module TextureAlignMode (494)
[2017.09.20-19.44.29:352][893]LogModuleManager: Shutting down and abandoning module BspMode (492)
[2017.09.20-19.44.29:352][893]LogModuleManager: Shutting down and abandoning module PIEPreviewDeviceProfileSelector (490)
[2017.09.20-19.44.29:352][893]LogModuleManager: Shutting down and abandoning module HardwareSurvey (488)
[2017.09.20-19.44.29:352][893]LogModuleManager: Shutting down and abandoning module SequenceRecorderSections (486)
[2017.09.20-19.44.29:352][893]LogModuleManager: Shutting down and abandoning module AutomationWorker (484)
[2017.09.20-19.44.29:352][893]LogModuleManager: Shutting down and abandoning module MatineeToLevelSequence (482)
[2017.09.20-19.44.29:352][893]LogModuleManager: Shutting down and abandoning module LevelSequenceEditor (480)
[2017.09.20-19.44.29:357][893]LogModuleManager: Shutting down and abandoning module PlacementMode (479)
[2017.09.20-19.44.29:357][893]LogModuleManager: Shutting down and abandoning module WmfMediaFactory (476)
[2017.09.20-19.44.29:357][893]LogModuleManager: Shutting down and abandoning module WmfMediaEditor (474)
[2017.09.20-19.44.29:357][893]LogModuleManager: Shutting down and abandoning module AvfMediaFactory (472)
[2017.09.20-19.44.29:357][893]LogModuleManager: Shutting down and abandoning module AvfMediaEditor (470)
[2017.09.20-19.44.29:357][893]LogModuleManager: Shutting down and abandoning module AndroidMediaFactory (468)
[2017.09.20-19.44.29:357][893]LogModuleManager: Shutting down and abandoning module Media (467)
[2017.09.20-19.44.29:357][893]LogModuleManager: Shutting down and abandoning module AndroidMediaEditor (464)
[2017.09.20-19.44.29:357][893]LogModuleManager: Shutting down and abandoning module CharacterAI (462)
[2017.09.20-19.44.29:357][893]LogModuleManager: Shutting down and abandoning module AudioCapture (460)
[2017.09.20-19.44.29:357][893]LogModuleManager: Shutting down and abandoning module SequenceRecorder (459)
[2017.09.20-19.44.29:369][893]LogModuleManager: Shutting down and abandoning module SessionServices (456)
[2017.09.20-19.44.29:369][893]LogModuleManager: Shutting down and abandoning module ViewportSnapping (454)
[2017.09.20-19.44.29:369][893]LogModuleManager: Shutting down and abandoning module ViewportInteraction (452)
[2017.09.20-19.44.29:369][893]LogModuleManager: Shutting down and abandoning module ClothPainter (450)
[2017.09.20-19.44.29:370][893]LogModuleManager: Shutting down and abandoning module LogVisualizer (448)
[2017.09.20-19.44.29:370][893]LogModuleManager: Shutting down and abandoning module IntroTutorials (446)
[2017.09.20-19.44.29:381][893]LogModuleManager: Shutting down and abandoning module GameProjectGeneration (445)
[2017.09.20-19.44.29:403][893]LogModuleManager: Shutting down and abandoning module IOSPlatformEditor (442)
[2017.09.20-19.44.29:403][893]LogModuleManager: Shutting down and abandoning module HTML5PlatformEditor (440)
[2017.09.20-19.44.29:403][893]LogModuleManager: Shutting down and abandoning module AndroidPlatformEditor (438)
[2017.09.20-19.44.29:403][893]LogModuleManager: Shutting down and abandoning module AndroidDeviceDetection (437)
[2017.09.20-19.44.29:557][893]LogModuleManager: Shutting down and abandoning module WindowsPlatformEditor (434)
[2017.09.20-19.44.29:557][893]LogModuleManager: Shutting down and abandoning module IOSRuntimeSettings (432)
[2017.09.20-19.44.29:557][893]LogModuleManager: Shutting down and abandoning module AndroidRuntimeSettings (430)
[2017.09.20-19.44.29:557][893]LogModuleManager: Shutting down and abandoning module InputBindingEditor (428)
[2017.09.20-19.44.29:557][893]LogModuleManager: Shutting down and abandoning module MergeActors (426)
[2017.09.20-19.44.29:557][893]LogModuleManager: Shutting down and abandoning module SizeMap (424)
[2017.09.20-19.44.29:557][893]LogModuleManager: Shutting down and abandoning module TreeMap (422)
[2017.09.20-19.44.29:557][893]LogModuleManager: Shutting down and abandoning module ReferenceViewer (420)
[2017.09.20-19.44.29:557][893]LogModuleManager: Shutting down and abandoning module LocalizationDashboard (418)
[2017.09.20-19.44.29:557][893]LogModuleManager: Shutting down and abandoning module LocalizationService (417)
[2017.09.20-19.44.29:557][893]LogModuleManager: Shutting down and abandoning module HardwareTargeting (414)
[2017.09.20-19.44.29:557][893]LogModuleManager: Shutting down and abandoning module DeviceProfileEditor (412)
[2017.09.20-19.44.29:557][893]LogModuleManager: Shutting down and abandoning module UndoHistory (410)
[2017.09.20-19.44.29:557][893]LogModuleManager: Shutting down and abandoning module XmlParser (408)
[2017.09.20-19.44.29:557][893]LogModuleManager: Shutting down and abandoning module Blutility (406)
[2017.09.20-19.44.29:557][893]LogModuleManager: Shutting down and abandoning module ProjectSettingsViewer (404)
[2017.09.20-19.44.29:557][893]LogModuleManager: Shutting down and abandoning module ProjectTargetPlatformEditor (403)
[2017.09.20-19.44.29:557][893]LogModuleManager: Shutting down and abandoning module EditorSettingsViewer (400)
[2017.09.20-19.44.29:557][893]LogModuleManager: Shutting down and abandoning module SettingsEditor (398)
[2017.09.20-19.44.29:557][893]LogModuleManager: Shutting down and abandoning module ProjectLauncher (396)
[2017.09.20-19.44.29:557][893]LogModuleManager: Shutting down and abandoning module SessionFrontend (394)
[2017.09.20-19.44.29:557][893]LogModuleManager: Shutting down and abandoning module ProfilerClient (392)
[2017.09.20-19.44.29:558][893]LogModuleManager: Shutting down and abandoning module DeviceManager (390)
[2017.09.20-19.44.29:558][893]LogModuleManager: Shutting down and abandoning module TargetDeviceServices (389)
[2017.09.20-19.44.29:611][893]LogModuleManager: Shutting down and abandoning module AutomationController (386)
[2017.09.20-19.44.29:611][893]LogModuleManager: Shutting down and abandoning module AutomationWindow (384)
[2017.09.20-19.44.29:611][893]LogModuleManager: Shutting down and abandoning module Layers (382)
[2017.09.20-19.44.29:611][893]LogModuleManager: Shutting down and abandoning module ComponentVisualizers (380)
[2017.09.20-19.44.29:611][893]LogModuleManager: Shutting down and abandoning module DetailCustomizations (378)
[2017.09.20-19.44.29:628][893]LogModuleManager: Shutting down and abandoning module PackagesDialog (376)
[2017.09.20-19.44.29:629][893]LogModuleManager: Shutting down and abandoning module Persona (374)
[2017.09.20-19.44.29:629][893]LogModuleManager: Shutting down and abandoning module AdvancedPreviewScene (373)
[2017.09.20-19.44.29:629][893]LogModuleManager: Shutting down and abandoning module AnimGraph (371)
[2017.09.20-19.44.29:634][893]LogModuleManager: Shutting down and abandoning module Kismet (368)
[2017.09.20-19.44.29:647][893]LogModuleManager: Shutting down and abandoning module LevelEditor (367)
[2017.09.20-19.44.29:657][893]LogModuleManager: Shutting down and abandoning module PixelInspectorModule (366)
[2017.09.20-19.44.29:657][893]LogModuleManager: Shutting down and abandoning module ClassViewer (362)
[2017.09.20-19.44.29:657][893]LogModuleManager: Shutting down and abandoning module Toolbox (360)
[2017.09.20-19.44.29:657][893]LogModuleManager: Shutting down and abandoning module ModuleUI (358)
[2017.09.20-19.44.29:664][893]LogModuleManager: Shutting down and abandoning module MovieSceneTools (356)
[2017.09.20-19.44.29:691][893]LogModuleManager: Shutting down and abandoning module OutputLog (354)
[2017.09.20-19.44.29:702][893]LogModuleManager: Shutting down and abandoning module GammaUI (352)
[2017.09.20-19.44.29:714][893]LogModuleManager: Shutting down and abandoning module Documentation (350)
[2017.09.20-19.44.29:715][893]LogModuleManager: Shutting down and abandoning module MovieSceneTracks (348)
[2017.09.20-19.44.29:715][893]LogModuleManager: Shutting down and abandoning module MovieScene (346)
[2017.09.20-19.44.29:715][893]LogModuleManager: Shutting down and abandoning module Niagara (344)
[2017.09.20-19.44.29:715][893]LogModuleManager: Shutting down and abandoning module NiagaraEditor (343)
[2017.09.20-19.44.29:746][893]LogModuleManager: Shutting down and abandoning module StreamingPauseRendering (340)
[2017.09.20-19.44.29:746][893]LogModuleManager: Shutting down and abandoning module LauncherPlatform (338)
[2017.09.20-19.44.29:746][893]LogModuleManager: Shutting down and abandoning module AnalyticsET (336)
[2017.09.20-19.44.29:746][893]LogModuleManager: Shutting down and abandoning module PortalServices (334)
[2017.09.20-19.44.29:746][893]LogModuleManager: Shutting down and abandoning module PortalRpc (332)
[2017.09.20-19.44.29:746][893]LogModuleManager: Shutting down and abandoning module MessagingRpc (330)
[2017.09.20-19.44.29:746][893]LogModuleManager: Shutting down and abandoning module AIModule (328)
[2017.09.20-19.44.29:756][893]LogModuleManager: Shutting down and abandoning module GameplayDebugger (327)
[2017.09.20-19.44.29:765][893]LogModuleManager: Shutting down and abandoning module AITestSuite (325)
[2017.09.20-19.44.29:774][893]LogModuleManager: Shutting down and abandoning module ProfilerService (322)
[2017.09.20-19.44.29:994][893]LogModuleManager: Shutting down and abandoning module TaskGraph (320)
[2017.09.20-19.44.30:018][893]LogModuleManager: Shutting down and abandoning module SteamVRController (318)
[2017.09.20-19.44.30:018][893]LogModuleManager: Shutting down and abandoning module ProceduralMeshComponentEditor (316)
[2017.09.20-19.44.30:018][893]LogModuleManager: Shutting down and abandoning module ProceduralMeshComponent (314)
[2017.09.20-19.44.30:018][893]LogModuleManager: Shutting down and abandoning module OculusInput (312)
[2017.09.20-19.44.30:031][893]LogModuleManager: Shutting down and abandoning module Ansel (310)
[2017.09.20-19.44.30:041][893]LogModuleManager: Shutting down and abandoning module MobilePatchingUtils (308)
[2017.09.20-19.44.30:041][893]LogModuleManager: Shutting down and abandoning module CustomMeshComponent (306)
[2017.09.20-19.44.30:041][893]LogModuleManager: Shutting down and abandoning module CableComponent (304)
[2017.09.20-19.44.30:052][893]LogModuleManager: Shutting down and abandoning module ArchVisCharacter (302)
[2017.09.20-19.44.30:052][893]LogModuleManager: Shutting down and abandoning module AndroidPermission (300)
[2017.09.20-19.44.30:052][893]LogModuleManager: Shutting down and abandoning module MediaPlayerEditor (296)
[2017.09.20-19.44.30:075][893]LogModuleManager: Shutting down and abandoning module HTML5Networking (294)
[2017.09.20-19.44.30:075][893]LogModuleManager: Shutting down and abandoning module AlembicImporter (292)
[2017.09.20-19.44.30:088][893]LogModuleManager: Shutting down and abandoning module AlembicLibrary (291)
[2017.09.20-19.44.30:088][893]LogModuleManager: Shutting down and abandoning module GeometryCache (290)
[2017.09.20-19.44.30:089][893]LogModuleManager: Shutting down and abandoning module GeometryCacheEd (289)
[2017.09.20-19.44.30:089][893]LogModuleManager: Shutting down and abandoning module SpeedTreeImporter (284)
[2017.09.20-19.44.30:089][893]LogModuleManager: Shutting down and abandoning module PluginBrowser (282)
[2017.09.20-19.44.30:117][893]LogModuleManager: Shutting down and abandoning module MainFrame (281)
[2017.09.20-19.44.30:117][893]LogModuleManager: Shutting down and abandoning module MobileLauncherProfileWizard (278)
[2017.09.20-19.44.30:133][893]LogModuleManager: Shutting down and abandoning module VisualStudioSourceCodeAccess (276)
[2017.09.20-19.44.30:133][893]LogModuleManager: Shutting down and abandoning module DesktopPlatform (275)
[2017.09.20-19.44.30:144][893]LogModuleManager: Shutting down and abandoning module HotReload (273)
[2017.09.20-19.44.30:150][893]LogModuleManager: Shutting down and abandoning module UObjectPlugin (270)
[2017.09.20-19.44.30:150][893]LogModuleManager: Shutting down and abandoning module SubversionSourceControl (268)
[2017.09.20-19.44.30:169][893]LogModuleManager: Shutting down and abandoning module PerforceSourceControl (266)
[2017.09.20-19.44.30:189][893]LogModuleManager: Shutting down and abandoning module GitSourceControl (264)
[2017.09.20-19.44.30:207][893]LogModuleManager: Shutting down and abandoning module SourceControl (263)
[2017.09.20-19.44.30:227][893]LogModuleManager: Shutting down and abandoning module LightPropagationVolumeEditor (260)
[2017.09.20-19.44.30:227][893]LogModuleManager: Shutting down and abandoning module RuntimePhysXCooking (258)
[2017.09.20-19.44.30:227][893]LogModuleManager: Shutting down and abandoning module PhysXVehiclesEditor (256)
[2017.09.20-19.44.30:227][893]LogModuleManager: Shutting down and abandoning module PhysXVehicles (254)
[2017.09.20-19.44.30:227][893]LogModuleManager: Shutting down and abandoning module OculusEditor (252)
[2017.09.20-19.44.30:227][893]LogModuleManager: Shutting down and abandoning module LocationServicesBPLibrary (250)
[2017.09.20-19.44.30:227][893]LogModuleManager: Shutting down and abandoning module ImmediatePhysicsEditor (248)
[2017.09.20-19.44.30:227][893]LogModuleManager: Shutting down and abandoning module ImmediatePhysics (246)
[2017.09.20-19.44.30:241][893]LogModuleManager: Shutting down and abandoning module UdpMessaging (244)
[2017.09.20-19.44.30:342][893]LogModuleManager: Shutting down and abandoning module TcpMessaging (242)
[2017.09.20-19.44.30:457][893]LogModuleManager: Shutting down and abandoning module GameplayTagsEditor (240)
[2017.09.20-19.44.30:476][893]LogModuleManager: Shutting down and abandoning module FacialAnimationEditor (238)
[2017.09.20-19.44.30:476][893]LogModuleManager: Shutting down and abandoning module FacialAnimation (236)
[2017.09.20-19.44.30:476][893]LogModuleManager: Shutting down and abandoning module AssetManagerEditor (234)
[2017.09.20-19.44.30:484][893]LogModuleManager: Shutting down and abandoning module GraphEditor (233)
[2017.09.20-19.44.30:484][893]LogModuleManager: Shutting down and abandoning module ContentBrowser (231)
[2017.09.20-19.44.30:486][893]LogModuleManager: Shutting down and abandoning module LightPropagationVolumeRuntime (228)
[2017.09.20-19.44.30:486][893]LogModuleManager: Shutting down and abandoning module WindowsMoviePlayer (226)
[2017.09.20-19.44.30:504][893]LogModuleManager: Shutting down and abandoning module WmfMedia (224)
[2017.09.20-19.44.30:510][893]LogModuleManager: Shutting down and abandoning module PacketHandler (222)
[2017.09.20-19.44.30:510][893]LogModuleManager: Shutting down and abandoning module ClothingSystemEditor (220)
[2017.09.20-19.44.30:510][893]LogModuleManager: Shutting down and abandoning module ClothingSystemRuntime (218)
[2017.09.20-19.44.30:525][893]LogModuleManager: Shutting down and abandoning module Overlay (216)
[2017.09.20-19.44.30:525][893]LogModuleManager: Shutting down and abandoning module OverlayEditor (215)
[2017.09.20-19.44.30:525][893]LogModuleManager: Shutting down and abandoning module MediaAssets (212)
[2017.09.20-19.44.30:525][893]LogModuleManager: Shutting down and abandoning module VREditor (210)
[2017.09.20-19.44.30:541][893]LogModuleManager: Shutting down and abandoning module StringTableEditor (208)
[2017.09.20-19.44.30:553][893]LogModuleManager: Shutting down and abandoning module GameplayTasksEditor (206)
[2017.09.20-19.44.30:553][893]LogModuleManager: Shutting down and abandoning module BehaviorTreeEditor (204)
[2017.09.20-19.44.30:578][893]LogModuleManager: Shutting down and abandoning module FunctionalTesting (202)
[2017.09.20-19.44.30:578][893]LogModuleManager: Shutting down and abandoning module CollisionAnalyzer (200)
[2017.09.20-19.44.30:592][893]LogModuleManager: Shutting down and abandoning module WorkspaceMenuStructure (199)
[2017.09.20-19.44.30:592][893]LogModuleManager: Shutting down and abandoning module UMG (196)
[2017.09.20-19.44.30:604][893]LogModuleManager: Shutting down and abandoning module UMGEditor (195)
[2017.09.20-19.44.30:640][893]LogModuleManager: Shutting down and abandoning module Sequencer (194)
[2017.09.20-19.44.30:654][893]LogModuleManager: Shutting down and abandoning module MessageLog (191)
[2017.09.20-19.44.30:654][893]LogModuleManager: Shutting down and abandoning module SlateReflector (186)
[2017.09.20-19.44.30:675][893]LogModuleManager: Shutting down and abandoning module Slate (184)
[2017.09.20-19.44.30:675][893]LogModuleManager: Shutting down and abandoning module EditorStyle (182)
[2017.09.20-19.44.30:677][893]LogModuleManager: Shutting down and abandoning module MRMesh (180)
[2017.09.20-19.44.30:677][893]LogModuleManager: Shutting down and abandoning module SourceCodeAccess (178)
[2017.09.20-19.44.30:677][893]LogModuleManager: Shutting down and abandoning module HeadMountedDisplay (176)
[2017.09.20-19.44.30:677][893]LogModuleManager: Shutting down and abandoning module XAudio2 (174)
[2017.09.20-19.44.30:677][893]LogModuleManager: Shutting down and abandoning module Networking (172)
[2017.09.20-19.44.30:677][893]LogModuleManager: Shutting down and abandoning module Core (168)
[2017.09.20-19.44.30:677][893]LogModuleManager: Shutting down and abandoning module KismetCompiler (164)
[2017.09.20-19.44.30:677][893]LogModuleManager: Shutting down and abandoning module LevelSequence (162)
[2017.09.20-19.44.30:677][893]LogModuleManager: Shutting down and abandoning module MeshUtilities (160)
[2017.09.20-19.44.30:696][893]LogModuleManager: Shutting down and abandoning module MeshMergeUtilities (159)
[2017.09.20-19.44.30:704][893]LogModuleManager: Shutting down and abandoning module MeshReductionInterface (158)
[2017.09.20-19.44.30:704][893]LogModuleManager: Shutting down and abandoning module SimplygonSwarm (157)
[2017.09.20-19.44.30:717][893]LogModuleManager: Shutting down and abandoning module SimplygonMeshReduction (155)
[2017.09.20-19.44.30:717][893]LogModuleManager: Shutting down and abandoning module QuadricMeshReduction (153)
[2017.09.20-19.44.30:741][893]LogModuleManager: Shutting down and abandoning module MaterialBaking (149)
[2017.09.20-19.44.30:751][893]LogModuleManager: Shutting down and abandoning module DirectoryWatcher (146)
[2017.09.20-19.44.30:757][893]LogModuleManager: Shutting down and abandoning module DerivedDataCache (144)
[2017.09.20-19.44.30:773][893]LogDerivedDataCache: Shutdown
[2017.09.20-19.44.30:783][893]LogModuleManager: Shutting down and abandoning module TargetPlatform (142)
[2017.09.20-19.44.30:785][893]LogModuleManager: Shutting down and abandoning module VulkanShaderFormat (141)
[2017.09.20-19.44.30:802][893]LogModuleManager: Shutting down and abandoning module ShaderFormatVectorVM (139)
[2017.09.20-19.44.30:818][893]LogModuleManager: Shutting down and abandoning module ShaderFormatOpenGL (137)
[2017.09.20-19.44.30:828][893]LogModuleManager: Shutting down and abandoning module ShaderFormatD3D (135)
[2017.09.20-19.44.30:842][893]LogModuleManager: Shutting down and abandoning module MetalShaderFormat (133)
[2017.09.20-19.44.30:886][893]LogModuleManager: Shutting down and abandoning module TextureFormatUncompressed (131)
[2017.09.20-19.44.30:886][893]LogModuleManager: Shutting down and abandoning module TextureFormatPVR (129)
[2017.09.20-19.44.30:886][893]LogModuleManager: Shutting down and abandoning module TextureFormatDXT (127)
[2017.09.20-19.44.30:894][893]LogModuleManager: Shutting down and abandoning module TextureFormatIntelISPCTexComp (125)
[2017.09.20-19.44.30:900][893]LogModuleManager: Shutting down and abandoning module TextureFormatASTC (123)
[2017.09.20-19.44.30:900][893]LogModuleManager: Shutting down and abandoning module ImageWrapper (122)
[2017.09.20-19.44.30:900][893]LogModuleManager: Shutting down and abandoning module TextureFormatAndroid (119)
[2017.09.20-19.44.30:901][893]LogModuleManager: Shutting down and abandoning module AudioFormatOpus (117)
[2017.09.20-19.44.30:901][893]LogModuleManager: Shutting down and abandoning module AudioFormatOgg (115)
[2017.09.20-19.44.30:901][893]LogModuleManager: Shutting down and abandoning module AudioFormatADPCM (113)
[2017.09.20-19.44.30:901][893]LogModuleManager: Shutting down and abandoning module LinuxTargetPlatform (111)
[2017.09.20-19.44.30:901][893]LogModuleManager: Shutting down and abandoning module LinuxServerTargetPlatform (109)
[2017.09.20-19.44.30:901][893]LogModuleManager: Shutting down and abandoning module LinuxNoEditorTargetPlatform (107)
[2017.09.20-19.44.30:901][893]LogModuleManager: Shutting down and abandoning module LinuxClientTargetPlatform (105)
[2017.09.20-19.44.30:901][893]LogModuleManager: Shutting down and abandoning module TVOSTargetPlatform (103)
[2017.09.20-19.44.30:901][893]LogModuleManager: Shutting down and abandoning module Messaging (101)
[2017.09.20-19.44.30:901][893]LogModuleManager: Shutting down and abandoning module IOSTargetPlatform (99)
[2017.09.20-19.44.30:901][893]LogModuleManager: Shutting down and abandoning module HTML5TargetPlatform (97)
[2017.09.20-19.44.30:901][893]LogModuleManager: Shutting down and abandoning module Android_PVRTCTargetPlatform (95)
[2017.09.20-19.44.30:901][893]LogModuleManager: Shutting down and abandoning module Android_MultiTargetPlatform (93)
[2017.09.20-19.44.30:901][893]LogModuleManager: Shutting down and abandoning module Android_ETC2TargetPlatform (91)
[2017.09.20-19.44.30:901][893]LogModuleManager: Shutting down and abandoning module Android_ETC1TargetPlatform (89)
[2017.09.20-19.44.30:901][893]LogModuleManager: Shutting down and abandoning module Android_DXTTargetPlatform (87)
[2017.09.20-19.44.30:901][893]LogModuleManager: Shutting down and abandoning module Android_ATCTargetPlatform (85)
[2017.09.20-19.44.30:901][893]LogModuleManager: Shutting down and abandoning module Android_ASTCTargetPlatform (83)
[2017.09.20-19.44.30:901][893]LogModuleManager: Shutting down and abandoning module AndroidTargetPlatform (81)
[2017.09.20-19.44.30:901][893]LogModuleManager: Shutting down and abandoning module WindowsTargetPlatform (79)
[2017.09.20-19.44.30:901][893]LogModuleManager: Shutting down and abandoning module WindowsServerTargetPlatform (77)
[2017.09.20-19.44.30:901][893]LogModuleManager: Shutting down and abandoning module WindowsNoEditorTargetPlatform (75)
[2017.09.20-19.44.30:901][893]LogModuleManager: Shutting down and abandoning module WindowsClientTargetPlatform (73)
[2017.09.20-19.44.30:901][893]LogModuleManager: Shutting down and abandoning module MacTargetPlatform (71)
[2017.09.20-19.44.30:901][893]LogModuleManager: Shutting down and abandoning module MacServerTargetPlatform (69)
[2017.09.20-19.44.30:901][893]LogModuleManager: Shutting down and abandoning module MacNoEditorTargetPlatform (67)
[2017.09.20-19.44.30:901][893]LogModuleManager: Shutting down and abandoning module MacClientTargetPlatform (65)
[2017.09.20-19.44.30:901][893]LogModuleManager: Shutting down and abandoning module AllDesktopTargetPlatform (63)
[2017.09.20-19.44.30:901][893]LogModuleManager: Shutting down and abandoning module InputCore (60)
[2017.09.20-19.44.30:901][893]LogModuleManager: Shutting down and abandoning module Settings (58)
[2017.09.20-19.44.30:901][893]LogModuleManager: Shutting down and abandoning module PhysXCooking (56)
[2017.09.20-19.44.30:901][893]LogModuleManager: Shutting down and abandoning module SteamVR (54)
[2017.09.20-19.44.30:902][893]LogModuleManager: Shutting down and abandoning module OculusHMD (52)
[2017.09.20-19.44.30:917][893]LogModuleManager: Shutting down and abandoning module ExampleDeviceProfileSelector (50)
[2017.09.20-19.44.30:917][893]LogModuleManager: Shutting down and abandoning module OnlineBlueprintSupport (48)
[2017.09.20-19.44.30:917][893]LogModuleManager: Shutting down and abandoning module OnlineSubsystem (44)
[2017.09.20-19.44.30:917][893]LogOnline: Display: Unloading online subsystem: NULL
[2017.09.20-19.44.30:937][893]LogModuleManager: Shutting down and abandoning module XMPP (43)
[2017.09.20-19.44.30:954][893]LogModuleManager: Shutting down and abandoning module HTTP (41)
[2017.09.20-19.44.30:954][893]LogHttp: Display: Http module shutting down, but needs to wait on 1 outstanding Http requests:
[2017.09.20-19.44.30:959][893]LogHttp: Display: 	verb=[POST] url=[https://datarouter.ol.epicgames.com/datarouter/api/v1/public/data?SessionID=%7BB502CAE0-4A0F-99AB-5FC0-3EB2FC7B5C59%7D&AppID=UEEditor.Rocket.Release&AppVersion=4.17.1-3586342%2B%2B%2BUE4%2BRelease-4.17&UserID=d195f449449d6ca1a7d6e997d7b4619b%7C38799267579e43f199dcadb14603b7d0%7Cc4c036e9-0de7-44e5-8786-b569ea8dee15&AppEnvironment=datacollector-binary&UploadType=eteventstream] status=Processing
[2017.09.20-19.44.30:965][893]LogModuleManager: Shutting down and abandoning module SSL (40)
[2017.09.20-19.44.30:976][893]LogModuleManager: Shutting down and abandoning module AnimationModifiers (36)
[2017.09.20-19.44.30:987][893]LogModuleManager: Shutting down and abandoning module PropertyEditor (35)
[2017.09.20-19.44.30:987][893]LogModuleManager: Shutting down and abandoning module AudioEditor (32)
[2017.09.20-19.44.31:024][893]LogModuleManager: Shutting down and abandoning module TextureCompressor (30)
[2017.09.20-19.44.31:034][893]LogModuleManager: Shutting down and abandoning module ShaderCore (28)
[2017.09.20-19.44.31:034][893]LogModuleManager: Shutting down and abandoning module Landscape (26)
[2017.09.20-19.44.31:034][893]LogModuleManager: Shutting down and abandoning module SlateRHIRenderer (24)
[2017.09.20-19.44.31:054][893]LogModuleManager: Shutting down and abandoning module OpenGLDrv (22)
[2017.09.20-19.44.31:059][893]LogModuleManager: Shutting down and abandoning module D3D11RHI (20)
[2017.09.20-19.44.31:059][893]LogModuleManager: Shutting down and abandoning module AnimGraphRuntime (18)
[2017.09.20-19.44.31:070][893]LogModuleManager: Shutting down and abandoning module Renderer (16)
[2017.09.20-19.44.31:070][893]LogModuleManager: Shutting down and abandoning module Engine (14)
[2017.09.20-19.44.31:075][893]LogModuleManager: Shutting down and abandoning module CoreUObject (12)
[2017.09.20-19.44.31:076][893]LogModuleManager: Shutting down and abandoning module NetworkFile (10)
[2017.09.20-19.44.31:081][893]LogModuleManager: Shutting down and abandoning module CookedIterativeFile (8)
[2017.09.20-19.44.31:081][893]LogModuleManager: Shutting down and abandoning module StreamingFile (6)
[2017.09.20-19.44.31:093][893]LogModuleManager: Shutting down and abandoning module SandboxFile (4)
[2017.09.20-19.44.31:093][893]LogModuleManager: Shutting down and abandoning module PakFile (2)
[2017.09.20-19.44.31:112][893]LogExit: Exiting.
[2017.09.20-19.44.31:141][893]Log file closed, 09/20/17 15:44:31
