Log file open, 09/18/17 20:24:03
LogWindows: LoadLibraryWithSearchPaths failed for file aqProf.dll. GetLastError=0
LogWindows: LoadLibraryWithSearchPaths failed for file VtuneApi.dll. GetLastError=0
LogWindows: LoadLibraryWithSearchPaths failed for file VtuneApi32e.dll. GetLastError=0
LogInit: Display: Running engine for game: PlanX
LogPlatformFile: Not using cached read wrapper
LogInit: Display: RandInit(339961369) SRandInit(339961369).
LogTaskGraph: Started task graph with 5 named threads and 14 total threads with 3 sets of task threads.
LogStats: Stats thread started at 0.172627
LogD3D11RHI: Aftermath initialized
LogPluginManager: Mounting plugin LightPropagationVolume
LogPluginManager: Mounting plugin CodeLiteSourceCodeAccess
LogPluginManager: Mounting plugin GitSourceControl
LogPluginManager: Mounting plugin KDevelopSourceCodeAccess
LogPluginManager: Mounting plugin NullSourceCodeAccess
LogPluginManager: Mounting plugin PerforceSourceControl
LogPluginManager: Mounting plugin SubversionSourceControl
LogPluginManager: Mounting plugin UObjectPlugin
LogPluginManager: Mounting plugin VisualStudioSourceCodeAccess
LogPluginManager: Mounting plugin XCodeSourceCodeAccess
LogPluginManager: Mounting plugin AssetManagerEditor
LogPluginManager: Mounting plugin AudioCapture
LogPluginManager: Mounting plugin FacialAnimation
LogPluginManager: Mounting plugin GameplayTagsEditor
LogPluginManager: Mounting plugin MobileLauncherProfileWizard
LogPluginManager: Mounting plugin PluginBrowser
LogPluginManager: Mounting plugin SpeedTreeImporter
LogPluginManager: Mounting plugin AlembicImporter
LogPluginManager: Mounting plugin CharacterAI
LogPluginManager: Mounting plugin HTML5Networking
LogPluginManager: Mounting plugin AndroidMedia
LogPluginManager: Mounting plugin AvfMedia
LogPluginManager: Mounting plugin MediaPlayerEditor
LogPluginManager: Mounting plugin WmfMedia
LogPluginManager: Mounting plugin TcpMessaging
LogPluginManager: Mounting plugin UdpMessaging
LogPluginManager: Mounting plugin LevelSequenceEditor
LogPluginManager: Mounting plugin MatineeToLevelSequence
LogPluginManager: Mounting plugin OnlineSubsystemGooglePlay
LogPluginManager: Mounting plugin OnlineSubsystemIOS
LogPluginManager: Mounting plugin OnlineSubsystem
LogPluginManager: Mounting plugin OnlineSubsystemNull
LogPluginManager: Mounting plugin OnlineSubsystemUtils
LogPluginManager: Mounting plugin AndroidDeviceProfileSelector
LogPluginManager: Mounting plugin AndroidMoviePlayer
LogPluginManager: Mounting plugin AndroidPermission
LogPluginManager: Mounting plugin AppleMoviePlayer
LogPluginManager: Mounting plugin ArchVisCharacter
LogPluginManager: Mounting plugin CableComponent
LogPluginManager: Mounting plugin CustomMeshComponent
LogPluginManager: Mounting plugin ExampleDeviceProfileSelector
LogPluginManager: Mounting plugin GoogleCloudMessaging
LogPluginManager: Mounting plugin ImmediatePhysics
LogPluginManager: Mounting plugin IOSDeviceProfileSelector
LogPluginManager: Mounting plugin LinuxDeviceProfileSelector
LogPluginManager: Mounting plugin LocationServicesBPLibrary
LogPluginManager: Mounting plugin MobilePatchingUtils
LogPluginManager: Mounting plugin Ansel
LogPluginManager: Mounting plugin OculusVR
LogPluginManager: Mounting plugin PhysXVehicles
LogPluginManager: Mounting plugin ProceduralMeshComponent
LogPluginManager: Mounting plugin RuntimePhysXCooking
LogPluginManager: Mounting plugin SteamVR
LogPluginManager: Mounting plugin WindowsMoviePlayer
LogInit: Using libcurl 7.47.1
LogInit:  - built for x86_64-pc-win32
LogInit:  - supports SSL with OpenSSL/1.0.2g
LogInit:  - supports HTTP deflate (compression) using libz 1.2.8
LogInit:  - other features:
LogInit:      CURL_VERSION_SSL
LogInit:      CURL_VERSION_LIBZ
LogInit:      CURL_VERSION_IPV6
LogInit:      CURL_VERSION_ASYNCHDNS
LogInit:      CURL_VERSION_LARGEFILE
LogInit:      CURL_VERSION_IDN
LogInit:  CurlRequestOptions (configurable via config and command line):
LogInit:  - bVerifyPeer = false  - Libcurl will NOT verify peer certificate
LogInit:  - bUseHttpProxy = false  - Libcurl will NOT use HTTP proxy
LogInit:  - bDontReuseConnections = false  - Libcurl will reuse connections
LogInit:  - CertBundlePath = nullptr  - Libcurl will use whatever was configured at build time.
LogInit: Build: ++UE4+Release-4.17-CL-3586342
LogInit: Engine Version: 4.17.1-3586342+++UE4+Release-4.17
LogInit: Compatible Engine Version: 4.17.0-3573198+++UE4+Release-4.17
LogInit: Net CL: 3573198
LogDevObjectVersion: Number of dev versions registered: 16
LogDevObjectVersion:   Dev-Blueprints (B0D832E4-1F89-4F0D-ACCF-7EB736FD4AA2): 10
LogDevObjectVersion:   Dev-Build (E1C64328-A22C-4D53-A36C-8E866417BD8C): 0
LogDevObjectVersion:   Dev-Core (375EC13C-06E4-48FB-B500-84F0262A717E): 2
LogDevObjectVersion:   Dev-Editor (E4B068ED-F494-42E9-A231-DA0B2E46BB41): 20
LogDevObjectVersion:   Dev-Framework (CFFC743F-43B0-4480-9391-14DF171D2073): 28
LogDevObjectVersion:   Dev-Mobile (B02B49B5-BB20-44E9-A304-32B752E40360): 0
LogDevObjectVersion:   Dev-Networking (A4E4105C-59A1-49B5-A7C5-40C4547EDFEE): 0
LogDevObjectVersion:   Dev-Online (39C831C9-5AE6-47DC-9A44-9C173E1C8E7C): 0
LogDevObjectVersion:   Dev-Physics (78F01B33-EBEA-4F98-B9B4-84EACCB95AA2): 0
LogDevObjectVersion:   Dev-Platform (6631380F-2D4D-43E0-8009-CF276956A95A): 0
LogDevObjectVersion:   Dev-Rendering (12F88B9F-8875-4AFC-A67C-D90C383ABD29): 19
LogDevObjectVersion:   Dev-Sequencer (7B5AE74C-D270-4C10-A958-57980B212A5A): 4
LogDevObjectVersion:   Dev-VR (D7296918-1DD6-4BDD-9DE2-64A83CC13884): 0
LogDevObjectVersion:   Dev-LoadTimes (C2A15278-BFE7-4AFE-6C17-90FF531DF755): 1
LogDevObjectVersion:   Private-Geometry (6EACA3D4-40EC-4CC1-B786-8BED09428FC5): 1
LogDevObjectVersion:   Dev-AnimPhys (29E575DD-E0A3-4627-9D10-D276232CDCEA): 7
LogInit: Compiled (64-bit): Aug 15 2017 02:05:26
LogInit: Compiled with Visual C++: 19.00.24215.01
LogInit: Build Configuration: Development
LogInit: Branch Name: ++UE4+Release-4.17
LogInit: Command line: -EpicPortal 
LogInit: Base directory: Q:/Unreal Engine/UE_4.17/Engine/Binaries/Win64/
LogInit: Installed Engine Build: 1
LogInit: Presizing for max 8388607 objects, including 0 objects not considered by GC, pre-allocating 0 bytes for permanent pool.
LogInit: Object subsystem initialized
[2017.09.19-00.24.04:282][  0]LogInit: Selected Device Profile: [Windows]
[2017.09.19-00.24.04:282][  0]LogInit: Applying CVar settings loaded from the selected device profile: [Windows]
[2017.09.19-00.24.04:332][  0]LogInit: Computer: DAWN
[2017.09.19-00.24.04:332][  0]LogInit: User: RobertForbes
[2017.09.19-00.24.04:332][  0]LogInit: CPU Page size=4096, Cores=4
[2017.09.19-00.24.04:332][  0]LogInit: High frequency timer resolution =3.417985 MHz
[2017.09.19-00.24.04:332][  0]LogMemory: Memory total: Physical=8.0GB (8GB approx)
[2017.09.19-00.24.04:332][  0]LogMemory: Platform Memory Stats for Windows
[2017.09.19-00.24.04:332][  0]LogMemory: Process Physical Memory: 279.97 MB used, 279.97 MB peak
[2017.09.19-00.24.04:332][  0]LogMemory: Process Virtual Memory: 290.31 MB used, 290.31 MB peak
[2017.09.19-00.24.04:333][  0]LogMemory: Physical Memory: 7155.85 MB used,  988.00 MB free, 8143.85 MB total
[2017.09.19-00.24.04:333][  0]LogMemory: Virtual Memory: 684.32 MB used,  988.00 MB free, 134217728.00 MB total
[2017.09.19-00.24.04:470][  0]LogInit: Using OS detected language (en-US).
[2017.09.19-00.24.04:470][  0]LogInit: Using OS detected locale (en-US).
[2017.09.19-00.24.04:474][  0]LogTextLocalizationManager: No specific localization for 'en-US' exists, so the 'en' localization will be used.
[2017.09.19-00.24.15:779][  0]LogD3D11RHI: D3D11 adapters:
[2017.09.19-00.24.16:417][  0]LogD3D11RHI:    0. 'NVIDIA GeForce GTX 970' (Feature Level 11_0)
[2017.09.19-00.24.16:417][  0]LogD3D11RHI:       4058/0/4071 MB DedicatedVideo/DedicatedSystem/SharedSystem, Outputs:2, VendorId:0x10de
[2017.09.19-00.24.16:427][  0]LogD3D11RHI:    1. 'Microsoft Basic Render Driver' (Feature Level 11_0)
[2017.09.19-00.24.16:427][  0]LogD3D11RHI:       0/0/4071 MB DedicatedVideo/DedicatedSystem/SharedSystem, Outputs:0, VendorId:0x1414
[2017.09.19-00.24.16:427][  0]LogD3D11RHI: Chosen D3D11 Adapter: 0
[2017.09.19-00.24.16:432][  0]LogD3D11RHI: Creating new Direct3DDevice
[2017.09.19-00.24.16:432][  0]LogD3D11RHI:     GPU DeviceId: 0x13c2 (for the marketing name, search the web for "GPU Device Id")
[2017.09.19-00.24.16:432][  0]LogWindows: EnumDisplayDevices:
[2017.09.19-00.24.16:432][  0]LogWindows:    0. 'NVIDIA GeForce GTX 970' (P:0 D:1)
[2017.09.19-00.24.16:432][  0]LogWindows:    1. 'NVIDIA GeForce GTX 970' (P:1 D:1)
[2017.09.19-00.24.16:433][  0]LogWindows:    2. 'NVIDIA GeForce GTX 970' (P:0 D:0)
[2017.09.19-00.24.16:433][  0]LogWindows:    3. 'NVIDIA GeForce GTX 970' (P:0 D:0)
[2017.09.19-00.24.16:433][  0]LogWindows: DebugString: FoundDriverCount:4 
[2017.09.19-00.24.16:433][  0]LogD3D11RHI:     Adapter Name: NVIDIA GeForce GTX 970
[2017.09.19-00.24.16:433][  0]LogD3D11RHI:   Driver Version: 385.41 (internal:22.21.13.8541, unified:385.41)
[2017.09.19-00.24.16:433][  0]LogD3D11RHI:      Driver Date: 8-21-2017
[2017.09.19-00.24.16:433][  0]LogRHI: Texture pool is 1361 MB (70% of 1945 MB)
[2017.09.19-00.24.17:022][  0]LogD3D11RHI: Async texture creation enabled
[2017.09.19-00.24.17:053][  0]LogD3D11RHI: GPU Timing Frequency: 1000.000000 (Debug: 2 1)
[2017.09.19-00.24.17:056][  0]LogShaderCompilers: Guid format shader working directory is 10 characters bigger than the processId version (../../../../../Unreal Projects/Plan-X/PlanX/Intermediate/Shaders/WorkingDirectory/11260/).
[2017.09.19-00.24.17:056][  0]LogShaderCompilers: Cleaned the shader compiler working directory 'C:/Users/Robert Forbes/AppData/Local/Temp/UnrealShaderWorkingDir/DB2C3BFF414C132F4D1D349025BE2B87/'.
[2017.09.19-00.24.17:056][  0]LogShaderCompilers: Display: Using Local Shader Compiler.
[2017.09.19-00.24.22:522][  0]LogTemp: Display: Loaded TP AllDesktopTargetPlatform
[2017.09.19-00.24.22:572][  0]LogTemp: Display: Loaded TP MacClientTargetPlatform
[2017.09.19-00.24.22:624][  0]LogTemp: Display: Loaded TP MacNoEditorTargetPlatform
[2017.09.19-00.24.22:668][  0]LogTemp: Display: Loaded TP MacServerTargetPlatform
[2017.09.19-00.24.22:782][  0]LogTemp: Display: Loaded TP MacTargetPlatform
[2017.09.19-00.24.22:844][  0]LogTemp: Display: Loaded TP WindowsClientTargetPlatform
[2017.09.19-00.24.22:907][  0]LogTemp: Display: Loaded TP WindowsNoEditorTargetPlatform
[2017.09.19-00.24.22:991][  0]LogTemp: Display: Loaded TP WindowsServerTargetPlatform
[2017.09.19-00.24.23:072][  0]LogTemp: Display: Loaded TP WindowsTargetPlatform
[2017.09.19-00.24.23:245][  0]LogTemp: Display: Loaded TP AndroidTargetPlatform
[2017.09.19-00.24.23:316][  0]LogTemp: Display: Loaded TP Android_ASTCTargetPlatform
[2017.09.19-00.24.23:369][  0]LogTemp: Display: Loaded TP Android_ATCTargetPlatform
[2017.09.19-00.24.23:442][  0]LogTemp: Display: Loaded TP Android_DXTTargetPlatform
[2017.09.19-00.24.23:491][  0]LogTemp: Display: Loaded TP Android_ETC1TargetPlatform
[2017.09.19-00.24.23:560][  0]LogTemp: Display: Loaded TP Android_ETC2TargetPlatform
[2017.09.19-00.24.23:661][  0]LogTemp: Display: Loaded TP Android_MultiTargetPlatform
[2017.09.19-00.24.23:661][  0]LogTemp: Display: Loaded TP Android_PVRTCTargetPlatform
[2017.09.19-00.24.23:717][  0]LogTemp: Display: Loaded TP HTML5TargetPlatform
[2017.09.19-00.24.23:852][  0]LogTemp: Display: Loaded TP IOSTargetPlatform
[2017.09.19-00.24.23:876][  0]LogTemp: Display: Loaded TP TVOSTargetPlatform
[2017.09.19-00.24.23:937][  0]LogTemp: Display: Loaded TP LinuxClientTargetPlatform
[2017.09.19-00.24.23:993][  0]LogTemp: Display: Loaded TP LinuxNoEditorTargetPlatform
[2017.09.19-00.24.24:059][  0]LogTemp: Display: Loaded TP LinuxServerTargetPlatform
[2017.09.19-00.24.24:126][  0]LogTemp: Display: Loaded TP LinuxTargetPlatform
[2017.09.19-00.24.24:126][  0]LogTargetPlatformManager: Display: Building Assets For Windows
[2017.09.19-00.24.26:088][  0]LogDerivedDataCache: Display: Max Cache Size: 512 MB
[2017.09.19-00.24.26:193][  0]LogDerivedDataCache: Loaded boot cache 0.11s 106MB C:/Users/Robert Forbes/AppData/Local/UnrealEngine/4.17/DerivedDataCache/Boot.ddc.
[2017.09.19-00.24.26:193][  0]LogDerivedDataCache: Display: Loaded Boot cache: C:/Users/Robert Forbes/AppData/Local/UnrealEngine/4.17/DerivedDataCache/Boot.ddc
[2017.09.19-00.24.26:193][  0]LogDerivedDataCache: FDerivedDataBackendGraph:  Pak pak cache file ../../../../../Unreal Projects/Plan-X/PlanX/DerivedDataCache/DDC.ddp not found, will not use a pak cache.
[2017.09.19-00.24.26:193][  0]LogDerivedDataCache: Unable to find inner node Pak for hierarchical cache Hierarchy.
[2017.09.19-00.24.26:193][  0]LogDerivedDataCache: FDerivedDataBackendGraph:  CompressedPak pak cache file ../../../../../Unreal Projects/Plan-X/PlanX/DerivedDataCache/Compressed.ddp not found, will not use a pak cache.
[2017.09.19-00.24.26:193][  0]LogDerivedDataCache: Unable to find inner node CompressedPak for hierarchical cache Hierarchy.
[2017.09.19-00.24.26:215][  0]LogDerivedDataCache: Display: Pak cache opened for reading ../../../Engine/DerivedDataCache/Compressed.ddp.
[2017.09.19-00.24.26:227][  0]LogDerivedDataCache: Using Local data cache path C:/Users/Robert Forbes/AppData/Local/UnrealEngine/Common/DerivedDataCache: Writable
[2017.09.19-00.24.26:240][  0]LogMaterial: Verifying Global Shaders for PCD3D_SM5
[2017.09.19-00.24.26:240][  0]LogSlate: Using Freetype 2.6.0
[2017.09.19-00.24.26:272][  0]LogSlate: SlateFontCache - WITH_FREETYPE: 1, WITH_HARFBUZZ: 1
[2017.09.19-00.24.26:272][  0]LogSlate: SlateFontCache - WITH_FREETYPE: 1, WITH_HARFBUZZ: 1
[2017.09.19-00.24.37:213][  0]LogAssetRegistry: FAssetRegistry took 0.0294 seconds to start up
[2017.09.19-00.24.37:387][  0]LogInit: Selected Device Profile: [Windows]
[2017.09.19-00.24.37:624][  0]LogContentStreaming: Texture pool size is 0.00 MB
[2017.09.19-00.24.38:673][  0]LogSimplygon: Simplygon DLL not present - disabling.
[2017.09.19-00.24.38:773][  0]LogMeshReduction: Using SimplygonSwarm for distributed automatic mesh merging
[2017.09.19-00.24.38:773][  0]LogMeshReduction: Using QuadricMeshReduction for automatic static mesh reduction
[2017.09.19-00.24.38:773][  0]LogMeshReduction: No automatic skeletal mesh reduction module available
[2017.09.19-00.24.38:773][  0]LogMeshReduction: No automatic mesh merging module available
[2017.09.19-00.24.38:773][  0]LogMeshMerging: No automatic mesh merging module available
[2017.09.19-00.24.39:299][  0]LogNetVersion: PlanX , NetCL: 3573198, EngineNetVer: 2, GameNetVer: 0 (Checksum: 4232075429)
[2017.09.19-00.24.40:264][  0]LogPackageLocalizationCache: Processed 4 localized package path(s) for 2 prioritized culture(s) in 0.581640 seconds
[2017.09.19-00.24.40:271][  0]LogUObjectArray: 35825 objects as part of root set at end of initial load.
[2017.09.19-00.24.40:272][  0]LogUObjectAllocator: 7529104 out of 0 bytes used by permanent object pool.
[2017.09.19-00.24.40:272][  0]LogUObjectArray: CloseDisregardForGC: 0/0 objects in disregard for GC pool
[2017.09.19-00.24.40:337][  0]LogInit: WinSock: version 1.1 (2.2), MaxSocks=32767, MaxUdp=65467
[2017.09.19-00.25.04:192][  0]LogTcpMessaging: Initializing TcpMessaging bridge
[2017.09.19-00.25.04:250][  0]LogUdpMessaging: Initializing bridge on interface 0.0.0.0:0 to multicast group 230.0.0.1:6666.
[2017.09.19-00.25.05:016][  0]SourceControl: Source control is disabled
[2017.09.19-00.25.05:016][  0]SourceControl: Source control is disabled
[2017.09.19-00.25.05:081][  0]SourceControl: Source control is disabled
[2017.09.19-00.25.05:154][  0]SourceControl: Source control is disabled
[2017.09.19-00.25.06:344][  0]LogAndroidPermission: UAndroidPermissionCallbackProxy::GetInstance
[2017.09.19-00.25.06:919][  0]LogAnsel: Tried to load ../../../Engine/Plugins/Runtime/Nvidia/Ansel/Binaries/ThirdParty/AnselSDK64.dll : success=1
[2017.09.19-00.25.07:015][  0]LogOcInput: OculusInput pre-init called
[2017.09.19-00.25.07:447][  0]LogEngine: Initializing Engine...
[2017.09.19-00.25.10:570][  0]LogHMD: SteamVR initialized.  Driver: lighthouse  Display: LHR-21CE5F1D
[2017.09.19-00.25.11:245][  0]LogStats: UGameplayTagsManager::ConstructGameplayTagTree: Construct from data asset -  0.000 s
[2017.09.19-00.25.11:246][  0]LogStats: UGameplayTagsManager::ConstructGameplayTagTree: GameplayTagTreeChangedEvent.Broadcast -  0.000 s
[2017.09.19-00.25.11:414][  0]LogAIModule: Creating AISystem for world Untitled
[2017.09.19-00.25.11:437][  0]LogInit: XAudio2 using 'REAL SPEAKERS!!!!!!!!!! (Realtek High Definition Audio)' : 2 channels at 48 kHz using 32 bits per sample (channel mask 0x3)
[2017.09.19-00.25.11:448][  0]LogInit: FAudioDevice initialized.
[2017.09.19-00.25.11:579][  0]LogDerivedDataCache: Saved boot cache 0.13s 106MB C:/Users/Robert Forbes/AppData/Local/UnrealEngine/4.17/DerivedDataCache/Boot.ddc.
[2017.09.19-00.25.11:595][  0]LogInit: Texture streaming: Enabled
[2017.09.19-00.25.11:765][  0]LogMaterial: Uniform references updated for custom material expression Custom.
[2017.09.19-00.25.12:321][  0]LogEngineSessionManager: EngineSessionManager initialized
[2017.09.19-00.25.12:733][  0]LogInit: Transaction tracking system initialized
[2017.09.19-00.25.13:393][  0]BlueprintLog: New page: Editor Load
[2017.09.19-00.25.14:687][  0]LocalizationService: Localization service is disabled
[2017.09.19-00.25.15:823][  0]LogConsoleResponse: Display: 
[2017.09.19-00.25.17:757][  0]LogCook: Display: Max memory allowance for cook 16384mb min free memory 0mb
[2017.09.19-00.25.17:758][  0]LogCook: Display: Mobile HDR setting 1
[2017.09.19-00.25.17:758][  0]LogGameplayTags: Display: UGameplayTagsManager::DoneAddingNativeTags. DelegateIsBound: 0
[2017.09.19-00.25.18:655][  0]LogFileCache: Scanning file cache for directory 'Q:/Unreal Projects/Plan-X/PlanX/Content/' took 0.37s
[2017.09.19-00.25.20:069][  0]SourceControl: Source control is disabled
[2017.09.19-00.25.20:069][  0]Cmd: MAP LOAD FILE="../../../../../Unreal Projects/Plan-X/PlanX/Content/VirtualRealityBP/Maps/MotionControllerMap.umap" TEMPLATE=0 SHOWPROGRESS=1 FEATURELEVEL=3
[2017.09.19-00.25.20:070][  0]LightingResults: New page: Lighting Build
[2017.09.19-00.25.20:108][  0]MapCheck: New page: Map Check
[2017.09.19-00.25.20:108][  0]LightingResults: New page: Lighting Build
[2017.09.19-00.25.22:873][  0]LogAIModule: Creating AISystem for world MotionControllerMap
[2017.09.19-00.25.23:153][  0]LogEditorServer: Finished looking for orphan Actors (0.000 secs)
[2017.09.19-00.25.23:221][  0]Cmd: MAP CHECKDEP NOCLEARLOG
[2017.09.19-00.25.23:288][  0]MapCheck: Map check complete: 0 Error(s), 0 Warning(s), took 67.486ms to complete.
[2017.09.19-00.25.23:288][  0]LogFileHelpers: Loading map 'MotionControllerMap' took 3.219
[2017.09.19-00.25.24:379][  0]LogCollectionManager: Loaded 0 collections in 0.016824 seconds
[2017.09.19-00.25.24:552][  0]LogFileCache: Scanning file cache for directory 'Q:/Unreal Projects/Plan-X/PlanX/Saved/Collections/' took 0.01s
[2017.09.19-00.25.24:552][  0]LogFileCache: Scanning file cache for directory 'Q:/Unreal Projects/Plan-X/PlanX/Content/Developers/RobertForbes/Collections/' took 0.01s
[2017.09.19-00.25.24:552][  0]LogFileCache: Scanning file cache for directory 'Q:/Unreal Projects/Plan-X/PlanX/Content/Collections/' took 0.01s
[2017.09.19-00.25.24:552][  0]LogCollectionManager: Rebuilt the GUID cache for 0 collections in 0.000000 seconds
[2017.09.19-00.25.24:580][  0]LogContentBrowser: Native class hierarchy populated in 0.0247 seconds. Added 2337 classes and 483 folders.
[2017.09.19-00.25.24:734][  0]LogContentBrowser: Native class hierarchy updated for 'WidgetCarousel' in 0.0008 seconds. Added 0 classes and 0 folders.
[2017.09.19-00.25.26:130][  0]LogContentBrowser: Native class hierarchy updated for 'AddContentDialog' in 0.0009 seconds. Added 0 classes and 0 folders.
[2017.09.19-00.25.26:265][  0]LogContentBrowser: Native class hierarchy updated for 'SceneOutliner' in 0.0009 seconds. Added 1 classes and 2 folders.
[2017.09.19-00.25.26:864][  0]LogSlate: Took 0.034684 seconds to synchronously load lazily loaded font '../../../Engine/Content/Slate/Fonts/Roboto-Regular.ttf' (155K)
[2017.09.19-00.25.26:896][  0]LogSlate: Took 0.016752 seconds to synchronously load lazily loaded font '../../../Engine/Content/Slate/Fonts/Roboto-Bold.ttf' (160K)
[2017.09.19-00.25.26:976][  0]LogSlate: Took 0.012376 seconds to synchronously load lazily loaded font '../../../Engine/Content/Editor/Slate/Fonts/FontAwesome.ttf' (139K)
[2017.09.19-00.25.27:826][  0]LogRenderer: Reallocating scene render targets to support 1208x536 Format 26 NumSamples 1 (Frame:1).
[2017.09.19-00.25.28:554][  0]LogContentBrowser: Native class hierarchy updated for 'HierarchicalLODOutliner' in 0.0009 seconds. Added 1 classes and 2 folders.
[2017.09.19-00.25.28:554][  0]LogLoad: (Engine Initialization) Total time: 87.40 seconds
[2017.09.19-00.25.28:554][  0]LogLoad: (Engine Initialization) Total Blueprint compile time: 0.00 seconds
[2017.09.19-00.25.28:554][  0]LogExternalProfiler: Found external profiler: VSPerf
[2017.09.19-00.25.28:554][  0]LogExternalProfiler: Using external profiler: VSPerf
[2017.09.19-00.25.29:014][  0]LogContentStreaming: Texture pool size now 600 MB
[2017.09.19-00.25.29:300][  0]LogRenderer: Reallocating scene render targets to support 1208x552 Format 26 NumSamples 1 (Frame:2).
[2017.09.19-00.25.29:300][  0]LogSlate: Took 0.028197 seconds to synchronously load lazily loaded font '../../../Engine/Content/Slate/Fonts/Roboto-Light.ttf' (159K)
[2017.09.19-00.25.29:320][  1]LogFileCache: Retrieving MD5 hashes for directory 'Q:/Unreal Projects/Plan-X/PlanX/Content/' took 0.38s
[2017.09.19-00.25.29:794][  2]LogAssetRegistry: Asset discovery search completed in 52.6042 seconds
[2017.09.19-00.25.29:796][  2]LogCollectionManager: Rebuilt the object cache for 0 collections in 0.000000 seconds (found 0 objects)
[2017.09.19-00.25.29:796][  2]LogCollectionManager: Fixed up redirectors for 0 collections in 0.000047 seconds (updated 0 objects)
[2017.09.19-00.28.16:421][502]LogSlate: Took 0.000233 seconds to synchronously load lazily loaded font '../../../Engine/Content/Slate/Fonts/Roboto-Light.ttf' (159K)
[2017.09.19-00.28.17:314][502]LogContentBrowser: Native class hierarchy updated for 'BlueprintGraph' in 0.0012 seconds. Added 113 classes and 0 folders.
[2017.09.19-00.28.19:481][502]LogSlate: Took 0.014539 seconds to synchronously load lazily loaded font '../../../Engine/Content/Editor/Slate/Fonts/Roboto-BoldCondensed.ttf' (158K)
[2017.09.19-00.28.20:544][503]LogSlate: Took 0.018697 seconds to synchronously load lazily loaded font '../../../Engine/Content/Editor/Slate/Fonts/Roboto-Italic.ttf' (157K)
[2017.09.19-00.30.07:411][224]BlueprintLog: New page: Compile MotionControllerPawn
[2017.09.19-00.30.09:932][283]LogSavePackage: Save=371.09ms
[2017.09.19-00.30.09:932][283]LogSavePackage: Moving '../../../../../Unreal Projects/Plan-X/PlanX/Saved/MotionControllerPawn9928347344108501856C31AFB4923A90.tmp' to '../../../../../Unreal Projects/Plan-X/PlanX/Content/VirtualRealityBP/Blueprints/MotionControllerPawn.uasset'
[2017.09.19-00.30.09:955][283]LogSavePackage: Display: Finished SavePackage ../../../../../Unreal Projects/Plan-X/PlanX/Content/VirtualRealityBP/Blueprints/MotionControllerPawn.uasset
[2017.09.19-00.30.10:382][316]BlueprintLog: New page: Compile MotionControllerPawn
[2017.09.19-00.30.11:433][341]LogSavePackage: Save=293.93ms
[2017.09.19-00.30.11:433][341]LogSavePackage: Moving '../../../../../Unreal Projects/Plan-X/PlanX/Saved/MotionControllerPawn18D7EE734B8FC7A28AA757A1604F7643.tmp' to '../../../../../Unreal Projects/Plan-X/PlanX/Content/VirtualRealityBP/Blueprints/MotionControllerPawn.uasset'
[2017.09.19-00.30.11:435][341]LogSavePackage: Display: Finished SavePackage ../../../../../Unreal Projects/Plan-X/PlanX/Content/VirtualRealityBP/Blueprints/MotionControllerPawn.uasset
[2017.09.19-00.30.14:913][586]LogBlueprintUserMessages: Early PlayInEditor Detection: Level '/Game/VirtualRealityBP/Maps/MotionControllerMap.MotionControllerMap:PersistentLevel' has LevelScriptBlueprint '/Game/VirtualRealityBP/Maps/MotionControllerMap.MotionControllerMap:PersistentLevel.MotionControllerMap' with GeneratedClass '/Game/VirtualRealityBP/Maps/MotionControllerMap.MotionControllerMap_C' with ClassGeneratedBy '/Game/VirtualRealityBP/Maps/MotionControllerMap.MotionControllerMap:PersistentLevel.MotionControllerMap'
[2017.09.19-00.30.14:920][586]LogPlayLevel: PlayLevel: No blueprints needed recompiling
[2017.09.19-00.30.15:029][586]PIE: New page: PIE session: MotionControllerMap (Sep 18, 2017, 4:30:14 PM)
[2017.09.19-00.30.15:046][586]LogPlayLevel: Creating play world package: /Game/VirtualRealityBP/Maps/UEDPIE_0_MotionControllerMap
[2017.09.19-00.30.15:086][586]LogPlayLevel: PIE: StaticDuplicateObject took: (0.039746s)
[2017.09.19-00.30.15:086][586]LogAIModule: Creating AISystem for world MotionControllerMap
[2017.09.19-00.30.15:086][586]LogPlayLevel: PIE: World Init took: (0.000804s)
[2017.09.19-00.30.15:087][586]LogPlayLevel: PIE: Created PIE world by copying editor world from /Game/VirtualRealityBP/Maps/MotionControllerMap.MotionControllerMap to /Game/VirtualRealityBP/Maps/UEDPIE_0_MotionControllerMap.MotionControllerMap (0.040895s)
[2017.09.19-00.30.15:137][586]LogInit: XAudio2 using 'REAL SPEAKERS!!!!!!!!!! (Realtek High Definition Audio)' : 2 channels at 48 kHz using 32 bits per sample (channel mask 0x3)
[2017.09.19-00.30.15:163][586]LogInit: FAudioDevice initialized.
[2017.09.19-00.30.15:371][586]LogLoad: Game class is 'GameMode'
[2017.09.19-00.30.15:540][586]LogWorld: Bringing World /Game/VirtualRealityBP/Maps/UEDPIE_0_MotionControllerMap.MotionControllerMap up for play (max tick rate 0) at 2017.09.18-20.30.15
[2017.09.19-00.30.15:568][586]LogWorld: Bringing up level for play took: 0.075183
[2017.09.19-00.30.15:697][586]LogContentBrowser: Native class hierarchy updated for 'MovieSceneCapture' in 0.0010 seconds. Added 11 classes and 0 folders.
[2017.09.19-00.30.15:706][586]LogGameMode: Display: Match State Changed from EnteringMap to WaitingToStart
[2017.09.19-00.30.15:706][586]LogGameState: Match State Changed from EnteringMap to WaitingToStart
[2017.09.19-00.30.15:706][586]LogGameMode: Display: Match State Changed from WaitingToStart to InProgress
[2017.09.19-00.30.15:775][586]LogUnrealMath: Error: FMatrix::InverseFast(), trying to invert a NIL matrix, this results in NaNs! Use Inverse() instead.
[2017.09.19-00.30.15:781][586]LogOutputDevice: Warning: 

Script Stack:
BP_MotionController_C.SetupRoomScaleOutline
BP_MotionController_C.ExecuteUbergraph_BP_MotionController
BP_MotionController_C.ReceiveBeginPlay
MotionControllerPawn_C.ExecuteUbergraph_MotionControllerPawn
MotionControllerPawn_C.Initalize VR
MotionControllerPawn_C.ExecuteUbergraph_MotionControllerPawn
MotionControllerPawn_C.ReceiveBeginPlay

[2017.09.19-00.30.16:484][586]LogStats: FPlatformStackWalk::StackWalkAndDump -  0.703 s
[2017.09.19-00.30.16:484][586]LogOutputDevice: Error: === Handled ensure: ===
[2017.09.19-00.30.16:484][586]LogOutputDevice: Error: 
[2017.09.19-00.30.16:484][586]LogOutputDevice: Error: Ensure condition failed: false [File:D:\Build\++UE4+Release-4.17+Compile\Sync\Engine\Source\Runtime\Core\Private\Math\Matrix.cpp] [Line: 8]
[2017.09.19-00.30.16:484][586]LogOutputDevice: Error: FMatrix::InverseFast(), trying to invert a NIL matrix, this results in NaNs! Use Inverse() instead.
[2017.09.19-00.30.16:484][586]LogOutputDevice: Error: Stack: 
[2017.09.19-00.30.16:484][586]LogOutputDevice: Error: UE4Editor-Core.dll!0x00000000A6393606
[2017.09.19-00.30.16:484][586]LogOutputDevice: Error: UE4Editor-Core.dll!0x00000000A611C2D2
[2017.09.19-00.30.16:484][586]LogOutputDevice: Error: UE4Editor-Core.dll!0x00000000A6134746
[2017.09.19-00.30.16:484][586]LogOutputDevice: Error: UE4Editor-Core.dll!0x00000000A60BE1A1
[2017.09.19-00.30.16:484][586]LogOutputDevice: Error: UE4Editor-Engine.dll!0x00000000A02574CB
[2017.09.19-00.30.16:484][586]LogOutputDevice: Error: UE4Editor-Engine.dll!0x00000000A0BBAE63
[2017.09.19-00.30.16:484][586]LogOutputDevice: Error: UE4Editor-Engine.dll!0x00000000A0BF1A74
[2017.09.19-00.30.16:484][586]LogOutputDevice: Error: UE4Editor-CoreUObject.dll!0x00000000A756EF44
[2017.09.19-00.30.16:484][586]LogOutputDevice: Error: UE4Editor-CoreUObject.dll!0x00000000A772DF94
[2017.09.19-00.30.16:484][586]LogOutputDevice: Error: UE4Editor-CoreUObject.dll!0x00000000A77432F1
[2017.09.19-00.30.16:484][586]LogOutputDevice: Error: UE4Editor-CoreUObject.dll!0x00000000A77454D2
[2017.09.19-00.30.16:484][586]LogOutputDevice: Error: UE4Editor-CoreUObject.dll!0x00000000A772E99E
[2017.09.19-00.30.16:484][586]LogOutputDevice: Error: UE4Editor-CoreUObject.dll!0x00000000A77454D2
[2017.09.19-00.30.16:484][586]LogOutputDevice: Error: UE4Editor-CoreUObject.dll!0x00000000A772E99E
[2017.09.19-00.30.16:484][586]LogOutputDevice: Error: UE4Editor-CoreUObject.dll!0x00000000A77454D2
[2017.09.19-00.30.16:484][586]LogOutputDevice: Error: UE4Editor-CoreUObject.dll!0x00000000A756EF44
[2017.09.19-00.30.16:484][586]LogOutputDevice: Error: UE4Editor-CoreUObject.dll!0x00000000A7744865
[2017.09.19-00.30.16:484][586]LogOutputDevice: Error: UE4Editor-Engine.dll!0x00000000A033B217
[2017.09.19-00.30.16:484][586]LogOutputDevice: Error: UE4Editor-Engine.dll!0x00000000A14E57A7
[2017.09.19-00.30.16:484][586]LogOutputDevice: Error: UE4Editor-Engine.dll!0x00000000A02FDC0F
[2017.09.19-00.30.16:484][586]LogOutputDevice: Error: UE4Editor-Engine.dll!0x00000000A030ABAB
[2017.09.19-00.30.16:484][586]LogOutputDevice: Error: UE4Editor-Engine.dll!0x00000000A0336939
[2017.09.19-00.30.16:484][586]LogOutputDevice: Error: UE4Editor-Engine.dll!0x00000000A0317DE3
[2017.09.19-00.30.16:484][586]LogOutputDevice: Error: UE4Editor-Engine.dll!0x00000000A0A3BCB9
[2017.09.19-00.30.16:484][586]LogOutputDevice: Error: UE4Editor-Engine.dll!0x00000000A0370576
[2017.09.19-00.30.16:484][586]LogOutputDevice: Error: UE4Editor-CoreUObject.dll!0x00000000A756EF44
[2017.09.19-00.30.16:484][586]LogOutputDevice: Error: UE4Editor-CoreUObject.dll!0x00000000A772DF94
[2017.09.19-00.30.16:484][586]LogOutputDevice: Error: UE4Editor-CoreUObject.dll!0x00000000A77432F1
[2017.09.19-00.30.16:484][586]LogOutputDevice: Error: UE4Editor-CoreUObject.dll!0x00000000A776CF94
[2017.09.19-00.30.16:484][586]LogOutputDevice: Error: UE4Editor-CoreUObject.dll!0x00000000A77454D2
[2017.09.19-00.30.16:484][586]LogOutputDevice: Error: UE4Editor-CoreUObject.dll!0x00000000A772E99E
[2017.09.19-00.30.16:484][586]LogOutputDevice: Error: UE4Editor-CoreUObject.dll!0x00000000A77454D2
[2017.09.19-00.30.16:484][586]LogOutputDevice: Error: UE4Editor-CoreUObject.dll!0x00000000A772E99E
[2017.09.19-00.30.16:484][586]LogOutputDevice: Error: UE4Editor-CoreUObject.dll!0x00000000A77454D2
[2017.09.19-00.30.16:484][586]LogOutputDevice: Error: UE4Editor-CoreUObject.dll!0x00000000A772E99E
[2017.09.19-00.30.16:484][586]LogOutputDevice: Error: UE4Editor-CoreUObject.dll!0x00000000A77454D2
[2017.09.19-00.30.16:484][586]LogOutputDevice: Error: UE4Editor-CoreUObject.dll!0x00000000A756EF44
[2017.09.19-00.30.16:484][586]LogOutputDevice: Error: UE4Editor-CoreUObject.dll!0x00000000A7744865
[2017.09.19-00.30.16:484][586]LogOutputDevice: Error: UE4Editor-Engine.dll!0x00000000A033B217
[2017.09.19-00.30.16:484][586]LogOutputDevice: Error: UE4Editor-Engine.dll!0x00000000A14E57A7
[2017.09.19-00.30.16:484][586]LogOutputDevice: Error: UE4Editor-Engine.dll!0x00000000A02FDC0F
[2017.09.19-00.30.16:484][586]LogOutputDevice: Error: UE4Editor-Engine.dll!0x00000000A030ABAB
[2017.09.19-00.30.16:484][586]LogOutputDevice: Error: UE4Editor-Engine.dll!0x00000000A14CA4D1
[2017.09.19-00.30.16:484][586]LogOutputDevice: Error: UE4Editor-Engine.dll!0x00000000A0A460DC
[2017.09.19-00.30.16:484][586]LogOutputDevice: Error: UE4Editor-Engine.dll!0x00000000A0A62CA3
[2017.09.19-00.30.16:484][586]LogOutputDevice: Error: UE4Editor-Engine.dll!0x00000000A0A673A3
[2017.09.19-00.30.16:484][586]LogOutputDevice: Error: UE4Editor-Engine.dll!0x00000000A14B5C7E
[2017.09.19-00.30.16:484][586]LogOutputDevice: Error: UE4Editor-Engine.dll!0x00000000A0A67B26
[2017.09.19-00.30.16:484][586]LogOutputDevice: Error: UE4Editor-UnrealEd.dll!0x00000000AAA3A70C
[2017.09.19-00.30.16:484][586]LogOutputDevice: Error: UE4Editor-UnrealEd.dll!0x00000000AAA650EE
[2017.09.19-00.30.16:484][586]LogOutputDevice: Error: UE4Editor-UnrealEd.dll!0x00000000AAA80C34
[2017.09.19-00.30.16:484][586]LogOutputDevice: Error: UE4Editor-UnrealEd.dll!0x00000000AA4EBDB8
[2017.09.19-00.30.16:484][586]LogOutputDevice: Error: UE4Editor-UnrealEd.dll!0x00000000AAD7CEE6
[2017.09.19-00.30.16:484][586]LogOutputDevice: Error: UE4Editor.exe!0x0000000050B2534A
[2017.09.19-00.30.16:484][586]LogOutputDevice: Error: UE4Editor.exe!0x0000000050B33970
[2017.09.19-00.30.16:484][586]LogOutputDevice: Error: UE4Editor.exe!0x0000000050B339EA
[2017.09.19-00.30.16:484][586]LogOutputDevice: Error: UE4Editor.exe!0x0000000050B402D9
[2017.09.19-00.30.16:484][586]LogOutputDevice: Error: UE4Editor.exe!0x0000000050B41C47
[2017.09.19-00.30.16:484][586]LogOutputDevice: Error: KERNEL32.DLL!0x00000000F07C8364
[2017.09.19-00.30.16:485][586]LogOutputDevice: Error: ntdll.dll!0x00000000F31E7091
[2017.09.19-00.30.16:485][586]LogOutputDevice: Error: 
[2017.09.19-00.30.16:486][586]LogStats:                SubmitErrorReport -  0.000 s
[2017.09.19-00.30.21:378][586]LogStats:                    SendNewReport -  4.892 s
[2017.09.19-00.30.21:378][586]LogStats:             FDebug::EnsureFailed -  5.603 s
[2017.09.19-00.30.21:378][586]LogUnrealMath: Error: FMatrix::InverseFast(), trying to invert a NIL matrix, this results in NaNs! Use Inverse() instead.
[2017.09.19-00.30.21:378][586]LogUnrealMath: Error: FMatrix::InverseFast(), trying to invert a NIL matrix, this results in NaNs! Use Inverse() instead.
[2017.09.19-00.30.21:378][586]LogUnrealMath: Error: FMatrix::InverseFast(), trying to invert a NIL matrix, this results in NaNs! Use Inverse() instead.
[2017.09.19-00.30.21:410][586]LogBlueprint: Warning: SetRelativeScale3D : Invalid Scale entered (X=-nan(ind) Y=-nan(ind) Z=70.000). Resetting to 1.f.
[2017.09.19-00.30.21:515][586]LogUnrealMath: Error: FMatrix::InverseFast(), trying to invert a NIL matrix, this results in NaNs! Use Inverse() instead.
[2017.09.19-00.30.21:515][586]LogUnrealMath: Error: FMatrix::InverseFast(), trying to invert a NIL matrix, this results in NaNs! Use Inverse() instead.
[2017.09.19-00.30.21:515][586]LogUnrealMath: Error: FMatrix::InverseFast(), trying to invert a NIL matrix, this results in NaNs! Use Inverse() instead.
[2017.09.19-00.30.21:515][586]LogUnrealMath: Error: FMatrix::InverseFast(), trying to invert a NIL matrix, this results in NaNs! Use Inverse() instead.
[2017.09.19-00.30.21:515][586]LogBlueprint: Warning: SetRelativeScale3D : Invalid Scale entered (X=-nan(ind) Y=-nan(ind) Z=70.000). Resetting to 1.f.
[2017.09.19-00.30.21:516][586]LogGameState: Match State Changed from WaitingToStart to InProgress
[2017.09.19-00.30.21:581][586]PIE: Play in editor start time for /Game/VirtualRealityBP/Maps/UEDPIE_0_MotionControllerMap 7.446
[2017.09.19-00.30.21:596][586]LogBlueprintUserMessages: Late PlayInEditor Detection: Level '/Game/VirtualRealityBP/Maps/MotionControllerMap.MotionControllerMap:PersistentLevel' has LevelScriptBlueprint '/Game/VirtualRealityBP/Maps/MotionControllerMap.MotionControllerMap:PersistentLevel.MotionControllerMap' with GeneratedClass '/Game/VirtualRealityBP/Maps/MotionControllerMap.MotionControllerMap_C' with ClassGeneratedBy '/Game/VirtualRealityBP/Maps/MotionControllerMap.MotionControllerMap:PersistentLevel.MotionControllerMap'
[2017.09.19-00.30.22:329][586]LogAnsel: We reckon 0.010000 meters to 1 world unit
[2017.09.19-00.30.22:392][587]LogRenderer: Reallocating scene render targets to support 3024x1680 Format 26 NumSamples 1 (Frame:1).
[2017.09.19-00.30.30:493][280]LogSteamVRController: Controller role for device 3 is 0 (invalid=0, left=1, right=2).
[2017.09.19-00.30.30:493][280]LogSteamVRController: Warning: Controller device 3 has no role set.  There is no 'right' controller according to steamvr, so we are pickign that.
[2017.09.19-00.30.31:386][360]LogSteamVRController: Controller role for device 4 is 0 (invalid=0, left=1, right=2).
[2017.09.19-00.30.31:386][360]LogSteamVRController: Putting controller 4 on the left hand because there is already a controller for the right.
[2017.09.19-00.30.49:283][952]LogBlueprintUserMessages: Early EndPlayMap Detection: Level '/Game/VirtualRealityBP/Maps/MotionControllerMap.MotionControllerMap:PersistentLevel' has LevelScriptBlueprint '/Game/VirtualRealityBP/Maps/MotionControllerMap.MotionControllerMap:PersistentLevel.MotionControllerMap' with GeneratedClass '/Game/VirtualRealityBP/Maps/MotionControllerMap.MotionControllerMap_C' with ClassGeneratedBy '/Game/VirtualRealityBP/Maps/MotionControllerMap.MotionControllerMap:PersistentLevel.MotionControllerMap'
[2017.09.19-00.30.49:510][952]LogBlueprintUserMessages: Late EndPlayMap Detection: Level '/Game/VirtualRealityBP/Maps/MotionControllerMap.MotionControllerMap:PersistentLevel' has LevelScriptBlueprint '/Game/VirtualRealityBP/Maps/MotionControllerMap.MotionControllerMap:PersistentLevel.MotionControllerMap' with GeneratedClass '/Game/VirtualRealityBP/Maps/MotionControllerMap.MotionControllerMap_C' with ClassGeneratedBy '/Game/VirtualRealityBP/Maps/MotionControllerMap.MotionControllerMap:PersistentLevel.MotionControllerMap'
[2017.09.19-00.30.54:032][265]BlueprintLog: New page: Compile MotionControllerPawn
[2017.09.19-00.30.55:193][295]LogSavePackage: Save=299.80ms
[2017.09.19-00.30.55:193][295]LogSavePackage: Moving '../../../../../Unreal Projects/Plan-X/PlanX/Saved/MotionControllerPawnCF5B8FF04B9697458D3AAD90C687F2CB.tmp' to '../../../../../Unreal Projects/Plan-X/PlanX/Content/VirtualRealityBP/Blueprints/MotionControllerPawn.uasset'
[2017.09.19-00.30.55:194][295]LogSavePackage: Display: Finished SavePackage ../../../../../Unreal Projects/Plan-X/PlanX/Content/VirtualRealityBP/Blueprints/MotionControllerPawn.uasset
[2017.09.19-00.30.57:642][471]BlueprintLog: New page: Compile MotionControllerPawn
[2017.09.19-00.30.59:272][536]LogSavePackage: Save=290.76ms
[2017.09.19-00.30.59:272][536]LogSavePackage: Moving '../../../../../Unreal Projects/Plan-X/PlanX/Saved/MotionControllerPawn379735D241699E97108F2B8837B3AF63.tmp' to '../../../../../Unreal Projects/Plan-X/PlanX/Content/VirtualRealityBP/Blueprints/MotionControllerPawn.uasset'
[2017.09.19-00.30.59:273][536]LogSavePackage: Display: Finished SavePackage ../../../../../Unreal Projects/Plan-X/PlanX/Content/VirtualRealityBP/Blueprints/MotionControllerPawn.uasset
[2017.09.19-00.31.01:480][707]LogSavePackage: Save=140.95ms
[2017.09.19-00.31.01:480][707]LogSavePackage: Moving '../../../../../Unreal Projects/Plan-X/PlanX/Saved/MotionControllerMap7F30CA174B21AB2BBB9D8BB9C1A0068F.tmp' to '../../../../../Unreal Projects/Plan-X/PlanX/Content/VirtualRealityBP/Maps/MotionControllerMap.umap'
[2017.09.19-00.31.01:485][707]LogSavePackage: Display: Finished SavePackage ../../../../../Unreal Projects/Plan-X/PlanX/Content/VirtualRealityBP/Maps/MotionControllerMap.umap
[2017.09.19-00.31.01:889][707]LogSavePackage: Save=228.59ms
[2017.09.19-00.31.01:889][707]LogSavePackage: Moving '../../../../../Unreal Projects/Plan-X/PlanX/Saved/MotionControllerMap_BuiltData1B26E01346A07543F3BE8398ED207026.tmp' to '../../../../../Unreal Projects/Plan-X/PlanX/Content/VirtualRealityBP/Maps/MotionControllerMap_BuiltData.uasset'
[2017.09.19-00.31.01:890][707]LogSavePackage: Display: Finished SavePackage ../../../../../Unreal Projects/Plan-X/PlanX/Content/VirtualRealityBP/Maps/MotionControllerMap_BuiltData.uasset
[2017.09.19-00.31.16:205][202]LogSavePackage: Save=125.60ms
[2017.09.19-00.31.16:205][202]LogSavePackage: Moving '../../../../../Unreal Projects/Plan-X/PlanX/Saved/MotionControllerMap290AAEC74B002864DDE32BBC66B3697E.tmp' to '../../../../../Unreal Projects/Plan-X/PlanX/Content/VirtualRealityBP/Maps/MotionControllerMap.umap'
[2017.09.19-00.31.16:208][202]LogSavePackage: Display: Finished SavePackage ../../../../../Unreal Projects/Plan-X/PlanX/Content/VirtualRealityBP/Maps/MotionControllerMap.umap
[2017.09.19-00.31.16:390][202]LogSavePackage: Save=138.98ms
[2017.09.19-00.31.16:390][202]LogSavePackage: Moving '../../../../../Unreal Projects/Plan-X/PlanX/Saved/MotionControllerMap_BuiltData8F3F4AD54419E71154655097378BDBEB.tmp' to '../../../../../Unreal Projects/Plan-X/PlanX/Content/VirtualRealityBP/Maps/MotionControllerMap_BuiltData.uasset'
[2017.09.19-00.31.16:392][202]LogSavePackage: Display: Finished SavePackage ../../../../../Unreal Projects/Plan-X/PlanX/Content/VirtualRealityBP/Maps/MotionControllerMap_BuiltData.uasset
[2017.09.19-00.31.17:027][256]LogSavePackage: Save=127.70ms
[2017.09.19-00.31.17:027][256]LogSavePackage: Moving '../../../../../Unreal Projects/Plan-X/PlanX/Saved/MotionControllerMap29642C64490B492E74962489BECD6BCF.tmp' to '../../../../../Unreal Projects/Plan-X/PlanX/Content/VirtualRealityBP/Maps/MotionControllerMap.umap'
[2017.09.19-00.31.17:028][256]LogSavePackage: Display: Finished SavePackage ../../../../../Unreal Projects/Plan-X/PlanX/Content/VirtualRealityBP/Maps/MotionControllerMap.umap
[2017.09.19-00.31.17:245][256]LogSavePackage: Save=145.24ms
[2017.09.19-00.31.17:245][256]LogSavePackage: Moving '../../../../../Unreal Projects/Plan-X/PlanX/Saved/MotionControllerMap_BuiltData0060026648D15E1DDD58A0A6CE390146.tmp' to '../../../../../Unreal Projects/Plan-X/PlanX/Content/VirtualRealityBP/Maps/MotionControllerMap_BuiltData.uasset'
[2017.09.19-00.31.17:247][256]LogSavePackage: Display: Finished SavePackage ../../../../../Unreal Projects/Plan-X/PlanX/Content/VirtualRealityBP/Maps/MotionControllerMap_BuiltData.uasset
[2017.09.19-00.31.18:599][405]LogBlueprintUserMessages: Early PlayInEditor Detection: Level '/Game/VirtualRealityBP/Maps/MotionControllerMap.MotionControllerMap:PersistentLevel' has LevelScriptBlueprint '/Game/VirtualRealityBP/Maps/MotionControllerMap.MotionControllerMap:PersistentLevel.MotionControllerMap' with GeneratedClass '/Game/VirtualRealityBP/Maps/MotionControllerMap.MotionControllerMap_C' with ClassGeneratedBy '/Game/VirtualRealityBP/Maps/MotionControllerMap.MotionControllerMap:PersistentLevel.MotionControllerMap'
[2017.09.19-00.31.18:599][405]LogPlayLevel: PlayLevel: No blueprints needed recompiling
[2017.09.19-00.31.18:599][405]PIE: New page: PIE session: MotionControllerMap (Sep 18, 2017, 4:31:18 PM)
[2017.09.19-00.31.18:599][405]LogPlayLevel: Creating play world package: /Game/VirtualRealityBP/Maps/UEDPIE_0_MotionControllerMap
[2017.09.19-00.31.18:609][405]LogPlayLevel: PIE: StaticDuplicateObject took: (0.010024s)
[2017.09.19-00.31.18:610][405]LogAIModule: Creating AISystem for world MotionControllerMap
[2017.09.19-00.31.18:610][405]LogPlayLevel: PIE: World Init took: (0.000862s)
[2017.09.19-00.31.18:610][405]LogPlayLevel: PIE: Created PIE world by copying editor world from /Game/VirtualRealityBP/Maps/MotionControllerMap.MotionControllerMap to /Game/VirtualRealityBP/Maps/UEDPIE_0_MotionControllerMap.MotionControllerMap (0.011140s)
[2017.09.19-00.31.18:669][405]LogInit: XAudio2 using 'REAL SPEAKERS!!!!!!!!!! (Realtek High Definition Audio)' : 2 channels at 48 kHz using 32 bits per sample (channel mask 0x3)
[2017.09.19-00.31.18:679][405]LogInit: FAudioDevice initialized.
[2017.09.19-00.31.18:776][405]LogLoad: Game class is 'GameMode'
[2017.09.19-00.31.18:779][405]LogWorld: Bringing World /Game/VirtualRealityBP/Maps/UEDPIE_0_MotionControllerMap.MotionControllerMap up for play (max tick rate 0) at 2017.09.18-20.31.18
[2017.09.19-00.31.18:779][405]LogWorld: Bringing up level for play took: 0.002706
[2017.09.19-00.31.18:780][405]LogGameMode: Display: Match State Changed from EnteringMap to WaitingToStart
[2017.09.19-00.31.18:780][405]LogGameState: Match State Changed from EnteringMap to WaitingToStart
[2017.09.19-00.31.18:780][405]LogGameMode: Display: Match State Changed from WaitingToStart to InProgress
[2017.09.19-00.31.18:782][405]LogGameState: Match State Changed from WaitingToStart to InProgress
[2017.09.19-00.31.18:789][405]PIE: Play in editor start time for /Game/VirtualRealityBP/Maps/UEDPIE_0_MotionControllerMap 0.654
[2017.09.19-00.31.18:789][405]LogBlueprintUserMessages: Late PlayInEditor Detection: Level '/Game/VirtualRealityBP/Maps/MotionControllerMap.MotionControllerMap:PersistentLevel' has LevelScriptBlueprint '/Game/VirtualRealityBP/Maps/MotionControllerMap.MotionControllerMap:PersistentLevel.MotionControllerMap' with GeneratedClass '/Game/VirtualRealityBP/Maps/MotionControllerMap.MotionControllerMap_C' with ClassGeneratedBy '/Game/VirtualRealityBP/Maps/MotionControllerMap.MotionControllerMap:PersistentLevel.MotionControllerMap'
[2017.09.19-00.32.46:637][256]Set new viewmode: Wireframe
[2017.09.19-00.32.47:310][318]LogBlueprintUserMessages: Early EndPlayMap Detection: Level '/Game/VirtualRealityBP/Maps/MotionControllerMap.MotionControllerMap:PersistentLevel' has LevelScriptBlueprint '/Game/VirtualRealityBP/Maps/MotionControllerMap.MotionControllerMap:PersistentLevel.MotionControllerMap' with GeneratedClass '/Game/VirtualRealityBP/Maps/MotionControllerMap.MotionControllerMap_C' with ClassGeneratedBy '/Game/VirtualRealityBP/Maps/MotionControllerMap.MotionControllerMap:PersistentLevel.MotionControllerMap'
[2017.09.19-00.32.47:523][318]LogBlueprintUserMessages: Late EndPlayMap Detection: Level '/Game/VirtualRealityBP/Maps/MotionControllerMap.MotionControllerMap:PersistentLevel' has LevelScriptBlueprint '/Game/VirtualRealityBP/Maps/MotionControllerMap.MotionControllerMap:PersistentLevel.MotionControllerMap' with GeneratedClass '/Game/VirtualRealityBP/Maps/MotionControllerMap.MotionControllerMap_C' with ClassGeneratedBy '/Game/VirtualRealityBP/Maps/MotionControllerMap.MotionControllerMap:PersistentLevel.MotionControllerMap'
[2017.09.19-00.32.49:200][464]LogSavePackage: Save=130.02ms
[2017.09.19-00.32.49:200][464]LogSavePackage: Moving '../../../../../Unreal Projects/Plan-X/PlanX/Saved/MotionControllerMap424D76F444BA3F4B6D6B53A33597A483.tmp' to '../../../../../Unreal Projects/Plan-X/PlanX/Content/VirtualRealityBP/Maps/MotionControllerMap.umap'
[2017.09.19-00.32.49:202][464]LogSavePackage: Display: Finished SavePackage ../../../../../Unreal Projects/Plan-X/PlanX/Content/VirtualRealityBP/Maps/MotionControllerMap.umap
[2017.09.19-00.32.49:390][464]LogSavePackage: Save=143.33ms
[2017.09.19-00.32.49:390][464]LogSavePackage: Moving '../../../../../Unreal Projects/Plan-X/PlanX/Saved/MotionControllerMap_BuiltData097143A74309870FDE6EBAAA36847FFF.tmp' to '../../../../../Unreal Projects/Plan-X/PlanX/Content/VirtualRealityBP/Maps/MotionControllerMap_BuiltData.uasset'
[2017.09.19-00.32.49:391][464]LogSavePackage: Display: Finished SavePackage ../../../../../Unreal Projects/Plan-X/PlanX/Content/VirtualRealityBP/Maps/MotionControllerMap_BuiltData.uasset
[2017.09.19-00.32.50:324][547]LogWindowsTextInputMethodSystem: Display: IME system now deactivated.
[2017.09.19-00.32.50:630][548]Cmd: QUIT_EDITOR
[2017.09.19-00.32.50:887][548]LogExit: Preparing to exit.
[2017.09.19-00.32.51:397][548]LogDirectoryWatcher: A directory notification for 'Q:/Unreal Projects/Plan-X/PlanX/Content/' was aborted.
[2017.09.19-00.32.51:486][548]LogExit: Editor shut down
[2017.09.19-00.32.51:491][548]LogExit: Transaction tracking system shut down
[2017.09.19-00.32.51:678][548]LogDirectoryWatcher: A directory notification for '../../../Engine/Content/' was aborted.
[2017.09.19-00.32.51:678][548]LogDirectoryWatcher: A directory notification for '../../../../../Unreal Projects/Plan-X/PlanX/Content/' was aborted.
[2017.09.19-00.32.51:679][548]LogDirectoryWatcher: A directory notification for '../../../Engine/Plugins/Runtime/Oculus/OculusVR/Content/' was aborted.
[2017.09.19-00.32.51:679][548]LogDirectoryWatcher: A directory notification for '../../../Engine/Plugins/Runtime/Steam/SteamVR/Content/' was aborted.
[2017.09.19-00.32.51:786][548]LogExit: Object subsystem successfully closed.
[2017.09.19-00.32.51:807][548]LogD3D11RHI: Shutdown
[2017.09.19-00.32.51:807][548]LogD3D11RHI: CleanupD3DDevice
[2017.09.19-00.32.51:810][548]LogD3D11RHI: ~FD3D11DynamicRHI
[2017.09.19-00.32.51:824][548]LogModuleManager: Shutting down and abandoning module MovieSceneCapture (528)
[2017.09.19-00.32.51:824][548]LogModuleManager: Shutting down and abandoning module BlueprintGraph (526)
[2017.09.19-00.32.51:824][548]LogModuleManager: Shutting down and abandoning module BlueprintProfiler (524)
[2017.09.19-00.32.51:829][548]LogModuleManager: Shutting down and abandoning module HierarchicalLODOutliner (522)
[2017.09.19-00.32.51:829][548]LogModuleManager: Shutting down and abandoning module SceneOutliner (520)
[2017.09.19-00.32.51:829][548]LogModuleManager: Shutting down and abandoning module AddContentDialog (518)
[2017.09.19-00.32.51:829][548]LogDirectoryWatcher: A directory notification for 'Q:/Unreal Engine/UE_4.17/FeaturePacks/' was aborted.
[2017.09.19-00.32.51:831][548]LogModuleManager: Shutting down and abandoning module WidgetCarousel (517)
[2017.09.19-00.32.51:831][548]LogModuleManager: Shutting down and abandoning module EditorWidgets (514)
[2017.09.19-00.32.51:831][548]LogModuleManager: Shutting down and abandoning module CollectionManager (512)
[2017.09.19-00.32.51:831][548]LogDirectoryWatcher: A directory notification for 'Q:/Unreal Projects/Plan-X/PlanX/Content/Collections/' was aborted.
[2017.09.19-00.32.51:831][548]LogDirectoryWatcher: A directory notification for 'Q:/Unreal Projects/Plan-X/PlanX/Content/Developers/RobertForbes/Collections/' was aborted.
[2017.09.19-00.32.51:831][548]LogDirectoryWatcher: A directory notification for 'Q:/Unreal Projects/Plan-X/PlanX/Saved/Collections/' was aborted.
[2017.09.19-00.32.51:831][548]LogModuleManager: Shutting down and abandoning module StatsViewer (510)
[2017.09.19-00.32.51:831][548]LogModuleManager: Shutting down and abandoning module FoliageEdit (508)
[2017.09.19-00.32.51:831][548]LogModuleManager: Shutting down and abandoning module LandscapeEditor (506)
[2017.09.19-00.32.51:832][548]LogModuleManager: Shutting down and abandoning module MeshPaintMode (504)
[2017.09.19-00.32.51:832][548]LogModuleManager: Shutting down and abandoning module MeshPaint (503)
[2017.09.19-00.32.51:832][548]LogModuleManager: Shutting down and abandoning module SceneDepthPickerMode (500)
[2017.09.19-00.32.51:832][548]LogModuleManager: Shutting down and abandoning module ActorPickerMode (498)
[2017.09.19-00.32.51:832][548]LogModuleManager: Shutting down and abandoning module GeometryMode (496)
[2017.09.19-00.32.51:832][548]LogModuleManager: Shutting down and abandoning module TextureAlignMode (494)
[2017.09.19-00.32.51:832][548]LogModuleManager: Shutting down and abandoning module BspMode (492)
[2017.09.19-00.32.51:832][548]LogModuleManager: Shutting down and abandoning module PIEPreviewDeviceProfileSelector (490)
[2017.09.19-00.32.51:832][548]LogModuleManager: Shutting down and abandoning module HardwareSurvey (488)
[2017.09.19-00.32.51:832][548]LogModuleManager: Shutting down and abandoning module SequenceRecorderSections (486)
[2017.09.19-00.32.51:832][548]LogModuleManager: Shutting down and abandoning module AutomationWorker (484)
[2017.09.19-00.32.51:832][548]LogModuleManager: Shutting down and abandoning module MatineeToLevelSequence (482)
[2017.09.19-00.32.51:832][548]LogModuleManager: Shutting down and abandoning module LevelSequenceEditor (480)
[2017.09.19-00.32.51:832][548]LogModuleManager: Shutting down and abandoning module PlacementMode (479)
[2017.09.19-00.32.51:832][548]LogModuleManager: Shutting down and abandoning module WmfMediaFactory (476)
[2017.09.19-00.32.51:832][548]LogModuleManager: Shutting down and abandoning module WmfMediaEditor (474)
[2017.09.19-00.32.51:832][548]LogModuleManager: Shutting down and abandoning module AvfMediaFactory (472)
[2017.09.19-00.32.51:832][548]LogModuleManager: Shutting down and abandoning module AvfMediaEditor (470)
[2017.09.19-00.32.51:832][548]LogModuleManager: Shutting down and abandoning module AndroidMediaFactory (468)
[2017.09.19-00.32.51:832][548]LogModuleManager: Shutting down and abandoning module Media (467)
[2017.09.19-00.32.51:832][548]LogModuleManager: Shutting down and abandoning module AndroidMediaEditor (464)
[2017.09.19-00.32.51:832][548]LogModuleManager: Shutting down and abandoning module CharacterAI (462)
[2017.09.19-00.32.51:832][548]LogModuleManager: Shutting down and abandoning module AudioCapture (460)
[2017.09.19-00.32.51:832][548]LogModuleManager: Shutting down and abandoning module SequenceRecorder (459)
[2017.09.19-00.32.51:832][548]LogModuleManager: Shutting down and abandoning module SessionServices (456)
[2017.09.19-00.32.51:832][548]LogModuleManager: Shutting down and abandoning module ViewportSnapping (454)
[2017.09.19-00.32.51:832][548]LogModuleManager: Shutting down and abandoning module ViewportInteraction (452)
[2017.09.19-00.32.51:832][548]LogModuleManager: Shutting down and abandoning module ClothPainter (450)
[2017.09.19-00.32.51:832][548]LogModuleManager: Shutting down and abandoning module LogVisualizer (448)
[2017.09.19-00.32.51:832][548]LogModuleManager: Shutting down and abandoning module IntroTutorials (446)
[2017.09.19-00.32.51:832][548]LogModuleManager: Shutting down and abandoning module GameProjectGeneration (445)
[2017.09.19-00.32.51:832][548]LogModuleManager: Shutting down and abandoning module IOSPlatformEditor (442)
[2017.09.19-00.32.51:832][548]LogModuleManager: Shutting down and abandoning module HTML5PlatformEditor (440)
[2017.09.19-00.32.51:832][548]LogModuleManager: Shutting down and abandoning module AndroidPlatformEditor (438)
[2017.09.19-00.32.51:832][548]LogModuleManager: Shutting down and abandoning module AndroidDeviceDetection (437)
[2017.09.19-00.32.52:190][548]LogModuleManager: Shutting down and abandoning module WindowsPlatformEditor (434)
[2017.09.19-00.32.52:190][548]LogModuleManager: Shutting down and abandoning module IOSRuntimeSettings (432)
[2017.09.19-00.32.52:190][548]LogModuleManager: Shutting down and abandoning module AndroidRuntimeSettings (430)
[2017.09.19-00.32.52:190][548]LogModuleManager: Shutting down and abandoning module InputBindingEditor (428)
[2017.09.19-00.32.52:190][548]LogModuleManager: Shutting down and abandoning module MergeActors (426)
[2017.09.19-00.32.52:190][548]LogModuleManager: Shutting down and abandoning module SizeMap (424)
[2017.09.19-00.32.52:190][548]LogModuleManager: Shutting down and abandoning module TreeMap (422)
[2017.09.19-00.32.52:190][548]LogModuleManager: Shutting down and abandoning module ReferenceViewer (420)
[2017.09.19-00.32.52:190][548]LogModuleManager: Shutting down and abandoning module LocalizationDashboard (418)
[2017.09.19-00.32.52:191][548]LogModuleManager: Shutting down and abandoning module LocalizationService (417)
[2017.09.19-00.32.52:191][548]LogModuleManager: Shutting down and abandoning module HardwareTargeting (414)
[2017.09.19-00.32.52:191][548]LogModuleManager: Shutting down and abandoning module DeviceProfileEditor (412)
[2017.09.19-00.32.52:191][548]LogModuleManager: Shutting down and abandoning module UndoHistory (410)
[2017.09.19-00.32.52:191][548]LogModuleManager: Shutting down and abandoning module XmlParser (408)
[2017.09.19-00.32.52:191][548]LogModuleManager: Shutting down and abandoning module Blutility (406)
[2017.09.19-00.32.52:191][548]LogModuleManager: Shutting down and abandoning module ProjectSettingsViewer (404)
[2017.09.19-00.32.52:191][548]LogModuleManager: Shutting down and abandoning module ProjectTargetPlatformEditor (403)
[2017.09.19-00.32.52:191][548]LogModuleManager: Shutting down and abandoning module EditorSettingsViewer (400)
[2017.09.19-00.32.52:191][548]LogModuleManager: Shutting down and abandoning module SettingsEditor (398)
[2017.09.19-00.32.52:191][548]LogModuleManager: Shutting down and abandoning module ProjectLauncher (396)
[2017.09.19-00.32.52:191][548]LogModuleManager: Shutting down and abandoning module SessionFrontend (394)
[2017.09.19-00.32.52:191][548]LogModuleManager: Shutting down and abandoning module ProfilerClient (392)
[2017.09.19-00.32.52:191][548]LogModuleManager: Shutting down and abandoning module DeviceManager (390)
[2017.09.19-00.32.52:191][548]LogModuleManager: Shutting down and abandoning module TargetDeviceServices (389)
[2017.09.19-00.32.52:245][548]LogModuleManager: Shutting down and abandoning module AutomationController (386)
[2017.09.19-00.32.52:245][548]LogModuleManager: Shutting down and abandoning module AutomationWindow (384)
[2017.09.19-00.32.52:245][548]LogModuleManager: Shutting down and abandoning module Layers (382)
[2017.09.19-00.32.52:245][548]LogModuleManager: Shutting down and abandoning module ComponentVisualizers (380)
[2017.09.19-00.32.52:245][548]LogModuleManager: Shutting down and abandoning module DetailCustomizations (378)
[2017.09.19-00.32.52:246][548]LogModuleManager: Shutting down and abandoning module PackagesDialog (376)
[2017.09.19-00.32.52:246][548]LogModuleManager: Shutting down and abandoning module Persona (374)
[2017.09.19-00.32.52:246][548]LogModuleManager: Shutting down and abandoning module AdvancedPreviewScene (373)
[2017.09.19-00.32.52:246][548]LogModuleManager: Shutting down and abandoning module AnimGraph (371)
[2017.09.19-00.32.52:246][548]LogModuleManager: Shutting down and abandoning module Kismet (368)
[2017.09.19-00.32.52:253][548]LogModuleManager: Shutting down and abandoning module LevelEditor (367)
[2017.09.19-00.32.52:254][548]LogModuleManager: Shutting down and abandoning module PixelInspectorModule (366)
[2017.09.19-00.32.52:254][548]LogModuleManager: Shutting down and abandoning module ClassViewer (362)
[2017.09.19-00.32.52:254][548]LogModuleManager: Shutting down and abandoning module Toolbox (360)
[2017.09.19-00.32.52:254][548]LogModuleManager: Shutting down and abandoning module ModuleUI (358)
[2017.09.19-00.32.52:254][548]LogModuleManager: Shutting down and abandoning module MovieSceneTools (356)
[2017.09.19-00.32.52:254][548]LogModuleManager: Shutting down and abandoning module OutputLog (354)
[2017.09.19-00.32.52:254][548]LogModuleManager: Shutting down and abandoning module GammaUI (352)
[2017.09.19-00.32.52:254][548]LogModuleManager: Shutting down and abandoning module Documentation (350)
[2017.09.19-00.32.52:254][548]LogModuleManager: Shutting down and abandoning module MovieSceneTracks (348)
[2017.09.19-00.32.52:254][548]LogModuleManager: Shutting down and abandoning module MovieScene (346)
[2017.09.19-00.32.52:254][548]LogModuleManager: Shutting down and abandoning module Niagara (344)
[2017.09.19-00.32.52:254][548]LogModuleManager: Shutting down and abandoning module NiagaraEditor (343)
[2017.09.19-00.32.52:254][548]LogModuleManager: Shutting down and abandoning module StreamingPauseRendering (340)
[2017.09.19-00.32.52:254][548]LogModuleManager: Shutting down and abandoning module LauncherPlatform (338)
[2017.09.19-00.32.52:254][548]LogModuleManager: Shutting down and abandoning module AnalyticsET (336)
[2017.09.19-00.32.52:254][548]LogModuleManager: Shutting down and abandoning module PortalServices (334)
[2017.09.19-00.32.52:254][548]LogModuleManager: Shutting down and abandoning module PortalRpc (332)
[2017.09.19-00.32.52:254][548]LogModuleManager: Shutting down and abandoning module MessagingRpc (330)
[2017.09.19-00.32.52:254][548]LogModuleManager: Shutting down and abandoning module AIModule (328)
[2017.09.19-00.32.52:254][548]LogModuleManager: Shutting down and abandoning module GameplayDebugger (327)
[2017.09.19-00.32.52:254][548]LogModuleManager: Shutting down and abandoning module AITestSuite (325)
[2017.09.19-00.32.52:254][548]LogModuleManager: Shutting down and abandoning module ProfilerService (322)
[2017.09.19-00.32.52:312][548]LogModuleManager: Shutting down and abandoning module TaskGraph (320)
[2017.09.19-00.32.52:312][548]LogModuleManager: Shutting down and abandoning module SteamVRController (318)
[2017.09.19-00.32.52:312][548]LogModuleManager: Shutting down and abandoning module ProceduralMeshComponentEditor (316)
[2017.09.19-00.32.52:312][548]LogModuleManager: Shutting down and abandoning module ProceduralMeshComponent (314)
[2017.09.19-00.32.52:312][548]LogModuleManager: Shutting down and abandoning module OculusInput (312)
[2017.09.19-00.32.52:312][548]LogModuleManager: Shutting down and abandoning module Ansel (310)
[2017.09.19-00.32.52:312][548]LogModuleManager: Shutting down and abandoning module MobilePatchingUtils (308)
[2017.09.19-00.32.52:312][548]LogModuleManager: Shutting down and abandoning module CustomMeshComponent (306)
[2017.09.19-00.32.52:312][548]LogModuleManager: Shutting down and abandoning module CableComponent (304)
[2017.09.19-00.32.52:312][548]LogModuleManager: Shutting down and abandoning module ArchVisCharacter (302)
[2017.09.19-00.32.52:312][548]LogModuleManager: Shutting down and abandoning module AndroidPermission (300)
[2017.09.19-00.32.52:312][548]LogModuleManager: Shutting down and abandoning module MediaPlayerEditor (296)
[2017.09.19-00.32.52:312][548]LogModuleManager: Shutting down and abandoning module HTML5Networking (294)
[2017.09.19-00.32.52:312][548]LogModuleManager: Shutting down and abandoning module AlembicImporter (292)
[2017.09.19-00.32.52:312][548]LogModuleManager: Shutting down and abandoning module AlembicLibrary (291)
[2017.09.19-00.32.52:312][548]LogModuleManager: Shutting down and abandoning module GeometryCache (290)
[2017.09.19-00.32.52:312][548]LogModuleManager: Shutting down and abandoning module GeometryCacheEd (289)
[2017.09.19-00.32.52:312][548]LogModuleManager: Shutting down and abandoning module SpeedTreeImporter (284)
[2017.09.19-00.32.52:312][548]LogModuleManager: Shutting down and abandoning module PluginBrowser (282)
[2017.09.19-00.32.52:312][548]LogModuleManager: Shutting down and abandoning module MainFrame (281)
[2017.09.19-00.32.52:312][548]LogModuleManager: Shutting down and abandoning module MobileLauncherProfileWizard (278)
[2017.09.19-00.32.52:312][548]LogModuleManager: Shutting down and abandoning module VisualStudioSourceCodeAccess (276)
[2017.09.19-00.32.52:312][548]LogModuleManager: Shutting down and abandoning module DesktopPlatform (275)
[2017.09.19-00.32.52:312][548]LogModuleManager: Shutting down and abandoning module HotReload (273)
[2017.09.19-00.32.52:313][548]LogModuleManager: Shutting down and abandoning module UObjectPlugin (270)
[2017.09.19-00.32.52:313][548]LogModuleManager: Shutting down and abandoning module SubversionSourceControl (268)
[2017.09.19-00.32.52:313][548]LogModuleManager: Shutting down and abandoning module PerforceSourceControl (266)
[2017.09.19-00.32.52:313][548]LogModuleManager: Shutting down and abandoning module GitSourceControl (264)
[2017.09.19-00.32.52:313][548]LogModuleManager: Shutting down and abandoning module SourceControl (263)
[2017.09.19-00.32.52:313][548]LogModuleManager: Shutting down and abandoning module LightPropagationVolumeEditor (260)
[2017.09.19-00.32.52:313][548]LogModuleManager: Shutting down and abandoning module RuntimePhysXCooking (258)
[2017.09.19-00.32.52:313][548]LogModuleManager: Shutting down and abandoning module PhysXVehiclesEditor (256)
[2017.09.19-00.32.52:313][548]LogModuleManager: Shutting down and abandoning module PhysXVehicles (254)
[2017.09.19-00.32.52:313][548]LogModuleManager: Shutting down and abandoning module OculusEditor (252)
[2017.09.19-00.32.52:313][548]LogModuleManager: Shutting down and abandoning module LocationServicesBPLibrary (250)
[2017.09.19-00.32.52:313][548]LogModuleManager: Shutting down and abandoning module ImmediatePhysicsEditor (248)
[2017.09.19-00.32.52:313][548]LogModuleManager: Shutting down and abandoning module ImmediatePhysics (246)
[2017.09.19-00.32.52:313][548]LogModuleManager: Shutting down and abandoning module UdpMessaging (244)
[2017.09.19-00.32.52:414][548]LogModuleManager: Shutting down and abandoning module TcpMessaging (242)
[2017.09.19-00.32.52:514][548]LogModuleManager: Shutting down and abandoning module GameplayTagsEditor (240)
[2017.09.19-00.32.52:514][548]LogModuleManager: Shutting down and abandoning module FacialAnimationEditor (238)
[2017.09.19-00.32.52:514][548]LogModuleManager: Shutting down and abandoning module FacialAnimation (236)
[2017.09.19-00.32.52:514][548]LogModuleManager: Shutting down and abandoning module AssetManagerEditor (234)
[2017.09.19-00.32.52:514][548]LogModuleManager: Shutting down and abandoning module GraphEditor (233)
[2017.09.19-00.32.52:514][548]LogModuleManager: Shutting down and abandoning module ContentBrowser (231)
[2017.09.19-00.32.52:515][548]LogModuleManager: Shutting down and abandoning module LightPropagationVolumeRuntime (228)
[2017.09.19-00.32.52:515][548]LogModuleManager: Shutting down and abandoning module WindowsMoviePlayer (226)
[2017.09.19-00.32.52:515][548]LogModuleManager: Shutting down and abandoning module WmfMedia (224)
[2017.09.19-00.32.52:515][548]LogModuleManager: Shutting down and abandoning module PacketHandler (222)
[2017.09.19-00.32.52:515][548]LogModuleManager: Shutting down and abandoning module ClothingSystemEditor (220)
[2017.09.19-00.32.52:516][548]LogModuleManager: Shutting down and abandoning module ClothingSystemRuntime (218)
[2017.09.19-00.32.52:516][548]LogModuleManager: Shutting down and abandoning module Overlay (216)
[2017.09.19-00.32.52:516][548]LogModuleManager: Shutting down and abandoning module OverlayEditor (215)
[2017.09.19-00.32.52:516][548]LogModuleManager: Shutting down and abandoning module MediaAssets (212)
[2017.09.19-00.32.52:516][548]LogModuleManager: Shutting down and abandoning module VREditor (210)
[2017.09.19-00.32.52:516][548]LogModuleManager: Shutting down and abandoning module StringTableEditor (208)
[2017.09.19-00.32.52:516][548]LogModuleManager: Shutting down and abandoning module GameplayTasksEditor (206)
[2017.09.19-00.32.52:516][548]LogModuleManager: Shutting down and abandoning module BehaviorTreeEditor (204)
[2017.09.19-00.32.52:516][548]LogModuleManager: Shutting down and abandoning module FunctionalTesting (202)
[2017.09.19-00.32.52:516][548]LogModuleManager: Shutting down and abandoning module CollisionAnalyzer (200)
[2017.09.19-00.32.52:516][548]LogModuleManager: Shutting down and abandoning module WorkspaceMenuStructure (199)
[2017.09.19-00.32.52:516][548]LogModuleManager: Shutting down and abandoning module UMG (196)
[2017.09.19-00.32.52:516][548]LogModuleManager: Shutting down and abandoning module UMGEditor (195)
[2017.09.19-00.32.52:516][548]LogModuleManager: Shutting down and abandoning module Sequencer (194)
[2017.09.19-00.32.52:516][548]LogModuleManager: Shutting down and abandoning module MessageLog (191)
[2017.09.19-00.32.52:516][548]LogModuleManager: Shutting down and abandoning module SlateReflector (186)
[2017.09.19-00.32.52:516][548]LogModuleManager: Shutting down and abandoning module Slate (184)
[2017.09.19-00.32.52:516][548]LogModuleManager: Shutting down and abandoning module EditorStyle (182)
[2017.09.19-00.32.52:518][548]LogModuleManager: Shutting down and abandoning module MRMesh (180)
[2017.09.19-00.32.52:518][548]LogModuleManager: Shutting down and abandoning module SourceCodeAccess (178)
[2017.09.19-00.32.52:518][548]LogModuleManager: Shutting down and abandoning module HeadMountedDisplay (176)
[2017.09.19-00.32.52:518][548]LogModuleManager: Shutting down and abandoning module XAudio2 (174)
[2017.09.19-00.32.52:518][548]LogModuleManager: Shutting down and abandoning module Networking (172)
[2017.09.19-00.32.52:518][548]LogModuleManager: Shutting down and abandoning module Core (168)
[2017.09.19-00.32.52:518][548]LogModuleManager: Shutting down and abandoning module KismetCompiler (164)
[2017.09.19-00.32.52:518][548]LogModuleManager: Shutting down and abandoning module LevelSequence (162)
[2017.09.19-00.32.52:518][548]LogModuleManager: Shutting down and abandoning module MeshUtilities (160)
[2017.09.19-00.32.52:518][548]LogModuleManager: Shutting down and abandoning module MeshMergeUtilities (159)
[2017.09.19-00.32.52:518][548]LogModuleManager: Shutting down and abandoning module MeshReductionInterface (158)
[2017.09.19-00.32.52:518][548]LogModuleManager: Shutting down and abandoning module SimplygonSwarm (157)
[2017.09.19-00.32.52:518][548]LogModuleManager: Shutting down and abandoning module SimplygonMeshReduction (155)
[2017.09.19-00.32.52:518][548]LogModuleManager: Shutting down and abandoning module QuadricMeshReduction (153)
[2017.09.19-00.32.52:518][548]LogModuleManager: Shutting down and abandoning module MaterialBaking (149)
[2017.09.19-00.32.52:518][548]LogModuleManager: Shutting down and abandoning module DirectoryWatcher (146)
[2017.09.19-00.32.52:521][548]LogModuleManager: Shutting down and abandoning module DerivedDataCache (144)
[2017.09.19-00.32.52:602][548]LogDerivedDataCache: Shutdown
[2017.09.19-00.32.52:602][548]LogModuleManager: Shutting down and abandoning module TargetPlatform (142)
[2017.09.19-00.32.52:602][548]LogModuleManager: Shutting down and abandoning module VulkanShaderFormat (141)
[2017.09.19-00.32.52:602][548]LogModuleManager: Shutting down and abandoning module ShaderFormatVectorVM (139)
[2017.09.19-00.32.52:602][548]LogModuleManager: Shutting down and abandoning module ShaderFormatOpenGL (137)
[2017.09.19-00.32.52:602][548]LogModuleManager: Shutting down and abandoning module ShaderFormatD3D (135)
[2017.09.19-00.32.52:602][548]LogModuleManager: Shutting down and abandoning module MetalShaderFormat (133)
[2017.09.19-00.32.52:602][548]LogModuleManager: Shutting down and abandoning module TextureFormatUncompressed (131)
[2017.09.19-00.32.52:602][548]LogModuleManager: Shutting down and abandoning module TextureFormatPVR (129)
[2017.09.19-00.32.52:602][548]LogModuleManager: Shutting down and abandoning module TextureFormatDXT (127)
[2017.09.19-00.32.52:602][548]LogModuleManager: Shutting down and abandoning module TextureFormatIntelISPCTexComp (125)
[2017.09.19-00.32.52:603][548]LogModuleManager: Shutting down and abandoning module TextureFormatASTC (123)
[2017.09.19-00.32.52:603][548]LogModuleManager: Shutting down and abandoning module ImageWrapper (122)
[2017.09.19-00.32.52:603][548]LogModuleManager: Shutting down and abandoning module TextureFormatAndroid (119)
[2017.09.19-00.32.52:603][548]LogModuleManager: Shutting down and abandoning module AudioFormatOpus (117)
[2017.09.19-00.32.52:603][548]LogModuleManager: Shutting down and abandoning module AudioFormatOgg (115)
[2017.09.19-00.32.52:603][548]LogModuleManager: Shutting down and abandoning module AudioFormatADPCM (113)
[2017.09.19-00.32.52:603][548]LogModuleManager: Shutting down and abandoning module LinuxTargetPlatform (111)
[2017.09.19-00.32.52:603][548]LogModuleManager: Shutting down and abandoning module LinuxServerTargetPlatform (109)
[2017.09.19-00.32.52:603][548]LogModuleManager: Shutting down and abandoning module LinuxNoEditorTargetPlatform (107)
[2017.09.19-00.32.52:603][548]LogModuleManager: Shutting down and abandoning module LinuxClientTargetPlatform (105)
[2017.09.19-00.32.52:603][548]LogModuleManager: Shutting down and abandoning module TVOSTargetPlatform (103)
[2017.09.19-00.32.52:603][548]LogModuleManager: Shutting down and abandoning module Messaging (101)
[2017.09.19-00.32.52:603][548]LogModuleManager: Shutting down and abandoning module IOSTargetPlatform (99)
[2017.09.19-00.32.52:603][548]LogModuleManager: Shutting down and abandoning module HTML5TargetPlatform (97)
[2017.09.19-00.32.52:603][548]LogModuleManager: Shutting down and abandoning module Android_PVRTCTargetPlatform (95)
[2017.09.19-00.32.52:603][548]LogModuleManager: Shutting down and abandoning module Android_MultiTargetPlatform (93)
[2017.09.19-00.32.52:603][548]LogModuleManager: Shutting down and abandoning module Android_ETC2TargetPlatform (91)
[2017.09.19-00.32.52:603][548]LogModuleManager: Shutting down and abandoning module Android_ETC1TargetPlatform (89)
[2017.09.19-00.32.52:603][548]LogModuleManager: Shutting down and abandoning module Android_DXTTargetPlatform (87)
[2017.09.19-00.32.52:603][548]LogModuleManager: Shutting down and abandoning module Android_ATCTargetPlatform (85)
[2017.09.19-00.32.52:603][548]LogModuleManager: Shutting down and abandoning module Android_ASTCTargetPlatform (83)
[2017.09.19-00.32.52:603][548]LogModuleManager: Shutting down and abandoning module AndroidTargetPlatform (81)
[2017.09.19-00.32.52:603][548]LogModuleManager: Shutting down and abandoning module WindowsTargetPlatform (79)
[2017.09.19-00.32.52:603][548]LogModuleManager: Shutting down and abandoning module WindowsServerTargetPlatform (77)
[2017.09.19-00.32.52:603][548]LogModuleManager: Shutting down and abandoning module WindowsNoEditorTargetPlatform (75)
[2017.09.19-00.32.52:603][548]LogModuleManager: Shutting down and abandoning module WindowsClientTargetPlatform (73)
[2017.09.19-00.32.52:603][548]LogModuleManager: Shutting down and abandoning module MacTargetPlatform (71)
[2017.09.19-00.32.52:603][548]LogModuleManager: Shutting down and abandoning module MacServerTargetPlatform (69)
[2017.09.19-00.32.52:603][548]LogModuleManager: Shutting down and abandoning module MacNoEditorTargetPlatform (67)
[2017.09.19-00.32.52:603][548]LogModuleManager: Shutting down and abandoning module MacClientTargetPlatform (65)
[2017.09.19-00.32.52:603][548]LogModuleManager: Shutting down and abandoning module AllDesktopTargetPlatform (63)
[2017.09.19-00.32.52:603][548]LogModuleManager: Shutting down and abandoning module InputCore (60)
[2017.09.19-00.32.52:603][548]LogModuleManager: Shutting down and abandoning module Settings (58)
[2017.09.19-00.32.52:603][548]LogModuleManager: Shutting down and abandoning module PhysXCooking (56)
[2017.09.19-00.32.52:603][548]LogModuleManager: Shutting down and abandoning module SteamVR (54)
[2017.09.19-00.32.52:603][548]LogModuleManager: Shutting down and abandoning module OculusHMD (52)
[2017.09.19-00.32.52:603][548]LogModuleManager: Shutting down and abandoning module ExampleDeviceProfileSelector (50)
[2017.09.19-00.32.52:603][548]LogModuleManager: Shutting down and abandoning module OnlineBlueprintSupport (48)
[2017.09.19-00.32.52:603][548]LogModuleManager: Shutting down and abandoning module OnlineSubsystem (44)
[2017.09.19-00.32.52:603][548]LogOnline: Display: Unloading online subsystem: NULL
[2017.09.19-00.32.52:604][548]LogModuleManager: Shutting down and abandoning module XMPP (43)
[2017.09.19-00.32.52:604][548]LogModuleManager: Shutting down and abandoning module HTTP (41)
[2017.09.19-00.32.52:604][548]LogHttp: Display: Http module shutting down, but needs to wait on 1 outstanding Http requests:
[2017.09.19-00.32.52:604][548]LogHttp: Display: 	verb=[POST] url=[https://datarouter.ol.epicgames.com/datarouter/api/v1/public/data?SessionID=%7B049E225D-4E67-D048-FBC3-5FA3F985DD20%7D&AppID=UEEditor.Rocket.Release&AppVersion=4.17.1-3586342%2B%2B%2BUE4%2BRelease-4.17&UserID=d195f449449d6ca1a7d6e997d7b4619b%7C38799267579e43f199dcadb14603b7d0%7Cc4c036e9-0de7-44e5-8786-b569ea8dee15&AppEnvironment=datacollector-binary&UploadType=eteventstream] status=Processing
[2017.09.19-00.32.52:613][548]LogModuleManager: Shutting down and abandoning module SSL (40)
[2017.09.19-00.32.52:615][548]LogModuleManager: Shutting down and abandoning module AnimationModifiers (36)
[2017.09.19-00.32.52:615][548]LogModuleManager: Shutting down and abandoning module PropertyEditor (35)
[2017.09.19-00.32.52:615][548]LogModuleManager: Shutting down and abandoning module AudioEditor (32)
[2017.09.19-00.32.52:615][548]LogModuleManager: Shutting down and abandoning module TextureCompressor (30)
[2017.09.19-00.32.52:615][548]LogModuleManager: Shutting down and abandoning module ShaderCore (28)
[2017.09.19-00.32.52:615][548]LogModuleManager: Shutting down and abandoning module Landscape (26)
[2017.09.19-00.32.52:615][548]LogModuleManager: Shutting down and abandoning module SlateRHIRenderer (24)
[2017.09.19-00.32.52:617][548]LogModuleManager: Shutting down and abandoning module OpenGLDrv (22)
[2017.09.19-00.32.52:617][548]LogModuleManager: Shutting down and abandoning module D3D11RHI (20)
[2017.09.19-00.32.52:617][548]LogModuleManager: Shutting down and abandoning module AnimGraphRuntime (18)
[2017.09.19-00.32.52:617][548]LogModuleManager: Shutting down and abandoning module Renderer (16)
[2017.09.19-00.32.52:617][548]LogModuleManager: Shutting down and abandoning module Engine (14)
[2017.09.19-00.32.52:617][548]LogModuleManager: Shutting down and abandoning module CoreUObject (12)
[2017.09.19-00.32.52:617][548]LogModuleManager: Shutting down and abandoning module NetworkFile (10)
[2017.09.19-00.32.52:617][548]LogModuleManager: Shutting down and abandoning module CookedIterativeFile (8)
[2017.09.19-00.32.52:617][548]LogModuleManager: Shutting down and abandoning module StreamingFile (6)
[2017.09.19-00.32.52:617][548]LogModuleManager: Shutting down and abandoning module SandboxFile (4)
[2017.09.19-00.32.52:617][548]LogModuleManager: Shutting down and abandoning module PakFile (2)
[2017.09.19-00.32.52:620][548]LogExit: Exiting.
[2017.09.19-00.32.52:643][548]Log file closed, 09/18/17 20:32:52
