Log file open, 09/18/17 20:38:47
LogWindows: LoadLibraryWithSearchPaths failed for file aqProf.dll. GetLastError=0
LogWindows: LoadLibraryWithSearchPaths failed for file VtuneApi.dll. GetLastError=0
LogWindows: LoadLibraryWithSearchPaths failed for file VtuneApi32e.dll. GetLastError=0
LogInit: Display: Running engine for game: PlanX
LogPlatformFile: Not using cached read wrapper
LogInit: Display: RandInit(-928851381) SRandInit(-928851381).
LogTaskGraph: Started task graph with 5 named threads and 14 total threads with 3 sets of task threads.
LogStats: Stats thread started at 0.182633
LogD3D11RHI: Aftermath initialized
LogPluginManager: Mounting plugin LightPropagationVolume
LogPluginManager: Mounting plugin CodeLiteSourceCodeAccess
LogPluginManager: Mounting plugin GitSourceControl
LogPluginManager: Mounting plugin KDevelopSourceCodeAccess
LogPluginManager: Mounting plugin NullSourceCodeAccess
LogPluginManager: Mounting plugin PerforceSourceControl
LogPluginManager: Mounting plugin SubversionSourceControl
LogPluginManager: Mounting plugin UObjectPlugin
LogPluginManager: Mounting plugin VisualStudioSourceCodeAccess
LogPluginManager: Mounting plugin XCodeSourceCodeAccess
LogPluginManager: Mounting plugin AssetManagerEditor
LogPluginManager: Mounting plugin AudioCapture
LogPluginManager: Mounting plugin FacialAnimation
LogPluginManager: Mounting plugin GameplayTagsEditor
LogPluginManager: Mounting plugin MobileLauncherProfileWizard
LogPluginManager: Mounting plugin PluginBrowser
LogPluginManager: Mounting plugin SpeedTreeImporter
LogPluginManager: Mounting plugin AlembicImporter
LogPluginManager: Mounting plugin CharacterAI
LogPluginManager: Mounting plugin HTML5Networking
LogPluginManager: Mounting plugin AndroidMedia
LogPluginManager: Mounting plugin AvfMedia
LogPluginManager: Mounting plugin MediaPlayerEditor
LogPluginManager: Mounting plugin WmfMedia
LogPluginManager: Mounting plugin TcpMessaging
LogPluginManager: Mounting plugin UdpMessaging
LogPluginManager: Mounting plugin LevelSequenceEditor
LogPluginManager: Mounting plugin MatineeToLevelSequence
LogPluginManager: Mounting plugin OnlineSubsystemGooglePlay
LogPluginManager: Mounting plugin OnlineSubsystemIOS
LogPluginManager: Mounting plugin OnlineSubsystem
LogPluginManager: Mounting plugin OnlineSubsystemNull
LogPluginManager: Mounting plugin OnlineSubsystemUtils
LogPluginManager: Mounting plugin AndroidDeviceProfileSelector
LogPluginManager: Mounting plugin AndroidMoviePlayer
LogPluginManager: Mounting plugin AndroidPermission
LogPluginManager: Mounting plugin AppleMoviePlayer
LogPluginManager: Mounting plugin ArchVisCharacter
LogPluginManager: Mounting plugin CableComponent
LogPluginManager: Mounting plugin CustomMeshComponent
LogPluginManager: Mounting plugin ExampleDeviceProfileSelector
LogPluginManager: Mounting plugin GoogleCloudMessaging
LogPluginManager: Mounting plugin ImmediatePhysics
LogPluginManager: Mounting plugin IOSDeviceProfileSelector
LogPluginManager: Mounting plugin LinuxDeviceProfileSelector
LogPluginManager: Mounting plugin LocationServicesBPLibrary
LogPluginManager: Mounting plugin MobilePatchingUtils
LogPluginManager: Mounting plugin Ansel
LogPluginManager: Mounting plugin OculusVR
LogPluginManager: Mounting plugin PhysXVehicles
LogPluginManager: Mounting plugin ProceduralMeshComponent
LogPluginManager: Mounting plugin RuntimePhysXCooking
LogPluginManager: Mounting plugin SteamVR
LogPluginManager: Mounting plugin WindowsMoviePlayer
LogInit: Using libcurl 7.47.1
LogInit:  - built for x86_64-pc-win32
LogInit:  - supports SSL with OpenSSL/1.0.2g
LogInit:  - supports HTTP deflate (compression) using libz 1.2.8
LogInit:  - other features:
LogInit:      CURL_VERSION_SSL
LogInit:      CURL_VERSION_LIBZ
LogInit:      CURL_VERSION_IPV6
LogInit:      CURL_VERSION_ASYNCHDNS
LogInit:      CURL_VERSION_LARGEFILE
LogInit:      CURL_VERSION_IDN
LogInit:  CurlRequestOptions (configurable via config and command line):
LogInit:  - bVerifyPeer = false  - Libcurl will NOT verify peer certificate
LogInit:  - bUseHttpProxy = false  - Libcurl will NOT use HTTP proxy
LogInit:  - bDontReuseConnections = false  - Libcurl will reuse connections
LogInit:  - CertBundlePath = nullptr  - Libcurl will use whatever was configured at build time.
LogInit: Build: ++UE4+Release-4.17-CL-3586342
LogInit: Engine Version: 4.17.1-3586342+++UE4+Release-4.17
LogInit: Compatible Engine Version: 4.17.0-3573198+++UE4+Release-4.17
LogInit: Net CL: 3573198
LogDevObjectVersion: Number of dev versions registered: 16
LogDevObjectVersion:   Dev-Blueprints (B0D832E4-1F89-4F0D-ACCF-7EB736FD4AA2): 10
LogDevObjectVersion:   Dev-Build (E1C64328-A22C-4D53-A36C-8E866417BD8C): 0
LogDevObjectVersion:   Dev-Core (375EC13C-06E4-48FB-B500-84F0262A717E): 2
LogDevObjectVersion:   Dev-Editor (E4B068ED-F494-42E9-A231-DA0B2E46BB41): 20
LogDevObjectVersion:   Dev-Framework (CFFC743F-43B0-4480-9391-14DF171D2073): 28
LogDevObjectVersion:   Dev-Mobile (B02B49B5-BB20-44E9-A304-32B752E40360): 0
LogDevObjectVersion:   Dev-Networking (A4E4105C-59A1-49B5-A7C5-40C4547EDFEE): 0
LogDevObjectVersion:   Dev-Online (39C831C9-5AE6-47DC-9A44-9C173E1C8E7C): 0
LogDevObjectVersion:   Dev-Physics (78F01B33-EBEA-4F98-B9B4-84EACCB95AA2): 0
LogDevObjectVersion:   Dev-Platform (6631380F-2D4D-43E0-8009-CF276956A95A): 0
LogDevObjectVersion:   Dev-Rendering (12F88B9F-8875-4AFC-A67C-D90C383ABD29): 19
LogDevObjectVersion:   Dev-Sequencer (7B5AE74C-D270-4C10-A958-57980B212A5A): 4
LogDevObjectVersion:   Dev-VR (D7296918-1DD6-4BDD-9DE2-64A83CC13884): 0
LogDevObjectVersion:   Dev-LoadTimes (C2A15278-BFE7-4AFE-6C17-90FF531DF755): 1
LogDevObjectVersion:   Private-Geometry (6EACA3D4-40EC-4CC1-B786-8BED09428FC5): 1
LogDevObjectVersion:   Dev-AnimPhys (29E575DD-E0A3-4627-9D10-D276232CDCEA): 7
LogInit: Compiled (64-bit): Aug 15 2017 02:05:26
LogInit: Compiled with Visual C++: 19.00.24215.01
LogInit: Build Configuration: Development
LogInit: Branch Name: ++UE4+Release-4.17
LogInit: Command line: -EpicPortal 
LogInit: Base directory: Q:/Unreal Engine/UE_4.17/Engine/Binaries/Win64/
LogInit: Installed Engine Build: 1
LogInit: Presizing for max 8388607 objects, including 0 objects not considered by GC, pre-allocating 0 bytes for permanent pool.
LogInit: Object subsystem initialized
[2017.09.19-00.38.48:530][  0]LogInit: Selected Device Profile: [Windows]
[2017.09.19-00.38.48:530][  0]LogInit: Applying CVar settings loaded from the selected device profile: [Windows]
[2017.09.19-00.38.48:563][  0]LogInit: Computer: DAWN
[2017.09.19-00.38.48:563][  0]LogInit: User: RobertForbes
[2017.09.19-00.38.48:563][  0]LogInit: CPU Page size=4096, Cores=4
[2017.09.19-00.38.48:563][  0]LogInit: High frequency timer resolution =3.417985 MHz
[2017.09.19-00.38.48:563][  0]LogMemory: Memory total: Physical=8.0GB (8GB approx)
[2017.09.19-00.38.48:563][  0]LogMemory: Platform Memory Stats for Windows
[2017.09.19-00.38.48:563][  0]LogMemory: Process Physical Memory: 279.74 MB used, 279.74 MB peak
[2017.09.19-00.38.48:563][  0]LogMemory: Process Virtual Memory: 290.34 MB used, 290.34 MB peak
[2017.09.19-00.38.48:563][  0]LogMemory: Physical Memory: 6467.22 MB used,  1676.63 MB free, 8143.85 MB total
[2017.09.19-00.38.48:563][  0]LogMemory: Virtual Memory: 684.32 MB used,  1676.63 MB free, 134217728.00 MB total
[2017.09.19-00.38.48:684][  0]LogInit: Using OS detected language (en-US).
[2017.09.19-00.38.48:684][  0]LogInit: Using OS detected locale (en-US).
[2017.09.19-00.38.48:688][  0]LogTextLocalizationManager: No specific localization for 'en-US' exists, so the 'en' localization will be used.
[2017.09.19-00.38.49:477][  0]LogD3D11RHI: D3D11 adapters:
[2017.09.19-00.38.50:097][  0]LogD3D11RHI:    0. 'NVIDIA GeForce GTX 970' (Feature Level 11_0)
[2017.09.19-00.38.50:097][  0]LogD3D11RHI:       4058/0/4071 MB DedicatedVideo/DedicatedSystem/SharedSystem, Outputs:2, VendorId:0x10de
[2017.09.19-00.38.50:099][  0]LogD3D11RHI:    1. 'Microsoft Basic Render Driver' (Feature Level 11_0)
[2017.09.19-00.38.50:099][  0]LogD3D11RHI:       0/0/4071 MB DedicatedVideo/DedicatedSystem/SharedSystem, Outputs:0, VendorId:0x1414
[2017.09.19-00.38.50:099][  0]LogD3D11RHI: Chosen D3D11 Adapter: 0
[2017.09.19-00.38.50:103][  0]LogD3D11RHI: Creating new Direct3DDevice
[2017.09.19-00.38.50:103][  0]LogD3D11RHI:     GPU DeviceId: 0x13c2 (for the marketing name, search the web for "GPU Device Id")
[2017.09.19-00.38.50:103][  0]LogWindows: EnumDisplayDevices:
[2017.09.19-00.38.50:103][  0]LogWindows:    0. 'NVIDIA GeForce GTX 970' (P:0 D:1)
[2017.09.19-00.38.50:104][  0]LogWindows:    1. 'NVIDIA GeForce GTX 970' (P:1 D:1)
[2017.09.19-00.38.50:104][  0]LogWindows:    2. 'NVIDIA GeForce GTX 970' (P:0 D:0)
[2017.09.19-00.38.50:104][  0]LogWindows:    3. 'NVIDIA GeForce GTX 970' (P:0 D:0)
[2017.09.19-00.38.50:104][  0]LogWindows: DebugString: FoundDriverCount:4 
[2017.09.19-00.38.50:104][  0]LogD3D11RHI:     Adapter Name: NVIDIA GeForce GTX 970
[2017.09.19-00.38.50:104][  0]LogD3D11RHI:   Driver Version: 385.41 (internal:22.21.13.8541, unified:385.41)
[2017.09.19-00.38.50:104][  0]LogD3D11RHI:      Driver Date: 8-21-2017
[2017.09.19-00.38.50:104][  0]LogRHI: Texture pool is 1361 MB (70% of 1945 MB)
[2017.09.19-00.38.50:801][  0]LogD3D11RHI: Async texture creation enabled
[2017.09.19-00.38.50:834][  0]LogD3D11RHI: GPU Timing Frequency: 1000.000000 (Debug: 2 1)
[2017.09.19-00.38.50:837][  0]LogShaderCompilers: Guid format shader working directory is 10 characters bigger than the processId version (../../../../../Unreal Projects/Plan-X/PlanX/Intermediate/Shaders/WorkingDirectory/12644/).
[2017.09.19-00.38.50:837][  0]LogShaderCompilers: Cleaned the shader compiler working directory 'C:/Users/Robert Forbes/AppData/Local/Temp/UnrealShaderWorkingDir/772D19ED42AFDCE1711AC693FA1F25E5/'.
[2017.09.19-00.38.50:837][  0]LogShaderCompilers: Display: Using Local Shader Compiler.
[2017.09.19-00.38.52:351][  0]LogTemp: Display: Loaded TP AllDesktopTargetPlatform
[2017.09.19-00.38.52:461][  0]LogTemp: Display: Loaded TP MacClientTargetPlatform
[2017.09.19-00.38.52:528][  0]LogTemp: Display: Loaded TP MacNoEditorTargetPlatform
[2017.09.19-00.38.52:621][  0]LogTemp: Display: Loaded TP MacServerTargetPlatform
[2017.09.19-00.38.52:705][  0]LogTemp: Display: Loaded TP MacTargetPlatform
[2017.09.19-00.38.52:776][  0]LogTemp: Display: Loaded TP WindowsClientTargetPlatform
[2017.09.19-00.38.52:853][  0]LogTemp: Display: Loaded TP WindowsNoEditorTargetPlatform
[2017.09.19-00.38.52:983][  0]LogTemp: Display: Loaded TP WindowsServerTargetPlatform
[2017.09.19-00.38.53:165][  0]LogTemp: Display: Loaded TP WindowsTargetPlatform
[2017.09.19-00.38.53:280][  0]LogTemp: Display: Loaded TP AndroidTargetPlatform
[2017.09.19-00.38.53:348][  0]LogTemp: Display: Loaded TP Android_ASTCTargetPlatform
[2017.09.19-00.38.53:439][  0]LogTemp: Display: Loaded TP Android_ATCTargetPlatform
[2017.09.19-00.38.53:537][  0]LogTemp: Display: Loaded TP Android_DXTTargetPlatform
[2017.09.19-00.38.53:631][  0]LogTemp: Display: Loaded TP Android_ETC1TargetPlatform
[2017.09.19-00.38.53:689][  0]LogTemp: Display: Loaded TP Android_ETC2TargetPlatform
[2017.09.19-00.38.53:869][  0]LogTemp: Display: Loaded TP Android_MultiTargetPlatform
[2017.09.19-00.38.53:870][  0]LogTemp: Display: Loaded TP Android_PVRTCTargetPlatform
[2017.09.19-00.38.53:980][  0]LogTemp: Display: Loaded TP HTML5TargetPlatform
[2017.09.19-00.38.54:176][  0]LogTemp: Display: Loaded TP IOSTargetPlatform
[2017.09.19-00.38.54:218][  0]LogTemp: Display: Loaded TP TVOSTargetPlatform
[2017.09.19-00.38.54:330][  0]LogTemp: Display: Loaded TP LinuxClientTargetPlatform
[2017.09.19-00.38.54:415][  0]LogTemp: Display: Loaded TP LinuxNoEditorTargetPlatform
[2017.09.19-00.38.54:494][  0]LogTemp: Display: Loaded TP LinuxServerTargetPlatform
[2017.09.19-00.38.54:570][  0]LogTemp: Display: Loaded TP LinuxTargetPlatform
[2017.09.19-00.38.54:570][  0]LogTargetPlatformManager: Display: Building Assets For Windows
[2017.09.19-00.38.55:244][  0]LogDerivedDataCache: Display: Max Cache Size: 512 MB
[2017.09.19-00.38.55:496][  0]LogDerivedDataCache: Loaded boot cache 0.25s 106MB C:/Users/Robert Forbes/AppData/Local/UnrealEngine/4.17/DerivedDataCache/Boot.ddc.
[2017.09.19-00.38.55:496][  0]LogDerivedDataCache: Display: Loaded Boot cache: C:/Users/Robert Forbes/AppData/Local/UnrealEngine/4.17/DerivedDataCache/Boot.ddc
[2017.09.19-00.38.55:496][  0]LogDerivedDataCache: FDerivedDataBackendGraph:  Pak pak cache file ../../../../../Unreal Projects/Plan-X/PlanX/DerivedDataCache/DDC.ddp not found, will not use a pak cache.
[2017.09.19-00.38.55:496][  0]LogDerivedDataCache: Unable to find inner node Pak for hierarchical cache Hierarchy.
[2017.09.19-00.38.55:496][  0]LogDerivedDataCache: FDerivedDataBackendGraph:  CompressedPak pak cache file ../../../../../Unreal Projects/Plan-X/PlanX/DerivedDataCache/Compressed.ddp not found, will not use a pak cache.
[2017.09.19-00.38.55:496][  0]LogDerivedDataCache: Unable to find inner node CompressedPak for hierarchical cache Hierarchy.
[2017.09.19-00.38.55:528][  0]LogDerivedDataCache: Display: Pak cache opened for reading ../../../Engine/DerivedDataCache/Compressed.ddp.
[2017.09.19-00.38.55:541][  0]LogDerivedDataCache: Using Local data cache path C:/Users/Robert Forbes/AppData/Local/UnrealEngine/Common/DerivedDataCache: Writable
[2017.09.19-00.38.55:562][  0]LogMaterial: Verifying Global Shaders for PCD3D_SM5
[2017.09.19-00.38.55:562][  0]LogSlate: Using Freetype 2.6.0
[2017.09.19-00.38.55:571][  0]LogSlate: SlateFontCache - WITH_FREETYPE: 1, WITH_HARFBUZZ: 1
[2017.09.19-00.38.55:571][  0]LogSlate: SlateFontCache - WITH_FREETYPE: 1, WITH_HARFBUZZ: 1
[2017.09.19-00.38.56:143][  0]LogAssetRegistry: FAssetRegistry took 0.0260 seconds to start up
[2017.09.19-00.38.56:389][  0]LogInit: Selected Device Profile: [Windows]
[2017.09.19-00.38.56:980][  0]LogSimplygon: Simplygon DLL not present - disabling.
[2017.09.19-00.38.57:037][  0]LogMeshReduction: Using SimplygonSwarm for distributed automatic mesh merging
[2017.09.19-00.38.57:037][  0]LogMeshReduction: Using QuadricMeshReduction for automatic static mesh reduction
[2017.09.19-00.38.57:037][  0]LogMeshReduction: No automatic skeletal mesh reduction module available
[2017.09.19-00.38.57:037][  0]LogMeshReduction: No automatic mesh merging module available
[2017.09.19-00.38.57:037][  0]LogMeshMerging: No automatic mesh merging module available
[2017.09.19-00.38.57:039][  0]LogContentStreaming: Texture pool size is 0.00 MB
[2017.09.19-00.38.57:743][  0]LogNetVersion: PlanX , NetCL: 3573198, EngineNetVer: 2, GameNetVer: 0 (Checksum: 4232075429)
[2017.09.19-00.38.58:109][  0]LogPackageLocalizationCache: Processed 4 localized package path(s) for 2 prioritized culture(s) in 0.070741 seconds
[2017.09.19-00.38.58:120][  0]LogUObjectArray: 35825 objects as part of root set at end of initial load.
[2017.09.19-00.38.58:120][  0]LogUObjectAllocator: 7529104 out of 0 bytes used by permanent object pool.
[2017.09.19-00.38.58:120][  0]LogUObjectArray: CloseDisregardForGC: 0/0 objects in disregard for GC pool
[2017.09.19-00.38.58:209][  0]LogInit: WinSock: version 1.1 (2.2), MaxSocks=32767, MaxUdp=65467
[2017.09.19-00.39.01:456][  0]LogTcpMessaging: Initializing TcpMessaging bridge
[2017.09.19-00.39.01:506][  0]LogUdpMessaging: Initializing bridge on interface 0.0.0.0:0 to multicast group 230.0.0.1:6666.
[2017.09.19-00.39.02:170][  0]SourceControl: Source control is disabled
[2017.09.19-00.39.02:170][  0]SourceControl: Source control is disabled
[2017.09.19-00.39.02:262][  0]SourceControl: Source control is disabled
[2017.09.19-00.39.02:360][  0]SourceControl: Source control is disabled
[2017.09.19-00.39.03:504][  0]LogAndroidPermission: UAndroidPermissionCallbackProxy::GetInstance
[2017.09.19-00.39.03:936][  0]LogAnsel: Tried to load ../../../Engine/Plugins/Runtime/Nvidia/Ansel/Binaries/ThirdParty/AnselSDK64.dll : success=1
[2017.09.19-00.39.04:029][  0]LogOcInput: OculusInput pre-init called
[2017.09.19-00.39.04:597][  0]LogEngine: Initializing Engine...
[2017.09.19-00.39.09:163][  0]LogHMD: SteamVR initialized.  Driver: lighthouse  Display: LHR-21CE5F1D
[2017.09.19-00.39.09:415][  0]LogStats: UGameplayTagsManager::ConstructGameplayTagTree: Construct from data asset -  0.000 s
[2017.09.19-00.39.09:415][  0]LogStats: UGameplayTagsManager::ConstructGameplayTagTree: GameplayTagTreeChangedEvent.Broadcast -  0.000 s
[2017.09.19-00.39.09:646][  0]LogAIModule: Creating AISystem for world Untitled
[2017.09.19-00.39.09:674][  0]LogInit: XAudio2 using 'REAL SPEAKERS!!!!!!!!!! (Realtek High Definition Audio)' : 2 channels at 48 kHz using 32 bits per sample (channel mask 0x3)
[2017.09.19-00.39.09:690][  0]LogInit: FAudioDevice initialized.
[2017.09.19-00.39.17:666][  0]LogDerivedDataCache: Saved boot cache 7.98s 106MB C:/Users/Robert Forbes/AppData/Local/UnrealEngine/4.17/DerivedDataCache/Boot.ddc.
[2017.09.19-00.39.17:686][  0]LogInit: Texture streaming: Enabled
[2017.09.19-00.39.17:872][  0]LogMaterial: Uniform references updated for custom material expression Custom.
[2017.09.19-00.39.18:311][  0]LogEngineSessionManager: EngineSessionManager initialized
[2017.09.19-00.39.18:713][  0]LogInit: Transaction tracking system initialized
[2017.09.19-00.39.19:384][  0]BlueprintLog: New page: Editor Load
[2017.09.19-00.39.20:786][  0]LocalizationService: Localization service is disabled
[2017.09.19-00.39.21:950][  0]LogConsoleResponse: Display: 
[2017.09.19-00.39.22:746][  0]LogCook: Display: Max memory allowance for cook 16384mb min free memory 0mb
[2017.09.19-00.39.22:746][  0]LogCook: Display: Mobile HDR setting 1
[2017.09.19-00.39.22:746][  0]LogGameplayTags: Display: UGameplayTagsManager::DoneAddingNativeTags. DelegateIsBound: 0
[2017.09.19-00.39.23:008][  0]LogFileCache: Scanning file cache for directory 'Q:/Unreal Projects/Plan-X/PlanX/Content/' took 0.20s
[2017.09.19-00.39.24:835][  0]SourceControl: Source control is disabled
[2017.09.19-00.39.24:835][  0]Cmd: MAP LOAD FILE="../../../../../Unreal Projects/Plan-X/PlanX/Content/VirtualRealityBP/Maps/MotionControllerMap.umap" TEMPLATE=0 SHOWPROGRESS=1 FEATURELEVEL=3
[2017.09.19-00.39.24:835][  0]LightingResults: New page: Lighting Build
[2017.09.19-00.39.24:875][  0]MapCheck: New page: Map Check
[2017.09.19-00.39.24:875][  0]LightingResults: New page: Lighting Build
[2017.09.19-00.39.27:517][  0]LogAIModule: Creating AISystem for world MotionControllerMap
[2017.09.19-00.39.27:793][  0]LogEditorServer: Finished looking for orphan Actors (0.000 secs)
[2017.09.19-00.39.27:986][  0]Cmd: MAP CHECKDEP NOCLEARLOG
[2017.09.19-00.39.28:084][  0]MapCheck: Map check complete: 0 Error(s), 0 Warning(s), took 95.411ms to complete.
[2017.09.19-00.39.28:085][  0]LogFileHelpers: Loading map 'MotionControllerMap' took 3.250
[2017.09.19-00.39.28:642][  0]LogWindowsTextInputMethodSystem: Display: IME system now deactivated.
[2017.09.19-00.39.29:638][  0]LogCollectionManager: Loaded 0 collections in 0.001805 seconds
[2017.09.19-00.39.29:843][  0]LogFileCache: Scanning file cache for directory 'Q:/Unreal Projects/Plan-X/PlanX/Saved/Collections/' took 0.01s
[2017.09.19-00.39.29:844][  0]LogFileCache: Scanning file cache for directory 'Q:/Unreal Projects/Plan-X/PlanX/Content/Developers/RobertForbes/Collections/' took 0.01s
[2017.09.19-00.39.29:844][  0]LogFileCache: Scanning file cache for directory 'Q:/Unreal Projects/Plan-X/PlanX/Content/Collections/' took 0.01s
[2017.09.19-00.39.29:844][  0]LogCollectionManager: Rebuilt the GUID cache for 0 collections in 0.000000 seconds
[2017.09.19-00.39.29:873][  0]LogContentBrowser: Native class hierarchy populated in 0.0276 seconds. Added 2337 classes and 483 folders.
[2017.09.19-00.39.29:995][  0]LogContentBrowser: Native class hierarchy updated for 'WidgetCarousel' in 0.0009 seconds. Added 0 classes and 0 folders.
[2017.09.19-00.39.31:187][  0]LogContentBrowser: Native class hierarchy updated for 'AddContentDialog' in 0.0010 seconds. Added 0 classes and 0 folders.
[2017.09.19-00.39.31:292][  0]LogContentBrowser: Native class hierarchy updated for 'SceneOutliner' in 0.0009 seconds. Added 1 classes and 2 folders.
[2017.09.19-00.39.31:916][  0]LogSlate: Took 0.051166 seconds to synchronously load lazily loaded font '../../../Engine/Content/Slate/Fonts/Roboto-Regular.ttf' (155K)
[2017.09.19-00.39.31:945][  0]LogSlate: Took 0.012889 seconds to synchronously load lazily loaded font '../../../Engine/Content/Slate/Fonts/Roboto-Bold.ttf' (160K)
[2017.09.19-00.39.32:025][  0]LogSlate: Took 0.016010 seconds to synchronously load lazily loaded font '../../../Engine/Content/Editor/Slate/Fonts/FontAwesome.ttf' (139K)
[2017.09.19-00.39.32:803][  0]LogRenderer: Reallocating scene render targets to support 1208x536 Format 26 NumSamples 1 (Frame:1).
[2017.09.19-00.39.33:634][  0]LogContentBrowser: Native class hierarchy updated for 'HierarchicalLODOutliner' in 0.0008 seconds. Added 1 classes and 2 folders.
[2017.09.19-00.39.33:634][  0]LogLoad: (Engine Initialization) Total time: 47.12 seconds
[2017.09.19-00.39.33:634][  0]LogLoad: (Engine Initialization) Total Blueprint compile time: 0.00 seconds
[2017.09.19-00.39.33:663][  0]LogExternalProfiler: Found external profiler: VSPerf
[2017.09.19-00.39.33:663][  0]LogExternalProfiler: Using external profiler: VSPerf
[2017.09.19-00.39.34:075][  0]LogContentStreaming: Texture pool size now 600 MB
[2017.09.19-00.39.34:357][  0]LogRenderer: Reallocating scene render targets to support 1208x552 Format 26 NumSamples 1 (Frame:2).
[2017.09.19-00.39.34:357][  0]LogSlate: Took 0.039779 seconds to synchronously load lazily loaded font '../../../Engine/Content/Slate/Fonts/Roboto-Light.ttf' (159K)
[2017.09.19-00.39.34:422][  1]LogFileCache: Retrieving MD5 hashes for directory 'Q:/Unreal Projects/Plan-X/PlanX/Content/' took 0.65s
[2017.09.19-00.39.34:794][  3]LogAssetRegistry: Asset discovery search completed in 38.6725 seconds
[2017.09.19-00.39.34:798][  3]LogCollectionManager: Rebuilt the object cache for 0 collections in 0.000001 seconds (found 0 objects)
[2017.09.19-00.39.34:798][  3]LogCollectionManager: Fixed up redirectors for 0 collections in 0.000085 seconds (updated 0 objects)
[2017.09.19-00.40.01:372][961]LogSlate: Took 0.000217 seconds to synchronously load lazily loaded font '../../../Engine/Content/Slate/Fonts/Roboto-Light.ttf' (159K)
[2017.09.19-00.40.02:222][961]LogSavePackage: Save=352.46ms
[2017.09.19-00.40.02:222][961]LogSavePackage: Moving '../../../../../Unreal Projects/Plan-X/PlanX/Saved/MotionControllerMap84D4472F48381BD2651BB69059183487.tmp' to '../../../../../Unreal Projects/Plan-X/PlanX/Content/VirtualRealityBP/Maps/MotionControllerMap.umap'
[2017.09.19-00.40.02:235][961]LogSavePackage: Display: Finished SavePackage ../../../../../Unreal Projects/Plan-X/PlanX/Content/VirtualRealityBP/Maps/MotionControllerMap.umap
[2017.09.19-00.40.02:662][961]LogSavePackage: Save=230.66ms
[2017.09.19-00.40.02:662][961]LogSavePackage: Moving '../../../../../Unreal Projects/Plan-X/PlanX/Saved/MotionControllerMap_BuiltData07BA1F9A4FD579ADFBAE519B5E26A153.tmp' to '../../../../../Unreal Projects/Plan-X/PlanX/Content/VirtualRealityBP/Maps/MotionControllerMap_BuiltData.uasset'
[2017.09.19-00.40.02:663][961]LogSavePackage: Display: Finished SavePackage ../../../../../Unreal Projects/Plan-X/PlanX/Content/VirtualRealityBP/Maps/MotionControllerMap_BuiltData.uasset
[2017.09.19-00.40.08:986][605]LogContentBrowser: Native class hierarchy updated for 'BlueprintGraph' in 0.0012 seconds. Added 113 classes and 0 folders.
[2017.09.19-00.40.11:056][605]LogSlate: Took 0.013317 seconds to synchronously load lazily loaded font '../../../Engine/Content/Editor/Slate/Fonts/Roboto-BoldCondensed.ttf' (158K)
[2017.09.19-00.40.12:002][606]LogSlate: Took 0.024319 seconds to synchronously load lazily loaded font '../../../Engine/Content/Editor/Slate/Fonts/Roboto-Italic.ttf' (157K)
[2017.09.19-00.40.47:240][ 75]BlueprintLog: New page: Compile MotionControllerPawn
[2017.09.19-00.40.48:295][ 76]LogSavePackage: Save=303.26ms
[2017.09.19-00.40.48:295][ 76]LogSavePackage: Moving '../../../../../Unreal Projects/Plan-X/PlanX/Saved/MotionControllerPawn8BB899534A799CC739EE09B3D57D09A5.tmp' to '../../../../../Unreal Projects/Plan-X/PlanX/Content/VirtualRealityBP/Blueprints/MotionControllerPawn.uasset'
[2017.09.19-00.40.48:299][ 76]LogSavePackage: Display: Finished SavePackage ../../../../../Unreal Projects/Plan-X/PlanX/Content/VirtualRealityBP/Blueprints/MotionControllerPawn.uasset
[2017.09.19-00.41.04:953][504]BlueprintLog: New page: Compile MotionControllerPawn
[2017.09.19-00.41.06:342][548]LogSavePackage: Save=418.40ms
[2017.09.19-00.41.06:342][548]LogSavePackage: Moving '../../../../../Unreal Projects/Plan-X/PlanX/Saved/MotionControllerPawn71B689F748F5F5B30AC1339CF4D829CD.tmp' to '../../../../../Unreal Projects/Plan-X/PlanX/Content/VirtualRealityBP/Blueprints/MotionControllerPawn.uasset'
[2017.09.19-00.41.06:344][548]LogSavePackage: Display: Finished SavePackage ../../../../../Unreal Projects/Plan-X/PlanX/Content/VirtualRealityBP/Blueprints/MotionControllerPawn.uasset
[2017.09.19-00.41.07:189][594]LogSavePackage: Save=296.81ms
[2017.09.19-00.41.07:189][594]LogSavePackage: Moving '../../../../../Unreal Projects/Plan-X/PlanX/Saved/MotionControllerPawn7AE1B62B49439CB91BB819B5B219BFE5.tmp' to '../../../../../Unreal Projects/Plan-X/PlanX/Content/VirtualRealityBP/Blueprints/MotionControllerPawn.uasset'
[2017.09.19-00.41.07:191][594]LogSavePackage: Display: Finished SavePackage ../../../../../Unreal Projects/Plan-X/PlanX/Content/VirtualRealityBP/Blueprints/MotionControllerPawn.uasset
[2017.09.19-00.41.14:336][178]LogRenderer: Reallocating scene render targets to support 1208x712 Format 26 NumSamples 1 (Frame:1).
[2017.09.19-00.41.16:209][336]BlueprintLog: New page: Compile MotionControllerPawn
[2017.09.19-00.41.17:582][383]LogSavePackage: Save=292.75ms
[2017.09.19-00.41.17:582][383]LogSavePackage: Moving '../../../../../Unreal Projects/Plan-X/PlanX/Saved/MotionControllerPawn91FDB622414F2053116E6290FD66F788.tmp' to '../../../../../Unreal Projects/Plan-X/PlanX/Content/VirtualRealityBP/Blueprints/MotionControllerPawn.uasset'
[2017.09.19-00.41.17:584][383]LogSavePackage: Display: Finished SavePackage ../../../../../Unreal Projects/Plan-X/PlanX/Content/VirtualRealityBP/Blueprints/MotionControllerPawn.uasset
[2017.09.19-00.41.21:389][737]LogBlueprintUserMessages: Early PlayInEditor Detection: Level '/Game/VirtualRealityBP/Maps/MotionControllerMap.MotionControllerMap:PersistentLevel' has LevelScriptBlueprint '/Game/VirtualRealityBP/Maps/MotionControllerMap.MotionControllerMap:PersistentLevel.MotionControllerMap' with GeneratedClass '/Game/VirtualRealityBP/Maps/MotionControllerMap.MotionControllerMap_C' with ClassGeneratedBy '/Game/VirtualRealityBP/Maps/MotionControllerMap.MotionControllerMap:PersistentLevel.MotionControllerMap'
[2017.09.19-00.41.21:396][737]LogPlayLevel: PlayLevel: No blueprints needed recompiling
[2017.09.19-00.41.21:514][737]PIE: New page: PIE session: MotionControllerMap (Sep 18, 2017, 4:41:21 PM)
[2017.09.19-00.41.21:530][737]LogPlayLevel: Creating play world package: /Game/VirtualRealityBP/Maps/UEDPIE_0_MotionControllerMap
[2017.09.19-00.41.21:578][737]LogPlayLevel: PIE: StaticDuplicateObject took: (0.048163s)
[2017.09.19-00.41.21:579][737]LogAIModule: Creating AISystem for world MotionControllerMap
[2017.09.19-00.41.21:579][737]LogPlayLevel: PIE: World Init took: (0.000779s)
[2017.09.19-00.41.21:585][737]LogPlayLevel: PIE: Created PIE world by copying editor world from /Game/VirtualRealityBP/Maps/MotionControllerMap.MotionControllerMap to /Game/VirtualRealityBP/Maps/UEDPIE_0_MotionControllerMap.MotionControllerMap (0.055471s)
[2017.09.19-00.41.21:654][737]LogInit: XAudio2 using 'REAL SPEAKERS!!!!!!!!!! (Realtek High Definition Audio)' : 2 channels at 48 kHz using 32 bits per sample (channel mask 0x3)
[2017.09.19-00.41.21:665][737]LogInit: FAudioDevice initialized.
[2017.09.19-00.41.21:830][737]LogLoad: Game class is 'GameMode'
[2017.09.19-00.41.22:020][737]LogWorld: Bringing World /Game/VirtualRealityBP/Maps/UEDPIE_0_MotionControllerMap.MotionControllerMap up for play (max tick rate 0) at 2017.09.18-20.41.22
[2017.09.19-00.41.22:068][737]LogWorld: Bringing up level for play took: 0.116250
[2017.09.19-00.41.22:221][737]LogContentBrowser: Native class hierarchy updated for 'MovieSceneCapture' in 0.0009 seconds. Added 11 classes and 0 folders.
[2017.09.19-00.41.22:234][737]LogGameMode: Display: Match State Changed from EnteringMap to WaitingToStart
[2017.09.19-00.41.22:234][737]LogGameState: Match State Changed from EnteringMap to WaitingToStart
[2017.09.19-00.41.22:234][737]LogGameMode: Display: Match State Changed from WaitingToStart to InProgress
[2017.09.19-00.41.22:340][737]LogGameState: Match State Changed from WaitingToStart to InProgress
[2017.09.19-00.41.22:352][737]PIE: Play in editor start time for /Game/VirtualRealityBP/Maps/UEDPIE_0_MotionControllerMap 0.217
[2017.09.19-00.41.22:362][737]LogBlueprintUserMessages: Late PlayInEditor Detection: Level '/Game/VirtualRealityBP/Maps/MotionControllerMap.MotionControllerMap:PersistentLevel' has LevelScriptBlueprint '/Game/VirtualRealityBP/Maps/MotionControllerMap.MotionControllerMap:PersistentLevel.MotionControllerMap' with GeneratedClass '/Game/VirtualRealityBP/Maps/MotionControllerMap.MotionControllerMap_C' with ClassGeneratedBy '/Game/VirtualRealityBP/Maps/MotionControllerMap.MotionControllerMap:PersistentLevel.MotionControllerMap'
[2017.09.19-00.41.22:462][737]LogAnsel: We reckon 0.010000 meters to 1 world unit
[2017.09.19-00.41.22:526][738]LogRenderer: Reallocating scene render targets to support 3024x1680 Format 26 NumSamples 1 (Frame:1).
[2017.09.19-00.41.33:882][747]LogSteamVRController: Controller role for device 3 is 0 (invalid=0, left=1, right=2).
[2017.09.19-00.41.33:882][747]LogSteamVRController: Warning: Controller device 3 has no role set.  There is no 'right' controller according to steamvr, so we are pickign that.
[2017.09.19-00.41.35:200][865]LogSteamVRController: Controller role for device 4 is 0 (invalid=0, left=1, right=2).
[2017.09.19-00.41.35:200][865]LogSteamVRController: Putting controller 4 on the left hand because there is already a controller for the right.
[2017.09.19-00.42.11:058][ 21]LogBlueprintUserMessages: Early EndPlayMap Detection: Level '/Game/VirtualRealityBP/Maps/MotionControllerMap.MotionControllerMap:PersistentLevel' has LevelScriptBlueprint '/Game/VirtualRealityBP/Maps/MotionControllerMap.MotionControllerMap:PersistentLevel.MotionControllerMap' with GeneratedClass '/Game/VirtualRealityBP/Maps/MotionControllerMap.MotionControllerMap_C' with ClassGeneratedBy '/Game/VirtualRealityBP/Maps/MotionControllerMap.MotionControllerMap:PersistentLevel.MotionControllerMap'
[2017.09.19-00.42.11:259][ 21]LogBlueprintUserMessages: Late EndPlayMap Detection: Level '/Game/VirtualRealityBP/Maps/MotionControllerMap.MotionControllerMap:PersistentLevel' has LevelScriptBlueprint '/Game/VirtualRealityBP/Maps/MotionControllerMap.MotionControllerMap:PersistentLevel.MotionControllerMap' with GeneratedClass '/Game/VirtualRealityBP/Maps/MotionControllerMap.MotionControllerMap_C' with ClassGeneratedBy '/Game/VirtualRealityBP/Maps/MotionControllerMap.MotionControllerMap:PersistentLevel.MotionControllerMap'
[2017.09.19-00.42.55:370][129]BlueprintLog: New page: Compile MotionControllerPawn
[2017.09.19-00.42.57:100][199]LogSavePackage: Save=288.43ms
[2017.09.19-00.42.57:100][199]LogSavePackage: Moving '../../../../../Unreal Projects/Plan-X/PlanX/Saved/MotionControllerPawn623F293C4FFF8B4184253F9B8502514D.tmp' to '../../../../../Unreal Projects/Plan-X/PlanX/Content/VirtualRealityBP/Blueprints/MotionControllerPawn.uasset'
[2017.09.19-00.42.57:106][199]LogSavePackage: Display: Finished SavePackage ../../../../../Unreal Projects/Plan-X/PlanX/Content/VirtualRealityBP/Blueprints/MotionControllerPawn.uasset
[2017.09.19-00.43.02:866][572]BlueprintLog: New page: Compile MotionControllerPawn
[2017.09.19-00.43.04:024][601]LogSavePackage: Save=293.63ms
[2017.09.19-00.43.04:024][601]LogSavePackage: Moving '../../../../../Unreal Projects/Plan-X/PlanX/Saved/MotionControllerPawn32E40A0E4D6155FF344C84946DD8F2B5.tmp' to '../../../../../Unreal Projects/Plan-X/PlanX/Content/VirtualRealityBP/Blueprints/MotionControllerPawn.uasset'
[2017.09.19-00.43.04:027][601]LogSavePackage: Display: Finished SavePackage ../../../../../Unreal Projects/Plan-X/PlanX/Content/VirtualRealityBP/Blueprints/MotionControllerPawn.uasset
[2017.09.19-00.43.04:716][649]BlueprintLog: New page: Compile MotionControllerPawn
[2017.09.19-00.43.05:837][675]LogSavePackage: Save=308.69ms
[2017.09.19-00.43.05:837][675]LogSavePackage: Moving '../../../../../Unreal Projects/Plan-X/PlanX/Saved/MotionControllerPawn0E7EFBC449528167A2585F8302C6CBB2.tmp' to '../../../../../Unreal Projects/Plan-X/PlanX/Content/VirtualRealityBP/Blueprints/MotionControllerPawn.uasset'
[2017.09.19-00.43.05:839][675]LogSavePackage: Display: Finished SavePackage ../../../../../Unreal Projects/Plan-X/PlanX/Content/VirtualRealityBP/Blueprints/MotionControllerPawn.uasset
[2017.09.19-00.43.06:381][712]BlueprintLog: New page: Compile MotionControllerPawn
[2017.09.19-00.43.07:413][732]LogSavePackage: Save=296.94ms
[2017.09.19-00.43.07:413][732]LogSavePackage: Moving '../../../../../Unreal Projects/Plan-X/PlanX/Saved/MotionControllerPawn34EC23124FE1D63749D060B90CEEA62F.tmp' to '../../../../../Unreal Projects/Plan-X/PlanX/Content/VirtualRealityBP/Blueprints/MotionControllerPawn.uasset'
[2017.09.19-00.43.07:414][732]LogSavePackage: Display: Finished SavePackage ../../../../../Unreal Projects/Plan-X/PlanX/Content/VirtualRealityBP/Blueprints/MotionControllerPawn.uasset
[2017.09.19-00.43.13:476][147]BlueprintLog: New page: Compile MotionControllerPawn
[2017.09.19-00.43.14:671][179]LogSavePackage: Save=294.57ms
[2017.09.19-00.43.14:671][179]LogSavePackage: Moving '../../../../../Unreal Projects/Plan-X/PlanX/Saved/MotionControllerPawnA103CC3743157458376B8383BBFE6D1C.tmp' to '../../../../../Unreal Projects/Plan-X/PlanX/Content/VirtualRealityBP/Blueprints/MotionControllerPawn.uasset'
[2017.09.19-00.43.14:675][179]LogSavePackage: Display: Finished SavePackage ../../../../../Unreal Projects/Plan-X/PlanX/Content/VirtualRealityBP/Blueprints/MotionControllerPawn.uasset
[2017.09.19-00.43.20:348][641]LogBlueprintUserMessages: Early PlayInEditor Detection: Level '/Game/VirtualRealityBP/Maps/MotionControllerMap.MotionControllerMap:PersistentLevel' has LevelScriptBlueprint '/Game/VirtualRealityBP/Maps/MotionControllerMap.MotionControllerMap:PersistentLevel.MotionControllerMap' with GeneratedClass '/Game/VirtualRealityBP/Maps/MotionControllerMap.MotionControllerMap_C' with ClassGeneratedBy '/Game/VirtualRealityBP/Maps/MotionControllerMap.MotionControllerMap:PersistentLevel.MotionControllerMap'
[2017.09.19-00.43.20:348][641]LogPlayLevel: PlayLevel: No blueprints needed recompiling
[2017.09.19-00.43.20:348][641]PIE: New page: PIE session: MotionControllerMap (Sep 18, 2017, 4:43:20 PM)
[2017.09.19-00.43.20:348][641]LogPlayLevel: Creating play world package: /Game/VirtualRealityBP/Maps/UEDPIE_0_MotionControllerMap
[2017.09.19-00.43.20:358][641]LogPlayLevel: PIE: StaticDuplicateObject took: (0.009504s)
[2017.09.19-00.43.20:358][641]LogAIModule: Creating AISystem for world MotionControllerMap
[2017.09.19-00.43.20:358][641]LogPlayLevel: PIE: World Init took: (0.000667s)
[2017.09.19-00.43.20:359][641]LogPlayLevel: PIE: Created PIE world by copying editor world from /Game/VirtualRealityBP/Maps/MotionControllerMap.MotionControllerMap to /Game/VirtualRealityBP/Maps/UEDPIE_0_MotionControllerMap.MotionControllerMap (0.010471s)
[2017.09.19-00.43.20:392][641]LogInit: XAudio2 using 'REAL SPEAKERS!!!!!!!!!! (Realtek High Definition Audio)' : 2 channels at 48 kHz using 32 bits per sample (channel mask 0x3)
[2017.09.19-00.43.20:402][641]LogInit: FAudioDevice initialized.
[2017.09.19-00.43.20:488][641]LogLoad: Game class is 'GameMode'
[2017.09.19-00.43.20:490][641]LogWorld: Bringing World /Game/VirtualRealityBP/Maps/UEDPIE_0_MotionControllerMap.MotionControllerMap up for play (max tick rate 0) at 2017.09.18-20.43.20
[2017.09.19-00.43.20:491][641]LogWorld: Bringing up level for play took: 0.002411
[2017.09.19-00.43.20:491][641]LogGameMode: Display: Match State Changed from EnteringMap to WaitingToStart
[2017.09.19-00.43.20:491][641]LogGameState: Match State Changed from EnteringMap to WaitingToStart
[2017.09.19-00.43.20:491][641]LogGameMode: Display: Match State Changed from WaitingToStart to InProgress
[2017.09.19-00.43.20:493][641]LogUnrealMath: Error: FMatrix::InverseFast(), trying to invert a NIL matrix, this results in NaNs! Use Inverse() instead.
[2017.09.19-00.43.20:510][641]LogOutputDevice: Warning: 

Script Stack:
BP_MotionController_C.SetupRoomScaleOutline
BP_MotionController_C.ExecuteUbergraph_BP_MotionController
BP_MotionController_C.ReceiveBeginPlay
MotionControllerPawn_C.ExecuteUbergraph_MotionControllerPawn
MotionControllerPawn_C.Initalize VR
MotionControllerPawn_C.ExecuteUbergraph_MotionControllerPawn
MotionControllerPawn_C.ReceiveBeginPlay

[2017.09.19-00.43.20:946][641]LogStats: FPlatformStackWalk::StackWalkAndDump -  0.431 s
[2017.09.19-00.43.20:947][641]LogOutputDevice: Error: === Handled ensure: ===
[2017.09.19-00.43.20:947][641]LogOutputDevice: Error: 
[2017.09.19-00.43.20:947][641]LogOutputDevice: Error: Ensure condition failed: false [File:D:\Build\++UE4+Release-4.17+Compile\Sync\Engine\Source\Runtime\Core\Private\Math\Matrix.cpp] [Line: 8]
[2017.09.19-00.43.20:947][641]LogOutputDevice: Error: FMatrix::InverseFast(), trying to invert a NIL matrix, this results in NaNs! Use Inverse() instead.
[2017.09.19-00.43.20:947][641]LogOutputDevice: Error: Stack: 
[2017.09.19-00.43.20:947][641]LogOutputDevice: Error: UE4Editor-Core.dll!0x00000000BA6F3606
[2017.09.19-00.43.20:947][641]LogOutputDevice: Error: UE4Editor-Core.dll!0x00000000BA47C2D2
[2017.09.19-00.43.20:947][641]LogOutputDevice: Error: UE4Editor-Core.dll!0x00000000BA494746
[2017.09.19-00.43.20:947][641]LogOutputDevice: Error: UE4Editor-Core.dll!0x00000000BA41E1A1
[2017.09.19-00.43.20:947][641]LogOutputDevice: Error: UE4Editor-Engine.dll!0x00000000AC1D74CB
[2017.09.19-00.43.20:947][641]LogOutputDevice: Error: UE4Editor-Engine.dll!0x00000000ACB3AE63
[2017.09.19-00.43.20:947][641]LogOutputDevice: Error: UE4Editor-Engine.dll!0x00000000ACB71A74
[2017.09.19-00.43.20:947][641]LogOutputDevice: Error: UE4Editor-CoreUObject.dll!0x00000000E530EF44
[2017.09.19-00.43.20:947][641]LogOutputDevice: Error: UE4Editor-CoreUObject.dll!0x00000000E54CDF94
[2017.09.19-00.43.20:947][641]LogOutputDevice: Error: UE4Editor-CoreUObject.dll!0x00000000E54E32F1
[2017.09.19-00.43.20:947][641]LogOutputDevice: Error: UE4Editor-CoreUObject.dll!0x00000000E54E54D2
[2017.09.19-00.43.20:947][641]LogOutputDevice: Error: UE4Editor-CoreUObject.dll!0x00000000E54CE99E
[2017.09.19-00.43.20:947][641]LogOutputDevice: Error: UE4Editor-CoreUObject.dll!0x00000000E54E54D2
[2017.09.19-00.43.20:947][641]LogOutputDevice: Error: UE4Editor-CoreUObject.dll!0x00000000E54CE99E
[2017.09.19-00.43.20:947][641]LogOutputDevice: Error: UE4Editor-CoreUObject.dll!0x00000000E54E54D2
[2017.09.19-00.43.20:947][641]LogOutputDevice: Error: UE4Editor-CoreUObject.dll!0x00000000E530EF44
[2017.09.19-00.43.20:947][641]LogOutputDevice: Error: UE4Editor-CoreUObject.dll!0x00000000E54E4865
[2017.09.19-00.43.20:947][641]LogOutputDevice: Error: UE4Editor-Engine.dll!0x00000000AC2BB217
[2017.09.19-00.43.20:947][641]LogOutputDevice: Error: UE4Editor-Engine.dll!0x00000000AD4657A7
[2017.09.19-00.43.20:947][641]LogOutputDevice: Error: UE4Editor-Engine.dll!0x00000000AC27DC0F
[2017.09.19-00.43.20:947][641]LogOutputDevice: Error: UE4Editor-Engine.dll!0x00000000AC28ABAB
[2017.09.19-00.43.20:947][641]LogOutputDevice: Error: UE4Editor-Engine.dll!0x00000000AC2B6939
[2017.09.19-00.43.20:947][641]LogOutputDevice: Error: UE4Editor-Engine.dll!0x00000000AC297DE3
[2017.09.19-00.43.20:947][641]LogOutputDevice: Error: UE4Editor-Engine.dll!0x00000000AC9BBCB9
[2017.09.19-00.43.20:947][641]LogOutputDevice: Error: UE4Editor-Engine.dll!0x00000000AC2F0576
[2017.09.19-00.43.20:947][641]LogOutputDevice: Error: UE4Editor-CoreUObject.dll!0x00000000E530EF44
[2017.09.19-00.43.20:947][641]LogOutputDevice: Error: UE4Editor-CoreUObject.dll!0x00000000E54CDF94
[2017.09.19-00.43.20:947][641]LogOutputDevice: Error: UE4Editor-CoreUObject.dll!0x00000000E54E32F1
[2017.09.19-00.43.20:947][641]LogOutputDevice: Error: UE4Editor-CoreUObject.dll!0x00000000E550CF94
[2017.09.19-00.43.20:947][641]LogOutputDevice: Error: UE4Editor-CoreUObject.dll!0x00000000E54E54D2
[2017.09.19-00.43.20:947][641]LogOutputDevice: Error: UE4Editor-CoreUObject.dll!0x00000000E54CE99E
[2017.09.19-00.43.20:947][641]LogOutputDevice: Error: UE4Editor-CoreUObject.dll!0x00000000E54E54D2
[2017.09.19-00.43.20:947][641]LogOutputDevice: Error: UE4Editor-CoreUObject.dll!0x00000000E54CE99E
[2017.09.19-00.43.20:947][641]LogOutputDevice: Error: UE4Editor-CoreUObject.dll!0x00000000E54E54D2
[2017.09.19-00.43.20:947][641]LogOutputDevice: Error: UE4Editor-CoreUObject.dll!0x00000000E54CE99E
[2017.09.19-00.43.20:947][641]LogOutputDevice: Error: UE4Editor-CoreUObject.dll!0x00000000E54E54D2
[2017.09.19-00.43.20:947][641]LogOutputDevice: Error: UE4Editor-CoreUObject.dll!0x00000000E530EF44
[2017.09.19-00.43.20:947][641]LogOutputDevice: Error: UE4Editor-CoreUObject.dll!0x00000000E54E4865
[2017.09.19-00.43.20:947][641]LogOutputDevice: Error: UE4Editor-Engine.dll!0x00000000AC2BB217
[2017.09.19-00.43.20:947][641]LogOutputDevice: Error: UE4Editor-Engine.dll!0x00000000AD4657A7
[2017.09.19-00.43.20:947][641]LogOutputDevice: Error: UE4Editor-Engine.dll!0x00000000AC27DC0F
[2017.09.19-00.43.20:947][641]LogOutputDevice: Error: UE4Editor-Engine.dll!0x00000000AC28ABAB
[2017.09.19-00.43.20:947][641]LogOutputDevice: Error: UE4Editor-Engine.dll!0x00000000AD44A4D1
[2017.09.19-00.43.20:947][641]LogOutputDevice: Error: UE4Editor-Engine.dll!0x00000000AC9C60DC
[2017.09.19-00.43.20:947][641]LogOutputDevice: Error: UE4Editor-Engine.dll!0x00000000AC9E2CA3
[2017.09.19-00.43.20:947][641]LogOutputDevice: Error: UE4Editor-Engine.dll!0x00000000AC9E73A3
[2017.09.19-00.43.20:947][641]LogOutputDevice: Error: UE4Editor-Engine.dll!0x00000000AD435C7E
[2017.09.19-00.43.20:947][641]LogOutputDevice: Error: UE4Editor-Engine.dll!0x00000000AC9E7B26
[2017.09.19-00.43.20:947][641]LogOutputDevice: Error: UE4Editor-UnrealEd.dll!0x00000000AB21A70C
[2017.09.19-00.43.20:947][641]LogOutputDevice: Error: UE4Editor-UnrealEd.dll!0x00000000AB2450EE
[2017.09.19-00.43.20:947][641]LogOutputDevice: Error: UE4Editor-UnrealEd.dll!0x00000000AB260C34
[2017.09.19-00.43.20:947][641]LogOutputDevice: Error: UE4Editor-UnrealEd.dll!0x00000000AACCBDB8
[2017.09.19-00.43.20:947][641]LogOutputDevice: Error: UE4Editor-UnrealEd.dll!0x00000000AB55CEE6
[2017.09.19-00.43.20:947][641]LogOutputDevice: Error: UE4Editor.exe!0x0000000050B2534A
[2017.09.19-00.43.20:947][641]LogOutputDevice: Error: UE4Editor.exe!0x0000000050B33970
[2017.09.19-00.43.20:947][641]LogOutputDevice: Error: UE4Editor.exe!0x0000000050B339EA
[2017.09.19-00.43.20:947][641]LogOutputDevice: Error: UE4Editor.exe!0x0000000050B402D9
[2017.09.19-00.43.20:947][641]LogOutputDevice: Error: UE4Editor.exe!0x0000000050B41C47
[2017.09.19-00.43.20:947][641]LogOutputDevice: Error: KERNEL32.DLL!0x00000000F07C8364
[2017.09.19-00.43.20:947][641]LogOutputDevice: Error: ntdll.dll!0x00000000F31E7091
[2017.09.19-00.43.20:947][641]LogOutputDevice: Error: 
[2017.09.19-00.43.20:956][641]LogStats:                SubmitErrorReport -  0.000 s
[2017.09.19-00.43.25:588][641]LogStats:                    SendNewReport -  4.632 s
[2017.09.19-00.43.25:588][641]LogStats:             FDebug::EnsureFailed -  5.096 s
[2017.09.19-00.43.25:588][641]LogUnrealMath: Error: FMatrix::InverseFast(), trying to invert a NIL matrix, this results in NaNs! Use Inverse() instead.
[2017.09.19-00.43.25:588][641]LogUnrealMath: Error: FMatrix::InverseFast(), trying to invert a NIL matrix, this results in NaNs! Use Inverse() instead.
[2017.09.19-00.43.25:588][641]LogUnrealMath: Error: FMatrix::InverseFast(), trying to invert a NIL matrix, this results in NaNs! Use Inverse() instead.
[2017.09.19-00.43.25:588][641]LogBlueprint: Warning: SetRelativeScale3D : Invalid Scale entered (X=0.000 Y=-nan(ind) Z=70.000). Resetting to 1.f.
[2017.09.19-00.43.25:590][641]LogUnrealMath: Error: FMatrix::InverseFast(), trying to invert a NIL matrix, this results in NaNs! Use Inverse() instead.
[2017.09.19-00.43.25:590][641]LogUnrealMath: Error: FMatrix::InverseFast(), trying to invert a NIL matrix, this results in NaNs! Use Inverse() instead.
[2017.09.19-00.43.25:590][641]LogUnrealMath: Error: FMatrix::InverseFast(), trying to invert a NIL matrix, this results in NaNs! Use Inverse() instead.
[2017.09.19-00.43.25:590][641]LogUnrealMath: Error: FMatrix::InverseFast(), trying to invert a NIL matrix, this results in NaNs! Use Inverse() instead.
[2017.09.19-00.43.25:590][641]LogBlueprint: Warning: SetRelativeScale3D : Invalid Scale entered (X=0.000 Y=-nan(ind) Z=70.000). Resetting to 1.f.
[2017.09.19-00.43.25:590][641]LogGameState: Match State Changed from WaitingToStart to InProgress
[2017.09.19-00.43.25:597][641]PIE: Play in editor start time for /Game/VirtualRealityBP/Maps/UEDPIE_0_MotionControllerMap 5.462
[2017.09.19-00.43.25:609][641]LogBlueprintUserMessages: Late PlayInEditor Detection: Level '/Game/VirtualRealityBP/Maps/MotionControllerMap.MotionControllerMap:PersistentLevel' has LevelScriptBlueprint '/Game/VirtualRealityBP/Maps/MotionControllerMap.MotionControllerMap:PersistentLevel.MotionControllerMap' with GeneratedClass '/Game/VirtualRealityBP/Maps/MotionControllerMap.MotionControllerMap_C' with ClassGeneratedBy '/Game/VirtualRealityBP/Maps/MotionControllerMap.MotionControllerMap:PersistentLevel.MotionControllerMap'
[2017.09.19-00.43.47:978][641]LogBlueprintUserMessages: Early EndPlayMap Detection: Level '/Game/VirtualRealityBP/Maps/MotionControllerMap.MotionControllerMap:PersistentLevel' has LevelScriptBlueprint '/Game/VirtualRealityBP/Maps/MotionControllerMap.MotionControllerMap:PersistentLevel.MotionControllerMap' with GeneratedClass '/Game/VirtualRealityBP/Maps/MotionControllerMap.MotionControllerMap_C' with ClassGeneratedBy '/Game/VirtualRealityBP/Maps/MotionControllerMap.MotionControllerMap:PersistentLevel.MotionControllerMap'
[2017.09.19-00.43.48:136][641]LogBlueprintUserMessages: Late EndPlayMap Detection: Level '/Game/VirtualRealityBP/Maps/MotionControllerMap.MotionControllerMap:PersistentLevel' has LevelScriptBlueprint '/Game/VirtualRealityBP/Maps/MotionControllerMap.MotionControllerMap:PersistentLevel.MotionControllerMap' with GeneratedClass '/Game/VirtualRealityBP/Maps/MotionControllerMap.MotionControllerMap_C' with ClassGeneratedBy '/Game/VirtualRealityBP/Maps/MotionControllerMap.MotionControllerMap:PersistentLevel.MotionControllerMap'
[2017.09.19-00.44.21:930][788]BlueprintLog: New page: Compile MotionControllerPawn
[2017.09.19-00.44.23:288][826]LogSavePackage: Save=292.31ms
[2017.09.19-00.44.23:288][826]LogSavePackage: Moving '../../../../../Unreal Projects/Plan-X/PlanX/Saved/MotionControllerPawnC3A7682F403E42C6C0DD9380166A90FA.tmp' to '../../../../../Unreal Projects/Plan-X/PlanX/Content/VirtualRealityBP/Blueprints/MotionControllerPawn.uasset'
[2017.09.19-00.44.23:291][826]LogSavePackage: Display: Finished SavePackage ../../../../../Unreal Projects/Plan-X/PlanX/Content/VirtualRealityBP/Blueprints/MotionControllerPawn.uasset
[2017.09.19-00.44.23:670][851]BlueprintLog: New page: Compile MotionControllerPawn
[2017.09.19-00.44.24:614][863]LogSavePackage: Save=290.64ms
[2017.09.19-00.44.24:614][863]LogSavePackage: Moving '../../../../../Unreal Projects/Plan-X/PlanX/Saved/MotionControllerPawnC8043F2944D4DF9B7CBD199BDBAE8135.tmp' to '../../../../../Unreal Projects/Plan-X/PlanX/Content/VirtualRealityBP/Blueprints/MotionControllerPawn.uasset'
[2017.09.19-00.44.24:615][863]LogSavePackage: Display: Finished SavePackage ../../../../../Unreal Projects/Plan-X/PlanX/Content/VirtualRealityBP/Blueprints/MotionControllerPawn.uasset
[2017.09.19-00.45.53:263][404]BlueprintLog: New page: Compile MotionControllerPawn
[2017.09.19-00.45.54:600][439]LogSavePackage: Save=297.01ms
[2017.09.19-00.45.54:600][439]LogSavePackage: Moving '../../../../../Unreal Projects/Plan-X/PlanX/Saved/MotionControllerPawn7611B4A9450CD63EF781DCB12A76ADB4.tmp' to '../../../../../Unreal Projects/Plan-X/PlanX/Content/VirtualRealityBP/Blueprints/MotionControllerPawn.uasset'
[2017.09.19-00.45.54:604][439]LogSavePackage: Display: Finished SavePackage ../../../../../Unreal Projects/Plan-X/PlanX/Content/VirtualRealityBP/Blueprints/MotionControllerPawn.uasset
[2017.09.19-00.46.26:590][592]BlueprintLog: New page: Compile MotionControllerPawn
[2017.09.19-00.46.27:647][605]LogSavePackage: Save=298.49ms
[2017.09.19-00.46.27:647][605]LogSavePackage: Moving '../../../../../Unreal Projects/Plan-X/PlanX/Saved/MotionControllerPawn78734C8F487E25D2BAAC0B90A4745948.tmp' to '../../../../../Unreal Projects/Plan-X/PlanX/Content/VirtualRealityBP/Blueprints/MotionControllerPawn.uasset'
[2017.09.19-00.46.27:650][605]LogSavePackage: Display: Finished SavePackage ../../../../../Unreal Projects/Plan-X/PlanX/Content/VirtualRealityBP/Blueprints/MotionControllerPawn.uasset
[2017.09.19-00.47.05:464][333]BlueprintLog: New page: Compile MotionControllerPawn
[2017.09.19-00.47.06:687][355]LogSavePackage: Save=303.93ms
[2017.09.19-00.47.06:687][355]LogSavePackage: Moving '../../../../../Unreal Projects/Plan-X/PlanX/Saved/MotionControllerPawn36DC780D4059720CA9698CB33A07FA89.tmp' to '../../../../../Unreal Projects/Plan-X/PlanX/Content/VirtualRealityBP/Blueprints/MotionControllerPawn.uasset'
[2017.09.19-00.47.06:690][355]LogSavePackage: Display: Finished SavePackage ../../../../../Unreal Projects/Plan-X/PlanX/Content/VirtualRealityBP/Blueprints/MotionControllerPawn.uasset
[2017.09.19-00.48.03:868][453]Cmd: OBJ SAVEPACKAGE PACKAGE="/Game/VirtualRealityBP/Blueprints/Pawn_Zero_Bounce" FILE="../../../../../Unreal Projects/Plan-X/PlanX/Content/VirtualRealityBP/Blueprints/Pawn_Zero_Bounce.uasset" SILENT=true
[2017.09.19-00.48.03:881][453]LogSavePackage: Save=7.50ms
[2017.09.19-00.48.03:881][453]LogSavePackage: Moving '../../../../../Unreal Projects/Plan-X/PlanX/Saved/Pawn_Zero_Bounce4C273EB04C2372E1813AD0AF5AD6585E.tmp' to '../../../../../Unreal Projects/Plan-X/PlanX/Content/VirtualRealityBP/Blueprints/Pawn_Zero_Bounce.uasset'
[2017.09.19-00.48.03:884][453]LogSavePackage: Display: Finished SavePackage ../../../../../Unreal Projects/Plan-X/PlanX/Content/VirtualRealityBP/Blueprints/Pawn_Zero_Bounce.uasset
[2017.09.19-00.48.13:259][903]Cmd: OBJ SAVEPACKAGE PACKAGE="/Game/VirtualRealityBP/Blueprints/Pawn_Zero_Bounce" FILE="../../../../../Unreal Projects/Plan-X/PlanX/Content/VirtualRealityBP/Blueprints/Pawn_Zero_Bounce.uasset" SILENT=true
[2017.09.19-00.48.13:273][903]LogSavePackage: Save=4.31ms
[2017.09.19-00.48.13:273][903]LogSavePackage: Moving '../../../../../Unreal Projects/Plan-X/PlanX/Saved/Pawn_Zero_Bounce3877B5EE4830E25211E2B79EE495974A.tmp' to '../../../../../Unreal Projects/Plan-X/PlanX/Content/VirtualRealityBP/Blueprints/Pawn_Zero_Bounce.uasset'
[2017.09.19-00.48.13:275][903]LogSavePackage: Display: Finished SavePackage ../../../../../Unreal Projects/Plan-X/PlanX/Content/VirtualRealityBP/Blueprints/Pawn_Zero_Bounce.uasset
[2017.09.19-00.48.21:922][404]BlueprintLog: New page: Compile MotionControllerPawn
[2017.09.19-00.48.52:446][922]LogSlate: Took 0.000314 seconds to synchronously load lazily loaded font '../../../Engine/Content/Slate/Fonts/Roboto-Light.ttf' (159K)
[2017.09.19-00.48.55:558][ 97]BlueprintLog: New page: Compile MotionControllerPawn
[2017.09.19-00.48.56:849][124]LogSavePackage: Save=298.65ms
[2017.09.19-00.48.56:849][124]LogSavePackage: Moving '../../../../../Unreal Projects/Plan-X/PlanX/Saved/MotionControllerPawn4F4807A94004BCE6C824F2A580EF22E2.tmp' to '../../../../../Unreal Projects/Plan-X/PlanX/Content/VirtualRealityBP/Blueprints/MotionControllerPawn.uasset'
[2017.09.19-00.48.56:852][124]LogSavePackage: Display: Finished SavePackage ../../../../../Unreal Projects/Plan-X/PlanX/Content/VirtualRealityBP/Blueprints/MotionControllerPawn.uasset
[2017.09.19-00.49.01:476][171]BlueprintLog: New page: Compile MotionControllerPawn
[2017.09.19-00.49.02:426][196]BlueprintLog: New page: Compile MotionControllerPawn
[2017.09.19-00.49.03:554][214]LogSavePackage: Save=297.91ms
[2017.09.19-00.49.03:554][214]LogSavePackage: Moving '../../../../../Unreal Projects/Plan-X/PlanX/Saved/MotionControllerPawnDA50E12244B2664D13111BB5BAFEC466.tmp' to '../../../../../Unreal Projects/Plan-X/PlanX/Content/VirtualRealityBP/Blueprints/MotionControllerPawn.uasset'
[2017.09.19-00.49.03:556][214]LogSavePackage: Display: Finished SavePackage ../../../../../Unreal Projects/Plan-X/PlanX/Content/VirtualRealityBP/Blueprints/MotionControllerPawn.uasset
[2017.09.19-00.51.20:604][820]LogSavePackage: Save=143.55ms
[2017.09.19-00.51.20:604][820]LogSavePackage: Moving '../../../../../Unreal Projects/Plan-X/PlanX/Saved/MotionControllerMap_Auto1C364AAE24E97D014001B35B56CC4AF85.tmp' to '../../../../../Unreal Projects/Plan-X/PlanX/Saved/Autosaves/Game/VirtualRealityBP/Maps/MotionControllerMap_Auto1.umap'
[2017.09.19-00.51.20:606][820]LogSavePackage: Display: Finished SavePackage ../../../../../Unreal Projects/Plan-X/PlanX/Saved/Autosaves/Game/VirtualRealityBP/Maps/MotionControllerMap_Auto1.umap
[2017.09.19-00.51.20:609][820]LogFileHelpers: Editor autosave (incl. sublevels) for '/Game/VirtualRealityBP/Maps/MotionControllerMap' took 0.215
[2017.09.19-00.51.20:609][820]LogFileHelpers: Editor autosave (incl. sublevels) for all levels took 0.215
[2017.09.19-00.59.52:042][638]BlueprintLog: New page: Compile MotionControllerPawn
[2017.09.19-00.59.53:797][690]LogSavePackage: Save=291.22ms
[2017.09.19-00.59.53:797][690]LogSavePackage: Moving '../../../../../Unreal Projects/Plan-X/PlanX/Saved/MotionControllerPawn752CF3E04A47F105F9468290CB4C614D.tmp' to '../../../../../Unreal Projects/Plan-X/PlanX/Content/VirtualRealityBP/Blueprints/MotionControllerPawn.uasset'
[2017.09.19-00.59.53:801][690]LogSavePackage: Display: Finished SavePackage ../../../../../Unreal Projects/Plan-X/PlanX/Content/VirtualRealityBP/Blueprints/MotionControllerPawn.uasset
[2017.09.19-01.00.39:115][847]BlueprintLog: New page: Compile MotionControllerPawn
[2017.09.19-01.00.40:288][865]LogSavePackage: Save=313.36ms
[2017.09.19-01.00.40:288][865]LogSavePackage: Moving '../../../../../Unreal Projects/Plan-X/PlanX/Saved/MotionControllerPawnECCF2FA54E1106F72D088AB1531AA736.tmp' to '../../../../../Unreal Projects/Plan-X/PlanX/Content/VirtualRealityBP/Blueprints/MotionControllerPawn.uasset'
[2017.09.19-01.00.40:289][865]LogSavePackage: Display: Finished SavePackage ../../../../../Unreal Projects/Plan-X/PlanX/Content/VirtualRealityBP/Blueprints/MotionControllerPawn.uasset
[2017.09.19-01.01.29:046][ 50]LogSavePackage: Save=152.84ms
[2017.09.19-01.01.29:048][ 50]LogSavePackage: Moving '../../../../../Unreal Projects/Plan-X/PlanX/Saved/MotionControllerMap_Auto28D3BC22C46A9BA685E780E8B40B9A231.tmp' to '../../../../../Unreal Projects/Plan-X/PlanX/Saved/Autosaves/Game/VirtualRealityBP/Maps/MotionControllerMap_Auto2.umap'
[2017.09.19-01.01.29:051][ 50]LogSavePackage: Display: Finished SavePackage ../../../../../Unreal Projects/Plan-X/PlanX/Saved/Autosaves/Game/VirtualRealityBP/Maps/MotionControllerMap_Auto2.umap
[2017.09.19-01.01.29:054][ 50]LogFileHelpers: Editor autosave (incl. sublevels) for '/Game/VirtualRealityBP/Maps/MotionControllerMap' took 0.211
[2017.09.19-01.01.29:054][ 50]LogFileHelpers: Editor autosave (incl. sublevels) for all levels took 0.211
[2017.09.19-01.03.04:842][338]BlueprintLog: New page: Compile MotionControllerPawn
[2017.09.19-01.11.29:508][870]LogSavePackage: Save=161.93ms
[2017.09.19-01.11.29:508][870]LogSavePackage: Moving '../../../../../Unreal Projects/Plan-X/PlanX/Saved/MotionControllerMap_Auto3F0796A30459F93E2C552A1AB2A527146.tmp' to '../../../../../Unreal Projects/Plan-X/PlanX/Saved/Autosaves/Game/VirtualRealityBP/Maps/MotionControllerMap_Auto3.umap'
[2017.09.19-01.11.29:510][870]LogSavePackage: Display: Finished SavePackage ../../../../../Unreal Projects/Plan-X/PlanX/Saved/Autosaves/Game/VirtualRealityBP/Maps/MotionControllerMap_Auto3.umap
[2017.09.19-01.11.29:512][870]LogFileHelpers: Editor autosave (incl. sublevels) for '/Game/VirtualRealityBP/Maps/MotionControllerMap' took 0.235
[2017.09.19-01.11.29:512][870]LogFileHelpers: Editor autosave (incl. sublevels) for all levels took 0.235
[2017.09.19-01.26.07:286][513]BlueprintLog: New page: Compile MotionControllerPawn
[2017.09.19-01.26.08:507][536]LogSavePackage: Save=332.55ms
[2017.09.19-01.26.08:507][536]LogSavePackage: Moving '../../../../../Unreal Projects/Plan-X/PlanX/Saved/MotionControllerPawn2F153C1D49962A3FA83978ACDC4F4D01.tmp' to '../../../../../Unreal Projects/Plan-X/PlanX/Content/VirtualRealityBP/Blueprints/MotionControllerPawn.uasset'
[2017.09.19-01.26.08:511][536]LogSavePackage: Display: Finished SavePackage ../../../../../Unreal Projects/Plan-X/PlanX/Content/VirtualRealityBP/Blueprints/MotionControllerPawn.uasset
[2017.09.19-01.27.24:913][521]LogSavePackage: Save=172.13ms
[2017.09.19-01.27.24:913][521]LogSavePackage: Moving '../../../../../Unreal Projects/Plan-X/PlanX/Saved/MotionControllerMap_Auto4788453084DD1CA0523E4E0BDF5C8C019.tmp' to '../../../../../Unreal Projects/Plan-X/PlanX/Saved/Autosaves/Game/VirtualRealityBP/Maps/MotionControllerMap_Auto4.umap'
[2017.09.19-01.27.24:914][521]LogSavePackage: Display: Finished SavePackage ../../../../../Unreal Projects/Plan-X/PlanX/Saved/Autosaves/Game/VirtualRealityBP/Maps/MotionControllerMap_Auto4.umap
[2017.09.19-01.27.24:916][521]LogFileHelpers: Editor autosave (incl. sublevels) for '/Game/VirtualRealityBP/Maps/MotionControllerMap' took 0.216
[2017.09.19-01.27.24:916][521]LogFileHelpers: Editor autosave (incl. sublevels) for all levels took 0.216
[2017.09.19-01.27.24:919][521]OBJ SavePackage: Generating thumbnails for [0] asset(s) in package [/Game/VirtualRealityBP/Blueprints/MotionControllerPawn] ([1] browsable assets)...
[2017.09.19-01.27.24:919][521]OBJ SavePackage: Finished generating thumbnails for package [/Game/VirtualRealityBP/Blueprints/MotionControllerPawn]
[2017.09.19-01.27.25:318][521]LogSavePackage: Save=389.56ms
[2017.09.19-01.27.25:318][521]LogSavePackage: Moving '../../../../../Unreal Projects/Plan-X/PlanX/Saved/MotionControllerPawn_Auto4EE94E3EC442106255EAB329B4A451C5A.tmp' to '../../../../../Unreal Projects/Plan-X/PlanX/Saved/Autosaves/Game/VirtualRealityBP/Blueprints/MotionControllerPawn_Auto4.uasset'
[2017.09.19-01.27.25:340][521]LogSavePackage: Display: Finished SavePackage ../../../../../Unreal Projects/Plan-X/PlanX/Saved/Autosaves/Game/VirtualRealityBP/Blueprints/MotionControllerPawn_Auto4.uasset
[2017.09.19-01.27.25:348][521]LogFileHelpers: Auto-saving content packages took 0.423
[2017.09.19-01.36.00:930][136]BlueprintLog: New page: Compile MotionControllerPawn
[2017.09.19-01.36.01:754][137]LogSavePackage: Save=318.55ms
[2017.09.19-01.36.01:754][137]LogSavePackage: Moving '../../../../../Unreal Projects/Plan-X/PlanX/Saved/MotionControllerPawnBCA7E0CD4771086F6E70E18651762D99.tmp' to '../../../../../Unreal Projects/Plan-X/PlanX/Content/VirtualRealityBP/Blueprints/MotionControllerPawn.uasset'
[2017.09.19-01.36.01:760][137]LogSavePackage: Display: Finished SavePackage ../../../../../Unreal Projects/Plan-X/PlanX/Content/VirtualRealityBP/Blueprints/MotionControllerPawn.uasset
[2017.09.19-01.36.41:583][518]LogSavePackage: Save=319.38ms
[2017.09.19-01.36.41:583][518]LogSavePackage: Moving '../../../../../Unreal Projects/Plan-X/PlanX/Saved/MotionControllerPawn033688704DDDFE7BD453DFA630EFDBCA.tmp' to '../../../../../Unreal Projects/Plan-X/PlanX/Content/VirtualRealityBP/Blueprints/MotionControllerPawn.uasset'
[2017.09.19-01.36.41:585][518]LogSavePackage: Display: Finished SavePackage ../../../../../Unreal Projects/Plan-X/PlanX/Content/VirtualRealityBP/Blueprints/MotionControllerPawn.uasset
[2017.09.19-01.37.26:068][873]LogSavePackage: Save=136.35ms
[2017.09.19-01.37.26:069][873]LogSavePackage: Moving '../../../../../Unreal Projects/Plan-X/PlanX/Saved/MotionControllerMap_Auto5B081283142BF2DDEF65A5795E9A424B2.tmp' to '../../../../../Unreal Projects/Plan-X/PlanX/Saved/Autosaves/Game/VirtualRealityBP/Maps/MotionControllerMap_Auto5.umap'
[2017.09.19-01.37.26:070][873]LogSavePackage: Display: Finished SavePackage ../../../../../Unreal Projects/Plan-X/PlanX/Saved/Autosaves/Game/VirtualRealityBP/Maps/MotionControllerMap_Auto5.umap
[2017.09.19-01.37.26:073][873]LogFileHelpers: Editor autosave (incl. sublevels) for '/Game/VirtualRealityBP/Maps/MotionControllerMap' took 0.178
[2017.09.19-01.37.26:073][873]LogFileHelpers: Editor autosave (incl. sublevels) for all levels took 0.178
[2017.09.19-04.03.44:332][  1]LogSavePackage: Save=186.24ms
[2017.09.19-04.03.44:333][  1]LogSavePackage: Moving '../../../../../Unreal Projects/Plan-X/PlanX/Saved/MotionControllerMap40239DA54842F12349B1C7810ABCD2BD.tmp' to '../../../../../Unreal Projects/Plan-X/PlanX/Content/VirtualRealityBP/Maps/MotionControllerMap.umap'
[2017.09.19-04.03.44:361][  1]LogSavePackage: Display: Finished SavePackage ../../../../../Unreal Projects/Plan-X/PlanX/Content/VirtualRealityBP/Maps/MotionControllerMap.umap
[2017.09.19-04.03.44:773][  1]LogSlate: Took 0.032974 seconds to synchronously load lazily loaded font '../../../Engine/Content/Slate/Fonts/Roboto-Regular.ttf' (155K)
[2017.09.19-04.03.44:775][  1]LogFileHelpers: Saving map 'MotionControllerMap' took 1.782
[2017.09.19-04.03.45:130][  1]LogWindowsTextInputMethodSystem: Display: IME system now deactivated.
[2017.09.19-04.03.46:811][  2]Cmd: QUIT_EDITOR
[2017.09.19-04.03.51:925][  2]LogExit: Preparing to exit.
[2017.09.19-04.03.57:061][  2]LogDirectoryWatcher: A directory notification failed for 'Q:/Unreal Projects/Plan-X/PlanX/Content/', and we were unable to create a new request.
[2017.09.19-04.03.58:981][  2]LogExit: Editor shut down
[2017.09.19-04.03.59:007][  2]LogExit: Transaction tracking system shut down
[2017.09.19-04.04.00:546][  2]LogDirectoryWatcher: A directory notification for '../../../Engine/Content/' was aborted.
[2017.09.19-04.04.00:546][  2]LogDirectoryWatcher: A directory notification for '../../../../../Unreal Projects/Plan-X/PlanX/Content/' was aborted.
[2017.09.19-04.04.00:546][  2]LogDirectoryWatcher: A directory notification for '../../../Engine/Plugins/Runtime/Oculus/OculusVR/Content/' was aborted.
[2017.09.19-04.04.00:546][  2]LogDirectoryWatcher: A directory notification for '../../../Engine/Plugins/Runtime/Steam/SteamVR/Content/' was aborted.
[2017.09.19-04.04.05:197][  2]LogExit: Object subsystem successfully closed.
[2017.09.19-04.04.05:740][  2]LogD3D11RHI: Shutdown
[2017.09.19-04.04.05:754][  2]LogD3D11RHI: CleanupD3DDevice
[2017.09.19-04.04.05:943][  2]LogD3D11RHI: ~FD3D11DynamicRHI
[2017.09.19-04.04.07:203][  2]LogModuleManager: Shutting down and abandoning module MovieSceneCapture (528)
[2017.09.19-04.04.07:203][  2]LogModuleManager: Shutting down and abandoning module BlueprintGraph (526)
[2017.09.19-04.04.07:203][  2]LogModuleManager: Shutting down and abandoning module BlueprintProfiler (524)
[2017.09.19-04.04.07:230][  2]LogModuleManager: Shutting down and abandoning module HierarchicalLODOutliner (522)
[2017.09.19-04.04.07:230][  2]LogModuleManager: Shutting down and abandoning module SceneOutliner (520)
[2017.09.19-04.04.07:236][  2]LogModuleManager: Shutting down and abandoning module AddContentDialog (518)
[2017.09.19-04.04.07:248][  2]LogDirectoryWatcher: A directory notification for 'Q:/Unreal Engine/UE_4.17/FeaturePacks/' was aborted.
[2017.09.19-04.04.07:509][  2]LogModuleManager: Shutting down and abandoning module WidgetCarousel (517)
[2017.09.19-04.04.07:509][  2]LogModuleManager: Shutting down and abandoning module EditorWidgets (514)
[2017.09.19-04.04.07:509][  2]LogModuleManager: Shutting down and abandoning module CollectionManager (512)
[2017.09.19-04.04.07:522][  2]LogDirectoryWatcher: A directory notification for 'Q:/Unreal Projects/Plan-X/PlanX/Content/Collections/' was aborted.
[2017.09.19-04.04.07:522][  2]LogDirectoryWatcher: A directory notification for 'Q:/Unreal Projects/Plan-X/PlanX/Content/Developers/RobertForbes/Collections/' was aborted.
[2017.09.19-04.04.07:522][  2]LogDirectoryWatcher: A directory notification for 'Q:/Unreal Projects/Plan-X/PlanX/Saved/Collections/' was aborted.
[2017.09.19-04.04.07:522][  2]LogModuleManager: Shutting down and abandoning module StatsViewer (510)
[2017.09.19-04.04.07:540][  2]LogModuleManager: Shutting down and abandoning module FoliageEdit (508)
[2017.09.19-04.04.07:540][  2]LogModuleManager: Shutting down and abandoning module LandscapeEditor (506)
[2017.09.19-04.04.07:608][  2]LogModuleManager: Shutting down and abandoning module MeshPaintMode (504)
[2017.09.19-04.04.07:608][  2]LogModuleManager: Shutting down and abandoning module MeshPaint (503)
[2017.09.19-04.04.07:635][  2]LogModuleManager: Shutting down and abandoning module SceneDepthPickerMode (500)
[2017.09.19-04.04.07:635][  2]LogModuleManager: Shutting down and abandoning module ActorPickerMode (498)
[2017.09.19-04.04.07:635][  2]LogModuleManager: Shutting down and abandoning module GeometryMode (496)
[2017.09.19-04.04.07:635][  2]LogModuleManager: Shutting down and abandoning module TextureAlignMode (494)
[2017.09.19-04.04.07:635][  2]LogModuleManager: Shutting down and abandoning module BspMode (492)
[2017.09.19-04.04.07:653][  2]LogModuleManager: Shutting down and abandoning module PIEPreviewDeviceProfileSelector (490)
[2017.09.19-04.04.07:653][  2]LogModuleManager: Shutting down and abandoning module HardwareSurvey (488)
[2017.09.19-04.04.07:653][  2]LogModuleManager: Shutting down and abandoning module SequenceRecorderSections (486)
[2017.09.19-04.04.07:677][  2]LogModuleManager: Shutting down and abandoning module AutomationWorker (484)
[2017.09.19-04.04.07:707][  2]LogModuleManager: Shutting down and abandoning module MatineeToLevelSequence (482)
[2017.09.19-04.04.07:721][  2]LogModuleManager: Shutting down and abandoning module LevelSequenceEditor (480)
[2017.09.19-04.04.07:805][  2]LogModuleManager: Shutting down and abandoning module PlacementMode (479)
[2017.09.19-04.04.07:806][  2]LogModuleManager: Shutting down and abandoning module WmfMediaFactory (476)
[2017.09.19-04.04.07:806][  2]LogModuleManager: Shutting down and abandoning module WmfMediaEditor (474)
[2017.09.19-04.04.07:806][  2]LogModuleManager: Shutting down and abandoning module AvfMediaFactory (472)
[2017.09.19-04.04.07:806][  2]LogModuleManager: Shutting down and abandoning module AvfMediaEditor (470)
[2017.09.19-04.04.07:806][  2]LogModuleManager: Shutting down and abandoning module AndroidMediaFactory (468)
[2017.09.19-04.04.07:806][  2]LogModuleManager: Shutting down and abandoning module Media (467)
[2017.09.19-04.04.07:806][  2]LogModuleManager: Shutting down and abandoning module AndroidMediaEditor (464)
[2017.09.19-04.04.07:806][  2]LogModuleManager: Shutting down and abandoning module CharacterAI (462)
[2017.09.19-04.04.07:806][  2]LogModuleManager: Shutting down and abandoning module AudioCapture (460)
[2017.09.19-04.04.07:806][  2]LogModuleManager: Shutting down and abandoning module SequenceRecorder (459)
[2017.09.19-04.04.07:817][  2]LogModuleManager: Shutting down and abandoning module SessionServices (456)
[2017.09.19-04.04.07:817][  2]LogModuleManager: Shutting down and abandoning module ViewportSnapping (454)
[2017.09.19-04.04.07:817][  2]LogModuleManager: Shutting down and abandoning module ViewportInteraction (452)
[2017.09.19-04.04.07:817][  2]LogModuleManager: Shutting down and abandoning module ClothPainter (450)
[2017.09.19-04.04.07:853][  2]LogModuleManager: Shutting down and abandoning module LogVisualizer (448)
[2017.09.19-04.04.07:899][  2]LogModuleManager: Shutting down and abandoning module IntroTutorials (446)
[2017.09.19-04.04.07:945][  2]LogModuleManager: Shutting down and abandoning module GameProjectGeneration (445)
[2017.09.19-04.04.07:984][  2]LogModuleManager: Shutting down and abandoning module IOSPlatformEditor (442)
[2017.09.19-04.04.07:984][  2]LogModuleManager: Shutting down and abandoning module HTML5PlatformEditor (440)
[2017.09.19-04.04.07:984][  2]LogModuleManager: Shutting down and abandoning module AndroidPlatformEditor (438)
[2017.09.19-04.04.07:984][  2]LogModuleManager: Shutting down and abandoning module AndroidDeviceDetection (437)
[2017.09.19-04.04.08:229][  2]LogModuleManager: Shutting down and abandoning module WindowsPlatformEditor (434)
[2017.09.19-04.04.08:229][  2]LogModuleManager: Shutting down and abandoning module IOSRuntimeSettings (432)
[2017.09.19-04.04.08:229][  2]LogModuleManager: Shutting down and abandoning module AndroidRuntimeSettings (430)
[2017.09.19-04.04.08:229][  2]LogModuleManager: Shutting down and abandoning module InputBindingEditor (428)
[2017.09.19-04.04.08:244][  2]LogModuleManager: Shutting down and abandoning module MergeActors (426)
[2017.09.19-04.04.08:275][  2]LogModuleManager: Shutting down and abandoning module SizeMap (424)
[2017.09.19-04.04.08:275][  2]LogModuleManager: Shutting down and abandoning module TreeMap (422)
[2017.09.19-04.04.08:304][  2]LogModuleManager: Shutting down and abandoning module ReferenceViewer (420)
[2017.09.19-04.04.08:304][  2]LogModuleManager: Shutting down and abandoning module LocalizationDashboard (418)
[2017.09.19-04.04.08:327][  2]LogModuleManager: Shutting down and abandoning module LocalizationService (417)
[2017.09.19-04.04.08:347][  2]LogModuleManager: Shutting down and abandoning module HardwareTargeting (414)
[2017.09.19-04.04.08:347][  2]LogModuleManager: Shutting down and abandoning module DeviceProfileEditor (412)
[2017.09.19-04.04.08:375][  2]LogModuleManager: Shutting down and abandoning module UndoHistory (410)
[2017.09.19-04.04.08:375][  2]LogModuleManager: Shutting down and abandoning module XmlParser (408)
[2017.09.19-04.04.08:384][  2]LogModuleManager: Shutting down and abandoning module Blutility (406)
[2017.09.19-04.04.08:384][  2]LogModuleManager: Shutting down and abandoning module ProjectSettingsViewer (404)
[2017.09.19-04.04.08:384][  2]LogModuleManager: Shutting down and abandoning module ProjectTargetPlatformEditor (403)
[2017.09.19-04.04.08:384][  2]LogModuleManager: Shutting down and abandoning module EditorSettingsViewer (400)
[2017.09.19-04.04.08:384][  2]LogModuleManager: Shutting down and abandoning module SettingsEditor (398)
[2017.09.19-04.04.08:413][  2]LogModuleManager: Shutting down and abandoning module ProjectLauncher (396)
[2017.09.19-04.04.08:431][  2]LogModuleManager: Shutting down and abandoning module SessionFrontend (394)
[2017.09.19-04.04.08:437][  2]LogModuleManager: Shutting down and abandoning module ProfilerClient (392)
[2017.09.19-04.04.08:444][  2]LogModuleManager: Shutting down and abandoning module DeviceManager (390)
[2017.09.19-04.04.08:460][  2]LogModuleManager: Shutting down and abandoning module TargetDeviceServices (389)
[2017.09.19-04.04.08:529][  2]LogModuleManager: Shutting down and abandoning module AutomationController (386)
[2017.09.19-04.04.08:556][  2]LogModuleManager: Shutting down and abandoning module AutomationWindow (384)
[2017.09.19-04.04.08:591][  2]LogModuleManager: Shutting down and abandoning module Layers (382)
[2017.09.19-04.04.08:644][  2]LogModuleManager: Shutting down and abandoning module ComponentVisualizers (380)
[2017.09.19-04.04.08:644][  2]LogModuleManager: Shutting down and abandoning module DetailCustomizations (378)
[2017.09.19-04.04.08:668][  2]LogModuleManager: Shutting down and abandoning module PackagesDialog (376)
[2017.09.19-04.04.08:669][  2]LogModuleManager: Shutting down and abandoning module Persona (374)
[2017.09.19-04.04.08:693][  2]LogModuleManager: Shutting down and abandoning module AdvancedPreviewScene (373)
[2017.09.19-04.04.08:693][  2]LogModuleManager: Shutting down and abandoning module AnimGraph (371)
[2017.09.19-04.04.08:699][  2]LogModuleManager: Shutting down and abandoning module Kismet (368)
[2017.09.19-04.04.08:838][  2]LogModuleManager: Shutting down and abandoning module LevelEditor (367)
[2017.09.19-04.04.08:863][  2]LogModuleManager: Shutting down and abandoning module PixelInspectorModule (366)
[2017.09.19-04.04.08:895][  2]LogModuleManager: Shutting down and abandoning module ClassViewer (362)
[2017.09.19-04.04.08:897][  2]LogModuleManager: Shutting down and abandoning module Toolbox (360)
[2017.09.19-04.04.08:897][  2]LogModuleManager: Shutting down and abandoning module ModuleUI (358)
[2017.09.19-04.04.08:920][  2]LogModuleManager: Shutting down and abandoning module MovieSceneTools (356)
[2017.09.19-04.04.08:948][  2]LogModuleManager: Shutting down and abandoning module OutputLog (354)
[2017.09.19-04.04.08:972][  2]LogModuleManager: Shutting down and abandoning module GammaUI (352)
[2017.09.19-04.04.08:979][  2]LogModuleManager: Shutting down and abandoning module Documentation (350)
[2017.09.19-04.04.09:005][  2]LogModuleManager: Shutting down and abandoning module MovieSceneTracks (348)
[2017.09.19-04.04.09:005][  2]LogModuleManager: Shutting down and abandoning module MovieScene (346)
[2017.09.19-04.04.09:005][  2]LogModuleManager: Shutting down and abandoning module Niagara (344)
[2017.09.19-04.04.09:005][  2]LogModuleManager: Shutting down and abandoning module NiagaraEditor (343)
[2017.09.19-04.04.09:044][  2]LogModuleManager: Shutting down and abandoning module StreamingPauseRendering (340)
[2017.09.19-04.04.09:044][  2]LogModuleManager: Shutting down and abandoning module LauncherPlatform (338)
[2017.09.19-04.04.09:044][  2]LogModuleManager: Shutting down and abandoning module AnalyticsET (336)
[2017.09.19-04.04.09:044][  2]LogModuleManager: Shutting down and abandoning module PortalServices (334)
[2017.09.19-04.04.09:044][  2]LogModuleManager: Shutting down and abandoning module PortalRpc (332)
[2017.09.19-04.04.09:044][  2]LogModuleManager: Shutting down and abandoning module MessagingRpc (330)
[2017.09.19-04.04.09:044][  2]LogModuleManager: Shutting down and abandoning module AIModule (328)
[2017.09.19-04.04.09:044][  2]LogModuleManager: Shutting down and abandoning module GameplayDebugger (327)
[2017.09.19-04.04.09:044][  2]LogModuleManager: Shutting down and abandoning module AITestSuite (325)
[2017.09.19-04.04.09:064][  2]LogModuleManager: Shutting down and abandoning module ProfilerService (322)
[2017.09.19-04.04.09:216][  2]LogModuleManager: Shutting down and abandoning module TaskGraph (320)
[2017.09.19-04.04.09:250][  2]LogModuleManager: Shutting down and abandoning module SteamVRController (318)
[2017.09.19-04.04.09:250][  2]LogModuleManager: Shutting down and abandoning module ProceduralMeshComponentEditor (316)
[2017.09.19-04.04.09:250][  2]LogModuleManager: Shutting down and abandoning module ProceduralMeshComponent (314)
[2017.09.19-04.04.09:250][  2]LogModuleManager: Shutting down and abandoning module OculusInput (312)
[2017.09.19-04.04.09:250][  2]LogModuleManager: Shutting down and abandoning module Ansel (310)
[2017.09.19-04.04.09:250][  2]LogModuleManager: Shutting down and abandoning module MobilePatchingUtils (308)
[2017.09.19-04.04.09:250][  2]LogModuleManager: Shutting down and abandoning module CustomMeshComponent (306)
[2017.09.19-04.04.09:250][  2]LogModuleManager: Shutting down and abandoning module CableComponent (304)
[2017.09.19-04.04.09:250][  2]LogModuleManager: Shutting down and abandoning module ArchVisCharacter (302)
[2017.09.19-04.04.09:250][  2]LogModuleManager: Shutting down and abandoning module AndroidPermission (300)
[2017.09.19-04.04.09:250][  2]LogModuleManager: Shutting down and abandoning module MediaPlayerEditor (296)
[2017.09.19-04.04.09:304][  2]LogModuleManager: Shutting down and abandoning module HTML5Networking (294)
[2017.09.19-04.04.09:304][  2]LogModuleManager: Shutting down and abandoning module AlembicImporter (292)
[2017.09.19-04.04.09:320][  2]LogModuleManager: Shutting down and abandoning module AlembicLibrary (291)
[2017.09.19-04.04.09:321][  2]LogModuleManager: Shutting down and abandoning module GeometryCache (290)
[2017.09.19-04.04.09:321][  2]LogModuleManager: Shutting down and abandoning module GeometryCacheEd (289)
[2017.09.19-04.04.09:321][  2]LogModuleManager: Shutting down and abandoning module SpeedTreeImporter (284)
[2017.09.19-04.04.09:321][  2]LogModuleManager: Shutting down and abandoning module PluginBrowser (282)
[2017.09.19-04.04.09:348][  2]LogModuleManager: Shutting down and abandoning module MainFrame (281)
[2017.09.19-04.04.09:348][  2]LogModuleManager: Shutting down and abandoning module MobileLauncherProfileWizard (278)
[2017.09.19-04.04.09:373][  2]LogModuleManager: Shutting down and abandoning module VisualStudioSourceCodeAccess (276)
[2017.09.19-04.04.09:374][  2]LogModuleManager: Shutting down and abandoning module DesktopPlatform (275)
[2017.09.19-04.04.09:393][  2]LogModuleManager: Shutting down and abandoning module HotReload (273)
[2017.09.19-04.04.09:484][  2]LogModuleManager: Shutting down and abandoning module UObjectPlugin (270)
[2017.09.19-04.04.09:484][  2]LogModuleManager: Shutting down and abandoning module SubversionSourceControl (268)
[2017.09.19-04.04.09:509][  2]LogModuleManager: Shutting down and abandoning module PerforceSourceControl (266)
[2017.09.19-04.04.09:570][  2]LogModuleManager: Shutting down and abandoning module GitSourceControl (264)
[2017.09.19-04.04.09:589][  2]LogModuleManager: Shutting down and abandoning module SourceControl (263)
[2017.09.19-04.04.09:609][  2]LogModuleManager: Shutting down and abandoning module LightPropagationVolumeEditor (260)
[2017.09.19-04.04.09:609][  2]LogModuleManager: Shutting down and abandoning module RuntimePhysXCooking (258)
[2017.09.19-04.04.09:609][  2]LogModuleManager: Shutting down and abandoning module PhysXVehiclesEditor (256)
[2017.09.19-04.04.09:609][  2]LogModuleManager: Shutting down and abandoning module PhysXVehicles (254)
[2017.09.19-04.04.09:609][  2]LogModuleManager: Shutting down and abandoning module OculusEditor (252)
[2017.09.19-04.04.09:609][  2]LogModuleManager: Shutting down and abandoning module LocationServicesBPLibrary (250)
[2017.09.19-04.04.09:609][  2]LogModuleManager: Shutting down and abandoning module ImmediatePhysicsEditor (248)
[2017.09.19-04.04.09:609][  2]LogModuleManager: Shutting down and abandoning module ImmediatePhysics (246)
[2017.09.19-04.04.09:639][  2]LogModuleManager: Shutting down and abandoning module UdpMessaging (244)
[2017.09.19-04.04.09:740][  2]LogModuleManager: Shutting down and abandoning module TcpMessaging (242)
[2017.09.19-04.04.09:856][  2]LogModuleManager: Shutting down and abandoning module GameplayTagsEditor (240)
[2017.09.19-04.04.09:890][  2]LogModuleManager: Shutting down and abandoning module FacialAnimationEditor (238)
[2017.09.19-04.04.09:890][  2]LogModuleManager: Shutting down and abandoning module FacialAnimation (236)
[2017.09.19-04.04.09:891][  2]LogModuleManager: Shutting down and abandoning module AssetManagerEditor (234)
[2017.09.19-04.04.09:922][  2]LogModuleManager: Shutting down and abandoning module GraphEditor (233)
[2017.09.19-04.04.09:922][  2]LogModuleManager: Shutting down and abandoning module ContentBrowser (231)
[2017.09.19-04.04.09:924][  2]LogModuleManager: Shutting down and abandoning module LightPropagationVolumeRuntime (228)
[2017.09.19-04.04.09:924][  2]LogModuleManager: Shutting down and abandoning module WindowsMoviePlayer (226)
[2017.09.19-04.04.09:924][  2]LogModuleManager: Shutting down and abandoning module WmfMedia (224)
[2017.09.19-04.04.09:924][  2]LogModuleManager: Shutting down and abandoning module PacketHandler (222)
[2017.09.19-04.04.09:924][  2]LogModuleManager: Shutting down and abandoning module ClothingSystemEditor (220)
[2017.09.19-04.04.09:924][  2]LogModuleManager: Shutting down and abandoning module ClothingSystemRuntime (218)
[2017.09.19-04.04.09:948][  2]LogModuleManager: Shutting down and abandoning module Overlay (216)
[2017.09.19-04.04.09:948][  2]LogModuleManager: Shutting down and abandoning module OverlayEditor (215)
[2017.09.19-04.04.09:948][  2]LogModuleManager: Shutting down and abandoning module MediaAssets (212)
[2017.09.19-04.04.09:948][  2]LogModuleManager: Shutting down and abandoning module VREditor (210)
[2017.09.19-04.04.09:964][  2]LogModuleManager: Shutting down and abandoning module StringTableEditor (208)
[2017.09.19-04.04.09:976][  2]LogModuleManager: Shutting down and abandoning module GameplayTasksEditor (206)
[2017.09.19-04.04.09:976][  2]LogModuleManager: Shutting down and abandoning module BehaviorTreeEditor (204)
[2017.09.19-04.04.10:018][  2]LogModuleManager: Shutting down and abandoning module FunctionalTesting (202)
[2017.09.19-04.04.10:018][  2]LogModuleManager: Shutting down and abandoning module CollisionAnalyzer (200)
[2017.09.19-04.04.10:054][  2]LogModuleManager: Shutting down and abandoning module WorkspaceMenuStructure (199)
[2017.09.19-04.04.10:054][  2]LogModuleManager: Shutting down and abandoning module UMG (196)
[2017.09.19-04.04.10:102][  2]LogModuleManager: Shutting down and abandoning module UMGEditor (195)
[2017.09.19-04.04.10:146][  2]LogModuleManager: Shutting down and abandoning module Sequencer (194)
[2017.09.19-04.04.10:160][  2]LogModuleManager: Shutting down and abandoning module MessageLog (191)
[2017.09.19-04.04.10:160][  2]LogModuleManager: Shutting down and abandoning module SlateReflector (186)
[2017.09.19-04.04.10:248][  2]LogModuleManager: Shutting down and abandoning module Slate (184)
[2017.09.19-04.04.10:248][  2]LogModuleManager: Shutting down and abandoning module EditorStyle (182)
[2017.09.19-04.04.10:252][  2]LogModuleManager: Shutting down and abandoning module MRMesh (180)
[2017.09.19-04.04.10:252][  2]LogModuleManager: Shutting down and abandoning module SourceCodeAccess (178)
[2017.09.19-04.04.10:252][  2]LogModuleManager: Shutting down and abandoning module HeadMountedDisplay (176)
[2017.09.19-04.04.10:252][  2]LogModuleManager: Shutting down and abandoning module XAudio2 (174)
[2017.09.19-04.04.10:252][  2]LogModuleManager: Shutting down and abandoning module Networking (172)
[2017.09.19-04.04.10:252][  2]LogModuleManager: Shutting down and abandoning module Core (168)
[2017.09.19-04.04.10:252][  2]LogModuleManager: Shutting down and abandoning module KismetCompiler (164)
[2017.09.19-04.04.10:252][  2]LogModuleManager: Shutting down and abandoning module LevelSequence (162)
[2017.09.19-04.04.10:252][  2]LogModuleManager: Shutting down and abandoning module MeshUtilities (160)
[2017.09.19-04.04.10:279][  2]LogModuleManager: Shutting down and abandoning module MeshMergeUtilities (159)
[2017.09.19-04.04.10:302][  2]LogModuleManager: Shutting down and abandoning module MeshReductionInterface (158)
[2017.09.19-04.04.10:302][  2]LogModuleManager: Shutting down and abandoning module SimplygonSwarm (157)
[2017.09.19-04.04.10:323][  2]LogModuleManager: Shutting down and abandoning module SimplygonMeshReduction (155)
[2017.09.19-04.04.10:323][  2]LogModuleManager: Shutting down and abandoning module QuadricMeshReduction (153)
[2017.09.19-04.04.10:348][  2]LogModuleManager: Shutting down and abandoning module MaterialBaking (149)
[2017.09.19-04.04.10:356][  2]LogModuleManager: Shutting down and abandoning module DirectoryWatcher (146)
[2017.09.19-04.04.10:361][  2]LogModuleManager: Shutting down and abandoning module DerivedDataCache (144)
[2017.09.19-04.04.10:417][  2]LogDerivedDataCache: Shutdown
[2017.09.19-04.04.10:429][  2]LogModuleManager: Shutting down and abandoning module TargetPlatform (142)
[2017.09.19-04.04.10:458][  2]LogModuleManager: Shutting down and abandoning module VulkanShaderFormat (141)
[2017.09.19-04.04.10:484][  2]LogModuleManager: Shutting down and abandoning module ShaderFormatVectorVM (139)
[2017.09.19-04.04.10:499][  2]LogModuleManager: Shutting down and abandoning module ShaderFormatOpenGL (137)
[2017.09.19-04.04.10:526][  2]LogModuleManager: Shutting down and abandoning module ShaderFormatD3D (135)
[2017.09.19-04.04.10:549][  2]LogModuleManager: Shutting down and abandoning module MetalShaderFormat (133)
[2017.09.19-04.04.10:582][  2]LogModuleManager: Shutting down and abandoning module TextureFormatUncompressed (131)
[2017.09.19-04.04.10:582][  2]LogModuleManager: Shutting down and abandoning module TextureFormatPVR (129)
[2017.09.19-04.04.10:582][  2]LogModuleManager: Shutting down and abandoning module TextureFormatDXT (127)
[2017.09.19-04.04.10:600][  2]LogModuleManager: Shutting down and abandoning module TextureFormatIntelISPCTexComp (125)
[2017.09.19-04.04.10:624][  2]LogModuleManager: Shutting down and abandoning module TextureFormatASTC (123)
[2017.09.19-04.04.10:624][  2]LogModuleManager: Shutting down and abandoning module ImageWrapper (122)
[2017.09.19-04.04.10:624][  2]LogModuleManager: Shutting down and abandoning module TextureFormatAndroid (119)
[2017.09.19-04.04.10:624][  2]LogModuleManager: Shutting down and abandoning module AudioFormatOpus (117)
[2017.09.19-04.04.10:624][  2]LogModuleManager: Shutting down and abandoning module AudioFormatOgg (115)
[2017.09.19-04.04.10:624][  2]LogModuleManager: Shutting down and abandoning module AudioFormatADPCM (113)
[2017.09.19-04.04.10:624][  2]LogModuleManager: Shutting down and abandoning module LinuxTargetPlatform (111)
[2017.09.19-04.04.10:654][  2]LogModuleManager: Shutting down and abandoning module LinuxServerTargetPlatform (109)
[2017.09.19-04.04.10:654][  2]LogModuleManager: Shutting down and abandoning module LinuxNoEditorTargetPlatform (107)
[2017.09.19-04.04.10:654][  2]LogModuleManager: Shutting down and abandoning module LinuxClientTargetPlatform (105)
[2017.09.19-04.04.10:654][  2]LogModuleManager: Shutting down and abandoning module TVOSTargetPlatform (103)
[2017.09.19-04.04.10:654][  2]LogModuleManager: Shutting down and abandoning module Messaging (101)
[2017.09.19-04.04.10:682][  2]LogModuleManager: Shutting down and abandoning module IOSTargetPlatform (99)
[2017.09.19-04.04.10:682][  2]LogModuleManager: Shutting down and abandoning module HTML5TargetPlatform (97)
[2017.09.19-04.04.10:683][  2]LogModuleManager: Shutting down and abandoning module Android_PVRTCTargetPlatform (95)
[2017.09.19-04.04.10:683][  2]LogModuleManager: Shutting down and abandoning module Android_MultiTargetPlatform (93)
[2017.09.19-04.04.10:683][  2]LogModuleManager: Shutting down and abandoning module Android_ETC2TargetPlatform (91)
[2017.09.19-04.04.10:683][  2]LogModuleManager: Shutting down and abandoning module Android_ETC1TargetPlatform (89)
[2017.09.19-04.04.10:683][  2]LogModuleManager: Shutting down and abandoning module Android_DXTTargetPlatform (87)
[2017.09.19-04.04.10:683][  2]LogModuleManager: Shutting down and abandoning module Android_ATCTargetPlatform (85)
[2017.09.19-04.04.10:747][  2]LogModuleManager: Shutting down and abandoning module Android_ASTCTargetPlatform (83)
[2017.09.19-04.04.10:747][  2]LogModuleManager: Shutting down and abandoning module AndroidTargetPlatform (81)
[2017.09.19-04.04.10:747][  2]LogModuleManager: Shutting down and abandoning module WindowsTargetPlatform (79)
[2017.09.19-04.04.10:747][  2]LogModuleManager: Shutting down and abandoning module WindowsServerTargetPlatform (77)
[2017.09.19-04.04.10:747][  2]LogModuleManager: Shutting down and abandoning module WindowsNoEditorTargetPlatform (75)
[2017.09.19-04.04.10:747][  2]LogModuleManager: Shutting down and abandoning module WindowsClientTargetPlatform (73)
[2017.09.19-04.04.10:748][  2]LogModuleManager: Shutting down and abandoning module MacTargetPlatform (71)
[2017.09.19-04.04.10:753][  2]LogModuleManager: Shutting down and abandoning module MacServerTargetPlatform (69)
[2017.09.19-04.04.10:753][  2]LogModuleManager: Shutting down and abandoning module MacNoEditorTargetPlatform (67)
[2017.09.19-04.04.10:753][  2]LogModuleManager: Shutting down and abandoning module MacClientTargetPlatform (65)
[2017.09.19-04.04.10:753][  2]LogModuleManager: Shutting down and abandoning module AllDesktopTargetPlatform (63)
[2017.09.19-04.04.10:753][  2]LogModuleManager: Shutting down and abandoning module InputCore (60)
[2017.09.19-04.04.10:753][  2]LogModuleManager: Shutting down and abandoning module Settings (58)
[2017.09.19-04.04.10:753][  2]LogModuleManager: Shutting down and abandoning module PhysXCooking (56)
[2017.09.19-04.04.10:754][  2]LogModuleManager: Shutting down and abandoning module SteamVR (54)
[2017.09.19-04.04.10:754][  2]LogModuleManager: Shutting down and abandoning module OculusHMD (52)
[2017.09.19-04.04.10:754][  2]LogModuleManager: Shutting down and abandoning module ExampleDeviceProfileSelector (50)
[2017.09.19-04.04.10:754][  2]LogModuleManager: Shutting down and abandoning module OnlineBlueprintSupport (48)
[2017.09.19-04.04.10:754][  2]LogModuleManager: Shutting down and abandoning module OnlineSubsystem (44)
[2017.09.19-04.04.10:754][  2]LogOnline: Display: Unloading online subsystem: NULL
[2017.09.19-04.04.10:777][  2]LogModuleManager: Shutting down and abandoning module XMPP (43)
[2017.09.19-04.04.10:785][  2]LogModuleManager: Shutting down and abandoning module HTTP (41)
[2017.09.19-04.04.10:785][  2]LogHttp: Display: Http module shutting down, but needs to wait on 1 outstanding Http requests:
[2017.09.19-04.04.10:785][  2]LogHttp: Display: 	verb=[POST] url=[https://datarouter.ol.epicgames.com/datarouter/api/v1/public/data?SessionID=%7B09B70244-494F-6304-6A20-08B6D57928CE%7D&AppID=UEEditor.Rocket.Release&AppVersion=4.17.1-3586342%2B%2B%2BUE4%2BRelease-4.17&UserID=d195f449449d6ca1a7d6e997d7b4619b%7C38799267579e43f199dcadb14603b7d0%7Cc4c036e9-0de7-44e5-8786-b569ea8dee15&AppEnvironment=datacollector-binary&UploadType=eteventstream] status=Processing
[2017.09.19-04.04.10:814][  2]LogModuleManager: Shutting down and abandoning module SSL (40)
[2017.09.19-04.04.10:816][  2]LogModuleManager: Shutting down and abandoning module AnimationModifiers (36)
[2017.09.19-04.04.10:843][  2]LogModuleManager: Shutting down and abandoning module PropertyEditor (35)
[2017.09.19-04.04.10:843][  2]LogModuleManager: Shutting down and abandoning module AudioEditor (32)
[2017.09.19-04.04.10:874][  2]LogModuleManager: Shutting down and abandoning module TextureCompressor (30)
[2017.09.19-04.04.10:875][  2]LogModuleManager: Shutting down and abandoning module ShaderCore (28)
[2017.09.19-04.04.10:875][  2]LogModuleManager: Shutting down and abandoning module Landscape (26)
[2017.09.19-04.04.10:875][  2]LogModuleManager: Shutting down and abandoning module SlateRHIRenderer (24)
[2017.09.19-04.04.10:957][  2]LogModuleManager: Shutting down and abandoning module OpenGLDrv (22)
[2017.09.19-04.04.10:974][  2]LogModuleManager: Shutting down and abandoning module D3D11RHI (20)
[2017.09.19-04.04.10:974][  2]LogModuleManager: Shutting down and abandoning module AnimGraphRuntime (18)
[2017.09.19-04.04.10:993][  2]LogModuleManager: Shutting down and abandoning module Renderer (16)
[2017.09.19-04.04.10:993][  2]LogModuleManager: Shutting down and abandoning module Engine (14)
[2017.09.19-04.04.10:999][  2]LogModuleManager: Shutting down and abandoning module CoreUObject (12)
[2017.09.19-04.04.10:999][  2]LogModuleManager: Shutting down and abandoning module NetworkFile (10)
[2017.09.19-04.04.10:999][  2]LogModuleManager: Shutting down and abandoning module CookedIterativeFile (8)
[2017.09.19-04.04.10:999][  2]LogModuleManager: Shutting down and abandoning module StreamingFile (6)
[2017.09.19-04.04.10:999][  2]LogModuleManager: Shutting down and abandoning module SandboxFile (4)
[2017.09.19-04.04.10:999][  2]LogModuleManager: Shutting down and abandoning module PakFile (2)
[2017.09.19-04.04.11:067][  2]LogExit: Exiting.
[2017.09.19-04.04.11:214][  2]Log file closed, 09/19/17 00:04:11
