Log file open, 09/06/17 23:10:44
LogWindows: LoadLibraryWithSearchPaths failed for file aqProf.dll. GetLastError=0
LogWindows: LoadLibraryWithSearchPaths failed for file VtuneApi.dll. GetLastError=0
LogWindows: LoadLibraryWithSearchPaths failed for file VtuneApi32e.dll. GetLastError=0
LogInit: Display: Running engine for game: PlanX
LogPlatformFile: Not using cached read wrapper
LogInit: Display: RandInit(811157564) SRandInit(811157564).
LogTaskGraph: Started task graph with 5 named threads and 14 total threads with 3 sets of task threads.
LogStats: Stats thread started at 0.174457
LogD3D11RHI: Aftermath initialized
LogPluginManager: Mounting plugin LightPropagationVolume
LogPluginManager: Mounting plugin CodeLiteSourceCodeAccess
LogPluginManager: Mounting plugin GitSourceControl
LogPluginManager: Mounting plugin KDevelopSourceCodeAccess
LogPluginManager: Mounting plugin NullSourceCodeAccess
LogPluginManager: Mounting plugin PerforceSourceControl
LogPluginManager: Mounting plugin SubversionSourceControl
LogPluginManager: Mounting plugin UObjectPlugin
LogPluginManager: Mounting plugin VisualStudioSourceCodeAccess
LogPluginManager: Mounting plugin XCodeSourceCodeAccess
LogPluginManager: Mounting plugin AssetManagerEditor
LogPluginManager: Mounting plugin AudioCapture
LogPluginManager: Mounting plugin FacialAnimation
LogPluginManager: Mounting plugin GameplayTagsEditor
LogPluginManager: Mounting plugin MobileLauncherProfileWizard
LogPluginManager: Mounting plugin PluginBrowser
LogPluginManager: Mounting plugin SpeedTreeImporter
LogPluginManager: Mounting plugin AlembicImporter
LogPluginManager: Mounting plugin CharacterAI
LogPluginManager: Mounting plugin HTML5Networking
LogPluginManager: Mounting plugin AndroidMedia
LogPluginManager: Mounting plugin AvfMedia
LogPluginManager: Mounting plugin MediaPlayerEditor
LogPluginManager: Mounting plugin WmfMedia
LogPluginManager: Mounting plugin TcpMessaging
LogPluginManager: Mounting plugin UdpMessaging
LogPluginManager: Mounting plugin LevelSequenceEditor
LogPluginManager: Mounting plugin MatineeToLevelSequence
LogPluginManager: Mounting plugin OnlineSubsystemGooglePlay
LogPluginManager: Mounting plugin OnlineSubsystemIOS
LogPluginManager: Mounting plugin OnlineSubsystem
LogPluginManager: Mounting plugin OnlineSubsystemNull
LogPluginManager: Mounting plugin OnlineSubsystemUtils
LogPluginManager: Mounting plugin AndroidDeviceProfileSelector
LogPluginManager: Mounting plugin AndroidMoviePlayer
LogPluginManager: Mounting plugin AndroidPermission
LogPluginManager: Mounting plugin AppleMoviePlayer
LogPluginManager: Mounting plugin ArchVisCharacter
LogPluginManager: Mounting plugin CableComponent
LogPluginManager: Mounting plugin CustomMeshComponent
LogPluginManager: Mounting plugin ExampleDeviceProfileSelector
LogPluginManager: Mounting plugin GoogleCloudMessaging
LogPluginManager: Mounting plugin ImmediatePhysics
LogPluginManager: Mounting plugin IOSDeviceProfileSelector
LogPluginManager: Mounting plugin LinuxDeviceProfileSelector
LogPluginManager: Mounting plugin LocationServicesBPLibrary
LogPluginManager: Mounting plugin MobilePatchingUtils
LogPluginManager: Mounting plugin Ansel
LogPluginManager: Mounting plugin OculusVR
LogPluginManager: Mounting plugin PhysXVehicles
LogPluginManager: Mounting plugin ProceduralMeshComponent
LogPluginManager: Mounting plugin RuntimePhysXCooking
LogPluginManager: Mounting plugin SteamVR
LogPluginManager: Mounting plugin WindowsMoviePlayer
LogInit: Using libcurl 7.47.1
LogInit:  - built for x86_64-pc-win32
LogInit:  - supports SSL with OpenSSL/1.0.2g
LogInit:  - supports HTTP deflate (compression) using libz 1.2.8
LogInit:  - other features:
LogInit:      CURL_VERSION_SSL
LogInit:      CURL_VERSION_LIBZ
LogInit:      CURL_VERSION_IPV6
LogInit:      CURL_VERSION_ASYNCHDNS
LogInit:      CURL_VERSION_LARGEFILE
LogInit:      CURL_VERSION_IDN
LogInit:  CurlRequestOptions (configurable via config and command line):
LogInit:  - bVerifyPeer = false  - Libcurl will NOT verify peer certificate
LogInit:  - bUseHttpProxy = false  - Libcurl will NOT use HTTP proxy
LogInit:  - bDontReuseConnections = false  - Libcurl will reuse connections
LogInit:  - CertBundlePath = nullptr  - Libcurl will use whatever was configured at build time.
LogInit: Build: ++UE4+Release-4.17-CL-3586342
LogInit: Engine Version: 4.17.1-3586342+++UE4+Release-4.17
LogInit: Compatible Engine Version: 4.17.0-3573198+++UE4+Release-4.17
LogInit: Net CL: 3573198
LogDevObjectVersion: Number of dev versions registered: 16
LogDevObjectVersion:   Dev-Blueprints (B0D832E4-1F89-4F0D-ACCF-7EB736FD4AA2): 10
LogDevObjectVersion:   Dev-Build (E1C64328-A22C-4D53-A36C-8E866417BD8C): 0
LogDevObjectVersion:   Dev-Core (375EC13C-06E4-48FB-B500-84F0262A717E): 2
LogDevObjectVersion:   Dev-Editor (E4B068ED-F494-42E9-A231-DA0B2E46BB41): 20
LogDevObjectVersion:   Dev-Framework (CFFC743F-43B0-4480-9391-14DF171D2073): 28
LogDevObjectVersion:   Dev-Mobile (B02B49B5-BB20-44E9-A304-32B752E40360): 0
LogDevObjectVersion:   Dev-Networking (A4E4105C-59A1-49B5-A7C5-40C4547EDFEE): 0
LogDevObjectVersion:   Dev-Online (39C831C9-5AE6-47DC-9A44-9C173E1C8E7C): 0
LogDevObjectVersion:   Dev-Physics (78F01B33-EBEA-4F98-B9B4-84EACCB95AA2): 0
LogDevObjectVersion:   Dev-Platform (6631380F-2D4D-43E0-8009-CF276956A95A): 0
LogDevObjectVersion:   Dev-Rendering (12F88B9F-8875-4AFC-A67C-D90C383ABD29): 19
LogDevObjectVersion:   Dev-Sequencer (7B5AE74C-D270-4C10-A958-57980B212A5A): 4
LogDevObjectVersion:   Dev-VR (D7296918-1DD6-4BDD-9DE2-64A83CC13884): 0
LogDevObjectVersion:   Dev-LoadTimes (C2A15278-BFE7-4AFE-6C17-90FF531DF755): 1
LogDevObjectVersion:   Private-Geometry (6EACA3D4-40EC-4CC1-B786-8BED09428FC5): 1
LogDevObjectVersion:   Dev-AnimPhys (29E575DD-E0A3-4627-9D10-D276232CDCEA): 7
LogInit: Compiled (64-bit): Aug 15 2017 02:05:26
LogInit: Compiled with Visual C++: 19.00.24215.01
LogInit: Build Configuration: Development
LogInit: Branch Name: ++UE4+Release-4.17
LogInit: Command line: -EpicPortal 
LogInit: Base directory: Q:/Unreal Engine/UE_4.17/Engine/Binaries/Win64/
LogInit: Installed Engine Build: 1
LogInit: Presizing for max 8388607 objects, including 0 objects not considered by GC, pre-allocating 0 bytes for permanent pool.
LogInit: Object subsystem initialized
[2017.09.07-03.10.45:498][  0]LogInit: Selected Device Profile: [Windows]
[2017.09.07-03.10.45:498][  0]LogInit: Applying CVar settings loaded from the selected device profile: [Windows]
[2017.09.07-03.10.45:528][  0]LogInit: Computer: DAWN
[2017.09.07-03.10.45:528][  0]LogInit: User: RobertForbes
[2017.09.07-03.10.45:528][  0]LogInit: CPU Page size=4096, Cores=4
[2017.09.07-03.10.45:528][  0]LogInit: High frequency timer resolution =3.417982 MHz
[2017.09.07-03.10.45:528][  0]LogMemory: Memory total: Physical=8.0GB (8GB approx)
[2017.09.07-03.10.45:528][  0]LogMemory: Platform Memory Stats for Windows
[2017.09.07-03.10.45:528][  0]LogMemory: Process Physical Memory: 277.97 MB used, 277.97 MB peak
[2017.09.07-03.10.45:528][  0]LogMemory: Process Virtual Memory: 274.28 MB used, 274.28 MB peak
[2017.09.07-03.10.45:528][  0]LogMemory: Physical Memory: 5287.00 MB used,  2856.85 MB free, 8143.85 MB total
[2017.09.07-03.10.45:528][  0]LogMemory: Virtual Memory: 668.32 MB used,  2856.85 MB free, 134217728.00 MB total
[2017.09.07-03.10.45:658][  0]LogInit: Using OS detected language (en-US).
[2017.09.07-03.10.45:658][  0]LogInit: Using OS detected locale (en-US).
[2017.09.07-03.10.45:662][  0]LogTextLocalizationManager: No specific localization for 'en-US' exists, so the 'en' localization will be used.
[2017.09.07-03.10.46:535][  0]LogD3D11RHI: D3D11 adapters:
[2017.09.07-03.10.47:149][  0]LogD3D11RHI:    0. 'NVIDIA GeForce GTX 970' (Feature Level 11_0)
[2017.09.07-03.10.47:149][  0]LogD3D11RHI:       4058/0/4071 MB DedicatedVideo/DedicatedSystem/SharedSystem, Outputs:2, VendorId:0x10de
[2017.09.07-03.10.47:151][  0]LogD3D11RHI:    1. 'Microsoft Basic Render Driver' (Feature Level 11_0)
[2017.09.07-03.10.47:151][  0]LogD3D11RHI:       0/0/4071 MB DedicatedVideo/DedicatedSystem/SharedSystem, Outputs:0, VendorId:0x1414
[2017.09.07-03.10.47:151][  0]LogD3D11RHI: Chosen D3D11 Adapter: 0
[2017.09.07-03.10.47:155][  0]LogD3D11RHI: Creating new Direct3DDevice
[2017.09.07-03.10.47:155][  0]LogD3D11RHI:     GPU DeviceId: 0x13c2 (for the marketing name, search the web for "GPU Device Id")
[2017.09.07-03.10.47:155][  0]LogWindows: EnumDisplayDevices:
[2017.09.07-03.10.47:155][  0]LogWindows:    0. 'NVIDIA GeForce GTX 970' (P:0 D:1)
[2017.09.07-03.10.47:155][  0]LogWindows:    1. 'NVIDIA GeForce GTX 970' (P:1 D:1)
[2017.09.07-03.10.47:155][  0]LogWindows:    2. 'NVIDIA GeForce GTX 970' (P:0 D:0)
[2017.09.07-03.10.47:155][  0]LogWindows:    3. 'NVIDIA GeForce GTX 970' (P:0 D:0)
[2017.09.07-03.10.47:155][  0]LogWindows: DebugString: FoundDriverCount:4 
[2017.09.07-03.10.47:155][  0]LogD3D11RHI:     Adapter Name: NVIDIA GeForce GTX 970
[2017.09.07-03.10.47:155][  0]LogD3D11RHI:   Driver Version: 385.41 (internal:22.21.13.8541, unified:385.41)
[2017.09.07-03.10.47:155][  0]LogD3D11RHI:      Driver Date: 8-21-2017
[2017.09.07-03.10.47:155][  0]LogRHI: Texture pool is 1361 MB (70% of 1945 MB)
[2017.09.07-03.10.47:739][  0]LogD3D11RHI: Async texture creation enabled
[2017.09.07-03.10.47:772][  0]LogD3D11RHI: GPU Timing Frequency: 1000.000000 (Debug: 2 2)
[2017.09.07-03.10.47:774][  0]LogShaderCompilers: Guid format shader working directory is 10 characters bigger than the processId version (../../../../../Unreal Projects/Plan-X/PlanX/Intermediate/Shaders/WorkingDirectory/11640/).
[2017.09.07-03.10.47:774][  0]LogShaderCompilers: Cleaned the shader compiler working directory 'C:/Users/Robert Forbes/AppData/Local/Temp/UnrealShaderWorkingDir/DE552B7944D6A607307F3A8DB972817B/'.
[2017.09.07-03.10.47:774][  0]LogShaderCompilers: Display: Using Local Shader Compiler.
[2017.09.07-03.10.48:722][  0]LogTemp: Display: Loaded TP AllDesktopTargetPlatform
[2017.09.07-03.10.48:781][  0]LogTemp: Display: Loaded TP MacClientTargetPlatform
[2017.09.07-03.10.48:829][  0]LogTemp: Display: Loaded TP MacNoEditorTargetPlatform
[2017.09.07-03.10.48:895][  0]LogTemp: Display: Loaded TP MacServerTargetPlatform
[2017.09.07-03.10.48:956][  0]LogTemp: Display: Loaded TP MacTargetPlatform
[2017.09.07-03.10.49:015][  0]LogTemp: Display: Loaded TP WindowsClientTargetPlatform
[2017.09.07-03.10.49:075][  0]LogTemp: Display: Loaded TP WindowsNoEditorTargetPlatform
[2017.09.07-03.10.49:123][  0]LogTemp: Display: Loaded TP WindowsServerTargetPlatform
[2017.09.07-03.10.49:166][  0]LogTemp: Display: Loaded TP WindowsTargetPlatform
[2017.09.07-03.10.49:216][  0]LogTemp: Display: Loaded TP AndroidTargetPlatform
[2017.09.07-03.10.49:266][  0]LogTemp: Display: Loaded TP Android_ASTCTargetPlatform
[2017.09.07-03.10.49:313][  0]LogTemp: Display: Loaded TP Android_ATCTargetPlatform
[2017.09.07-03.10.49:359][  0]LogTemp: Display: Loaded TP Android_DXTTargetPlatform
[2017.09.07-03.10.49:406][  0]LogTemp: Display: Loaded TP Android_ETC1TargetPlatform
[2017.09.07-03.10.49:458][  0]LogTemp: Display: Loaded TP Android_ETC2TargetPlatform
[2017.09.07-03.10.49:557][  0]LogTemp: Display: Loaded TP Android_MultiTargetPlatform
[2017.09.07-03.10.49:557][  0]LogTemp: Display: Loaded TP Android_PVRTCTargetPlatform
[2017.09.07-03.10.49:596][  0]LogTemp: Display: Loaded TP HTML5TargetPlatform
[2017.09.07-03.10.49:676][  0]LogTemp: Display: Loaded TP IOSTargetPlatform
[2017.09.07-03.10.49:700][  0]LogTemp: Display: Loaded TP TVOSTargetPlatform
[2017.09.07-03.10.49:742][  0]LogTemp: Display: Loaded TP LinuxClientTargetPlatform
[2017.09.07-03.10.49:787][  0]LogTemp: Display: Loaded TP LinuxNoEditorTargetPlatform
[2017.09.07-03.10.49:834][  0]LogTemp: Display: Loaded TP LinuxServerTargetPlatform
[2017.09.07-03.10.49:882][  0]LogTemp: Display: Loaded TP LinuxTargetPlatform
[2017.09.07-03.10.49:882][  0]LogTargetPlatformManager: Display: Building Assets For Windows
[2017.09.07-03.10.50:278][  0]LogDerivedDataCache: Display: Max Cache Size: 512 MB
[2017.09.07-03.10.50:367][  0]LogDerivedDataCache: Loaded boot cache 0.09s 106MB C:/Users/Robert Forbes/AppData/Local/UnrealEngine/4.17/DerivedDataCache/Boot.ddc.
[2017.09.07-03.10.50:367][  0]LogDerivedDataCache: Display: Loaded Boot cache: C:/Users/Robert Forbes/AppData/Local/UnrealEngine/4.17/DerivedDataCache/Boot.ddc
[2017.09.07-03.10.50:367][  0]LogDerivedDataCache: FDerivedDataBackendGraph:  Pak pak cache file ../../../../../Unreal Projects/Plan-X/PlanX/DerivedDataCache/DDC.ddp not found, will not use a pak cache.
[2017.09.07-03.10.50:367][  0]LogDerivedDataCache: Unable to find inner node Pak for hierarchical cache Hierarchy.
[2017.09.07-03.10.50:367][  0]LogDerivedDataCache: FDerivedDataBackendGraph:  CompressedPak pak cache file ../../../../../Unreal Projects/Plan-X/PlanX/DerivedDataCache/Compressed.ddp not found, will not use a pak cache.
[2017.09.07-03.10.50:367][  0]LogDerivedDataCache: Unable to find inner node CompressedPak for hierarchical cache Hierarchy.
[2017.09.07-03.10.50:386][  0]LogDerivedDataCache: Display: Pak cache opened for reading ../../../Engine/DerivedDataCache/Compressed.ddp.
[2017.09.07-03.10.50:398][  0]LogDerivedDataCache: Using Local data cache path C:/Users/Robert Forbes/AppData/Local/UnrealEngine/Common/DerivedDataCache: Writable
[2017.09.07-03.10.50:408][  0]LogMaterial: Verifying Global Shaders for PCD3D_SM5
[2017.09.07-03.10.50:409][  0]LogSlate: Using Freetype 2.6.0
[2017.09.07-03.10.50:409][  0]LogSlate: SlateFontCache - WITH_FREETYPE: 1, WITH_HARFBUZZ: 1
[2017.09.07-03.10.50:409][  0]LogSlate: SlateFontCache - WITH_FREETYPE: 1, WITH_HARFBUZZ: 1
[2017.09.07-03.10.50:756][  0]LogAssetRegistry: FAssetRegistry took 0.0279 seconds to start up
[2017.09.07-03.10.50:888][  0]LogInit: Selected Device Profile: [Windows]
[2017.09.07-03.10.51:071][  0]LogContentStreaming: Texture pool size is 0.00 MB
[2017.09.07-03.10.51:440][  0]LogSimplygon: Simplygon DLL not present - disabling.
[2017.09.07-03.10.51:484][  0]LogMeshReduction: Using SimplygonSwarm for distributed automatic mesh merging
[2017.09.07-03.10.51:484][  0]LogMeshReduction: Using QuadricMeshReduction for automatic static mesh reduction
[2017.09.07-03.10.51:484][  0]LogMeshReduction: No automatic skeletal mesh reduction module available
[2017.09.07-03.10.51:484][  0]LogMeshReduction: No automatic mesh merging module available
[2017.09.07-03.10.51:484][  0]LogMeshMerging: No automatic mesh merging module available
[2017.09.07-03.10.51:932][  0]LogNetVersion: PlanX , NetCL: 3573198, EngineNetVer: 2, GameNetVer: 0 (Checksum: 4232075429)
[2017.09.07-03.10.52:417][  0]LogPackageLocalizationCache: Processed 4 localized package path(s) for 2 prioritized culture(s) in 0.303398 seconds
[2017.09.07-03.10.52:424][  0]LogUObjectArray: 35825 objects as part of root set at end of initial load.
[2017.09.07-03.10.52:424][  0]LogUObjectAllocator: 7529112 out of 0 bytes used by permanent object pool.
[2017.09.07-03.10.52:424][  0]LogUObjectArray: CloseDisregardForGC: 0/0 objects in disregard for GC pool
[2017.09.07-03.10.52:473][  0]LogInit: WinSock: version 1.1 (2.2), MaxSocks=32767, MaxUdp=65467
[2017.09.07-03.10.55:009][  0]LogTcpMessaging: Initializing TcpMessaging bridge
[2017.09.07-03.10.55:043][  0]LogUdpMessaging: Initializing bridge on interface 0.0.0.0:0 to multicast group 230.0.0.1:6666.
[2017.09.07-03.10.55:516][  0]SourceControl: Source control is disabled
[2017.09.07-03.10.55:516][  0]SourceControl: Source control is disabled
[2017.09.07-03.10.55:556][  0]SourceControl: Source control is disabled
[2017.09.07-03.10.55:600][  0]SourceControl: Source control is disabled
[2017.09.07-03.10.56:281][  0]LogAndroidPermission: UAndroidPermissionCallbackProxy::GetInstance
[2017.09.07-03.10.56:570][  0]LogAnsel: Tried to load ../../../Engine/Plugins/Runtime/Nvidia/Ansel/Binaries/ThirdParty/AnselSDK64.dll : success=1
[2017.09.07-03.10.56:613][  0]LogOcInput: OculusInput pre-init called
[2017.09.07-03.10.56:840][  0]LogEngine: Initializing Engine...
[2017.09.07-03.10.57:906][  0]LogHMD: SteamVR initialized.  Driver: lighthouse  Display: LHR-21CE5F1D
[2017.09.07-03.10.58:116][  0]LogStats: UGameplayTagsManager::ConstructGameplayTagTree: Construct from data asset -  0.000 s
[2017.09.07-03.10.58:116][  0]LogStats: UGameplayTagsManager::ConstructGameplayTagTree: GameplayTagTreeChangedEvent.Broadcast -  0.000 s
[2017.09.07-03.10.58:222][  0]LogAIModule: Creating AISystem for world Untitled
[2017.09.07-03.10.58:242][  0]LogInit: XAudio2 using 'REAL SPEAKERS!!!!!!!!!! (Realtek High Definition Audio)' : 2 channels at 48 kHz using 32 bits per sample (channel mask 0x3)
[2017.09.07-03.10.58:254][  0]LogInit: FAudioDevice initialized.
[2017.09.07-03.10.58:368][  0]LogDerivedDataCache: Saved boot cache 0.11s 106MB C:/Users/Robert Forbes/AppData/Local/UnrealEngine/4.17/DerivedDataCache/Boot.ddc.
[2017.09.07-03.10.58:384][  0]LogInit: Texture streaming: Enabled
[2017.09.07-03.10.58:418][  0]LogMaterial: Uniform references updated for custom material expression Custom.
[2017.09.07-03.10.58:671][  0]LogEngineSessionManager: EngineSessionManager initialized
[2017.09.07-03.10.58:869][  0]LogInit: Transaction tracking system initialized
[2017.09.07-03.10.59:229][  0]BlueprintLog: New page: Editor Load
[2017.09.07-03.10.59:914][  0]LocalizationService: Localization service is disabled
[2017.09.07-03.11.00:513][  0]LogConsoleResponse: Display: 
[2017.09.07-03.11.00:891][  0]LogCook: Display: Max memory allowance for cook 16384mb min free memory 0mb
[2017.09.07-03.11.00:892][  0]LogCook: Display: Mobile HDR setting 1
[2017.09.07-03.11.00:892][  0]LogGameplayTags: Display: UGameplayTagsManager::DoneAddingNativeTags. DelegateIsBound: 0
[2017.09.07-03.11.01:349][  0]LogFileCache: Scanning file cache for directory 'Q:/Unreal Projects/Plan-X/PlanX/Content/' took 0.11s
[2017.09.07-03.11.01:744][  0]SourceControl: Source control is disabled
[2017.09.07-03.11.01:744][  0]Cmd: MAP LOAD FILE="../../../../../Unreal Projects/Plan-X/PlanX/Content/Assets/Mapt_data/Challenge_Levels/Challange_L_1_0.umap" TEMPLATE=0 SHOWPROGRESS=1 FEATURELEVEL=3
[2017.09.07-03.11.01:745][  0]LightingResults: New page: Lighting Build
[2017.09.07-03.11.01:777][  0]MapCheck: New page: Map Check
[2017.09.07-03.11.01:777][  0]LightingResults: New page: Lighting Build
[2017.09.07-03.11.03:975][  0]LogAIModule: Creating AISystem for world Challange_L_1_0
[2017.09.07-03.11.04:042][  0]LogEditorServer: Finished looking for orphan Actors (0.000 secs)
[2017.09.07-03.11.04:085][  0]Cmd: MAP CHECKDEP NOCLEARLOG
[2017.09.07-03.11.04:159][  0]MapCheck: Map check complete: 0 Error(s), 0 Warning(s), took 73.898ms to complete.
[2017.09.07-03.11.04:159][  0]LogFileHelpers: Loading map 'Challange_L_1_0' took 2.415
[2017.09.07-03.11.04:775][  0]LogCollectionManager: Loaded 0 collections in 0.001442 seconds
[2017.09.07-03.11.04:919][  0]LogFileCache: Scanning file cache for directory 'Q:/Unreal Projects/Plan-X/PlanX/Saved/Collections/' took 0.01s
[2017.09.07-03.11.04:919][  0]LogFileCache: Scanning file cache for directory 'Q:/Unreal Projects/Plan-X/PlanX/Content/Developers/RobertForbes/Collections/' took 0.01s
[2017.09.07-03.11.04:919][  0]LogFileCache: Scanning file cache for directory 'Q:/Unreal Projects/Plan-X/PlanX/Content/Collections/' took 0.01s
[2017.09.07-03.11.04:919][  0]LogCollectionManager: Rebuilt the GUID cache for 0 collections in 0.000000 seconds
[2017.09.07-03.11.04:931][  0]LogContentBrowser: Native class hierarchy populated in 0.0086 seconds. Added 2337 classes and 483 folders.
[2017.09.07-03.11.05:003][  0]LogContentBrowser: Native class hierarchy updated for 'WidgetCarousel' in 0.0010 seconds. Added 0 classes and 0 folders.
[2017.09.07-03.11.06:127][  0]LogContentBrowser: Native class hierarchy updated for 'AddContentDialog' in 0.0009 seconds. Added 0 classes and 0 folders.
[2017.09.07-03.11.06:205][  0]LogContentBrowser: Native class hierarchy updated for 'SceneOutliner' in 0.0014 seconds. Added 1 classes and 2 folders.
[2017.09.07-03.11.06:523][  0]LogSlate: Took 0.000369 seconds to synchronously load lazily loaded font '../../../Engine/Content/Slate/Fonts/Roboto-Regular.ttf' (155K)
[2017.09.07-03.11.06:535][  0]LogSlate: Took 0.000216 seconds to synchronously load lazily loaded font '../../../Engine/Content/Slate/Fonts/Roboto-Bold.ttf' (160K)
[2017.09.07-03.11.06:581][  0]LogSlate: Took 0.016563 seconds to synchronously load lazily loaded font '../../../Engine/Content/Editor/Slate/Fonts/FontAwesome.ttf' (139K)
[2017.09.07-03.11.07:060][  0]LogRenderer: Reallocating scene render targets to support 1208x576 Format 26 NumSamples 1 (Frame:1).
[2017.09.07-03.11.07:467][  0]LogContentBrowser: Native class hierarchy updated for 'HierarchicalLODOutliner' in 0.0010 seconds. Added 1 classes and 2 folders.
[2017.09.07-03.11.07:468][  0]LogLoad: (Engine Initialization) Total time: 25.08 seconds
[2017.09.07-03.11.07:468][  0]LogLoad: (Engine Initialization) Total Blueprint compile time: 0.00 seconds
[2017.09.07-03.11.07:468][  0]LogExternalProfiler: Found external profiler: VSPerf
[2017.09.07-03.11.07:468][  0]LogExternalProfiler: Using external profiler: VSPerf
[2017.09.07-03.11.07:861][  0]LogContentStreaming: Texture pool size now 1000 MB
[2017.09.07-03.11.08:023][  0]LogSlate: Took 0.015648 seconds to synchronously load lazily loaded font '../../../Engine/Content/Slate/Fonts/Roboto-Light.ttf' (159K)
[2017.09.07-03.11.08:140][  1]LogFileCache: Retrieving MD5 hashes for directory 'Q:/Unreal Projects/Plan-X/PlanX/Content/' took 0.32s
[2017.09.07-03.11.08:477][  2]LogAssetRegistry: Asset discovery search completed in 17.7444 seconds
[2017.09.07-03.11.08:479][  2]LogCollectionManager: Rebuilt the object cache for 0 collections in 0.000001 seconds (found 0 objects)
[2017.09.07-03.11.08:479][  2]LogCollectionManager: Fixed up redirectors for 0 collections in 0.000042 seconds (updated 0 objects)
[2017.09.07-03.14.27:159][707]LogSlate: Took 0.003112 seconds to synchronously load lazily loaded font '../../../Engine/Content/Slate/Fonts/Roboto-Light.ttf' (159K)
[2017.09.07-03.14.28:978][707]LogContentBrowser: Native class hierarchy updated for 'BlueprintGraph' in 0.0012 seconds. Added 113 classes and 0 folders.
[2017.09.07-03.14.30:325][707]LogSlate: Took 0.020932 seconds to synchronously load lazily loaded font '../../../Engine/Content/Editor/Slate/Fonts/Roboto-BoldCondensed.ttf' (158K)
[2017.09.07-03.14.31:106][708]LogSlate: Took 0.028776 seconds to synchronously load lazily loaded font '../../../Engine/Content/Editor/Slate/Fonts/Roboto-Italic.ttf' (157K)
[2017.09.07-03.19.54:444][922]LogEditorTransaction: Undo Create Pin Link
[2017.09.07-03.19.54:453][922]LogSlate: Took 0.000260 seconds to synchronously load lazily loaded font '../../../Engine/Content/Slate/Fonts/Roboto-Light.ttf' (159K)
[2017.09.07-03.19.54:840][961]LogEditorTransaction: Undo Rename Node
[2017.09.07-03.19.55:331][ 13]LogEditorTransaction: Undo Add Node
[2017.09.07-03.20.29:340][205]LogBlueprint: Error: [Compiler ] Unhandled token '*' in expression: ' * '
[2017.09.07-03.20.29:341][205]LogBlueprint: Error: [Compiler ] No root node generated from the expression: ' * '
[2017.09.07-03.20.29:341][205]LogBlueprint: Error: [Compiler ] Failed to generate full expression graph for: ' * '
[2017.09.07-03.21.11:676][ 92]LogSavePackage: Save=139.23ms
[2017.09.07-03.21.11:676][ 92]LogSavePackage: Moving '../../../../../Unreal Projects/Plan-X/PlanX/Saved/Challange_L_1_0_Auto16143086D42B03E09978D359DF7F3E036.tmp' to '../../../../../Unreal Projects/Plan-X/PlanX/Saved/Autosaves/Game/Assets/Mapt_data/Challenge_Levels/Challange_L_1_0_Auto1.umap'
[2017.09.07-03.21.11:677][ 92]LogSavePackage: Display: Finished SavePackage ../../../../../Unreal Projects/Plan-X/PlanX/Saved/Autosaves/Game/Assets/Mapt_data/Challenge_Levels/Challange_L_1_0_Auto1.umap
[2017.09.07-03.21.11:691][ 92]LogFileHelpers: Editor autosave (incl. sublevels) for '/Game/Assets/Mapt_data/Challenge_Levels/Challange_L_1_0' took 0.769
[2017.09.07-03.21.11:691][ 92]LogFileHelpers: Editor autosave (incl. sublevels) for all levels took 0.769
[2017.09.07-03.21.11:701][ 92]OBJ SavePackage: Generating thumbnails for [0] asset(s) in package [/Game/VirtualRealityBP/Blueprints/MotionControllerPawn] ([1] browsable assets)...
[2017.09.07-03.21.11:701][ 92]OBJ SavePackage: Finished generating thumbnails for package [/Game/VirtualRealityBP/Blueprints/MotionControllerPawn]
[2017.09.07-03.21.12:473][ 92]LogStats: FPlatformStackWalk::StackWalkAndDump -  0.716 s
[2017.09.07-03.21.12:473][ 92]LogOutputDevice: Error: === Handled ensure: ===
[2017.09.07-03.21.12:473][ 92]LogOutputDevice: Error: 
[2017.09.07-03.21.12:473][ 92]LogOutputDevice: Error: Ensure condition failed: Graph [File:D:\Build\++UE4+Release-4.17+Compile\Sync\Engine\Source\Runtime\Engine\Private\EdGraph\EdGraph.cpp] [Line: 343]
[2017.09.07-03.21.12:473][ 92]LogOutputDevice: Error: EdGraph /Game/VirtualRealityBP/Blueprints/MotionControllerPawn.MotionControllerPawn:EventGraph has invalid SubGraph array entry at 0
[2017.09.07-03.21.12:473][ 92]LogOutputDevice: Error: Stack: 
[2017.09.07-03.21.12:473][ 92]LogOutputDevice: Error: UE4Editor-Core.dll!0x00000000D5853606
[2017.09.07-03.21.12:473][ 92]LogOutputDevice: Error: UE4Editor-Core.dll!0x00000000D55DC2D2
[2017.09.07-03.21.12:473][ 92]LogOutputDevice: Error: UE4Editor-Core.dll!0x00000000D55F4746
[2017.09.07-03.21.12:473][ 92]LogOutputDevice: Error: UE4Editor-Engine.dll!0x00000000D1B9611D
[2017.09.07-03.21.12:473][ 92]LogOutputDevice: Error: UE4Editor-UnrealEd.dll!0x00000000CFF27436
[2017.09.07-03.21.12:473][ 92]LogOutputDevice: Error: UE4Editor-UnrealEd.dll!0x00000000CFF2A7FC
[2017.09.07-03.21.12:473][ 92]LogOutputDevice: Error: UE4Editor-Engine.dll!0x00000000D1804740
[2017.09.07-03.21.12:473][ 92]LogOutputDevice: Error: UE4Editor-BlueprintGraph.dll!0x00000000CD4BA47E
[2017.09.07-03.21.12:473][ 92]LogOutputDevice: Error: UE4Editor-BlueprintGraph.dll!0x00000000CD5CF634
[2017.09.07-03.21.12:473][ 92]LogOutputDevice: Error: UE4Editor-Engine.dll!0x00000000D1B6BEB3
[2017.09.07-03.21.12:473][ 92]LogOutputDevice: Error: UE4Editor-Kismet.dll!0x00000000CDCF70EF
[2017.09.07-03.21.12:473][ 92]LogOutputDevice: Error: UE4Editor-Kismet.dll!0x00000000CDCF6BC0
[2017.09.07-03.21.12:473][ 92]LogOutputDevice: Error: UE4Editor-Kismet.dll!0x00000000CDCF4FAD
[2017.09.07-03.21.12:473][ 92]LogOutputDevice: Error: UE4Editor-Kismet.dll!0x00000000CDCB1F53
[2017.09.07-03.21.12:473][ 92]LogOutputDevice: Error: UE4Editor-Engine.dll!0x00000000D1817C15
[2017.09.07-03.21.12:473][ 92]LogOutputDevice: Error: UE4Editor-CoreUObject.dll!0x00000000D5114E47
[2017.09.07-03.21.12:473][ 92]LogOutputDevice: Error: UE4Editor-CoreUObject.dll!0x00000000D50FEBB9
[2017.09.07-03.21.12:473][ 92]LogOutputDevice: Error: UE4Editor-UnrealEd.dll!0x00000000CFB648FD
[2017.09.07-03.21.12:473][ 92]LogOutputDevice: Error: UE4Editor-UnrealEd.dll!0x00000000CFB65348
[2017.09.07-03.21.12:473][ 92]LogOutputDevice: Error: UE4Editor-UnrealEd.dll!0x00000000CFBA0340
[2017.09.07-03.21.12:473][ 92]LogOutputDevice: Error: UE4Editor-UnrealEd.dll!0x00000000CFB9CD98
[2017.09.07-03.21.12:473][ 92]LogOutputDevice: Error: UE4Editor-UnrealEd.dll!0x00000000D0414BA9
[2017.09.07-03.21.12:473][ 92]LogOutputDevice: Error: UE4Editor-UnrealEd.dll!0x00000000CFE410EF
[2017.09.07-03.21.12:473][ 92]LogOutputDevice: Error: UE4Editor-UnrealEd.dll!0x00000000D00A4428
[2017.09.07-03.21.12:473][ 92]LogOutputDevice: Error: UE4Editor-UnrealEd.dll!0x00000000D03FCF61
[2017.09.07-03.21.12:473][ 92]LogOutputDevice: Error: UE4Editor.exe!0x00000000627D534A
[2017.09.07-03.21.12:473][ 92]LogOutputDevice: Error: UE4Editor.exe!0x00000000627E3970
[2017.09.07-03.21.12:473][ 92]LogOutputDevice: Error: UE4Editor.exe!0x00000000627E39EA
[2017.09.07-03.21.12:473][ 92]LogOutputDevice: Error: UE4Editor.exe!0x00000000627F02D9
[2017.09.07-03.21.12:473][ 92]LogOutputDevice: Error: UE4Editor.exe!0x00000000627F1C47
[2017.09.07-03.21.12:473][ 92]LogOutputDevice: Error: KERNEL32.DLL!0x00000000127A8364
[2017.09.07-03.21.12:473][ 92]LogOutputDevice: Error: ntdll.dll!0x0000000013227091
[2017.09.07-03.21.12:473][ 92]LogOutputDevice: Error: 
[2017.09.07-03.21.12:481][ 92]LogStats:                SubmitErrorReport -  0.000 s
[2017.09.07-03.21.20:746][ 92]LogStats:                    SendNewReport -  8.265 s
[2017.09.07-03.21.20:746][ 92]LogStats:             FDebug::EnsureFailed -  8.989 s
[2017.09.07-03.21.20:930][ 92]LogSavePackage: Save=9215.09ms
[2017.09.07-03.21.20:930][ 92]LogSavePackage: Moving '../../../../../Unreal Projects/Plan-X/PlanX/Saved/MotionControllerPawn_Auto130DCDA7547D3FC846BB0B9A0585BC871.tmp' to '../../../../../Unreal Projects/Plan-X/PlanX/Saved/Autosaves/Game/VirtualRealityBP/Blueprints/MotionControllerPawn_Auto1.uasset'
[2017.09.07-03.21.21:024][ 92]LogSlate: Took 0.002905 seconds to synchronously load lazily loaded font '../../../Engine/Content/Slate/Fonts/Roboto-Regular.ttf' (155K)
[2017.09.07-03.21.21:028][ 92]LogSavePackage: Display: Finished SavePackage ../../../../../Unreal Projects/Plan-X/PlanX/Saved/Autosaves/Game/VirtualRealityBP/Blueprints/MotionControllerPawn_Auto1.uasset
[2017.09.07-03.21.21:028][ 92]LogFileHelpers: Auto-saving content packages took 9.334
[2017.09.07-03.21.23:227][304]LogWindows: Windows GetLastError: The operation completed successfully. (0)
[2017.09.07-03.21.23:618][304]LogWindows: Error: === Critical error: ===
[2017.09.07-03.21.23:618][304]LogWindows: Error: 
[2017.09.07-03.21.23:618][304]LogWindows: Error: Assertion failed: Graph [File:D:\Build\++UE4+Release-4.17+Compile\Sync\Engine\Source\Editor\Kismet\Private\SMyBlueprint.cpp] [Line: 859] 
[2017.09.07-03.21.23:618][304]LogWindows: Error: 
[2017.09.07-03.21.23:618][304]LogWindows: Error: 
[2017.09.07-03.21.23:618][304]LogWindows: Error: 
[2017.09.07-03.21.23:618][304]LogWindows: Error: KERNELBASE.dll!0x00000000102B3C58
[2017.09.07-03.21.23:618][304]LogWindows: Error: UE4Editor-Core.dll!0x00000000D58514B4
[2017.09.07-03.21.23:618][304]LogWindows: Error: UE4Editor-Core.dll!0x00000000D563AD5B
[2017.09.07-03.21.23:618][304]LogWindows: Error: UE4Editor-Core.dll!0x00000000D55D0179
[2017.09.07-03.21.23:618][304]LogWindows: Error: UE4Editor-Kismet.dll!0x00000000CDF348DC
[2017.09.07-03.21.23:618][304]LogWindows: Error: UE4Editor-Kismet.dll!0x00000000CDEF7778
[2017.09.07-03.21.23:618][304]LogWindows: Error: UE4Editor-Kismet.dll!0x00000000CDF1FEDC
[2017.09.07-03.21.23:618][304]LogWindows: Error: UE4Editor-Kismet.dll!0x00000000CDF2414C
[2017.09.07-03.21.23:618][304]LogWindows: Error: UE4Editor-GraphEditor.dll!0x00000000CB875D48
[2017.09.07-03.21.23:618][304]LogWindows: Error: UE4Editor-Kismet.dll!0x00000000CDBE6510
[2017.09.07-03.21.23:618][304]LogWindows: Error: UE4Editor-Kismet.dll!0x00000000CDD3B41B
[2017.09.07-03.21.23:618][304]LogWindows: Error: UE4Editor-Kismet.dll!0x00000000CE00D346
[2017.09.07-03.21.23:618][304]LogWindows: Error: UE4Editor-Kismet.dll!0x00000000CDFEC99D
[2017.09.07-03.21.23:618][304]LogWindows: Error: UE4Editor-Kismet.dll!0x00000000CDFEFAB4
[2017.09.07-03.21.23:618][304]LogWindows: Error: UE4Editor-Slate.dll!0x00000000D49D14E7
[2017.09.07-03.21.23:618][304]LogWindows: Error: UE4Editor-Slate.dll!0x00000000D4A3CC01
[2017.09.07-03.21.23:618][304]LogWindows: Error: UE4Editor-Slate.dll!0x00000000D4A1DB7D
[2017.09.07-03.21.23:618][304]LogWindows: Error: UE4Editor-Slate.dll!0x00000000D4966EF0
[2017.09.07-03.21.23:618][304]LogWindows: Error: UE4Editor-Slate.dll!0x00000000D4967D7D
[2017.09.07-03.21.23:618][304]LogWindows: Error: UE4Editor-Slate.dll!0x00000000D495FB1D
[2017.09.07-03.21.23:618][304]LogWindows: Error: UE4Editor-Slate.dll!0x00000000D49497E3
[2017.09.07-03.21.23:618][304]LogWindows: Error: UE4Editor-Slate.dll!0x00000000D493AFE0
[2017.09.07-03.21.23:618][304]LogWindows: Error: UE4Editor-Core.dll!0x00000000D582B47B
[2017.09.07-03.21.23:618][304]LogWindows: Error: UE4Editor-Core.dll!0x00000000D5813B51
[2017.09.07-03.21.23:618][304]LogWindows: Error: UE4Editor-Core.dll!0x00000000D582D22B
[2017.09.07-03.21.23:618][304]LogWindows: Error: UE4Editor-Core.dll!0x00000000D580ECB2
[2017.09.07-03.21.23:618][304]LogWindows: Error: USER32.dll!0x00000000107E1C24
[2017.09.07-03.21.23:618][304]LogWindows: Error: USER32.dll!0x00000000107E156C
[2017.09.07-03.21.23:618][304]LogWindows: Error: UE4Editor-Core.dll!0x00000000D582D936
[2017.09.07-03.21.23:618][304]LogWindows: Error: UE4Editor.exe!0x00000000627D4BE2
[2017.09.07-03.21.23:618][304]LogWindows: Error: UE4Editor.exe!0x00000000627E3970
[2017.09.07-03.21.23:618][304]LogWindows: Error: UE4Editor.exe!0x00000000627E39EA
[2017.09.07-03.21.23:618][304]LogWindows: Error: UE4Editor.exe!0x00000000627F02D9
[2017.09.07-03.21.23:618][304]LogWindows: Error: UE4Editor.exe!0x00000000627F1C47
[2017.09.07-03.21.23:618][304]LogWindows: Error: KERNEL32.DLL!0x00000000127A8364
[2017.09.07-03.21.23:618][304]LogWindows: Error: ntdll.dll!0x0000000013227091
[2017.09.07-03.21.23:618][304]LogWindows: Error: ntdll.dll!0x0000000013227091
[2017.09.07-03.21.23:618][304]LogWindows: Error: 
[2017.09.07-03.21.23:628][304]LogExit: Executing StaticShutdownAfterError
[2017.09.07-03.21.23:631][304]LogWindows: FPlatformMisc::RequestExit(1)
[2017.09.07-03.21.23:631][304]Log file closed, 09/06/17 23:21:23
