Log file open, 08/30/17 16:28:08
LogWindows: LoadLibraryWithSearchPaths failed for file aqProf.dll. GetLastError=0
LogWindows: LoadLibraryWithSearchPaths failed for file VtuneApi.dll. GetLastError=0
LogWindows: LoadLibraryWithSearchPaths failed for file VtuneApi32e.dll. GetLastError=0
LogInit: Display: Running engine for game: PlanX
LogPlatformFile: Not using cached read wrapper
LogInit: Display: RandInit(1199472525) SRandInit(1199472525).
LogTaskGraph: Started task graph with 5 named threads and 14 total threads with 3 sets of task threads.
LogStats: Stats thread started at 0.178073
LogD3D11RHI: Aftermath initialized
LogPluginManager: Mounting plugin Paper2D
LogPluginManager: Mounting plugin LightPropagationVolume
LogPluginManager: Mounting plugin CodeLiteSourceCodeAccess
LogPluginManager: Mounting plugin GitSourceControl
LogPluginManager: Mounting plugin KDevelopSourceCodeAccess
LogPluginManager: Mounting plugin NullSourceCodeAccess
LogPluginManager: Mounting plugin PerforceSourceControl
LogPluginManager: Mounting plugin SubversionSourceControl
LogPluginManager: Mounting plugin UObjectPlugin
LogPluginManager: Mounting plugin VisualStudioSourceCodeAccess
LogPluginManager: Mounting plugin XCodeSourceCodeAccess
LogPluginManager: Mounting plugin AssetManagerEditor
LogPluginManager: Mounting plugin AudioCapture
LogPluginManager: Mounting plugin FacialAnimation
LogPluginManager: Mounting plugin GameplayTagsEditor
LogPluginManager: Mounting plugin MobileLauncherProfileWizard
LogPluginManager: Mounting plugin PluginBrowser
LogPluginManager: Mounting plugin SpeedTreeImporter
LogPluginManager: Mounting plugin AlembicImporter
LogPluginManager: Mounting plugin CharacterAI
LogPluginManager: Mounting plugin HTML5Networking
LogPluginManager: Mounting plugin AndroidMedia
LogPluginManager: Mounting plugin AvfMedia
LogPluginManager: Mounting plugin MediaPlayerEditor
LogPluginManager: Mounting plugin WmfMedia
LogPluginManager: Mounting plugin TcpMessaging
LogPluginManager: Mounting plugin UdpMessaging
LogPluginManager: Mounting plugin LevelSequenceEditor
LogPluginManager: Mounting plugin MatineeToLevelSequence
LogPluginManager: Mounting plugin OnlineSubsystemGooglePlay
LogPluginManager: Mounting plugin OnlineSubsystemIOS
LogPluginManager: Mounting plugin OnlineSubsystem
LogPluginManager: Mounting plugin OnlineSubsystemNull
LogPluginManager: Mounting plugin OnlineSubsystemUtils
LogPluginManager: Mounting plugin AndroidDeviceProfileSelector
LogPluginManager: Mounting plugin AndroidMoviePlayer
LogPluginManager: Mounting plugin AndroidPermission
LogPluginManager: Mounting plugin AppleMoviePlayer
LogPluginManager: Mounting plugin ArchVisCharacter
LogPluginManager: Mounting plugin CableComponent
LogPluginManager: Mounting plugin CustomMeshComponent
LogPluginManager: Mounting plugin ExampleDeviceProfileSelector
LogPluginManager: Mounting plugin GoogleCloudMessaging
LogPluginManager: Mounting plugin ImmediatePhysics
LogPluginManager: Mounting plugin IOSDeviceProfileSelector
LogPluginManager: Mounting plugin LinuxDeviceProfileSelector
LogPluginManager: Mounting plugin LocationServicesBPLibrary
LogPluginManager: Mounting plugin MobilePatchingUtils
LogPluginManager: Mounting plugin OculusVR
LogPluginManager: Mounting plugin PhysXVehicles
LogPluginManager: Mounting plugin ProceduralMeshComponent
LogPluginManager: Mounting plugin RuntimePhysXCooking
LogPluginManager: Mounting plugin SteamVR
LogPluginManager: Mounting plugin WindowsMoviePlayer
LogInit: Using libcurl 7.47.1
LogInit:  - built for x86_64-pc-win32
LogInit:  - supports SSL with OpenSSL/1.0.2g
LogInit:  - supports HTTP deflate (compression) using libz 1.2.8
LogInit:  - other features:
LogInit:      CURL_VERSION_SSL
LogInit:      CURL_VERSION_LIBZ
LogInit:      CURL_VERSION_IPV6
LogInit:      CURL_VERSION_ASYNCHDNS
LogInit:      CURL_VERSION_LARGEFILE
LogInit:      CURL_VERSION_IDN
LogInit:  CurlRequestOptions (configurable via config and command line):
LogInit:  - bVerifyPeer = false  - Libcurl will NOT verify peer certificate
LogInit:  - bUseHttpProxy = false  - Libcurl will NOT use HTTP proxy
LogInit:  - bDontReuseConnections = false  - Libcurl will reuse connections
LogInit:  - CertBundlePath = nullptr  - Libcurl will use whatever was configured at build time.
LogInit: Build: ++UE4+Release-4.17-CL-3586342
LogInit: Engine Version: 4.17.1-3586342+++UE4+Release-4.17
LogInit: Compatible Engine Version: 4.17.0-3573198+++UE4+Release-4.17
LogInit: Net CL: 3573198
LogDevObjectVersion: Number of dev versions registered: 16
LogDevObjectVersion:   Dev-Blueprints (B0D832E4-1F89-4F0D-ACCF-7EB736FD4AA2): 10
LogDevObjectVersion:   Dev-Build (E1C64328-A22C-4D53-A36C-8E866417BD8C): 0
LogDevObjectVersion:   Dev-Core (375EC13C-06E4-48FB-B500-84F0262A717E): 2
LogDevObjectVersion:   Dev-Editor (E4B068ED-F494-42E9-A231-DA0B2E46BB41): 20
LogDevObjectVersion:   Dev-Framework (CFFC743F-43B0-4480-9391-14DF171D2073): 28
LogDevObjectVersion:   Dev-Mobile (B02B49B5-BB20-44E9-A304-32B752E40360): 0
LogDevObjectVersion:   Dev-Networking (A4E4105C-59A1-49B5-A7C5-40C4547EDFEE): 0
LogDevObjectVersion:   Dev-Online (39C831C9-5AE6-47DC-9A44-9C173E1C8E7C): 0
LogDevObjectVersion:   Dev-Physics (78F01B33-EBEA-4F98-B9B4-84EACCB95AA2): 0
LogDevObjectVersion:   Dev-Platform (6631380F-2D4D-43E0-8009-CF276956A95A): 0
LogDevObjectVersion:   Dev-Rendering (12F88B9F-8875-4AFC-A67C-D90C383ABD29): 19
LogDevObjectVersion:   Dev-Sequencer (7B5AE74C-D270-4C10-A958-57980B212A5A): 4
LogDevObjectVersion:   Dev-VR (D7296918-1DD6-4BDD-9DE2-64A83CC13884): 0
LogDevObjectVersion:   Dev-LoadTimes (C2A15278-BFE7-4AFE-6C17-90FF531DF755): 1
LogDevObjectVersion:   Private-Geometry (6EACA3D4-40EC-4CC1-B786-8BED09428FC5): 1
LogDevObjectVersion:   Dev-AnimPhys (29E575DD-E0A3-4627-9D10-D276232CDCEA): 7
LogInit: Compiled (64-bit): Aug 15 2017 02:05:26
LogInit: Compiled with Visual C++: 19.00.24215.01
LogInit: Build Configuration: Development
LogInit: Branch Name: ++UE4+Release-4.17
LogInit: Command line: -EpicPortal 
LogInit: Base directory: Q:/Unreal Engine/UE_4.17/Engine/Binaries/Win64/
LogInit: Installed Engine Build: 1
LogInit: Presizing for max 8388607 objects, including 0 objects not considered by GC, pre-allocating 0 bytes for permanent pool.
LogInit: Object subsystem initialized
[2017.08.30-20.28.08:702][  0]LogInit: Selected Device Profile: [Windows]
[2017.08.30-20.28.08:702][  0]LogInit: Applying CVar settings loaded from the selected device profile: [Windows]
[2017.08.30-20.28.08:714][  0]LogInit: Computer: DAWN
[2017.08.30-20.28.08:714][  0]LogInit: User: RobertForbes
[2017.08.30-20.28.08:714][  0]LogInit: CPU Page size=4096, Cores=4
[2017.08.30-20.28.08:714][  0]LogInit: High frequency timer resolution =3.417988 MHz
[2017.08.30-20.28.08:714][  0]LogMemory: Memory total: Physical=8.0GB (8GB approx)
[2017.08.30-20.28.08:714][  0]LogMemory: Platform Memory Stats for Windows
[2017.08.30-20.28.08:714][  0]LogMemory: Process Physical Memory: 278.45 MB used, 278.45 MB peak
[2017.08.30-20.28.08:714][  0]LogMemory: Process Virtual Memory: 274.21 MB used, 274.21 MB peak
[2017.08.30-20.28.08:714][  0]LogMemory: Physical Memory: 4670.54 MB used,  3473.31 MB free, 8143.85 MB total
[2017.08.30-20.28.08:714][  0]LogMemory: Virtual Memory: 668.32 MB used,  3473.31 MB free, 134217728.00 MB total
[2017.08.30-20.28.08:841][  0]LogInit: Using OS detected language (en-US).
[2017.08.30-20.28.08:841][  0]LogInit: Using OS detected locale (en-US).
[2017.08.30-20.28.08:845][  0]LogTextLocalizationManager: No specific localization for 'en-US' exists, so the 'en' localization will be used.
[2017.08.30-20.28.09:601][  0]LogD3D11RHI: D3D11 adapters:
[2017.08.30-20.28.10:194][  0]LogD3D11RHI:    0. 'NVIDIA GeForce GTX 970' (Feature Level 11_0)
[2017.08.30-20.28.10:194][  0]LogD3D11RHI:       4058/0/4071 MB DedicatedVideo/DedicatedSystem/SharedSystem, Outputs:2, VendorId:0x10de
[2017.08.30-20.28.10:195][  0]LogD3D11RHI:    1. 'Microsoft Basic Render Driver' (Feature Level 11_0)
[2017.08.30-20.28.10:195][  0]LogD3D11RHI:       0/0/4071 MB DedicatedVideo/DedicatedSystem/SharedSystem, Outputs:0, VendorId:0x1414
[2017.08.30-20.28.10:195][  0]LogD3D11RHI: Chosen D3D11 Adapter: 0
[2017.08.30-20.28.10:199][  0]LogD3D11RHI: Creating new Direct3DDevice
[2017.08.30-20.28.10:199][  0]LogD3D11RHI:     GPU DeviceId: 0x13c2 (for the marketing name, search the web for "GPU Device Id")
[2017.08.30-20.28.10:199][  0]LogWindows: EnumDisplayDevices:
[2017.08.30-20.28.10:199][  0]LogWindows:    0. 'NVIDIA GeForce GTX 970' (P:0 D:1)
[2017.08.30-20.28.10:200][  0]LogWindows:    1. 'NVIDIA GeForce GTX 970' (P:1 D:1)
[2017.08.30-20.28.10:200][  0]LogWindows:    2. 'NVIDIA GeForce GTX 970' (P:0 D:0)
[2017.08.30-20.28.10:200][  0]LogWindows:    3. 'NVIDIA GeForce GTX 970' (P:0 D:0)
[2017.08.30-20.28.10:200][  0]LogWindows: DebugString: FoundDriverCount:4 
[2017.08.30-20.28.10:200][  0]LogD3D11RHI:     Adapter Name: NVIDIA GeForce GTX 970
[2017.08.30-20.28.10:200][  0]LogD3D11RHI:   Driver Version: 385.41 (internal:22.21.13.8541, unified:385.41)
[2017.08.30-20.28.10:200][  0]LogD3D11RHI:      Driver Date: 8-21-2017
[2017.08.30-20.28.10:200][  0]LogRHI: Texture pool is 1361 MB (70% of 1945 MB)
[2017.08.30-20.28.10:757][  0]LogD3D11RHI: Async texture creation enabled
[2017.08.30-20.28.10:786][  0]LogD3D11RHI: GPU Timing Frequency: 1000.000000 (Debug: 2 1)
[2017.08.30-20.28.10:789][  0]LogShaderCompilers: Guid format shader working directory is 11 characters bigger than the processId version (../../../../../Unreal Projects/Plan-X/PlanX/Intermediate/Shaders/WorkingDirectory/4764/).
[2017.08.30-20.28.10:789][  0]LogShaderCompilers: Cleaned the shader compiler working directory 'C:/Users/Robert Forbes/AppData/Local/Temp/UnrealShaderWorkingDir/710840064FEA2695D612828BA9F1AAA5/'.
[2017.08.30-20.28.10:789][  0]LogShaderCompilers: Display: Using Local Shader Compiler.
[2017.08.30-20.28.11:662][  0]LogTemp: Display: Loaded TP AllDesktopTargetPlatform
[2017.08.30-20.28.11:705][  0]LogTemp: Display: Loaded TP MacClientTargetPlatform
[2017.08.30-20.28.11:748][  0]LogTemp: Display: Loaded TP MacNoEditorTargetPlatform
[2017.08.30-20.28.11:791][  0]LogTemp: Display: Loaded TP MacServerTargetPlatform
[2017.08.30-20.28.11:832][  0]LogTemp: Display: Loaded TP MacTargetPlatform
[2017.08.30-20.28.11:878][  0]LogTemp: Display: Loaded TP WindowsClientTargetPlatform
[2017.08.30-20.28.11:920][  0]LogTemp: Display: Loaded TP WindowsNoEditorTargetPlatform
[2017.08.30-20.28.11:965][  0]LogTemp: Display: Loaded TP WindowsServerTargetPlatform
[2017.08.30-20.28.12:001][  0]LogTemp: Display: Loaded TP WindowsTargetPlatform
[2017.08.30-20.28.12:042][  0]LogTemp: Display: Loaded TP AndroidTargetPlatform
[2017.08.30-20.28.12:084][  0]LogTemp: Display: Loaded TP Android_ASTCTargetPlatform
[2017.08.30-20.28.12:125][  0]LogTemp: Display: Loaded TP Android_ATCTargetPlatform
[2017.08.30-20.28.12:167][  0]LogTemp: Display: Loaded TP Android_DXTTargetPlatform
[2017.08.30-20.28.12:208][  0]LogTemp: Display: Loaded TP Android_ETC1TargetPlatform
[2017.08.30-20.28.12:252][  0]LogTemp: Display: Loaded TP Android_ETC2TargetPlatform
[2017.08.30-20.28.12:337][  0]LogTemp: Display: Loaded TP Android_MultiTargetPlatform
[2017.08.30-20.28.12:337][  0]LogTemp: Display: Loaded TP Android_PVRTCTargetPlatform
[2017.08.30-20.28.12:370][  0]LogTemp: Display: Loaded TP HTML5TargetPlatform
[2017.08.30-20.28.12:450][  0]LogTemp: Display: Loaded TP IOSTargetPlatform
[2017.08.30-20.28.12:473][  0]LogTemp: Display: Loaded TP TVOSTargetPlatform
[2017.08.30-20.28.12:515][  0]LogTemp: Display: Loaded TP LinuxClientTargetPlatform
[2017.08.30-20.28.12:557][  0]LogTemp: Display: Loaded TP LinuxNoEditorTargetPlatform
[2017.08.30-20.28.12:601][  0]LogTemp: Display: Loaded TP LinuxServerTargetPlatform
[2017.08.30-20.28.12:644][  0]LogTemp: Display: Loaded TP LinuxTargetPlatform
[2017.08.30-20.28.12:644][  0]LogTargetPlatformManager: Display: Building Assets For Windows
[2017.08.30-20.28.13:021][  0]LogDerivedDataCache: Display: Max Cache Size: 512 MB
[2017.08.30-20.28.13:105][  0]LogDerivedDataCache: Loaded boot cache 0.08s 106MB C:/Users/Robert Forbes/AppData/Local/UnrealEngine/4.17/DerivedDataCache/Boot.ddc.
[2017.08.30-20.28.13:105][  0]LogDerivedDataCache: Display: Loaded Boot cache: C:/Users/Robert Forbes/AppData/Local/UnrealEngine/4.17/DerivedDataCache/Boot.ddc
[2017.08.30-20.28.13:105][  0]LogDerivedDataCache: FDerivedDataBackendGraph:  Pak pak cache file ../../../../../Unreal Projects/Plan-X/PlanX/DerivedDataCache/DDC.ddp not found, will not use a pak cache.
[2017.08.30-20.28.13:105][  0]LogDerivedDataCache: Unable to find inner node Pak for hierarchical cache Hierarchy.
[2017.08.30-20.28.13:105][  0]LogDerivedDataCache: FDerivedDataBackendGraph:  CompressedPak pak cache file ../../../../../Unreal Projects/Plan-X/PlanX/DerivedDataCache/Compressed.ddp not found, will not use a pak cache.
[2017.08.30-20.28.13:105][  0]LogDerivedDataCache: Unable to find inner node CompressedPak for hierarchical cache Hierarchy.
[2017.08.30-20.28.13:122][  0]LogDerivedDataCache: Display: Pak cache opened for reading ../../../Engine/DerivedDataCache/Compressed.ddp.
[2017.08.30-20.28.13:134][  0]LogDerivedDataCache: Using Local data cache path C:/Users/Robert Forbes/AppData/Local/UnrealEngine/Common/DerivedDataCache: Writable
[2017.08.30-20.28.13:144][  0]LogMaterial: Verifying Global Shaders for PCD3D_SM5
[2017.08.30-20.28.13:144][  0]LogSlate: Using Freetype 2.6.0
[2017.08.30-20.28.13:145][  0]LogSlate: SlateFontCache - WITH_FREETYPE: 1, WITH_HARFBUZZ: 1
[2017.08.30-20.28.13:145][  0]LogSlate: SlateFontCache - WITH_FREETYPE: 1, WITH_HARFBUZZ: 1
[2017.08.30-20.28.13:419][  0]LogAssetRegistry: FAssetRegistry took 0.0260 seconds to start up
[2017.08.30-20.28.13:522][  0]LogInit: Selected Device Profile: [Windows]
[2017.08.30-20.28.13:666][  0]LogContentStreaming: Texture pool size is 0.00 MB
[2017.08.30-20.28.13:922][  0]LogSimplygon: Simplygon DLL not present - disabling.
[2017.08.30-20.28.13:955][  0]LogMeshReduction: Using SimplygonSwarm for distributed automatic mesh merging
[2017.08.30-20.28.13:955][  0]LogMeshReduction: Using QuadricMeshReduction for automatic static mesh reduction
[2017.08.30-20.28.13:955][  0]LogMeshReduction: No automatic skeletal mesh reduction module available
[2017.08.30-20.28.13:955][  0]LogMeshReduction: No automatic mesh merging module available
[2017.08.30-20.28.13:955][  0]LogMeshMerging: No automatic mesh merging module available
[2017.08.30-20.28.14:294][  0]LogNetVersion: PlanX , NetCL: 3573198, EngineNetVer: 2, GameNetVer: 0 (Checksum: 4232075429)
[2017.08.30-20.28.14:491][  0]LogPackageLocalizationCache: Processed 5 localized package path(s) for 2 prioritized culture(s) in 0.044771 seconds
[2017.08.30-20.28.14:497][  0]LogUObjectArray: 35825 objects as part of root set at end of initial load.
[2017.08.30-20.28.14:497][  0]LogUObjectAllocator: 7529104 out of 0 bytes used by permanent object pool.
[2017.08.30-20.28.14:497][  0]LogUObjectArray: CloseDisregardForGC: 0/0 objects in disregard for GC pool
[2017.08.30-20.28.14:540][  0]LogInit: WinSock: version 1.1 (2.2), MaxSocks=32767, MaxUdp=65467
[2017.08.30-20.28.16:924][  0]LogTcpMessaging: Initializing TcpMessaging bridge
[2017.08.30-20.28.16:959][  0]LogUdpMessaging: Initializing bridge on interface 0.0.0.0:0 to multicast group 230.0.0.1:6666.
[2017.08.30-20.28.17:556][  0]LogMaterial: Uniform references updated for custom material expression Custom.
[2017.08.30-20.28.17:931][  0]SourceControl: Source control is disabled
[2017.08.30-20.28.17:931][  0]SourceControl: Source control is disabled
[2017.08.30-20.28.17:975][  0]SourceControl: Source control is disabled
[2017.08.30-20.28.18:016][  0]SourceControl: Source control is disabled
[2017.08.30-20.28.18:520][  0]LogAndroidPermission: UAndroidPermissionCallbackProxy::GetInstance
[2017.08.30-20.28.18:737][  0]LogOcInput: OculusInput pre-init called
[2017.08.30-20.28.18:970][  0]LogEngine: Initializing Engine...
[2017.08.30-20.28.19:009][  0]LogHMD: SteamVR initialized.  Driver: lighthouse  Display: LHR-21CE5F1D
[2017.08.30-20.28.19:230][  0]LogStats: UGameplayTagsManager::ConstructGameplayTagTree: Construct from data asset -  0.000 s
[2017.08.30-20.28.19:230][  0]LogStats: UGameplayTagsManager::ConstructGameplayTagTree: GameplayTagTreeChangedEvent.Broadcast -  0.000 s
[2017.08.30-20.28.19:336][  0]LogAIModule: Creating AISystem for world Untitled
[2017.08.30-20.28.19:356][  0]LogInit: XAudio2 using 'REAL SPEAKERS!!!!!!!!!! (Realtek High Definition Audio)' : 2 channels at 48 kHz using 32 bits per sample (channel mask 0x3)
[2017.08.30-20.28.19:372][  0]LogInit: FAudioDevice initialized.
[2017.08.30-20.28.19:487][  0]LogDerivedDataCache: Saved boot cache 0.12s 106MB C:/Users/Robert Forbes/AppData/Local/UnrealEngine/4.17/DerivedDataCache/Boot.ddc.
[2017.08.30-20.28.19:507][  0]LogInit: Texture streaming: Enabled
[2017.08.30-20.28.19:590][  0]LogEngineSessionManager: EngineSessionManager initialized
[2017.08.30-20.28.19:765][  0]LogInit: Transaction tracking system initialized
[2017.08.30-20.28.20:009][  0]BlueprintLog: New page: Editor Load
[2017.08.30-20.28.20:705][  0]LocalizationService: Localization service is disabled
[2017.08.30-20.28.21:288][  0]LogConsoleResponse: Display: 
[2017.08.30-20.28.21:462][  0]LogCook: Display: Max memory allowance for cook 16384mb min free memory 0mb
[2017.08.30-20.28.21:462][  0]LogCook: Display: Mobile HDR setting 1
[2017.08.30-20.28.21:462][  0]LogGameplayTags: Display: UGameplayTagsManager::DoneAddingNativeTags. DelegateIsBound: 0
[2017.08.30-20.28.22:051][  0]LogFileCache: Scanning file cache for directory 'Q:/Unreal Projects/Plan-X/PlanX/Content/' took 0.01s
[2017.08.30-20.28.22:352][  0]SourceControl: Source control is disabled
[2017.08.30-20.28.22:352][  0]Cmd: MAP LOAD FILE="../../../../../Unreal Projects/Plan-X/PlanX/Content/VirtualRealityBP/Maps/StartupMap.umap" TEMPLATE=0 SHOWPROGRESS=1 FEATURELEVEL=3
[2017.08.30-20.28.22:353][  0]LightingResults: New page: Lighting Build
[2017.08.30-20.28.22:388][  0]MapCheck: New page: Map Check
[2017.08.30-20.28.22:388][  0]LightingResults: New page: Lighting Build
[2017.08.30-20.28.22:491][  0]LogAIModule: Creating AISystem for world StartupMap
[2017.08.30-20.28.22:497][  0]LogEditorServer: Finished looking for orphan Actors (0.000 secs)
[2017.08.30-20.28.22:507][  0]Cmd: MAP CHECKDEP NOCLEARLOG
[2017.08.30-20.28.22:563][  0]MapCheck: Map check complete: 0 Error(s), 0 Warning(s), took 55.596ms to complete.
[2017.08.30-20.28.22:563][  0]LogFileHelpers: Loading map 'StartupMap' took 0.211
[2017.08.30-20.28.22:633][  0]LogWindowsTextInputMethodSystem: Display: IME system now deactivated.
[2017.08.30-20.28.22:711][  0]LogCollectionManager: Loaded 0 collections in 0.001739 seconds
[2017.08.30-20.28.22:789][  0]LogFileCache: Scanning file cache for directory 'Q:/Unreal Projects/Plan-X/PlanX/Saved/Collections/' took 0.01s
[2017.08.30-20.28.22:789][  0]LogFileCache: Scanning file cache for directory 'Q:/Unreal Projects/Plan-X/PlanX/Content/Developers/RobertForbes/Collections/' took 0.01s
[2017.08.30-20.28.22:789][  0]LogFileCache: Scanning file cache for directory 'Q:/Unreal Projects/Plan-X/PlanX/Content/Collections/' took 0.01s
[2017.08.30-20.28.22:789][  0]LogCollectionManager: Rebuilt the GUID cache for 0 collections in 0.000000 seconds
[2017.08.30-20.28.22:798][  0]LogContentBrowser: Native class hierarchy populated in 0.0091 seconds. Added 2386 classes and 500 folders.
[2017.08.30-20.28.22:852][  0]LogContentBrowser: Native class hierarchy updated for 'WidgetCarousel' in 0.0008 seconds. Added 0 classes and 0 folders.
[2017.08.30-20.28.22:914][  0]LogContentBrowser: Native class hierarchy updated for 'AddContentDialog' in 0.0008 seconds. Added 0 classes and 0 folders.
[2017.08.30-20.28.22:951][  0]LogContentBrowser: Native class hierarchy updated for 'SceneOutliner' in 0.0010 seconds. Added 1 classes and 2 folders.
[2017.08.30-20.28.22:979][  0]LogSlate: Took 0.000269 seconds to synchronously load lazily loaded font '../../../Engine/Content/Slate/Fonts/Roboto-Regular.ttf' (155K)
[2017.08.30-20.28.22:982][  0]LogSlate: Took 0.000438 seconds to synchronously load lazily loaded font '../../../Engine/Content/Slate/Fonts/Roboto-Bold.ttf' (160K)
[2017.08.30-20.28.22:987][  0]LogSlate: Took 0.000514 seconds to synchronously load lazily loaded font '../../../Engine/Content/Editor/Slate/Fonts/FontAwesome.ttf' (139K)
[2017.08.30-20.28.23:084][  0]LogRenderer: Reallocating scene render targets to support 1208x576 Format 26 NumSamples 1 (Frame:1).
[2017.08.30-20.28.23:224][  0]LogContentBrowser: Native class hierarchy updated for 'HierarchicalLODOutliner' in 0.0008 seconds. Added 1 classes and 2 folders.
[2017.08.30-20.28.23:224][  0]LogLoad: (Engine Initialization) Total time: 16.26 seconds
[2017.08.30-20.28.23:224][  0]LogLoad: (Engine Initialization) Total Blueprint compile time: 0.00 seconds
[2017.08.30-20.28.23:224][  0]LogExternalProfiler: Found external profiler: VSPerf
[2017.08.30-20.28.23:224][  0]LogExternalProfiler: Using external profiler: VSPerf
[2017.08.30-20.28.23:234][  0]LogSteamVRController: Controller role for device 3 is 1 (invalid=0, left=1, right=2).
[2017.08.30-20.28.23:234][  0]LogSteamVRController: Warning: Controller device 3 is being assigned to its prefered role 'left'.
[2017.08.30-20.28.23:234][  0]LogSteamVRController: Controller role for device 4 is 2 (invalid=0, left=1, right=2).
[2017.08.30-20.28.23:234][  0]LogSteamVRController: Putting controller 4 on the right hand because there is already a controller for the left.
[2017.08.30-20.28.23:253][  0]LogContentStreaming: Texture pool size now 1000 MB
[2017.08.30-20.28.23:288][  0]LogSlate: Took 0.000256 seconds to synchronously load lazily loaded font '../../../Engine/Content/Slate/Fonts/Roboto-Light.ttf' (159K)
[2017.08.30-20.28.23:296][  1]LogAssetRegistry: Asset discovery search completed in 9.8986 seconds
[2017.08.30-20.28.23:298][  1]LogCollectionManager: Rebuilt the object cache for 0 collections in 0.000001 seconds (found 0 objects)
[2017.08.30-20.28.23:298][  1]LogCollectionManager: Fixed up redirectors for 0 collections in 0.000058 seconds (updated 0 objects)
[2017.08.30-20.28.29:474][728]LogSlate: Took 0.000230 seconds to synchronously load lazily loaded font '../../../Engine/Content/Slate/Fonts/Roboto-Light.ttf' (159K)
[2017.08.30-20.28.29:927][728]LogAIModule: Creating AISystem for world TestingMap
[2017.08.30-20.28.29:962][728]Cmd: MAP LOAD FILE="../../../../../Unreal Projects/Plan-X/PlanX/Content/PlanX/TestingMap.umap" TEMPLATE=0 SHOWPROGRESS=1 FEATURELEVEL=3
[2017.08.30-20.28.29:962][728]LightingResults: New page: Lighting Build
[2017.08.30-20.28.29:963][728]LoadErrors: New page: Loading map: TestingMap.umap
[2017.08.30-20.28.29:963][728]MapCheck: New page: Map Check
[2017.08.30-20.28.29:963][728]LightingResults: New page: Lighting Build
[2017.08.30-20.28.29:978][728]LogEditorServer: Finished looking for orphan Actors (0.000 secs)
[2017.08.30-20.28.30:010][728]Cmd: MAP CHECKDEP NOCLEARLOG
[2017.08.30-20.28.30:071][728]MapCheck: Map check complete: 0 Error(s), 0 Warning(s), took 60.936ms to complete.
[2017.08.30-20.28.30:071][728]LogFileHelpers: Loading map 'TestingMap' took 0.111
[2017.08.30-20.28.37:087][565]LogEditorViewport: Clicking on Actor (LMB): MotionControllerPawn_C (MotionControllerPawn)
[2017.08.30-20.28.43:603][332]LogEditorViewport: Clicking on Actor (LMB): BP_Sky_Sphere_C (Sky Sphere)
[2017.08.30-20.28.44:579][439]LogEditorViewport: Clicking on Actor (LMB): MotionControllerPawn_C (MotionControllerPawn)
[2017.08.30-20.29.26:630][390]LogPlayLevel: PlayLevel: No blueprints needed recompiling
[2017.08.30-20.29.26:631][390]PIE: New page: PIE session: TestingMap (Aug 30, 2017, 12:29:26 PM)
[2017.08.30-20.29.26:631][390]LogPlayLevel: Creating play world package: /Game/PlanX/UEDPIE_0_TestingMap
[2017.08.30-20.29.26:633][390]LogPlayLevel: PIE: StaticDuplicateObject took: (0.001970s)
[2017.08.30-20.29.26:633][390]LogAIModule: Creating AISystem for world TestingMap
[2017.08.30-20.29.26:634][390]LogPlayLevel: PIE: World Init took: (0.000812s)
[2017.08.30-20.29.26:634][390]LogPlayLevel: PIE: Created PIE world by copying editor world from /Game/PlanX/TestingMap.TestingMap to /Game/PlanX/UEDPIE_0_TestingMap.TestingMap (0.003049s)
[2017.08.30-20.29.26:683][390]LogInit: XAudio2 using 'REAL SPEAKERS!!!!!!!!!! (Realtek High Definition Audio)' : 2 channels at 48 kHz using 32 bits per sample (channel mask 0x3)
[2017.08.30-20.29.26:693][390]LogInit: FAudioDevice initialized.
[2017.08.30-20.29.26:802][390]LogUObjectGlobals: Warning: Failed to find object 'Class None.'
[2017.08.30-20.29.26:802][390]LogLoad: Game class is 'GameModeBase'
[2017.08.30-20.29.26:805][390]LogWorld: Bringing World /Game/PlanX/UEDPIE_0_TestingMap.TestingMap up for play (max tick rate 0) at 2017.08.30-16.29.26
[2017.08.30-20.29.26:805][390]LogWorld: Bringing up level for play took: 0.001558
[2017.08.30-20.29.26:840][390]LogContentBrowser: Native class hierarchy updated for 'MovieSceneCapture' in 0.0008 seconds. Added 11 classes and 0 folders.
[2017.08.30-20.29.26:849][390]PIE: Play in editor start time for /Game/PlanX/UEDPIE_0_TestingMap -0.286
[2017.08.30-20.29.26:887][391]LogRenderer: Reallocating scene render targets to support 3024x1680 Format 26 NumSamples 1 (Frame:1).
[2017.08.30-20.30.49:206][436]Cmd: OBJ SAVEPACKAGE PACKAGE="/Game/PlanX/TestingMap" FILE="../../../../../Unreal Projects/Plan-X/PlanX/Content/PlanX/TestingMap.umap" SILENT=true AUTOSAVING=false KEEPDIRTY=false
[2017.08.30-20.30.49:310][436]LogSavePackage: Save=48.69ms
[2017.08.30-20.30.49:310][436]LogSavePackage: Moving '../../../../../Unreal Projects/Plan-X/PlanX/Saved/TestingMap9C95B7144CCA9691FE850D972DF7D95C.tmp' to '../../../../../Unreal Projects/Plan-X/PlanX/Content/PlanX/TestingMap.umap'
[2017.08.30-20.30.49:313][436]LogSavePackage: Display: Finished SavePackage ../../../../../Unreal Projects/Plan-X/PlanX/Content/PlanX/TestingMap.umap
[2017.08.30-20.30.49:334][436]LogFileHelpers: Saving map 'TestingMap' took 0.193
[2017.08.30-20.30.49:340][436]Cmd: MAP LOAD FILE="../../../../../Unreal Projects/Plan-X/PlanX/Content/VirtualRealityBP/Maps/StartupMap.umap" TEMPLATE=0 SHOWPROGRESS=1 FEATURELEVEL=3
[2017.08.30-20.30.49:355][436]LightingResults: New page: Lighting Build
[2017.08.30-20.30.49:356][436]LoadErrors: New page: Loading map: StartupMap.umap
[2017.08.30-20.30.49:385][436]MapCheck: New page: Map Check
[2017.08.30-20.30.49:385][436]LightingResults: New page: Lighting Build
[2017.08.30-20.30.49:420][436]LogAIModule: Creating AISystem for world StartupMap
[2017.08.30-20.30.49:428][436]LogEditorServer: Finished looking for orphan Actors (0.000 secs)
[2017.08.30-20.30.49:464][436]Cmd: MAP CHECKDEP NOCLEARLOG
[2017.08.30-20.30.49:524][436]MapCheck: Map check complete: 0 Error(s), 0 Warning(s), took 60.534ms to complete.
[2017.08.30-20.30.49:524][436]LogFileHelpers: Loading map 'StartupMap' took 0.186
[2017.08.30-20.31.04:848][232]Cmd: MAP LOAD FILE="../../../../../Unreal Projects/Plan-X/PlanX/Content/VirtualRealityBP/Maps/MotionControllerMap.umap" TEMPLATE=0 SHOWPROGRESS=1 FEATURELEVEL=3
[2017.08.30-20.31.04:860][232]LightingResults: New page: Lighting Build
[2017.08.30-20.31.04:861][232]LoadErrors: New page: Loading map: MotionControllerMap.umap
[2017.08.30-20.31.04:864][232]MapCheck: New page: Map Check
[2017.08.30-20.31.04:864][232]LightingResults: New page: Lighting Build
[2017.08.30-20.31.05:285][232]LogAIModule: Creating AISystem for world MotionControllerMap
[2017.08.30-20.31.05:316][232]LogEditorServer: Finished looking for orphan Actors (0.000 secs)
[2017.08.30-20.31.05:352][232]Cmd: MAP CHECKDEP NOCLEARLOG
[2017.08.30-20.31.05:416][232]MapCheck: Map check complete: 0 Error(s), 0 Warning(s), took 64.012ms to complete.
[2017.08.30-20.31.05:416][232]LogFileHelpers: Loading map 'MotionControllerMap' took 0.569
[2017.08.30-20.31.11:344][906]LogEditorViewport: Clicking on Actor (LMB): MotionControllerPawn_C (VRPawn)
[2017.08.30-20.31.12:183][996]LogSlate: Took 0.000271 seconds to synchronously load lazily loaded font '../../../Engine/Content/Editor/Slate/Fonts/Roboto-Italic.ttf' (157K)
[2017.08.30-20.31.30:697][ 20]Cmd: EDIT COPY
[2017.08.30-20.31.34:160][390]LogBlueprintUserMessages: Early PlayInEditor Detection: Level '/Game/VirtualRealityBP/Maps/MotionControllerMap.MotionControllerMap:PersistentLevel' has LevelScriptBlueprint '/Game/VirtualRealityBP/Maps/MotionControllerMap.MotionControllerMap:PersistentLevel.MotionControllerMap' with GeneratedClass '/Game/VirtualRealityBP/Maps/MotionControllerMap.MotionControllerMap_C' with ClassGeneratedBy '/Game/VirtualRealityBP/Maps/MotionControllerMap.MotionControllerMap:PersistentLevel.MotionControllerMap'
[2017.08.30-20.31.34:161][390]LogPlayLevel: PlayLevel: No blueprints needed recompiling
[2017.08.30-20.31.34:161][390]PIE: New page: PIE session: MotionControllerMap (Aug 30, 2017, 12:31:34 PM)
[2017.08.30-20.31.34:161][390]LogPlayLevel: Creating play world package: /Game/VirtualRealityBP/Maps/UEDPIE_0_MotionControllerMap
[2017.08.30-20.31.34:192][390]LogPlayLevel: PIE: StaticDuplicateObject took: (0.031672s)
[2017.08.30-20.31.34:193][390]LogAIModule: Creating AISystem for world MotionControllerMap
[2017.08.30-20.31.34:193][390]LogPlayLevel: PIE: World Init took: (0.000668s)
[2017.08.30-20.31.34:193][390]LogPlayLevel: PIE: Created PIE world by copying editor world from /Game/VirtualRealityBP/Maps/MotionControllerMap.MotionControllerMap to /Game/VirtualRealityBP/Maps/UEDPIE_0_MotionControllerMap.MotionControllerMap (0.032572s)
[2017.08.30-20.31.34:241][390]LogInit: XAudio2 using 'REAL SPEAKERS!!!!!!!!!! (Realtek High Definition Audio)' : 2 channels at 48 kHz using 32 bits per sample (channel mask 0x3)
[2017.08.30-20.31.34:250][390]LogInit: FAudioDevice initialized.
[2017.08.30-20.31.34:338][390]LogUObjectGlobals: Warning: Failed to find object 'Class None.'
[2017.08.30-20.31.34:338][390]LogLoad: Game class is 'GameModeBase'
[2017.08.30-20.31.34:341][390]LogWorld: Bringing World /Game/VirtualRealityBP/Maps/UEDPIE_0_MotionControllerMap.MotionControllerMap up for play (max tick rate 0) at 2017.08.30-16.31.34
[2017.08.30-20.31.34:354][390]LogWorld: Bringing up level for play took: 0.015017
[2017.08.30-20.31.34:364][390]PIE: Play in editor start time for /Game/VirtualRealityBP/Maps/UEDPIE_0_MotionControllerMap -0.771
[2017.08.30-20.31.34:364][390]LogBlueprintUserMessages: Late PlayInEditor Detection: Level '/Game/VirtualRealityBP/Maps/MotionControllerMap.MotionControllerMap:PersistentLevel' has LevelScriptBlueprint '/Game/VirtualRealityBP/Maps/MotionControllerMap.MotionControllerMap:PersistentLevel.MotionControllerMap' with GeneratedClass '/Game/VirtualRealityBP/Maps/MotionControllerMap.MotionControllerMap_C' with ClassGeneratedBy '/Game/VirtualRealityBP/Maps/MotionControllerMap.MotionControllerMap:PersistentLevel.MotionControllerMap'
[2017.08.30-20.31.57:764][477]LogBlueprintUserMessages: Early EndPlayMap Detection: Level '/Game/VirtualRealityBP/Maps/MotionControllerMap.MotionControllerMap:PersistentLevel' has LevelScriptBlueprint '/Game/VirtualRealityBP/Maps/MotionControllerMap.MotionControllerMap:PersistentLevel.MotionControllerMap' with GeneratedClass '/Game/VirtualRealityBP/Maps/MotionControllerMap.MotionControllerMap_C' with ClassGeneratedBy '/Game/VirtualRealityBP/Maps/MotionControllerMap.MotionControllerMap:PersistentLevel.MotionControllerMap'
[2017.08.30-20.31.57:910][477]LogBlueprintUserMessages: Late EndPlayMap Detection: Level '/Game/VirtualRealityBP/Maps/MotionControllerMap.MotionControllerMap:PersistentLevel' has LevelScriptBlueprint '/Game/VirtualRealityBP/Maps/MotionControllerMap.MotionControllerMap:PersistentLevel.MotionControllerMap' with GeneratedClass '/Game/VirtualRealityBP/Maps/MotionControllerMap.MotionControllerMap_C' with ClassGeneratedBy '/Game/VirtualRealityBP/Maps/MotionControllerMap.MotionControllerMap:PersistentLevel.MotionControllerMap'
[2017.08.30-20.31.59:646][671]LogEditorViewport: Clicking on Actor (LMB): StaticMeshActor (EditorCube21)
[2017.08.30-20.32.05:249][279]LogBlueprintUserMessages: Early PlayInEditor Detection: Level '/Game/VirtualRealityBP/Maps/MotionControllerMap.MotionControllerMap:PersistentLevel' has LevelScriptBlueprint '/Game/VirtualRealityBP/Maps/MotionControllerMap.MotionControllerMap:PersistentLevel.MotionControllerMap' with GeneratedClass '/Game/VirtualRealityBP/Maps/MotionControllerMap.MotionControllerMap_C' with ClassGeneratedBy '/Game/VirtualRealityBP/Maps/MotionControllerMap.MotionControllerMap:PersistentLevel.MotionControllerMap'
[2017.08.30-20.32.05:249][279]LogPlayLevel: PlayLevel: No blueprints needed recompiling
[2017.08.30-20.32.05:249][279]PIE: New page: PIE session: MotionControllerMap (Aug 30, 2017, 12:32:05 PM)
[2017.08.30-20.32.05:249][279]LogPlayLevel: Creating play world package: /Game/VirtualRealityBP/Maps/UEDPIE_0_MotionControllerMap
[2017.08.30-20.32.05:258][279]LogPlayLevel: PIE: StaticDuplicateObject took: (0.009076s)
[2017.08.30-20.32.05:259][279]LogAIModule: Creating AISystem for world MotionControllerMap
[2017.08.30-20.32.05:259][279]LogPlayLevel: PIE: World Init took: (0.000727s)
[2017.08.30-20.32.05:259][279]LogPlayLevel: PIE: Created PIE world by copying editor world from /Game/VirtualRealityBP/Maps/MotionControllerMap.MotionControllerMap to /Game/VirtualRealityBP/Maps/UEDPIE_0_MotionControllerMap.MotionControllerMap (0.010100s)
[2017.08.30-20.32.05:284][279]LogInit: XAudio2 using 'REAL SPEAKERS!!!!!!!!!! (Realtek High Definition Audio)' : 2 channels at 48 kHz using 32 bits per sample (channel mask 0x3)
[2017.08.30-20.32.05:294][279]LogInit: FAudioDevice initialized.
[2017.08.30-20.32.05:386][279]LogUObjectGlobals: Warning: Failed to find object 'Class None.'
[2017.08.30-20.32.05:386][279]LogLoad: Game class is 'GameModeBase'
[2017.08.30-20.32.05:388][279]LogWorld: Bringing World /Game/VirtualRealityBP/Maps/UEDPIE_0_MotionControllerMap.MotionControllerMap up for play (max tick rate 0) at 2017.08.30-16.32.05
[2017.08.30-20.32.05:388][279]LogWorld: Bringing up level for play took: 0.002113
[2017.08.30-20.32.05:397][279]PIE: Play in editor start time for /Game/VirtualRealityBP/Maps/UEDPIE_0_MotionControllerMap 0.262
[2017.08.30-20.32.05:398][279]LogBlueprintUserMessages: Late PlayInEditor Detection: Level '/Game/VirtualRealityBP/Maps/MotionControllerMap.MotionControllerMap:PersistentLevel' has LevelScriptBlueprint '/Game/VirtualRealityBP/Maps/MotionControllerMap.MotionControllerMap:PersistentLevel.MotionControllerMap' with GeneratedClass '/Game/VirtualRealityBP/Maps/MotionControllerMap.MotionControllerMap_C' with ClassGeneratedBy '/Game/VirtualRealityBP/Maps/MotionControllerMap.MotionControllerMap:PersistentLevel.MotionControllerMap'
[2017.08.30-20.32.38:367][226]LogBlueprintUserMessages: Early EndPlayMap Detection: Level '/Game/VirtualRealityBP/Maps/MotionControllerMap.MotionControllerMap:PersistentLevel' has LevelScriptBlueprint '/Game/VirtualRealityBP/Maps/MotionControllerMap.MotionControllerMap:PersistentLevel.MotionControllerMap' with GeneratedClass '/Game/VirtualRealityBP/Maps/MotionControllerMap.MotionControllerMap_C' with ClassGeneratedBy '/Game/VirtualRealityBP/Maps/MotionControllerMap.MotionControllerMap:PersistentLevel.MotionControllerMap'
[2017.08.30-20.32.38:532][226]LogBlueprintUserMessages: Late EndPlayMap Detection: Level '/Game/VirtualRealityBP/Maps/MotionControllerMap.MotionControllerMap:PersistentLevel' has LevelScriptBlueprint '/Game/VirtualRealityBP/Maps/MotionControllerMap.MotionControllerMap:PersistentLevel.MotionControllerMap' with GeneratedClass '/Game/VirtualRealityBP/Maps/MotionControllerMap.MotionControllerMap_C' with ClassGeneratedBy '/Game/VirtualRealityBP/Maps/MotionControllerMap.MotionControllerMap:PersistentLevel.MotionControllerMap'
[2017.08.30-20.32.41:129][526]LogEditorViewport: Clicking on Actor (LMB): StaticMeshActor (EditorCube21)
[2017.08.30-20.32.49:880][335]Cmd: MAP LOAD FILE="../../../../../Unreal Projects/Plan-X/PlanX/Content/PlanX/TestingMap.umap" TEMPLATE=0 SHOWPROGRESS=1 FEATURELEVEL=3
[2017.08.30-20.32.49:895][335]LightingResults: New page: Lighting Build
[2017.08.30-20.32.49:896][335]LoadErrors: New page: Loading map: TestingMap.umap
[2017.08.30-20.32.49:897][335]MapCheck: New page: Map Check
[2017.08.30-20.32.49:897][335]LightingResults: New page: Lighting Build
[2017.08.30-20.32.49:921][335]LogAIModule: Creating AISystem for world TestingMap
[2017.08.30-20.32.49:926][335]LogEditorServer: Finished looking for orphan Actors (0.000 secs)
[2017.08.30-20.32.49:960][335]Cmd: MAP CHECKDEP NOCLEARLOG
[2017.08.30-20.32.50:024][335]MapCheck: Map check complete: 0 Error(s), 0 Warning(s), took 63.2ms to complete.
[2017.08.30-20.32.50:024][335]LogFileHelpers: Loading map 'TestingMap' took 0.145
[2017.08.30-20.33.50:172][552]LogPlayLevel: PlayLevel: No blueprints needed recompiling
[2017.08.30-20.33.50:172][552]PIE: New page: PIE session: TestingMap (Aug 30, 2017, 12:33:50 PM)
[2017.08.30-20.33.50:172][552]LogPlayLevel: Creating play world package: /Game/PlanX/UEDPIE_0_TestingMap
[2017.08.30-20.33.50:175][552]LogPlayLevel: PIE: StaticDuplicateObject took: (0.002117s)
[2017.08.30-20.33.50:175][552]LogAIModule: Creating AISystem for world TestingMap
[2017.08.30-20.33.50:175][552]LogPlayLevel: PIE: World Init took: (0.000703s)
[2017.08.30-20.33.50:175][552]LogPlayLevel: PIE: Created PIE world by copying editor world from /Game/PlanX/TestingMap.TestingMap to /Game/PlanX/UEDPIE_0_TestingMap.TestingMap (0.003030s)
[2017.08.30-20.33.50:200][552]LogInit: XAudio2 using 'REAL SPEAKERS!!!!!!!!!! (Realtek High Definition Audio)' : 2 channels at 48 kHz using 32 bits per sample (channel mask 0x3)
[2017.08.30-20.33.50:210][552]LogInit: FAudioDevice initialized.
[2017.08.30-20.33.50:247][552]LogUObjectGlobals: Warning: Failed to find object 'Class None.'
[2017.08.30-20.33.50:247][552]LogLoad: Game class is 'GameModeBase'
[2017.08.30-20.33.50:248][552]LogWorld: Bringing World /Game/PlanX/UEDPIE_0_TestingMap.TestingMap up for play (max tick rate 0) at 2017.08.30-16.33.50
[2017.08.30-20.33.50:249][552]LogWorld: Bringing up level for play took: 0.001598
[2017.08.30-20.33.50:252][552]PIE: Play in editor start time for /Game/PlanX/UEDPIE_0_TestingMap -0.883
[2017.08.30-20.34.23:007][473]Cmd: SELECT NONE
[2017.08.30-20.34.23:945][557]LogEditorViewport: Clicking on Actor (LMB): VREditorAvatarActor (AvatarActor)
[2017.08.30-20.34.24:029][563]Cmd: SELECT NONE
[2017.08.30-20.34.25:932][734]Cmd: SELECT NONE
[2017.08.30-20.34.28:355][893]LogHMD: Warning:  SteamVR Compositor had an error on present (108)
[2017.08.30-20.34.28:355][893]LogHMD: Warning:  SteamVR Compositor had an error on present (108)
[2017.08.30-20.34.29:020][895]LogHMD: Warning:  SteamVR Compositor had an error on present (108)
[2017.08.30-20.34.29:021][895]LogHMD: Warning:  SteamVR Compositor had an error on present (108)
[2017.08.30-20.34.29:687][897]LogHMD: Warning:  SteamVR Compositor had an error on present (108)
[2017.08.30-20.34.30:020][898]LogHMD: Warning:  SteamVR Compositor had an error on present (108)
[2017.08.30-20.34.30:353][899]LogHMD: Warning:  SteamVR Compositor had an error on present (108)
[2017.08.30-20.34.31:361][903]LogHMD: Warning:  SteamVR Compositor had an error on present (108)
[2017.08.30-20.34.31:976][952]LogEditorViewport: Clicking on Actor (LMB): VREditorAvatarActor (AvatarActor)
[2017.08.30-20.34.32:825][ 26]Cmd: SELECT NONE
[2017.08.30-20.35.29:941][ 79]Cmd: EDIT PASTE
[2017.08.30-20.35.56:168][248]Cmd: SELECT NONE
[2017.08.30-20.35.59:704][507]LogHMD: Warning:  SteamVR Compositor had an error on present (108)
[2017.08.30-20.36.00:037][507]LogHMD: Warning:  SteamVR Compositor had an error on present (108)
[2017.08.30-20.36.01:838][508]Cmd: QUIT_EDITOR
[2017.08.30-20.36.02:630][508]LogWindowsTextInputMethodSystem: Display: IME system now deactivated.
[2017.08.30-20.36.02:642][508]LogExit: Preparing to exit.
[2017.08.30-20.36.03:298][508]LogDirectoryWatcher: A directory notification for 'Q:/Unreal Projects/Plan-X/PlanX/Content/' was aborted.
[2017.08.30-20.36.03:317][508]LogExit: Editor shut down
[2017.08.30-20.36.03:321][508]LogExit: Transaction tracking system shut down
[2017.08.30-20.36.03:460][508]LogDirectoryWatcher: A directory notification for '../../../Engine/Content/' was aborted.
[2017.08.30-20.36.03:461][508]LogDirectoryWatcher: A directory notification for '../../../../../Unreal Projects/Plan-X/PlanX/Content/' was aborted.
[2017.08.30-20.36.03:461][508]LogDirectoryWatcher: A directory notification for '../../../Engine/Plugins/2D/Paper2D/Content/' was aborted.
[2017.08.30-20.36.03:461][508]LogDirectoryWatcher: A directory notification for '../../../Engine/Plugins/Runtime/Oculus/OculusVR/Content/' was aborted.
[2017.08.30-20.36.03:461][508]LogDirectoryWatcher: A directory notification for '../../../Engine/Plugins/Runtime/Steam/SteamVR/Content/' was aborted.
[2017.08.30-20.36.03:515][508]LogExit: Object subsystem successfully closed.
[2017.08.30-20.36.03:538][508]LogD3D11RHI: Shutdown
[2017.08.30-20.36.03:538][508]LogD3D11RHI: CleanupD3DDevice
[2017.08.30-20.36.03:540][508]LogD3D11RHI: ~FD3D11DynamicRHI
[2017.08.30-20.36.03:548][508]LogModuleManager: Shutting down and abandoning module MovieSceneCapture (532)
[2017.08.30-20.36.03:548][508]LogModuleManager: Shutting down and abandoning module HierarchicalLODOutliner (530)
[2017.08.30-20.36.03:548][508]LogModuleManager: Shutting down and abandoning module SceneOutliner (528)
[2017.08.30-20.36.03:548][508]LogModuleManager: Shutting down and abandoning module AddContentDialog (526)
[2017.08.30-20.36.03:548][508]LogDirectoryWatcher: A directory notification for 'Q:/Unreal Engine/UE_4.17/FeaturePacks/' was aborted.
[2017.08.30-20.36.03:551][508]LogModuleManager: Shutting down and abandoning module WidgetCarousel (525)
[2017.08.30-20.36.03:551][508]LogModuleManager: Shutting down and abandoning module EditorWidgets (522)
[2017.08.30-20.36.03:551][508]LogModuleManager: Shutting down and abandoning module CollectionManager (520)
[2017.08.30-20.36.03:551][508]LogDirectoryWatcher: A directory notification for 'Q:/Unreal Projects/Plan-X/PlanX/Content/Collections/' was aborted.
[2017.08.30-20.36.03:551][508]LogDirectoryWatcher: A directory notification for 'Q:/Unreal Projects/Plan-X/PlanX/Content/Developers/RobertForbes/Collections/' was aborted.
[2017.08.30-20.36.03:551][508]LogDirectoryWatcher: A directory notification for 'Q:/Unreal Projects/Plan-X/PlanX/Saved/Collections/' was aborted.
[2017.08.30-20.36.03:551][508]LogModuleManager: Shutting down and abandoning module StatsViewer (518)
[2017.08.30-20.36.03:551][508]LogModuleManager: Shutting down and abandoning module FoliageEdit (516)
[2017.08.30-20.36.03:551][508]LogModuleManager: Shutting down and abandoning module LandscapeEditor (514)
[2017.08.30-20.36.03:551][508]LogModuleManager: Shutting down and abandoning module MeshPaintMode (512)
[2017.08.30-20.36.03:551][508]LogModuleManager: Shutting down and abandoning module SceneDepthPickerMode (510)
[2017.08.30-20.36.03:551][508]LogModuleManager: Shutting down and abandoning module ActorPickerMode (508)
[2017.08.30-20.36.03:551][508]LogModuleManager: Shutting down and abandoning module GeometryMode (506)
[2017.08.30-20.36.03:551][508]LogModuleManager: Shutting down and abandoning module TextureAlignMode (504)
[2017.08.30-20.36.03:551][508]LogModuleManager: Shutting down and abandoning module BspMode (502)
[2017.08.30-20.36.03:551][508]LogModuleManager: Shutting down and abandoning module PIEPreviewDeviceProfileSelector (500)
[2017.08.30-20.36.03:551][508]LogModuleManager: Shutting down and abandoning module HardwareSurvey (498)
[2017.08.30-20.36.03:551][508]LogModuleManager: Shutting down and abandoning module SequenceRecorderSections (496)
[2017.08.30-20.36.03:551][508]LogModuleManager: Shutting down and abandoning module AutomationWorker (494)
[2017.08.30-20.36.03:551][508]LogModuleManager: Shutting down and abandoning module MatineeToLevelSequence (492)
[2017.08.30-20.36.03:551][508]LogModuleManager: Shutting down and abandoning module LevelSequenceEditor (490)
[2017.08.30-20.36.03:552][508]LogModuleManager: Shutting down and abandoning module PlacementMode (489)
[2017.08.30-20.36.03:552][508]LogModuleManager: Shutting down and abandoning module WmfMediaFactory (486)
[2017.08.30-20.36.03:552][508]LogModuleManager: Shutting down and abandoning module WmfMediaEditor (484)
[2017.08.30-20.36.03:552][508]LogModuleManager: Shutting down and abandoning module AvfMediaFactory (482)
[2017.08.30-20.36.03:552][508]LogModuleManager: Shutting down and abandoning module AvfMediaEditor (480)
[2017.08.30-20.36.03:552][508]LogModuleManager: Shutting down and abandoning module AndroidMediaFactory (478)
[2017.08.30-20.36.03:552][508]LogModuleManager: Shutting down and abandoning module Media (477)
[2017.08.30-20.36.03:552][508]LogModuleManager: Shutting down and abandoning module AndroidMediaEditor (474)
[2017.08.30-20.36.03:552][508]LogModuleManager: Shutting down and abandoning module CharacterAI (472)
[2017.08.30-20.36.03:552][508]LogModuleManager: Shutting down and abandoning module AudioCapture (470)
[2017.08.30-20.36.03:552][508]LogModuleManager: Shutting down and abandoning module SequenceRecorder (469)
[2017.08.30-20.36.03:552][508]LogModuleManager: Shutting down and abandoning module SmartSnapping (466)
[2017.08.30-20.36.03:552][508]LogModuleManager: Shutting down and abandoning module SessionServices (464)
[2017.08.30-20.36.03:552][508]LogModuleManager: Shutting down and abandoning module ViewportSnapping (462)
[2017.08.30-20.36.03:552][508]LogModuleManager: Shutting down and abandoning module ViewportInteraction (460)
[2017.08.30-20.36.03:552][508]LogModuleManager: Shutting down and abandoning module ClothPainter (458)
[2017.08.30-20.36.03:552][508]LogModuleManager: Shutting down and abandoning module LogVisualizer (456)
[2017.08.30-20.36.03:552][508]LogModuleManager: Shutting down and abandoning module IntroTutorials (454)
[2017.08.30-20.36.03:552][508]LogModuleManager: Shutting down and abandoning module GameProjectGeneration (453)
[2017.08.30-20.36.03:552][508]LogModuleManager: Shutting down and abandoning module IOSPlatformEditor (450)
[2017.08.30-20.36.03:552][508]LogModuleManager: Shutting down and abandoning module HTML5PlatformEditor (448)
[2017.08.30-20.36.03:552][508]LogModuleManager: Shutting down and abandoning module AndroidPlatformEditor (446)
[2017.08.30-20.36.03:552][508]LogModuleManager: Shutting down and abandoning module AndroidDeviceDetection (445)
[2017.08.30-20.36.04:229][508]LogModuleManager: Shutting down and abandoning module WindowsPlatformEditor (442)
[2017.08.30-20.36.04:229][508]LogModuleManager: Shutting down and abandoning module IOSRuntimeSettings (440)
[2017.08.30-20.36.04:229][508]LogModuleManager: Shutting down and abandoning module AndroidRuntimeSettings (438)
[2017.08.30-20.36.04:229][508]LogModuleManager: Shutting down and abandoning module InputBindingEditor (436)
[2017.08.30-20.36.04:229][508]LogModuleManager: Shutting down and abandoning module MergeActors (434)
[2017.08.30-20.36.04:229][508]LogModuleManager: Shutting down and abandoning module SizeMap (432)
[2017.08.30-20.36.04:229][508]LogModuleManager: Shutting down and abandoning module TreeMap (430)
[2017.08.30-20.36.04:229][508]LogModuleManager: Shutting down and abandoning module ReferenceViewer (428)
[2017.08.30-20.36.04:229][508]LogModuleManager: Shutting down and abandoning module LocalizationDashboard (426)
[2017.08.30-20.36.04:229][508]LogModuleManager: Shutting down and abandoning module LocalizationService (425)
[2017.08.30-20.36.04:229][508]LogModuleManager: Shutting down and abandoning module HardwareTargeting (422)
[2017.08.30-20.36.04:229][508]LogModuleManager: Shutting down and abandoning module DeviceProfileEditor (420)
[2017.08.30-20.36.04:230][508]LogModuleManager: Shutting down and abandoning module UndoHistory (418)
[2017.08.30-20.36.04:230][508]LogModuleManager: Shutting down and abandoning module XmlParser (416)
[2017.08.30-20.36.04:230][508]LogModuleManager: Shutting down and abandoning module Blutility (414)
[2017.08.30-20.36.04:230][508]LogModuleManager: Shutting down and abandoning module ProjectSettingsViewer (412)
[2017.08.30-20.36.04:230][508]LogModuleManager: Shutting down and abandoning module ProjectTargetPlatformEditor (411)
[2017.08.30-20.36.04:230][508]LogModuleManager: Shutting down and abandoning module EditorSettingsViewer (408)
[2017.08.30-20.36.04:230][508]LogModuleManager: Shutting down and abandoning module SettingsEditor (406)
[2017.08.30-20.36.04:230][508]LogModuleManager: Shutting down and abandoning module ProjectLauncher (404)
[2017.08.30-20.36.04:230][508]LogModuleManager: Shutting down and abandoning module SessionFrontend (402)
[2017.08.30-20.36.04:230][508]LogModuleManager: Shutting down and abandoning module ProfilerClient (400)
[2017.08.30-20.36.04:230][508]LogModuleManager: Shutting down and abandoning module DeviceManager (398)
[2017.08.30-20.36.04:230][508]LogModuleManager: Shutting down and abandoning module TargetDeviceServices (397)
[2017.08.30-20.36.04:283][508]LogModuleManager: Shutting down and abandoning module AutomationController (394)
[2017.08.30-20.36.04:283][508]LogModuleManager: Shutting down and abandoning module AutomationWindow (392)
[2017.08.30-20.36.04:283][508]LogModuleManager: Shutting down and abandoning module Layers (390)
[2017.08.30-20.36.04:283][508]LogModuleManager: Shutting down and abandoning module ComponentVisualizers (388)
[2017.08.30-20.36.04:283][508]LogModuleManager: Shutting down and abandoning module DetailCustomizations (386)
[2017.08.30-20.36.04:283][508]LogModuleManager: Shutting down and abandoning module PackagesDialog (384)
[2017.08.30-20.36.04:283][508]LogModuleManager: Shutting down and abandoning module Persona (382)
[2017.08.30-20.36.04:283][508]LogModuleManager: Shutting down and abandoning module AdvancedPreviewScene (381)
[2017.08.30-20.36.04:283][508]LogModuleManager: Shutting down and abandoning module AnimGraph (379)
[2017.08.30-20.36.04:283][508]LogModuleManager: Shutting down and abandoning module Kismet (376)
[2017.08.30-20.36.04:284][508]LogModuleManager: Shutting down and abandoning module ClassViewer (374)
[2017.08.30-20.36.04:284][508]LogModuleManager: Shutting down and abandoning module Toolbox (372)
[2017.08.30-20.36.04:284][508]LogModuleManager: Shutting down and abandoning module ModuleUI (370)
[2017.08.30-20.36.04:284][508]LogModuleManager: Shutting down and abandoning module MovieSceneTools (368)
[2017.08.30-20.36.04:284][508]LogModuleManager: Shutting down and abandoning module OutputLog (366)
[2017.08.30-20.36.04:284][508]LogModuleManager: Shutting down and abandoning module GammaUI (364)
[2017.08.30-20.36.04:284][508]LogModuleManager: Shutting down and abandoning module Documentation (362)
[2017.08.30-20.36.04:284][508]LogModuleManager: Shutting down and abandoning module MovieSceneTracks (360)
[2017.08.30-20.36.04:284][508]LogModuleManager: Shutting down and abandoning module MovieScene (358)
[2017.08.30-20.36.04:284][508]LogModuleManager: Shutting down and abandoning module Niagara (356)
[2017.08.30-20.36.04:284][508]LogModuleManager: Shutting down and abandoning module NiagaraEditor (355)
[2017.08.30-20.36.04:284][508]LogModuleManager: Shutting down and abandoning module StreamingPauseRendering (352)
[2017.08.30-20.36.04:284][508]LogModuleManager: Shutting down and abandoning module LauncherPlatform (350)
[2017.08.30-20.36.04:284][508]LogModuleManager: Shutting down and abandoning module AnalyticsET (348)
[2017.08.30-20.36.04:284][508]LogModuleManager: Shutting down and abandoning module PortalServices (346)
[2017.08.30-20.36.04:284][508]LogModuleManager: Shutting down and abandoning module PortalRpc (344)
[2017.08.30-20.36.04:285][508]LogModuleManager: Shutting down and abandoning module MessagingRpc (342)
[2017.08.30-20.36.04:285][508]LogModuleManager: Shutting down and abandoning module AIModule (340)
[2017.08.30-20.36.04:285][508]LogModuleManager: Shutting down and abandoning module GameplayDebugger (339)
[2017.08.30-20.36.04:285][508]LogModuleManager: Shutting down and abandoning module AITestSuite (337)
[2017.08.30-20.36.04:285][508]LogModuleManager: Shutting down and abandoning module ProfilerService (334)
[2017.08.30-20.36.04:338][508]LogModuleManager: Shutting down and abandoning module TaskGraph (332)
[2017.08.30-20.36.04:338][508]LogModuleManager: Shutting down and abandoning module SteamVRController (330)
[2017.08.30-20.36.04:338][508]LogModuleManager: Shutting down and abandoning module ProceduralMeshComponentEditor (328)
[2017.08.30-20.36.04:338][508]LogModuleManager: Shutting down and abandoning module ProceduralMeshComponent (326)
[2017.08.30-20.36.04:338][508]LogModuleManager: Shutting down and abandoning module OculusInput (324)
[2017.08.30-20.36.04:338][508]LogModuleManager: Shutting down and abandoning module MobilePatchingUtils (322)
[2017.08.30-20.36.04:338][508]LogModuleManager: Shutting down and abandoning module CustomMeshComponent (320)
[2017.08.30-20.36.04:338][508]LogModuleManager: Shutting down and abandoning module CableComponent (318)
[2017.08.30-20.36.04:338][508]LogModuleManager: Shutting down and abandoning module ArchVisCharacter (316)
[2017.08.30-20.36.04:338][508]LogModuleManager: Shutting down and abandoning module AndroidPermission (314)
[2017.08.30-20.36.04:338][508]LogModuleManager: Shutting down and abandoning module MediaPlayerEditor (310)
[2017.08.30-20.36.04:338][508]LogModuleManager: Shutting down and abandoning module HTML5Networking (308)
[2017.08.30-20.36.04:338][508]LogModuleManager: Shutting down and abandoning module AlembicImporter (306)
[2017.08.30-20.36.04:338][508]LogModuleManager: Shutting down and abandoning module AlembicLibrary (305)
[2017.08.30-20.36.04:338][508]LogModuleManager: Shutting down and abandoning module GeometryCache (304)
[2017.08.30-20.36.04:338][508]LogModuleManager: Shutting down and abandoning module GeometryCacheEd (303)
[2017.08.30-20.36.04:338][508]LogModuleManager: Shutting down and abandoning module SpeedTreeImporter (298)
[2017.08.30-20.36.04:338][508]LogModuleManager: Shutting down and abandoning module PluginBrowser (296)
[2017.08.30-20.36.04:339][508]LogModuleManager: Shutting down and abandoning module MobileLauncherProfileWizard (294)
[2017.08.30-20.36.04:339][508]LogModuleManager: Shutting down and abandoning module VisualStudioSourceCodeAccess (292)
[2017.08.30-20.36.04:339][508]LogModuleManager: Shutting down and abandoning module DesktopPlatform (291)
[2017.08.30-20.36.04:339][508]LogModuleManager: Shutting down and abandoning module UObjectPlugin (288)
[2017.08.30-20.36.04:339][508]LogModuleManager: Shutting down and abandoning module SubversionSourceControl (286)
[2017.08.30-20.36.04:339][508]LogModuleManager: Shutting down and abandoning module PerforceSourceControl (284)
[2017.08.30-20.36.04:339][508]LogModuleManager: Shutting down and abandoning module GitSourceControl (282)
[2017.08.30-20.36.04:339][508]LogModuleManager: Shutting down and abandoning module SourceControl (281)
[2017.08.30-20.36.04:339][508]LogModuleManager: Shutting down and abandoning module LightPropagationVolumeEditor (278)
[2017.08.30-20.36.04:339][508]LogModuleManager: Shutting down and abandoning module PaperTiledImporter (276)
[2017.08.30-20.36.04:339][508]LogModuleManager: Shutting down and abandoning module PaperSpriteSheetImporter (274)
[2017.08.30-20.36.04:339][508]LogModuleManager: Shutting down and abandoning module Paper2DEditor (272)
[2017.08.30-20.36.04:339][508]LogModuleManager: Shutting down and abandoning module MeshPaint (271)
[2017.08.30-20.36.04:339][508]LogModuleManager: Shutting down and abandoning module LevelEditor (269)
[2017.08.30-20.36.04:340][508]LogModuleManager: Shutting down and abandoning module PixelInspectorModule (268)
[2017.08.30-20.36.04:340][508]LogModuleManager: Shutting down and abandoning module MainFrame (266)
[2017.08.30-20.36.04:340][508]LogModuleManager: Shutting down and abandoning module HotReload (265)
[2017.08.30-20.36.04:340][508]LogModuleManager: Shutting down and abandoning module RuntimePhysXCooking (260)
[2017.08.30-20.36.04:340][508]LogModuleManager: Shutting down and abandoning module PhysXVehiclesEditor (258)
[2017.08.30-20.36.04:340][508]LogModuleManager: Shutting down and abandoning module PhysXVehicles (256)
[2017.08.30-20.36.04:340][508]LogModuleManager: Shutting down and abandoning module OculusEditor (254)
[2017.08.30-20.36.04:340][508]LogModuleManager: Shutting down and abandoning module LocationServicesBPLibrary (252)
[2017.08.30-20.36.04:340][508]LogModuleManager: Shutting down and abandoning module ImmediatePhysicsEditor (250)
[2017.08.30-20.36.04:340][508]LogModuleManager: Shutting down and abandoning module ImmediatePhysics (248)
[2017.08.30-20.36.04:340][508]LogModuleManager: Shutting down and abandoning module UdpMessaging (246)
[2017.08.30-20.36.04:441][508]LogModuleManager: Shutting down and abandoning module TcpMessaging (244)
[2017.08.30-20.36.04:541][508]LogModuleManager: Shutting down and abandoning module GameplayTagsEditor (242)
[2017.08.30-20.36.04:541][508]LogModuleManager: Shutting down and abandoning module FacialAnimationEditor (240)
[2017.08.30-20.36.04:541][508]LogModuleManager: Shutting down and abandoning module FacialAnimation (238)
[2017.08.30-20.36.04:541][508]LogModuleManager: Shutting down and abandoning module AssetManagerEditor (236)
[2017.08.30-20.36.04:541][508]LogModuleManager: Shutting down and abandoning module GraphEditor (235)
[2017.08.30-20.36.04:541][508]LogModuleManager: Shutting down and abandoning module ContentBrowser (233)
[2017.08.30-20.36.04:543][508]LogModuleManager: Shutting down and abandoning module LightPropagationVolumeRuntime (230)
[2017.08.30-20.36.04:543][508]LogModuleManager: Shutting down and abandoning module Paper2D (228)
[2017.08.30-20.36.04:543][508]LogModuleManager: Shutting down and abandoning module WindowsMoviePlayer (226)
[2017.08.30-20.36.04:543][508]LogModuleManager: Shutting down and abandoning module WmfMedia (224)
[2017.08.30-20.36.04:543][508]LogModuleManager: Shutting down and abandoning module PacketHandler (222)
[2017.08.30-20.36.04:543][508]LogModuleManager: Shutting down and abandoning module ClothingSystemEditor (220)
[2017.08.30-20.36.04:543][508]LogModuleManager: Shutting down and abandoning module ClothingSystemRuntime (218)
[2017.08.30-20.36.04:543][508]LogModuleManager: Shutting down and abandoning module Overlay (216)
[2017.08.30-20.36.04:543][508]LogModuleManager: Shutting down and abandoning module OverlayEditor (215)
[2017.08.30-20.36.04:543][508]LogModuleManager: Shutting down and abandoning module MediaAssets (212)
[2017.08.30-20.36.04:543][508]LogModuleManager: Shutting down and abandoning module VREditor (210)
[2017.08.30-20.36.04:543][508]LogModuleManager: Shutting down and abandoning module StringTableEditor (208)
[2017.08.30-20.36.04:543][508]LogModuleManager: Shutting down and abandoning module GameplayTasksEditor (206)
[2017.08.30-20.36.04:543][508]LogModuleManager: Shutting down and abandoning module BehaviorTreeEditor (204)
[2017.08.30-20.36.04:544][508]LogModuleManager: Shutting down and abandoning module FunctionalTesting (202)
[2017.08.30-20.36.04:544][508]LogModuleManager: Shutting down and abandoning module CollisionAnalyzer (200)
[2017.08.30-20.36.04:544][508]LogModuleManager: Shutting down and abandoning module WorkspaceMenuStructure (199)
[2017.08.30-20.36.04:544][508]LogModuleManager: Shutting down and abandoning module UMG (196)
[2017.08.30-20.36.04:544][508]LogModuleManager: Shutting down and abandoning module UMGEditor (195)
[2017.08.30-20.36.04:544][508]LogModuleManager: Shutting down and abandoning module Sequencer (194)
[2017.08.30-20.36.04:544][508]LogModuleManager: Shutting down and abandoning module MessageLog (191)
[2017.08.30-20.36.04:544][508]LogModuleManager: Shutting down and abandoning module SlateReflector (186)
[2017.08.30-20.36.04:544][508]LogModuleManager: Shutting down and abandoning module Slate (184)
[2017.08.30-20.36.04:544][508]LogModuleManager: Shutting down and abandoning module EditorStyle (182)
[2017.08.30-20.36.04:546][508]LogModuleManager: Shutting down and abandoning module MRMesh (180)
[2017.08.30-20.36.04:546][508]LogModuleManager: Shutting down and abandoning module SourceCodeAccess (178)
[2017.08.30-20.36.04:546][508]LogModuleManager: Shutting down and abandoning module HeadMountedDisplay (176)
[2017.08.30-20.36.04:546][508]LogModuleManager: Shutting down and abandoning module XAudio2 (174)
[2017.08.30-20.36.04:546][508]LogModuleManager: Shutting down and abandoning module Networking (172)
[2017.08.30-20.36.04:546][508]LogModuleManager: Shutting down and abandoning module Core (168)
[2017.08.30-20.36.04:546][508]LogModuleManager: Shutting down and abandoning module KismetCompiler (164)
[2017.08.30-20.36.04:546][508]LogModuleManager: Shutting down and abandoning module LevelSequence (162)
[2017.08.30-20.36.04:546][508]LogModuleManager: Shutting down and abandoning module MeshUtilities (160)
[2017.08.30-20.36.04:546][508]LogModuleManager: Shutting down and abandoning module MeshMergeUtilities (159)
[2017.08.30-20.36.04:546][508]LogModuleManager: Shutting down and abandoning module MeshReductionInterface (158)
[2017.08.30-20.36.04:546][508]LogModuleManager: Shutting down and abandoning module SimplygonSwarm (157)
[2017.08.30-20.36.04:546][508]LogModuleManager: Shutting down and abandoning module SimplygonMeshReduction (155)
[2017.08.30-20.36.04:546][508]LogModuleManager: Shutting down and abandoning module QuadricMeshReduction (153)
[2017.08.30-20.36.04:546][508]LogModuleManager: Shutting down and abandoning module MaterialBaking (149)
[2017.08.30-20.36.04:546][508]LogModuleManager: Shutting down and abandoning module DirectoryWatcher (146)
[2017.08.30-20.36.04:546][508]LogModuleManager: Shutting down and abandoning module DerivedDataCache (144)
[2017.08.30-20.36.04:645][508]LogDerivedDataCache: Shutdown
[2017.08.30-20.36.04:645][508]LogModuleManager: Shutting down and abandoning module TargetPlatform (142)
[2017.08.30-20.36.04:645][508]LogModuleManager: Shutting down and abandoning module VulkanShaderFormat (141)
[2017.08.30-20.36.04:645][508]LogModuleManager: Shutting down and abandoning module ShaderFormatVectorVM (139)
[2017.08.30-20.36.04:645][508]LogModuleManager: Shutting down and abandoning module ShaderFormatOpenGL (137)
[2017.08.30-20.36.04:645][508]LogModuleManager: Shutting down and abandoning module ShaderFormatD3D (135)
[2017.08.30-20.36.04:645][508]LogModuleManager: Shutting down and abandoning module MetalShaderFormat (133)
[2017.08.30-20.36.04:645][508]LogModuleManager: Shutting down and abandoning module TextureFormatUncompressed (131)
[2017.08.30-20.36.04:645][508]LogModuleManager: Shutting down and abandoning module TextureFormatPVR (129)
[2017.08.30-20.36.04:645][508]LogModuleManager: Shutting down and abandoning module TextureFormatDXT (127)
[2017.08.30-20.36.04:645][508]LogModuleManager: Shutting down and abandoning module TextureFormatIntelISPCTexComp (125)
[2017.08.30-20.36.04:646][508]LogModuleManager: Shutting down and abandoning module TextureFormatASTC (123)
[2017.08.30-20.36.04:646][508]LogModuleManager: Shutting down and abandoning module ImageWrapper (122)
[2017.08.30-20.36.04:646][508]LogModuleManager: Shutting down and abandoning module TextureFormatAndroid (119)
[2017.08.30-20.36.04:646][508]LogModuleManager: Shutting down and abandoning module AudioFormatOpus (117)
[2017.08.30-20.36.04:646][508]LogModuleManager: Shutting down and abandoning module AudioFormatOgg (115)
[2017.08.30-20.36.04:646][508]LogModuleManager: Shutting down and abandoning module AudioFormatADPCM (113)
[2017.08.30-20.36.04:646][508]LogModuleManager: Shutting down and abandoning module LinuxTargetPlatform (111)
[2017.08.30-20.36.04:646][508]LogModuleManager: Shutting down and abandoning module LinuxServerTargetPlatform (109)
[2017.08.30-20.36.04:646][508]LogModuleManager: Shutting down and abandoning module LinuxNoEditorTargetPlatform (107)
[2017.08.30-20.36.04:646][508]LogModuleManager: Shutting down and abandoning module LinuxClientTargetPlatform (105)
[2017.08.30-20.36.04:646][508]LogModuleManager: Shutting down and abandoning module TVOSTargetPlatform (103)
[2017.08.30-20.36.04:646][508]LogModuleManager: Shutting down and abandoning module Messaging (101)
[2017.08.30-20.36.04:646][508]LogModuleManager: Shutting down and abandoning module IOSTargetPlatform (99)
[2017.08.30-20.36.04:646][508]LogModuleManager: Shutting down and abandoning module HTML5TargetPlatform (97)
[2017.08.30-20.36.04:646][508]LogModuleManager: Shutting down and abandoning module Android_PVRTCTargetPlatform (95)
[2017.08.30-20.36.04:646][508]LogModuleManager: Shutting down and abandoning module Android_MultiTargetPlatform (93)
[2017.08.30-20.36.04:646][508]LogModuleManager: Shutting down and abandoning module Android_ETC2TargetPlatform (91)
[2017.08.30-20.36.04:646][508]LogModuleManager: Shutting down and abandoning module Android_ETC1TargetPlatform (89)
[2017.08.30-20.36.04:646][508]LogModuleManager: Shutting down and abandoning module Android_DXTTargetPlatform (87)
[2017.08.30-20.36.04:646][508]LogModuleManager: Shutting down and abandoning module Android_ATCTargetPlatform (85)
[2017.08.30-20.36.04:646][508]LogModuleManager: Shutting down and abandoning module Android_ASTCTargetPlatform (83)
[2017.08.30-20.36.04:646][508]LogModuleManager: Shutting down and abandoning module AndroidTargetPlatform (81)
[2017.08.30-20.36.04:646][508]LogModuleManager: Shutting down and abandoning module WindowsTargetPlatform (79)
[2017.08.30-20.36.04:646][508]LogModuleManager: Shutting down and abandoning module WindowsServerTargetPlatform (77)
[2017.08.30-20.36.04:646][508]LogModuleManager: Shutting down and abandoning module WindowsNoEditorTargetPlatform (75)
[2017.08.30-20.36.04:646][508]LogModuleManager: Shutting down and abandoning module WindowsClientTargetPlatform (73)
[2017.08.30-20.36.04:646][508]LogModuleManager: Shutting down and abandoning module MacTargetPlatform (71)
[2017.08.30-20.36.04:646][508]LogModuleManager: Shutting down and abandoning module MacServerTargetPlatform (69)
[2017.08.30-20.36.04:646][508]LogModuleManager: Shutting down and abandoning module MacNoEditorTargetPlatform (67)
[2017.08.30-20.36.04:646][508]LogModuleManager: Shutting down and abandoning module MacClientTargetPlatform (65)
[2017.08.30-20.36.04:646][508]LogModuleManager: Shutting down and abandoning module AllDesktopTargetPlatform (63)
[2017.08.30-20.36.04:646][508]LogModuleManager: Shutting down and abandoning module InputCore (60)
[2017.08.30-20.36.04:646][508]LogModuleManager: Shutting down and abandoning module Settings (58)
[2017.08.30-20.36.04:646][508]LogModuleManager: Shutting down and abandoning module PhysXCooking (56)
[2017.08.30-20.36.04:646][508]LogModuleManager: Shutting down and abandoning module SteamVR (54)
[2017.08.30-20.36.04:646][508]LogModuleManager: Shutting down and abandoning module OculusHMD (52)
[2017.08.30-20.36.04:646][508]LogModuleManager: Shutting down and abandoning module ExampleDeviceProfileSelector (50)
[2017.08.30-20.36.04:646][508]LogModuleManager: Shutting down and abandoning module OnlineBlueprintSupport (48)
[2017.08.30-20.36.04:646][508]LogModuleManager: Shutting down and abandoning module OnlineSubsystem (44)
[2017.08.30-20.36.04:646][508]LogOnline: Display: Unloading online subsystem: NULL
[2017.08.30-20.36.04:646][508]LogModuleManager: Shutting down and abandoning module XMPP (43)
[2017.08.30-20.36.04:646][508]LogModuleManager: Shutting down and abandoning module HTTP (41)
[2017.08.30-20.36.04:646][508]LogHttp: Display: Http module shutting down, but needs to wait on 1 outstanding Http requests:
[2017.08.30-20.36.04:646][508]LogHttp: Display: 	verb=[POST] url=[https://datarouter.ol.epicgames.com/datarouter/api/v1/public/data?SessionID=%7BBF465092-4864-6254-2FA6-12868CEB928D%7D&AppID=UEEditor.Rocket.Release&AppVersion=4.17.1-3586342%2B%2B%2BUE4%2BRelease-4.17&UserID=d195f449449d6ca1a7d6e997d7b4619b%7C38799267579e43f199dcadb14603b7d0%7Cc4c036e9-0de7-44e5-8786-b569ea8dee15&AppEnvironment=datacollector-binary&UploadType=eteventstream] status=Processing
[2017.08.30-20.36.04:682][508]LogModuleManager: Shutting down and abandoning module SSL (40)
[2017.08.30-20.36.04:684][508]LogModuleManager: Shutting down and abandoning module AnimationModifiers (36)
[2017.08.30-20.36.04:684][508]LogModuleManager: Shutting down and abandoning module PropertyEditor (35)
[2017.08.30-20.36.04:685][508]LogModuleManager: Shutting down and abandoning module AudioEditor (32)
[2017.08.30-20.36.04:685][508]LogModuleManager: Shutting down and abandoning module TextureCompressor (30)
[2017.08.30-20.36.04:685][508]LogModuleManager: Shutting down and abandoning module ShaderCore (28)
[2017.08.30-20.36.04:685][508]LogModuleManager: Shutting down and abandoning module Landscape (26)
[2017.08.30-20.36.04:685][508]LogModuleManager: Shutting down and abandoning module SlateRHIRenderer (24)
[2017.08.30-20.36.04:690][508]LogModuleManager: Shutting down and abandoning module OpenGLDrv (22)
[2017.08.30-20.36.04:690][508]LogModuleManager: Shutting down and abandoning module D3D11RHI (20)
[2017.08.30-20.36.04:690][508]LogModuleManager: Shutting down and abandoning module AnimGraphRuntime (18)
[2017.08.30-20.36.04:690][508]LogModuleManager: Shutting down and abandoning module Renderer (16)
[2017.08.30-20.36.04:690][508]LogModuleManager: Shutting down and abandoning module Engine (14)
[2017.08.30-20.36.04:690][508]LogModuleManager: Shutting down and abandoning module CoreUObject (12)
[2017.08.30-20.36.04:690][508]LogModuleManager: Shutting down and abandoning module NetworkFile (10)
[2017.08.30-20.36.04:690][508]LogModuleManager: Shutting down and abandoning module CookedIterativeFile (8)
[2017.08.30-20.36.04:691][508]LogModuleManager: Shutting down and abandoning module StreamingFile (6)
[2017.08.30-20.36.04:691][508]LogModuleManager: Shutting down and abandoning module SandboxFile (4)
[2017.08.30-20.36.04:691][508]LogModuleManager: Shutting down and abandoning module PakFile (2)
[2017.08.30-20.36.04:698][508]LogExit: Exiting.
[2017.08.30-20.36.04:712][508]Log file closed, 08/30/17 16:36:04
