Log file open, 08/30/17 23:20:06
LogWindows: LoadLibraryWithSearchPaths failed for file aqProf.dll. GetLastError=0
LogWindows: LoadLibraryWithSearchPaths failed for file VtuneApi.dll. GetLastError=0
LogWindows: LoadLibraryWithSearchPaths failed for file VtuneApi32e.dll. GetLastError=0
LogInit: Display: Running engine for game: PlanX
LogPlatformFile: Not using cached read wrapper
LogInit: Display: RandInit(-213652414) SRandInit(-213652414).
LogTaskGraph: Started task graph with 5 named threads and 14 total threads with 3 sets of task threads.
LogStats: Stats thread started at 0.178307
LogD3D11RHI: Aftermath initialized
LogPluginManager: Mounting plugin Paper2D
LogPluginManager: Mounting plugin LightPropagationVolume
LogPluginManager: Mounting plugin CodeLiteSourceCodeAccess
LogPluginManager: Mounting plugin GitSourceControl
LogPluginManager: Mounting plugin KDevelopSourceCodeAccess
LogPluginManager: Mounting plugin NullSourceCodeAccess
LogPluginManager: Mounting plugin PerforceSourceControl
LogPluginManager: Mounting plugin SubversionSourceControl
LogPluginManager: Mounting plugin UObjectPlugin
LogPluginManager: Mounting plugin VisualStudioSourceCodeAccess
LogPluginManager: Mounting plugin XCodeSourceCodeAccess
LogPluginManager: Mounting plugin AssetManagerEditor
LogPluginManager: Mounting plugin AudioCapture
LogPluginManager: Mounting plugin FacialAnimation
LogPluginManager: Mounting plugin GameplayTagsEditor
LogPluginManager: Mounting plugin MobileLauncherProfileWizard
LogPluginManager: Mounting plugin PluginBrowser
LogPluginManager: Mounting plugin SpeedTreeImporter
LogPluginManager: Mounting plugin AlembicImporter
LogPluginManager: Mounting plugin CharacterAI
LogPluginManager: Mounting plugin HTML5Networking
LogPluginManager: Mounting plugin AndroidMedia
LogPluginManager: Mounting plugin AvfMedia
LogPluginManager: Mounting plugin MediaPlayerEditor
LogPluginManager: Mounting plugin WmfMedia
LogPluginManager: Mounting plugin TcpMessaging
LogPluginManager: Mounting plugin UdpMessaging
LogPluginManager: Mounting plugin LevelSequenceEditor
LogPluginManager: Mounting plugin MatineeToLevelSequence
LogPluginManager: Mounting plugin OnlineSubsystemGooglePlay
LogPluginManager: Mounting plugin OnlineSubsystemIOS
LogPluginManager: Mounting plugin OnlineSubsystem
LogPluginManager: Mounting plugin OnlineSubsystemNull
LogPluginManager: Mounting plugin OnlineSubsystemUtils
LogPluginManager: Mounting plugin AndroidDeviceProfileSelector
LogPluginManager: Mounting plugin AndroidMoviePlayer
LogPluginManager: Mounting plugin AndroidPermission
LogPluginManager: Mounting plugin AppleMoviePlayer
LogPluginManager: Mounting plugin ArchVisCharacter
LogPluginManager: Mounting plugin CableComponent
LogPluginManager: Mounting plugin CustomMeshComponent
LogPluginManager: Mounting plugin ExampleDeviceProfileSelector
LogPluginManager: Mounting plugin GoogleCloudMessaging
LogPluginManager: Mounting plugin ImmediatePhysics
LogPluginManager: Mounting plugin IOSDeviceProfileSelector
LogPluginManager: Mounting plugin LinuxDeviceProfileSelector
LogPluginManager: Mounting plugin LocationServicesBPLibrary
LogPluginManager: Mounting plugin MobilePatchingUtils
LogPluginManager: Mounting plugin OculusVR
LogPluginManager: Mounting plugin PhysXVehicles
LogPluginManager: Mounting plugin ProceduralMeshComponent
LogPluginManager: Mounting plugin RuntimePhysXCooking
LogPluginManager: Mounting plugin SteamVR
LogPluginManager: Mounting plugin WindowsMoviePlayer
LogInit: Using libcurl 7.47.1
LogInit:  - built for x86_64-pc-win32
LogInit:  - supports SSL with OpenSSL/1.0.2g
LogInit:  - supports HTTP deflate (compression) using libz 1.2.8
LogInit:  - other features:
LogInit:      CURL_VERSION_SSL
LogInit:      CURL_VERSION_LIBZ
LogInit:      CURL_VERSION_IPV6
LogInit:      CURL_VERSION_ASYNCHDNS
LogInit:      CURL_VERSION_LARGEFILE
LogInit:      CURL_VERSION_IDN
LogInit:  CurlRequestOptions (configurable via config and command line):
LogInit:  - bVerifyPeer = false  - Libcurl will NOT verify peer certificate
LogInit:  - bUseHttpProxy = false  - Libcurl will NOT use HTTP proxy
LogInit:  - bDontReuseConnections = false  - Libcurl will reuse connections
LogInit:  - CertBundlePath = nullptr  - Libcurl will use whatever was configured at build time.
LogInit: Build: ++UE4+Release-4.17-CL-3586342
LogInit: Engine Version: 4.17.1-3586342+++UE4+Release-4.17
LogInit: Compatible Engine Version: 4.17.0-3573198+++UE4+Release-4.17
LogInit: Net CL: 3573198
LogDevObjectVersion: Number of dev versions registered: 16
LogDevObjectVersion:   Dev-Blueprints (B0D832E4-1F89-4F0D-ACCF-7EB736FD4AA2): 10
LogDevObjectVersion:   Dev-Build (E1C64328-A22C-4D53-A36C-8E866417BD8C): 0
LogDevObjectVersion:   Dev-Core (375EC13C-06E4-48FB-B500-84F0262A717E): 2
LogDevObjectVersion:   Dev-Editor (E4B068ED-F494-42E9-A231-DA0B2E46BB41): 20
LogDevObjectVersion:   Dev-Framework (CFFC743F-43B0-4480-9391-14DF171D2073): 28
LogDevObjectVersion:   Dev-Mobile (B02B49B5-BB20-44E9-A304-32B752E40360): 0
LogDevObjectVersion:   Dev-Networking (A4E4105C-59A1-49B5-A7C5-40C4547EDFEE): 0
LogDevObjectVersion:   Dev-Online (39C831C9-5AE6-47DC-9A44-9C173E1C8E7C): 0
LogDevObjectVersion:   Dev-Physics (78F01B33-EBEA-4F98-B9B4-84EACCB95AA2): 0
LogDevObjectVersion:   Dev-Platform (6631380F-2D4D-43E0-8009-CF276956A95A): 0
LogDevObjectVersion:   Dev-Rendering (12F88B9F-8875-4AFC-A67C-D90C383ABD29): 19
LogDevObjectVersion:   Dev-Sequencer (7B5AE74C-D270-4C10-A958-57980B212A5A): 4
LogDevObjectVersion:   Dev-VR (D7296918-1DD6-4BDD-9DE2-64A83CC13884): 0
LogDevObjectVersion:   Dev-LoadTimes (C2A15278-BFE7-4AFE-6C17-90FF531DF755): 1
LogDevObjectVersion:   Private-Geometry (6EACA3D4-40EC-4CC1-B786-8BED09428FC5): 1
LogDevObjectVersion:   Dev-AnimPhys (29E575DD-E0A3-4627-9D10-D276232CDCEA): 7
LogInit: Compiled (64-bit): Aug 15 2017 02:05:26
LogInit: Compiled with Visual C++: 19.00.24215.01
LogInit: Build Configuration: Development
LogInit: Branch Name: ++UE4+Release-4.17
LogInit: Command line: -EpicPortal 
LogInit: Base directory: Q:/Unreal Engine/UE_4.17/Engine/Binaries/Win64/
LogInit: Installed Engine Build: 1
LogInit: Presizing for max 8388607 objects, including 0 objects not considered by GC, pre-allocating 0 bytes for permanent pool.
LogInit: Object subsystem initialized
[2017.08.31-03.20.07:259][  0]LogInit: Selected Device Profile: [Windows]
[2017.08.31-03.20.07:259][  0]LogInit: Applying CVar settings loaded from the selected device profile: [Windows]
[2017.08.31-03.20.07:310][  0]LogInit: Computer: DAWN
[2017.08.31-03.20.07:310][  0]LogInit: User: RobertForbes
[2017.08.31-03.20.07:310][  0]LogInit: CPU Page size=4096, Cores=4
[2017.08.31-03.20.07:310][  0]LogInit: High frequency timer resolution =3.417988 MHz
[2017.08.31-03.20.07:310][  0]LogMemory: Memory total: Physical=8.0GB (8GB approx)
[2017.08.31-03.20.07:310][  0]LogMemory: Platform Memory Stats for Windows
[2017.08.31-03.20.07:310][  0]LogMemory: Process Physical Memory: 278.88 MB used, 278.88 MB peak
[2017.08.31-03.20.07:310][  0]LogMemory: Process Virtual Memory: 282.34 MB used, 282.34 MB peak
[2017.08.31-03.20.07:310][  0]LogMemory: Physical Memory: 5674.30 MB used,  2469.55 MB free, 8143.85 MB total
[2017.08.31-03.20.07:310][  0]LogMemory: Virtual Memory: 676.32 MB used,  2469.55 MB free, 134217728.00 MB total
[2017.08.31-03.20.07:467][  0]LogInit: Using OS detected language (en-US).
[2017.08.31-03.20.07:467][  0]LogInit: Using OS detected locale (en-US).
[2017.08.31-03.20.07:473][  0]LogTextLocalizationManager: No specific localization for 'en-US' exists, so the 'en' localization will be used.
[2017.08.31-03.20.08:293][  0]LogD3D11RHI: D3D11 adapters:
[2017.08.31-03.20.09:248][  0]LogD3D11RHI:    0. 'NVIDIA GeForce GTX 970' (Feature Level 11_0)
[2017.08.31-03.20.09:248][  0]LogD3D11RHI:       4058/0/4071 MB DedicatedVideo/DedicatedSystem/SharedSystem, Outputs:2, VendorId:0x10de
[2017.08.31-03.20.09:251][  0]LogD3D11RHI:    1. 'Microsoft Basic Render Driver' (Feature Level 11_0)
[2017.08.31-03.20.09:251][  0]LogD3D11RHI:       0/0/4071 MB DedicatedVideo/DedicatedSystem/SharedSystem, Outputs:0, VendorId:0x1414
[2017.08.31-03.20.09:251][  0]LogD3D11RHI: Chosen D3D11 Adapter: 0
[2017.08.31-03.20.09:256][  0]LogD3D11RHI: Creating new Direct3DDevice
[2017.08.31-03.20.09:256][  0]LogD3D11RHI:     GPU DeviceId: 0x13c2 (for the marketing name, search the web for "GPU Device Id")
[2017.08.31-03.20.09:256][  0]LogWindows: EnumDisplayDevices:
[2017.08.31-03.20.09:256][  0]LogWindows:    0. 'NVIDIA GeForce GTX 970' (P:0 D:1)
[2017.08.31-03.20.09:256][  0]LogWindows:    1. 'NVIDIA GeForce GTX 970' (P:1 D:1)
[2017.08.31-03.20.09:256][  0]LogWindows:    2. 'NVIDIA GeForce GTX 970' (P:0 D:0)
[2017.08.31-03.20.09:257][  0]LogWindows:    3. 'NVIDIA GeForce GTX 970' (P:0 D:0)
[2017.08.31-03.20.09:257][  0]LogWindows: DebugString: FoundDriverCount:4 
[2017.08.31-03.20.09:257][  0]LogD3D11RHI:     Adapter Name: NVIDIA GeForce GTX 970
[2017.08.31-03.20.09:257][  0]LogD3D11RHI:   Driver Version: 385.41 (internal:22.21.13.8541, unified:385.41)
[2017.08.31-03.20.09:257][  0]LogD3D11RHI:      Driver Date: 8-21-2017
[2017.08.31-03.20.09:257][  0]LogRHI: Texture pool is 1361 MB (70% of 1945 MB)
[2017.08.31-03.20.10:096][  0]LogD3D11RHI: Async texture creation enabled
[2017.08.31-03.20.10:129][  0]LogD3D11RHI: GPU Timing Frequency: 1000.000000 (Debug: 2 1)
[2017.08.31-03.20.10:132][  0]LogShaderCompilers: Guid format shader working directory is 10 characters bigger than the processId version (../../../../../Unreal Projects/Plan-X/PlanX/Intermediate/Shaders/WorkingDirectory/13692/).
[2017.08.31-03.20.10:132][  0]LogShaderCompilers: Cleaned the shader compiler working directory 'C:/Users/Robert Forbes/AppData/Local/Temp/UnrealShaderWorkingDir/C5C04672448C459CCDBCD4A2BA076163/'.
[2017.08.31-03.20.10:132][  0]LogShaderCompilers: Display: Using Local Shader Compiler.
[2017.08.31-03.20.11:261][  0]LogTemp: Display: Loaded TP AllDesktopTargetPlatform
[2017.08.31-03.20.11:309][  0]LogTemp: Display: Loaded TP MacClientTargetPlatform
[2017.08.31-03.20.11:355][  0]LogTemp: Display: Loaded TP MacNoEditorTargetPlatform
[2017.08.31-03.20.11:401][  0]LogTemp: Display: Loaded TP MacServerTargetPlatform
[2017.08.31-03.20.11:447][  0]LogTemp: Display: Loaded TP MacTargetPlatform
[2017.08.31-03.20.11:493][  0]LogTemp: Display: Loaded TP WindowsClientTargetPlatform
[2017.08.31-03.20.11:538][  0]LogTemp: Display: Loaded TP WindowsNoEditorTargetPlatform
[2017.08.31-03.20.11:586][  0]LogTemp: Display: Loaded TP WindowsServerTargetPlatform
[2017.08.31-03.20.11:628][  0]LogTemp: Display: Loaded TP WindowsTargetPlatform
[2017.08.31-03.20.11:676][  0]LogTemp: Display: Loaded TP AndroidTargetPlatform
[2017.08.31-03.20.11:734][  0]LogTemp: Display: Loaded TP Android_ASTCTargetPlatform
[2017.08.31-03.20.11:790][  0]LogTemp: Display: Loaded TP Android_ATCTargetPlatform
[2017.08.31-03.20.11:845][  0]LogTemp: Display: Loaded TP Android_DXTTargetPlatform
[2017.08.31-03.20.11:890][  0]LogTemp: Display: Loaded TP Android_ETC1TargetPlatform
[2017.08.31-03.20.11:935][  0]LogTemp: Display: Loaded TP Android_ETC2TargetPlatform
[2017.08.31-03.20.12:030][  0]LogTemp: Display: Loaded TP Android_MultiTargetPlatform
[2017.08.31-03.20.12:030][  0]LogTemp: Display: Loaded TP Android_PVRTCTargetPlatform
[2017.08.31-03.20.12:063][  0]LogTemp: Display: Loaded TP HTML5TargetPlatform
[2017.08.31-03.20.12:154][  0]LogTemp: Display: Loaded TP IOSTargetPlatform
[2017.08.31-03.20.12:181][  0]LogTemp: Display: Loaded TP TVOSTargetPlatform
[2017.08.31-03.20.12:248][  0]LogTemp: Display: Loaded TP LinuxClientTargetPlatform
[2017.08.31-03.20.12:303][  0]LogTemp: Display: Loaded TP LinuxNoEditorTargetPlatform
[2017.08.31-03.20.12:355][  0]LogTemp: Display: Loaded TP LinuxServerTargetPlatform
[2017.08.31-03.20.12:403][  0]LogTemp: Display: Loaded TP LinuxTargetPlatform
[2017.08.31-03.20.12:403][  0]LogTargetPlatformManager: Display: Building Assets For Windows
[2017.08.31-03.20.12:940][  0]LogDerivedDataCache: Display: Max Cache Size: 512 MB
[2017.08.31-03.20.13:052][  0]LogDerivedDataCache: Loaded boot cache 0.11s 106MB C:/Users/Robert Forbes/AppData/Local/UnrealEngine/4.17/DerivedDataCache/Boot.ddc.
[2017.08.31-03.20.13:052][  0]LogDerivedDataCache: Display: Loaded Boot cache: C:/Users/Robert Forbes/AppData/Local/UnrealEngine/4.17/DerivedDataCache/Boot.ddc
[2017.08.31-03.20.13:053][  0]LogDerivedDataCache: FDerivedDataBackendGraph:  Pak pak cache file ../../../../../Unreal Projects/Plan-X/PlanX/DerivedDataCache/DDC.ddp not found, will not use a pak cache.
[2017.08.31-03.20.13:053][  0]LogDerivedDataCache: Unable to find inner node Pak for hierarchical cache Hierarchy.
[2017.08.31-03.20.13:053][  0]LogDerivedDataCache: FDerivedDataBackendGraph:  CompressedPak pak cache file ../../../../../Unreal Projects/Plan-X/PlanX/DerivedDataCache/Compressed.ddp not found, will not use a pak cache.
[2017.08.31-03.20.13:053][  0]LogDerivedDataCache: Unable to find inner node CompressedPak for hierarchical cache Hierarchy.
[2017.08.31-03.20.13:075][  0]LogDerivedDataCache: Display: Pak cache opened for reading ../../../Engine/DerivedDataCache/Compressed.ddp.
[2017.08.31-03.20.13:088][  0]LogDerivedDataCache: Using Local data cache path C:/Users/Robert Forbes/AppData/Local/UnrealEngine/Common/DerivedDataCache: Writable
[2017.08.31-03.20.13:100][  0]LogMaterial: Verifying Global Shaders for PCD3D_SM5
[2017.08.31-03.20.13:100][  0]LogSlate: Using Freetype 2.6.0
[2017.08.31-03.20.13:101][  0]LogSlate: SlateFontCache - WITH_FREETYPE: 1, WITH_HARFBUZZ: 1
[2017.08.31-03.20.13:101][  0]LogSlate: SlateFontCache - WITH_FREETYPE: 1, WITH_HARFBUZZ: 1
[2017.08.31-03.20.13:529][  0]LogAssetRegistry: FAssetRegistry took 0.0297 seconds to start up
[2017.08.31-03.20.13:661][  0]LogInit: Selected Device Profile: [Windows]
[2017.08.31-03.20.13:846][  0]LogContentStreaming: Texture pool size is 0.00 MB
[2017.08.31-03.20.14:152][  0]LogSimplygon: Simplygon DLL not present - disabling.
[2017.08.31-03.20.14:192][  0]LogMeshReduction: Using SimplygonSwarm for distributed automatic mesh merging
[2017.08.31-03.20.14:192][  0]LogMeshReduction: Using QuadricMeshReduction for automatic static mesh reduction
[2017.08.31-03.20.14:192][  0]LogMeshReduction: No automatic skeletal mesh reduction module available
[2017.08.31-03.20.14:192][  0]LogMeshReduction: No automatic mesh merging module available
[2017.08.31-03.20.14:192][  0]LogMeshMerging: No automatic mesh merging module available
[2017.08.31-03.20.14:781][  0]LogNetVersion: PlanX , NetCL: 3573198, EngineNetVer: 2, GameNetVer: 0 (Checksum: 4232075429)
[2017.08.31-03.20.15:095][  0]LogPackageLocalizationCache: Processed 5 localized package path(s) for 2 prioritized culture(s) in 0.089124 seconds
[2017.08.31-03.20.15:102][  0]LogUObjectArray: 35825 objects as part of root set at end of initial load.
[2017.08.31-03.20.15:102][  0]LogUObjectAllocator: 7529104 out of 0 bytes used by permanent object pool.
[2017.08.31-03.20.15:102][  0]LogUObjectArray: CloseDisregardForGC: 0/0 objects in disregard for GC pool
[2017.08.31-03.20.15:172][  0]LogInit: WinSock: version 1.1 (2.2), MaxSocks=32767, MaxUdp=65467
[2017.08.31-03.20.18:982][  0]LogTcpMessaging: Initializing TcpMessaging bridge
[2017.08.31-03.20.19:026][  0]LogUdpMessaging: Initializing bridge on interface 0.0.0.0:0 to multicast group 230.0.0.1:6666.
[2017.08.31-03.20.19:944][  0]LogMaterial: Uniform references updated for custom material expression Custom.
[2017.08.31-03.20.20:397][  0]SourceControl: Source control is disabled
[2017.08.31-03.20.20:397][  0]SourceControl: Source control is disabled
[2017.08.31-03.20.20:468][  0]SourceControl: Source control is disabled
[2017.08.31-03.20.20:523][  0]SourceControl: Source control is disabled
[2017.08.31-03.20.21:203][  0]LogAndroidPermission: UAndroidPermissionCallbackProxy::GetInstance
[2017.08.31-03.20.21:581][  0]LogOcInput: OculusInput pre-init called
[2017.08.31-03.20.21:988][  0]LogEngine: Initializing Engine...
[2017.08.31-03.20.23:590][  0]LogHMD: SteamVR initialized.  Driver: lighthouse  Display: LHR-21CE5F1D
[2017.08.31-03.20.23:841][  0]LogStats: UGameplayTagsManager::ConstructGameplayTagTree: Construct from data asset -  0.000 s
[2017.08.31-03.20.23:841][  0]LogStats: UGameplayTagsManager::ConstructGameplayTagTree: GameplayTagTreeChangedEvent.Broadcast -  0.000 s
[2017.08.31-03.20.23:961][  0]LogAIModule: Creating AISystem for world Untitled
[2017.08.31-03.20.23:983][  0]LogInit: XAudio2 using 'REAL SPEAKERS!!!!!!!!!! (Realtek High Definition Audio)' : 2 channels at 48 kHz using 32 bits per sample (channel mask 0x3)
[2017.08.31-03.20.23:996][  0]LogInit: FAudioDevice initialized.
[2017.08.31-03.20.24:123][  0]LogDerivedDataCache: Saved boot cache 0.13s 106MB C:/Users/Robert Forbes/AppData/Local/UnrealEngine/4.17/DerivedDataCache/Boot.ddc.
[2017.08.31-03.20.24:144][  0]LogInit: Texture streaming: Enabled
[2017.08.31-03.20.24:236][  0]LogEngineSessionManager: EngineSessionManager initialized
[2017.08.31-03.20.24:803][  0]LogInit: Transaction tracking system initialized
[2017.08.31-03.20.27:120][  0]BlueprintLog: New page: Editor Load
[2017.08.31-03.20.27:914][  0]LocalizationService: Localization service is disabled
[2017.08.31-03.20.28:516][  0]LogConsoleResponse: Display: 
[2017.08.31-03.20.28:890][  0]LogCook: Display: Max memory allowance for cook 16384mb min free memory 0mb
[2017.08.31-03.20.28:891][  0]LogCook: Display: Mobile HDR setting 1
[2017.08.31-03.20.28:891][  0]LogGameplayTags: Display: UGameplayTagsManager::DoneAddingNativeTags. DelegateIsBound: 0
[2017.08.31-03.20.29:023][  0]LogFileCache: Scanning file cache for directory 'Q:/Unreal Projects/Plan-X/PlanX/Content/' took 0.02s
[2017.08.31-03.20.29:918][  0]SourceControl: Source control is disabled
[2017.08.31-03.20.29:918][  0]Cmd: MAP LOAD FILE="../../../../../Unreal Projects/Plan-X/PlanX/Content/VirtualRealityBP/Maps/StartupMap.umap" TEMPLATE=0 SHOWPROGRESS=1 FEATURELEVEL=3
[2017.08.31-03.20.29:953][  0]LightingResults: New page: Lighting Build
[2017.08.31-03.20.30:000][  0]MapCheck: New page: Map Check
[2017.08.31-03.20.30:000][  0]LightingResults: New page: Lighting Build
[2017.08.31-03.20.30:944][  0]LogAIModule: Creating AISystem for world StartupMap
[2017.08.31-03.20.31:052][  0]LogEditorServer: Finished looking for orphan Actors (0.000 secs)
[2017.08.31-03.20.31:091][  0]Cmd: MAP CHECKDEP NOCLEARLOG
[2017.08.31-03.20.31:166][  0]MapCheck: Map check complete: 0 Error(s), 0 Warning(s), took 75.511ms to complete.
[2017.08.31-03.20.31:167][  0]LogFileHelpers: Loading map 'StartupMap' took 1.249
[2017.08.31-03.20.31:817][  0]LogCollectionManager: Loaded 0 collections in 0.001806 seconds
[2017.08.31-03.20.31:896][  0]LogFileCache: Scanning file cache for directory 'Q:/Unreal Projects/Plan-X/PlanX/Saved/Collections/' took 0.01s
[2017.08.31-03.20.31:896][  0]LogFileCache: Scanning file cache for directory 'Q:/Unreal Projects/Plan-X/PlanX/Content/Developers/RobertForbes/Collections/' took 0.01s
[2017.08.31-03.20.31:896][  0]LogFileCache: Scanning file cache for directory 'Q:/Unreal Projects/Plan-X/PlanX/Content/Collections/' took 0.01s
[2017.08.31-03.20.31:896][  0]LogCollectionManager: Rebuilt the GUID cache for 0 collections in 0.000000 seconds
[2017.08.31-03.20.31:907][  0]LogContentBrowser: Native class hierarchy populated in 0.0107 seconds. Added 2386 classes and 500 folders.
[2017.08.31-03.20.31:968][  0]LogContentBrowser: Native class hierarchy updated for 'WidgetCarousel' in 0.0009 seconds. Added 0 classes and 0 folders.
[2017.08.31-03.20.32:900][  0]LogContentBrowser: Native class hierarchy updated for 'AddContentDialog' in 0.0008 seconds. Added 0 classes and 0 folders.
[2017.08.31-03.20.33:005][  0]LogContentBrowser: Native class hierarchy updated for 'SceneOutliner' in 0.0009 seconds. Added 1 classes and 2 folders.
[2017.08.31-03.20.33:129][  0]LogSlate: Took 0.000307 seconds to synchronously load lazily loaded font '../../../Engine/Content/Slate/Fonts/Roboto-Regular.ttf' (155K)
[2017.08.31-03.20.33:132][  0]LogSlate: Took 0.000351 seconds to synchronously load lazily loaded font '../../../Engine/Content/Slate/Fonts/Roboto-Bold.ttf' (160K)
[2017.08.31-03.20.33:196][  0]LogSlate: Took 0.020920 seconds to synchronously load lazily loaded font '../../../Engine/Content/Editor/Slate/Fonts/FontAwesome.ttf' (139K)
[2017.08.31-03.20.33:678][  0]LogRenderer: Reallocating scene render targets to support 1208x576 Format 26 NumSamples 1 (Frame:1).
[2017.08.31-03.20.34:080][  0]LogContentBrowser: Native class hierarchy updated for 'HierarchicalLODOutliner' in 0.0007 seconds. Added 1 classes and 2 folders.
[2017.08.31-03.20.34:080][  0]LogLoad: (Engine Initialization) Total time: 29.00 seconds
[2017.08.31-03.20.34:080][  0]LogLoad: (Engine Initialization) Total Blueprint compile time: 0.00 seconds
[2017.08.31-03.20.34:080][  0]LogExternalProfiler: Found external profiler: VSPerf
[2017.08.31-03.20.34:080][  0]LogExternalProfiler: Using external profiler: VSPerf
[2017.08.31-03.20.34:448][  0]LogContentStreaming: Texture pool size now 1000 MB
[2017.08.31-03.20.35:096][  2]LogAssetRegistry: Asset discovery search completed in 21.5917 seconds
[2017.08.31-03.20.35:098][  2]LogCollectionManager: Rebuilt the object cache for 0 collections in 0.000001 seconds (found 0 objects)
[2017.08.31-03.20.35:098][  2]LogCollectionManager: Fixed up redirectors for 0 collections in 0.000095 seconds (updated 0 objects)
[2017.08.31-03.20.38:837][ 13]LogSlate: Took 0.026533 seconds to synchronously load lazily loaded font '../../../Engine/Content/Slate/Fonts/Roboto-Light.ttf' (159K)
[2017.08.31-03.20.54:181][371]LogSlate: Took 0.000219 seconds to synchronously load lazily loaded font '../../../Engine/Content/Slate/Fonts/Roboto-Light.ttf' (159K)
[2017.08.31-03.20.55:088][371]LogSlate: Took 0.000313 seconds to synchronously load lazily loaded font '../../../Engine/Content/Slate/Fonts/Roboto-Regular.ttf' (155K)
[2017.08.31-03.20.55:125][371]LogAIModule: Creating AISystem for world WorkingTestPawn
[2017.08.31-03.20.55:185][371]Cmd: MAP LOAD FILE="../../../../../Unreal Projects/Plan-X/PlanX/Content/PlanX/WorkingTestPawn.umap" TEMPLATE=0 SHOWPROGRESS=1 FEATURELEVEL=3
[2017.08.31-03.20.55:185][371]LightingResults: New page: Lighting Build
[2017.08.31-03.20.55:185][371]LoadErrors: New page: Loading map: WorkingTestPawn.umap
[2017.08.31-03.20.55:209][371]MapCheck: New page: Map Check
[2017.08.31-03.20.55:209][371]LightingResults: New page: Lighting Build
[2017.08.31-03.20.55:255][371]LogEditorServer: Finished looking for orphan Actors (0.000 secs)
[2017.08.31-03.20.55:289][371]Cmd: MAP CHECKDEP NOCLEARLOG
[2017.08.31-03.20.55:357][371]MapCheck: Map check complete: 0 Error(s), 0 Warning(s), took 68.028ms to complete.
[2017.08.31-03.20.55:358][371]LogFileHelpers: Loading map 'WorkingTestPawn' took 0.191
[2017.08.31-03.21.24:597][839]LogEditorViewport: Clicking on Actor (LMB): MotionControllerPawn_C (VRPawn)
[2017.08.31-03.21.25:458][904]LogSlate: Took 0.103958 seconds to synchronously load lazily loaded font '../../../Engine/Content/Editor/Slate/Fonts/Roboto-Italic.ttf' (157K)
[2017.08.31-03.21.45:964][295]LogEditorViewport: Clicking on Actor (LMB): BP_Sky_Sphere_C (Sky Sphere)
[2017.08.31-03.21.51:097][878]Cmd: OBJ SAVEPACKAGE PACKAGE="/Game/PlanX/WorkingTestPawn" FILE="../../../../../Unreal Projects/Plan-X/PlanX/Content/PlanX/WorkingTestPawn.umap" SILENT=true AUTOSAVING=false KEEPDIRTY=false
[2017.08.31-03.21.51:171][878]LogSavePackage: Save=40.68ms
[2017.08.31-03.21.51:171][878]LogSavePackage: Moving '../../../../../Unreal Projects/Plan-X/PlanX/Saved/WorkingTestPawnE4969474440AFF66A54F468A578DF9D2.tmp' to '../../../../../Unreal Projects/Plan-X/PlanX/Content/PlanX/WorkingTestPawn.umap'
[2017.08.31-03.21.51:280][878]LogSavePackage: Display: Finished SavePackage ../../../../../Unreal Projects/Plan-X/PlanX/Content/PlanX/WorkingTestPawn.umap
[2017.08.31-03.21.51:304][878]Cmd: OBJ SAVEPACKAGE PACKAGE="/Game/PlanX/WorkingTestPawn_BuiltData" FILE="../../../../../Unreal Projects/Plan-X/PlanX/Content/PlanX/WorkingTestPawn_BuiltData.uasset" SILENT=true
[2017.08.31-03.21.51:358][878]LogSavePackage: Save=47.15ms
[2017.08.31-03.21.51:358][878]LogSavePackage: Moving '../../../../../Unreal Projects/Plan-X/PlanX/Saved/WorkingTestPawn_BuiltDataB7B0785E471F389FBA822891E03022BF.tmp' to '../../../../../Unreal Projects/Plan-X/PlanX/Content/PlanX/WorkingTestPawn_BuiltData.uasset'
[2017.08.31-03.21.51:359][878]LogSavePackage: Display: Finished SavePackage ../../../../../Unreal Projects/Plan-X/PlanX/Content/PlanX/WorkingTestPawn_BuiltData.uasset
[2017.08.31-03.21.54:161][205]Cmd: OBJ SAVEPACKAGE PACKAGE="/Game/PlanX/WorkingTestPawn" FILE="../../../../../Unreal Projects/Plan-X/PlanX/Content/PlanX/WorkingTestPawn.umap" SILENT=true AUTOSAVING=false KEEPDIRTY=false
[2017.08.31-03.21.54:222][205]LogSavePackage: Save=24.36ms
[2017.08.31-03.21.54:222][205]LogSavePackage: Moving '../../../../../Unreal Projects/Plan-X/PlanX/Saved/WorkingTestPawn81F7D0714BA6278D1B638295EF4875B5.tmp' to '../../../../../Unreal Projects/Plan-X/PlanX/Content/PlanX/WorkingTestPawn.umap'
[2017.08.31-03.21.54:223][205]LogSavePackage: Display: Finished SavePackage ../../../../../Unreal Projects/Plan-X/PlanX/Content/PlanX/WorkingTestPawn.umap
[2017.08.31-03.21.54:245][205]Cmd: OBJ SAVEPACKAGE PACKAGE="/Game/PlanX/WorkingTestPawn_BuiltData" FILE="../../../../../Unreal Projects/Plan-X/PlanX/Content/PlanX/WorkingTestPawn_BuiltData.uasset" SILENT=true
[2017.08.31-03.21.54:266][205]LogSavePackage: Save=17.70ms
[2017.08.31-03.21.54:266][205]LogSavePackage: Moving '../../../../../Unreal Projects/Plan-X/PlanX/Saved/WorkingTestPawn_BuiltData2329C89247DD38DB5B12768726BCB1E8.tmp' to '../../../../../Unreal Projects/Plan-X/PlanX/Content/PlanX/WorkingTestPawn_BuiltData.uasset'
[2017.08.31-03.21.54:267][205]LogSavePackage: Display: Finished SavePackage ../../../../../Unreal Projects/Plan-X/PlanX/Content/PlanX/WorkingTestPawn_BuiltData.uasset
[2017.08.31-03.22.01:183][929]LogAIModule: Creating AISystem for world MotionControllerMap
[2017.08.31-03.22.01:244][929]Cmd: MAP LOAD FILE="../../../../../Unreal Projects/Plan-X/PlanX/Content/VirtualRealityBP/Maps/MotionControllerMap.umap" TEMPLATE=0 SHOWPROGRESS=1 FEATURELEVEL=3
[2017.08.31-03.22.01:244][929]LightingResults: New page: Lighting Build
[2017.08.31-03.22.01:245][929]LoadErrors: New page: Loading map: MotionControllerMap.umap
[2017.08.31-03.22.01:246][929]MapCheck: New page: Map Check
[2017.08.31-03.22.01:246][929]LightingResults: New page: Lighting Build
[2017.08.31-03.22.01:263][929]LogEditorServer: Finished looking for orphan Actors (0.000 secs)
[2017.08.31-03.22.01:321][929]Cmd: MAP CHECKDEP NOCLEARLOG
[2017.08.31-03.22.01:385][929]MapCheck: Map check complete: 0 Error(s), 0 Warning(s), took 64.167ms to complete.
[2017.08.31-03.22.01:385][929]LogFileHelpers: Loading map 'MotionControllerMap' took 0.142
[2017.08.31-03.22.08:008][702]LogEditorViewport: Clicking on Actor (LMB): BP_PickupCube_C (EditorCube36)
[2017.08.31-03.22.09:590][861]Cmd: EDIT COPY
[2017.08.31-03.22.21:865][279]LogAIModule: Creating AISystem for world WorkingTestPawn
[2017.08.31-03.22.21:878][279]Cmd: MAP LOAD FILE="../../../../../Unreal Projects/Plan-X/PlanX/Content/PlanX/WorkingTestPawn.umap" TEMPLATE=0 SHOWPROGRESS=1 FEATURELEVEL=3
[2017.08.31-03.22.21:879][279]LightingResults: New page: Lighting Build
[2017.08.31-03.22.21:879][279]LoadErrors: New page: Loading map: WorkingTestPawn.umap
[2017.08.31-03.22.21:881][279]MapCheck: New page: Map Check
[2017.08.31-03.22.21:881][279]LightingResults: New page: Lighting Build
[2017.08.31-03.22.21:894][279]LogEditorServer: Finished looking for orphan Actors (0.000 secs)
[2017.08.31-03.22.21:924][279]Cmd: MAP CHECKDEP NOCLEARLOG
[2017.08.31-03.22.21:982][279]MapCheck: Map check complete: 0 Error(s), 0 Warning(s), took 57.687ms to complete.
[2017.08.31-03.22.21:982][279]LogFileHelpers: Loading map 'WorkingTestPawn' took 0.105
[2017.08.31-03.22.23:915][507]Cmd: EDIT PASTE
[2017.08.31-03.22.47:897][315]LogEditorViewport: Clicking on Actor (LMB): BP_PickupCube_C (EditorCube36)
[2017.08.31-03.22.48:366][369]LogEditorViewport: Clicking on Actor (LMB): BP_Sky_Sphere_C (Sky Sphere)
[2017.08.31-03.22.48:901][429]LogEditorViewport: Clicking on Actor (LMB): BP_PickupCube_C (EditorCube36)
[2017.08.31-03.22.55:774][132]LogContentBrowser: Native class hierarchy updated for 'BlueprintGraph' in 0.0011 seconds. Added 113 classes and 0 folders.
[2017.08.31-03.22.57:854][132]LogSlate: Took 0.018682 seconds to synchronously load lazily loaded font '../../../Engine/Content/Editor/Slate/Fonts/Roboto-BoldCondensed.ttf' (158K)
[2017.08.31-03.23.47:094][249]LogEditorViewport: Clicking on Actor (LMB): BP_Sky_Sphere_C (Sky Sphere)
[2017.08.31-03.23.47:979][349]LogEditorViewport: Clicking on Actor (LMB): BP_PickupCube_C (EditorCube36)
[2017.08.31-03.23.49:464][499]LogSlate: Took 0.000264 seconds to synchronously load lazily loaded font '../../../Engine/Content/Slate/Fonts/Roboto-Light.ttf' (159K)
[2017.08.31-03.23.56:720][277]LogMaterial: Missing cached shader map for material M_Basic_Wall, compiling. 
[2017.08.31-03.23.58:725][439]LogEditorViewport: Clicking on Actor (LMB): BP_Sky_Sphere_C (Sky Sphere)
[2017.08.31-03.24.02:270][819]Cmd: OBJ SAVEPACKAGE PACKAGE="/Game/PlanX/WorkingTestPawn" FILE="../../../../../Unreal Projects/Plan-X/PlanX/Content/PlanX/WorkingTestPawn.umap" SILENT=true AUTOSAVING=false KEEPDIRTY=false
[2017.08.31-03.24.02:344][819]LogSavePackage: Save=27.47ms
[2017.08.31-03.24.02:344][819]LogSavePackage: Moving '../../../../../Unreal Projects/Plan-X/PlanX/Saved/WorkingTestPawn8D1002764B8FA535CE6EE6B369D65CD5.tmp' to '../../../../../Unreal Projects/Plan-X/PlanX/Content/PlanX/WorkingTestPawn.umap'
[2017.08.31-03.24.02:347][819]LogSavePackage: Display: Finished SavePackage ../../../../../Unreal Projects/Plan-X/PlanX/Content/PlanX/WorkingTestPawn.umap
[2017.08.31-03.24.02:372][819]Cmd: OBJ SAVEPACKAGE PACKAGE="/Game/PlanX/WorkingTestPawn_BuiltData" FILE="../../../../../Unreal Projects/Plan-X/PlanX/Content/PlanX/WorkingTestPawn_BuiltData.uasset" SILENT=true
[2017.08.31-03.24.02:388][819]LogSavePackage: Save=13.24ms
[2017.08.31-03.24.02:388][819]LogSavePackage: Moving '../../../../../Unreal Projects/Plan-X/PlanX/Saved/WorkingTestPawn_BuiltData447AB7174EAF7E42DE7750B1ED7DA549.tmp' to '../../../../../Unreal Projects/Plan-X/PlanX/Content/PlanX/WorkingTestPawn_BuiltData.uasset'
[2017.08.31-03.24.02:389][819]LogSavePackage: Display: Finished SavePackage ../../../../../Unreal Projects/Plan-X/PlanX/Content/PlanX/WorkingTestPawn_BuiltData.uasset
[2017.08.31-03.24.02:945][878]Cmd: OBJ SAVEPACKAGE PACKAGE="/Game/PlanX/WorkingTestPawn" FILE="../../../../../Unreal Projects/Plan-X/PlanX/Content/PlanX/WorkingTestPawn.umap" SILENT=true AUTOSAVING=false KEEPDIRTY=false
[2017.08.31-03.24.03:009][878]LogSavePackage: Save=25.04ms
[2017.08.31-03.24.03:009][878]LogSavePackage: Moving '../../../../../Unreal Projects/Plan-X/PlanX/Saved/WorkingTestPawnE934B3E541CD1DF205AAEF8CED08E70B.tmp' to '../../../../../Unreal Projects/Plan-X/PlanX/Content/PlanX/WorkingTestPawn.umap'
[2017.08.31-03.24.03:011][878]LogSavePackage: Display: Finished SavePackage ../../../../../Unreal Projects/Plan-X/PlanX/Content/PlanX/WorkingTestPawn.umap
[2017.08.31-03.24.03:032][878]Cmd: OBJ SAVEPACKAGE PACKAGE="/Game/PlanX/WorkingTestPawn_BuiltData" FILE="../../../../../Unreal Projects/Plan-X/PlanX/Content/PlanX/WorkingTestPawn_BuiltData.uasset" SILENT=true
[2017.08.31-03.24.03:044][878]LogSavePackage: Save=9.32ms
[2017.08.31-03.24.03:044][878]LogSavePackage: Moving '../../../../../Unreal Projects/Plan-X/PlanX/Saved/WorkingTestPawn_BuiltData2B3096BB4277F00BEE18E0833D71D71F.tmp' to '../../../../../Unreal Projects/Plan-X/PlanX/Content/PlanX/WorkingTestPawn_BuiltData.uasset'
[2017.08.31-03.24.03:045][878]LogSavePackage: Display: Finished SavePackage ../../../../../Unreal Projects/Plan-X/PlanX/Content/PlanX/WorkingTestPawn_BuiltData.uasset
[2017.08.31-03.24.09:254][255]LogPlayLevel: PlayLevel: No blueprints needed recompiling
[2017.08.31-03.24.09:267][255]PIE: New page: PIE session: WorkingTestPawn (Aug 30, 2017, 7:24:09 PM)
[2017.08.31-03.24.09:286][255]LogPlayLevel: Creating play world package: /Game/PlanX/UEDPIE_0_WorkingTestPawn
[2017.08.31-03.24.09:288][255]LogPlayLevel: PIE: StaticDuplicateObject took: (0.001971s)
[2017.08.31-03.24.09:289][255]LogAIModule: Creating AISystem for world WorkingTestPawn
[2017.08.31-03.24.09:289][255]LogPlayLevel: PIE: World Init took: (0.000888s)
[2017.08.31-03.24.09:308][255]LogPlayLevel: PIE: Created PIE world by copying editor world from /Game/PlanX/WorkingTestPawn.WorkingTestPawn to /Game/PlanX/UEDPIE_0_WorkingTestPawn.WorkingTestPawn (0.021649s)
[2017.08.31-03.24.09:362][255]LogInit: XAudio2 using 'REAL SPEAKERS!!!!!!!!!! (Realtek High Definition Audio)' : 2 channels at 48 kHz using 32 bits per sample (channel mask 0x3)
[2017.08.31-03.24.09:372][255]LogInit: FAudioDevice initialized.
[2017.08.31-03.24.09:488][255]LogUObjectGlobals: Warning: Failed to find object 'Class None.'
[2017.08.31-03.24.09:494][255]LogLoad: Game class is 'GameModeBase'
[2017.08.31-03.24.09:511][255]LogWorld: Bringing World /Game/PlanX/UEDPIE_0_WorkingTestPawn.WorkingTestPawn up for play (max tick rate 0) at 2017.08.30-23.24.09
[2017.08.31-03.24.09:512][255]LogWorld: Bringing up level for play took: 0.002092
[2017.08.31-03.24.09:597][255]LogContentBrowser: Native class hierarchy updated for 'MovieSceneCapture' in 0.0010 seconds. Added 11 classes and 0 folders.
[2017.08.31-03.24.09:643][255]PIE: Play in editor start time for /Game/PlanX/UEDPIE_0_WorkingTestPawn 0.508
[2017.08.31-03.24.09:689][256]LogRenderer: Reallocating scene render targets to support 3024x1680 Format 26 NumSamples 1 (Frame:1).
[2017.08.31-03.24.22:549][404]LogSteamVRController: Controller role for device 3 is 0 (invalid=0, left=1, right=2).
[2017.08.31-03.24.22:549][404]LogSteamVRController: Warning: Controller device 3 has no role set.  There is no 'right' controller according to steamvr, so we are pickign that.
[2017.08.31-03.24.23:219][464]LogSteamVRController: Controller role for device 4 is 0 (invalid=0, left=1, right=2).
[2017.08.31-03.24.23:219][464]LogSteamVRController: Putting controller 4 on the left hand because there is already a controller for the right.
[2017.08.31-03.24.55:544][371]LogEditorViewport: Clicking on Actor (LMB): MotionControllerPawn_C (VRPawn)
[2017.08.31-03.24.57:598][587]LogEditorViewport: Clicking on Actor (LMB): BP_PickupCube_C (EditorCube36)
[2017.08.31-03.25.02:804][166]LogEditorViewport: Clicking on Actor (LMB): BP_Sky_Sphere_C (Sky Sphere)
[2017.08.31-03.25.06:121][536]LogPlayLevel: PlayLevel: No blueprints needed recompiling
[2017.08.31-03.25.06:121][536]PIE: New page: PIE session: WorkingTestPawn (Aug 30, 2017, 7:25:06 PM)
[2017.08.31-03.25.06:121][536]LogPlayLevel: Creating play world package: /Game/PlanX/UEDPIE_0_WorkingTestPawn
[2017.08.31-03.25.06:123][536]LogPlayLevel: PIE: StaticDuplicateObject took: (0.001927s)
[2017.08.31-03.25.06:124][536]LogAIModule: Creating AISystem for world WorkingTestPawn
[2017.08.31-03.25.06:124][536]LogPlayLevel: PIE: World Init took: (0.000780s)
[2017.08.31-03.25.06:124][536]LogPlayLevel: PIE: Created PIE world by copying editor world from /Game/PlanX/WorkingTestPawn.WorkingTestPawn to /Game/PlanX/UEDPIE_0_WorkingTestPawn.WorkingTestPawn (0.002961s)
[2017.08.31-03.25.06:154][536]LogInit: XAudio2 using 'REAL SPEAKERS!!!!!!!!!! (Realtek High Definition Audio)' : 2 channels at 48 kHz using 32 bits per sample (channel mask 0x3)
[2017.08.31-03.25.06:163][536]LogInit: FAudioDevice initialized.
[2017.08.31-03.25.06:249][536]LogUObjectGlobals: Warning: Failed to find object 'Class None.'
[2017.08.31-03.25.06:249][536]LogLoad: Game class is 'GameModeBase'
[2017.08.31-03.25.06:250][536]LogWorld: Bringing World /Game/PlanX/UEDPIE_0_WorkingTestPawn.WorkingTestPawn up for play (max tick rate 0) at 2017.08.30-23.25.06
[2017.08.31-03.25.06:250][536]LogWorld: Bringing up level for play took: 0.001247
[2017.08.31-03.25.06:259][536]PIE: Play in editor start time for /Game/PlanX/UEDPIE_0_WorkingTestPawn 1.123
[2017.08.31-03.25.43:818][907]LogEditorViewport: Clicking on Actor (LMB): MotionControllerPawn_C (VRPawn)
[2017.08.31-03.25.51:146][696]LogEditorViewport: Clicking on Actor (LMB): BP_Sky_Sphere_C (Sky Sphere)
[2017.08.31-03.25.53:721][973]Cmd: OBJ SAVEPACKAGE PACKAGE="/Game/PlanX/WorkingTestPawn" FILE="../../../../../Unreal Projects/Plan-X/PlanX/Content/PlanX/WorkingTestPawn.umap" SILENT=true AUTOSAVING=false KEEPDIRTY=false
[2017.08.31-03.25.53:769][973]LogSavePackage: Save=26.77ms
[2017.08.31-03.25.53:769][973]LogSavePackage: Moving '../../../../../Unreal Projects/Plan-X/PlanX/Saved/WorkingTestPawnD798C9634529905785E98496100A3AC3.tmp' to '../../../../../Unreal Projects/Plan-X/PlanX/Content/PlanX/WorkingTestPawn.umap'
[2017.08.31-03.25.53:772][973]LogSavePackage: Display: Finished SavePackage ../../../../../Unreal Projects/Plan-X/PlanX/Content/PlanX/WorkingTestPawn.umap
[2017.08.31-03.25.53:794][973]Cmd: OBJ SAVEPACKAGE PACKAGE="/Game/PlanX/WorkingTestPawn_BuiltData" FILE="../../../../../Unreal Projects/Plan-X/PlanX/Content/PlanX/WorkingTestPawn_BuiltData.uasset" SILENT=true
[2017.08.31-03.25.53:808][973]LogSavePackage: Save=10.32ms
[2017.08.31-03.25.53:808][973]LogSavePackage: Moving '../../../../../Unreal Projects/Plan-X/PlanX/Saved/WorkingTestPawn_BuiltDataA93F425C46FA48B817E860BD733B7E78.tmp' to '../../../../../Unreal Projects/Plan-X/PlanX/Content/PlanX/WorkingTestPawn_BuiltData.uasset'
[2017.08.31-03.25.53:809][973]LogSavePackage: Display: Finished SavePackage ../../../../../Unreal Projects/Plan-X/PlanX/Content/PlanX/WorkingTestPawn_BuiltData.uasset
[2017.08.31-03.25.55:732][187]LogPlayLevel: PlayLevel: No blueprints needed recompiling
[2017.08.31-03.25.55:732][187]PIE: New page: PIE session: WorkingTestPawn (Aug 30, 2017, 7:25:55 PM)
[2017.08.31-03.25.55:732][187]LogPlayLevel: Creating play world package: /Game/PlanX/UEDPIE_0_WorkingTestPawn
[2017.08.31-03.25.55:734][187]LogPlayLevel: PIE: StaticDuplicateObject took: (0.001872s)
[2017.08.31-03.25.55:734][187]LogAIModule: Creating AISystem for world WorkingTestPawn
[2017.08.31-03.25.55:735][187]LogPlayLevel: PIE: World Init took: (0.000745s)
[2017.08.31-03.25.55:735][187]LogPlayLevel: PIE: Created PIE world by copying editor world from /Game/PlanX/WorkingTestPawn.WorkingTestPawn to /Game/PlanX/UEDPIE_0_WorkingTestPawn.WorkingTestPawn (0.002878s)
[2017.08.31-03.25.55:764][187]LogInit: XAudio2 using 'REAL SPEAKERS!!!!!!!!!! (Realtek High Definition Audio)' : 2 channels at 48 kHz using 32 bits per sample (channel mask 0x3)
[2017.08.31-03.25.55:773][187]LogInit: FAudioDevice initialized.
[2017.08.31-03.25.55:857][187]LogUObjectGlobals: Warning: Failed to find object 'Class None.'
[2017.08.31-03.25.55:857][187]LogLoad: Game class is 'GameModeBase'
[2017.08.31-03.25.55:859][187]LogWorld: Bringing World /Game/PlanX/UEDPIE_0_WorkingTestPawn.WorkingTestPawn up for play (max tick rate 0) at 2017.08.30-23.25.55
[2017.08.31-03.25.55:859][187]LogWorld: Bringing up level for play took: 0.001445
[2017.08.31-03.25.55:868][187]PIE: Play in editor start time for /Game/PlanX/UEDPIE_0_WorkingTestPawn 0.732
[2017.08.31-03.26.38:650][ 70]LogEditorViewport: Clicking on Actor (LMB): BP_PickupCube_C (EditorCube36)
[2017.08.31-03.26.42:830][494]LogEditorViewport: Clicking on Actor (LMB): BP_Sky_Sphere_C (Sky Sphere)
[2017.08.31-03.26.45:588][785]Cmd: OBJ SAVEPACKAGE PACKAGE="/Game/PlanX/WorkingTestPawn" FILE="../../../../../Unreal Projects/Plan-X/PlanX/Content/PlanX/WorkingTestPawn.umap" SILENT=true AUTOSAVING=false KEEPDIRTY=false
[2017.08.31-03.26.45:632][785]LogSavePackage: Save=25.24ms
[2017.08.31-03.26.45:632][785]LogSavePackage: Moving '../../../../../Unreal Projects/Plan-X/PlanX/Saved/WorkingTestPawn6FDF1E264D45C47EAAD10AAB95643591.tmp' to '../../../../../Unreal Projects/Plan-X/PlanX/Content/PlanX/WorkingTestPawn.umap'
[2017.08.31-03.26.45:636][785]LogSavePackage: Display: Finished SavePackage ../../../../../Unreal Projects/Plan-X/PlanX/Content/PlanX/WorkingTestPawn.umap
[2017.08.31-03.26.45:665][785]Cmd: OBJ SAVEPACKAGE PACKAGE="/Game/PlanX/WorkingTestPawn_BuiltData" FILE="../../../../../Unreal Projects/Plan-X/PlanX/Content/PlanX/WorkingTestPawn_BuiltData.uasset" SILENT=true
[2017.08.31-03.26.45:678][785]LogSavePackage: Save=10.53ms
[2017.08.31-03.26.45:678][785]LogSavePackage: Moving '../../../../../Unreal Projects/Plan-X/PlanX/Saved/WorkingTestPawn_BuiltDataD1A254EB4B3FE28C0D1011B8710B9585.tmp' to '../../../../../Unreal Projects/Plan-X/PlanX/Content/PlanX/WorkingTestPawn_BuiltData.uasset'
[2017.08.31-03.26.45:679][785]LogSavePackage: Display: Finished SavePackage ../../../../../Unreal Projects/Plan-X/PlanX/Content/PlanX/WorkingTestPawn_BuiltData.uasset
[2017.08.31-03.26.50:534][310]MapCheck: New page: Map Check
[2017.08.31-03.26.50:699][310]Cmd: MAP REBUILD ALLVISIBLE
[2017.08.31-03.26.50:699][310]LogEditorServer: Rebuildmap Clear paths rebuilt
[2017.08.31-03.26.50:885][310]LogMaterial: Missing cached shader map for material FDebugViewModeMaterialProxy WorldGridMaterial, compiling. Is special engine material.
[2017.08.31-03.26.50:908][310]LogMaterial: Missing cached shader map for material FDebugViewModeMaterialProxy DefaultMaterial, compiling. 
[2017.08.31-03.26.50:914][310]LogMaterial: Missing cached shader map for material FDebugViewModeMaterialProxy MaterialInstanceDynamic_2, compiling. 
[2017.08.31-03.26.50:922][310]LogMaterial: Missing cached shader map for material FDebugViewModeMaterialProxy MI_SmallCubes, compiling. 
[2017.08.31-03.26.50:929][310]LogMaterial: Missing cached shader map for material FDebugViewModeMaterialProxy MatineeCam_mat, compiling. 
[2017.08.31-03.26.51:885][310]TextureStreamingBuild: Display: Compiling optional shaders took 1.023 seconds.
[2017.08.31-03.26.51:950][310]LogLevel: Display: Export Material TexCoord Scales took 0.065 seconds.
[2017.08.31-03.26.51:955][310]TextureStreamingBuild: Display: Build Texture Streaming took 0.005 seconds.
[2017.08.31-03.26.51:988][310]LightingResults: New page: Lighting Build - Aug 30, 2017, 7:26:51 PM
[2017.08.31-03.26.52:166][310]LogSwarmInterface: [OpenConnection] Registering TCP channel ...
[2017.08.31-03.26.52:377][310]LogSwarmInterface: [OpenConnection] Connecting to agent ...
[2017.08.31-03.26.52:390][310]LogSwarmInterface: [TryOpenConnection] Testing the Agent
[2017.08.31-03.26.53:415][310]LogSwarmInterface: [TryOpenConnection] Opening Connection to Agent
[2017.08.31-03.26.53:415][310]LogSwarmInterface: [TryOpenConnection] Local Process ID is 13692
[2017.08.31-03.26.56:489][310]LogStaticLightingSystem: Warning: No importance volume found, so the scene bounding box was used.  You can optimize your scene's quality and lighting build times by adding importance volumes.
[2017.08.31-03.26.57:431][310]LogEditorBuildUtils: Build time 0:06
[2017.08.31-03.27.00:671][646]LogActorFactory: Actor Factory created Cube
[2017.08.31-03.27.00:693][646]LogMaterial: Missing cached shader map for material BasicShapeMaterial, compiling. 
[2017.08.31-03.27.02:992][844]LogActorFactory: Actor Factory created Cube
[2017.08.31-03.27.29:021][301]LogEditorViewport: Clicking on Component (LMB): StaticMeshComponent (StaticMeshComponent0)
[2017.08.31-03.27.47:195][790]LogMaterial: Missing cached shader map for material M_AssetPlatform, compiling. 
[2017.08.31-03.27.50:679][ 83]LogEditorViewport: Clicking on Actor (LMB): BP_Sky_Sphere_C (Sky Sphere)
[2017.08.31-03.27.51:586][157]LogEditorViewport: Clicking on Actor (LMB): StaticMeshActor (Cube)
[2017.08.31-03.28.02:204][ 48]LogContentBrowser: Native class hierarchy updated for 'MaterialEditor' in 0.0010 seconds. Added 1 classes and 0 folders.
[2017.08.31-03.28.02:227][ 48]LogMaterial: Missing cached shader map for material CubeMaterial, compiling. 
[2017.08.31-03.28.02:564][ 48]LogMaterial: Missing cached shader map for material CubeMaterial, compiling. 
[2017.08.31-03.28.02:612][ 48]LogMaterial: Missing cached shader map for material FMatExpressionPreview MaterialExpressionConstant3Vector_0, compiling. 
[2017.08.31-03.28.16:681][101]Cmd: TRANSACTION UNDO
[2017.08.31-03.28.16:681][101]LogEditorTransaction: Undo Edit Static Mesh
[2017.08.31-03.28.50:296][  5]LogMaterial: Missing cached shader map for material White, compiling. 
[2017.08.31-03.28.50:360][  5]LogMaterial: Missing cached shader map for material White, compiling. 
[2017.08.31-03.28.50:374][  5]LogMaterial: Missing cached shader map for material White, compiling. 
[2017.08.31-03.28.59:674][657]MaterialEditorStats: Base pass shader: 124 instructions
[2017.08.31-03.28.59:675][657]MaterialEditorStats: Vertex shader: 85 instructions
[2017.08.31-03.28.59:675][657]MaterialEditorStats: Texture samplers: 1/16
[2017.08.31-03.29.05:797][151]LogMaterial: Missing cached shader map for material White, compiling. 
[2017.08.31-03.29.05:825][151]LogMaterial: Missing cached shader map for material White, compiling. 
[2017.08.31-03.29.05:826][151]LogMaterial: Warning: Failed to compile Material /Engine/Transient.White for platform PCD3D_SM5, Default Material will be used in game.
[2017.08.31-03.29.05:826][151]LogMaterial: Warning: 	(Node Desaturation) Missing Desaturation input
[2017.08.31-03.29.05:846][151]MaterialEditorStats: Error: [SM5] (Node Desaturation) Missing Desaturation input
[2017.08.31-03.29.08:136][335]LogMaterial: Missing cached shader map for material FMatExpressionPreview MaterialExpressionDesaturation_0, compiling. 
[2017.08.31-03.29.16:355][ 39]LogMaterial: Missing cached shader map for material White, compiling. 
[2017.08.31-03.29.27:407][758]MaterialEditorStats: Base pass shader: 124 instructions
[2017.08.31-03.29.27:407][758]MaterialEditorStats: Vertex shader: 85 instructions
[2017.08.31-03.29.27:407][758]MaterialEditorStats: Texture samplers: 1/16
[2017.08.31-03.29.35:506][378]LogMaterial: Missing cached shader map for material White, compiling. 
[2017.08.31-03.29.35:518][378]LogMaterial: Missing cached shader map for material White, compiling. 
[2017.08.31-03.29.35:518][378]LogMaterial: Warning: Failed to compile Material /Engine/Transient.White for platform PCD3D_SM5, Default Material will be used in game.
[2017.08.31-03.29.35:518][378]LogMaterial: Warning: 	(Node Desaturation) Missing Desaturation input
[2017.08.31-03.29.35:522][378]MaterialEditorStats: Error: [SM5] (Node Desaturation) Missing Desaturation input
[2017.08.31-03.29.44:110][954]LogMaterial: Missing cached shader map for material FMatExpressionPreview MaterialExpressionDesaturation_1, compiling. 
[2017.08.31-03.29.53:329][680]LogMaterial: Missing cached shader map for material White, compiling. 
[2017.08.31-03.30.02:986][361]MaterialEditorStats: Base pass shader: 124 instructions
[2017.08.31-03.30.02:986][361]MaterialEditorStats: Vertex shader: 85 instructions
[2017.08.31-03.30.02:986][361]MaterialEditorStats: Texture samplers: 1/16
[2017.08.31-03.30.11:692][ 54]LogMaterial: Missing cached shader map for material White, compiling. 
[2017.08.31-03.30.11:705][ 54]LogMaterial: Missing cached shader map for material White, compiling. 
[2017.08.31-03.30.11:731][ 54]LogMaterial: Warning: Failed to compile Material /Engine/Transient.White for platform PCD3D_SM5, Default Material will be used in game.
[2017.08.31-03.30.11:731][ 54]LogMaterial: Warning: 	Only translucent materials can use the scene color node.
[2017.08.31-03.30.11:735][ 54]MaterialEditorStats: Error: [SM5] Only translucent materials can use the scene color node.
[2017.08.31-03.30.13:838][227]LogMaterial: Missing cached shader map for material FMatExpressionPreview MaterialExpressionSceneColor_0, compiling. 
[2017.08.31-03.30.16:068][415]LogMaterial: Missing cached shader map for material White, compiling. 
[2017.08.31-03.30.21:493][815]LogMaterial: Missing cached shader map for material White, compiling. 
[2017.08.31-03.30.23:381][955]LogMaterial: Missing cached shader map for material White, compiling. 
[2017.08.31-03.30.23:769][983]LogMaterial: Missing cached shader map for material White, compiling. 
[2017.08.31-03.30.30:968][512]MaterialEditorStats: Base pass shader: 124 instructions
[2017.08.31-03.30.30:968][512]MaterialEditorStats: Vertex shader: 85 instructions
[2017.08.31-03.30.30:968][512]MaterialEditorStats: Texture samplers: 1/16
[2017.08.31-03.30.42:777][502]LogMaterial: Missing cached shader map for material White, compiling. 
[2017.08.31-03.30.42:792][502]LogMaterial: Missing cached shader map for material FMatExpressionPreview MaterialExpressionCustom_0, compiling. 
[2017.08.31-03.30.50:213][ 63]LogMaterial: Missing cached shader map for material White, compiling. 
[2017.08.31-03.30.57:948][629]MaterialEditorStats: Base pass shader: 124 instructions
[2017.08.31-03.30.57:948][629]MaterialEditorStats: Vertex shader: 85 instructions
[2017.08.31-03.30.57:948][629]MaterialEditorStats: Texture samplers: 1/16
[2017.08.31-03.32.48:895][657]LogMaterial: Missing cached shader map for material White, compiling. 
[2017.08.31-03.32.48:907][657]LogMaterial: Missing cached shader map for material White, compiling. 
[2017.08.31-03.32.56:831][299]MaterialEditorStats: Base pass shader: 125 instructions
[2017.08.31-03.32.56:831][299]MaterialEditorStats: Vertex shader: 85 instructions
[2017.08.31-03.32.56:831][299]MaterialEditorStats: Texture samplers: 1/16
[2017.08.31-03.33.00:646][633]LogMaterial: Missing cached shader map for material White, compiling. 
[2017.08.31-03.33.00:658][633]LogMaterial: Missing cached shader map for material White, compiling. 
[2017.08.31-03.33.07:347][169]MaterialEditorStats: Base pass shader: 124 instructions
[2017.08.31-03.33.07:347][169]MaterialEditorStats: Vertex shader: 85 instructions
[2017.08.31-03.33.07:347][169]MaterialEditorStats: Texture samplers: 1/16
[2017.08.31-03.33.52:994][127]LogMaterial: Missing cached shader map for material White, compiling. 
[2017.08.31-03.33.55:405][314]LogMaterial: Missing cached shader map for material White, compiling. 
[2017.08.31-03.34.00:304][680]MaterialEditorStats: Base pass shader: 124 instructions
[2017.08.31-03.34.00:304][680]MaterialEditorStats: Vertex shader: 85 instructions
[2017.08.31-03.34.00:304][680]MaterialEditorStats: Texture samplers: 1/16
[2017.08.31-03.34.27:171][945]LogMaterial: Missing cached shader map for material M_Wood_Walnut, compiling. 
[2017.08.31-03.34.38:124][694]LogEditorViewport: Clicking on Actor (LMB): StaticMeshActor (Floor)
[2017.08.31-03.34.38:618][739]LogEditorViewport: Clicking on Actor (LMB): BP_Sky_Sphere_C (Sky Sphere)
[2017.08.31-03.34.39:087][783]LogEditorViewport: Clicking on Actor (LMB): StaticMeshActor (Cube)
[2017.08.31-03.34.48:959][720]Cmd: TRANSACTION UNDO
[2017.08.31-03.34.48:960][720]LogEditorTransaction: Undo Clicking on Actors
[2017.08.31-03.34.49:835][795]Cmd: TRANSACTION UNDO
[2017.08.31-03.34.49:835][795]LogEditorTransaction: Undo Clicking on Actors
[2017.08.31-03.34.50:320][838]Cmd: TRANSACTION UNDO
[2017.08.31-03.34.50:321][838]LogEditorTransaction: Undo Clicking on Actors
[2017.08.31-03.34.51:055][906]Cmd: TRANSACTION UNDO
[2017.08.31-03.34.51:055][906]LogEditorTransaction: Undo Replace component used material
[2017.08.31-03.35.00:935][787]LogMaterial: Missing cached shader map for material T_Wood_Pine_Mat, compiling. 
[2017.08.31-03.35.03:990][ 50]Cmd: TRANSACTION UNDO
[2017.08.31-03.35.03:990][ 50]LogEditorTransaction: Undo Create Actors
[2017.08.31-03.35.06:258][255]Cmd: TRANSACTION UNDO
[2017.08.31-03.35.06:258][255]LogEditorTransaction: Undo Material Editor: Delete
[2017.08.31-03.35.06:262][255]LogMaterial: Missing cached shader map for material White, compiling. 
[2017.08.31-03.35.06:824][306]Cmd: TRANSACTION UNDO
[2017.08.31-03.35.06:824][306]LogEditorTransaction: Undo Material Editor: Delete
[2017.08.31-03.35.06:827][306]LogMaterial: Missing cached shader map for material White, compiling. 
[2017.08.31-03.35.07:241][344]Cmd: TRANSACTION UNDO
[2017.08.31-03.35.07:241][344]LogEditorTransaction: Undo Material Editor: New Expression
[2017.08.31-03.35.07:246][344]LogMaterial: Missing cached shader map for material White, compiling. 
[2017.08.31-03.35.07:545][370]Cmd: TRANSACTION UNDO
[2017.08.31-03.35.07:545][370]LogEditorTransaction: Undo Material Editor: New Expression
[2017.08.31-03.35.07:548][370]LogMaterial: Missing cached shader map for material White, compiling. 
[2017.08.31-03.35.07:780][391]Cmd: TRANSACTION UNDO
[2017.08.31-03.35.07:780][391]LogEditorTransaction: Undo Material Editor: Delete
[2017.08.31-03.35.07:810][391]LogMaterial: Missing cached shader map for material White, compiling. 
[2017.08.31-03.35.08:003][406]Cmd: TRANSACTION UNDO
[2017.08.31-03.35.08:003][406]LogEditorTransaction: Undo Material Editor: New Expression
[2017.08.31-03.35.08:006][406]LogMaterial: Missing cached shader map for material White, compiling. 
[2017.08.31-03.35.08:242][425]Cmd: TRANSACTION UNDO
[2017.08.31-03.35.08:242][425]LogEditorTransaction: Undo Material Editor: Delete
[2017.08.31-03.35.08:245][425]LogMaterial: Missing cached shader map for material White, compiling. 
[2017.08.31-03.35.08:246][425]LogMaterial: Warning: Failed to compile Material /Engine/Transient.White for platform PCD3D_SM5, Default Material will be used in game.
[2017.08.31-03.35.08:246][425]LogMaterial: Warning: 	Only translucent materials can use the scene color node.
[2017.08.31-03.35.08:480][444]Cmd: TRANSACTION UNDO
[2017.08.31-03.35.08:480][444]LogEditorTransaction: Undo Move Node
[2017.08.31-03.35.08:721][464]Cmd: TRANSACTION UNDO
[2017.08.31-03.35.08:721][464]LogEditorTransaction: Undo Material Editor: Toggle Collapsed
[2017.08.31-03.35.08:948][482]Cmd: TRANSACTION UNDO
[2017.08.31-03.35.08:948][482]LogEditorTransaction: Undo Material Editor: Toggle Collapsed
[2017.08.31-03.35.09:172][501]Cmd: TRANSACTION UNDO
[2017.08.31-03.35.09:173][501]LogEditorTransaction: Undo Material Editor: New Expression
[2017.08.31-03.35.09:176][501]LogMaterial: Missing cached shader map for material White, compiling. 
[2017.08.31-03.35.09:405][520]Cmd: TRANSACTION UNDO
[2017.08.31-03.35.09:405][520]LogEditorTransaction: Undo Material Editor: Delete
[2017.08.31-03.35.09:409][520]LogMaterial: Missing cached shader map for material White, compiling. 
[2017.08.31-03.35.09:409][520]LogMaterial: Warning: Failed to compile Material /Engine/Transient.White for platform PCD3D_SM5, Default Material will be used in game.
[2017.08.31-03.35.09:409][520]LogMaterial: Warning: 	(Node Desaturation) Missing Desaturation input
[2017.08.31-03.35.10:114][586]Cmd: TRANSACTION UNDO
[2017.08.31-03.35.10:114][586]LogEditorTransaction: Undo Material Editor: Toggle Collapsed
[2017.08.31-03.35.10:418][612]Cmd: TRANSACTION UNDO
[2017.08.31-03.35.10:419][612]LogEditorTransaction: Undo Create Pin Link
[2017.08.31-03.35.10:650][631]Cmd: TRANSACTION UNDO
[2017.08.31-03.35.10:650][631]LogEditorTransaction: Undo Create Pin Link
[2017.08.31-03.35.11:213][688]Cmd: TRANSACTION UNDO
[2017.08.31-03.35.11:213][688]LogEditorTransaction: Undo Create Pin Link
[2017.08.31-03.35.11:832][752]Cmd: TRANSACTION UNDO
[2017.08.31-03.35.11:832][752]LogEditorTransaction: Undo Create Pin Link
[2017.08.31-03.35.12:407][812]Cmd: TRANSACTION UNDO
[2017.08.31-03.35.12:407][812]LogEditorTransaction: Undo Material Editor: Toggle Collapsed
[2017.08.31-03.35.12:816][852]Cmd: TRANSACTION UNDO
[2017.08.31-03.35.12:816][852]LogEditorTransaction: Undo Create Pin Link
[2017.08.31-03.35.13:275][900]Cmd: TRANSACTION UNDO
[2017.08.31-03.35.13:275][900]LogEditorTransaction: Undo Material Editor: New Expression
[2017.08.31-03.35.13:278][900]LogMaterial: Missing cached shader map for material White, compiling. 
[2017.08.31-03.35.13:740][941]Cmd: TRANSACTION UNDO
[2017.08.31-03.35.13:740][941]LogEditorTransaction: Undo Material Editor: Delete
[2017.08.31-03.35.13:744][941]LogMaterial: Missing cached shader map for material White, compiling. 
[2017.08.31-03.35.13:744][941]LogMaterial: Warning: Failed to compile Material /Engine/Transient.White for platform PCD3D_SM5, Default Material will be used in game.
[2017.08.31-03.35.13:744][941]LogMaterial: Warning: 	(Node Desaturation) Missing Desaturation input
[2017.08.31-03.35.14:021][965]Cmd: TRANSACTION UNDO
[2017.08.31-03.35.14:021][965]LogEditorTransaction: Undo Material Editor: Toggle Collapsed
[2017.08.31-03.35.14:243][983]Cmd: TRANSACTION UNDO
[2017.08.31-03.35.14:243][983]LogEditorTransaction: Undo Move Node
[2017.08.31-03.35.14:546][  9]Cmd: TRANSACTION UNDO
[2017.08.31-03.35.14:546][  9]LogEditorTransaction: Undo Create Pin Link
[2017.08.31-03.35.14:839][ 37]Cmd: TRANSACTION UNDO
[2017.08.31-03.35.14:839][ 37]LogEditorTransaction: Undo Material Editor: Toggle Collapsed
[2017.08.31-03.35.15:113][ 64]Cmd: TRANSACTION UNDO
[2017.08.31-03.35.15:113][ 64]LogEditorTransaction: Undo Material Editor: New Expression
[2017.08.31-03.35.15:117][ 64]LogMaterial: Missing cached shader map for material White, compiling. 
[2017.08.31-03.35.15:406][ 90]Cmd: TRANSACTION UNDO
[2017.08.31-03.35.15:406][ 90]LogEditorTransaction: Undo Create Pin Link
[2017.08.31-03.35.15:694][115]Cmd: TRANSACTION UNDO
[2017.08.31-03.35.15:694][115]LogEditorTransaction: Undo Create Pin Link
[2017.08.31-03.35.15:945][137]Cmd: TRANSACTION UNDO
[2017.08.31-03.35.15:945][137]LogEditorTransaction: Undo Create Pin Link
[2017.08.31-03.35.16:271][168]Cmd: TRANSACTION UNDO
[2017.08.31-03.35.16:271][168]LogEditorTransaction: Undo Replace component used material
[2017.08.31-03.35.16:625][200]Cmd: TRANSACTION UNDO
[2017.08.31-03.35.16:625][200]LogEditorTransaction: Undo Replace component used material
[2017.08.31-03.35.17:071][242]Cmd: TRANSACTION UNDO
[2017.08.31-03.35.17:071][242]LogEditorTransaction: Undo Replace component used material
[2017.08.31-03.35.17:563][286]Cmd: TRANSACTION UNDO
[2017.08.31-03.35.17:563][286]LogEditorTransaction: Undo Clicking on Actors
[2017.08.31-03.35.17:927][315]Cmd: TRANSACTION UNDO
[2017.08.31-03.35.17:928][315]LogEditorTransaction: Undo Clicking on Actors
[2017.08.31-03.35.18:271][344]Cmd: TRANSACTION UNDO
[2017.08.31-03.35.18:271][344]LogEditorTransaction: Undo Replace component used material
[2017.08.31-03.35.18:499][362]Cmd: TRANSACTION UNDO
[2017.08.31-03.35.18:499][362]LogEditorTransaction: Undo Replace component used material
[2017.08.31-03.35.18:711][379]Cmd: TRANSACTION UNDO
[2017.08.31-03.35.18:711][379]LogEditorTransaction: Undo Replace component used material
[2017.08.31-03.35.18:925][397]Cmd: TRANSACTION UNDO
[2017.08.31-03.35.18:925][397]LogEditorTransaction: Undo Edit Static Mesh
[2017.08.31-03.35.19:137][414]Cmd: TRANSACTION UNDO
[2017.08.31-03.35.19:137][414]LogEditorTransaction: Undo Edit Static Mesh
[2017.08.31-03.35.19:546][452]Cmd: TRANSACTION UNDO
[2017.08.31-03.35.19:546][452]LogEditorTransaction: Undo Edit Static Mesh
[2017.08.31-03.35.19:791][477]Cmd: TRANSACTION UNDO
[2017.08.31-03.35.19:791][477]LogEditorTransaction: Undo Clicking on Components
[2017.08.31-03.35.20:012][499]Cmd: TRANSACTION UNDO
[2017.08.31-03.35.20:012][499]LogEditorTransaction: Undo Remove Components
[2017.08.31-03.35.20:236][519]Cmd: TRANSACTION UNDO
[2017.08.31-03.35.20:236][519]LogEditorTransaction: Undo Clicking on Component (tree view)
[2017.08.31-03.35.20:479][540]Cmd: TRANSACTION UNDO
[2017.08.31-03.35.20:479][540]LogEditorTransaction: Undo Clicking on Component (tree view)
[2017.08.31-03.35.20:730][562]Cmd: TRANSACTION UNDO
[2017.08.31-03.35.20:730][562]LogEditorTransaction: Undo Add Component
[2017.08.31-03.35.21:118][599]Cmd: TRANSACTION UNDO
[2017.08.31-03.35.21:118][599]LogEditorTransaction: Undo Move Actors
[2017.08.31-03.35.22:418][738]Cmd: TRANSACTION REDO
[2017.08.31-03.35.22:418][738]LogEditorTransaction: Redo Move Actors
[2017.08.31-03.35.24:317][940]LogEditorViewport: Clicking on Actor (LMB): BP_Sky_Sphere_C (Sky Sphere)
[2017.08.31-03.35.25:356][ 41]LogEditorViewport: Clicking on Actor (LMB): StaticMeshActor (Cube)
[2017.08.31-03.35.26:412][144]LogEditorViewport: Clicking on Actor (LMB): BP_Sky_Sphere_C (Sky Sphere)
[2017.08.31-03.35.27:209][222]LogEditorViewport: Clicking on Actor (LMB): BP_PickupCube_C (EditorCube36)
[2017.08.31-03.35.33:623][870]LogEditorViewport: Clicking on Actor (LMB): BP_Sky_Sphere_C (Sky Sphere)
[2017.08.31-03.35.44:578][994]LogEditorViewport: Clicking on Actor (LMB): StaticMeshActor (Cube)
[2017.08.31-03.35.52:387][802]LogEditorViewport: Clicking on Actor (LMB): BP_PickupCube_C (EditorCube36)
[2017.08.31-03.36.17:858][347]LogEditorViewport: Clicking on Actor (LMB): BP_Sky_Sphere_C (Sky Sphere)
[2017.08.31-03.36.18:968][461]LogEditorViewport: Clicking on Actor (LMB): BP_PickupCube_C (EditorCube36)
[2017.08.31-03.36.25:445][ 94]LogEditorViewport: Clicking on Actor (LMB): BP_Sky_Sphere_C (Sky Sphere)
[2017.08.31-03.36.26:421][193]LogEditorViewport: Clicking on Actor (LMB): BP_PickupCube_C (EditorCube36)
[2017.08.31-03.36.27:000][249]LogEditorViewport: Clicking on Actor (LMB): BP_Sky_Sphere_C (Sky Sphere)
[2017.08.31-03.36.27:631][311]LogEditorViewport: Clicking on Actor (LMB): BP_PickupCube_C (EditorCube36)
[2017.08.31-03.36.30:296][581]Cmd: EDIT COPY
[2017.08.31-03.36.30:747][626]Cmd: EDIT PASTE
[2017.08.31-03.36.37:365][305]Cmd: EDIT COPY
[2017.08.31-03.36.37:773][346]Cmd: EDIT PASTE
[2017.08.31-03.36.42:946][886]LogEditorViewport: Clicking on Actor (LMB): BP_Sky_Sphere_C (Sky Sphere)
[2017.08.31-03.36.47:902][422]LogEditorViewport: Clicking on Actor (LMB): BP_PickupCube_C (EditorCube37)
[2017.08.31-03.36.49:009][538]Cmd: EDIT COPY
[2017.08.31-03.36.49:451][585]Cmd: EDIT PASTE
[2017.08.31-03.37.36:306][277]Cmd: DELETE
[2017.08.31-03.37.36:306][277]Cmd: ACTOR DELETE
[2017.08.31-03.37.36:329][277]LogEditorActor: Deleted Actor: BP_PickupCube_C
[2017.08.31-03.37.36:367][277]LogEditorActor: Deleted 1 Actors (0.044 secs)
[2017.08.31-03.37.37:831][450]LogEditorViewport: Clicking on Actor (LMB): BP_PickupCube_C (EditorCube37)
[2017.08.31-03.37.38:966][571]Cmd: EDIT COPY
[2017.08.31-03.37.39:326][610]Cmd: EDIT PASTE
[2017.08.31-03.37.48:488][483]LogMaterial: Missing cached shader map for material M_SkyBox, compiling. 
[2017.08.31-03.38.09:201][435]LogEditorViewport: Clicking on Actor (LMB): BP_Sky_Sphere_C (Sky Sphere)
[2017.08.31-03.38.10:933][614]LogEditorViewport: Clicking on Actor (LMB): BP_PickupCube_C (EditorCube39)
[2017.08.31-03.38.14:493][970]LogEditorViewport: Clicking on Actor (LMB): BP_Sky_Sphere_C (Sky Sphere)
[2017.08.31-03.38.16:062][129]LogEditorViewport: Clicking on Actor (LMB): BP_PickupCube_C (EditorCube39)
[2017.08.31-03.38.22:188][727]LogEditorViewport: Clicking on Actor (LMB): BP_Sky_Sphere_C (Sky Sphere)
[2017.08.31-03.38.23:077][820]LogEditorViewport: Clicking on Actor (LMB): BP_PickupCube_C (EditorCube39)
[2017.08.31-03.38.24:367][956]Cmd: EDIT COPY
[2017.08.31-03.38.25:030][ 29]Cmd: EDIT PASTE
[2017.08.31-03.38.29:461][495]LogEditorViewport: Clicking on Actor (LMB): BP_PickupCube_C (EditorCube40)
[2017.08.31-03.38.30:284][583]Cmd: EDIT COPY
[2017.08.31-03.38.30:713][630]Cmd: EDIT PASTE
[2017.08.31-03.38.35:148][ 97]LogEditorViewport: Clicking on Actor (LMB): BP_Sky_Sphere_C (Sky Sphere)
[2017.08.31-03.38.40:734][658]LogPlayLevel: PlayLevel: No blueprints needed recompiling
[2017.08.31-03.38.40:734][658]PIE: New page: PIE session: WorkingTestPawn (Aug 30, 2017, 7:38:40 PM)
[2017.08.31-03.38.40:734][658]LogPlayLevel: Creating play world package: /Game/PlanX/UEDPIE_0_WorkingTestPawn
[2017.08.31-03.38.40:759][658]LogPlayLevel: PIE: StaticDuplicateObject took: (0.025007s)
[2017.08.31-03.38.40:760][658]LogAIModule: Creating AISystem for world WorkingTestPawn
[2017.08.31-03.38.40:761][658]LogPlayLevel: PIE: World Init took: (0.001169s)
[2017.08.31-03.38.40:761][658]LogPlayLevel: PIE: Created PIE world by copying editor world from /Game/PlanX/WorkingTestPawn.WorkingTestPawn to /Game/PlanX/UEDPIE_0_WorkingTestPawn.WorkingTestPawn (0.026416s)
[2017.08.31-03.38.40:788][658]LogInit: XAudio2 using 'REAL SPEAKERS!!!!!!!!!! (Realtek High Definition Audio)' : 2 channels at 48 kHz using 32 bits per sample (channel mask 0x3)
[2017.08.31-03.38.40:798][658]LogInit: FAudioDevice initialized.
[2017.08.31-03.38.40:895][658]LogUObjectGlobals: Warning: Failed to find object 'Class None.'
[2017.08.31-03.38.40:895][658]LogLoad: Game class is 'GameModeBase'
[2017.08.31-03.38.40:897][658]LogWorld: Bringing World /Game/PlanX/UEDPIE_0_WorkingTestPawn.WorkingTestPawn up for play (max tick rate 0) at 2017.08.30-23.38.40
[2017.08.31-03.38.40:898][658]LogWorld: Bringing up level for play took: 0.001812
[2017.08.31-03.38.40:976][658]PIE: Play in editor start time for /Game/PlanX/UEDPIE_0_WorkingTestPawn -0.159
[2017.08.31-03.40.09:025][544]LogEditorViewport: Clicking on Actor (LMB): StaticMeshActor (Cube)
[2017.08.31-03.40.10:267][672]LogEditorViewport: Clicking on Actor (LMB): BP_PickupCube_C (EditorCube40)
[2017.08.31-03.40.36:221][314]LogPlayLevel: PlayLevel: No blueprints needed recompiling
[2017.08.31-03.40.36:222][314]PIE: New page: PIE session: WorkingTestPawn (Aug 30, 2017, 7:40:36 PM)
[2017.08.31-03.40.36:222][314]LogPlayLevel: Creating play world package: /Game/PlanX/UEDPIE_0_WorkingTestPawn
[2017.08.31-03.40.36:224][314]LogPlayLevel: PIE: StaticDuplicateObject took: (0.002302s)
[2017.08.31-03.40.36:225][314]LogAIModule: Creating AISystem for world WorkingTestPawn
[2017.08.31-03.40.36:225][314]LogPlayLevel: PIE: World Init took: (0.000725s)
[2017.08.31-03.40.36:225][314]LogPlayLevel: PIE: Created PIE world by copying editor world from /Game/PlanX/WorkingTestPawn.WorkingTestPawn to /Game/PlanX/UEDPIE_0_WorkingTestPawn.WorkingTestPawn (0.003279s)
[2017.08.31-03.40.36:251][314]LogInit: XAudio2 using 'REAL SPEAKERS!!!!!!!!!! (Realtek High Definition Audio)' : 2 channels at 48 kHz using 32 bits per sample (channel mask 0x3)
[2017.08.31-03.40.36:260][314]LogInit: FAudioDevice initialized.
[2017.08.31-03.40.36:357][314]LogUObjectGlobals: Warning: Failed to find object 'Class None.'
[2017.08.31-03.40.36:357][314]LogLoad: Game class is 'GameModeBase'
[2017.08.31-03.40.36:359][314]LogWorld: Bringing World /Game/PlanX/UEDPIE_0_WorkingTestPawn.WorkingTestPawn up for play (max tick rate 0) at 2017.08.30-23.40.36
[2017.08.31-03.40.36:359][314]LogWorld: Bringing up level for play took: 0.001713
[2017.08.31-03.40.36:361][314]LogBlueprint: Warning: SetRelativeScale3D : Invalid Scale entered (X=-nan(ind) Y=-nan(ind) Z=70.000). Resetting to 1.f.
[2017.08.31-03.40.36:362][314]LogBlueprint: Warning: SetRelativeScale3D : Invalid Scale entered (X=-nan(ind) Y=-nan(ind) Z=70.000). Resetting to 1.f.
[2017.08.31-03.40.36:371][314]PIE: Play in editor start time for /Game/PlanX/UEDPIE_0_WorkingTestPawn -0.764
[2017.08.31-03.41.49:781][887]LogEditorViewport: Clicking on Actor (LMB): BP_PickupCube_C (EditorCube41)
[2017.08.31-03.41.55:826][492]LogEditorViewport: Clicking on Actor (LMB): StaticMeshActor (Cube)
[2017.08.31-03.41.56:506][560]LogEditorViewport: Clicking on Actor (LMB): BP_PickupCube_C (EditorCube39)
[2017.08.31-03.42.25:337][520]LogSavePackage: Save=55.59ms
[2017.08.31-03.42.25:337][520]LogSavePackage: Moving '../../../../../Unreal Projects/Plan-X/PlanX/Saved/WorkingTestPawn_Auto11F7576FD4539AB82250976883BFDE9B2.tmp' to '../../../../../Unreal Projects/Plan-X/PlanX/Saved/Autosaves/Game/PlanX/WorkingTestPawn_Auto1.umap'
[2017.08.31-03.42.25:338][520]LogSavePackage: Display: Finished SavePackage ../../../../../Unreal Projects/Plan-X/PlanX/Saved/Autosaves/Game/PlanX/WorkingTestPawn_Auto1.umap
[2017.08.31-03.42.25:340][520]LogFileHelpers: Editor autosave (incl. sublevels) for '/Game/PlanX/WorkingTestPawn' took 0.139
[2017.08.31-03.42.25:340][520]LogFileHelpers: Editor autosave (incl. sublevels) for all levels took 0.139
[2017.08.31-03.42.25:357][520]OBJ SavePackage: Generating thumbnails for [1] asset(s) in package [/Game/PlanX/Materials/Elements/White] ([1] browsable assets)...
[2017.08.31-03.42.25:391][520]OBJ SavePackage:     Rendered thumbnail for [Material /Game/PlanX/Materials/Elements/White.White]
[2017.08.31-03.42.25:391][520]OBJ SavePackage: Finished generating thumbnails for package [/Game/PlanX/Materials/Elements/White]
[2017.08.31-03.42.25:424][520]LogSavePackage: Save=30.37ms
[2017.08.31-03.42.25:424][520]LogSavePackage: Moving '../../../../../Unreal Projects/Plan-X/PlanX/Saved/White_Auto1CE1FDDDF4DC9EE81E523BEB9E1C87CF7.tmp' to '../../../../../Unreal Projects/Plan-X/PlanX/Saved/Autosaves/Game/PlanX/Materials/Elements/White_Auto1.uasset'
[2017.08.31-03.42.25:425][520]LogSavePackage: Display: Finished SavePackage ../../../../../Unreal Projects/Plan-X/PlanX/Saved/Autosaves/Game/PlanX/Materials/Elements/White_Auto1.uasset
[2017.08.31-03.42.25:425][520]LogFileHelpers: Auto-saving content packages took 0.084
[2017.08.31-03.43.31:790][565]LogEditorViewport: Clicking on Actor (LMB): StaticMeshActor (Floor)
[2017.08.31-03.43.32:552][643]LogEditorViewport: Clicking on Actor (LMB): BP_Sky_Sphere_C (Sky Sphere)
[2017.08.31-03.43.33:609][751]LogEditorViewport: Clicking on Actor (LMB): StaticMeshActor (Cube)
[2017.08.31-03.43.34:633][857]LogEditorViewport: Clicking on Actor (LMB): BP_PickupCube_C (EditorCube37)
[2017.08.31-03.43.36:058][  4]Cmd: EDIT COPY
[2017.08.31-03.43.36:764][ 77]Cmd: EDIT PASTE
[2017.08.31-03.43.55:492][938]LogEditorViewport: Clicking on Actor (LMB): BP_Sky_Sphere_C (Sky Sphere)
[2017.08.31-03.44.01:690][580]LogEditorViewport: Clicking on Actor (LMB): StaticMeshActor (Cube)
[2017.08.31-03.44.03:103][720]Cmd: EDIT COPY
[2017.08.31-03.44.03:565][768]Cmd: EDIT PASTE
[2017.08.31-03.44.24:097][845]LogEditorViewport: Clicking on Actor (LMB): StaticMeshActor (Cube2)
[2017.08.31-03.45.01:439][636]LogEditorViewport: Clicking on Actor (LMB): StaticMeshActor (Cube2)
[2017.08.31-03.45.01:903][682]LogEditorViewport: Clicking on Actor (LMB): StaticMeshActor (Cube2)
[2017.08.31-03.45.02:528][745]LogEditorViewport: Clicking on Actor (LMB): BP_Sky_Sphere_C (Sky Sphere)
[2017.08.31-03.45.03:166][805]LogEditorViewport: Clicking on Actor (LMB): StaticMeshActor (Cube2)
[2017.08.31-03.45.04:179][907]Cmd: EDIT COPY
[2017.08.31-03.45.04:587][950]Cmd: EDIT PASTE
[2017.08.31-03.45.18:473][384]LogEditorViewport: Clicking on Actor (LMB): StaticMeshActor (Cube3)
[2017.08.31-03.45.18:873][424]LogEditorViewport: Clicking on Actor (LMB): BP_Sky_Sphere_C (Sky Sphere)
[2017.08.31-03.45.19:584][494]LogEditorViewport: Clicking on Actor (LMB): StaticMeshActor (Cube3)
[2017.08.31-03.45.21:546][694]Cmd: EDIT COPY
[2017.08.31-03.45.21:936][734]Cmd: EDIT PASTE
[2017.08.31-03.45.42:727][835]LogEditorViewport: Clicking on Actor (LMB): BP_Sky_Sphere_C (Sky Sphere)
[2017.08.31-03.45.54:372][ 16]LogEditorActor: Deleted Actor: Pawn
[2017.08.31-03.45.54:389][ 16]LogEditorActor: Deleted 1 Actors (0.018 secs)
[2017.08.31-03.46.05:885][353]LogActorFactory: Actor Factory created Cylinder
[2017.08.31-03.46.06:876][454]LogActorFactory: Actor Factory created Cylinder
[2017.08.31-03.46.21:192][864]LogEditorViewport: Clicking on Actor (LMB): BP_Sky_Sphere_C (Sky Sphere)
[2017.08.31-03.46.22:365][983]LogEditorViewport: Clicking on Actor (LMB): StaticMeshActor (Cylinder)
[2017.08.31-03.46.35:946][376]LogEditorViewport: Clicking on Actor (LMB): BP_Sky_Sphere_C (Sky Sphere)
[2017.08.31-03.46.37:047][485]LogEditorViewport: Clicking on Actor (LMB): StaticMeshActor (Cylinder)
[2017.08.31-03.46.41:320][913]LogEditorViewport: Clicking on Actor (LMB): BP_Sky_Sphere_C (Sky Sphere)
[2017.08.31-03.46.42:313][ 14]LogEditorViewport: Clicking on Actor (LMB): StaticMeshActor (Cylinder)
[2017.08.31-03.46.43:054][ 85]Cmd: EDIT COPY
[2017.08.31-03.46.43:446][124]Cmd: EDIT PASTE
[2017.08.31-03.46.48:485][640]LogEditorViewport: Clicking on Actor (LMB): BP_Sky_Sphere_C (Sky Sphere)
[2017.08.31-03.46.49:664][755]LogEditorViewport: Clicking on Actor (LMB): StaticMeshActor (Cylinder2)
[2017.08.31-03.46.50:802][868]Cmd: EDIT COPY
[2017.08.31-03.46.51:214][911]Cmd: EDIT PASTE
[2017.08.31-03.46.55:085][318]LogEditorViewport: Clicking on Actor (LMB): StaticMeshActor (Cylinder3)
[2017.08.31-03.46.55:789][393]Cmd: EDIT COPY
[2017.08.31-03.46.56:154][431]Cmd: EDIT PASTE
[2017.08.31-03.46.59:894][816]LogEditorViewport: Clicking on Actor (LMB): StaticMeshActor (Cylinder4)
[2017.08.31-03.47.00:674][896]Cmd: EDIT COPY
[2017.08.31-03.47.01:053][935]Cmd: EDIT PASTE
[2017.08.31-03.47.04:119][246]Cmd: EDIT COPY
[2017.08.31-03.47.04:467][282]Cmd: EDIT PASTE
[2017.08.31-03.47.07:761][622]LogEditorViewport: Clicking on Actor (LMB): StaticMeshActor (Cylinder2)
[2017.08.31-03.47.10:988][957]LogEditorViewport: Clicking on Actor (LMB): StaticMeshActor (Cylinder3)
[2017.08.31-03.47.13:085][175]LogEditorViewport: Clicking on Actor (LMB): StaticMeshActor (Cylinder5)
[2017.08.31-03.47.15:602][430]LogEditorViewport: Clicking on Actor (LMB): StaticMeshActor (Cylinder4)
[2017.08.31-03.47.17:799][651]LogEditorViewport: Clicking on Actor (LMB): StaticMeshActor (Cylinder6)
[2017.08.31-03.47.22:476][138]Cmd: EDIT COPY
[2017.08.31-03.47.23:124][206]Cmd: EDIT PASTE
[2017.08.31-03.47.27:184][618]Cmd: EDIT COPY
[2017.08.31-03.47.27:545][656]Cmd: EDIT PASTE
[2017.08.31-03.47.29:573][860]Cmd: EDIT COPY
[2017.08.31-03.47.29:919][895]Cmd: EDIT PASTE
[2017.08.31-03.47.31:747][ 78]Cmd: EDIT PASTE
[2017.08.31-03.47.35:235][435]LogEditorViewport: Clicking on Actor (LMB): BP_Sky_Sphere_C (Sky Sphere)
[2017.08.31-03.47.36:605][573]LogEditorViewport: Clicking on Actor (LMB): StaticMeshActor (Cylinder)
[2017.08.31-03.47.37:442][653]LogEditorViewport: Clicking on Actor (LMB): StaticMeshActor (Cylinder2)
[2017.08.31-03.47.38:537][762]LogEditorViewport: Clicking on Actor (LMB): StaticMeshActor (Cylinder3)
[2017.08.31-03.47.39:547][861]LogEditorViewport: Clicking on Actor (LMB): StaticMeshActor (Cylinder5)
[2017.08.31-03.47.39:996][901]LogEditorViewport: Clicking on Actor (LMB): StaticMeshActor (Cylinder4)
[2017.08.31-03.47.40:509][948]LogEditorViewport: Clicking on Actor (LMB): StaticMeshActor (Cylinder6)
[2017.08.31-03.47.41:324][ 27]LogEditorViewport: Clicking on Actor (LMB): StaticMeshActor (Cylinder7)
[2017.08.31-03.47.41:751][ 66]LogEditorViewport: Clicking on Actor (LMB): StaticMeshActor (Cylinder8)
[2017.08.31-03.47.42:377][127]LogEditorViewport: Clicking on Actor (LMB): StaticMeshActor (Cylinder9)
[2017.08.31-03.47.42:864][172]LogEditorViewport: Clicking on Actor (LMB): StaticMeshActor (Cylinder10)
[2017.08.31-03.47.45:523][434]LogPlayLevel: PlayLevel: No blueprints needed recompiling
[2017.08.31-03.47.45:523][434]PIE: New page: PIE session: WorkingTestPawn (Aug 30, 2017, 7:47:45 PM)
[2017.08.31-03.47.45:523][434]LogPlayLevel: Creating play world package: /Game/PlanX/UEDPIE_0_WorkingTestPawn
[2017.08.31-03.47.45:526][434]LogPlayLevel: PIE: StaticDuplicateObject took: (0.003028s)
[2017.08.31-03.47.45:527][434]LogAIModule: Creating AISystem for world WorkingTestPawn
[2017.08.31-03.47.45:527][434]LogPlayLevel: PIE: World Init took: (0.001148s)
[2017.08.31-03.47.45:527][434]LogPlayLevel: PIE: Created PIE world by copying editor world from /Game/PlanX/WorkingTestPawn.WorkingTestPawn to /Game/PlanX/UEDPIE_0_WorkingTestPawn.WorkingTestPawn (0.004451s)
[2017.08.31-03.47.45:560][434]LogInit: XAudio2 using 'REAL SPEAKERS!!!!!!!!!! (Realtek High Definition Audio)' : 2 channels at 48 kHz using 32 bits per sample (channel mask 0x3)
[2017.08.31-03.47.45:570][434]LogInit: FAudioDevice initialized.
[2017.08.31-03.47.45:665][434]LogUObjectGlobals: Warning: Failed to find object 'Class None.'
[2017.08.31-03.47.45:665][434]LogLoad: Game class is 'GameModeBase'
[2017.08.31-03.47.45:668][434]LogWorld: Bringing World /Game/PlanX/UEDPIE_0_WorkingTestPawn.WorkingTestPawn up for play (max tick rate 0) at 2017.08.30-23.47.45
[2017.08.31-03.47.45:668][434]LogWorld: Bringing up level for play took: 0.002295
[2017.08.31-03.47.45:679][434]PIE: Play in editor start time for /Game/PlanX/UEDPIE_0_WorkingTestPawn 0.543
[2017.08.31-03.49.01:187][191]LogEditorViewport: Clicking on Actor (LMB): StaticMeshActor (Cylinder)
[2017.08.31-03.49.24:768][513]Cmd: OBJ SAVEPACKAGE PACKAGE="/Game/PlanX/WorkingTestPawn" FILE="../../../../../Unreal Projects/Plan-X/PlanX/Content/PlanX/WorkingTestPawn.umap" SILENT=true AUTOSAVING=false KEEPDIRTY=false
[2017.08.31-03.49.24:837][513]LogSavePackage: Save=45.48ms
[2017.08.31-03.49.24:837][513]LogSavePackage: Moving '../../../../../Unreal Projects/Plan-X/PlanX/Saved/WorkingTestPawnAA56520E4275C206573162B2CBC6B3F9.tmp' to '../../../../../Unreal Projects/Plan-X/PlanX/Content/PlanX/WorkingTestPawn.umap'
[2017.08.31-03.49.24:844][513]LogSavePackage: Display: Finished SavePackage ../../../../../Unreal Projects/Plan-X/PlanX/Content/PlanX/WorkingTestPawn.umap
[2017.08.31-03.49.24:867][513]Cmd: OBJ SAVEPACKAGE PACKAGE="/Game/PlanX/WorkingTestPawn_BuiltData" FILE="../../../../../Unreal Projects/Plan-X/PlanX/Content/PlanX/WorkingTestPawn_BuiltData.uasset" SILENT=true
[2017.08.31-03.49.24:908][513]LogSavePackage: Save=34.49ms
[2017.08.31-03.49.24:909][513]LogSavePackage: Moving '../../../../../Unreal Projects/Plan-X/PlanX/Saved/WorkingTestPawn_BuiltDataE4A8A42848DD4581179AC59073D3C743.tmp' to '../../../../../Unreal Projects/Plan-X/PlanX/Content/PlanX/WorkingTestPawn_BuiltData.uasset'
[2017.08.31-03.49.24:910][513]LogSavePackage: Display: Finished SavePackage ../../../../../Unreal Projects/Plan-X/PlanX/Content/PlanX/WorkingTestPawn_BuiltData.uasset
[2017.08.31-03.49.33:386][361]LogPlayLevel: PlayLevel: No blueprints needed recompiling
[2017.08.31-03.49.33:387][361]PIE: New page: PIE session: WorkingTestPawn (Aug 30, 2017, 7:49:33 PM)
[2017.08.31-03.49.33:387][361]LogPlayLevel: Creating play world package: /Game/PlanX/UEDPIE_0_WorkingTestPawn
[2017.08.31-03.49.33:389][361]LogPlayLevel: PIE: StaticDuplicateObject took: (0.002771s)
[2017.08.31-03.49.33:390][361]LogAIModule: Creating AISystem for world WorkingTestPawn
[2017.08.31-03.49.33:391][361]LogPlayLevel: PIE: World Init took: (0.001034s)
[2017.08.31-03.49.33:391][361]LogPlayLevel: PIE: Created PIE world by copying editor world from /Game/PlanX/WorkingTestPawn.WorkingTestPawn to /Game/PlanX/UEDPIE_0_WorkingTestPawn.WorkingTestPawn (0.004067s)
[2017.08.31-03.49.33:419][361]LogInit: XAudio2 using 'REAL SPEAKERS!!!!!!!!!! (Realtek High Definition Audio)' : 2 channels at 48 kHz using 32 bits per sample (channel mask 0x3)
[2017.08.31-03.49.33:428][361]LogInit: FAudioDevice initialized.
[2017.08.31-03.49.33:527][361]LogUObjectGlobals: Warning: Failed to find object 'Class None.'
[2017.08.31-03.49.33:527][361]LogLoad: Game class is 'GameModeBase'
[2017.08.31-03.49.33:530][361]LogWorld: Bringing World /Game/PlanX/UEDPIE_0_WorkingTestPawn.WorkingTestPawn up for play (max tick rate 0) at 2017.08.30-23.49.33
[2017.08.31-03.49.33:530][361]LogWorld: Bringing up level for play took: 0.001827
[2017.08.31-03.49.33:541][361]PIE: Play in editor start time for /Game/PlanX/UEDPIE_0_WorkingTestPawn 0.406
[2017.08.31-03.51.18:914][739]LogWindows: Error: === Critical error: ===
[2017.08.31-03.51.18:914][739]LogWindows: Error: 
[2017.08.31-03.51.18:914][739]LogWindows: Error: Fatal error!
[2017.08.31-03.51.18:914][739]LogWindows: Error: 
[2017.08.31-03.51.18:914][739]LogWindows: Error: Unhandled Exception: EXCEPTION_ACCESS_VIOLATION 0x00000000
[2017.08.31-03.51.18:914][739]LogWindows: Error: 
[2017.08.31-03.51.18:914][739]LogWindows: Error: 0x0000000000000000
[2017.08.31-03.51.18:914][739]LogWindows: Error: UE4Editor-AssetTools.dll!0x00000000E6381FFF
[2017.08.31-03.51.18:914][739]LogWindows: Error: UE4Editor-AssetTools.dll!0x00000000E63822A1
[2017.08.31-03.51.18:914][739]LogWindows: Error: UE4Editor-PropertyEditor.dll!0x00000000FED09A96
[2017.08.31-03.51.18:914][739]LogWindows: Error: UE4Editor-PropertyEditor.dll!0x00000000FECE42A3
[2017.08.31-03.51.18:914][739]LogWindows: Error: UE4Editor-PropertyEditor.dll!0x00000000FECE6E86
[2017.08.31-03.51.18:914][739]LogWindows: Error: UE4Editor-Slate.dll!0x0000000018CB9008
[2017.08.31-03.51.18:914][739]LogWindows: Error: UE4Editor-Slate.dll!0x0000000018CBF368
[2017.08.31-03.51.18:914][739]LogWindows: Error: UE4Editor-Slate.dll!0x0000000018C16522
[2017.08.31-03.51.18:914][739]LogWindows: Error: UE4Editor-Slate.dll!0x0000000018C179B9
[2017.08.31-03.51.18:914][739]LogWindows: Error: UE4Editor-Slate.dll!0x0000000018C96265
[2017.08.31-03.51.18:914][739]LogWindows: Error: UE4Editor-Slate.dll!0x0000000018D4B967
[2017.08.31-03.51.18:914][739]LogWindows: Error: UE4Editor-Slate.dll!0x0000000018D774D4
[2017.08.31-03.51.18:914][739]LogWindows: Error: UE4Editor-Slate.dll!0x0000000018CC153D
[2017.08.31-03.51.18:914][739]LogWindows: Error: UE4Editor-Slate.dll!0x0000000018B942BC
[2017.08.31-03.51.18:914][739]LogWindows: Error: UE4Editor-Slate.dll!0x0000000018B67145
[2017.08.31-03.51.18:914][739]LogWindows: Error: UE4Editor-Slate.dll!0x0000000018C01452
[2017.08.31-03.51.18:914][739]LogWindows: Error: UE4Editor-Slate.dll!0x0000000018BE9C92
[2017.08.31-03.51.18:914][739]LogWindows: Error: UE4Editor-Slate.dll!0x0000000018BDB68F
[2017.08.31-03.51.18:914][739]LogWindows: Error: UE4Editor-Core.dll!0x0000000005D8B3C9
[2017.08.31-03.51.18:914][739]LogWindows: Error: UE4Editor-Core.dll!0x0000000005D73B51
[2017.08.31-03.51.18:914][739]LogWindows: Error: UE4Editor-Core.dll!0x0000000005D8D22B
[2017.08.31-03.51.18:914][739]LogWindows: Error: UE4Editor-Core.dll!0x0000000005D6ECB2
[2017.08.31-03.51.18:914][739]LogWindows: Error: USER32.dll!0x000000004C441C24
[2017.08.31-03.51.18:914][739]LogWindows: Error: USER32.dll!0x000000004C44156C
[2017.08.31-03.51.18:914][739]LogWindows: Error: UE4Editor-Core.dll!0x0000000005D8D936
[2017.08.31-03.51.18:914][739]LogWindows: Error: UE4Editor.exe!0x00000000A3A14BE2
[2017.08.31-03.51.18:914][739]LogWindows: Error: UE4Editor.exe!0x00000000A3A23970
[2017.08.31-03.51.18:914][739]LogWindows: Error: UE4Editor.exe!0x00000000A3A239EA
[2017.08.31-03.51.18:914][739]LogWindows: Error: UE4Editor.exe!0x00000000A3A302D9
[2017.08.31-03.51.18:914][739]LogWindows: Error: UE4Editor.exe!0x00000000A3A31C47
[2017.08.31-03.51.18:914][739]LogWindows: Error: KERNEL32.DLL!0x000000004D348364
[2017.08.31-03.51.18:914][739]LogWindows: Error: ntdll.dll!0x000000004D877091
[2017.08.31-03.51.18:914][739]LogWindows: Error: ntdll.dll!0x000000004D877091
[2017.08.31-03.51.18:914][739]LogWindows: Error: 
[2017.08.31-03.51.18:924][739]LogExit: Executing StaticShutdownAfterError
[2017.08.31-03.51.18:938][739]LogWindows: FPlatformMisc::RequestExit(1)
[2017.08.31-03.51.18:938][739]Log file closed, 08/30/17 23:51:18
