Log file open, 08/30/17 16:23:22
LogWindows: LoadLibraryWithSearchPaths failed for file aqProf.dll. GetLastError=0
LogWindows: LoadLibraryWithSearchPaths failed for file VtuneApi.dll. GetLastError=0
LogWindows: LoadLibraryWithSearchPaths failed for file VtuneApi32e.dll. GetLastError=0
LogInit: Display: Running engine for game: PlanX
LogPlatformFile: Not using cached read wrapper
LogInit: Display: RandInit(159325220) SRandInit(159325220).
LogTaskGraph: Started task graph with 5 named threads and 14 total threads with 3 sets of task threads.
LogStats: Stats thread started at 2.399352
LogD3D11RHI: Aftermath initialized
LogPluginManager: Mounting plugin Paper2D
LogPluginManager: Mounting plugin LightPropagationVolume
LogPluginManager: Mounting plugin CodeLiteSourceCodeAccess
LogPluginManager: Mounting plugin GitSourceControl
LogPluginManager: Mounting plugin KDevelopSourceCodeAccess
LogPluginManager: Mounting plugin NullSourceCodeAccess
LogPluginManager: Mounting plugin PerforceSourceControl
LogPluginManager: Mounting plugin SubversionSourceControl
LogPluginManager: Mounting plugin UObjectPlugin
LogPluginManager: Mounting plugin VisualStudioSourceCodeAccess
LogPluginManager: Mounting plugin XCodeSourceCodeAccess
LogPluginManager: Mounting plugin AssetManagerEditor
LogPluginManager: Mounting plugin AudioCapture
LogPluginManager: Mounting plugin FacialAnimation
LogPluginManager: Mounting plugin GameplayTagsEditor
LogPluginManager: Mounting plugin MobileLauncherProfileWizard
LogPluginManager: Mounting plugin PluginBrowser
LogPluginManager: Mounting plugin SpeedTreeImporter
LogPluginManager: Mounting plugin AlembicImporter
LogPluginManager: Mounting plugin CharacterAI
LogPluginManager: Mounting plugin HTML5Networking
LogPluginManager: Mounting plugin AndroidMedia
LogPluginManager: Mounting plugin AvfMedia
LogPluginManager: Mounting plugin MediaPlayerEditor
LogPluginManager: Mounting plugin WmfMedia
LogPluginManager: Mounting plugin TcpMessaging
LogPluginManager: Mounting plugin UdpMessaging
LogPluginManager: Mounting plugin LevelSequenceEditor
LogPluginManager: Mounting plugin MatineeToLevelSequence
LogPluginManager: Mounting plugin OnlineSubsystemGooglePlay
LogPluginManager: Mounting plugin OnlineSubsystemIOS
LogPluginManager: Mounting plugin OnlineSubsystem
LogPluginManager: Mounting plugin OnlineSubsystemNull
LogPluginManager: Mounting plugin OnlineSubsystemUtils
LogPluginManager: Mounting plugin AndroidDeviceProfileSelector
LogPluginManager: Mounting plugin AndroidMoviePlayer
LogPluginManager: Mounting plugin AndroidPermission
LogPluginManager: Mounting plugin AppleMoviePlayer
LogPluginManager: Mounting plugin ArchVisCharacter
LogPluginManager: Mounting plugin CableComponent
LogPluginManager: Mounting plugin CustomMeshComponent
LogPluginManager: Mounting plugin ExampleDeviceProfileSelector
LogPluginManager: Mounting plugin GoogleCloudMessaging
LogPluginManager: Mounting plugin ImmediatePhysics
LogPluginManager: Mounting plugin IOSDeviceProfileSelector
LogPluginManager: Mounting plugin LinuxDeviceProfileSelector
LogPluginManager: Mounting plugin LocationServicesBPLibrary
LogPluginManager: Mounting plugin MobilePatchingUtils
LogPluginManager: Mounting plugin OculusVR
LogPluginManager: Mounting plugin PhysXVehicles
LogPluginManager: Mounting plugin ProceduralMeshComponent
LogPluginManager: Mounting plugin RuntimePhysXCooking
LogPluginManager: Mounting plugin SteamVR
LogPluginManager: Mounting plugin WindowsMoviePlayer
LogInit: Using libcurl 7.47.1
LogInit:  - built for x86_64-pc-win32
LogInit:  - supports SSL with OpenSSL/1.0.2g
LogInit:  - supports HTTP deflate (compression) using libz 1.2.8
LogInit:  - other features:
LogInit:      CURL_VERSION_SSL
LogInit:      CURL_VERSION_LIBZ
LogInit:      CURL_VERSION_IPV6
LogInit:      CURL_VERSION_ASYNCHDNS
LogInit:      CURL_VERSION_LARGEFILE
LogInit:      CURL_VERSION_IDN
LogInit:  CurlRequestOptions (configurable via config and command line):
LogInit:  - bVerifyPeer = false  - Libcurl will NOT verify peer certificate
LogInit:  - bUseHttpProxy = false  - Libcurl will NOT use HTTP proxy
LogInit:  - bDontReuseConnections = false  - Libcurl will reuse connections
LogInit:  - CertBundlePath = nullptr  - Libcurl will use whatever was configured at build time.
LogInit: Build: ++UE4+Release-4.17-CL-3586342
LogInit: Engine Version: 4.17.1-3586342+++UE4+Release-4.17
LogInit: Compatible Engine Version: 4.17.0-3573198+++UE4+Release-4.17
LogInit: Net CL: 3573198
LogDevObjectVersion: Number of dev versions registered: 16
LogDevObjectVersion:   Dev-Blueprints (B0D832E4-1F89-4F0D-ACCF-7EB736FD4AA2): 10
LogDevObjectVersion:   Dev-Build (E1C64328-A22C-4D53-A36C-8E866417BD8C): 0
LogDevObjectVersion:   Dev-Core (375EC13C-06E4-48FB-B500-84F0262A717E): 2
LogDevObjectVersion:   Dev-Editor (E4B068ED-F494-42E9-A231-DA0B2E46BB41): 20
LogDevObjectVersion:   Dev-Framework (CFFC743F-43B0-4480-9391-14DF171D2073): 28
LogDevObjectVersion:   Dev-Mobile (B02B49B5-BB20-44E9-A304-32B752E40360): 0
LogDevObjectVersion:   Dev-Networking (A4E4105C-59A1-49B5-A7C5-40C4547EDFEE): 0
LogDevObjectVersion:   Dev-Online (39C831C9-5AE6-47DC-9A44-9C173E1C8E7C): 0
LogDevObjectVersion:   Dev-Physics (78F01B33-EBEA-4F98-B9B4-84EACCB95AA2): 0
LogDevObjectVersion:   Dev-Platform (6631380F-2D4D-43E0-8009-CF276956A95A): 0
LogDevObjectVersion:   Dev-Rendering (12F88B9F-8875-4AFC-A67C-D90C383ABD29): 19
LogDevObjectVersion:   Dev-Sequencer (7B5AE74C-D270-4C10-A958-57980B212A5A): 4
LogDevObjectVersion:   Dev-VR (D7296918-1DD6-4BDD-9DE2-64A83CC13884): 0
LogDevObjectVersion:   Dev-LoadTimes (C2A15278-BFE7-4AFE-6C17-90FF531DF755): 1
LogDevObjectVersion:   Private-Geometry (6EACA3D4-40EC-4CC1-B786-8BED09428FC5): 1
LogDevObjectVersion:   Dev-AnimPhys (29E575DD-E0A3-4627-9D10-D276232CDCEA): 7
LogInit: Compiled (64-bit): Aug 15 2017 02:05:26
LogInit: Compiled with Visual C++: 19.00.24215.01
LogInit: Build Configuration: Development
LogInit: Branch Name: ++UE4+Release-4.17
LogInit: Command line: -EpicPortal 
LogInit: Base directory: Q:/Unreal Engine/UE_4.17/Engine/Binaries/Win64/
LogInit: Installed Engine Build: 1
LogInit: Presizing for max 8388607 objects, including 0 objects not considered by GC, pre-allocating 0 bytes for permanent pool.
LogInit: Object subsystem initialized
[2017.08.30-20.23.25:107][  0]LogInit: Selected Device Profile: [Windows]
[2017.08.30-20.23.25:107][  0]LogInit: Applying CVar settings loaded from the selected device profile: [Windows]
[2017.08.30-20.23.25:248][  0]LogInit: Computer: DAWN
[2017.08.30-20.23.25:248][  0]LogInit: User: RobertForbes
[2017.08.30-20.23.25:248][  0]LogInit: CPU Page size=4096, Cores=4
[2017.08.30-20.23.25:248][  0]LogInit: High frequency timer resolution =3.417988 MHz
[2017.08.30-20.23.25:249][  0]LogMemory: Memory total: Physical=8.0GB (8GB approx)
[2017.08.30-20.23.25:249][  0]LogMemory: Platform Memory Stats for Windows
[2017.08.30-20.23.25:249][  0]LogMemory: Process Physical Memory: 278.65 MB used, 278.65 MB peak
[2017.08.30-20.23.25:249][  0]LogMemory: Process Virtual Memory: 274.53 MB used, 274.53 MB peak
[2017.08.30-20.23.25:249][  0]LogMemory: Physical Memory: 4109.75 MB used,  4034.10 MB free, 8143.85 MB total
[2017.08.30-20.23.25:249][  0]LogMemory: Virtual Memory: 668.32 MB used,  4034.10 MB free, 134217728.00 MB total
[2017.08.30-20.23.26:991][  0]LogInit: Using OS detected language (en-US).
[2017.08.30-20.23.26:992][  0]LogInit: Using OS detected locale (en-US).
[2017.08.30-20.23.27:753][  0]LogTextLocalizationManager: No specific localization for 'en-US' exists, so the 'en' localization will be used.
[2017.08.30-20.23.37:525][  0]LogD3D11RHI: D3D11 adapters:
[2017.08.30-20.23.38:152][  0]LogD3D11RHI:    0. 'NVIDIA GeForce GTX 970' (Feature Level 11_0)
[2017.08.30-20.23.38:152][  0]LogD3D11RHI:       4058/0/4071 MB DedicatedVideo/DedicatedSystem/SharedSystem, Outputs:2, VendorId:0x10de
[2017.08.30-20.23.38:154][  0]LogD3D11RHI:    1. 'Microsoft Basic Render Driver' (Feature Level 11_0)
[2017.08.30-20.23.38:154][  0]LogD3D11RHI:       0/0/4071 MB DedicatedVideo/DedicatedSystem/SharedSystem, Outputs:0, VendorId:0x1414
[2017.08.30-20.23.38:154][  0]LogD3D11RHI: Chosen D3D11 Adapter: 0
[2017.08.30-20.23.38:213][  0]LogD3D11RHI: Creating new Direct3DDevice
[2017.08.30-20.23.38:214][  0]LogD3D11RHI:     GPU DeviceId: 0x13c2 (for the marketing name, search the web for "GPU Device Id")
[2017.08.30-20.23.38:214][  0]LogWindows: EnumDisplayDevices:
[2017.08.30-20.23.38:214][  0]LogWindows:    0. 'NVIDIA GeForce GTX 970' (P:0 D:1)
[2017.08.30-20.23.38:214][  0]LogWindows:    1. 'NVIDIA GeForce GTX 970' (P:1 D:1)
[2017.08.30-20.23.38:214][  0]LogWindows:    2. 'NVIDIA GeForce GTX 970' (P:0 D:0)
[2017.08.30-20.23.38:214][  0]LogWindows:    3. 'NVIDIA GeForce GTX 970' (P:0 D:0)
[2017.08.30-20.23.38:214][  0]LogWindows: DebugString: FoundDriverCount:4 
[2017.08.30-20.23.38:215][  0]LogD3D11RHI:     Adapter Name: NVIDIA GeForce GTX 970
[2017.08.30-20.23.38:215][  0]LogD3D11RHI:   Driver Version: 385.41 (internal:22.21.13.8541, unified:385.41)
[2017.08.30-20.23.38:215][  0]LogD3D11RHI:      Driver Date: 8-21-2017
[2017.08.30-20.23.38:215][  0]LogRHI: Texture pool is 1361 MB (70% of 1945 MB)
[2017.08.30-20.23.38:846][  0]LogD3D11RHI: Async texture creation enabled
[2017.08.30-20.23.39:117][  0]LogD3D11RHI: GPU Timing Frequency: 1000.000000 (Debug: 2 1)
[2017.08.30-20.23.39:235][  0]LogShaderCompilers: Guid format shader working directory is 11 characters bigger than the processId version (../../../../../Unreal Projects/Plan-X/PlanX/Intermediate/Shaders/WorkingDirectory/4500/).
[2017.08.30-20.23.39:262][  0]LogShaderCompilers: Cleaned the shader compiler working directory 'C:/Users/Robert Forbes/AppData/Local/Temp/UnrealShaderWorkingDir/19C9F5834D479A724A14D4B8B3AD78D2/'.
[2017.08.30-20.23.39:262][  0]LogShaderCompilers: Display: Using Local Shader Compiler.
[2017.08.30-20.23.46:628][  0]LogTemp: Display: Loaded TP AllDesktopTargetPlatform
[2017.08.30-20.23.46:703][  0]LogTemp: Display: Loaded TP MacClientTargetPlatform
[2017.08.30-20.23.46:748][  0]LogTemp: Display: Loaded TP MacNoEditorTargetPlatform
[2017.08.30-20.23.46:793][  0]LogTemp: Display: Loaded TP MacServerTargetPlatform
[2017.08.30-20.23.46:905][  0]LogTemp: Display: Loaded TP MacTargetPlatform
[2017.08.30-20.23.47:033][  0]LogTemp: Display: Loaded TP WindowsClientTargetPlatform
[2017.08.30-20.23.47:155][  0]LogTemp: Display: Loaded TP WindowsNoEditorTargetPlatform
[2017.08.30-20.23.47:215][  0]LogTemp: Display: Loaded TP WindowsServerTargetPlatform
[2017.08.30-20.23.47:270][  0]LogTemp: Display: Loaded TP WindowsTargetPlatform
[2017.08.30-20.23.47:426][  0]LogTemp: Display: Loaded TP AndroidTargetPlatform
[2017.08.30-20.23.47:489][  0]LogTemp: Display: Loaded TP Android_ASTCTargetPlatform
[2017.08.30-20.23.47:544][  0]LogTemp: Display: Loaded TP Android_ATCTargetPlatform
[2017.08.30-20.23.47:598][  0]LogTemp: Display: Loaded TP Android_DXTTargetPlatform
[2017.08.30-20.23.47:648][  0]LogTemp: Display: Loaded TP Android_ETC1TargetPlatform
[2017.08.30-20.23.47:716][  0]LogTemp: Display: Loaded TP Android_ETC2TargetPlatform
[2017.08.30-20.23.47:892][  0]LogTemp: Display: Loaded TP Android_MultiTargetPlatform
[2017.08.30-20.23.47:892][  0]LogTemp: Display: Loaded TP Android_PVRTCTargetPlatform
[2017.08.30-20.23.47:956][  0]LogTemp: Display: Loaded TP HTML5TargetPlatform
[2017.08.30-20.23.48:125][  0]LogTemp: Display: Loaded TP IOSTargetPlatform
[2017.08.30-20.23.48:147][  0]LogTemp: Display: Loaded TP TVOSTargetPlatform
[2017.08.30-20.23.48:216][  0]LogTemp: Display: Loaded TP LinuxClientTargetPlatform
[2017.08.30-20.23.48:345][  0]LogTemp: Display: Loaded TP LinuxNoEditorTargetPlatform
[2017.08.30-20.23.48:454][  0]LogTemp: Display: Loaded TP LinuxServerTargetPlatform
[2017.08.30-20.23.48:525][  0]LogTemp: Display: Loaded TP LinuxTargetPlatform
[2017.08.30-20.23.48:525][  0]LogTargetPlatformManager: Display: Building Assets For Windows
[2017.08.30-20.23.50:001][  0]LogDerivedDataCache: Display: Max Cache Size: 512 MB
[2017.08.30-20.23.50:843][  0]LogDerivedDataCache: Loaded boot cache 0.74s 106MB C:/Users/Robert Forbes/AppData/Local/UnrealEngine/4.17/DerivedDataCache/Boot.ddc.
[2017.08.30-20.23.50:843][  0]LogDerivedDataCache: Display: Loaded Boot cache: C:/Users/Robert Forbes/AppData/Local/UnrealEngine/4.17/DerivedDataCache/Boot.ddc
[2017.08.30-20.23.50:844][  0]LogDerivedDataCache: FDerivedDataBackendGraph:  Pak pak cache file ../../../../../Unreal Projects/Plan-X/PlanX/DerivedDataCache/DDC.ddp not found, will not use a pak cache.
[2017.08.30-20.23.50:844][  0]LogDerivedDataCache: Unable to find inner node Pak for hierarchical cache Hierarchy.
[2017.08.30-20.23.50:844][  0]LogDerivedDataCache: FDerivedDataBackendGraph:  CompressedPak pak cache file ../../../../../Unreal Projects/Plan-X/PlanX/DerivedDataCache/Compressed.ddp not found, will not use a pak cache.
[2017.08.30-20.23.50:844][  0]LogDerivedDataCache: Unable to find inner node CompressedPak for hierarchical cache Hierarchy.
[2017.08.30-20.23.50:881][  0]LogDerivedDataCache: Display: Pak cache opened for reading ../../../Engine/DerivedDataCache/Compressed.ddp.
[2017.08.30-20.23.50:893][  0]LogDerivedDataCache: Using Local data cache path C:/Users/Robert Forbes/AppData/Local/UnrealEngine/Common/DerivedDataCache: Writable
[2017.08.30-20.23.50:930][  0]LogMaterial: Verifying Global Shaders for PCD3D_SM5
[2017.08.30-20.23.50:931][  0]LogSlate: Using Freetype 2.6.0
[2017.08.30-20.23.51:006][  0]LogSlate: SlateFontCache - WITH_FREETYPE: 1, WITH_HARFBUZZ: 1
[2017.08.30-20.23.51:006][  0]LogSlate: SlateFontCache - WITH_FREETYPE: 1, WITH_HARFBUZZ: 1
[2017.08.30-20.24.05:878][  0]LogAssetRegistry: FAssetRegistry took 0.0438 seconds to start up
[2017.08.30-20.24.06:071][  0]LogInit: Selected Device Profile: [Windows]
[2017.08.30-20.24.06:747][  0]LogContentStreaming: Texture pool size is 0.00 MB
[2017.08.30-20.24.07:734][  0]LogSimplygon: Simplygon DLL not present - disabling.
[2017.08.30-20.24.07:847][  0]LogMeshReduction: Using SimplygonSwarm for distributed automatic mesh merging
[2017.08.30-20.24.07:847][  0]LogMeshReduction: Using QuadricMeshReduction for automatic static mesh reduction
[2017.08.30-20.24.07:847][  0]LogMeshReduction: No automatic skeletal mesh reduction module available
[2017.08.30-20.24.07:847][  0]LogMeshReduction: No automatic mesh merging module available
[2017.08.30-20.24.07:847][  0]LogMeshMerging: No automatic mesh merging module available
[2017.08.30-20.24.08:847][  0]LogNetVersion: PlanX , NetCL: 3573198, EngineNetVer: 2, GameNetVer: 0 (Checksum: 4232075429)
[2017.08.30-20.24.10:700][  0]LogPackageLocalizationCache: Processed 5 localized package path(s) for 2 prioritized culture(s) in 0.318094 seconds
[2017.08.30-20.24.10:707][  0]LogUObjectArray: 35825 objects as part of root set at end of initial load.
[2017.08.30-20.24.10:707][  0]LogUObjectAllocator: 7529112 out of 0 bytes used by permanent object pool.
[2017.08.30-20.24.10:707][  0]LogUObjectArray: CloseDisregardForGC: 0/0 objects in disregard for GC pool
[2017.08.30-20.24.10:825][  0]LogInit: WinSock: version 1.1 (2.2), MaxSocks=32767, MaxUdp=65467
[2017.08.30-20.24.57:035][  0]LogTcpMessaging: Initializing TcpMessaging bridge
[2017.08.30-20.24.57:088][  0]LogUdpMessaging: Initializing bridge on interface 0.0.0.0:0 to multicast group 230.0.0.1:6666.
[2017.08.30-20.24.59:011][  0]LogMaterial: Uniform references updated for custom material expression Custom.
[2017.08.30-20.24.59:924][  0]SourceControl: Source control is disabled
[2017.08.30-20.24.59:925][  0]SourceControl: Source control is disabled
[2017.08.30-20.25.00:052][  0]SourceControl: Source control is disabled
[2017.08.30-20.25.00:158][  0]SourceControl: Source control is disabled
[2017.08.30-20.25.01:415][  0]LogAndroidPermission: UAndroidPermissionCallbackProxy::GetInstance
[2017.08.30-20.25.01:781][  0]LogOcInput: OculusInput pre-init called
[2017.08.30-20.25.02:453][  0]LogEngine: Initializing Engine...
[2017.08.30-20.25.06:171][  0]LogHMD: SteamVR initialized.  Driver: lighthouse  Display: LHR-21CE5F1D
[2017.08.30-20.25.06:420][  0]LogStats: UGameplayTagsManager::ConstructGameplayTagTree: Construct from data asset -  0.000 s
[2017.08.30-20.25.06:420][  0]LogStats: UGameplayTagsManager::ConstructGameplayTagTree: GameplayTagTreeChangedEvent.Broadcast -  0.000 s
[2017.08.30-20.25.06:580][  0]LogAIModule: Creating AISystem for world Untitled
[2017.08.30-20.25.06:620][  0]LogInit: XAudio2 using 'REAL SPEAKERS!!!!!!!!!! (Realtek High Definition Audio)' : 2 channels at 48 kHz using 32 bits per sample (channel mask 0x3)
[2017.08.30-20.25.06:632][  0]LogInit: FAudioDevice initialized.
[2017.08.30-20.25.06:753][  0]LogDerivedDataCache: Saved boot cache 0.12s 106MB C:/Users/Robert Forbes/AppData/Local/UnrealEngine/4.17/DerivedDataCache/Boot.ddc.
[2017.08.30-20.25.06:803][  0]LogInit: Texture streaming: Enabled
[2017.08.30-20.25.06:993][  0]LogEngineSessionManager: EngineSessionManager initialized
[2017.08.30-20.25.07:509][  0]LogInit: Transaction tracking system initialized
[2017.08.30-20.25.07:876][  0]BlueprintLog: New page: Editor Load
[2017.08.30-20.25.09:083][  0]LocalizationService: Localization service is disabled
[2017.08.30-20.25.10:185][  0]LogConsoleResponse: Display: 
[2017.08.30-20.25.11:116][  0]LogCook: Display: Max memory allowance for cook 16384mb min free memory 0mb
[2017.08.30-20.25.11:116][  0]LogCook: Display: Mobile HDR setting 1
[2017.08.30-20.25.11:116][  0]LogGameplayTags: Display: UGameplayTagsManager::DoneAddingNativeTags. DelegateIsBound: 0
[2017.08.30-20.25.11:121][  0]LogFileCache: Scanning file cache for directory 'Q:/Unreal Projects/Plan-X/PlanX/Content/' took 0.02s
[2017.08.30-20.25.13:965][  0]SourceControl: Source control is disabled
[2017.08.30-20.25.13:965][  0]Cmd: MAP LOAD FILE="../../../../../Unreal Projects/Plan-X/PlanX/Content/VirtualRealityBP/Maps/StartupMap.umap" TEMPLATE=0 SHOWPROGRESS=1 FEATURELEVEL=3
[2017.08.30-20.25.13:998][  0]LightingResults: New page: Lighting Build
[2017.08.30-20.25.14:034][  0]MapCheck: New page: Map Check
[2017.08.30-20.25.14:034][  0]LightingResults: New page: Lighting Build
[2017.08.30-20.25.16:894][  0]LogAIModule: Creating AISystem for world StartupMap
[2017.08.30-20.25.17:373][  0]LogEditorServer: Finished looking for orphan Actors (0.000 secs)
[2017.08.30-20.25.17:432][  0]Cmd: MAP CHECKDEP NOCLEARLOG
[2017.08.30-20.25.17:499][  0]MapCheck: Map check complete: 0 Error(s), 0 Warning(s), took 66.497ms to complete.
[2017.08.30-20.25.17:499][  0]LogFileHelpers: Loading map 'StartupMap' took 3.534
[2017.08.30-20.25.17:575][  0]LogWindowsTextInputMethodSystem: Display: IME system now deactivated.
[2017.08.30-20.25.18:599][  0]LogCollectionManager: Loaded 0 collections in 0.001534 seconds
[2017.08.30-20.25.18:795][  0]LogFileCache: Scanning file cache for directory 'Q:/Unreal Projects/Plan-X/PlanX/Saved/Collections/' took 0.01s
[2017.08.30-20.25.18:795][  0]LogFileCache: Scanning file cache for directory 'Q:/Unreal Projects/Plan-X/PlanX/Content/Developers/RobertForbes/Collections/' took 0.01s
[2017.08.30-20.25.18:796][  0]LogFileCache: Scanning file cache for directory 'Q:/Unreal Projects/Plan-X/PlanX/Content/Collections/' took 0.01s
[2017.08.30-20.25.18:796][  0]LogCollectionManager: Rebuilt the GUID cache for 0 collections in 0.000001 seconds
[2017.08.30-20.25.18:827][  0]LogContentBrowser: Native class hierarchy populated in 0.0122 seconds. Added 2386 classes and 500 folders.
[2017.08.30-20.25.18:975][  0]LogContentBrowser: Native class hierarchy updated for 'WidgetCarousel' in 0.0015 seconds. Added 0 classes and 0 folders.
[2017.08.30-20.25.20:008][  0]LogContentBrowser: Native class hierarchy updated for 'AddContentDialog' in 0.0009 seconds. Added 0 classes and 0 folders.
[2017.08.30-20.25.20:127][  0]LogContentBrowser: Native class hierarchy updated for 'SceneOutliner' in 0.0008 seconds. Added 1 classes and 2 folders.
[2017.08.30-20.25.20:659][  0]LogSlate: Took 0.018804 seconds to synchronously load lazily loaded font '../../../Engine/Content/Slate/Fonts/Roboto-Regular.ttf' (155K)
[2017.08.30-20.25.20:671][  0]LogSlate: Took 0.010789 seconds to synchronously load lazily loaded font '../../../Engine/Content/Slate/Fonts/Roboto-Bold.ttf' (160K)
[2017.08.30-20.25.20:739][  0]LogSlate: Took 0.017425 seconds to synchronously load lazily loaded font '../../../Engine/Content/Editor/Slate/Fonts/FontAwesome.ttf' (139K)
[2017.08.30-20.25.21:455][  0]LogRenderer: Reallocating scene render targets to support 1208x576 Format 26 NumSamples 1 (Frame:1).
[2017.08.30-20.25.22:257][  0]LogContentBrowser: Native class hierarchy updated for 'HierarchicalLODOutliner' in 0.0017 seconds. Added 1 classes and 2 folders.
[2017.08.30-20.25.22:258][  0]LogLoad: (Engine Initialization) Total time: 141.82 seconds
[2017.08.30-20.25.22:258][  0]LogLoad: (Engine Initialization) Total Blueprint compile time: 0.00 seconds
[2017.08.30-20.25.22:258][  0]LogExternalProfiler: Found external profiler: VSPerf
[2017.08.30-20.25.22:258][  0]LogExternalProfiler: Using external profiler: VSPerf
[2017.08.30-20.25.22:283][  0]LogSteamVRController: Controller role for device 3 is 1 (invalid=0, left=1, right=2).
[2017.08.30-20.25.22:283][  0]LogSteamVRController: Warning: Controller device 3 is being assigned to its prefered role 'left'.
[2017.08.30-20.25.22:284][  0]LogSteamVRController: Controller role for device 4 is 2 (invalid=0, left=1, right=2).
[2017.08.30-20.25.22:284][  0]LogSteamVRController: Putting controller 4 on the right hand because there is already a controller for the left.
[2017.08.30-20.25.22:342][  0]LogContentStreaming: Texture pool size now 1000 MB
[2017.08.30-20.25.22:503][  0]LogSlate: Took 0.023749 seconds to synchronously load lazily loaded font '../../../Engine/Content/Slate/Fonts/Roboto-Light.ttf' (159K)
[2017.08.30-20.25.22:787][  3]LogAssetRegistry: Asset discovery search completed in 76.9317 seconds
[2017.08.30-20.25.22:789][  3]LogCollectionManager: Rebuilt the object cache for 0 collections in 0.000000 seconds (found 0 objects)
[2017.08.30-20.25.22:789][  3]LogCollectionManager: Fixed up redirectors for 0 collections in 0.000047 seconds (updated 0 objects)
[2017.08.30-20.25.30:677][794]Cmd: MAP LOAD FILE="../../../Engine/Content/Maps/Templates/Template_Default.umap" TEMPLATE=1 SHOWPROGRESS=1 FEATURELEVEL=3
[2017.08.30-20.25.30:735][794]LogSlate: Took 0.000235 seconds to synchronously load lazily loaded font '../../../Engine/Content/Slate/Fonts/Roboto-Light.ttf' (159K)
[2017.08.30-20.25.30:765][794]LightingResults: New page: Lighting Build
[2017.08.30-20.25.30:766][794]LoadErrors: New page: Loading map: Template_Default.umap
[2017.08.30-20.25.30:769][794]MapCheck: New page: Map Check
[2017.08.30-20.25.30:769][794]LightingResults: New page: Lighting Build
[2017.08.30-20.25.31:272][794]LogAIModule: Creating AISystem for world Untitled_1
[2017.08.30-20.25.31:303][794]LogEditorServer: Finished looking for orphan Actors (0.000 secs)
[2017.08.30-20.25.31:321][794]Cmd: MAP CHECKDEP NOCLEARLOG
[2017.08.30-20.25.31:380][794]MapCheck: Map check complete: 0 Error(s), 0 Warning(s), took 59.699ms to complete.
[2017.08.30-20.25.31:380][794]LogFileHelpers: Loading map 'Template_Default' took 0.705
[2017.08.30-20.25.54:834][258]LogSlate: Took 0.028502 seconds to synchronously load lazily loaded font '../../../Engine/Content/Editor/Slate/Fonts/Roboto-Italic.ttf' (157K)
[2017.08.30-20.26.01:993][ 92]LogEditorViewport: Clicking on Actor (LMB): StaticMeshActor (Floor)
[2017.08.30-20.26.02:747][113]LogEditorViewport: Clicking on Actor (LMB): StaticMeshActor (Floor)
[2017.08.30-20.26.05:716][459]LogEditorViewport: Clicking on Actor (LMB): MotionControllerPawn_C (MotionControllerPawn)
[2017.08.30-20.26.09:024][843]LogEditorViewport: Clicking on Actor (LMB): PlayerStart (Player Start)
[2017.08.30-20.26.09:971][950]LogEditorViewport: Clicking on Actor (LMB): MotionControllerPawn_C (MotionControllerPawn)
[2017.08.30-20.26.13:191][319]LogTemp: Repeating last play command: Selected Viewport
[2017.08.30-20.26.18:028][319]LogPlayLevel: PlayLevel: No blueprints needed recompiling
[2017.08.30-20.26.18:100][319]PIE: New page: PIE session: Untitled_1 (Aug 30, 2017, 12:26:18 PM)
[2017.08.30-20.26.18:117][319]LogPlayLevel: Creating play world package: /Temp/UEDPIE_0_Untitled_1
[2017.08.30-20.26.18:156][319]LogPlayLevel: PIE: StaticDuplicateObject took: (0.039779s)
[2017.08.30-20.26.18:157][319]LogAIModule: Creating AISystem for world Untitled_1
[2017.08.30-20.26.18:157][319]LogPlayLevel: PIE: World Init took: (0.000791s)
[2017.08.30-20.26.18:180][319]LogPlayLevel: PIE: Created PIE world by copying editor world from /Temp/Untitled_1.Untitled_1 to /Temp/UEDPIE_0_Untitled_1.Untitled_1 (0.063291s)
[2017.08.30-20.26.18:261][319]LogInit: XAudio2 using 'REAL SPEAKERS!!!!!!!!!! (Realtek High Definition Audio)' : 2 channels at 48 kHz using 32 bits per sample (channel mask 0x3)
[2017.08.30-20.26.18:294][319]LogInit: FAudioDevice initialized.
[2017.08.30-20.26.18:378][319]LogUObjectGlobals: Warning: Failed to find object 'Class None.'
[2017.08.30-20.26.18:378][319]LogLoad: Game class is 'GameModeBase'
[2017.08.30-20.26.18:490][319]LogWorld: Bringing World /Temp/UEDPIE_0_Untitled_1.Untitled_1 up for play (max tick rate 0) at 2017.08.30-16.26.18
[2017.08.30-20.26.18:570][319]LogWorld: Bringing up level for play took: 0.081469
[2017.08.30-20.26.18:724][319]LogContentBrowser: Native class hierarchy updated for 'MovieSceneCapture' in 0.0010 seconds. Added 11 classes and 0 folders.
[2017.08.30-20.26.18:894][319]PIE: Play in editor start time for /Temp/UEDPIE_0_Untitled_1 1.759
[2017.08.30-20.26.19:027][320]LogRenderer: Reallocating scene render targets to support 1692x804 Format 26 NumSamples 1 (Frame:1).
[2017.08.30-20.26.26:922][236]LogPlayLevel: PlayLevel: No blueprints needed recompiling
[2017.08.30-20.26.26:922][236]PIE: New page: PIE session: Untitled_1 (Aug 30, 2017, 12:26:26 PM)
[2017.08.30-20.26.26:922][236]LogPlayLevel: Creating play world package: /Temp/UEDPIE_0_Untitled_1
[2017.08.30-20.26.26:924][236]LogPlayLevel: PIE: StaticDuplicateObject took: (0.001809s)
[2017.08.30-20.26.26:924][236]LogAIModule: Creating AISystem for world Untitled_1
[2017.08.30-20.26.26:924][236]LogPlayLevel: PIE: World Init took: (0.000793s)
[2017.08.30-20.26.26:925][236]LogPlayLevel: PIE: Created PIE world by copying editor world from /Temp/Untitled_1.Untitled_1 to /Temp/UEDPIE_0_Untitled_1.Untitled_1 (0.002853s)
[2017.08.30-20.26.26:977][236]LogInit: XAudio2 using 'REAL SPEAKERS!!!!!!!!!! (Realtek High Definition Audio)' : 2 channels at 48 kHz using 32 bits per sample (channel mask 0x3)
[2017.08.30-20.26.26:986][236]LogInit: FAudioDevice initialized.
[2017.08.30-20.26.27:105][236]LogUObjectGlobals: Warning: Failed to find object 'Class None.'
[2017.08.30-20.26.27:105][236]LogLoad: Game class is 'GameModeBase'
[2017.08.30-20.26.27:107][236]LogWorld: Bringing World /Temp/UEDPIE_0_Untitled_1.Untitled_1 up for play (max tick rate 0) at 2017.08.30-16.26.27
[2017.08.30-20.26.27:108][236]LogWorld: Bringing up level for play took: 0.001567
[2017.08.30-20.26.27:117][236]PIE: Play in editor start time for /Temp/UEDPIE_0_Untitled_1 -0.018
[2017.08.30-20.26.27:161][237]LogRenderer: Reallocating scene render targets to support 3024x1680 Format 26 NumSamples 1 (Frame:1).
[2017.08.30-20.26.58:430][ 56]LogPlayLevel: PlayLevel: No blueprints needed recompiling
[2017.08.30-20.26.58:430][ 56]PIE: New page: PIE session: Untitled_1 (Aug 30, 2017, 12:26:58 PM)
[2017.08.30-20.26.58:430][ 56]LogPlayLevel: Creating play world package: /Temp/UEDPIE_0_Untitled_1
[2017.08.30-20.26.58:432][ 56]LogPlayLevel: PIE: StaticDuplicateObject took: (0.001887s)
[2017.08.30-20.26.58:433][ 56]LogAIModule: Creating AISystem for world Untitled_1
[2017.08.30-20.26.58:433][ 56]LogPlayLevel: PIE: World Init took: (0.000815s)
[2017.08.30-20.26.58:434][ 56]LogPlayLevel: PIE: Created PIE world by copying editor world from /Temp/Untitled_1.Untitled_1 to /Temp/UEDPIE_0_Untitled_1.Untitled_1 (0.003092s)
[2017.08.30-20.26.58:480][ 56]LogInit: XAudio2 using 'REAL SPEAKERS!!!!!!!!!! (Realtek High Definition Audio)' : 2 channels at 48 kHz using 32 bits per sample (channel mask 0x3)
[2017.08.30-20.26.58:489][ 56]LogInit: FAudioDevice initialized.
[2017.08.30-20.26.58:576][ 56]LogUObjectGlobals: Warning: Failed to find object 'Class None.'
[2017.08.30-20.26.58:576][ 56]LogLoad: Game class is 'GameModeBase'
[2017.08.30-20.26.58:578][ 56]LogWorld: Bringing World /Temp/UEDPIE_0_Untitled_1.Untitled_1 up for play (max tick rate 0) at 2017.08.30-16.26.58
[2017.08.30-20.26.58:578][ 56]LogWorld: Bringing up level for play took: 0.001375
[2017.08.30-20.26.58:588][ 56]PIE: Play in editor start time for /Temp/UEDPIE_0_Untitled_1 -0.547
[2017.08.30-20.27.41:930][ 52]Cmd: OBJ SAVEPACKAGE PACKAGE="/Game/PlanX/TestingMap" FILE="../../../../../Unreal Projects/Plan-X/PlanX/Content/PlanX/TestingMap.umap" SILENT=true AUTOSAVING=false KEEPDIRTY=false
[2017.08.30-20.27.42:062][ 52]LogSavePackage: Save=76.19ms
[2017.08.30-20.27.42:063][ 52]LogSavePackage: Moving '../../../../../Unreal Projects/Plan-X/PlanX/Saved/TestingMapCBFD0D6841B4FB616D720E859DDFDE4A.tmp' to '../../../../../Unreal Projects/Plan-X/PlanX/Content/PlanX/TestingMap.umap'
[2017.08.30-20.27.42:068][ 52]LogSavePackage: Display: Finished SavePackage ../../../../../Unreal Projects/Plan-X/PlanX/Content/PlanX/TestingMap.umap
[2017.08.30-20.27.42:112][ 52]Cmd: OBJ SAVEPACKAGE PACKAGE="/Game/PlanX/TestingMap_BuiltData" FILE="../../../../../Unreal Projects/Plan-X/PlanX/Content/PlanX/TestingMap_BuiltData.uasset" SILENT=true
[2017.08.30-20.27.42:145][ 52]LogSavePackage: Save=30.64ms
[2017.08.30-20.27.42:146][ 52]LogSavePackage: Moving '../../../../../Unreal Projects/Plan-X/PlanX/Saved/TestingMap_BuiltDataA63EF4CF4D7042A6A0281F9AA6D85FC8.tmp' to '../../../../../Unreal Projects/Plan-X/PlanX/Content/PlanX/TestingMap_BuiltData.uasset'
[2017.08.30-20.27.42:146][ 52]LogSavePackage: Display: Finished SavePackage ../../../../../Unreal Projects/Plan-X/PlanX/Content/PlanX/TestingMap_BuiltData.uasset
[2017.08.30-20.27.42:151][ 52]LogFileHelpers: Saving map 'TestingMap' took 0.985
[2017.08.30-20.27.43:809][210]LogWindowsTextInputMethodSystem: Display: IME system now deactivated.
[2017.08.30-20.27.44:062][211]Cmd: QUIT_EDITOR
[2017.08.30-20.27.44:986][211]LogExit: Preparing to exit.
[2017.08.30-20.27.45:379][211]LogDirectoryWatcher: A directory notification for 'Q:/Unreal Projects/Plan-X/PlanX/Content/' was aborted.
[2017.08.30-20.27.45:396][211]LogExit: Editor shut down
[2017.08.30-20.27.45:399][211]LogExit: Transaction tracking system shut down
[2017.08.30-20.27.45:572][211]LogDirectoryWatcher: A directory notification for '../../../Engine/Content/' was aborted.
[2017.08.30-20.27.45:572][211]LogDirectoryWatcher: A directory notification for '../../../../../Unreal Projects/Plan-X/PlanX/Content/' was aborted.
[2017.08.30-20.27.45:572][211]LogDirectoryWatcher: A directory notification for '../../../Engine/Plugins/2D/Paper2D/Content/' was aborted.
[2017.08.30-20.27.45:572][211]LogDirectoryWatcher: A directory notification for '../../../Engine/Plugins/Runtime/Oculus/OculusVR/Content/' was aborted.
[2017.08.30-20.27.45:572][211]LogDirectoryWatcher: A directory notification for '../../../Engine/Plugins/Runtime/Steam/SteamVR/Content/' was aborted.
[2017.08.30-20.27.45:637][211]LogExit: Object subsystem successfully closed.
[2017.08.30-20.27.45:665][211]LogD3D11RHI: Shutdown
[2017.08.30-20.27.45:665][211]LogD3D11RHI: CleanupD3DDevice
[2017.08.30-20.27.45:685][211]LogD3D11RHI: ~FD3D11DynamicRHI
[2017.08.30-20.27.45:694][211]LogModuleManager: Shutting down and abandoning module MovieSceneCapture (534)
[2017.08.30-20.27.45:694][211]LogModuleManager: Shutting down and abandoning module NewLevelDialog (532)
[2017.08.30-20.27.45:694][211]LogModuleManager: Shutting down and abandoning module HierarchicalLODOutliner (530)
[2017.08.30-20.27.45:694][211]LogModuleManager: Shutting down and abandoning module SceneOutliner (528)
[2017.08.30-20.27.45:694][211]LogModuleManager: Shutting down and abandoning module AddContentDialog (526)
[2017.08.30-20.27.45:694][211]LogDirectoryWatcher: A directory notification for 'Q:/Unreal Engine/UE_4.17/FeaturePacks/' was aborted.
[2017.08.30-20.27.45:695][211]LogModuleManager: Shutting down and abandoning module WidgetCarousel (525)
[2017.08.30-20.27.45:695][211]LogModuleManager: Shutting down and abandoning module EditorWidgets (522)
[2017.08.30-20.27.45:695][211]LogModuleManager: Shutting down and abandoning module CollectionManager (520)
[2017.08.30-20.27.45:695][211]LogDirectoryWatcher: A directory notification for 'Q:/Unreal Projects/Plan-X/PlanX/Content/Collections/' was aborted.
[2017.08.30-20.27.45:695][211]LogDirectoryWatcher: A directory notification for 'Q:/Unreal Projects/Plan-X/PlanX/Content/Developers/RobertForbes/Collections/' was aborted.
[2017.08.30-20.27.45:695][211]LogDirectoryWatcher: A directory notification for 'Q:/Unreal Projects/Plan-X/PlanX/Saved/Collections/' was aborted.
[2017.08.30-20.27.45:695][211]LogModuleManager: Shutting down and abandoning module StatsViewer (518)
[2017.08.30-20.27.45:695][211]LogModuleManager: Shutting down and abandoning module FoliageEdit (516)
[2017.08.30-20.27.45:695][211]LogModuleManager: Shutting down and abandoning module LandscapeEditor (514)
[2017.08.30-20.27.45:695][211]LogModuleManager: Shutting down and abandoning module MeshPaintMode (512)
[2017.08.30-20.27.45:695][211]LogModuleManager: Shutting down and abandoning module SceneDepthPickerMode (510)
[2017.08.30-20.27.45:695][211]LogModuleManager: Shutting down and abandoning module ActorPickerMode (508)
[2017.08.30-20.27.45:695][211]LogModuleManager: Shutting down and abandoning module GeometryMode (506)
[2017.08.30-20.27.45:695][211]LogModuleManager: Shutting down and abandoning module TextureAlignMode (504)
[2017.08.30-20.27.45:695][211]LogModuleManager: Shutting down and abandoning module BspMode (502)
[2017.08.30-20.27.45:695][211]LogModuleManager: Shutting down and abandoning module PIEPreviewDeviceProfileSelector (500)
[2017.08.30-20.27.45:695][211]LogModuleManager: Shutting down and abandoning module HardwareSurvey (498)
[2017.08.30-20.27.45:695][211]LogModuleManager: Shutting down and abandoning module SequenceRecorderSections (496)
[2017.08.30-20.27.45:695][211]LogModuleManager: Shutting down and abandoning module AutomationWorker (494)
[2017.08.30-20.27.45:695][211]LogModuleManager: Shutting down and abandoning module MatineeToLevelSequence (492)
[2017.08.30-20.27.45:695][211]LogModuleManager: Shutting down and abandoning module LevelSequenceEditor (490)
[2017.08.30-20.27.45:695][211]LogModuleManager: Shutting down and abandoning module PlacementMode (489)
[2017.08.30-20.27.45:695][211]LogModuleManager: Shutting down and abandoning module WmfMediaFactory (486)
[2017.08.30-20.27.45:695][211]LogModuleManager: Shutting down and abandoning module WmfMediaEditor (484)
[2017.08.30-20.27.45:695][211]LogModuleManager: Shutting down and abandoning module AvfMediaFactory (482)
[2017.08.30-20.27.45:696][211]LogModuleManager: Shutting down and abandoning module AvfMediaEditor (480)
[2017.08.30-20.27.45:696][211]LogModuleManager: Shutting down and abandoning module AndroidMediaFactory (478)
[2017.08.30-20.27.45:696][211]LogModuleManager: Shutting down and abandoning module Media (477)
[2017.08.30-20.27.45:696][211]LogModuleManager: Shutting down and abandoning module AndroidMediaEditor (474)
[2017.08.30-20.27.45:696][211]LogModuleManager: Shutting down and abandoning module CharacterAI (472)
[2017.08.30-20.27.45:696][211]LogModuleManager: Shutting down and abandoning module AudioCapture (470)
[2017.08.30-20.27.45:696][211]LogModuleManager: Shutting down and abandoning module SequenceRecorder (469)
[2017.08.30-20.27.45:696][211]LogModuleManager: Shutting down and abandoning module SmartSnapping (466)
[2017.08.30-20.27.45:696][211]LogModuleManager: Shutting down and abandoning module SessionServices (464)
[2017.08.30-20.27.45:696][211]LogModuleManager: Shutting down and abandoning module ViewportSnapping (462)
[2017.08.30-20.27.45:696][211]LogModuleManager: Shutting down and abandoning module ViewportInteraction (460)
[2017.08.30-20.27.45:696][211]LogModuleManager: Shutting down and abandoning module ClothPainter (458)
[2017.08.30-20.27.45:696][211]LogModuleManager: Shutting down and abandoning module LogVisualizer (456)
[2017.08.30-20.27.45:696][211]LogModuleManager: Shutting down and abandoning module IntroTutorials (454)
[2017.08.30-20.27.45:696][211]LogModuleManager: Shutting down and abandoning module GameProjectGeneration (453)
[2017.08.30-20.27.45:696][211]LogModuleManager: Shutting down and abandoning module IOSPlatformEditor (450)
[2017.08.30-20.27.45:696][211]LogModuleManager: Shutting down and abandoning module HTML5PlatformEditor (448)
[2017.08.30-20.27.45:696][211]LogModuleManager: Shutting down and abandoning module AndroidPlatformEditor (446)
[2017.08.30-20.27.45:696][211]LogModuleManager: Shutting down and abandoning module AndroidDeviceDetection (445)
[2017.08.30-20.27.45:757][211]LogModuleManager: Shutting down and abandoning module WindowsPlatformEditor (442)
[2017.08.30-20.27.45:757][211]LogModuleManager: Shutting down and abandoning module IOSRuntimeSettings (440)
[2017.08.30-20.27.45:757][211]LogModuleManager: Shutting down and abandoning module AndroidRuntimeSettings (438)
[2017.08.30-20.27.45:757][211]LogModuleManager: Shutting down and abandoning module InputBindingEditor (436)
[2017.08.30-20.27.45:757][211]LogModuleManager: Shutting down and abandoning module MergeActors (434)
[2017.08.30-20.27.45:758][211]LogModuleManager: Shutting down and abandoning module SizeMap (432)
[2017.08.30-20.27.45:758][211]LogModuleManager: Shutting down and abandoning module TreeMap (430)
[2017.08.30-20.27.45:758][211]LogModuleManager: Shutting down and abandoning module ReferenceViewer (428)
[2017.08.30-20.27.45:758][211]LogModuleManager: Shutting down and abandoning module LocalizationDashboard (426)
[2017.08.30-20.27.45:758][211]LogModuleManager: Shutting down and abandoning module LocalizationService (425)
[2017.08.30-20.27.45:758][211]LogModuleManager: Shutting down and abandoning module HardwareTargeting (422)
[2017.08.30-20.27.45:758][211]LogModuleManager: Shutting down and abandoning module DeviceProfileEditor (420)
[2017.08.30-20.27.45:758][211]LogModuleManager: Shutting down and abandoning module UndoHistory (418)
[2017.08.30-20.27.45:758][211]LogModuleManager: Shutting down and abandoning module XmlParser (416)
[2017.08.30-20.27.45:758][211]LogModuleManager: Shutting down and abandoning module Blutility (414)
[2017.08.30-20.27.45:758][211]LogModuleManager: Shutting down and abandoning module ProjectSettingsViewer (412)
[2017.08.30-20.27.45:758][211]LogModuleManager: Shutting down and abandoning module ProjectTargetPlatformEditor (411)
[2017.08.30-20.27.45:758][211]LogModuleManager: Shutting down and abandoning module EditorSettingsViewer (408)
[2017.08.30-20.27.45:758][211]LogModuleManager: Shutting down and abandoning module SettingsEditor (406)
[2017.08.30-20.27.45:758][211]LogModuleManager: Shutting down and abandoning module ProjectLauncher (404)
[2017.08.30-20.27.45:758][211]LogModuleManager: Shutting down and abandoning module SessionFrontend (402)
[2017.08.30-20.27.45:758][211]LogModuleManager: Shutting down and abandoning module ProfilerClient (400)
[2017.08.30-20.27.45:758][211]LogModuleManager: Shutting down and abandoning module DeviceManager (398)
[2017.08.30-20.27.45:758][211]LogModuleManager: Shutting down and abandoning module TargetDeviceServices (397)
[2017.08.30-20.27.45:811][211]LogModuleManager: Shutting down and abandoning module AutomationController (394)
[2017.08.30-20.27.45:811][211]LogModuleManager: Shutting down and abandoning module AutomationWindow (392)
[2017.08.30-20.27.45:811][211]LogModuleManager: Shutting down and abandoning module Layers (390)
[2017.08.30-20.27.45:811][211]LogModuleManager: Shutting down and abandoning module ComponentVisualizers (388)
[2017.08.30-20.27.45:811][211]LogModuleManager: Shutting down and abandoning module DetailCustomizations (386)
[2017.08.30-20.27.45:811][211]LogModuleManager: Shutting down and abandoning module PackagesDialog (384)
[2017.08.30-20.27.45:811][211]LogModuleManager: Shutting down and abandoning module Persona (382)
[2017.08.30-20.27.45:812][211]LogModuleManager: Shutting down and abandoning module AdvancedPreviewScene (381)
[2017.08.30-20.27.45:812][211]LogModuleManager: Shutting down and abandoning module AnimGraph (379)
[2017.08.30-20.27.45:812][211]LogModuleManager: Shutting down and abandoning module Kismet (376)
[2017.08.30-20.27.45:813][211]LogModuleManager: Shutting down and abandoning module ClassViewer (374)
[2017.08.30-20.27.45:813][211]LogModuleManager: Shutting down and abandoning module Toolbox (372)
[2017.08.30-20.27.45:813][211]LogModuleManager: Shutting down and abandoning module ModuleUI (370)
[2017.08.30-20.27.45:813][211]LogModuleManager: Shutting down and abandoning module MovieSceneTools (368)
[2017.08.30-20.27.45:813][211]LogModuleManager: Shutting down and abandoning module OutputLog (366)
[2017.08.30-20.27.45:813][211]LogModuleManager: Shutting down and abandoning module GammaUI (364)
[2017.08.30-20.27.45:813][211]LogModuleManager: Shutting down and abandoning module Documentation (362)
[2017.08.30-20.27.45:813][211]LogModuleManager: Shutting down and abandoning module MovieSceneTracks (360)
[2017.08.30-20.27.45:813][211]LogModuleManager: Shutting down and abandoning module MovieScene (358)
[2017.08.30-20.27.45:813][211]LogModuleManager: Shutting down and abandoning module Niagara (356)
[2017.08.30-20.27.45:813][211]LogModuleManager: Shutting down and abandoning module NiagaraEditor (355)
[2017.08.30-20.27.45:813][211]LogModuleManager: Shutting down and abandoning module StreamingPauseRendering (352)
[2017.08.30-20.27.45:813][211]LogModuleManager: Shutting down and abandoning module LauncherPlatform (350)
[2017.08.30-20.27.45:813][211]LogModuleManager: Shutting down and abandoning module AnalyticsET (348)
[2017.08.30-20.27.45:813][211]LogModuleManager: Shutting down and abandoning module PortalServices (346)
[2017.08.30-20.27.45:813][211]LogModuleManager: Shutting down and abandoning module PortalRpc (344)
[2017.08.30-20.27.45:813][211]LogModuleManager: Shutting down and abandoning module MessagingRpc (342)
[2017.08.30-20.27.45:813][211]LogModuleManager: Shutting down and abandoning module AIModule (340)
[2017.08.30-20.27.45:813][211]LogModuleManager: Shutting down and abandoning module GameplayDebugger (339)
[2017.08.30-20.27.45:813][211]LogModuleManager: Shutting down and abandoning module AITestSuite (337)
[2017.08.30-20.27.45:813][211]LogModuleManager: Shutting down and abandoning module ProfilerService (334)
[2017.08.30-20.27.45:870][211]LogModuleManager: Shutting down and abandoning module TaskGraph (332)
[2017.08.30-20.27.45:870][211]LogModuleManager: Shutting down and abandoning module SteamVRController (330)
[2017.08.30-20.27.45:870][211]LogModuleManager: Shutting down and abandoning module ProceduralMeshComponentEditor (328)
[2017.08.30-20.27.45:870][211]LogModuleManager: Shutting down and abandoning module ProceduralMeshComponent (326)
[2017.08.30-20.27.45:870][211]LogModuleManager: Shutting down and abandoning module OculusInput (324)
[2017.08.30-20.27.45:870][211]LogModuleManager: Shutting down and abandoning module MobilePatchingUtils (322)
[2017.08.30-20.27.45:870][211]LogModuleManager: Shutting down and abandoning module CustomMeshComponent (320)
[2017.08.30-20.27.45:870][211]LogModuleManager: Shutting down and abandoning module CableComponent (318)
[2017.08.30-20.27.45:870][211]LogModuleManager: Shutting down and abandoning module ArchVisCharacter (316)
[2017.08.30-20.27.45:870][211]LogModuleManager: Shutting down and abandoning module AndroidPermission (314)
[2017.08.30-20.27.45:871][211]LogModuleManager: Shutting down and abandoning module MediaPlayerEditor (310)
[2017.08.30-20.27.45:871][211]LogModuleManager: Shutting down and abandoning module HTML5Networking (308)
[2017.08.30-20.27.45:871][211]LogModuleManager: Shutting down and abandoning module AlembicImporter (306)
[2017.08.30-20.27.45:871][211]LogModuleManager: Shutting down and abandoning module AlembicLibrary (305)
[2017.08.30-20.27.45:871][211]LogModuleManager: Shutting down and abandoning module GeometryCache (304)
[2017.08.30-20.27.45:871][211]LogModuleManager: Shutting down and abandoning module GeometryCacheEd (303)
[2017.08.30-20.27.45:871][211]LogModuleManager: Shutting down and abandoning module SpeedTreeImporter (298)
[2017.08.30-20.27.45:871][211]LogModuleManager: Shutting down and abandoning module PluginBrowser (296)
[2017.08.30-20.27.45:871][211]LogModuleManager: Shutting down and abandoning module MobileLauncherProfileWizard (294)
[2017.08.30-20.27.45:871][211]LogModuleManager: Shutting down and abandoning module VisualStudioSourceCodeAccess (292)
[2017.08.30-20.27.45:871][211]LogModuleManager: Shutting down and abandoning module DesktopPlatform (291)
[2017.08.30-20.27.45:871][211]LogModuleManager: Shutting down and abandoning module UObjectPlugin (288)
[2017.08.30-20.27.45:871][211]LogModuleManager: Shutting down and abandoning module SubversionSourceControl (286)
[2017.08.30-20.27.45:871][211]LogModuleManager: Shutting down and abandoning module PerforceSourceControl (284)
[2017.08.30-20.27.45:871][211]LogModuleManager: Shutting down and abandoning module GitSourceControl (282)
[2017.08.30-20.27.45:871][211]LogModuleManager: Shutting down and abandoning module SourceControl (281)
[2017.08.30-20.27.45:871][211]LogModuleManager: Shutting down and abandoning module LightPropagationVolumeEditor (278)
[2017.08.30-20.27.45:871][211]LogModuleManager: Shutting down and abandoning module PaperTiledImporter (276)
[2017.08.30-20.27.45:871][211]LogModuleManager: Shutting down and abandoning module PaperSpriteSheetImporter (274)
[2017.08.30-20.27.45:871][211]LogModuleManager: Shutting down and abandoning module Paper2DEditor (272)
[2017.08.30-20.27.45:871][211]LogModuleManager: Shutting down and abandoning module MeshPaint (271)
[2017.08.30-20.27.45:871][211]LogModuleManager: Shutting down and abandoning module LevelEditor (269)
[2017.08.30-20.27.45:872][211]LogModuleManager: Shutting down and abandoning module PixelInspectorModule (268)
[2017.08.30-20.27.45:872][211]LogModuleManager: Shutting down and abandoning module MainFrame (266)
[2017.08.30-20.27.45:872][211]LogModuleManager: Shutting down and abandoning module HotReload (265)
[2017.08.30-20.27.45:872][211]LogModuleManager: Shutting down and abandoning module RuntimePhysXCooking (260)
[2017.08.30-20.27.45:873][211]LogModuleManager: Shutting down and abandoning module PhysXVehiclesEditor (258)
[2017.08.30-20.27.45:873][211]LogModuleManager: Shutting down and abandoning module PhysXVehicles (256)
[2017.08.30-20.27.45:873][211]LogModuleManager: Shutting down and abandoning module OculusEditor (254)
[2017.08.30-20.27.45:873][211]LogModuleManager: Shutting down and abandoning module LocationServicesBPLibrary (252)
[2017.08.30-20.27.45:873][211]LogModuleManager: Shutting down and abandoning module ImmediatePhysicsEditor (250)
[2017.08.30-20.27.45:873][211]LogModuleManager: Shutting down and abandoning module ImmediatePhysics (248)
[2017.08.30-20.27.45:873][211]LogModuleManager: Shutting down and abandoning module UdpMessaging (246)
[2017.08.30-20.27.45:973][211]LogModuleManager: Shutting down and abandoning module TcpMessaging (244)
[2017.08.30-20.27.46:117][211]LogModuleManager: Shutting down and abandoning module GameplayTagsEditor (242)
[2017.08.30-20.27.46:117][211]LogModuleManager: Shutting down and abandoning module FacialAnimationEditor (240)
[2017.08.30-20.27.46:117][211]LogModuleManager: Shutting down and abandoning module FacialAnimation (238)
[2017.08.30-20.27.46:117][211]LogModuleManager: Shutting down and abandoning module AssetManagerEditor (236)
[2017.08.30-20.27.46:117][211]LogModuleManager: Shutting down and abandoning module GraphEditor (235)
[2017.08.30-20.27.46:117][211]LogModuleManager: Shutting down and abandoning module ContentBrowser (233)
[2017.08.30-20.27.46:119][211]LogModuleManager: Shutting down and abandoning module LightPropagationVolumeRuntime (230)
[2017.08.30-20.27.46:119][211]LogModuleManager: Shutting down and abandoning module Paper2D (228)
[2017.08.30-20.27.46:119][211]LogModuleManager: Shutting down and abandoning module WindowsMoviePlayer (226)
[2017.08.30-20.27.46:119][211]LogModuleManager: Shutting down and abandoning module WmfMedia (224)
[2017.08.30-20.27.46:119][211]LogModuleManager: Shutting down and abandoning module PacketHandler (222)
[2017.08.30-20.27.46:119][211]LogModuleManager: Shutting down and abandoning module ClothingSystemEditor (220)
[2017.08.30-20.27.46:119][211]LogModuleManager: Shutting down and abandoning module ClothingSystemRuntime (218)
[2017.08.30-20.27.46:119][211]LogModuleManager: Shutting down and abandoning module Overlay (216)
[2017.08.30-20.27.46:119][211]LogModuleManager: Shutting down and abandoning module OverlayEditor (215)
[2017.08.30-20.27.46:119][211]LogModuleManager: Shutting down and abandoning module MediaAssets (212)
[2017.08.30-20.27.46:119][211]LogModuleManager: Shutting down and abandoning module VREditor (210)
[2017.08.30-20.27.46:119][211]LogModuleManager: Shutting down and abandoning module StringTableEditor (208)
[2017.08.30-20.27.46:119][211]LogModuleManager: Shutting down and abandoning module GameplayTasksEditor (206)
[2017.08.30-20.27.46:119][211]LogModuleManager: Shutting down and abandoning module BehaviorTreeEditor (204)
[2017.08.30-20.27.46:119][211]LogModuleManager: Shutting down and abandoning module FunctionalTesting (202)
[2017.08.30-20.27.46:119][211]LogModuleManager: Shutting down and abandoning module CollisionAnalyzer (200)
[2017.08.30-20.27.46:119][211]LogModuleManager: Shutting down and abandoning module WorkspaceMenuStructure (199)
[2017.08.30-20.27.46:119][211]LogModuleManager: Shutting down and abandoning module UMG (196)
[2017.08.30-20.27.46:119][211]LogModuleManager: Shutting down and abandoning module UMGEditor (195)
[2017.08.30-20.27.46:119][211]LogModuleManager: Shutting down and abandoning module Sequencer (194)
[2017.08.30-20.27.46:119][211]LogModuleManager: Shutting down and abandoning module MessageLog (191)
[2017.08.30-20.27.46:119][211]LogModuleManager: Shutting down and abandoning module SlateReflector (186)
[2017.08.30-20.27.46:119][211]LogModuleManager: Shutting down and abandoning module Slate (184)
[2017.08.30-20.27.46:119][211]LogModuleManager: Shutting down and abandoning module EditorStyle (182)
[2017.08.30-20.27.46:121][211]LogModuleManager: Shutting down and abandoning module MRMesh (180)
[2017.08.30-20.27.46:121][211]LogModuleManager: Shutting down and abandoning module SourceCodeAccess (178)
[2017.08.30-20.27.46:121][211]LogModuleManager: Shutting down and abandoning module HeadMountedDisplay (176)
[2017.08.30-20.27.46:121][211]LogModuleManager: Shutting down and abandoning module XAudio2 (174)
[2017.08.30-20.27.46:121][211]LogModuleManager: Shutting down and abandoning module Networking (172)
[2017.08.30-20.27.46:121][211]LogModuleManager: Shutting down and abandoning module Core (168)
[2017.08.30-20.27.46:121][211]LogModuleManager: Shutting down and abandoning module KismetCompiler (164)
[2017.08.30-20.27.46:121][211]LogModuleManager: Shutting down and abandoning module LevelSequence (162)
[2017.08.30-20.27.46:121][211]LogModuleManager: Shutting down and abandoning module MeshUtilities (160)
[2017.08.30-20.27.46:121][211]LogModuleManager: Shutting down and abandoning module MeshMergeUtilities (159)
[2017.08.30-20.27.46:121][211]LogModuleManager: Shutting down and abandoning module MeshReductionInterface (158)
[2017.08.30-20.27.46:121][211]LogModuleManager: Shutting down and abandoning module SimplygonSwarm (157)
[2017.08.30-20.27.46:121][211]LogModuleManager: Shutting down and abandoning module SimplygonMeshReduction (155)
[2017.08.30-20.27.46:121][211]LogModuleManager: Shutting down and abandoning module QuadricMeshReduction (153)
[2017.08.30-20.27.46:121][211]LogModuleManager: Shutting down and abandoning module MaterialBaking (149)
[2017.08.30-20.27.46:121][211]LogModuleManager: Shutting down and abandoning module DirectoryWatcher (146)
[2017.08.30-20.27.46:122][211]LogModuleManager: Shutting down and abandoning module DerivedDataCache (144)
[2017.08.30-20.27.46:199][211]LogDerivedDataCache: Shutdown
[2017.08.30-20.27.46:199][211]LogModuleManager: Shutting down and abandoning module TargetPlatform (142)
[2017.08.30-20.27.46:199][211]LogModuleManager: Shutting down and abandoning module VulkanShaderFormat (141)
[2017.08.30-20.27.46:199][211]LogModuleManager: Shutting down and abandoning module ShaderFormatVectorVM (139)
[2017.08.30-20.27.46:199][211]LogModuleManager: Shutting down and abandoning module ShaderFormatOpenGL (137)
[2017.08.30-20.27.46:199][211]LogModuleManager: Shutting down and abandoning module ShaderFormatD3D (135)
[2017.08.30-20.27.46:199][211]LogModuleManager: Shutting down and abandoning module MetalShaderFormat (133)
[2017.08.30-20.27.46:199][211]LogModuleManager: Shutting down and abandoning module TextureFormatUncompressed (131)
[2017.08.30-20.27.46:199][211]LogModuleManager: Shutting down and abandoning module TextureFormatPVR (129)
[2017.08.30-20.27.46:200][211]LogModuleManager: Shutting down and abandoning module TextureFormatDXT (127)
[2017.08.30-20.27.46:200][211]LogModuleManager: Shutting down and abandoning module TextureFormatIntelISPCTexComp (125)
[2017.08.30-20.27.46:200][211]LogModuleManager: Shutting down and abandoning module TextureFormatASTC (123)
[2017.08.30-20.27.46:200][211]LogModuleManager: Shutting down and abandoning module ImageWrapper (122)
[2017.08.30-20.27.46:200][211]LogModuleManager: Shutting down and abandoning module TextureFormatAndroid (119)
[2017.08.30-20.27.46:200][211]LogModuleManager: Shutting down and abandoning module AudioFormatOpus (117)
[2017.08.30-20.27.46:200][211]LogModuleManager: Shutting down and abandoning module AudioFormatOgg (115)
[2017.08.30-20.27.46:200][211]LogModuleManager: Shutting down and abandoning module AudioFormatADPCM (113)
[2017.08.30-20.27.46:200][211]LogModuleManager: Shutting down and abandoning module LinuxTargetPlatform (111)
[2017.08.30-20.27.46:200][211]LogModuleManager: Shutting down and abandoning module LinuxServerTargetPlatform (109)
[2017.08.30-20.27.46:200][211]LogModuleManager: Shutting down and abandoning module LinuxNoEditorTargetPlatform (107)
[2017.08.30-20.27.46:200][211]LogModuleManager: Shutting down and abandoning module LinuxClientTargetPlatform (105)
[2017.08.30-20.27.46:200][211]LogModuleManager: Shutting down and abandoning module TVOSTargetPlatform (103)
[2017.08.30-20.27.46:200][211]LogModuleManager: Shutting down and abandoning module Messaging (101)
[2017.08.30-20.27.46:200][211]LogModuleManager: Shutting down and abandoning module IOSTargetPlatform (99)
[2017.08.30-20.27.46:200][211]LogModuleManager: Shutting down and abandoning module HTML5TargetPlatform (97)
[2017.08.30-20.27.46:200][211]LogModuleManager: Shutting down and abandoning module Android_PVRTCTargetPlatform (95)
[2017.08.30-20.27.46:200][211]LogModuleManager: Shutting down and abandoning module Android_MultiTargetPlatform (93)
[2017.08.30-20.27.46:200][211]LogModuleManager: Shutting down and abandoning module Android_ETC2TargetPlatform (91)
[2017.08.30-20.27.46:200][211]LogModuleManager: Shutting down and abandoning module Android_ETC1TargetPlatform (89)
[2017.08.30-20.27.46:200][211]LogModuleManager: Shutting down and abandoning module Android_DXTTargetPlatform (87)
[2017.08.30-20.27.46:200][211]LogModuleManager: Shutting down and abandoning module Android_ATCTargetPlatform (85)
[2017.08.30-20.27.46:200][211]LogModuleManager: Shutting down and abandoning module Android_ASTCTargetPlatform (83)
[2017.08.30-20.27.46:200][211]LogModuleManager: Shutting down and abandoning module AndroidTargetPlatform (81)
[2017.08.30-20.27.46:200][211]LogModuleManager: Shutting down and abandoning module WindowsTargetPlatform (79)
[2017.08.30-20.27.46:200][211]LogModuleManager: Shutting down and abandoning module WindowsServerTargetPlatform (77)
[2017.08.30-20.27.46:200][211]LogModuleManager: Shutting down and abandoning module WindowsNoEditorTargetPlatform (75)
[2017.08.30-20.27.46:200][211]LogModuleManager: Shutting down and abandoning module WindowsClientTargetPlatform (73)
[2017.08.30-20.27.46:200][211]LogModuleManager: Shutting down and abandoning module MacTargetPlatform (71)
[2017.08.30-20.27.46:200][211]LogModuleManager: Shutting down and abandoning module MacServerTargetPlatform (69)
[2017.08.30-20.27.46:200][211]LogModuleManager: Shutting down and abandoning module MacNoEditorTargetPlatform (67)
[2017.08.30-20.27.46:200][211]LogModuleManager: Shutting down and abandoning module MacClientTargetPlatform (65)
[2017.08.30-20.27.46:200][211]LogModuleManager: Shutting down and abandoning module AllDesktopTargetPlatform (63)
[2017.08.30-20.27.46:200][211]LogModuleManager: Shutting down and abandoning module InputCore (60)
[2017.08.30-20.27.46:200][211]LogModuleManager: Shutting down and abandoning module Settings (58)
[2017.08.30-20.27.46:200][211]LogModuleManager: Shutting down and abandoning module PhysXCooking (56)
[2017.08.30-20.27.46:200][211]LogModuleManager: Shutting down and abandoning module SteamVR (54)
[2017.08.30-20.27.46:200][211]LogModuleManager: Shutting down and abandoning module OculusHMD (52)
[2017.08.30-20.27.46:200][211]LogModuleManager: Shutting down and abandoning module ExampleDeviceProfileSelector (50)
[2017.08.30-20.27.46:200][211]LogModuleManager: Shutting down and abandoning module OnlineBlueprintSupport (48)
[2017.08.30-20.27.46:200][211]LogModuleManager: Shutting down and abandoning module OnlineSubsystem (44)
[2017.08.30-20.27.46:200][211]LogOnline: Display: Unloading online subsystem: NULL
[2017.08.30-20.27.46:200][211]LogModuleManager: Shutting down and abandoning module XMPP (43)
[2017.08.30-20.27.46:200][211]LogModuleManager: Shutting down and abandoning module HTTP (41)
[2017.08.30-20.27.46:200][211]LogHttp: Display: Http module shutting down, but needs to wait on 1 outstanding Http requests:
[2017.08.30-20.27.46:200][211]LogHttp: Display: 	verb=[POST] url=[https://datarouter.ol.epicgames.com/datarouter/api/v1/public/data?SessionID=%7B7676DB5B-4FEB-60D1-472F-F3B1056306D2%7D&AppID=UEEditor.Rocket.Release&AppVersion=4.17.1-3586342%2B%2B%2BUE4%2BRelease-4.17&UserID=d195f449449d6ca1a7d6e997d7b4619b%7C38799267579e43f199dcadb14603b7d0%7Cc4c036e9-0de7-44e5-8786-b569ea8dee15&AppEnvironment=datacollector-binary&UploadType=eteventstream] status=Processing
[2017.08.30-20.27.46:211][211]LogModuleManager: Shutting down and abandoning module SSL (40)
[2017.08.30-20.27.46:212][211]LogModuleManager: Shutting down and abandoning module AnimationModifiers (36)
[2017.08.30-20.27.46:212][211]LogModuleManager: Shutting down and abandoning module PropertyEditor (35)
[2017.08.30-20.27.46:213][211]LogModuleManager: Shutting down and abandoning module AudioEditor (32)
[2017.08.30-20.27.46:213][211]LogModuleManager: Shutting down and abandoning module TextureCompressor (30)
[2017.08.30-20.27.46:213][211]LogModuleManager: Shutting down and abandoning module ShaderCore (28)
[2017.08.30-20.27.46:213][211]LogModuleManager: Shutting down and abandoning module Landscape (26)
[2017.08.30-20.27.46:213][211]LogModuleManager: Shutting down and abandoning module SlateRHIRenderer (24)
[2017.08.30-20.27.46:213][211]LogModuleManager: Shutting down and abandoning module OpenGLDrv (22)
[2017.08.30-20.27.46:213][211]LogModuleManager: Shutting down and abandoning module D3D11RHI (20)
[2017.08.30-20.27.46:213][211]LogModuleManager: Shutting down and abandoning module AnimGraphRuntime (18)
[2017.08.30-20.27.46:213][211]LogModuleManager: Shutting down and abandoning module Renderer (16)
[2017.08.30-20.27.46:213][211]LogModuleManager: Shutting down and abandoning module Engine (14)
[2017.08.30-20.27.46:213][211]LogModuleManager: Shutting down and abandoning module CoreUObject (12)
[2017.08.30-20.27.46:213][211]LogModuleManager: Shutting down and abandoning module NetworkFile (10)
[2017.08.30-20.27.46:213][211]LogModuleManager: Shutting down and abandoning module CookedIterativeFile (8)
[2017.08.30-20.27.46:213][211]LogModuleManager: Shutting down and abandoning module StreamingFile (6)
[2017.08.30-20.27.46:213][211]LogModuleManager: Shutting down and abandoning module SandboxFile (4)
[2017.08.30-20.27.46:213][211]LogModuleManager: Shutting down and abandoning module PakFile (2)
[2017.08.30-20.27.46:216][211]LogExit: Exiting.
[2017.08.30-20.27.46:358][211]Log file closed, 08/30/17 16:27:46
