Log file open, 09/05/17 17:21:20
LogWindows: LoadLibraryWithSearchPaths failed for file aqProf.dll. GetLastError=0
LogWindows: LoadLibraryWithSearchPaths failed for file VtuneApi.dll. GetLastError=0
LogWindows: LoadLibraryWithSearchPaths failed for file VtuneApi32e.dll. GetLastError=0
LogInit: Display: Running engine for game: PlanX
LogPlatformFile: Not using cached read wrapper
LogInit: Display: RandInit(-150439085) SRandInit(-150439085).
LogTaskGraph: Started task graph with 5 named threads and 14 total threads with 3 sets of task threads.
LogStats: Stats thread started at 0.179393
LogD3D11RHI: Aftermath initialized
LogPluginManager: Mounting plugin LightPropagationVolume
LogPluginManager: Mounting plugin CodeLiteSourceCodeAccess
LogPluginManager: Mounting plugin GitSourceControl
LogPluginManager: Mounting plugin KDevelopSourceCodeAccess
LogPluginManager: Mounting plugin NullSourceCodeAccess
LogPluginManager: Mounting plugin PerforceSourceControl
LogPluginManager: Mounting plugin SubversionSourceControl
LogPluginManager: Mounting plugin UObjectPlugin
LogPluginManager: Mounting plugin VisualStudioSourceCodeAccess
LogPluginManager: Mounting plugin XCodeSourceCodeAccess
LogPluginManager: Mounting plugin AssetManagerEditor
LogPluginManager: Mounting plugin AudioCapture
LogPluginManager: Mounting plugin FacialAnimation
LogPluginManager: Mounting plugin GameplayTagsEditor
LogPluginManager: Mounting plugin MobileLauncherProfileWizard
LogPluginManager: Mounting plugin PluginBrowser
LogPluginManager: Mounting plugin SpeedTreeImporter
LogPluginManager: Mounting plugin AlembicImporter
LogPluginManager: Mounting plugin CharacterAI
LogPluginManager: Mounting plugin HTML5Networking
LogPluginManager: Mounting plugin AndroidMedia
LogPluginManager: Mounting plugin AvfMedia
LogPluginManager: Mounting plugin MediaPlayerEditor
LogPluginManager: Mounting plugin WmfMedia
LogPluginManager: Mounting plugin TcpMessaging
LogPluginManager: Mounting plugin UdpMessaging
LogPluginManager: Mounting plugin LevelSequenceEditor
LogPluginManager: Mounting plugin MatineeToLevelSequence
LogPluginManager: Mounting plugin OnlineSubsystemGooglePlay
LogPluginManager: Mounting plugin OnlineSubsystemIOS
LogPluginManager: Mounting plugin OnlineSubsystem
LogPluginManager: Mounting plugin OnlineSubsystemNull
LogPluginManager: Mounting plugin OnlineSubsystemUtils
LogPluginManager: Mounting plugin AndroidDeviceProfileSelector
LogPluginManager: Mounting plugin AndroidMoviePlayer
LogPluginManager: Mounting plugin AndroidPermission
LogPluginManager: Mounting plugin AppleMoviePlayer
LogPluginManager: Mounting plugin ArchVisCharacter
LogPluginManager: Mounting plugin CableComponent
LogPluginManager: Mounting plugin CustomMeshComponent
LogPluginManager: Mounting plugin ExampleDeviceProfileSelector
LogPluginManager: Mounting plugin GoogleCloudMessaging
LogPluginManager: Mounting plugin ImmediatePhysics
LogPluginManager: Mounting plugin IOSDeviceProfileSelector
LogPluginManager: Mounting plugin LinuxDeviceProfileSelector
LogPluginManager: Mounting plugin LocationServicesBPLibrary
LogPluginManager: Mounting plugin MobilePatchingUtils
LogPluginManager: Mounting plugin Ansel
LogPluginManager: Mounting plugin OculusVR
LogPluginManager: Mounting plugin PhysXVehicles
LogPluginManager: Mounting plugin ProceduralMeshComponent
LogPluginManager: Mounting plugin RuntimePhysXCooking
LogPluginManager: Mounting plugin SteamVR
LogPluginManager: Mounting plugin WindowsMoviePlayer
LogInit: Using libcurl 7.47.1
LogInit:  - built for x86_64-pc-win32
LogInit:  - supports SSL with OpenSSL/1.0.2g
LogInit:  - supports HTTP deflate (compression) using libz 1.2.8
LogInit:  - other features:
LogInit:      CURL_VERSION_SSL
LogInit:      CURL_VERSION_LIBZ
LogInit:      CURL_VERSION_IPV6
LogInit:      CURL_VERSION_ASYNCHDNS
LogInit:      CURL_VERSION_LARGEFILE
LogInit:      CURL_VERSION_IDN
LogInit:  CurlRequestOptions (configurable via config and command line):
LogInit:  - bVerifyPeer = false  - Libcurl will NOT verify peer certificate
LogInit:  - bUseHttpProxy = false  - Libcurl will NOT use HTTP proxy
LogInit:  - bDontReuseConnections = false  - Libcurl will reuse connections
LogInit:  - CertBundlePath = nullptr  - Libcurl will use whatever was configured at build time.
LogInit: Build: ++UE4+Release-4.17-CL-3586342
LogInit: Engine Version: 4.17.1-3586342+++UE4+Release-4.17
LogInit: Compatible Engine Version: 4.17.0-3573198+++UE4+Release-4.17
LogInit: Net CL: 3573198
LogDevObjectVersion: Number of dev versions registered: 16
LogDevObjectVersion:   Dev-Blueprints (B0D832E4-1F89-4F0D-ACCF-7EB736FD4AA2): 10
LogDevObjectVersion:   Dev-Build (E1C64328-A22C-4D53-A36C-8E866417BD8C): 0
LogDevObjectVersion:   Dev-Core (375EC13C-06E4-48FB-B500-84F0262A717E): 2
LogDevObjectVersion:   Dev-Editor (E4B068ED-F494-42E9-A231-DA0B2E46BB41): 20
LogDevObjectVersion:   Dev-Framework (CFFC743F-43B0-4480-9391-14DF171D2073): 28
LogDevObjectVersion:   Dev-Mobile (B02B49B5-BB20-44E9-A304-32B752E40360): 0
LogDevObjectVersion:   Dev-Networking (A4E4105C-59A1-49B5-A7C5-40C4547EDFEE): 0
LogDevObjectVersion:   Dev-Online (39C831C9-5AE6-47DC-9A44-9C173E1C8E7C): 0
LogDevObjectVersion:   Dev-Physics (78F01B33-EBEA-4F98-B9B4-84EACCB95AA2): 0
LogDevObjectVersion:   Dev-Platform (6631380F-2D4D-43E0-8009-CF276956A95A): 0
LogDevObjectVersion:   Dev-Rendering (12F88B9F-8875-4AFC-A67C-D90C383ABD29): 19
LogDevObjectVersion:   Dev-Sequencer (7B5AE74C-D270-4C10-A958-57980B212A5A): 4
LogDevObjectVersion:   Dev-VR (D7296918-1DD6-4BDD-9DE2-64A83CC13884): 0
LogDevObjectVersion:   Dev-LoadTimes (C2A15278-BFE7-4AFE-6C17-90FF531DF755): 1
LogDevObjectVersion:   Private-Geometry (6EACA3D4-40EC-4CC1-B786-8BED09428FC5): 1
LogDevObjectVersion:   Dev-AnimPhys (29E575DD-E0A3-4627-9D10-D276232CDCEA): 7
LogInit: Compiled (64-bit): Aug 15 2017 02:05:26
LogInit: Compiled with Visual C++: 19.00.24215.01
LogInit: Build Configuration: Development
LogInit: Branch Name: ++UE4+Release-4.17
LogInit: Command line: -EpicPortal 
LogInit: Base directory: Q:/Unreal Engine/UE_4.17/Engine/Binaries/Win64/
LogInit: Installed Engine Build: 1
LogInit: Presizing for max 8388607 objects, including 0 objects not considered by GC, pre-allocating 0 bytes for permanent pool.
LogInit: Object subsystem initialized
[2017.09.05-21.21.20:930][  0]LogInit: Selected Device Profile: [Windows]
[2017.09.05-21.21.20:930][  0]LogInit: Applying CVar settings loaded from the selected device profile: [Windows]
[2017.09.05-21.21.20:942][  0]LogInit: Computer: DAWN
[2017.09.05-21.21.20:942][  0]LogInit: User: RobertForbes
[2017.09.05-21.21.20:942][  0]LogInit: CPU Page size=4096, Cores=4
[2017.09.05-21.21.20:942][  0]LogInit: High frequency timer resolution =3.417987 MHz
[2017.09.05-21.21.20:942][  0]LogMemory: Memory total: Physical=8.0GB (8GB approx)
[2017.09.05-21.21.20:942][  0]LogMemory: Platform Memory Stats for Windows
[2017.09.05-21.21.20:942][  0]LogMemory: Process Physical Memory: 277.95 MB used, 277.95 MB peak
[2017.09.05-21.21.20:942][  0]LogMemory: Process Virtual Memory: 274.30 MB used, 274.30 MB peak
[2017.09.05-21.21.20:942][  0]LogMemory: Physical Memory: 5832.63 MB used,  2311.22 MB free, 8143.85 MB total
[2017.09.05-21.21.20:942][  0]LogMemory: Virtual Memory: 668.32 MB used,  2311.22 MB free, 134217728.00 MB total
[2017.09.05-21.21.21:072][  0]LogInit: Using OS detected language (en-US).
[2017.09.05-21.21.21:072][  0]LogInit: Using OS detected locale (en-US).
[2017.09.05-21.21.21:076][  0]LogTextLocalizationManager: No specific localization for 'en-US' exists, so the 'en' localization will be used.
[2017.09.05-21.21.21:962][  0]LogD3D11RHI: D3D11 adapters:
[2017.09.05-21.21.22:816][  0]LogD3D11RHI:    0. 'NVIDIA GeForce GTX 970' (Feature Level 11_0)
[2017.09.05-21.21.22:816][  0]LogD3D11RHI:       4058/0/4071 MB DedicatedVideo/DedicatedSystem/SharedSystem, Outputs:2, VendorId:0x10de
[2017.09.05-21.21.22:817][  0]LogD3D11RHI:    1. 'Microsoft Basic Render Driver' (Feature Level 11_0)
[2017.09.05-21.21.22:817][  0]LogD3D11RHI:       0/0/4071 MB DedicatedVideo/DedicatedSystem/SharedSystem, Outputs:0, VendorId:0x1414
[2017.09.05-21.21.22:817][  0]LogD3D11RHI: Chosen D3D11 Adapter: 0
[2017.09.05-21.21.22:826][  0]LogD3D11RHI: Creating new Direct3DDevice
[2017.09.05-21.21.22:826][  0]LogD3D11RHI:     GPU DeviceId: 0x13c2 (for the marketing name, search the web for "GPU Device Id")
[2017.09.05-21.21.22:826][  0]LogWindows: EnumDisplayDevices:
[2017.09.05-21.21.22:826][  0]LogWindows:    0. 'NVIDIA GeForce GTX 970' (P:0 D:1)
[2017.09.05-21.21.22:826][  0]LogWindows:    1. 'NVIDIA GeForce GTX 970' (P:1 D:1)
[2017.09.05-21.21.22:826][  0]LogWindows:    2. 'NVIDIA GeForce GTX 970' (P:0 D:0)
[2017.09.05-21.21.22:826][  0]LogWindows:    3. 'NVIDIA GeForce GTX 970' (P:0 D:0)
[2017.09.05-21.21.22:827][  0]LogWindows: DebugString: FoundDriverCount:4 
[2017.09.05-21.21.22:827][  0]LogD3D11RHI:     Adapter Name: NVIDIA GeForce GTX 970
[2017.09.05-21.21.22:827][  0]LogD3D11RHI:   Driver Version: 385.41 (internal:22.21.13.8541, unified:385.41)
[2017.09.05-21.21.22:827][  0]LogD3D11RHI:      Driver Date: 8-21-2017
[2017.09.05-21.21.22:827][  0]LogRHI: Texture pool is 1361 MB (70% of 1945 MB)
[2017.09.05-21.21.23:690][  0]LogD3D11RHI: Async texture creation enabled
[2017.09.05-21.21.23:721][  0]LogD3D11RHI: GPU Timing Frequency: 1000.000000 (Debug: 2 1)
[2017.09.05-21.21.23:724][  0]LogShaderCompilers: Guid format shader working directory is 10 characters bigger than the processId version (../../../../../Unreal Projects/Plan-X/PlanX/Intermediate/Shaders/WorkingDirectory/12924/).
[2017.09.05-21.21.23:724][  0]LogShaderCompilers: Cleaned the shader compiler working directory 'C:/Users/Robert Forbes/AppData/Local/Temp/UnrealShaderWorkingDir/2C4BFA9C4C3FA0A35BB7EC86A5CAD661/'.
[2017.09.05-21.21.23:724][  0]LogShaderCompilers: Display: Using Local Shader Compiler.
[2017.09.05-21.21.25:801][  0]LogTemp: Display: Loaded TP AllDesktopTargetPlatform
[2017.09.05-21.21.25:891][  0]LogTemp: Display: Loaded TP MacClientTargetPlatform
[2017.09.05-21.21.25:970][  0]LogTemp: Display: Loaded TP MacNoEditorTargetPlatform
[2017.09.05-21.21.26:046][  0]LogTemp: Display: Loaded TP MacServerTargetPlatform
[2017.09.05-21.21.26:128][  0]LogTemp: Display: Loaded TP MacTargetPlatform
[2017.09.05-21.21.26:205][  0]LogTemp: Display: Loaded TP WindowsClientTargetPlatform
[2017.09.05-21.21.26:301][  0]LogTemp: Display: Loaded TP WindowsNoEditorTargetPlatform
[2017.09.05-21.21.26:380][  0]LogTemp: Display: Loaded TP WindowsServerTargetPlatform
[2017.09.05-21.21.26:447][  0]LogTemp: Display: Loaded TP WindowsTargetPlatform
[2017.09.05-21.21.26:533][  0]LogTemp: Display: Loaded TP AndroidTargetPlatform
[2017.09.05-21.21.26:611][  0]LogTemp: Display: Loaded TP Android_ASTCTargetPlatform
[2017.09.05-21.21.26:688][  0]LogTemp: Display: Loaded TP Android_ATCTargetPlatform
[2017.09.05-21.21.26:765][  0]LogTemp: Display: Loaded TP Android_DXTTargetPlatform
[2017.09.05-21.21.26:848][  0]LogTemp: Display: Loaded TP Android_ETC1TargetPlatform
[2017.09.05-21.21.26:928][  0]LogTemp: Display: Loaded TP Android_ETC2TargetPlatform
[2017.09.05-21.21.27:087][  0]LogTemp: Display: Loaded TP Android_MultiTargetPlatform
[2017.09.05-21.21.27:088][  0]LogTemp: Display: Loaded TP Android_PVRTCTargetPlatform
[2017.09.05-21.21.27:159][  0]LogTemp: Display: Loaded TP HTML5TargetPlatform
[2017.09.05-21.21.27:302][  0]LogTemp: Display: Loaded TP IOSTargetPlatform
[2017.09.05-21.21.27:337][  0]LogTemp: Display: Loaded TP TVOSTargetPlatform
[2017.09.05-21.21.27:412][  0]LogTemp: Display: Loaded TP LinuxClientTargetPlatform
[2017.09.05-21.21.27:481][  0]LogTemp: Display: Loaded TP LinuxNoEditorTargetPlatform
[2017.09.05-21.21.27:561][  0]LogTemp: Display: Loaded TP LinuxServerTargetPlatform
[2017.09.05-21.21.27:657][  0]LogTemp: Display: Loaded TP LinuxTargetPlatform
[2017.09.05-21.21.27:657][  0]LogTargetPlatformManager: Display: Building Assets For Windows
[2017.09.05-21.21.28:294][  0]LogDerivedDataCache: Display: Max Cache Size: 512 MB
[2017.09.05-21.21.28:465][  0]LogDerivedDataCache: Loaded boot cache 0.17s 106MB C:/Users/Robert Forbes/AppData/Local/UnrealEngine/4.17/DerivedDataCache/Boot.ddc.
[2017.09.05-21.21.28:465][  0]LogDerivedDataCache: Display: Loaded Boot cache: C:/Users/Robert Forbes/AppData/Local/UnrealEngine/4.17/DerivedDataCache/Boot.ddc
[2017.09.05-21.21.28:465][  0]LogDerivedDataCache: FDerivedDataBackendGraph:  Pak pak cache file ../../../../../Unreal Projects/Plan-X/PlanX/DerivedDataCache/DDC.ddp not found, will not use a pak cache.
[2017.09.05-21.21.28:465][  0]LogDerivedDataCache: Unable to find inner node Pak for hierarchical cache Hierarchy.
[2017.09.05-21.21.28:465][  0]LogDerivedDataCache: FDerivedDataBackendGraph:  CompressedPak pak cache file ../../../../../Unreal Projects/Plan-X/PlanX/DerivedDataCache/Compressed.ddp not found, will not use a pak cache.
[2017.09.05-21.21.28:465][  0]LogDerivedDataCache: Unable to find inner node CompressedPak for hierarchical cache Hierarchy.
[2017.09.05-21.21.28:492][  0]LogDerivedDataCache: Display: Pak cache opened for reading ../../../Engine/DerivedDataCache/Compressed.ddp.
[2017.09.05-21.21.28:507][  0]LogDerivedDataCache: Using Local data cache path C:/Users/Robert Forbes/AppData/Local/UnrealEngine/Common/DerivedDataCache: Writable
[2017.09.05-21.21.28:522][  0]LogMaterial: Verifying Global Shaders for PCD3D_SM5
[2017.09.05-21.21.28:522][  0]LogSlate: Using Freetype 2.6.0
[2017.09.05-21.21.28:523][  0]LogSlate: SlateFontCache - WITH_FREETYPE: 1, WITH_HARFBUZZ: 1
[2017.09.05-21.21.28:523][  0]LogSlate: SlateFontCache - WITH_FREETYPE: 1, WITH_HARFBUZZ: 1
[2017.09.05-21.21.28:977][  0]LogAssetRegistry: FAssetRegistry took 0.0290 seconds to start up
[2017.09.05-21.21.29:145][  0]LogInit: Selected Device Profile: [Windows]
[2017.09.05-21.21.29:381][  0]LogContentStreaming: Texture pool size is 0.00 MB
[2017.09.05-21.21.29:817][  0]LogSimplygon: Simplygon DLL not present - disabling.
[2017.09.05-21.21.29:872][  0]LogMeshReduction: Using SimplygonSwarm for distributed automatic mesh merging
[2017.09.05-21.21.29:872][  0]LogMeshReduction: Using QuadricMeshReduction for automatic static mesh reduction
[2017.09.05-21.21.29:872][  0]LogMeshReduction: No automatic skeletal mesh reduction module available
[2017.09.05-21.21.29:872][  0]LogMeshReduction: No automatic mesh merging module available
[2017.09.05-21.21.29:872][  0]LogMeshMerging: No automatic mesh merging module available
[2017.09.05-21.21.30:405][  0]LogNetVersion: PlanX , NetCL: 3573198, EngineNetVer: 2, GameNetVer: 0 (Checksum: 4232075429)
[2017.09.05-21.21.30:728][  0]LogPackageLocalizationCache: Processed 4 localized package path(s) for 2 prioritized culture(s) in 0.064114 seconds
[2017.09.05-21.21.30:738][  0]LogUObjectArray: 35825 objects as part of root set at end of initial load.
[2017.09.05-21.21.30:738][  0]LogUObjectAllocator: 7529112 out of 0 bytes used by permanent object pool.
[2017.09.05-21.21.30:738][  0]LogUObjectArray: CloseDisregardForGC: 0/0 objects in disregard for GC pool
[2017.09.05-21.21.30:813][  0]LogInit: WinSock: version 1.1 (2.2), MaxSocks=32767, MaxUdp=65467
[2017.09.05-21.21.34:212][  0]LogTcpMessaging: Initializing TcpMessaging bridge
[2017.09.05-21.21.34:260][  0]LogUdpMessaging: Initializing bridge on interface 0.0.0.0:0 to multicast group 230.0.0.1:6666.
[2017.09.05-21.21.35:043][  0]SourceControl: Source control is disabled
[2017.09.05-21.21.35:043][  0]SourceControl: Source control is disabled
[2017.09.05-21.21.35:111][  0]SourceControl: Source control is disabled
[2017.09.05-21.21.35:177][  0]SourceControl: Source control is disabled
[2017.09.05-21.21.36:158][  0]LogAndroidPermission: UAndroidPermissionCallbackProxy::GetInstance
[2017.09.05-21.21.36:508][  0]LogAnsel: Tried to load ../../../Engine/Plugins/Runtime/Nvidia/Ansel/Binaries/ThirdParty/AnselSDK64.dll : success=1
[2017.09.05-21.21.36:582][  0]LogOcInput: OculusInput pre-init called
[2017.09.05-21.21.36:918][  0]LogEngine: Initializing Engine...
[2017.09.05-21.21.37:497][  0]LogHMD: SteamVR initialized.  Driver: lighthouse  Display: LHR-21CE5F1D
[2017.09.05-21.21.37:739][  0]LogStats: UGameplayTagsManager::ConstructGameplayTagTree: Construct from data asset -  0.000 s
[2017.09.05-21.21.37:739][  0]LogStats: UGameplayTagsManager::ConstructGameplayTagTree: GameplayTagTreeChangedEvent.Broadcast -  0.000 s
[2017.09.05-21.21.37:848][  0]LogAIModule: Creating AISystem for world Untitled
[2017.09.05-21.21.37:876][  0]LogInit: XAudio2 using 'REAL SPEAKERS!!!!!!!!!! (Realtek High Definition Audio)' : 2 channels at 48 kHz using 32 bits per sample (channel mask 0x3)
[2017.09.05-21.21.37:893][  0]LogInit: FAudioDevice initialized.
[2017.09.05-21.21.38:026][  0]LogDerivedDataCache: Saved boot cache 0.13s 106MB C:/Users/Robert Forbes/AppData/Local/UnrealEngine/4.17/DerivedDataCache/Boot.ddc.
[2017.09.05-21.21.38:041][  0]LogInit: Texture streaming: Enabled
[2017.09.05-21.21.38:075][  0]LogMaterial: Uniform references updated for custom material expression Custom.
[2017.09.05-21.21.38:239][  0]LogEngineSessionManager: EngineSessionManager initialized
[2017.09.05-21.21.38:433][  0]LogInit: Transaction tracking system initialized
[2017.09.05-21.21.38:804][  0]BlueprintLog: New page: Editor Load
[2017.09.05-21.21.39:546][  0]LocalizationService: Localization service is disabled
[2017.09.05-21.21.40:156][  0]LogConsoleResponse: Display: 
[2017.09.05-21.21.40:362][  0]LogCook: Display: Max memory allowance for cook 16384mb min free memory 0mb
[2017.09.05-21.21.40:362][  0]LogCook: Display: Mobile HDR setting 1
[2017.09.05-21.21.40:362][  0]LogGameplayTags: Display: UGameplayTagsManager::DoneAddingNativeTags. DelegateIsBound: 0
[2017.09.05-21.21.41:229][  0]LogFileCache: Scanning file cache for directory 'Q:/Unreal Projects/Plan-X/PlanX/Content/' took 0.02s
[2017.09.05-21.21.41:265][  0]SourceControl: Source control is disabled
[2017.09.05-21.21.41:265][  0]Cmd: MAP LOAD FILE="../../../../../Unreal Projects/Plan-X/PlanX/Content/Assets/Mapt_data/Challenge_Levels/Challange_L_1_0.umap" TEMPLATE=0 SHOWPROGRESS=1 FEATURELEVEL=3
[2017.09.05-21.21.41:265][  0]LightingResults: New page: Lighting Build
[2017.09.05-21.21.41:296][  0]MapCheck: New page: Map Check
[2017.09.05-21.21.41:296][  0]LightingResults: New page: Lighting Build
[2017.09.05-21.21.41:765][  0]LogAIModule: Creating AISystem for world Challange_L_1_0
[2017.09.05-21.21.41:771][  0]LogEditorServer: Finished looking for orphan Actors (0.000 secs)
[2017.09.05-21.21.41:785][  0]Cmd: MAP CHECKDEP NOCLEARLOG
[2017.09.05-21.21.41:842][  0]MapCheck: Map check complete: 0 Error(s), 0 Warning(s), took 57.109ms to complete.
[2017.09.05-21.21.41:842][  0]LogFileHelpers: Loading map 'Challange_L_1_0' took 0.577
[2017.09.05-21.21.41:973][  0]LogCollectionManager: Loaded 0 collections in 0.001446 seconds
[2017.09.05-21.21.42:047][  0]LogFileCache: Scanning file cache for directory 'Q:/Unreal Projects/Plan-X/PlanX/Saved/Collections/' took 0.01s
[2017.09.05-21.21.42:047][  0]LogFileCache: Scanning file cache for directory 'Q:/Unreal Projects/Plan-X/PlanX/Content/Developers/RobertForbes/Collections/' took 0.01s
[2017.09.05-21.21.42:047][  0]LogFileCache: Scanning file cache for directory 'Q:/Unreal Projects/Plan-X/PlanX/Content/Collections/' took 0.01s
[2017.09.05-21.21.42:047][  0]LogCollectionManager: Rebuilt the GUID cache for 0 collections in 0.000001 seconds
[2017.09.05-21.21.42:057][  0]LogContentBrowser: Native class hierarchy populated in 0.0098 seconds. Added 2337 classes and 483 folders.
[2017.09.05-21.21.42:105][  0]LogContentBrowser: Native class hierarchy updated for 'WidgetCarousel' in 0.0007 seconds. Added 0 classes and 0 folders.
[2017.09.05-21.21.42:158][  0]LogContentBrowser: Native class hierarchy updated for 'AddContentDialog' in 0.0007 seconds. Added 0 classes and 0 folders.
[2017.09.05-21.21.42:192][  0]LogContentBrowser: Native class hierarchy updated for 'SceneOutliner' in 0.0008 seconds. Added 1 classes and 2 folders.
[2017.09.05-21.21.42:212][  0]LogSlate: Took 0.000376 seconds to synchronously load lazily loaded font '../../../Engine/Content/Slate/Fonts/Roboto-Regular.ttf' (155K)
[2017.09.05-21.21.42:215][  0]LogSlate: Took 0.000532 seconds to synchronously load lazily loaded font '../../../Engine/Content/Slate/Fonts/Roboto-Bold.ttf' (160K)
[2017.09.05-21.21.42:221][  0]LogSlate: Took 0.000409 seconds to synchronously load lazily loaded font '../../../Engine/Content/Editor/Slate/Fonts/FontAwesome.ttf' (139K)
[2017.09.05-21.21.42:318][  0]LogRenderer: Reallocating scene render targets to support 1208x576 Format 26 NumSamples 1 (Frame:1).
[2017.09.05-21.21.42:451][  0]LogContentBrowser: Native class hierarchy updated for 'HierarchicalLODOutliner' in 0.0008 seconds. Added 1 classes and 2 folders.
[2017.09.05-21.21.42:451][  0]LogLoad: (Engine Initialization) Total time: 23.31 seconds
[2017.09.05-21.21.42:451][  0]LogLoad: (Engine Initialization) Total Blueprint compile time: 0.00 seconds
[2017.09.05-21.21.42:451][  0]LogExternalProfiler: Found external profiler: VSPerf
[2017.09.05-21.21.42:451][  0]LogExternalProfiler: Using external profiler: VSPerf
[2017.09.05-21.21.42:491][  0]LogContentStreaming: Texture pool size now 1000 MB
[2017.09.05-21.21.42:524][  0]LogSlate: Took 0.000249 seconds to synchronously load lazily loaded font '../../../Engine/Content/Slate/Fonts/Roboto-Light.ttf' (159K)
[2017.09.05-21.21.42:527][  1]LogFileCache: Retrieving MD5 hashes for directory 'Q:/Unreal Projects/Plan-X/PlanX/Content/' took 0.05s
[2017.09.05-21.21.42:534][  1]LogAssetRegistry: Asset discovery search completed in 13.5787 seconds
[2017.09.05-21.21.42:536][  1]LogCollectionManager: Rebuilt the object cache for 0 collections in 0.000001 seconds (found 0 objects)
[2017.09.05-21.21.42:536][  1]LogCollectionManager: Fixed up redirectors for 0 collections in 0.000090 seconds (updated 0 objects)
[2017.09.05-21.22.02:918][125]LogPlayLevel: PlayLevel: No blueprints needed recompiling
[2017.09.05-21.22.02:919][125]PIE: New page: PIE session: Challange_L_1_0 (Sep 5, 2017, 1:22:02 PM)
[2017.09.05-21.22.02:919][125]LogPlayLevel: Creating play world package: /Game/Assets/Mapt_data/Challenge_Levels/UEDPIE_0_Challange_L_1_0
[2017.09.05-21.22.02:922][125]LogPlayLevel: PIE: StaticDuplicateObject took: (0.003057s)
[2017.09.05-21.22.02:922][125]LogAIModule: Creating AISystem for world Challange_L_1_0
[2017.09.05-21.22.02:923][125]LogPlayLevel: PIE: World Init took: (0.000636s)
[2017.09.05-21.22.02:923][125]LogPlayLevel: PIE: Created PIE world by copying editor world from /Game/Assets/Mapt_data/Challenge_Levels/Challange_L_1_0.Challange_L_1_0 to /Game/Assets/Mapt_data/Challenge_Levels/UEDPIE_0_Challange_L_1_0.Challange_L_1_0 (0.003929s)
[2017.09.05-21.22.02:942][125]LogInit: XAudio2 using 'REAL SPEAKERS!!!!!!!!!! (Realtek High Definition Audio)' : 2 channels at 48 kHz using 32 bits per sample (channel mask 0x3)
[2017.09.05-21.22.02:953][125]LogInit: FAudioDevice initialized.
[2017.09.05-21.22.03:055][125]LogLoad: Game class is 'GameMode'
[2017.09.05-21.22.03:057][125]LogWorld: Bringing World /Game/Assets/Mapt_data/Challenge_Levels/UEDPIE_0_Challange_L_1_0.Challange_L_1_0 up for play (max tick rate 0) at 2017.09.05-17.22.03
[2017.09.05-21.22.03:057][125]LogWorld: Bringing up level for play took: 0.001631
[2017.09.05-21.22.03:058][125]LogGameMode: FindPlayerStart: PATHS NOT DEFINED or NO PLAYERSTART with positive rating
[2017.09.05-21.22.03:091][125]LogContentBrowser: Native class hierarchy updated for 'MovieSceneCapture' in 0.0009 seconds. Added 11 classes and 0 folders.
[2017.09.05-21.22.03:092][125]LogGameMode: Display: Match State Changed from EnteringMap to WaitingToStart
[2017.09.05-21.22.03:092][125]LogGameState: Match State Changed from EnteringMap to WaitingToStart
[2017.09.05-21.22.03:092][125]LogGameMode: Display: Match State Changed from WaitingToStart to InProgress
[2017.09.05-21.22.03:095][125]LogGameState: Match State Changed from WaitingToStart to InProgress
[2017.09.05-21.22.03:099][125]PIE: Play in editor start time for /Game/Assets/Mapt_data/Challenge_Levels/UEDPIE_0_Challange_L_1_0 -0.036
[2017.09.05-21.22.03:102][125]LogAnsel: We reckon 0.010000 meters to 1 world unit
[2017.09.05-21.22.03:139][126]LogRenderer: Reallocating scene render targets to support 3024x1680 Format 26 NumSamples 1 (Frame:1).
[2017.09.05-21.22.19:229][564]LogSteamVRController: Controller role for device 3 is 0 (invalid=0, left=1, right=2).
[2017.09.05-21.22.19:229][564]LogSteamVRController: Warning: Controller device 3 has no role set.  There is no 'right' controller according to steamvr, so we are pickign that.
[2017.09.05-21.22.19:329][573]LogSteamVRController: Controller role for device 4 is 0 (invalid=0, left=1, right=2).
[2017.09.05-21.22.19:329][573]LogSteamVRController: Putting controller 4 on the left hand because there is already a controller for the right.
[2017.09.05-21.22.40:799][516]LogEditorViewport: Clicking on Actor (LMB): MotionControllerPawn_C (VRPawn)
[2017.09.05-21.22.41:683][605]LogSlate: Took 0.000320 seconds to synchronously load lazily loaded font '../../../Engine/Content/Editor/Slate/Fonts/Roboto-Italic.ttf' (157K)
[2017.09.05-21.22.51:022][620]LogEditorViewport: Clicking Background
[2017.09.05-21.22.58:019][451]LogEditorViewport: Clicking on Actor (LMB): MotionControllerPawn_C (VRPawn)
[2017.09.05-21.23.18:338][837]LogEditorViewport: Clicking Background
[2017.09.05-21.23.20:363][ 75]LogEditorViewport: Clicking on Actor (LMB): MotionControllerPawn_C (VRPawn)
[2017.09.05-21.23.27:729][936]LogEditorViewport: Clicking Background
[2017.09.05-21.23.29:546][146]LogPlayLevel: PlayLevel: No blueprints needed recompiling
[2017.09.05-21.23.29:546][146]PIE: New page: PIE session: Challange_L_1_0 (Sep 5, 2017, 1:23:29 PM)
[2017.09.05-21.23.29:546][146]LogPlayLevel: Creating play world package: /Game/Assets/Mapt_data/Challenge_Levels/UEDPIE_0_Challange_L_1_0
[2017.09.05-21.23.29:550][146]LogPlayLevel: PIE: StaticDuplicateObject took: (0.003099s)
[2017.09.05-21.23.29:550][146]LogAIModule: Creating AISystem for world Challange_L_1_0
[2017.09.05-21.23.29:551][146]LogPlayLevel: PIE: World Init took: (0.000944s)
[2017.09.05-21.23.29:551][146]LogPlayLevel: PIE: Created PIE world by copying editor world from /Game/Assets/Mapt_data/Challenge_Levels/Challange_L_1_0.Challange_L_1_0 to /Game/Assets/Mapt_data/Challenge_Levels/UEDPIE_0_Challange_L_1_0.Challange_L_1_0 (0.004408s)
[2017.09.05-21.23.29:573][146]LogInit: XAudio2 using 'REAL SPEAKERS!!!!!!!!!! (Realtek High Definition Audio)' : 2 channels at 48 kHz using 32 bits per sample (channel mask 0x3)
[2017.09.05-21.23.29:583][146]LogInit: FAudioDevice initialized.
[2017.09.05-21.23.29:672][146]LogLoad: Game class is 'GameMode'
[2017.09.05-21.23.29:675][146]LogWorld: Bringing World /Game/Assets/Mapt_data/Challenge_Levels/UEDPIE_0_Challange_L_1_0.Challange_L_1_0 up for play (max tick rate 0) at 2017.09.05-17.23.29
[2017.09.05-21.23.29:675][146]LogWorld: Bringing up level for play took: 0.002007
[2017.09.05-21.23.29:675][146]LogGameMode: FindPlayerStart: PATHS NOT DEFINED or NO PLAYERSTART with positive rating
[2017.09.05-21.23.29:675][146]LogGameMode: Display: Match State Changed from EnteringMap to WaitingToStart
[2017.09.05-21.23.29:675][146]LogGameState: Match State Changed from EnteringMap to WaitingToStart
[2017.09.05-21.23.29:675][146]LogGameMode: Display: Match State Changed from WaitingToStart to InProgress
[2017.09.05-21.23.29:678][146]LogGameState: Match State Changed from WaitingToStart to InProgress
[2017.09.05-21.23.29:682][146]PIE: Play in editor start time for /Game/Assets/Mapt_data/Challenge_Levels/UEDPIE_0_Challange_L_1_0 0.547
[2017.09.05-21.24.31:225][713]LogSlate: Took 0.000247 seconds to synchronously load lazily loaded font '../../../Engine/Content/Slate/Fonts/Roboto-Light.ttf' (159K)
[2017.09.05-21.24.31:297][713]LogSavePackage: Save=43.36ms
[2017.09.05-21.24.31:297][713]LogSavePackage: Moving '../../../../../Unreal Projects/Plan-X/PlanX/Saved/Challange_L_1_0A9A74D3D4F403AE0A310D2AA5D890DD0.tmp' to '../../../../../Unreal Projects/Plan-X/PlanX/Content/Assets/Mapt_data/Challenge_Levels/Challange_L_1_0.umap'
[2017.09.05-21.24.31:303][713]LogSavePackage: Display: Finished SavePackage ../../../../../Unreal Projects/Plan-X/PlanX/Content/Assets/Mapt_data/Challenge_Levels/Challange_L_1_0.umap
[2017.09.05-21.24.33:055][713]LogSlate: Took 0.000212 seconds to synchronously load lazily loaded font '../../../Engine/Content/Slate/Fonts/Roboto-Regular.ttf' (155K)
[2017.09.05-21.24.33:681][713]LogSavePackage: Save=2307.69ms
[2017.09.05-21.24.33:681][713]LogSavePackage: Moving '../../../../../Unreal Projects/Plan-X/PlanX/Saved/Challange_L_1_0_BuiltData5E43A2494D996DD9A9198BBFA3FF1D7E.tmp' to '../../../../../Unreal Projects/Plan-X/PlanX/Content/Assets/Mapt_data/Challenge_Levels/Challange_L_1_0_BuiltData.uasset'
[2017.09.05-21.24.33:683][713]LogSavePackage: Display: Finished SavePackage ../../../../../Unreal Projects/Plan-X/PlanX/Content/Assets/Mapt_data/Challenge_Levels/Challange_L_1_0_BuiltData.uasset
[2017.09.05-21.24.52:893][988]LogEditorViewport: Clicking on Actor (LMB): MotionControllerPawn_C (VRPawn)
[2017.09.05-21.24.53:612][ 63]LogEditorViewport: Clicking on Actor (LMB): StaticMeshActor (Floor_Ceiling)
[2017.09.05-21.24.54:208][122]LogEditorViewport: Clicking on Actor (LMB): PickUp_Disk_Blueprint_C (PickUp_Disk_Blueprint)
[2017.09.05-21.25.25:882][829]LogEditorViewport: Clicking on Actor (LMB): StaticMeshActor (Floor_Ceiling)
[2017.09.05-21.25.26:509][898]LogEditorViewport: Clicking on Actor (LMB): PickUp_Disk_Blueprint_C (PickUp_Disk_Blueprint)
[2017.09.05-21.26.08:154][761]LogEditorViewport: Clicking on Actor (context menu): PickUp_Disk_Blueprint_C (VR_Disc)
[2017.09.05-21.26.08:862][829]LogEditorViewport: Clicking on Actor (LMB): PickUp_Disk_Blueprint_C (VR_Disc)
[2017.09.05-21.26.09:297][876]LogEditorViewport: Clicking on Actor (context menu): PickUp_Disk_Blueprint_C (VR_Disc)
[2017.09.05-21.26.09:850][938]LogEditorViewport: Clicking on Actor (LMB): PickUp_Disk_Blueprint_C (VR_Disc)
[2017.09.05-21.26.10:717][ 39]Cmd: EDIT COPY
[2017.09.05-21.26.15:322][556]LogSavePackage: Save=43.45ms
[2017.09.05-21.26.15:322][556]LogSavePackage: Moving '../../../../../Unreal Projects/Plan-X/PlanX/Saved/Challange_L_1_0F83F142144136C81AA444EADD64D6259.tmp' to '../../../../../Unreal Projects/Plan-X/PlanX/Content/Assets/Mapt_data/Challenge_Levels/Challange_L_1_0.umap'
[2017.09.05-21.26.15:325][556]LogSavePackage: Display: Finished SavePackage ../../../../../Unreal Projects/Plan-X/PlanX/Content/Assets/Mapt_data/Challenge_Levels/Challange_L_1_0.umap
[2017.09.05-21.26.16:630][556]LogSavePackage: Save=1270.18ms
[2017.09.05-21.26.16:630][556]LogSavePackage: Moving '../../../../../Unreal Projects/Plan-X/PlanX/Saved/Challange_L_1_0_BuiltData984440AE4718A5A13531D5B50CC89BD3.tmp' to '../../../../../Unreal Projects/Plan-X/PlanX/Content/Assets/Mapt_data/Challenge_Levels/Challange_L_1_0_BuiltData.uasset'
[2017.09.05-21.26.16:631][556]LogSavePackage: Display: Finished SavePackage ../../../../../Unreal Projects/Plan-X/PlanX/Content/Assets/Mapt_data/Challenge_Levels/Challange_L_1_0_BuiltData.uasset
[2017.09.05-21.26.25:013][438]LogAIModule: Creating AISystem for world MotionControllerMap
[2017.09.05-21.26.25:101][438]Cmd: MAP LOAD FILE="../../../../../Unreal Projects/Plan-X/PlanX/Content/VirtualRealityBP/Maps/MotionControllerMap.umap" TEMPLATE=0 SHOWPROGRESS=1 FEATURELEVEL=3
[2017.09.05-21.26.25:101][438]LightingResults: New page: Lighting Build
[2017.09.05-21.26.25:101][438]LoadErrors: New page: Loading map: MotionControllerMap.umap
[2017.09.05-21.26.25:102][438]MapCheck: New page: Map Check
[2017.09.05-21.26.25:102][438]LightingResults: New page: Lighting Build
[2017.09.05-21.26.25:229][438]LogEditorServer: Finished looking for orphan Actors (0.000 secs)
[2017.09.05-21.26.25:298][438]Cmd: MAP CHECKDEP NOCLEARLOG
[2017.09.05-21.26.25:359][438]MapCheck: Map check complete: 0 Error(s), 0 Warning(s), took 60.543ms to complete.
[2017.09.05-21.26.25:359][438]LogFileHelpers: Loading map 'MotionControllerMap' took 0.269
[2017.09.05-21.26.29:213][871]Cmd: EDIT PASTE
[2017.09.05-21.26.32:190][205]Cmd: CAMERA ALIGN ACTIVEVIEWPORTONLY
[2017.09.05-21.26.35:779][624]Cmd: CAMERA ALIGN ACTIVEVIEWPORTONLY
[2017.09.05-21.26.37:532][830]Cmd: CAMERA ALIGN ACTIVEVIEWPORTONLY
[2017.09.05-21.26.40:496][159]Cmd: CAMERA ALIGN ACTIVEVIEWPORTONLY
[2017.09.05-21.26.43:763][537]Cmd: CAMERA ALIGN ACTIVEVIEWPORTONLY
[2017.09.05-21.26.46:487][846]Cmd: CAMERA ALIGN ACTIVEVIEWPORTONLY
[2017.09.05-21.26.55:511][898]LogEditorViewport: Clicking on Actor (LMB): BP_Sky_Sphere_C (SkySphereBlueprint2)
[2017.09.05-21.26.56:373][996]LogEditorViewport: Clicking on Actor (LMB): PickUp_Disk_Blueprint_C (VR_Disc)
[2017.09.05-21.27.07:080][246]LogBlueprintUserMessages: Early PlayInEditor Detection: Level '/Game/VirtualRealityBP/Maps/MotionControllerMap.MotionControllerMap:PersistentLevel' has LevelScriptBlueprint '/Game/VirtualRealityBP/Maps/MotionControllerMap.MotionControllerMap:PersistentLevel.MotionControllerMap' with GeneratedClass '/Game/VirtualRealityBP/Maps/MotionControllerMap.MotionControllerMap_C' with ClassGeneratedBy '/Game/VirtualRealityBP/Maps/MotionControllerMap.MotionControllerMap:PersistentLevel.MotionControllerMap'
[2017.09.05-21.27.07:080][246]LogPlayLevel: PlayLevel: No blueprints needed recompiling
[2017.09.05-21.27.07:080][246]PIE: New page: PIE session: MotionControllerMap (Sep 5, 2017, 1:27:07 PM)
[2017.09.05-21.27.07:080][246]LogPlayLevel: Creating play world package: /Game/VirtualRealityBP/Maps/UEDPIE_0_MotionControllerMap
[2017.09.05-21.27.07:120][246]LogPlayLevel: PIE: StaticDuplicateObject took: (0.039277s)
[2017.09.05-21.27.07:120][246]LogAIModule: Creating AISystem for world MotionControllerMap
[2017.09.05-21.27.07:121][246]LogPlayLevel: PIE: World Init took: (0.000903s)
[2017.09.05-21.27.07:121][246]LogPlayLevel: PIE: Created PIE world by copying editor world from /Game/VirtualRealityBP/Maps/MotionControllerMap.MotionControllerMap to /Game/VirtualRealityBP/Maps/UEDPIE_0_MotionControllerMap.MotionControllerMap (0.040532s)
[2017.09.05-21.27.07:147][246]LogInit: XAudio2 using 'REAL SPEAKERS!!!!!!!!!! (Realtek High Definition Audio)' : 2 channels at 48 kHz using 32 bits per sample (channel mask 0x3)
[2017.09.05-21.27.07:159][246]LogInit: FAudioDevice initialized.
[2017.09.05-21.27.07:250][246]LogLoad: Game class is 'GameMode'
[2017.09.05-21.27.07:252][246]LogWorld: Bringing World /Game/VirtualRealityBP/Maps/UEDPIE_0_MotionControllerMap.MotionControllerMap up for play (max tick rate 0) at 2017.09.05-17.27.07
[2017.09.05-21.27.07:253][246]LogWorld: Bringing up level for play took: 0.002187
[2017.09.05-21.27.07:253][246]LogGameMode: Display: Match State Changed from EnteringMap to WaitingToStart
[2017.09.05-21.27.07:253][246]LogGameState: Match State Changed from EnteringMap to WaitingToStart
[2017.09.05-21.27.07:253][246]LogGameMode: Display: Match State Changed from WaitingToStart to InProgress
[2017.09.05-21.27.07:255][246]LogGameState: Match State Changed from WaitingToStart to InProgress
[2017.09.05-21.27.07:260][246]PIE: Play in editor start time for /Game/VirtualRealityBP/Maps/UEDPIE_0_MotionControllerMap 0.125
[2017.09.05-21.27.07:261][246]LogBlueprintUserMessages: Late PlayInEditor Detection: Level '/Game/VirtualRealityBP/Maps/MotionControllerMap.MotionControllerMap:PersistentLevel' has LevelScriptBlueprint '/Game/VirtualRealityBP/Maps/MotionControllerMap.MotionControllerMap:PersistentLevel.MotionControllerMap' with GeneratedClass '/Game/VirtualRealityBP/Maps/MotionControllerMap.MotionControllerMap_C' with ClassGeneratedBy '/Game/VirtualRealityBP/Maps/MotionControllerMap.MotionControllerMap:PersistentLevel.MotionControllerMap'
[2017.09.05-21.27.47:809][869]LogBlueprintUserMessages: Early EndPlayMap Detection: Level '/Game/VirtualRealityBP/Maps/MotionControllerMap.MotionControllerMap:PersistentLevel' has LevelScriptBlueprint '/Game/VirtualRealityBP/Maps/MotionControllerMap.MotionControllerMap:PersistentLevel.MotionControllerMap' with GeneratedClass '/Game/VirtualRealityBP/Maps/MotionControllerMap.MotionControllerMap_C' with ClassGeneratedBy '/Game/VirtualRealityBP/Maps/MotionControllerMap.MotionControllerMap:PersistentLevel.MotionControllerMap'
[2017.09.05-21.27.47:970][869]LogBlueprintUserMessages: Late EndPlayMap Detection: Level '/Game/VirtualRealityBP/Maps/MotionControllerMap.MotionControllerMap:PersistentLevel' has LevelScriptBlueprint '/Game/VirtualRealityBP/Maps/MotionControllerMap.MotionControllerMap:PersistentLevel.MotionControllerMap' with GeneratedClass '/Game/VirtualRealityBP/Maps/MotionControllerMap.MotionControllerMap_C' with ClassGeneratedBy '/Game/VirtualRealityBP/Maps/MotionControllerMap.MotionControllerMap:PersistentLevel.MotionControllerMap'
[2017.09.05-21.27.51:169][234]Cmd: CAMERA ALIGN ACTIVEVIEWPORTONLY
[2017.09.05-21.27.52:395][364]LogEditorViewport: Clicking on Actor (LMB): PickUp_Disk_Blueprint_C (VR_Disc)
[2017.09.05-21.27.57:964][996]LogBlueprintUserMessages: Early PlayInEditor Detection: Level '/Game/VirtualRealityBP/Maps/MotionControllerMap.MotionControllerMap:PersistentLevel' has LevelScriptBlueprint '/Game/VirtualRealityBP/Maps/MotionControllerMap.MotionControllerMap:PersistentLevel.MotionControllerMap' with GeneratedClass '/Game/VirtualRealityBP/Maps/MotionControllerMap.MotionControllerMap_C' with ClassGeneratedBy '/Game/VirtualRealityBP/Maps/MotionControllerMap.MotionControllerMap:PersistentLevel.MotionControllerMap'
[2017.09.05-21.27.57:964][996]LogPlayLevel: PlayLevel: No blueprints needed recompiling
[2017.09.05-21.27.57:964][996]PIE: New page: PIE session: MotionControllerMap (Sep 5, 2017, 1:27:57 PM)
[2017.09.05-21.27.57:964][996]LogPlayLevel: Creating play world package: /Game/VirtualRealityBP/Maps/UEDPIE_0_MotionControllerMap
[2017.09.05-21.27.57:972][996]LogPlayLevel: PIE: StaticDuplicateObject took: (0.007756s)
[2017.09.05-21.27.57:973][996]LogAIModule: Creating AISystem for world MotionControllerMap
[2017.09.05-21.27.57:973][996]LogPlayLevel: PIE: World Init took: (0.000689s)
[2017.09.05-21.27.57:973][996]LogPlayLevel: PIE: Created PIE world by copying editor world from /Game/VirtualRealityBP/Maps/MotionControllerMap.MotionControllerMap to /Game/VirtualRealityBP/Maps/UEDPIE_0_MotionControllerMap.MotionControllerMap (0.008704s)
[2017.09.05-21.27.57:993][996]LogInit: XAudio2 using 'REAL SPEAKERS!!!!!!!!!! (Realtek High Definition Audio)' : 2 channels at 48 kHz using 32 bits per sample (channel mask 0x3)
[2017.09.05-21.27.58:002][996]LogInit: FAudioDevice initialized.
[2017.09.05-21.27.58:093][996]LogLoad: Game class is 'GameMode'
[2017.09.05-21.27.58:095][996]LogWorld: Bringing World /Game/VirtualRealityBP/Maps/UEDPIE_0_MotionControllerMap.MotionControllerMap up for play (max tick rate 0) at 2017.09.05-17.27.58
[2017.09.05-21.27.58:095][996]LogWorld: Bringing up level for play took: 0.001945
[2017.09.05-21.27.58:096][996]LogGameMode: Display: Match State Changed from EnteringMap to WaitingToStart
[2017.09.05-21.27.58:096][996]LogGameState: Match State Changed from EnteringMap to WaitingToStart
[2017.09.05-21.27.58:096][996]LogGameMode: Display: Match State Changed from WaitingToStart to InProgress
[2017.09.05-21.27.58:098][996]LogGameState: Match State Changed from WaitingToStart to InProgress
[2017.09.05-21.27.58:103][996]PIE: Play in editor start time for /Game/VirtualRealityBP/Maps/UEDPIE_0_MotionControllerMap 0.968
[2017.09.05-21.27.58:103][996]LogBlueprintUserMessages: Late PlayInEditor Detection: Level '/Game/VirtualRealityBP/Maps/MotionControllerMap.MotionControllerMap:PersistentLevel' has LevelScriptBlueprint '/Game/VirtualRealityBP/Maps/MotionControllerMap.MotionControllerMap:PersistentLevel.MotionControllerMap' with GeneratedClass '/Game/VirtualRealityBP/Maps/MotionControllerMap.MotionControllerMap_C' with ClassGeneratedBy '/Game/VirtualRealityBP/Maps/MotionControllerMap.MotionControllerMap:PersistentLevel.MotionControllerMap'
[2017.09.05-21.29.03:511][849]LogBlueprintUserMessages: Early EndPlayMap Detection: Level '/Game/VirtualRealityBP/Maps/MotionControllerMap.MotionControllerMap:PersistentLevel' has LevelScriptBlueprint '/Game/VirtualRealityBP/Maps/MotionControllerMap.MotionControllerMap:PersistentLevel.MotionControllerMap' with GeneratedClass '/Game/VirtualRealityBP/Maps/MotionControllerMap.MotionControllerMap_C' with ClassGeneratedBy '/Game/VirtualRealityBP/Maps/MotionControllerMap.MotionControllerMap:PersistentLevel.MotionControllerMap'
[2017.09.05-21.29.03:685][849]LogBlueprintUserMessages: Late EndPlayMap Detection: Level '/Game/VirtualRealityBP/Maps/MotionControllerMap.MotionControllerMap:PersistentLevel' has LevelScriptBlueprint '/Game/VirtualRealityBP/Maps/MotionControllerMap.MotionControllerMap:PersistentLevel.MotionControllerMap' with GeneratedClass '/Game/VirtualRealityBP/Maps/MotionControllerMap.MotionControllerMap_C' with ClassGeneratedBy '/Game/VirtualRealityBP/Maps/MotionControllerMap.MotionControllerMap:PersistentLevel.MotionControllerMap'
[2017.09.05-21.29.06:161][126]LogEditorViewport: Clicking on Actor (LMB): MotionControllerPawn_C (VRPawn)
[2017.09.05-21.29.07:820][304]LogEditorViewport: Clicking on Actor (LMB): PickUp_Disk_Blueprint_C (VR_Disc)
[2017.09.05-21.29.14:980][ 47]LogContentBrowser: Native class hierarchy updated for 'BlueprintGraph' in 0.0025 seconds. Added 113 classes and 0 folders.
[2017.09.05-21.29.16:100][ 47]LogSlate: Took 0.012820 seconds to synchronously load lazily loaded font '../../../Engine/Content/Editor/Slate/Fonts/Roboto-BoldCondensed.ttf' (158K)
[2017.09.05-21.29.34:921][466]Cmd: EDIT COPY
[2017.09.05-21.29.39:168][963]LogEditorViewport: Clicking on Actor (LMB): BP_Sky_Sphere_C (SkySphereBlueprint2)
[2017.09.05-21.29.42:113][302]Cmd: EDIT COPY
[2017.09.05-21.29.53:047][586]LogAIModule: Creating AISystem for world Challange_L_1_0
[2017.09.05-21.29.57:043][586]Cmd: MAP LOAD FILE="../../../../../Unreal Projects/Plan-X/PlanX/Content/Assets/Mapt_data/Challenge_Levels/Challange_L_1_0.umap" TEMPLATE=0 SHOWPROGRESS=1 FEATURELEVEL=3
[2017.09.05-21.29.57:045][586]LightingResults: New page: Lighting Build
[2017.09.05-21.29.57:046][586]LoadErrors: New page: Loading map: Challange_L_1_0.umap
[2017.09.05-21.29.57:063][586]MapCheck: New page: Map Check
[2017.09.05-21.29.57:063][586]LightingResults: New page: Lighting Build
[2017.09.05-21.29.57:083][586]LogEditorServer: Finished looking for orphan Actors (0.000 secs)
[2017.09.05-21.29.57:129][586]Cmd: MAP CHECKDEP NOCLEARLOG
[2017.09.05-21.29.57:197][586]MapCheck: Map check complete: 0 Error(s), 0 Warning(s), took 68.488ms to complete.
[2017.09.05-21.29.57:197][586]LogFileHelpers: Loading map 'Challange_L_1_0' took 0.155
[2017.09.05-21.29.59:120][811]Cmd: EDIT PASTE
[2017.09.05-21.30.09:641][ 36]Cmd: CAMERA ALIGN ACTIVEVIEWPORTONLY
[2017.09.05-21.30.12:030][317]Cmd: CAMERA ALIGN ACTIVEVIEWPORTONLY
[2017.09.05-21.30.20:612][312]Cmd: TRANSACTION UNDO
[2017.09.05-21.30.20:612][312]LogEditorTransaction: Undo Move Actors
[2017.09.05-21.30.20:660][312]LogSlate: Took 0.000260 seconds to synchronously load lazily loaded font '../../../Engine/Content/Slate/Fonts/Roboto-Light.ttf' (159K)
[2017.09.05-21.30.21:172][364]Cmd: TRANSACTION UNDO
[2017.09.05-21.30.21:172][364]LogEditorTransaction: Undo Paste
[2017.09.05-21.30.29:545][333]LogAIModule: Creating AISystem for world WorkingTestPawn
[2017.09.05-21.30.30:666][333]Cmd: MAP LOAD FILE="../../../../../Unreal Projects/Plan-X/PlanX/Content/Assets/Mapt_data/Test_Levels/WorkingTestPawn.umap" TEMPLATE=0 SHOWPROGRESS=1 FEATURELEVEL=3
[2017.09.05-21.30.30:667][333]LightingResults: New page: Lighting Build
[2017.09.05-21.30.30:668][333]LoadErrors: New page: Loading map: WorkingTestPawn.umap
[2017.09.05-21.30.30:669][333]MapCheck: New page: Map Check
[2017.09.05-21.30.30:669][333]LightingResults: New page: Lighting Build
[2017.09.05-21.30.30:689][333]LogEditorServer: Finished looking for orphan Actors (0.000 secs)
[2017.09.05-21.30.30:735][333]Cmd: MAP CHECKDEP NOCLEARLOG
[2017.09.05-21.30.30:816][333]MapCheck: Map check complete: 0 Error(s), 0 Warning(s), took 80.832ms to complete.
[2017.09.05-21.30.30:816][333]LogFileHelpers: Loading map 'WorkingTestPawn' took 0.152
[2017.09.05-21.30.32:740][556]Cmd: EDIT PASTE
[2017.09.05-21.30.38:006][167]LogEditorViewport: Clicking on Actor (LMB): StaticMeshActor (Floor)
[2017.09.05-21.30.53:631][988]LogEditorViewport: Clicking on Actor (LMB): StaticMeshActor (Floor)
[2017.09.05-21.30.57:008][380]Cmd: TRANSACTION UNDO
[2017.09.05-21.30.57:008][380]LogEditorTransaction: Undo Move Actors
[2017.09.05-21.31.00:955][829]LogEditorViewport: Clicking on Actor (LMB): BP_Sky_Sphere_C (Sky Sphere)
[2017.09.05-21.31.08:526][701]MapCheck: New page: Map Check
[2017.09.05-21.31.08:699][701]Cmd: MAP CHECK DONTDISPLAYDIALOG
[2017.09.05-21.31.08:699][701]MapCheck: New page: WorkingTestPawn - Sep 5, 2017, 1:31:08 PM
[2017.09.05-21.31.08:747][701]MapCheck: Error: WorldSettings_1 Maps need lighting rebuilt 
[2017.09.05-21.31.08:810][701]MapCheck: Map check complete: 1 Error(s), 0 Warning(s), took 110.504ms to complete.
[2017.09.05-21.31.08:832][701]LogEditorBuildUtils: Build time 0:00
[2017.09.05-21.31.12:473][ 89]LogEditorViewport: Clicking on Actor (LMB): BP_Sky_Sphere_C (Sky Sphere)
[2017.09.05-21.31.16:989][581]LogEditorViewport: Clicking on Actor (LMB): BP_Sky_Sphere_C (Sky Sphere)
[2017.09.05-21.31.27:851][760]LogEditorViewport: Clicking on Actor (LMB): BP_Sky_Sphere_C (Sky Sphere)
[2017.09.05-21.31.31:197][140]LogPlayLevel: PlayLevel: No blueprints needed recompiling
[2017.09.05-21.31.31:197][140]PIE: New page: PIE session: WorkingTestPawn (Sep 5, 2017, 1:31:31 PM)
[2017.09.05-21.31.31:197][140]LogPlayLevel: Creating play world package: /Game/Assets/Mapt_data/Test_Levels/UEDPIE_0_WorkingTestPawn
[2017.09.05-21.31.31:201][140]LogPlayLevel: PIE: StaticDuplicateObject took: (0.003762s)
[2017.09.05-21.31.31:201][140]LogAIModule: Creating AISystem for world WorkingTestPawn
[2017.09.05-21.31.31:202][140]LogPlayLevel: PIE: World Init took: (0.000722s)
[2017.09.05-21.31.31:202][140]LogPlayLevel: PIE: Created PIE world by copying editor world from /Game/Assets/Mapt_data/Test_Levels/WorkingTestPawn.WorkingTestPawn to /Game/Assets/Mapt_data/Test_Levels/UEDPIE_0_WorkingTestPawn.WorkingTestPawn (0.004709s)
[2017.09.05-21.31.31:227][140]LogInit: XAudio2 using 'REAL SPEAKERS!!!!!!!!!! (Realtek High Definition Audio)' : 2 channels at 48 kHz using 32 bits per sample (channel mask 0x3)
[2017.09.05-21.31.31:237][140]LogInit: FAudioDevice initialized.
[2017.09.05-21.31.31:323][140]LogLoad: Game class is 'GameMode'
[2017.09.05-21.31.31:326][140]LogWorld: Bringing World /Game/Assets/Mapt_data/Test_Levels/UEDPIE_0_WorkingTestPawn.WorkingTestPawn up for play (max tick rate 0) at 2017.09.05-17.31.31
[2017.09.05-21.31.31:326][140]LogWorld: Bringing up level for play took: 0.001921
[2017.09.05-21.31.31:327][140]LogGameMode: Display: Match State Changed from EnteringMap to WaitingToStart
[2017.09.05-21.31.31:327][140]LogGameState: Match State Changed from EnteringMap to WaitingToStart
[2017.09.05-21.31.31:327][140]LogGameMode: Display: Match State Changed from WaitingToStart to InProgress
[2017.09.05-21.31.31:329][140]LogGameState: Match State Changed from WaitingToStart to InProgress
[2017.09.05-21.31.31:334][140]PIE: Play in editor start time for /Game/Assets/Mapt_data/Test_Levels/UEDPIE_0_WorkingTestPawn 0.199
[2017.09.05-21.32.31:707][403]Cmd: SELECT NONE
[2017.09.05-21.33.43:118][347]LogAIModule: Creating AISystem for world MotionControllerMap
[2017.09.05-21.33.44:650][347]Cmd: MAP LOAD FILE="../../../../../Unreal Projects/Plan-X/PlanX/Content/VirtualRealityBP/Maps/MotionControllerMap.umap" TEMPLATE=0 SHOWPROGRESS=1 FEATURELEVEL=3
[2017.09.05-21.33.44:652][347]LightingResults: New page: Lighting Build
[2017.09.05-21.33.44:653][347]LoadErrors: New page: Loading map: MotionControllerMap.umap
[2017.09.05-21.33.44:653][347]MapCheck: New page: Map Check
[2017.09.05-21.33.44:653][347]LightingResults: New page: Lighting Build
[2017.09.05-21.33.44:677][347]LogEditorServer: Finished looking for orphan Actors (0.000 secs)
[2017.09.05-21.33.44:729][347]Cmd: MAP CHECKDEP NOCLEARLOG
[2017.09.05-21.33.44:797][347]MapCheck: Map check complete: 0 Error(s), 0 Warning(s), took 68.135ms to complete.
[2017.09.05-21.33.44:797][347]LogFileHelpers: Loading map 'MotionControllerMap' took 0.149
[2017.09.05-21.35.13:367][305]LogTemp: Repeating last play command: VR Preview
[2017.09.05-21.35.13:384][305]LogBlueprintUserMessages: Early PlayInEditor Detection: Level '/Game/VirtualRealityBP/Maps/MotionControllerMap.MotionControllerMap:PersistentLevel' has LevelScriptBlueprint '/Game/VirtualRealityBP/Maps/MotionControllerMap.MotionControllerMap:PersistentLevel.MotionControllerMap' with GeneratedClass '/Game/VirtualRealityBP/Maps/MotionControllerMap.MotionControllerMap_C' with ClassGeneratedBy '/Game/VirtualRealityBP/Maps/MotionControllerMap.MotionControllerMap:PersistentLevel.MotionControllerMap'
[2017.09.05-21.35.13:384][305]LogPlayLevel: PlayLevel: No blueprints needed recompiling
[2017.09.05-21.35.13:384][305]PIE: New page: PIE session: MotionControllerMap (Sep 5, 2017, 1:35:13 PM)
[2017.09.05-21.35.13:384][305]LogPlayLevel: Creating play world package: /Game/VirtualRealityBP/Maps/UEDPIE_0_MotionControllerMap
[2017.09.05-21.35.13:410][305]LogPlayLevel: PIE: StaticDuplicateObject took: (0.025744s)
[2017.09.05-21.35.13:411][305]LogAIModule: Creating AISystem for world MotionControllerMap
[2017.09.05-21.35.13:411][305]LogPlayLevel: PIE: World Init took: (0.000705s)
[2017.09.05-21.35.13:411][305]LogPlayLevel: PIE: Created PIE world by copying editor world from /Game/VirtualRealityBP/Maps/MotionControllerMap.MotionControllerMap to /Game/VirtualRealityBP/Maps/UEDPIE_0_MotionControllerMap.MotionControllerMap (0.026710s)
[2017.09.05-21.35.13:458][305]LogInit: XAudio2 using 'REAL SPEAKERS!!!!!!!!!! (Realtek High Definition Audio)' : 2 channels at 48 kHz using 32 bits per sample (channel mask 0x3)
[2017.09.05-21.35.13:468][305]LogInit: FAudioDevice initialized.
[2017.09.05-21.35.13:559][305]LogLoad: Game class is 'GameMode'
[2017.09.05-21.35.13:561][305]LogWorld: Bringing World /Game/VirtualRealityBP/Maps/UEDPIE_0_MotionControllerMap.MotionControllerMap up for play (max tick rate 0) at 2017.09.05-17.35.13
[2017.09.05-21.35.13:561][305]LogWorld: Bringing up level for play took: 0.002329
[2017.09.05-21.35.13:562][305]LogGameMode: Display: Match State Changed from EnteringMap to WaitingToStart
[2017.09.05-21.35.13:562][305]LogGameState: Match State Changed from EnteringMap to WaitingToStart
[2017.09.05-21.35.13:562][305]LogGameMode: Display: Match State Changed from WaitingToStart to InProgress
[2017.09.05-21.35.13:564][305]LogGameState: Match State Changed from WaitingToStart to InProgress
[2017.09.05-21.35.13:571][305]PIE: Play in editor start time for /Game/VirtualRealityBP/Maps/UEDPIE_0_MotionControllerMap 0.435
[2017.09.05-21.35.13:579][305]LogBlueprintUserMessages: Late PlayInEditor Detection: Level '/Game/VirtualRealityBP/Maps/MotionControllerMap.MotionControllerMap:PersistentLevel' has LevelScriptBlueprint '/Game/VirtualRealityBP/Maps/MotionControllerMap.MotionControllerMap:PersistentLevel.MotionControllerMap' with GeneratedClass '/Game/VirtualRealityBP/Maps/MotionControllerMap.MotionControllerMap_C' with ClassGeneratedBy '/Game/VirtualRealityBP/Maps/MotionControllerMap.MotionControllerMap:PersistentLevel.MotionControllerMap'
[2017.09.05-21.35.15:174][402]LogBlueprintUserMessages: Early EndPlayMap Detection: Level '/Game/VirtualRealityBP/Maps/MotionControllerMap.MotionControllerMap:PersistentLevel' has LevelScriptBlueprint '/Game/VirtualRealityBP/Maps/MotionControllerMap.MotionControllerMap:PersistentLevel.MotionControllerMap' with GeneratedClass '/Game/VirtualRealityBP/Maps/MotionControllerMap.MotionControllerMap_C' with ClassGeneratedBy '/Game/VirtualRealityBP/Maps/MotionControllerMap.MotionControllerMap:PersistentLevel.MotionControllerMap'
[2017.09.05-21.35.15:370][402]LogBlueprintUserMessages: Late EndPlayMap Detection: Level '/Game/VirtualRealityBP/Maps/MotionControllerMap.MotionControllerMap:PersistentLevel' has LevelScriptBlueprint '/Game/VirtualRealityBP/Maps/MotionControllerMap.MotionControllerMap:PersistentLevel.MotionControllerMap' with GeneratedClass '/Game/VirtualRealityBP/Maps/MotionControllerMap.MotionControllerMap_C' with ClassGeneratedBy '/Game/VirtualRealityBP/Maps/MotionControllerMap.MotionControllerMap:PersistentLevel.MotionControllerMap'
[2017.09.05-21.35.26:279][649]LogSavePackage: Save=169.08ms
[2017.09.05-21.35.26:279][649]LogSavePackage: Moving '../../../../../Unreal Projects/Plan-X/PlanX/Saved/UEDPCMotionControllerMap9B5447FD440DE091B16B81895DC1FC6D.tmp' to '../../../../../Unreal Projects/Plan-X/PlanX/Saved/Autosaves/Game/VirtualRealityBP/Maps/UEDPCMotionControllerMap.umap'
[2017.09.05-21.35.26:288][649]LogSavePackage: Display: Finished SavePackage ../../../../../Unreal Projects/Plan-X/PlanX/Saved/Autosaves/Game/VirtualRealityBP/Maps/UEDPCMotionControllerMap.umap
[2017.09.05-21.35.26:294][649]LogEditorTransaction: Undo Spawn Play From Here Start
[2017.09.05-21.35.26:306][649]LogHMD: Warning: Standalone game VR not supported, please use VR Preview.
[2017.09.05-21.35.29:773][991]LogSavePackage: Save=139.85ms
[2017.09.05-21.35.29:773][991]LogSavePackage: Moving '../../../../../Unreal Projects/Plan-X/PlanX/Saved/UEDPCMotionControllerMap2CFD71B948EE99C36C2DE994F28B8540.tmp' to '../../../../../Unreal Projects/Plan-X/PlanX/Saved/Autosaves/Game/VirtualRealityBP/Maps/UEDPCMotionControllerMap.umap'
[2017.09.05-21.35.29:774][991]LogSavePackage: Display: Finished SavePackage ../../../../../Unreal Projects/Plan-X/PlanX/Saved/Autosaves/Game/VirtualRealityBP/Maps/UEDPCMotionControllerMap.umap
[2017.09.05-21.35.29:779][991]LogEditorTransaction: Undo Spawn Play From Here Start
[2017.09.05-21.35.29:789][991]LogHMD: Warning: Standalone game VR not supported, please use VR Preview.
[2017.09.05-21.36.02:251][827]LogEditorActor: Deleted Actor: BP_MotionController_C
[2017.09.05-21.36.02:268][827]LogEditorActor: Deleted 1 Actors (0.017 secs)
[2017.09.05-21.38.26:857][ 16]LogAIModule: Creating AISystem for world Challange_L_1_0
[2017.09.05-21.38.28:334][ 16]Cmd: MAP LOAD FILE="../../../../../Unreal Projects/Plan-X/PlanX/Content/Assets/Mapt_data/Challenge_Levels/Challange_L_1_0.umap" TEMPLATE=0 SHOWPROGRESS=1 FEATURELEVEL=3
[2017.09.05-21.38.28:335][ 16]LightingResults: New page: Lighting Build
[2017.09.05-21.38.28:336][ 16]LoadErrors: New page: Loading map: Challange_L_1_0.umap
[2017.09.05-21.38.28:363][ 16]MapCheck: New page: Map Check
[2017.09.05-21.38.28:363][ 16]LightingResults: New page: Lighting Build
[2017.09.05-21.38.28:383][ 16]LogEditorServer: Finished looking for orphan Actors (0.000 secs)
[2017.09.05-21.38.28:427][ 16]Cmd: MAP CHECKDEP NOCLEARLOG
[2017.09.05-21.38.28:493][ 16]MapCheck: Map check complete: 0 Error(s), 0 Warning(s), took 65.673ms to complete.
[2017.09.05-21.38.28:493][ 16]LogFileHelpers: Loading map 'Challange_L_1_0' took 0.161
[2017.09.05-21.38.29:877][176]LogEditorViewport: Clicking on Actor (LMB): MotionControllerPawn_C (VRPawn)
[2017.09.05-21.40.56:300][466]LogEditorViewport: Clicking on Actor (LMB): PickUp_Disk_Blueprint_C (VR_Disc)
[2017.09.05-21.41.23:483][663]LogPlayLevel: PlayLevel: No blueprints needed recompiling
[2017.09.05-21.41.23:483][663]PIE: New page: PIE session: Challange_L_1_0 (Sep 5, 2017, 1:41:23 PM)
[2017.09.05-21.41.23:483][663]LogPlayLevel: Creating play world package: /Game/Assets/Mapt_data/Challenge_Levels/UEDPIE_0_Challange_L_1_0
[2017.09.05-21.41.23:487][663]LogPlayLevel: PIE: StaticDuplicateObject took: (0.003420s)
[2017.09.05-21.41.23:488][663]LogAIModule: Creating AISystem for world Challange_L_1_0
[2017.09.05-21.41.23:488][663]LogPlayLevel: PIE: World Init took: (0.000981s)
[2017.09.05-21.41.23:488][663]LogPlayLevel: PIE: Created PIE world by copying editor world from /Game/Assets/Mapt_data/Challenge_Levels/Challange_L_1_0.Challange_L_1_0 to /Game/Assets/Mapt_data/Challenge_Levels/UEDPIE_0_Challange_L_1_0.Challange_L_1_0 (0.004705s)
[2017.09.05-21.41.23:520][663]LogInit: XAudio2 using 'REAL SPEAKERS!!!!!!!!!! (Realtek High Definition Audio)' : 2 channels at 48 kHz using 32 bits per sample (channel mask 0x3)
[2017.09.05-21.41.23:529][663]LogInit: FAudioDevice initialized.
[2017.09.05-21.41.23:560][663]LogLoad: Game class is 'GameMode'
[2017.09.05-21.41.23:563][663]LogWorld: Bringing World /Game/Assets/Mapt_data/Challenge_Levels/UEDPIE_0_Challange_L_1_0.Challange_L_1_0 up for play (max tick rate 0) at 2017.09.05-17.41.23
[2017.09.05-21.41.23:563][663]LogWorld: Bringing up level for play took: 0.002085
[2017.09.05-21.41.23:563][663]LogGameMode: FindPlayerStart: PATHS NOT DEFINED or NO PLAYERSTART with positive rating
[2017.09.05-21.41.23:563][663]LogGameMode: Display: Match State Changed from EnteringMap to WaitingToStart
[2017.09.05-21.41.23:563][663]LogGameState: Match State Changed from EnteringMap to WaitingToStart
[2017.09.05-21.41.23:563][663]LogGameMode: Display: Match State Changed from WaitingToStart to InProgress
[2017.09.05-21.41.23:566][663]LogGameState: Match State Changed from WaitingToStart to InProgress
[2017.09.05-21.41.23:566][663]PIE: Play in editor start time for /Game/Assets/Mapt_data/Challenge_Levels/UEDPIE_0_Challange_L_1_0 0.431
[2017.09.05-21.41.32:515][704]LogEditorViewport: Clicking on Actor (context menu): StaticMeshActor (Floor_Ceiling)
[2017.09.05-21.41.40:423][628]LogPlayLevel: PlayLevel: No blueprints needed recompiling
[2017.09.05-21.41.40:423][628]PIE: New page: PIE session: Challange_L_1_0 (Sep 5, 2017, 1:41:40 PM)
[2017.09.05-21.41.40:423][628]LogPlayLevel: Creating play world package: /Game/Assets/Mapt_data/Challenge_Levels/UEDPIE_0_Challange_L_1_0
[2017.09.05-21.41.40:426][628]LogPlayLevel: PIE: StaticDuplicateObject took: (0.002827s)
[2017.09.05-21.41.40:427][628]LogAIModule: Creating AISystem for world Challange_L_1_0
[2017.09.05-21.41.40:427][628]LogPlayLevel: PIE: World Init took: (0.000709s)
[2017.09.05-21.41.40:427][628]LogPlayLevel: PIE: Created PIE world by copying editor world from /Game/Assets/Mapt_data/Challenge_Levels/Challange_L_1_0.Challange_L_1_0 to /Game/Assets/Mapt_data/Challenge_Levels/UEDPIE_0_Challange_L_1_0.Challange_L_1_0 (0.003766s)
[2017.09.05-21.41.40:455][628]LogInit: XAudio2 using 'REAL SPEAKERS!!!!!!!!!! (Realtek High Definition Audio)' : 2 channels at 48 kHz using 32 bits per sample (channel mask 0x3)
[2017.09.05-21.41.40:464][628]LogInit: FAudioDevice initialized.
[2017.09.05-21.41.40:549][628]LogLoad: Game class is 'GameMode'
[2017.09.05-21.41.40:551][628]LogWorld: Bringing World /Game/Assets/Mapt_data/Challenge_Levels/UEDPIE_0_Challange_L_1_0.Challange_L_1_0 up for play (max tick rate 0) at 2017.09.05-17.41.40
[2017.09.05-21.41.40:551][628]LogWorld: Bringing up level for play took: 0.001666
[2017.09.05-21.41.40:552][628]LogGameMode: FindPlayerStart: PATHS NOT DEFINED or NO PLAYERSTART with positive rating
[2017.09.05-21.41.40:552][628]LogGameMode: Display: Match State Changed from EnteringMap to WaitingToStart
[2017.09.05-21.41.40:552][628]LogGameState: Match State Changed from EnteringMap to WaitingToStart
[2017.09.05-21.41.40:552][628]LogGameMode: Display: Match State Changed from WaitingToStart to InProgress
[2017.09.05-21.41.40:554][628]LogGameState: Match State Changed from WaitingToStart to InProgress
[2017.09.05-21.41.40:559][628]PIE: Play in editor start time for /Game/Assets/Mapt_data/Challenge_Levels/UEDPIE_0_Challange_L_1_0 -0.576
[2017.09.05-21.42.30:724][263]LogEditorViewport: Clicking on Actor (LMB): MotionControllerPawn_C (VRPawn)
[2017.09.05-21.43.50:635][766]LogPlayLevel: PlayLevel: No blueprints needed recompiling
[2017.09.05-21.43.50:635][766]PIE: New page: SIE session: Challange_L_1_0 (Sep 5, 2017, 1:43:50 PM)
[2017.09.05-21.43.50:635][766]LogPlayLevel: Creating play world package: /Game/Assets/Mapt_data/Challenge_Levels/UEDPIE_0_Challange_L_1_0
[2017.09.05-21.43.50:638][766]LogPlayLevel: PIE: StaticDuplicateObject took: (0.002873s)
[2017.09.05-21.43.50:638][766]LogAIModule: Creating AISystem for world Challange_L_1_0
[2017.09.05-21.43.50:639][766]LogPlayLevel: PIE: World Init took: (0.000704s)
[2017.09.05-21.43.50:639][766]LogPlayLevel: PIE: Created PIE world by copying editor world from /Game/Assets/Mapt_data/Challenge_Levels/Challange_L_1_0.Challange_L_1_0 to /Game/Assets/Mapt_data/Challenge_Levels/UEDPIE_0_Challange_L_1_0.Challange_L_1_0 (0.003806s)
[2017.09.05-21.43.50:693][766]LogInit: XAudio2 using 'REAL SPEAKERS!!!!!!!!!! (Realtek High Definition Audio)' : 2 channels at 48 kHz using 32 bits per sample (channel mask 0x3)
[2017.09.05-21.43.50:703][766]LogInit: FAudioDevice initialized.
[2017.09.05-21.43.50:740][766]LogLoad: Game class is 'GameMode'
[2017.09.05-21.43.50:742][766]LogWorld: Bringing World /Game/Assets/Mapt_data/Challenge_Levels/UEDPIE_0_Challange_L_1_0.Challange_L_1_0 up for play (max tick rate 0) at 2017.09.05-17.43.50
[2017.09.05-21.43.50:743][766]LogWorld: Bringing up level for play took: 0.002169
[2017.09.05-21.43.50:743][766]LogGameMode: FindPlayerStart: PATHS NOT DEFINED or NO PLAYERSTART with positive rating
[2017.09.05-21.43.50:777][766]LogGameMode: Display: Match State Changed from EnteringMap to WaitingToStart
[2017.09.05-21.43.50:779][766]LogGameState: Match State Changed from EnteringMap to WaitingToStart
[2017.09.05-21.43.50:779][766]PIE: Play in editor start time for /Game/Assets/Mapt_data/Challenge_Levels/UEDPIE_0_Challange_L_1_0 -0.356
[2017.09.05-21.44.13:392][818]LogAIModule: Creating AISystem for world MotionControllerMap
[2017.09.05-21.44.14:827][818]Cmd: MAP LOAD FILE="../../../../../Unreal Projects/Plan-X/PlanX/Content/VirtualRealityBP/Maps/MotionControllerMap.umap" TEMPLATE=0 SHOWPROGRESS=1 FEATURELEVEL=3
[2017.09.05-21.44.14:828][818]LightingResults: New page: Lighting Build
[2017.09.05-21.44.14:828][818]LoadErrors: New page: Loading map: MotionControllerMap.umap
[2017.09.05-21.44.14:854][818]MapCheck: New page: Map Check
[2017.09.05-21.44.14:854][818]LightingResults: New page: Lighting Build
[2017.09.05-21.44.14:878][818]LogEditorServer: Finished looking for orphan Actors (0.000 secs)
[2017.09.05-21.44.14:923][818]Cmd: MAP CHECKDEP NOCLEARLOG
[2017.09.05-21.44.14:991][818]MapCheck: Map check complete: 0 Error(s), 0 Warning(s), took 68.172ms to complete.
[2017.09.05-21.44.14:991][818]LogFileHelpers: Loading map 'MotionControllerMap' took 0.166
[2017.09.05-21.44.37:818][538]LogEditorViewport: Clicking on Actor (LMB): BP_Sky_Sphere_C (SkySphereBlueprint2)
[2017.09.05-21.44.57:266][822]LogEditorViewport: Clicking on Actor (LMB): BP_Sky_Sphere_C (SkySphereBlueprint2)
[2017.09.05-21.45.05:707][814]LogAIModule: Creating AISystem for world Challange_L_1_0
[2017.09.05-21.45.06:994][814]Cmd: MAP LOAD FILE="../../../../../Unreal Projects/Plan-X/PlanX/Content/Assets/Mapt_data/Challenge_Levels/Challange_L_1_0.umap" TEMPLATE=0 SHOWPROGRESS=1 FEATURELEVEL=3
[2017.09.05-21.45.06:996][814]LightingResults: New page: Lighting Build
[2017.09.05-21.45.06:997][814]LoadErrors: New page: Loading map: Challange_L_1_0.umap
[2017.09.05-21.45.06:998][814]MapCheck: New page: Map Check
[2017.09.05-21.45.06:998][814]LightingResults: New page: Lighting Build
[2017.09.05-21.45.07:021][814]LogEditorServer: Finished looking for orphan Actors (0.000 secs)
[2017.09.05-21.45.07:065][814]Cmd: MAP CHECKDEP NOCLEARLOG
[2017.09.05-21.45.07:138][814]MapCheck: Map check complete: 0 Error(s), 0 Warning(s), took 72.94ms to complete.
[2017.09.05-21.45.07:139][814]LogFileHelpers: Loading map 'Challange_L_1_0' took 0.145
[2017.09.05-21.45.29:963][485]LogEditorViewport: Clicking on Actor (LMB): StaticMeshActor (Dome_Roof)
[2017.09.05-21.45.32:403][768]LogEditorViewport: Clicking on Actor (LMB): StaticMeshActor (CL1AL)
[2017.09.05-21.45.35:779][163]Cmd: TRANSACTION UNDO
[2017.09.05-21.45.35:779][163]LogEditorTransaction: Undo Move Actors
[2017.09.05-21.45.47:215][507]LogEditorViewport: Clicking on Actor (LMB): StaticMeshActor (Floor_Ceiling)
[2017.09.05-21.45.47:937][586]LogEditorViewport: Clicking on Actor (LMB): NavMeshBoundsVolume (NavMeshBoundsVolume)
[2017.09.05-21.47.19:922][434]MapCheck: New page: Map Check
[2017.09.05-21.47.19:958][434]Cmd: MAP REBUILD ALLVISIBLE
[2017.09.05-21.47.19:958][434]LogEditorServer: Rebuildmap Clear paths rebuilt
[2017.09.05-21.47.20:207][434]LogMaterial: Missing cached shader map for material FDebugViewModeMaterialProxy WorldGridMaterial, compiling. Is special engine material.
[2017.09.05-21.47.20:291][434]LogMaterial: Missing cached shader map for material FDebugViewModeMaterialProxy Floor_Wall_Ceiling_Inst, compiling. 
[2017.09.05-21.47.20:297][434]LogMaterial: Missing cached shader map for material FDebugViewModeMaterialProxy LightingMass_Inst, compiling. 
[2017.09.05-21.47.20:303][434]LogMaterial: Missing cached shader map for material FDebugViewModeMaterialProxy Demo_disk_Inst, compiling. 
[2017.09.05-21.47.20:310][434]LogMaterial: Missing cached shader map for material FDebugViewModeMaterialProxy MatineeCam_mat, compiling. 
[2017.09.05-21.47.21:813][434]TextureStreamingBuild: Display: Compiling optional shaders took 1.624 seconds.
[2017.09.05-21.47.21:843][434]LogLevel: Display: Export Material TexCoord Scales took 0.030 seconds.
[2017.09.05-21.47.21:850][434]TextureStreamingBuild: Display: Build Texture Streaming took 0.007 seconds.
[2017.09.05-21.47.21:895][434]LightingResults: New page: Lighting Build - Sep 5, 2017, 1:47:21 PM
[2017.09.05-21.47.22:090][434]LogSwarmInterface: [OpenConnection] Registering TCP channel ...
[2017.09.05-21.47.22:277][434]LogSwarmInterface: [OpenConnection] Connecting to agent ...
[2017.09.05-21.47.22:290][434]LogSwarmInterface: [TryOpenConnection] Testing the Agent
[2017.09.05-21.47.23:319][434]LogSwarmInterface: [TryOpenConnection] Opening Connection to Agent
[2017.09.05-21.47.23:320][434]LogSwarmInterface: [TryOpenConnection] Local Process ID is 12924
[2017.09.05-21.47.26:545][434]LogStaticLightingSystem: Warning: No importance volume found, so the scene bounding box was used.  You can optimize your scene's quality and lighting build times by adding importance volumes.
[2017.09.05-21.47.26:555][434]LogStaticLightingSystem: Running Lightmass w/ ImmediateImport mode ENABLED
[2017.09.05-21.47.26:555][434]LogStaticLightingSystem: Running Lightmass w/ ImmediateProcess mode ENABLED
[2017.09.05-21.47.26:555][434]LogStaticLightingSystem: Running Lightmass w/ Sorting mode ENABLED
[2017.09.05-21.47.26:555][434]LogStaticLightingSystem: Running Lightmass w/ Mapping paddings ENABLED
[2017.09.05-21.47.26:555][434]LogStaticLightingSystem: Running Lightmass w/ Mapping debug paddings DISABLED
[2017.09.05-21.47.26:796][434]Cmd: MAP CHECK DONTDISPLAYDIALOG
[2017.09.05-21.47.26:796][434]MapCheck: New page: Challange_L_1_0 - Sep 5, 2017, 1:47:26 PM
[2017.09.05-21.47.26:796][434]MapCheck: Error: WorldSettings_1 Maps need lighting rebuilt 
[2017.09.05-21.47.26:864][434]MapCheck: Map check complete: 1 Error(s), 0 Warning(s), took 67.885ms to complete.
[2017.09.05-21.47.26:886][434]LogEditorBuildUtils: Build time 0:06
[2017.09.05-21.47.26:909][434]LogMaterial: Missing cached shader map for material FLightmassMaterialRenderer Floor_Wall_Ceiling_Inst, compiling. 
[2017.09.05-21.47.26:936][434]LogMaterial: Missing cached shader map for material FLightmassMaterialRenderer Floor_Wall_Ceiling_Inst, compiling. 
[2017.09.05-21.47.26:975][435]LogMaterial: Missing cached shader map for material FLightmassMaterialRenderer LightingMass_Inst, compiling. 
[2017.09.05-21.47.26:982][435]LogMaterial: Missing cached shader map for material FLightmassMaterialRenderer LightingMass_Inst, compiling. 
[2017.09.05-21.47.27:006][436]LogMaterial: Missing cached shader map for material FLightmassMaterialRenderer WorldGridMaterial, compiling. Is special engine material.
[2017.09.05-21.47.27:012][436]LogMaterial: Missing cached shader map for material FLightmassMaterialRenderer WorldGridMaterial, compiling. Is special engine material.
[2017.09.05-21.47.32:213][663]LightingResults: Warning: Dome_Roof Object has overlapping UVs.
[2017.09.05-21.47.32:213][663]LightingResults: Dome_Roof Lightmap UV are overlapping by 50.0%. Please adjust content - Enable Error Coloring to visualize.
[2017.09.05-21.47.33:001][731]LightingResults: Warning: CL1AL_Starting_point Object has overlapping UVs.
[2017.09.05-21.47.33:001][731]LightingResults: CL1AL_Starting_point Lightmap UV are overlapping by 12.4%. Please adjust content - Enable Error Coloring to visualize.
