Log file open, 09/17/17 11:58:14
LogWindows: LoadLibraryWithSearchPaths failed for file aqProf.dll. GetLastError=0
LogWindows: LoadLibraryWithSearchPaths failed for file VtuneApi.dll. GetLastError=0
LogWindows: LoadLibraryWithSearchPaths failed for file VtuneApi32e.dll. GetLastError=0
LogInit: Display: Running engine for game: PlanX
LogPlatformFile: Not using cached read wrapper
LogInit: Display: RandInit(-2112952204) SRandInit(-2112952203).
LogTaskGraph: Started task graph with 5 named threads and 14 total threads with 3 sets of task threads.
LogStats: Stats thread started at 0.218385
LogD3D11RHI: Aftermath initialized
LogPluginManager: Mounting plugin LightPropagationVolume
LogPluginManager: Mounting plugin CodeLiteSourceCodeAccess
LogPluginManager: Mounting plugin GitSourceControl
LogPluginManager: Mounting plugin KDevelopSourceCodeAccess
LogPluginManager: Mounting plugin NullSourceCodeAccess
LogPluginManager: Mounting plugin PerforceSourceControl
LogPluginManager: Mounting plugin SubversionSourceControl
LogPluginManager: Mounting plugin UObjectPlugin
LogPluginManager: Mounting plugin VisualStudioSourceCodeAccess
LogPluginManager: Mounting plugin XCodeSourceCodeAccess
LogPluginManager: Mounting plugin AssetManagerEditor
LogPluginManager: Mounting plugin AudioCapture
LogPluginManager: Mounting plugin FacialAnimation
LogPluginManager: Mounting plugin GameplayTagsEditor
LogPluginManager: Mounting plugin MobileLauncherProfileWizard
LogPluginManager: Mounting plugin PluginBrowser
LogPluginManager: Mounting plugin SpeedTreeImporter
LogPluginManager: Mounting plugin AlembicImporter
LogPluginManager: Mounting plugin CharacterAI
LogPluginManager: Mounting plugin HTML5Networking
LogPluginManager: Mounting plugin AndroidMedia
LogPluginManager: Mounting plugin AvfMedia
LogPluginManager: Mounting plugin MediaPlayerEditor
LogPluginManager: Mounting plugin WmfMedia
LogPluginManager: Mounting plugin TcpMessaging
LogPluginManager: Mounting plugin UdpMessaging
LogPluginManager: Mounting plugin LevelSequenceEditor
LogPluginManager: Mounting plugin MatineeToLevelSequence
LogPluginManager: Mounting plugin OnlineSubsystemGooglePlay
LogPluginManager: Mounting plugin OnlineSubsystemIOS
LogPluginManager: Mounting plugin OnlineSubsystem
LogPluginManager: Mounting plugin OnlineSubsystemNull
LogPluginManager: Mounting plugin OnlineSubsystemUtils
LogPluginManager: Mounting plugin AndroidDeviceProfileSelector
LogPluginManager: Mounting plugin AndroidMoviePlayer
LogPluginManager: Mounting plugin AndroidPermission
LogPluginManager: Mounting plugin AppleMoviePlayer
LogPluginManager: Mounting plugin ArchVisCharacter
LogPluginManager: Mounting plugin CableComponent
LogPluginManager: Mounting plugin CustomMeshComponent
LogPluginManager: Mounting plugin ExampleDeviceProfileSelector
LogPluginManager: Mounting plugin GoogleCloudMessaging
LogPluginManager: Mounting plugin ImmediatePhysics
LogPluginManager: Mounting plugin IOSDeviceProfileSelector
LogPluginManager: Mounting plugin LinuxDeviceProfileSelector
LogPluginManager: Mounting plugin LocationServicesBPLibrary
LogPluginManager: Mounting plugin MobilePatchingUtils
LogPluginManager: Mounting plugin Ansel
LogPluginManager: Mounting plugin OculusVR
LogPluginManager: Mounting plugin PhysXVehicles
LogPluginManager: Mounting plugin ProceduralMeshComponent
LogPluginManager: Mounting plugin RuntimePhysXCooking
LogPluginManager: Mounting plugin SteamVR
LogPluginManager: Mounting plugin WindowsMoviePlayer
LogInit: Using libcurl 7.47.1
LogInit:  - built for x86_64-pc-win32
LogInit:  - supports SSL with OpenSSL/1.0.2g
LogInit:  - supports HTTP deflate (compression) using libz 1.2.8
LogInit:  - other features:
LogInit:      CURL_VERSION_SSL
LogInit:      CURL_VERSION_LIBZ
LogInit:      CURL_VERSION_IPV6
LogInit:      CURL_VERSION_ASYNCHDNS
LogInit:      CURL_VERSION_LARGEFILE
LogInit:      CURL_VERSION_IDN
LogInit:  CurlRequestOptions (configurable via config and command line):
LogInit:  - bVerifyPeer = false  - Libcurl will NOT verify peer certificate
LogInit:  - bUseHttpProxy = false  - Libcurl will NOT use HTTP proxy
LogInit:  - bDontReuseConnections = false  - Libcurl will reuse connections
LogInit:  - CertBundlePath = nullptr  - Libcurl will use whatever was configured at build time.
LogInit: Build: ++UE4+Release-4.17-CL-3586342
LogInit: Engine Version: 4.17.1-3586342+++UE4+Release-4.17
LogInit: Compatible Engine Version: 4.17.0-3573198+++UE4+Release-4.17
LogInit: Net CL: 3573198
LogDevObjectVersion: Number of dev versions registered: 16
LogDevObjectVersion:   Dev-Blueprints (B0D832E4-1F89-4F0D-ACCF-7EB736FD4AA2): 10
LogDevObjectVersion:   Dev-Build (E1C64328-A22C-4D53-A36C-8E866417BD8C): 0
LogDevObjectVersion:   Dev-Core (375EC13C-06E4-48FB-B500-84F0262A717E): 2
LogDevObjectVersion:   Dev-Editor (E4B068ED-F494-42E9-A231-DA0B2E46BB41): 20
LogDevObjectVersion:   Dev-Framework (CFFC743F-43B0-4480-9391-14DF171D2073): 28
LogDevObjectVersion:   Dev-Mobile (B02B49B5-BB20-44E9-A304-32B752E40360): 0
LogDevObjectVersion:   Dev-Networking (A4E4105C-59A1-49B5-A7C5-40C4547EDFEE): 0
LogDevObjectVersion:   Dev-Online (39C831C9-5AE6-47DC-9A44-9C173E1C8E7C): 0
LogDevObjectVersion:   Dev-Physics (78F01B33-EBEA-4F98-B9B4-84EACCB95AA2): 0
LogDevObjectVersion:   Dev-Platform (6631380F-2D4D-43E0-8009-CF276956A95A): 0
LogDevObjectVersion:   Dev-Rendering (12F88B9F-8875-4AFC-A67C-D90C383ABD29): 19
LogDevObjectVersion:   Dev-Sequencer (7B5AE74C-D270-4C10-A958-57980B212A5A): 4
LogDevObjectVersion:   Dev-VR (D7296918-1DD6-4BDD-9DE2-64A83CC13884): 0
LogDevObjectVersion:   Dev-LoadTimes (C2A15278-BFE7-4AFE-6C17-90FF531DF755): 1
LogDevObjectVersion:   Private-Geometry (6EACA3D4-40EC-4CC1-B786-8BED09428FC5): 1
LogDevObjectVersion:   Dev-AnimPhys (29E575DD-E0A3-4627-9D10-D276232CDCEA): 7
LogInit: Compiled (64-bit): Aug 15 2017 02:05:26
LogInit: Compiled with Visual C++: 19.00.24215.01
LogInit: Build Configuration: Development
LogInit: Branch Name: ++UE4+Release-4.17
LogInit: Command line: -EpicPortal 
LogInit: Base directory: Q:/Unreal Engine/UE_4.17/Engine/Binaries/Win64/
LogInit: Installed Engine Build: 1
LogInit: Presizing for max 8388607 objects, including 0 objects not considered by GC, pre-allocating 0 bytes for permanent pool.
LogInit: Object subsystem initialized
[2017.09.17-15.58.15:830][  0]LogInit: Selected Device Profile: [Windows]
[2017.09.17-15.58.15:830][  0]LogInit: Applying CVar settings loaded from the selected device profile: [Windows]
[2017.09.17-15.58.15:919][  0]LogInit: Computer: DAWN
[2017.09.17-15.58.15:919][  0]LogInit: User: RobertForbes
[2017.09.17-15.58.15:919][  0]LogInit: CPU Page size=4096, Cores=4
[2017.09.17-15.58.15:919][  0]LogInit: High frequency timer resolution =3.417980 MHz
[2017.09.17-15.58.15:920][  0]LogMemory: Memory total: Physical=8.0GB (8GB approx)
[2017.09.17-15.58.15:920][  0]LogMemory: Platform Memory Stats for Windows
[2017.09.17-15.58.15:920][  0]LogMemory: Process Physical Memory: 280.09 MB used, 280.09 MB peak
[2017.09.17-15.58.15:920][  0]LogMemory: Process Virtual Memory: 286.40 MB used, 286.40 MB peak
[2017.09.17-15.58.15:920][  0]LogMemory: Physical Memory: 4816.59 MB used,  3327.26 MB free, 8143.85 MB total
[2017.09.17-15.58.15:920][  0]LogMemory: Virtual Memory: 680.32 MB used,  3327.26 MB free, 134217728.00 MB total
[2017.09.17-15.58.16:409][  0]LogInit: Using OS detected language (en-US).
[2017.09.17-15.58.16:409][  0]LogInit: Using OS detected locale (en-US).
[2017.09.17-15.58.16:648][  0]LogTextLocalizationManager: No specific localization for 'en-US' exists, so the 'en' localization will be used.
[2017.09.17-15.58.29:585][  0]LogD3D11RHI: D3D11 adapters:
[2017.09.17-15.58.30:282][  0]LogD3D11RHI:    0. 'NVIDIA GeForce GTX 970' (Feature Level 11_0)
[2017.09.17-15.58.30:282][  0]LogD3D11RHI:       4058/0/4071 MB DedicatedVideo/DedicatedSystem/SharedSystem, Outputs:2, VendorId:0x10de
[2017.09.17-15.58.30:285][  0]LogD3D11RHI:    1. 'Microsoft Basic Render Driver' (Feature Level 11_0)
[2017.09.17-15.58.30:285][  0]LogD3D11RHI:       0/0/4071 MB DedicatedVideo/DedicatedSystem/SharedSystem, Outputs:0, VendorId:0x1414
[2017.09.17-15.58.30:285][  0]LogD3D11RHI: Chosen D3D11 Adapter: 0
[2017.09.17-15.58.30:288][  0]LogD3D11RHI: Creating new Direct3DDevice
[2017.09.17-15.58.30:289][  0]LogD3D11RHI:     GPU DeviceId: 0x13c2 (for the marketing name, search the web for "GPU Device Id")
[2017.09.17-15.58.30:289][  0]LogWindows: EnumDisplayDevices:
[2017.09.17-15.58.30:289][  0]LogWindows:    0. 'NVIDIA GeForce GTX 970' (P:0 D:1)
[2017.09.17-15.58.30:289][  0]LogWindows:    1. 'NVIDIA GeForce GTX 970' (P:1 D:1)
[2017.09.17-15.58.30:289][  0]LogWindows:    2. 'NVIDIA GeForce GTX 970' (P:0 D:0)
[2017.09.17-15.58.30:289][  0]LogWindows:    3. 'NVIDIA GeForce GTX 970' (P:0 D:0)
[2017.09.17-15.58.30:289][  0]LogWindows: DebugString: FoundDriverCount:4 
[2017.09.17-15.58.30:289][  0]LogD3D11RHI:     Adapter Name: NVIDIA GeForce GTX 970
[2017.09.17-15.58.30:289][  0]LogD3D11RHI:   Driver Version: 385.41 (internal:22.21.13.8541, unified:385.41)
[2017.09.17-15.58.30:289][  0]LogD3D11RHI:      Driver Date: 8-21-2017
[2017.09.17-15.58.30:289][  0]LogRHI: Texture pool is 1361 MB (70% of 1945 MB)
[2017.09.17-15.58.30:928][  0]LogD3D11RHI: Async texture creation enabled
[2017.09.17-15.58.30:968][  0]LogD3D11RHI: GPU Timing Frequency: 1000.000000 (Debug: 2 1)
[2017.09.17-15.58.30:971][  0]LogShaderCompilers: Guid format shader working directory is 10 characters bigger than the processId version (../../../../../Unreal Projects/Plan-X/PlanX/Intermediate/Shaders/WorkingDirectory/10952/).
[2017.09.17-15.58.30:971][  0]LogShaderCompilers: Cleaned the shader compiler working directory 'C:/Users/Robert Forbes/AppData/Local/Temp/UnrealShaderWorkingDir/E71D93A347B391468A073B877B7C8B19/'.
[2017.09.17-15.58.30:971][  0]LogShaderCompilers: Display: Using Local Shader Compiler.
[2017.09.17-15.58.36:624][  0]LogTemp: Display: Loaded TP AllDesktopTargetPlatform
[2017.09.17-15.58.36:713][  0]LogTemp: Display: Loaded TP MacClientTargetPlatform
[2017.09.17-15.58.36:792][  0]LogTemp: Display: Loaded TP MacNoEditorTargetPlatform
[2017.09.17-15.58.36:856][  0]LogTemp: Display: Loaded TP MacServerTargetPlatform
[2017.09.17-15.58.36:981][  0]LogTemp: Display: Loaded TP MacTargetPlatform
[2017.09.17-15.58.37:036][  0]LogTemp: Display: Loaded TP WindowsClientTargetPlatform
[2017.09.17-15.58.37:131][  0]LogTemp: Display: Loaded TP WindowsNoEditorTargetPlatform
[2017.09.17-15.58.37:191][  0]LogTemp: Display: Loaded TP WindowsServerTargetPlatform
[2017.09.17-15.58.37:287][  0]LogTemp: Display: Loaded TP WindowsTargetPlatform
[2017.09.17-15.58.37:400][  0]LogTemp: Display: Loaded TP AndroidTargetPlatform
[2017.09.17-15.58.37:489][  0]LogTemp: Display: Loaded TP Android_ASTCTargetPlatform
[2017.09.17-15.58.37:593][  0]LogTemp: Display: Loaded TP Android_ATCTargetPlatform
[2017.09.17-15.58.37:699][  0]LogTemp: Display: Loaded TP Android_DXTTargetPlatform
[2017.09.17-15.58.37:815][  0]LogTemp: Display: Loaded TP Android_ETC1TargetPlatform
[2017.09.17-15.58.37:899][  0]LogTemp: Display: Loaded TP Android_ETC2TargetPlatform
[2017.09.17-15.58.38:121][  0]LogTemp: Display: Loaded TP Android_MultiTargetPlatform
[2017.09.17-15.58.38:121][  0]LogTemp: Display: Loaded TP Android_PVRTCTargetPlatform
[2017.09.17-15.58.38:215][  0]LogTemp: Display: Loaded TP HTML5TargetPlatform
[2017.09.17-15.58.38:692][  0]LogTemp: Display: Loaded TP IOSTargetPlatform
[2017.09.17-15.58.38:718][  0]LogTemp: Display: Loaded TP TVOSTargetPlatform
[2017.09.17-15.58.38:819][  0]LogTemp: Display: Loaded TP LinuxClientTargetPlatform
[2017.09.17-15.58.38:991][  0]LogTemp: Display: Loaded TP LinuxNoEditorTargetPlatform
[2017.09.17-15.58.39:096][  0]LogTemp: Display: Loaded TP LinuxServerTargetPlatform
[2017.09.17-15.58.39:693][  0]LogTemp: Display: Loaded TP LinuxTargetPlatform
[2017.09.17-15.58.39:693][  0]LogTargetPlatformManager: Display: Building Assets For Windows
[2017.09.17-15.58.41:694][  0]LogDerivedDataCache: Display: Max Cache Size: 512 MB
[2017.09.17-15.58.41:787][  0]LogDerivedDataCache: Loaded boot cache 0.09s 106MB C:/Users/Robert Forbes/AppData/Local/UnrealEngine/4.17/DerivedDataCache/Boot.ddc.
[2017.09.17-15.58.41:787][  0]LogDerivedDataCache: Display: Loaded Boot cache: C:/Users/Robert Forbes/AppData/Local/UnrealEngine/4.17/DerivedDataCache/Boot.ddc
[2017.09.17-15.58.41:787][  0]LogDerivedDataCache: FDerivedDataBackendGraph:  Pak pak cache file ../../../../../Unreal Projects/Plan-X/PlanX/DerivedDataCache/DDC.ddp not found, will not use a pak cache.
[2017.09.17-15.58.41:787][  0]LogDerivedDataCache: Unable to find inner node Pak for hierarchical cache Hierarchy.
[2017.09.17-15.58.41:787][  0]LogDerivedDataCache: FDerivedDataBackendGraph:  CompressedPak pak cache file ../../../../../Unreal Projects/Plan-X/PlanX/DerivedDataCache/Compressed.ddp not found, will not use a pak cache.
[2017.09.17-15.58.41:787][  0]LogDerivedDataCache: Unable to find inner node CompressedPak for hierarchical cache Hierarchy.
[2017.09.17-15.58.41:811][  0]LogDerivedDataCache: Display: Pak cache opened for reading ../../../Engine/DerivedDataCache/Compressed.ddp.
[2017.09.17-15.58.41:823][  0]LogDerivedDataCache: Using Local data cache path C:/Users/Robert Forbes/AppData/Local/UnrealEngine/Common/DerivedDataCache: Writable
[2017.09.17-15.58.41:835][  0]LogMaterial: Verifying Global Shaders for PCD3D_SM5
[2017.09.17-15.58.41:835][  0]LogSlate: Using Freetype 2.6.0
[2017.09.17-15.58.41:904][  0]LogSlate: SlateFontCache - WITH_FREETYPE: 1, WITH_HARFBUZZ: 1
[2017.09.17-15.58.41:904][  0]LogSlate: SlateFontCache - WITH_FREETYPE: 1, WITH_HARFBUZZ: 1
[2017.09.17-15.58.50:568][  0]LogAssetRegistry: FAssetRegistry took 0.0270 seconds to start up
[2017.09.17-15.58.50:725][  0]LogInit: Selected Device Profile: [Windows]
[2017.09.17-15.58.50:888][  0]LogContentStreaming: Texture pool size is 0.00 MB
[2017.09.17-15.58.52:204][  0]LogSimplygon: Simplygon DLL not present - disabling.
[2017.09.17-15.58.52:296][  0]LogMeshReduction: Using SimplygonSwarm for distributed automatic mesh merging
[2017.09.17-15.58.52:296][  0]LogMeshReduction: Using QuadricMeshReduction for automatic static mesh reduction
[2017.09.17-15.58.52:296][  0]LogMeshReduction: No automatic skeletal mesh reduction module available
[2017.09.17-15.58.52:296][  0]LogMeshReduction: No automatic mesh merging module available
[2017.09.17-15.58.52:296][  0]LogMeshMerging: No automatic mesh merging module available
[2017.09.17-15.58.52:707][  0]LogNetVersion: PlanX , NetCL: 3573198, EngineNetVer: 2, GameNetVer: 0 (Checksum: 4232075429)
[2017.09.17-15.58.53:137][  0]LogPackageLocalizationCache: Processed 4 localized package path(s) for 2 prioritized culture(s) in 0.240065 seconds
[2017.09.17-15.58.53:143][  0]LogUObjectArray: 35825 objects as part of root set at end of initial load.
[2017.09.17-15.58.53:143][  0]LogUObjectAllocator: 7529112 out of 0 bytes used by permanent object pool.
[2017.09.17-15.58.53:143][  0]LogUObjectArray: CloseDisregardForGC: 0/0 objects in disregard for GC pool
[2017.09.17-15.58.53:190][  0]LogInit: WinSock: version 1.1 (2.2), MaxSocks=32767, MaxUdp=65467
[2017.09.17-15.58.56:003][  0]LogTcpMessaging: Initializing TcpMessaging bridge
[2017.09.17-15.58.56:042][  0]LogUdpMessaging: Initializing bridge on interface 0.0.0.0:0 to multicast group 230.0.0.1:6666.
[2017.09.17-15.58.56:686][  0]SourceControl: Source control is disabled
[2017.09.17-15.58.56:686][  0]SourceControl: Source control is disabled
[2017.09.17-15.58.56:735][  0]SourceControl: Source control is disabled
[2017.09.17-15.58.56:790][  0]SourceControl: Source control is disabled
[2017.09.17-15.58.57:536][  0]LogAndroidPermission: UAndroidPermissionCallbackProxy::GetInstance
[2017.09.17-15.58.57:986][  0]LogAnsel: Tried to load ../../../Engine/Plugins/Runtime/Nvidia/Ansel/Binaries/ThirdParty/AnselSDK64.dll : success=1
[2017.09.17-15.58.58:042][  0]LogOcInput: OculusInput pre-init called
[2017.09.17-15.58.58:345][  0]LogEngine: Initializing Engine...
[2017.09.17-15.58.59:918][  0]LogHMD: SteamVR initialized.  Driver: lighthouse  Display: LHR-21CE5F1D
[2017.09.17-15.59.00:181][  0]LogStats: UGameplayTagsManager::ConstructGameplayTagTree: Construct from data asset -  0.000 s
[2017.09.17-15.59.00:181][  0]LogStats: UGameplayTagsManager::ConstructGameplayTagTree: GameplayTagTreeChangedEvent.Broadcast -  0.000 s
[2017.09.17-15.59.00:366][  0]LogAIModule: Creating AISystem for world Untitled
[2017.09.17-15.59.00:391][  0]LogInit: XAudio2 using 'REAL SPEAKERS!!!!!!!!!! (Realtek High Definition Audio)' : 2 channels at 48 kHz using 32 bits per sample (channel mask 0x3)
[2017.09.17-15.59.00:457][  0]LogInit: FAudioDevice initialized.
[2017.09.17-15.59.00:580][  0]LogDerivedDataCache: Saved boot cache 0.12s 106MB C:/Users/Robert Forbes/AppData/Local/UnrealEngine/4.17/DerivedDataCache/Boot.ddc.
[2017.09.17-15.59.00:598][  0]LogInit: Texture streaming: Enabled
[2017.09.17-15.59.00:721][  0]LogMaterial: Uniform references updated for custom material expression Custom.
[2017.09.17-15.59.01:002][  0]LogEngineSessionManager: EngineSessionManager initialized
[2017.09.17-15.59.01:248][  0]LogInit: Transaction tracking system initialized
[2017.09.17-15.59.01:673][  0]BlueprintLog: New page: Editor Load
[2017.09.17-15.59.02:516][  0]LocalizationService: Localization service is disabled
[2017.09.17-15.59.03:198][  0]LogConsoleResponse: Display: 
[2017.09.17-15.59.03:657][  0]LogCook: Display: Max memory allowance for cook 16384mb min free memory 0mb
[2017.09.17-15.59.03:657][  0]LogCook: Display: Mobile HDR setting 1
[2017.09.17-15.59.03:657][  0]LogGameplayTags: Display: UGameplayTagsManager::DoneAddingNativeTags. DelegateIsBound: 0
[2017.09.17-15.59.04:645][  0]LogFileCache: Scanning file cache for directory 'Q:/Unreal Projects/Plan-X/PlanX/Content/' took 0.17s
[2017.09.17-15.59.04:686][  0]SourceControl: Source control is disabled
[2017.09.17-15.59.04:686][  0]Cmd: MAP LOAD FILE="../../../../../Unreal Projects/Plan-X/PlanX/Content/Assets/Mapt_data/Challenge_Levels/Challange_L_1_0.umap" TEMPLATE=0 SHOWPROGRESS=1 FEATURELEVEL=3
[2017.09.17-15.59.04:687][  0]LightingResults: New page: Lighting Build
[2017.09.17-15.59.04:723][  0]MapCheck: New page: Map Check
[2017.09.17-15.59.04:723][  0]LightingResults: New page: Lighting Build
[2017.09.17-15.59.08:176][  0]LogAIModule: Creating AISystem for world Challange_L_1_0
[2017.09.17-15.59.08:329][  0]LogEditorServer: Finished looking for orphan Actors (0.000 secs)
[2017.09.17-15.59.08:388][  0]Cmd: MAP CHECKDEP NOCLEARLOG
[2017.09.17-15.59.08:457][  0]MapCheck: Map check complete: 0 Error(s), 0 Warning(s), took 68.359ms to complete.
[2017.09.17-15.59.08:457][  0]LogFileHelpers: Loading map 'Challange_L_1_0' took 3.770
[2017.09.17-15.59.09:322][  0]LogCollectionManager: Loaded 0 collections in 0.024526 seconds
[2017.09.17-15.59.09:502][  0]LogFileCache: Scanning file cache for directory 'Q:/Unreal Projects/Plan-X/PlanX/Saved/Collections/' took 0.01s
[2017.09.17-15.59.09:502][  0]LogFileCache: Scanning file cache for directory 'Q:/Unreal Projects/Plan-X/PlanX/Content/Developers/RobertForbes/Collections/' took 0.01s
[2017.09.17-15.59.09:502][  0]LogFileCache: Scanning file cache for directory 'Q:/Unreal Projects/Plan-X/PlanX/Content/Collections/' took 0.01s
[2017.09.17-15.59.09:502][  0]LogCollectionManager: Rebuilt the GUID cache for 0 collections in 0.000000 seconds
[2017.09.17-15.59.09:519][  0]LogContentBrowser: Native class hierarchy populated in 0.0157 seconds. Added 2337 classes and 483 folders.
[2017.09.17-15.59.09:632][  0]LogContentBrowser: Native class hierarchy updated for 'WidgetCarousel' in 0.0007 seconds. Added 0 classes and 0 folders.
[2017.09.17-15.59.10:981][  0]LogContentBrowser: Native class hierarchy updated for 'AddContentDialog' in 0.0010 seconds. Added 0 classes and 0 folders.
[2017.09.17-15.59.11:115][  0]LogContentBrowser: Native class hierarchy updated for 'SceneOutliner' in 0.0010 seconds. Added 1 classes and 2 folders.
[2017.09.17-15.59.11:513][  0]LogSlate: Took 0.000319 seconds to synchronously load lazily loaded font '../../../Engine/Content/Slate/Fonts/Roboto-Regular.ttf' (155K)
[2017.09.17-15.59.11:517][  0]LogSlate: Took 0.000503 seconds to synchronously load lazily loaded font '../../../Engine/Content/Slate/Fonts/Roboto-Bold.ttf' (160K)
[2017.09.17-15.59.11:586][  0]LogSlate: Took 0.033552 seconds to synchronously load lazily loaded font '../../../Engine/Content/Editor/Slate/Fonts/FontAwesome.ttf' (139K)
[2017.09.17-15.59.12:234][  0]LogRenderer: Reallocating scene render targets to support 1208x536 Format 26 NumSamples 1 (Frame:1).
[2017.09.17-15.59.12:767][  0]LogContentBrowser: Native class hierarchy updated for 'HierarchicalLODOutliner' in 0.0009 seconds. Added 1 classes and 2 folders.
[2017.09.17-15.59.12:768][  0]LogLoad: (Engine Initialization) Total time: 63.69 seconds
[2017.09.17-15.59.12:768][  0]LogLoad: (Engine Initialization) Total Blueprint compile time: 0.00 seconds
[2017.09.17-15.59.12:768][  0]LogExternalProfiler: Found external profiler: VSPerf
[2017.09.17-15.59.12:768][  0]LogExternalProfiler: Using external profiler: VSPerf
[2017.09.17-15.59.13:208][  0]LogContentStreaming: Texture pool size now 600 MB
[2017.09.17-15.59.13:409][  0]LogRenderer: Reallocating scene render targets to support 1208x552 Format 26 NumSamples 1 (Frame:2).
[2017.09.17-15.59.13:409][  0]LogSlate: Took 0.024817 seconds to synchronously load lazily loaded font '../../../Engine/Content/Slate/Fonts/Roboto-Light.ttf' (159K)
[2017.09.17-15.59.13:440][  1]LogFileCache: Retrieving MD5 hashes for directory 'Q:/Unreal Projects/Plan-X/PlanX/Content/' took 0.29s
[2017.09.17-15.59.13:784][  2]LogAssetRegistry: Asset discovery search completed in 23.2367 seconds
[2017.09.17-15.59.13:786][  2]LogCollectionManager: Rebuilt the object cache for 0 collections in 0.000000 seconds (found 0 objects)
[2017.09.17-15.59.13:786][  2]LogCollectionManager: Fixed up redirectors for 0 collections in 0.000056 seconds (updated 0 objects)
[2017.09.17-16.00.04:784][320]LogSlate: Took 0.031501 seconds to synchronously load lazily loaded font '../../../Engine/Content/Slate/Fonts/Roboto-Light.ttf' (159K)
[2017.09.17-16.00.05:640][320]LogSavePackage: Save=138.34ms
[2017.09.17-16.00.05:640][320]LogSavePackage: Moving '../../../../../Unreal Projects/Plan-X/PlanX/Saved/Challange_L_1_024D821054686B854DFA06295FC1E91DC.tmp' to '../../../../../Unreal Projects/Plan-X/PlanX/Content/Assets/Mapt_data/Challenge_Levels/Challange_L_1_0.umap'
[2017.09.17-16.00.05:642][320]LogSavePackage: Display: Finished SavePackage ../../../../../Unreal Projects/Plan-X/PlanX/Content/Assets/Mapt_data/Challenge_Levels/Challange_L_1_0.umap
[2017.09.17-16.00.07:584][320]LogSlate: Took 0.013837 seconds to synchronously load lazily loaded font '../../../Engine/Content/Slate/Fonts/Roboto-Regular.ttf' (155K)
[2017.09.17-16.00.08:240][320]LogSavePackage: Save=2381.09ms
[2017.09.17-16.00.08:240][320]LogSavePackage: Moving '../../../../../Unreal Projects/Plan-X/PlanX/Saved/Challange_L_1_0_BuiltData44B3485E4D2AA38FB929679D3DC9238A.tmp' to '../../../../../Unreal Projects/Plan-X/PlanX/Content/Assets/Mapt_data/Challenge_Levels/Challange_L_1_0_BuiltData.uasset'
[2017.09.17-16.00.08:265][320]LogSavePackage: Display: Finished SavePackage ../../../../../Unreal Projects/Plan-X/PlanX/Content/Assets/Mapt_data/Challenge_Levels/Challange_L_1_0_BuiltData.uasset
[2017.09.17-16.00.27:505][578]LogSavePackage: Save=54.83ms
[2017.09.17-16.00.27:505][578]LogSavePackage: Moving '../../../../../Unreal Projects/Plan-X/PlanX/Saved/Challange_L_1_072EE1AB9483C79E0101B208975035F70.tmp' to '../../../../../Unreal Projects/Plan-X/PlanX/Content/Assets/Mapt_data/Challenge_Levels/Challange_L_1_0.umap'
[2017.09.17-16.00.27:506][578]LogSavePackage: Display: Finished SavePackage ../../../../../Unreal Projects/Plan-X/PlanX/Content/Assets/Mapt_data/Challenge_Levels/Challange_L_1_0.umap
[2017.09.17-16.00.28:937][578]LogSavePackage: Save=1390.24ms
[2017.09.17-16.00.28:937][578]LogSavePackage: Moving '../../../../../Unreal Projects/Plan-X/PlanX/Saved/Challange_L_1_0_BuiltData558B465A4267AAB6554096B1723E5FE8.tmp' to '../../../../../Unreal Projects/Plan-X/PlanX/Content/Assets/Mapt_data/Challenge_Levels/Challange_L_1_0_BuiltData.uasset'
[2017.09.17-16.00.28:939][578]LogSavePackage: Display: Finished SavePackage ../../../../../Unreal Projects/Plan-X/PlanX/Content/Assets/Mapt_data/Challenge_Levels/Challange_L_1_0_BuiltData.uasset
[2017.09.17-16.00.31:455][860]LogSavePackage: Save=72.75ms
[2017.09.17-16.00.31:455][860]LogSavePackage: Moving '../../../../../Unreal Projects/Plan-X/PlanX/Saved/Challange_L_1_011F25CE249E6B64B466CBA82E3FFE6D7.tmp' to '../../../../../Unreal Projects/Plan-X/PlanX/Content/Assets/Mapt_data/Challenge_Levels/Challange_L_1_0.umap'
[2017.09.17-16.00.31:457][860]LogSavePackage: Display: Finished SavePackage ../../../../../Unreal Projects/Plan-X/PlanX/Content/Assets/Mapt_data/Challenge_Levels/Challange_L_1_0.umap
[2017.09.17-16.00.32:905][860]LogSavePackage: Save=1406.38ms
[2017.09.17-16.00.32:905][860]LogSavePackage: Moving '../../../../../Unreal Projects/Plan-X/PlanX/Saved/Challange_L_1_0_BuiltData0A5BF3EB4A6A89C123C918B07DBD0CE2.tmp' to '../../../../../Unreal Projects/Plan-X/PlanX/Content/Assets/Mapt_data/Challenge_Levels/Challange_L_1_0_BuiltData.uasset'
[2017.09.17-16.00.32:906][860]LogSavePackage: Display: Finished SavePackage ../../../../../Unreal Projects/Plan-X/PlanX/Content/Assets/Mapt_data/Challenge_Levels/Challange_L_1_0_BuiltData.uasset
[2017.09.17-16.00.49:131][675]LogAIModule: Creating AISystem for world MotionControllerMap
[2017.09.17-16.00.49:177][675]Cmd: MAP LOAD FILE="../../../../../Unreal Projects/Plan-X/PlanX/Content/VirtualRealityBP/Maps/MotionControllerMap.umap" TEMPLATE=0 SHOWPROGRESS=1 FEATURELEVEL=3
[2017.09.17-16.00.49:177][675]LightingResults: New page: Lighting Build
[2017.09.17-16.00.49:178][675]LoadErrors: New page: Loading map: MotionControllerMap.umap
[2017.09.17-16.00.49:188][675]MapCheck: New page: Map Check
[2017.09.17-16.00.49:188][675]LightingResults: New page: Lighting Build
[2017.09.17-16.00.49:361][675]LogEditorServer: Finished looking for orphan Actors (0.000 secs)
[2017.09.17-16.00.49:427][675]Cmd: MAP CHECKDEP NOCLEARLOG
[2017.09.17-16.00.51:275][675]MapCheck: Map check complete: 0 Error(s), 0 Warning(s), took 1,847.959ms to complete.
[2017.09.17-16.00.51:276][675]LogFileHelpers: Loading map 'MotionControllerMap' took 2.100
[2017.09.17-16.00.59:841][624]LogEditorViewport: Clicking on Actor (LMB): MotionControllerPawn_C (VRPawn)
[2017.09.17-16.01.02:228][818]MapCheck: New page: Map Check
[2017.09.17-16.01.02:307][818]Cmd: MAP REBUILD ALLVISIBLE
[2017.09.17-16.01.02:319][818]LogEditorServer: Rebuildmap Clear paths rebuilt
[2017.09.17-16.01.02:511][818]LightingResults: New page: Lighting Build - Sep 17, 2017, 8:01:02 AM
[2017.09.17-16.01.02:718][818]LogSwarmInterface: [OpenConnection] Registering TCP channel ...
[2017.09.17-16.01.03:222][818]LogSwarmInterface: [OpenConnection] Connecting to agent ...
[2017.09.17-16.01.03:243][818]LogSwarmInterface: [TryOpenConnection] Testing the Agent
[2017.09.17-16.01.04:280][818]LogSwarmInterface: [TryOpenConnection] Opening Connection to Agent
[2017.09.17-16.01.04:280][818]LogSwarmInterface: [TryOpenConnection] Local Process ID is 10952
[2017.09.17-16.01.08:037][818]LogStaticLightingSystem: Running Lightmass w/ ImmediateImport mode ENABLED
[2017.09.17-16.01.08:037][818]LogStaticLightingSystem: Running Lightmass w/ ImmediateProcess mode ENABLED
[2017.09.17-16.01.08:037][818]LogStaticLightingSystem: Running Lightmass w/ Sorting mode ENABLED
[2017.09.17-16.01.08:037][818]LogStaticLightingSystem: Running Lightmass w/ Mapping paddings ENABLED
[2017.09.17-16.01.08:037][818]LogStaticLightingSystem: Running Lightmass w/ Mapping debug paddings DISABLED
[2017.09.17-16.01.08:226][818]LogEditorBuildUtils: Build time 0:05
[2017.09.17-16.01.17:279][513]Cmd: TRANSACTION UNDO
[2017.09.17-16.01.17:279][513]LogEditorTransaction: Undo Move Actors
[2017.09.17-16.01.17:384][513]LogSlate: Took 0.000290 seconds to synchronously load lazily loaded font '../../../Engine/Content/Slate/Fonts/Roboto-Light.ttf' (159K)
[2017.09.17-16.01.35:322][ 42]Job is a success!
[2017.09.17-16.01.36:577][ 44]LogTexture: Display: Building textures: HQ_Lightmap0_1 (AutoDXT, 1024X1024)
[2017.09.17-16.01.36:577][ 44]LogTexture: Display: Building textures: LQ_Lightmap_0_1 (DXT1, 1024X1024)
[2017.09.17-16.01.36:577][ 44]LogTexture: Display: Building textures: HQ_Lightmap0_2 (AutoDXT, 1024X1024)
[2017.09.17-16.01.36:577][ 44]LogTexture: Display: Building textures: LQ_Lightmap_0_2 (DXT1, 1024X1024)
[2017.09.17-16.01.36:577][ 44]LogTexture: Display: Building textures: HQ_Lightmap0_3 (AutoDXT, 64X64)
[2017.09.17-16.01.36:577][ 44]LogTexture: Display: Building textures: LQ_Lightmap_0_3 (DXT1, 64X64)
[2017.09.17-16.01.36:577][ 44]LogTexture: Display: Building textures: HQ_Lightmap0_4 (AutoDXT, 64X64)
[2017.09.17-16.01.36:577][ 44]LogTexture: Display: Building textures: LQ_Lightmap_0_4 (DXT1, 64X64)
[2017.09.17-16.01.36:728][ 44]LogTexture: Display: Building textures: ShadowMapTexture2D_3 (G8, 32X32)
[2017.09.17-16.01.36:728][ 44]LogTexture: Display: Building textures: ShadowMapTexture2D_2 (G8, 32X32)
[2017.09.17-16.01.36:728][ 44]LogTexture: Display: Building textures: ShadowMapTexture2D_1 (G8, 1024X256)
[2017.09.17-16.01.36:728][ 44]LogTexture: Display: Building textures: ShadowMapTexture2D_0 (G8, 1024X512)
[2017.09.17-16.01.36:767][ 44]Lightmass on DAWN: 27.5 sec total, 209 ms importing, 34 ms setup, 3.91 sec photons, 22.8 sec processing, 0 ms extra exporting [52/52 mappings]. Threads: 1:31 min total, 59.6 sec processing.
[2017.09.17-16.01.36:792][ 44]LogStaticLightingSystem: Illumination: 34.2 sec (1.00 sec encoding lightmaps, 147 ms encoding shadowmaps)
[2017.09.17-16.01.36:792][ 44]LogStaticLightingSystem: Lightmap texture memory:  4.0 MB (2.0 MB streaming, 2.0 MB non-streaming), 8 textures
[2017.09.17-16.01.36:792][ 44]LogStaticLightingSystem: Shadowmap texture memory: 1.0 MB (0.3 MB streaming, 0.7 MB non-streaming), 4 textures
[2017.09.17-16.01.37:034][ 44]DumpUnbuiltLightIteractions
[2017.09.17-16.01.37:034][ 44]Lights with unbuilt interactions: 0
[2017.09.17-16.01.37:034][ 44]
[2017.09.17-16.01.37:034][ 44]Primitives with unbuilt interactions: 0
[2017.09.17-16.01.37:055][ 45]Cmd: MAP CHECK NOTIFYRESULTS
[2017.09.17-16.01.37:055][ 45]MapCheck: New page: MotionControllerMap - Sep 17, 2017, 8:01:37 AM
[2017.09.17-16.01.37:287][ 45]MapCheck: Map check complete: 0 Error(s), 0 Warning(s), took 231.862ms to complete.
[2017.09.17-16.03.22:227][859]LogSlate: Took 0.014052 seconds to synchronously load lazily loaded font '../../../Engine/Content/Editor/Slate/Fonts/Roboto-Italic.ttf' (157K)
[2017.09.17-16.10.51:492][206]LogSavePackage: Save=188.10ms
[2017.09.17-16.10.51:493][206]LogSavePackage: Moving '../../../../../Unreal Projects/Plan-X/PlanX/Saved/MotionControllerMap_Auto1D6433CA74179DC2AD4A937AAF75D7279.tmp' to '../../../../../Unreal Projects/Plan-X/PlanX/Saved/Autosaves/Game/VirtualRealityBP/Maps/MotionControllerMap_Auto1.umap'
[2017.09.17-16.10.51:507][206]LogSavePackage: Display: Finished SavePackage ../../../../../Unreal Projects/Plan-X/PlanX/Saved/Autosaves/Game/VirtualRealityBP/Maps/MotionControllerMap_Auto1.umap
[2017.09.17-16.10.51:509][206]LogFileHelpers: Editor autosave (incl. sublevels) for '/Game/VirtualRealityBP/Maps/MotionControllerMap' took 0.245
[2017.09.17-16.10.51:510][206]LogFileHelpers: Editor autosave (incl. sublevels) for all levels took 0.245
[2017.09.17-16.10.51:512][206]OBJ SavePackage: Generating thumbnails for [0] asset(s) in package [/Game/VirtualRealityBP/Maps/MotionControllerMap_BuiltData] ([1] browsable assets)...
[2017.09.17-16.10.51:512][206]OBJ SavePackage: Finished generating thumbnails for package [/Game/VirtualRealityBP/Maps/MotionControllerMap_BuiltData]
[2017.09.17-16.10.51:629][206]LogSavePackage: Save=37.13ms
[2017.09.17-16.10.51:629][206]LogSavePackage: Moving '../../../../../Unreal Projects/Plan-X/PlanX/Saved/MotionControllerMap_BuiltData_Auto15C561E304852049F8A76BDB3CEAF4CB7.tmp' to '../../../../../Unreal Projects/Plan-X/PlanX/Saved/Autosaves/Game/VirtualRealityBP/Maps/MotionControllerMap_BuiltData_Auto1.uasset'
[2017.09.17-16.10.51:631][206]LogSavePackage: Display: Finished SavePackage ../../../../../Unreal Projects/Plan-X/PlanX/Saved/Autosaves/Game/VirtualRealityBP/Maps/MotionControllerMap_BuiltData_Auto1.uasset
[2017.09.17-16.10.51:631][206]LogFileHelpers: Auto-saving content packages took 0.121
[2017.09.17-18.18.02:782][222]Cmd: TRANSACTION UNDO
[2017.09.17-18.18.02:782][222]LogEditorTransaction: Undo Move Components
[2017.09.17-18.19.04:661][825]LogContentBrowser: Native class hierarchy updated for 'BlueprintGraph' in 0.0584 seconds. Added 113 classes and 0 folders.
[2017.09.17-18.19.07:172][825]LogSlate: Took 0.011905 seconds to synchronously load lazily loaded font '../../../Engine/Content/Editor/Slate/Fonts/Roboto-BoldCondensed.ttf' (158K)
[2017.09.17-18.19.09:781][832]LogRenderer: Reallocating scene render targets to support 1208x712 Format 26 NumSamples 1 (Frame:1).
[2017.09.17-18.19.46:855][690]LogSavePackage: Save=152.52ms
[2017.09.17-18.19.46:855][690]LogSavePackage: Moving '../../../../../Unreal Projects/Plan-X/PlanX/Saved/MotionControllerMap_Auto2F1608F2F4B6416AA37A7618CCDD22E17.tmp' to '../../../../../Unreal Projects/Plan-X/PlanX/Saved/Autosaves/Game/VirtualRealityBP/Maps/MotionControllerMap_Auto2.umap'
[2017.09.17-18.19.46:857][690]LogSavePackage: Display: Finished SavePackage ../../../../../Unreal Projects/Plan-X/PlanX/Saved/Autosaves/Game/VirtualRealityBP/Maps/MotionControllerMap_Auto2.umap
[2017.09.17-18.19.46:861][690]LogFileHelpers: Editor autosave (incl. sublevels) for '/Game/VirtualRealityBP/Maps/MotionControllerMap' took 0.230
[2017.09.17-18.19.46:861][690]LogFileHelpers: Editor autosave (incl. sublevels) for all levels took 0.230
[2017.09.17-18.23.43:968][402]BlueprintLog: New page: Compile MotionControllerPawn
[2017.09.17-18.23.45:523][428]LogSavePackage: Save=327.31ms
[2017.09.17-18.23.45:523][428]LogSavePackage: Moving '../../../../../Unreal Projects/Plan-X/PlanX/Saved/MotionControllerPawn511172124559738CF94849ADA050F5D6.tmp' to '../../../../../Unreal Projects/Plan-X/PlanX/Content/VirtualRealityBP/Blueprints/MotionControllerPawn.uasset'
[2017.09.17-18.23.45:528][428]LogSavePackage: Display: Finished SavePackage ../../../../../Unreal Projects/Plan-X/PlanX/Content/VirtualRealityBP/Blueprints/MotionControllerPawn.uasset
[2017.09.17-18.23.53:191][123]LogBlueprintUserMessages: Early PlayInEditor Detection: Level '/Game/VirtualRealityBP/Maps/MotionControllerMap.MotionControllerMap:PersistentLevel' has LevelScriptBlueprint '/Game/VirtualRealityBP/Maps/MotionControllerMap.MotionControllerMap:PersistentLevel.MotionControllerMap' with GeneratedClass '/Game/VirtualRealityBP/Maps/MotionControllerMap.MotionControllerMap_C' with ClassGeneratedBy '/Game/VirtualRealityBP/Maps/MotionControllerMap.MotionControllerMap:PersistentLevel.MotionControllerMap'
[2017.09.17-18.23.53:198][123]LogPlayLevel: PlayLevel: No blueprints needed recompiling
[2017.09.17-18.23.53:248][123]PIE: New page: PIE session: MotionControllerMap (Sep 17, 2017, 10:23:53 AM)
[2017.09.17-18.23.53:265][123]LogPlayLevel: Creating play world package: /Game/VirtualRealityBP/Maps/UEDPIE_0_MotionControllerMap
[2017.09.17-18.23.53:298][123]LogPlayLevel: PIE: StaticDuplicateObject took: (0.033464s)
[2017.09.17-18.23.53:299][123]LogAIModule: Creating AISystem for world MotionControllerMap
[2017.09.17-18.23.53:300][123]LogPlayLevel: PIE: World Init took: (0.001553s)
[2017.09.17-18.23.53:311][123]LogPlayLevel: PIE: Created PIE world by copying editor world from /Game/VirtualRealityBP/Maps/MotionControllerMap.MotionControllerMap to /Game/VirtualRealityBP/Maps/UEDPIE_0_MotionControllerMap.MotionControllerMap (0.046595s)
[2017.09.17-18.23.53:392][123]LogInit: XAudio2 using 'REAL SPEAKERS!!!!!!!!!! (Realtek High Definition Audio)' : 2 channels at 48 kHz using 32 bits per sample (channel mask 0x3)
[2017.09.17-18.23.53:403][123]LogInit: FAudioDevice initialized.
[2017.09.17-18.23.53:558][123]LogLoad: Game class is 'GameMode'
[2017.09.17-18.23.53:793][123]LogWorld: Bringing World /Game/VirtualRealityBP/Maps/UEDPIE_0_MotionControllerMap.MotionControllerMap up for play (max tick rate 0) at 2017.09.17-14.23.53
[2017.09.17-18.23.53:845][123]LogWorld: Bringing up level for play took: 0.108248
[2017.09.17-18.23.53:990][123]LogContentBrowser: Native class hierarchy updated for 'MovieSceneCapture' in 0.0009 seconds. Added 11 classes and 0 folders.
[2017.09.17-18.23.54:000][123]LogGameMode: Display: Match State Changed from EnteringMap to WaitingToStart
[2017.09.17-18.23.54:001][123]LogGameState: Match State Changed from EnteringMap to WaitingToStart
[2017.09.17-18.23.54:001][123]LogGameMode: Display: Match State Changed from WaitingToStart to InProgress
[2017.09.17-18.23.54:159][123]LogUnrealMath: Error: FMatrix::InverseFast(), trying to invert a NIL matrix, this results in NaNs! Use Inverse() instead.
[2017.09.17-18.23.54:159][123]LogOutputDevice: Warning: 

Script Stack:
BP_MotionController_C.SetupRoomScaleOutline
BP_MotionController_C.ExecuteUbergraph_BP_MotionController
BP_MotionController_C.ReceiveBeginPlay
MotionControllerPawn_C.ExecuteUbergraph_MotionControllerPawn
MotionControllerPawn_C.ReceiveBeginPlay

[2017.09.17-18.23.55:403][123]LogStats: FPlatformStackWalk::StackWalkAndDump -  1.243 s
[2017.09.17-18.23.55:403][123]LogOutputDevice: Error: === Handled ensure: ===
[2017.09.17-18.23.55:403][123]LogOutputDevice: Error: 
[2017.09.17-18.23.55:403][123]LogOutputDevice: Error: Ensure condition failed: false [File:D:\Build\++UE4+Release-4.17+Compile\Sync\Engine\Source\Runtime\Core\Private\Math\Matrix.cpp] [Line: 8]
[2017.09.17-18.23.55:403][123]LogOutputDevice: Error: FMatrix::InverseFast(), trying to invert a NIL matrix, this results in NaNs! Use Inverse() instead.
[2017.09.17-18.23.55:403][123]LogOutputDevice: Error: Stack: 
[2017.09.17-18.23.55:403][123]LogOutputDevice: Error: UE4Editor-Core.dll!0x0000000032113606
[2017.09.17-18.23.55:403][123]LogOutputDevice: Error: UE4Editor-Core.dll!0x0000000031E9C2D2
[2017.09.17-18.23.55:403][123]LogOutputDevice: Error: UE4Editor-Core.dll!0x0000000031EB4746
[2017.09.17-18.23.55:403][123]LogOutputDevice: Error: UE4Editor-Core.dll!0x0000000031E3E1A1
[2017.09.17-18.23.55:403][123]LogOutputDevice: Error: UE4Editor-Engine.dll!0x00000000332D74CB
[2017.09.17-18.23.55:403][123]LogOutputDevice: Error: UE4Editor-Engine.dll!0x0000000033C3AE63
[2017.09.17-18.23.55:403][123]LogOutputDevice: Error: UE4Editor-Engine.dll!0x0000000033C71A74
[2017.09.17-18.23.55:403][123]LogOutputDevice: Error: UE4Editor-CoreUObject.dll!0x00000000439DEF44
[2017.09.17-18.23.55:403][123]LogOutputDevice: Error: UE4Editor-CoreUObject.dll!0x0000000043B9DF94
[2017.09.17-18.23.55:403][123]LogOutputDevice: Error: UE4Editor-CoreUObject.dll!0x0000000043BB32F1
[2017.09.17-18.23.55:403][123]LogOutputDevice: Error: UE4Editor-CoreUObject.dll!0x0000000043BB54D2
[2017.09.17-18.23.55:403][123]LogOutputDevice: Error: UE4Editor-CoreUObject.dll!0x0000000043B9E99E
[2017.09.17-18.23.55:403][123]LogOutputDevice: Error: UE4Editor-CoreUObject.dll!0x0000000043BB54D2
[2017.09.17-18.23.55:403][123]LogOutputDevice: Error: UE4Editor-CoreUObject.dll!0x0000000043B9E99E
[2017.09.17-18.23.55:403][123]LogOutputDevice: Error: UE4Editor-CoreUObject.dll!0x0000000043BB54D2
[2017.09.17-18.23.55:403][123]LogOutputDevice: Error: UE4Editor-CoreUObject.dll!0x00000000439DEF44
[2017.09.17-18.23.55:403][123]LogOutputDevice: Error: UE4Editor-CoreUObject.dll!0x0000000043BB4865
[2017.09.17-18.23.55:403][123]LogOutputDevice: Error: UE4Editor-Engine.dll!0x00000000333BB217
[2017.09.17-18.23.55:403][123]LogOutputDevice: Error: UE4Editor-Engine.dll!0x00000000345657A7
[2017.09.17-18.23.55:403][123]LogOutputDevice: Error: UE4Editor-Engine.dll!0x000000003337DC0F
[2017.09.17-18.23.55:403][123]LogOutputDevice: Error: UE4Editor-Engine.dll!0x000000003338ABAB
[2017.09.17-18.23.55:403][123]LogOutputDevice: Error: UE4Editor-Engine.dll!0x00000000333B6939
[2017.09.17-18.23.55:403][123]LogOutputDevice: Error: UE4Editor-Engine.dll!0x0000000033397DE3
[2017.09.17-18.23.55:403][123]LogOutputDevice: Error: UE4Editor-Engine.dll!0x0000000033ABBCB9
[2017.09.17-18.23.55:403][123]LogOutputDevice: Error: UE4Editor-Engine.dll!0x00000000333F0576
[2017.09.17-18.23.55:403][123]LogOutputDevice: Error: UE4Editor-CoreUObject.dll!0x00000000439DEF44
[2017.09.17-18.23.55:403][123]LogOutputDevice: Error: UE4Editor-CoreUObject.dll!0x0000000043B9DF94
[2017.09.17-18.23.55:403][123]LogOutputDevice: Error: UE4Editor-CoreUObject.dll!0x0000000043BB32F1
[2017.09.17-18.23.55:403][123]LogOutputDevice: Error: UE4Editor-CoreUObject.dll!0x0000000043BDCF94
[2017.09.17-18.23.55:403][123]LogOutputDevice: Error: UE4Editor-CoreUObject.dll!0x0000000043BB54D2
[2017.09.17-18.23.55:403][123]LogOutputDevice: Error: UE4Editor-CoreUObject.dll!0x0000000043B9E99E
[2017.09.17-18.23.55:403][123]LogOutputDevice: Error: UE4Editor-CoreUObject.dll!0x0000000043BB54D2
[2017.09.17-18.23.55:403][123]LogOutputDevice: Error: UE4Editor-CoreUObject.dll!0x00000000439DEF44
[2017.09.17-18.23.55:403][123]LogOutputDevice: Error: UE4Editor-CoreUObject.dll!0x0000000043BB4865
[2017.09.17-18.23.55:403][123]LogOutputDevice: Error: UE4Editor-Engine.dll!0x00000000333BB217
[2017.09.17-18.23.55:403][123]LogOutputDevice: Error: UE4Editor-Engine.dll!0x00000000345657A7
[2017.09.17-18.23.55:403][123]LogOutputDevice: Error: UE4Editor-Engine.dll!0x000000003337DC0F
[2017.09.17-18.23.55:403][123]LogOutputDevice: Error: UE4Editor-Engine.dll!0x000000003338ABAB
[2017.09.17-18.23.55:403][123]LogOutputDevice: Error: UE4Editor-Engine.dll!0x000000003454A4D1
[2017.09.17-18.23.55:403][123]LogOutputDevice: Error: UE4Editor-Engine.dll!0x0000000033AC60DC
[2017.09.17-18.23.55:403][123]LogOutputDevice: Error: UE4Editor-Engine.dll!0x0000000033AE2CA3
[2017.09.17-18.23.55:403][123]LogOutputDevice: Error: UE4Editor-Engine.dll!0x0000000033AE73A3
[2017.09.17-18.23.55:403][123]LogOutputDevice: Error: UE4Editor-Engine.dll!0x0000000034535C7E
[2017.09.17-18.23.55:403][123]LogOutputDevice: Error: UE4Editor-Engine.dll!0x0000000033AE7B26
[2017.09.17-18.23.55:403][123]LogOutputDevice: Error: UE4Editor-UnrealEd.dll!0x000000003043A70C
[2017.09.17-18.23.55:403][123]LogOutputDevice: Error: UE4Editor-UnrealEd.dll!0x00000000304650EE
[2017.09.17-18.23.55:403][123]LogOutputDevice: Error: UE4Editor-UnrealEd.dll!0x0000000030480C34
[2017.09.17-18.23.55:403][123]LogOutputDevice: Error: UE4Editor-UnrealEd.dll!0x000000002FEEBDB8
[2017.09.17-18.23.55:403][123]LogOutputDevice: Error: UE4Editor-UnrealEd.dll!0x000000003077CEE6
[2017.09.17-18.23.55:403][123]LogOutputDevice: Error: UE4Editor.exe!0x00000000E51F534A
[2017.09.17-18.23.55:403][123]LogOutputDevice: Error: UE4Editor.exe!0x00000000E5203970
[2017.09.17-18.23.55:403][123]LogOutputDevice: Error: UE4Editor.exe!0x00000000E52039EA
[2017.09.17-18.23.55:403][123]LogOutputDevice: Error: UE4Editor.exe!0x00000000E52102D9
[2017.09.17-18.23.55:403][123]LogOutputDevice: Error: UE4Editor.exe!0x00000000E5211C47
[2017.09.17-18.23.55:403][123]LogOutputDevice: Error: KERNEL32.DLL!0x0000000079298364
[2017.09.17-18.23.55:403][123]LogOutputDevice: Error: ntdll.dll!0x0000000079D57091
[2017.09.17-18.23.55:403][123]LogOutputDevice: Error: 
[2017.09.17-18.23.55:407][123]LogStats:                SubmitErrorReport -  0.000 s
[2017.09.17-18.24.10:890][123]LogStats:                    SendNewReport - 15.483 s
[2017.09.17-18.24.10:890][123]LogStats:             FDebug::EnsureFailed - 16.731 s
[2017.09.17-18.24.10:890][123]LogUnrealMath: Error: FMatrix::InverseFast(), trying to invert a NIL matrix, this results in NaNs! Use Inverse() instead.
[2017.09.17-18.24.10:890][123]LogUnrealMath: Error: FMatrix::InverseFast(), trying to invert a NIL matrix, this results in NaNs! Use Inverse() instead.
[2017.09.17-18.24.10:890][123]LogUnrealMath: Error: FMatrix::InverseFast(), trying to invert a NIL matrix, this results in NaNs! Use Inverse() instead.
[2017.09.17-18.24.10:906][123]LogBlueprint: Warning: SetRelativeScale3D : Invalid Scale entered (X=-nan(ind) Y=-nan(ind) Z=70.000). Resetting to 1.f.
[2017.09.17-18.24.10:912][123]LogUnrealMath: Error: FMatrix::InverseFast(), trying to invert a NIL matrix, this results in NaNs! Use Inverse() instead.
[2017.09.17-18.24.10:912][123]LogUnrealMath: Error: FMatrix::InverseFast(), trying to invert a NIL matrix, this results in NaNs! Use Inverse() instead.
[2017.09.17-18.24.10:912][123]LogUnrealMath: Error: FMatrix::InverseFast(), trying to invert a NIL matrix, this results in NaNs! Use Inverse() instead.
[2017.09.17-18.24.10:912][123]LogUnrealMath: Error: FMatrix::InverseFast(), trying to invert a NIL matrix, this results in NaNs! Use Inverse() instead.
[2017.09.17-18.24.10:912][123]LogBlueprint: Warning: SetRelativeScale3D : Invalid Scale entered (X=-nan(ind) Y=-nan(ind) Z=70.000). Resetting to 1.f.
[2017.09.17-18.24.10:913][123]LogGameState: Match State Changed from WaitingToStart to InProgress
[2017.09.17-18.24.10:946][123]PIE: Play in editor start time for /Game/VirtualRealityBP/Maps/UEDPIE_0_MotionControllerMap 16.813
[2017.09.17-18.24.10:947][123]LogBlueprintUserMessages: Late PlayInEditor Detection: Level '/Game/VirtualRealityBP/Maps/MotionControllerMap.MotionControllerMap:PersistentLevel' has LevelScriptBlueprint '/Game/VirtualRealityBP/Maps/MotionControllerMap.MotionControllerMap:PersistentLevel.MotionControllerMap' with GeneratedClass '/Game/VirtualRealityBP/Maps/MotionControllerMap.MotionControllerMap_C' with ClassGeneratedBy '/Game/VirtualRealityBP/Maps/MotionControllerMap.MotionControllerMap:PersistentLevel.MotionControllerMap'
[2017.09.17-18.24.11:861][123]LogAnsel: We reckon 0.010000 meters to 1 world unit
[2017.09.17-18.24.12:095][124]LogRenderer: Reallocating scene render targets to support 3024x1680 Format 26 NumSamples 1 (Frame:1).
[2017.09.17-18.24.12:095][124]LogSteamVRController: Controller role for device 3 is 0 (invalid=0, left=1, right=2).
[2017.09.17-18.24.12:095][124]LogSteamVRController: Warning: Controller device 3 has no role set.  There is no 'right' controller according to steamvr, so we are pickign that.
[2017.09.17-18.24.12:096][124]LogSteamVRController: Controller role for device 4 is 0 (invalid=0, left=1, right=2).
[2017.09.17-18.24.12:096][124]LogSteamVRController: Putting controller 4 on the left hand because there is already a controller for the right.
[2017.09.17-18.25.28:974][504]LogBlueprintUserMessages: Early EndPlayMap Detection: Level '/Game/VirtualRealityBP/Maps/MotionControllerMap.MotionControllerMap:PersistentLevel' has LevelScriptBlueprint '/Game/VirtualRealityBP/Maps/MotionControllerMap.MotionControllerMap:PersistentLevel.MotionControllerMap' with GeneratedClass '/Game/VirtualRealityBP/Maps/MotionControllerMap.MotionControllerMap_C' with ClassGeneratedBy '/Game/VirtualRealityBP/Maps/MotionControllerMap.MotionControllerMap:PersistentLevel.MotionControllerMap'
[2017.09.17-18.25.29:238][504]LogBlueprintUserMessages: Late EndPlayMap Detection: Level '/Game/VirtualRealityBP/Maps/MotionControllerMap.MotionControllerMap:PersistentLevel' has LevelScriptBlueprint '/Game/VirtualRealityBP/Maps/MotionControllerMap.MotionControllerMap:PersistentLevel.MotionControllerMap' with GeneratedClass '/Game/VirtualRealityBP/Maps/MotionControllerMap.MotionControllerMap_C' with ClassGeneratedBy '/Game/VirtualRealityBP/Maps/MotionControllerMap.MotionControllerMap:PersistentLevel.MotionControllerMap'
[2017.09.17-18.28.07:860][796]LogActorFactory: Actor Factory created Cube
[2017.09.17-18.28.08:238][835]LogActorFactory: Actor Factory created Cube
[2017.09.17-18.28.59:272][808]LogEditorActor: Deleted Actor: StaticMeshActor
[2017.09.17-18.28.59:293][808]LogEditorActor: Deleted 1 Actors (0.027 secs)
[2017.09.17-18.31.23:773][ 91]LogSavePackage: Save=170.28ms
[2017.09.17-18.31.23:773][ 91]LogSavePackage: Moving '../../../../../Unreal Projects/Plan-X/PlanX/Saved/MotionControllerMap_Auto33C826257460C6EF1E87293854827489D.tmp' to '../../../../../Unreal Projects/Plan-X/PlanX/Saved/Autosaves/Game/VirtualRealityBP/Maps/MotionControllerMap_Auto3.umap'
[2017.09.17-18.31.23:774][ 91]LogSavePackage: Display: Finished SavePackage ../../../../../Unreal Projects/Plan-X/PlanX/Saved/Autosaves/Game/VirtualRealityBP/Maps/MotionControllerMap_Auto3.umap
[2017.09.17-18.31.23:777][ 91]LogFileHelpers: Editor autosave (incl. sublevels) for '/Game/VirtualRealityBP/Maps/MotionControllerMap' took 0.214
[2017.09.17-18.31.23:777][ 91]LogFileHelpers: Editor autosave (incl. sublevels) for all levels took 0.214
[2017.09.17-18.31.43:100][231]LogSavePackage: Save=127.20ms
[2017.09.17-18.31.43:100][231]LogSavePackage: Moving '../../../../../Unreal Projects/Plan-X/PlanX/Saved/MotionControllerMap165359544C9BF7986FF244BE40B16D58.tmp' to '../../../../../Unreal Projects/Plan-X/PlanX/Content/VirtualRealityBP/Maps/MotionControllerMap.umap'
[2017.09.17-18.31.43:123][231]LogSavePackage: Display: Finished SavePackage ../../../../../Unreal Projects/Plan-X/PlanX/Content/VirtualRealityBP/Maps/MotionControllerMap.umap
[2017.09.17-18.31.43:466][231]LogSavePackage: Save=268.11ms
[2017.09.17-18.31.43:466][231]LogSavePackage: Moving '../../../../../Unreal Projects/Plan-X/PlanX/Saved/MotionControllerMap_BuiltData928A86CA499B0026759F0E9EB01537C4.tmp' to '../../../../../Unreal Projects/Plan-X/PlanX/Content/VirtualRealityBP/Maps/MotionControllerMap_BuiltData.uasset'
[2017.09.17-18.31.43:472][231]LogSavePackage: Display: Finished SavePackage ../../../../../Unreal Projects/Plan-X/PlanX/Content/VirtualRealityBP/Maps/MotionControllerMap_BuiltData.uasset
[2017.09.17-18.31.45:073][335]Cmd: QUIT_EDITOR
[2017.09.17-18.31.46:133][335]LogWindowsTextInputMethodSystem: Display: IME system now deactivated.
[2017.09.17-18.31.46:289][335]LogExit: Preparing to exit.
[2017.09.17-18.31.47:531][335]LogDirectoryWatcher: A directory notification for 'Q:/Unreal Projects/Plan-X/PlanX/Content/' was aborted.
[2017.09.17-18.31.48:111][335]LogExit: Editor shut down
[2017.09.17-18.31.48:167][335]LogExit: Transaction tracking system shut down
[2017.09.17-18.31.48:475][335]LogDirectoryWatcher: A directory notification for '../../../Engine/Content/' was aborted.
[2017.09.17-18.31.48:475][335]LogDirectoryWatcher: A directory notification for '../../../../../Unreal Projects/Plan-X/PlanX/Content/' was aborted.
[2017.09.17-18.31.48:475][335]LogDirectoryWatcher: A directory notification for '../../../Engine/Plugins/Runtime/Oculus/OculusVR/Content/' was aborted.
[2017.09.17-18.31.48:475][335]LogDirectoryWatcher: A directory notification for '../../../Engine/Plugins/Runtime/Steam/SteamVR/Content/' was aborted.
[2017.09.17-18.31.50:751][335]LogExit: Object subsystem successfully closed.
[2017.09.17-18.31.51:276][335]LogD3D11RHI: Shutdown
[2017.09.17-18.31.51:283][335]LogD3D11RHI: CleanupD3DDevice
[2017.09.17-18.31.51:314][335]LogD3D11RHI: ~FD3D11DynamicRHI
[2017.09.17-18.31.52:673][335]LogModuleManager: Shutting down and abandoning module MovieSceneCapture (528)
[2017.09.17-18.31.52:673][335]LogModuleManager: Shutting down and abandoning module BlueprintGraph (526)
[2017.09.17-18.31.52:673][335]LogModuleManager: Shutting down and abandoning module BlueprintProfiler (524)
[2017.09.17-18.31.52:764][335]LogModuleManager: Shutting down and abandoning module HierarchicalLODOutliner (522)
[2017.09.17-18.31.52:764][335]LogModuleManager: Shutting down and abandoning module SceneOutliner (520)
[2017.09.17-18.31.52:773][335]LogModuleManager: Shutting down and abandoning module AddContentDialog (518)
[2017.09.17-18.31.52:793][335]LogDirectoryWatcher: A directory notification for 'Q:/Unreal Engine/UE_4.17/FeaturePacks/' was aborted.
[2017.09.17-18.31.52:875][335]LogModuleManager: Shutting down and abandoning module WidgetCarousel (517)
[2017.09.17-18.31.52:875][335]LogModuleManager: Shutting down and abandoning module EditorWidgets (514)
[2017.09.17-18.31.52:875][335]LogModuleManager: Shutting down and abandoning module CollectionManager (512)
[2017.09.17-18.31.52:900][335]LogDirectoryWatcher: A directory notification for 'Q:/Unreal Projects/Plan-X/PlanX/Content/Collections/' was aborted.
[2017.09.17-18.31.52:900][335]LogDirectoryWatcher: A directory notification for 'Q:/Unreal Projects/Plan-X/PlanX/Content/Developers/RobertForbes/Collections/' was aborted.
[2017.09.17-18.31.52:900][335]LogDirectoryWatcher: A directory notification for 'Q:/Unreal Projects/Plan-X/PlanX/Saved/Collections/' was aborted.
[2017.09.17-18.31.52:900][335]LogModuleManager: Shutting down and abandoning module StatsViewer (510)
[2017.09.17-18.31.52:936][335]LogModuleManager: Shutting down and abandoning module FoliageEdit (508)
[2017.09.17-18.31.52:936][335]LogModuleManager: Shutting down and abandoning module LandscapeEditor (506)
[2017.09.17-18.31.53:020][335]LogModuleManager: Shutting down and abandoning module MeshPaintMode (504)
[2017.09.17-18.31.53:020][335]LogModuleManager: Shutting down and abandoning module MeshPaint (503)
[2017.09.17-18.31.53:030][335]LogModuleManager: Shutting down and abandoning module SceneDepthPickerMode (500)
[2017.09.17-18.31.53:030][335]LogModuleManager: Shutting down and abandoning module ActorPickerMode (498)
[2017.09.17-18.31.53:030][335]LogModuleManager: Shutting down and abandoning module GeometryMode (496)
[2017.09.17-18.31.53:030][335]LogModuleManager: Shutting down and abandoning module TextureAlignMode (494)
[2017.09.17-18.31.53:030][335]LogModuleManager: Shutting down and abandoning module BspMode (492)
[2017.09.17-18.31.53:040][335]LogModuleManager: Shutting down and abandoning module PIEPreviewDeviceProfileSelector (490)
[2017.09.17-18.31.53:040][335]LogModuleManager: Shutting down and abandoning module HardwareSurvey (488)
[2017.09.17-18.31.53:040][335]LogModuleManager: Shutting down and abandoning module SequenceRecorderSections (486)
[2017.09.17-18.31.53:040][335]LogModuleManager: Shutting down and abandoning module AutomationWorker (484)
[2017.09.17-18.31.53:068][335]LogModuleManager: Shutting down and abandoning module MatineeToLevelSequence (482)
[2017.09.17-18.31.53:068][335]LogModuleManager: Shutting down and abandoning module LevelSequenceEditor (480)
[2017.09.17-18.31.53:118][335]LogModuleManager: Shutting down and abandoning module PlacementMode (479)
[2017.09.17-18.31.53:118][335]LogModuleManager: Shutting down and abandoning module WmfMediaFactory (476)
[2017.09.17-18.31.53:118][335]LogModuleManager: Shutting down and abandoning module WmfMediaEditor (474)
[2017.09.17-18.31.53:118][335]LogModuleManager: Shutting down and abandoning module AvfMediaFactory (472)
[2017.09.17-18.31.53:118][335]LogModuleManager: Shutting down and abandoning module AvfMediaEditor (470)
[2017.09.17-18.31.53:118][335]LogModuleManager: Shutting down and abandoning module AndroidMediaFactory (468)
[2017.09.17-18.31.53:118][335]LogModuleManager: Shutting down and abandoning module Media (467)
[2017.09.17-18.31.53:118][335]LogModuleManager: Shutting down and abandoning module AndroidMediaEditor (464)
[2017.09.17-18.31.53:118][335]LogModuleManager: Shutting down and abandoning module CharacterAI (462)
[2017.09.17-18.31.53:118][335]LogModuleManager: Shutting down and abandoning module AudioCapture (460)
[2017.09.17-18.31.53:118][335]LogModuleManager: Shutting down and abandoning module SequenceRecorder (459)
[2017.09.17-18.31.53:129][335]LogModuleManager: Shutting down and abandoning module SessionServices (456)
[2017.09.17-18.31.53:129][335]LogModuleManager: Shutting down and abandoning module ViewportSnapping (454)
[2017.09.17-18.31.53:129][335]LogModuleManager: Shutting down and abandoning module ViewportInteraction (452)
[2017.09.17-18.31.53:129][335]LogModuleManager: Shutting down and abandoning module ClothPainter (450)
[2017.09.17-18.31.53:182][335]LogModuleManager: Shutting down and abandoning module LogVisualizer (448)
[2017.09.17-18.31.53:253][335]LogModuleManager: Shutting down and abandoning module IntroTutorials (446)
[2017.09.17-18.31.53:299][335]LogModuleManager: Shutting down and abandoning module GameProjectGeneration (445)
[2017.09.17-18.31.53:299][335]LogModuleManager: Shutting down and abandoning module IOSPlatformEditor (442)
[2017.09.17-18.31.53:299][335]LogModuleManager: Shutting down and abandoning module HTML5PlatformEditor (440)
[2017.09.17-18.31.53:299][335]LogModuleManager: Shutting down and abandoning module AndroidPlatformEditor (438)
[2017.09.17-18.31.53:299][335]LogModuleManager: Shutting down and abandoning module AndroidDeviceDetection (437)
[2017.09.17-18.31.54:025][335]LogModuleManager: Shutting down and abandoning module WindowsPlatformEditor (434)
[2017.09.17-18.31.54:025][335]LogModuleManager: Shutting down and abandoning module IOSRuntimeSettings (432)
[2017.09.17-18.31.54:025][335]LogModuleManager: Shutting down and abandoning module AndroidRuntimeSettings (430)
[2017.09.17-18.31.54:025][335]LogModuleManager: Shutting down and abandoning module InputBindingEditor (428)
[2017.09.17-18.31.54:056][335]LogModuleManager: Shutting down and abandoning module MergeActors (426)
[2017.09.17-18.31.54:078][335]LogModuleManager: Shutting down and abandoning module SizeMap (424)
[2017.09.17-18.31.54:078][335]LogModuleManager: Shutting down and abandoning module TreeMap (422)
[2017.09.17-18.31.54:124][335]LogModuleManager: Shutting down and abandoning module ReferenceViewer (420)
[2017.09.17-18.31.54:124][335]LogModuleManager: Shutting down and abandoning module LocalizationDashboard (418)
[2017.09.17-18.31.54:155][335]LogModuleManager: Shutting down and abandoning module LocalizationService (417)
[2017.09.17-18.31.54:167][335]LogModuleManager: Shutting down and abandoning module HardwareTargeting (414)
[2017.09.17-18.31.54:167][335]LogModuleManager: Shutting down and abandoning module DeviceProfileEditor (412)
[2017.09.17-18.31.54:178][335]LogModuleManager: Shutting down and abandoning module UndoHistory (410)
[2017.09.17-18.31.54:178][335]LogModuleManager: Shutting down and abandoning module XmlParser (408)
[2017.09.17-18.31.54:178][335]LogModuleManager: Shutting down and abandoning module Blutility (406)
[2017.09.17-18.31.54:178][335]LogModuleManager: Shutting down and abandoning module ProjectSettingsViewer (404)
[2017.09.17-18.31.54:178][335]LogModuleManager: Shutting down and abandoning module ProjectTargetPlatformEditor (403)
[2017.09.17-18.31.54:178][335]LogModuleManager: Shutting down and abandoning module EditorSettingsViewer (400)
[2017.09.17-18.31.54:178][335]LogModuleManager: Shutting down and abandoning module SettingsEditor (398)
[2017.09.17-18.31.54:207][335]LogModuleManager: Shutting down and abandoning module ProjectLauncher (396)
[2017.09.17-18.31.54:235][335]LogModuleManager: Shutting down and abandoning module SessionFrontend (394)
[2017.09.17-18.31.54:241][335]LogModuleManager: Shutting down and abandoning module ProfilerClient (392)
[2017.09.17-18.31.54:248][335]LogModuleManager: Shutting down and abandoning module DeviceManager (390)
[2017.09.17-18.31.54:289][335]LogModuleManager: Shutting down and abandoning module TargetDeviceServices (389)
[2017.09.17-18.31.54:342][335]LogModuleManager: Shutting down and abandoning module AutomationController (386)
[2017.09.17-18.31.54:392][335]LogModuleManager: Shutting down and abandoning module AutomationWindow (384)
[2017.09.17-18.31.54:444][335]LogModuleManager: Shutting down and abandoning module Layers (382)
[2017.09.17-18.31.54:545][335]LogModuleManager: Shutting down and abandoning module ComponentVisualizers (380)
[2017.09.17-18.31.54:545][335]LogModuleManager: Shutting down and abandoning module DetailCustomizations (378)
[2017.09.17-18.31.54:555][335]LogModuleManager: Shutting down and abandoning module PackagesDialog (376)
[2017.09.17-18.31.54:556][335]LogModuleManager: Shutting down and abandoning module Persona (374)
[2017.09.17-18.31.54:580][335]LogModuleManager: Shutting down and abandoning module AdvancedPreviewScene (373)
[2017.09.17-18.31.54:580][335]LogModuleManager: Shutting down and abandoning module AnimGraph (371)
[2017.09.17-18.31.54:586][335]LogModuleManager: Shutting down and abandoning module Kismet (368)
[2017.09.17-18.31.54:597][335]LogModuleManager: Shutting down and abandoning module LevelEditor (367)
[2017.09.17-18.31.54:600][335]LogModuleManager: Shutting down and abandoning module PixelInspectorModule (366)
[2017.09.17-18.31.54:632][335]LogModuleManager: Shutting down and abandoning module ClassViewer (362)
[2017.09.17-18.31.54:632][335]LogModuleManager: Shutting down and abandoning module Toolbox (360)
[2017.09.17-18.31.54:632][335]LogModuleManager: Shutting down and abandoning module ModuleUI (358)
[2017.09.17-18.31.54:657][335]LogModuleManager: Shutting down and abandoning module MovieSceneTools (356)
[2017.09.17-18.31.54:685][335]LogModuleManager: Shutting down and abandoning module OutputLog (354)
[2017.09.17-18.31.54:692][335]LogModuleManager: Shutting down and abandoning module GammaUI (352)
[2017.09.17-18.31.54:699][335]LogModuleManager: Shutting down and abandoning module Documentation (350)
[2017.09.17-18.31.54:699][335]LogModuleManager: Shutting down and abandoning module MovieSceneTracks (348)
[2017.09.17-18.31.54:699][335]LogModuleManager: Shutting down and abandoning module MovieScene (346)
[2017.09.17-18.31.54:699][335]LogModuleManager: Shutting down and abandoning module Niagara (344)
[2017.09.17-18.31.54:699][335]LogModuleManager: Shutting down and abandoning module NiagaraEditor (343)
[2017.09.17-18.31.54:759][335]LogModuleManager: Shutting down and abandoning module StreamingPauseRendering (340)
[2017.09.17-18.31.54:760][335]LogModuleManager: Shutting down and abandoning module LauncherPlatform (338)
[2017.09.17-18.31.54:760][335]LogModuleManager: Shutting down and abandoning module AnalyticsET (336)
[2017.09.17-18.31.54:760][335]LogModuleManager: Shutting down and abandoning module PortalServices (334)
[2017.09.17-18.31.54:760][335]LogModuleManager: Shutting down and abandoning module PortalRpc (332)
[2017.09.17-18.31.54:760][335]LogModuleManager: Shutting down and abandoning module MessagingRpc (330)
[2017.09.17-18.31.54:760][335]LogModuleManager: Shutting down and abandoning module AIModule (328)
[2017.09.17-18.31.54:760][335]LogModuleManager: Shutting down and abandoning module GameplayDebugger (327)
[2017.09.17-18.31.54:760][335]LogModuleManager: Shutting down and abandoning module AITestSuite (325)
[2017.09.17-18.31.54:776][335]LogModuleManager: Shutting down and abandoning module ProfilerService (322)
[2017.09.17-18.31.54:805][335]LogModuleManager: Shutting down and abandoning module TaskGraph (320)
[2017.09.17-18.31.54:837][335]LogModuleManager: Shutting down and abandoning module SteamVRController (318)
[2017.09.17-18.31.54:837][335]LogModuleManager: Shutting down and abandoning module ProceduralMeshComponentEditor (316)
[2017.09.17-18.31.54:837][335]LogModuleManager: Shutting down and abandoning module ProceduralMeshComponent (314)
[2017.09.17-18.31.54:837][335]LogModuleManager: Shutting down and abandoning module OculusInput (312)
[2017.09.17-18.31.54:837][335]LogModuleManager: Shutting down and abandoning module Ansel (310)
[2017.09.17-18.31.54:837][335]LogModuleManager: Shutting down and abandoning module MobilePatchingUtils (308)
[2017.09.17-18.31.54:837][335]LogModuleManager: Shutting down and abandoning module CustomMeshComponent (306)
[2017.09.17-18.31.54:837][335]LogModuleManager: Shutting down and abandoning module CableComponent (304)
[2017.09.17-18.31.54:837][335]LogModuleManager: Shutting down and abandoning module ArchVisCharacter (302)
[2017.09.17-18.31.54:837][335]LogModuleManager: Shutting down and abandoning module AndroidPermission (300)
[2017.09.17-18.31.54:837][335]LogModuleManager: Shutting down and abandoning module MediaPlayerEditor (296)
[2017.09.17-18.31.54:852][335]LogModuleManager: Shutting down and abandoning module HTML5Networking (294)
[2017.09.17-18.31.54:852][335]LogModuleManager: Shutting down and abandoning module AlembicImporter (292)
[2017.09.17-18.31.54:865][335]LogModuleManager: Shutting down and abandoning module AlembicLibrary (291)
[2017.09.17-18.31.54:866][335]LogModuleManager: Shutting down and abandoning module GeometryCache (290)
[2017.09.17-18.31.54:866][335]LogModuleManager: Shutting down and abandoning module GeometryCacheEd (289)
[2017.09.17-18.31.54:866][335]LogModuleManager: Shutting down and abandoning module SpeedTreeImporter (284)
[2017.09.17-18.31.54:866][335]LogModuleManager: Shutting down and abandoning module PluginBrowser (282)
[2017.09.17-18.31.54:892][335]LogModuleManager: Shutting down and abandoning module MainFrame (281)
[2017.09.17-18.31.54:892][335]LogModuleManager: Shutting down and abandoning module MobileLauncherProfileWizard (278)
[2017.09.17-18.31.54:910][335]LogModuleManager: Shutting down and abandoning module VisualStudioSourceCodeAccess (276)
[2017.09.17-18.31.54:910][335]LogModuleManager: Shutting down and abandoning module DesktopPlatform (275)
[2017.09.17-18.31.54:921][335]LogModuleManager: Shutting down and abandoning module HotReload (273)
[2017.09.17-18.31.54:960][335]LogModuleManager: Shutting down and abandoning module UObjectPlugin (270)
[2017.09.17-18.31.54:960][335]LogModuleManager: Shutting down and abandoning module SubversionSourceControl (268)
[2017.09.17-18.31.55:021][335]LogModuleManager: Shutting down and abandoning module PerforceSourceControl (266)
[2017.09.17-18.31.55:041][335]LogModuleManager: Shutting down and abandoning module GitSourceControl (264)
[2017.09.17-18.31.55:059][335]LogModuleManager: Shutting down and abandoning module SourceControl (263)
[2017.09.17-18.31.55:079][335]LogModuleManager: Shutting down and abandoning module LightPropagationVolumeEditor (260)
[2017.09.17-18.31.55:079][335]LogModuleManager: Shutting down and abandoning module RuntimePhysXCooking (258)
[2017.09.17-18.31.55:079][335]LogModuleManager: Shutting down and abandoning module PhysXVehiclesEditor (256)
[2017.09.17-18.31.55:079][335]LogModuleManager: Shutting down and abandoning module PhysXVehicles (254)
[2017.09.17-18.31.55:079][335]LogModuleManager: Shutting down and abandoning module OculusEditor (252)
[2017.09.17-18.31.55:079][335]LogModuleManager: Shutting down and abandoning module LocationServicesBPLibrary (250)
[2017.09.17-18.31.55:079][335]LogModuleManager: Shutting down and abandoning module ImmediatePhysicsEditor (248)
[2017.09.17-18.31.55:079][335]LogModuleManager: Shutting down and abandoning module ImmediatePhysics (246)
[2017.09.17-18.31.55:093][335]LogModuleManager: Shutting down and abandoning module UdpMessaging (244)
[2017.09.17-18.31.55:194][335]LogModuleManager: Shutting down and abandoning module TcpMessaging (242)
[2017.09.17-18.31.55:317][335]LogModuleManager: Shutting down and abandoning module GameplayTagsEditor (240)
[2017.09.17-18.31.55:461][335]LogModuleManager: Shutting down and abandoning module FacialAnimationEditor (238)
[2017.09.17-18.31.55:461][335]LogModuleManager: Shutting down and abandoning module FacialAnimation (236)
[2017.09.17-18.31.55:461][335]LogModuleManager: Shutting down and abandoning module AssetManagerEditor (234)
[2017.09.17-18.31.55:467][335]LogModuleManager: Shutting down and abandoning module GraphEditor (233)
[2017.09.17-18.31.55:467][335]LogModuleManager: Shutting down and abandoning module ContentBrowser (231)
[2017.09.17-18.31.55:469][335]LogModuleManager: Shutting down and abandoning module LightPropagationVolumeRuntime (228)
[2017.09.17-18.31.55:469][335]LogModuleManager: Shutting down and abandoning module WindowsMoviePlayer (226)
[2017.09.17-18.31.55:469][335]LogModuleManager: Shutting down and abandoning module WmfMedia (224)
[2017.09.17-18.31.55:469][335]LogModuleManager: Shutting down and abandoning module PacketHandler (222)
[2017.09.17-18.31.55:469][335]LogModuleManager: Shutting down and abandoning module ClothingSystemEditor (220)
[2017.09.17-18.31.55:469][335]LogModuleManager: Shutting down and abandoning module ClothingSystemRuntime (218)
[2017.09.17-18.31.55:485][335]LogModuleManager: Shutting down and abandoning module Overlay (216)
[2017.09.17-18.31.55:485][335]LogModuleManager: Shutting down and abandoning module OverlayEditor (215)
[2017.09.17-18.31.55:485][335]LogModuleManager: Shutting down and abandoning module MediaAssets (212)
[2017.09.17-18.31.55:485][335]LogModuleManager: Shutting down and abandoning module VREditor (210)
[2017.09.17-18.31.55:501][335]LogModuleManager: Shutting down and abandoning module StringTableEditor (208)
[2017.09.17-18.31.55:513][335]LogModuleManager: Shutting down and abandoning module GameplayTasksEditor (206)
[2017.09.17-18.31.55:513][335]LogModuleManager: Shutting down and abandoning module BehaviorTreeEditor (204)
[2017.09.17-18.31.55:538][335]LogModuleManager: Shutting down and abandoning module FunctionalTesting (202)
[2017.09.17-18.31.55:538][335]LogModuleManager: Shutting down and abandoning module CollisionAnalyzer (200)
[2017.09.17-18.31.55:549][335]LogModuleManager: Shutting down and abandoning module WorkspaceMenuStructure (199)
[2017.09.17-18.31.55:549][335]LogModuleManager: Shutting down and abandoning module UMG (196)
[2017.09.17-18.31.55:564][335]LogModuleManager: Shutting down and abandoning module UMGEditor (195)
[2017.09.17-18.31.55:600][335]LogModuleManager: Shutting down and abandoning module Sequencer (194)
[2017.09.17-18.31.55:614][335]LogModuleManager: Shutting down and abandoning module MessageLog (191)
[2017.09.17-18.31.55:614][335]LogModuleManager: Shutting down and abandoning module SlateReflector (186)
[2017.09.17-18.31.55:635][335]LogModuleManager: Shutting down and abandoning module Slate (184)
[2017.09.17-18.31.55:635][335]LogModuleManager: Shutting down and abandoning module EditorStyle (182)
[2017.09.17-18.31.55:637][335]LogModuleManager: Shutting down and abandoning module MRMesh (180)
[2017.09.17-18.31.55:638][335]LogModuleManager: Shutting down and abandoning module SourceCodeAccess (178)
[2017.09.17-18.31.55:638][335]LogModuleManager: Shutting down and abandoning module HeadMountedDisplay (176)
[2017.09.17-18.31.55:638][335]LogModuleManager: Shutting down and abandoning module XAudio2 (174)
[2017.09.17-18.31.55:638][335]LogModuleManager: Shutting down and abandoning module Networking (172)
[2017.09.17-18.31.55:638][335]LogModuleManager: Shutting down and abandoning module Core (168)
[2017.09.17-18.31.55:638][335]LogModuleManager: Shutting down and abandoning module KismetCompiler (164)
[2017.09.17-18.31.55:638][335]LogModuleManager: Shutting down and abandoning module LevelSequence (162)
[2017.09.17-18.31.55:638][335]LogModuleManager: Shutting down and abandoning module MeshUtilities (160)
[2017.09.17-18.31.55:648][335]LogModuleManager: Shutting down and abandoning module MeshMergeUtilities (159)
[2017.09.17-18.31.55:663][335]LogModuleManager: Shutting down and abandoning module MeshReductionInterface (158)
[2017.09.17-18.31.55:663][335]LogModuleManager: Shutting down and abandoning module SimplygonSwarm (157)
[2017.09.17-18.31.55:676][335]LogModuleManager: Shutting down and abandoning module SimplygonMeshReduction (155)
[2017.09.17-18.31.55:676][335]LogModuleManager: Shutting down and abandoning module QuadricMeshReduction (153)
[2017.09.17-18.31.55:684][335]LogModuleManager: Shutting down and abandoning module MaterialBaking (149)
[2017.09.17-18.31.55:692][335]LogModuleManager: Shutting down and abandoning module DirectoryWatcher (146)
[2017.09.17-18.31.55:698][335]LogModuleManager: Shutting down and abandoning module DerivedDataCache (144)
[2017.09.17-18.31.55:719][335]LogDerivedDataCache: Shutdown
[2017.09.17-18.31.55:719][335]LogModuleManager: Shutting down and abandoning module TargetPlatform (142)
[2017.09.17-18.31.55:719][335]LogModuleManager: Shutting down and abandoning module VulkanShaderFormat (141)
[2017.09.17-18.31.55:762][335]LogModuleManager: Shutting down and abandoning module ShaderFormatVectorVM (139)
[2017.09.17-18.31.55:777][335]LogModuleManager: Shutting down and abandoning module ShaderFormatOpenGL (137)
[2017.09.17-18.31.55:788][335]LogModuleManager: Shutting down and abandoning module ShaderFormatD3D (135)
[2017.09.17-18.31.55:788][335]LogModuleManager: Shutting down and abandoning module MetalShaderFormat (133)
[2017.09.17-18.31.55:795][335]LogModuleManager: Shutting down and abandoning module TextureFormatUncompressed (131)
[2017.09.17-18.31.55:796][335]LogModuleManager: Shutting down and abandoning module TextureFormatPVR (129)
[2017.09.17-18.31.55:796][335]LogModuleManager: Shutting down and abandoning module TextureFormatDXT (127)
[2017.09.17-18.31.55:796][335]LogModuleManager: Shutting down and abandoning module TextureFormatIntelISPCTexComp (125)
[2017.09.17-18.31.55:796][335]LogModuleManager: Shutting down and abandoning module TextureFormatASTC (123)
[2017.09.17-18.31.55:796][335]LogModuleManager: Shutting down and abandoning module ImageWrapper (122)
[2017.09.17-18.31.55:796][335]LogModuleManager: Shutting down and abandoning module TextureFormatAndroid (119)
[2017.09.17-18.31.55:796][335]LogModuleManager: Shutting down and abandoning module AudioFormatOpus (117)
[2017.09.17-18.31.55:796][335]LogModuleManager: Shutting down and abandoning module AudioFormatOgg (115)
[2017.09.17-18.31.55:796][335]LogModuleManager: Shutting down and abandoning module AudioFormatADPCM (113)
[2017.09.17-18.31.55:796][335]LogModuleManager: Shutting down and abandoning module LinuxTargetPlatform (111)
[2017.09.17-18.31.55:796][335]LogModuleManager: Shutting down and abandoning module LinuxServerTargetPlatform (109)
[2017.09.17-18.31.55:796][335]LogModuleManager: Shutting down and abandoning module LinuxNoEditorTargetPlatform (107)
[2017.09.17-18.31.55:796][335]LogModuleManager: Shutting down and abandoning module LinuxClientTargetPlatform (105)
[2017.09.17-18.31.55:796][335]LogModuleManager: Shutting down and abandoning module TVOSTargetPlatform (103)
[2017.09.17-18.31.55:796][335]LogModuleManager: Shutting down and abandoning module Messaging (101)
[2017.09.17-18.31.55:796][335]LogModuleManager: Shutting down and abandoning module IOSTargetPlatform (99)
[2017.09.17-18.31.55:796][335]LogModuleManager: Shutting down and abandoning module HTML5TargetPlatform (97)
[2017.09.17-18.31.55:796][335]LogModuleManager: Shutting down and abandoning module Android_PVRTCTargetPlatform (95)
[2017.09.17-18.31.55:796][335]LogModuleManager: Shutting down and abandoning module Android_MultiTargetPlatform (93)
[2017.09.17-18.31.55:796][335]LogModuleManager: Shutting down and abandoning module Android_ETC2TargetPlatform (91)
[2017.09.17-18.31.55:796][335]LogModuleManager: Shutting down and abandoning module Android_ETC1TargetPlatform (89)
[2017.09.17-18.31.55:796][335]LogModuleManager: Shutting down and abandoning module Android_DXTTargetPlatform (87)
[2017.09.17-18.31.55:796][335]LogModuleManager: Shutting down and abandoning module Android_ATCTargetPlatform (85)
[2017.09.17-18.31.55:796][335]LogModuleManager: Shutting down and abandoning module Android_ASTCTargetPlatform (83)
[2017.09.17-18.31.55:796][335]LogModuleManager: Shutting down and abandoning module AndroidTargetPlatform (81)
[2017.09.17-18.31.55:796][335]LogModuleManager: Shutting down and abandoning module WindowsTargetPlatform (79)
[2017.09.17-18.31.55:796][335]LogModuleManager: Shutting down and abandoning module WindowsServerTargetPlatform (77)
[2017.09.17-18.31.55:796][335]LogModuleManager: Shutting down and abandoning module WindowsNoEditorTargetPlatform (75)
[2017.09.17-18.31.55:797][335]LogModuleManager: Shutting down and abandoning module WindowsClientTargetPlatform (73)
[2017.09.17-18.31.55:797][335]LogModuleManager: Shutting down and abandoning module MacTargetPlatform (71)
[2017.09.17-18.31.55:797][335]LogModuleManager: Shutting down and abandoning module MacServerTargetPlatform (69)
[2017.09.17-18.31.55:797][335]LogModuleManager: Shutting down and abandoning module MacNoEditorTargetPlatform (67)
[2017.09.17-18.31.55:797][335]LogModuleManager: Shutting down and abandoning module MacClientTargetPlatform (65)
[2017.09.17-18.31.55:797][335]LogModuleManager: Shutting down and abandoning module AllDesktopTargetPlatform (63)
[2017.09.17-18.31.55:797][335]LogModuleManager: Shutting down and abandoning module InputCore (60)
[2017.09.17-18.31.55:797][335]LogModuleManager: Shutting down and abandoning module Settings (58)
[2017.09.17-18.31.55:797][335]LogModuleManager: Shutting down and abandoning module PhysXCooking (56)
[2017.09.17-18.31.55:797][335]LogModuleManager: Shutting down and abandoning module SteamVR (54)
[2017.09.17-18.31.55:797][335]LogModuleManager: Shutting down and abandoning module OculusHMD (52)
[2017.09.17-18.31.55:808][335]LogModuleManager: Shutting down and abandoning module ExampleDeviceProfileSelector (50)
[2017.09.17-18.31.55:808][335]LogModuleManager: Shutting down and abandoning module OnlineBlueprintSupport (48)
[2017.09.17-18.31.55:808][335]LogModuleManager: Shutting down and abandoning module OnlineSubsystem (44)
[2017.09.17-18.31.55:808][335]LogOnline: Display: Unloading online subsystem: NULL
[2017.09.17-18.31.55:822][335]LogModuleManager: Shutting down and abandoning module XMPP (43)
[2017.09.17-18.31.55:839][335]LogModuleManager: Shutting down and abandoning module HTTP (41)
[2017.09.17-18.31.55:839][335]LogHttp: Display: Http module shutting down, but needs to wait on 1 outstanding Http requests:
[2017.09.17-18.31.55:844][335]LogHttp: Display: 	verb=[POST] url=[https://datarouter.ol.epicgames.com/datarouter/api/v1/public/data?SessionID=%7B64677FEC-4722-0A6C-0E2A-858B8EC1E739%7D&AppID=UEEditor.Rocket.Release&AppVersion=4.17.1-3586342%2B%2B%2BUE4%2BRelease-4.17&UserID=d195f449449d6ca1a7d6e997d7b4619b%7C38799267579e43f199dcadb14603b7d0%7Cc4c036e9-0de7-44e5-8786-b569ea8dee15&AppEnvironment=datacollector-binary&UploadType=eteventstream] status=Processing
[2017.09.17-18.31.55:869][335]LogModuleManager: Shutting down and abandoning module SSL (40)
[2017.09.17-18.31.55:877][335]LogModuleManager: Shutting down and abandoning module AnimationModifiers (36)
[2017.09.17-18.31.55:897][335]LogModuleManager: Shutting down and abandoning module PropertyEditor (35)
[2017.09.17-18.31.55:897][335]LogModuleManager: Shutting down and abandoning module AudioEditor (32)
[2017.09.17-18.31.55:907][335]LogModuleManager: Shutting down and abandoning module TextureCompressor (30)
[2017.09.17-18.31.55:907][335]LogModuleManager: Shutting down and abandoning module ShaderCore (28)
[2017.09.17-18.31.55:907][335]LogModuleManager: Shutting down and abandoning module Landscape (26)
[2017.09.17-18.31.55:907][335]LogModuleManager: Shutting down and abandoning module SlateRHIRenderer (24)
[2017.09.17-18.31.55:929][335]LogModuleManager: Shutting down and abandoning module OpenGLDrv (22)
[2017.09.17-18.31.55:936][335]LogModuleManager: Shutting down and abandoning module D3D11RHI (20)
[2017.09.17-18.31.55:936][335]LogModuleManager: Shutting down and abandoning module AnimGraphRuntime (18)
[2017.09.17-18.31.55:947][335]LogModuleManager: Shutting down and abandoning module Renderer (16)
[2017.09.17-18.31.55:947][335]LogModuleManager: Shutting down and abandoning module Engine (14)
[2017.09.17-18.31.55:952][335]LogModuleManager: Shutting down and abandoning module CoreUObject (12)
[2017.09.17-18.31.55:952][335]LogModuleManager: Shutting down and abandoning module NetworkFile (10)
[2017.09.17-18.31.55:952][335]LogModuleManager: Shutting down and abandoning module CookedIterativeFile (8)
[2017.09.17-18.31.55:953][335]LogModuleManager: Shutting down and abandoning module StreamingFile (6)
[2017.09.17-18.31.55:953][335]LogModuleManager: Shutting down and abandoning module SandboxFile (4)
[2017.09.17-18.31.55:953][335]LogModuleManager: Shutting down and abandoning module PakFile (2)
[2017.09.17-18.31.55:964][335]LogExit: Exiting.
[2017.09.17-18.31.56:003][335]Log file closed, 09/17/17 14:31:56
