Log file open, 09/07/17 23:45:55
LogWindows: LoadLibraryWithSearchPaths failed for file aqProf.dll. GetLastError=0
LogWindows: LoadLibraryWithSearchPaths failed for file VtuneApi.dll. GetLastError=0
LogWindows: LoadLibraryWithSearchPaths failed for file VtuneApi32e.dll. GetLastError=0
LogInit: Display: Running engine for game: PlanX
LogPlatformFile: Not using cached read wrapper
LogInit: Display: RandInit(1507248211) SRandInit(1507248211).
LogTaskGraph: Started task graph with 5 named threads and 14 total threads with 3 sets of task threads.
LogStats: Stats thread started at 0.173962
LogD3D11RHI: Aftermath initialized
LogPluginManager: Mounting plugin LightPropagationVolume
LogPluginManager: Mounting plugin CodeLiteSourceCodeAccess
LogPluginManager: Mounting plugin GitSourceControl
LogPluginManager: Mounting plugin KDevelopSourceCodeAccess
LogPluginManager: Mounting plugin NullSourceCodeAccess
LogPluginManager: Mounting plugin PerforceSourceControl
LogPluginManager: Mounting plugin SubversionSourceControl
LogPluginManager: Mounting plugin UObjectPlugin
LogPluginManager: Mounting plugin VisualStudioSourceCodeAccess
LogPluginManager: Mounting plugin XCodeSourceCodeAccess
LogPluginManager: Mounting plugin AssetManagerEditor
LogPluginManager: Mounting plugin AudioCapture
LogPluginManager: Mounting plugin FacialAnimation
LogPluginManager: Mounting plugin GameplayTagsEditor
LogPluginManager: Mounting plugin MobileLauncherProfileWizard
LogPluginManager: Mounting plugin PluginBrowser
LogPluginManager: Mounting plugin SpeedTreeImporter
LogPluginManager: Mounting plugin AlembicImporter
LogPluginManager: Mounting plugin CharacterAI
LogPluginManager: Mounting plugin HTML5Networking
LogPluginManager: Mounting plugin AndroidMedia
LogPluginManager: Mounting plugin AvfMedia
LogPluginManager: Mounting plugin MediaPlayerEditor
LogPluginManager: Mounting plugin WmfMedia
LogPluginManager: Mounting plugin TcpMessaging
LogPluginManager: Mounting plugin UdpMessaging
LogPluginManager: Mounting plugin LevelSequenceEditor
LogPluginManager: Mounting plugin MatineeToLevelSequence
LogPluginManager: Mounting plugin OnlineSubsystemGooglePlay
LogPluginManager: Mounting plugin OnlineSubsystemIOS
LogPluginManager: Mounting plugin OnlineSubsystem
LogPluginManager: Mounting plugin OnlineSubsystemNull
LogPluginManager: Mounting plugin OnlineSubsystemUtils
LogPluginManager: Mounting plugin AndroidDeviceProfileSelector
LogPluginManager: Mounting plugin AndroidMoviePlayer
LogPluginManager: Mounting plugin AndroidPermission
LogPluginManager: Mounting plugin AppleMoviePlayer
LogPluginManager: Mounting plugin ArchVisCharacter
LogPluginManager: Mounting plugin CableComponent
LogPluginManager: Mounting plugin CustomMeshComponent
LogPluginManager: Mounting plugin ExampleDeviceProfileSelector
LogPluginManager: Mounting plugin GoogleCloudMessaging
LogPluginManager: Mounting plugin ImmediatePhysics
LogPluginManager: Mounting plugin IOSDeviceProfileSelector
LogPluginManager: Mounting plugin LinuxDeviceProfileSelector
LogPluginManager: Mounting plugin LocationServicesBPLibrary
LogPluginManager: Mounting plugin MobilePatchingUtils
LogPluginManager: Mounting plugin Ansel
LogPluginManager: Mounting plugin OculusVR
LogPluginManager: Mounting plugin PhysXVehicles
LogPluginManager: Mounting plugin ProceduralMeshComponent
LogPluginManager: Mounting plugin RuntimePhysXCooking
LogPluginManager: Mounting plugin SteamVR
LogPluginManager: Mounting plugin WindowsMoviePlayer
LogInit: Using libcurl 7.47.1
LogInit:  - built for x86_64-pc-win32
LogInit:  - supports SSL with OpenSSL/1.0.2g
LogInit:  - supports HTTP deflate (compression) using libz 1.2.8
LogInit:  - other features:
LogInit:      CURL_VERSION_SSL
LogInit:      CURL_VERSION_LIBZ
LogInit:      CURL_VERSION_IPV6
LogInit:      CURL_VERSION_ASYNCHDNS
LogInit:      CURL_VERSION_LARGEFILE
LogInit:      CURL_VERSION_IDN
LogInit:  CurlRequestOptions (configurable via config and command line):
LogInit:  - bVerifyPeer = false  - Libcurl will NOT verify peer certificate
LogInit:  - bUseHttpProxy = false  - Libcurl will NOT use HTTP proxy
LogInit:  - bDontReuseConnections = false  - Libcurl will reuse connections
LogInit:  - CertBundlePath = nullptr  - Libcurl will use whatever was configured at build time.
LogInit: Build: ++UE4+Release-4.17-CL-3586342
LogInit: Engine Version: 4.17.1-3586342+++UE4+Release-4.17
LogInit: Compatible Engine Version: 4.17.0-3573198+++UE4+Release-4.17
LogInit: Net CL: 3573198
LogDevObjectVersion: Number of dev versions registered: 16
LogDevObjectVersion:   Dev-Blueprints (B0D832E4-1F89-4F0D-ACCF-7EB736FD4AA2): 10
LogDevObjectVersion:   Dev-Build (E1C64328-A22C-4D53-A36C-8E866417BD8C): 0
LogDevObjectVersion:   Dev-Core (375EC13C-06E4-48FB-B500-84F0262A717E): 2
LogDevObjectVersion:   Dev-Editor (E4B068ED-F494-42E9-A231-DA0B2E46BB41): 20
LogDevObjectVersion:   Dev-Framework (CFFC743F-43B0-4480-9391-14DF171D2073): 28
LogDevObjectVersion:   Dev-Mobile (B02B49B5-BB20-44E9-A304-32B752E40360): 0
LogDevObjectVersion:   Dev-Networking (A4E4105C-59A1-49B5-A7C5-40C4547EDFEE): 0
LogDevObjectVersion:   Dev-Online (39C831C9-5AE6-47DC-9A44-9C173E1C8E7C): 0
LogDevObjectVersion:   Dev-Physics (78F01B33-EBEA-4F98-B9B4-84EACCB95AA2): 0
LogDevObjectVersion:   Dev-Platform (6631380F-2D4D-43E0-8009-CF276956A95A): 0
LogDevObjectVersion:   Dev-Rendering (12F88B9F-8875-4AFC-A67C-D90C383ABD29): 19
LogDevObjectVersion:   Dev-Sequencer (7B5AE74C-D270-4C10-A958-57980B212A5A): 4
LogDevObjectVersion:   Dev-VR (D7296918-1DD6-4BDD-9DE2-64A83CC13884): 0
LogDevObjectVersion:   Dev-LoadTimes (C2A15278-BFE7-4AFE-6C17-90FF531DF755): 1
LogDevObjectVersion:   Private-Geometry (6EACA3D4-40EC-4CC1-B786-8BED09428FC5): 1
LogDevObjectVersion:   Dev-AnimPhys (29E575DD-E0A3-4627-9D10-D276232CDCEA): 7
LogInit: Compiled (64-bit): Aug 15 2017 02:05:26
LogInit: Compiled with Visual C++: 19.00.24215.01
LogInit: Build Configuration: Development
LogInit: Branch Name: ++UE4+Release-4.17
LogInit: Command line: -EpicPortal 
LogInit: Base directory: Q:/Unreal Engine/UE_4.17/Engine/Binaries/Win64/
LogInit: Installed Engine Build: 1
LogInit: Presizing for max 8388607 objects, including 0 objects not considered by GC, pre-allocating 0 bytes for permanent pool.
LogInit: Object subsystem initialized
[2017.09.08-03.45.55:923][  0]LogInit: Selected Device Profile: [Windows]
[2017.09.08-03.45.55:923][  0]LogInit: Applying CVar settings loaded from the selected device profile: [Windows]
[2017.09.08-03.45.55:935][  0]LogInit: Computer: DAWN
[2017.09.08-03.45.55:935][  0]LogInit: User: RobertForbes
[2017.09.08-03.45.55:935][  0]LogInit: CPU Page size=4096, Cores=4
[2017.09.08-03.45.55:935][  0]LogInit: High frequency timer resolution =3.417985 MHz
[2017.09.08-03.45.55:935][  0]LogMemory: Memory total: Physical=8.0GB (8GB approx)
[2017.09.08-03.45.55:936][  0]LogMemory: Platform Memory Stats for Windows
[2017.09.08-03.45.55:936][  0]LogMemory: Process Physical Memory: 278.16 MB used, 278.16 MB peak
[2017.09.08-03.45.55:936][  0]LogMemory: Process Virtual Memory: 274.29 MB used, 274.29 MB peak
[2017.09.08-03.45.55:936][  0]LogMemory: Physical Memory: 6549.69 MB used,  1594.16 MB free, 8143.85 MB total
[2017.09.08-03.45.55:936][  0]LogMemory: Virtual Memory: 668.32 MB used,  1594.16 MB free, 134217728.00 MB total
[2017.09.08-03.45.56:100][  0]LogInit: Using OS detected language (en-US).
[2017.09.08-03.45.56:100][  0]LogInit: Using OS detected locale (en-US).
[2017.09.08-03.45.56:104][  0]LogTextLocalizationManager: No specific localization for 'en-US' exists, so the 'en' localization will be used.
[2017.09.08-03.45.56:866][  0]LogD3D11RHI: D3D11 adapters:
[2017.09.08-03.45.57:474][  0]LogD3D11RHI:    0. 'NVIDIA GeForce GTX 970' (Feature Level 11_0)
[2017.09.08-03.45.57:474][  0]LogD3D11RHI:       4058/0/4071 MB DedicatedVideo/DedicatedSystem/SharedSystem, Outputs:2, VendorId:0x10de
[2017.09.08-03.45.57:475][  0]LogD3D11RHI:    1. 'Microsoft Basic Render Driver' (Feature Level 11_0)
[2017.09.08-03.45.57:475][  0]LogD3D11RHI:       0/0/4071 MB DedicatedVideo/DedicatedSystem/SharedSystem, Outputs:0, VendorId:0x1414
[2017.09.08-03.45.57:475][  0]LogD3D11RHI: Chosen D3D11 Adapter: 0
[2017.09.08-03.45.57:479][  0]LogD3D11RHI: Creating new Direct3DDevice
[2017.09.08-03.45.57:479][  0]LogD3D11RHI:     GPU DeviceId: 0x13c2 (for the marketing name, search the web for "GPU Device Id")
[2017.09.08-03.45.57:479][  0]LogWindows: EnumDisplayDevices:
[2017.09.08-03.45.57:479][  0]LogWindows:    0. 'NVIDIA GeForce GTX 970' (P:0 D:1)
[2017.09.08-03.45.57:480][  0]LogWindows:    1. 'NVIDIA GeForce GTX 970' (P:1 D:1)
[2017.09.08-03.45.57:480][  0]LogWindows:    2. 'NVIDIA GeForce GTX 970' (P:0 D:0)
[2017.09.08-03.45.57:480][  0]LogWindows:    3. 'NVIDIA GeForce GTX 970' (P:0 D:0)
[2017.09.08-03.45.57:480][  0]LogWindows: DebugString: FoundDriverCount:4 
[2017.09.08-03.45.57:480][  0]LogD3D11RHI:     Adapter Name: NVIDIA GeForce GTX 970
[2017.09.08-03.45.57:480][  0]LogD3D11RHI:   Driver Version: 385.41 (internal:22.21.13.8541, unified:385.41)
[2017.09.08-03.45.57:480][  0]LogD3D11RHI:      Driver Date: 8-21-2017
[2017.09.08-03.45.57:480][  0]LogRHI: Texture pool is 1361 MB (70% of 1945 MB)
[2017.09.08-03.45.58:037][  0]LogD3D11RHI: Async texture creation enabled
[2017.09.08-03.45.58:076][  0]LogD3D11RHI: GPU Timing Frequency: 1000.000000 (Debug: 2 1)
[2017.09.08-03.45.58:078][  0]LogShaderCompilers: Guid format shader working directory is 11 characters bigger than the processId version (../../../../../Unreal Projects/Plan-X/PlanX/Intermediate/Shaders/WorkingDirectory/9816/).
[2017.09.08-03.45.58:078][  0]LogShaderCompilers: Cleaned the shader compiler working directory 'C:/Users/Robert Forbes/AppData/Local/Temp/UnrealShaderWorkingDir/CDE872244B1132E3FC885795993B7CCE/'.
[2017.09.08-03.45.58:078][  0]LogShaderCompilers: Display: Using Local Shader Compiler.
[2017.09.08-03.45.58:925][  0]LogTemp: Display: Loaded TP AllDesktopTargetPlatform
[2017.09.08-03.45.58:966][  0]LogTemp: Display: Loaded TP MacClientTargetPlatform
[2017.09.08-03.45.59:009][  0]LogTemp: Display: Loaded TP MacNoEditorTargetPlatform
[2017.09.08-03.45.59:053][  0]LogTemp: Display: Loaded TP MacServerTargetPlatform
[2017.09.08-03.45.59:097][  0]LogTemp: Display: Loaded TP MacTargetPlatform
[2017.09.08-03.45.59:144][  0]LogTemp: Display: Loaded TP WindowsClientTargetPlatform
[2017.09.08-03.45.59:186][  0]LogTemp: Display: Loaded TP WindowsNoEditorTargetPlatform
[2017.09.08-03.45.59:232][  0]LogTemp: Display: Loaded TP WindowsServerTargetPlatform
[2017.09.08-03.45.59:268][  0]LogTemp: Display: Loaded TP WindowsTargetPlatform
[2017.09.08-03.45.59:311][  0]LogTemp: Display: Loaded TP AndroidTargetPlatform
[2017.09.08-03.45.59:351][  0]LogTemp: Display: Loaded TP Android_ASTCTargetPlatform
[2017.09.08-03.45.59:412][  0]LogTemp: Display: Loaded TP Android_ATCTargetPlatform
[2017.09.08-03.45.59:460][  0]LogTemp: Display: Loaded TP Android_DXTTargetPlatform
[2017.09.08-03.45.59:509][  0]LogTemp: Display: Loaded TP Android_ETC1TargetPlatform
[2017.09.08-03.45.59:553][  0]LogTemp: Display: Loaded TP Android_ETC2TargetPlatform
[2017.09.08-03.45.59:670][  0]LogTemp: Display: Loaded TP Android_MultiTargetPlatform
[2017.09.08-03.45.59:670][  0]LogTemp: Display: Loaded TP Android_PVRTCTargetPlatform
[2017.09.08-03.45.59:702][  0]LogTemp: Display: Loaded TP HTML5TargetPlatform
[2017.09.08-03.45.59:804][  0]LogTemp: Display: Loaded TP IOSTargetPlatform
[2017.09.08-03.45.59:828][  0]LogTemp: Display: Loaded TP TVOSTargetPlatform
[2017.09.08-03.45.59:870][  0]LogTemp: Display: Loaded TP LinuxClientTargetPlatform
[2017.09.08-03.45.59:933][  0]LogTemp: Display: Loaded TP LinuxNoEditorTargetPlatform
[2017.09.08-03.46.00:011][  0]LogTemp: Display: Loaded TP LinuxServerTargetPlatform
[2017.09.08-03.46.00:099][  0]LogTemp: Display: Loaded TP LinuxTargetPlatform
[2017.09.08-03.46.00:099][  0]LogTargetPlatformManager: Display: Building Assets For Windows
[2017.09.08-03.46.00:514][  0]LogDerivedDataCache: Display: Max Cache Size: 512 MB
[2017.09.08-03.46.00:610][  0]LogDerivedDataCache: Loaded boot cache 0.10s 106MB C:/Users/Robert Forbes/AppData/Local/UnrealEngine/4.17/DerivedDataCache/Boot.ddc.
[2017.09.08-03.46.00:610][  0]LogDerivedDataCache: Display: Loaded Boot cache: C:/Users/Robert Forbes/AppData/Local/UnrealEngine/4.17/DerivedDataCache/Boot.ddc
[2017.09.08-03.46.00:610][  0]LogDerivedDataCache: FDerivedDataBackendGraph:  Pak pak cache file ../../../../../Unreal Projects/Plan-X/PlanX/DerivedDataCache/DDC.ddp not found, will not use a pak cache.
[2017.09.08-03.46.00:610][  0]LogDerivedDataCache: Unable to find inner node Pak for hierarchical cache Hierarchy.
[2017.09.08-03.46.00:610][  0]LogDerivedDataCache: FDerivedDataBackendGraph:  CompressedPak pak cache file ../../../../../Unreal Projects/Plan-X/PlanX/DerivedDataCache/Compressed.ddp not found, will not use a pak cache.
[2017.09.08-03.46.00:610][  0]LogDerivedDataCache: Unable to find inner node CompressedPak for hierarchical cache Hierarchy.
[2017.09.08-03.46.00:627][  0]LogDerivedDataCache: Display: Pak cache opened for reading ../../../Engine/DerivedDataCache/Compressed.ddp.
[2017.09.08-03.46.00:638][  0]LogDerivedDataCache: Using Local data cache path C:/Users/Robert Forbes/AppData/Local/UnrealEngine/Common/DerivedDataCache: Writable
[2017.09.08-03.46.00:648][  0]LogMaterial: Verifying Global Shaders for PCD3D_SM5
[2017.09.08-03.46.00:649][  0]LogSlate: Using Freetype 2.6.0
[2017.09.08-03.46.00:649][  0]LogSlate: SlateFontCache - WITH_FREETYPE: 1, WITH_HARFBUZZ: 1
[2017.09.08-03.46.00:650][  0]LogSlate: SlateFontCache - WITH_FREETYPE: 1, WITH_HARFBUZZ: 1
[2017.09.08-03.46.00:924][  0]LogAssetRegistry: FAssetRegistry took 0.0256 seconds to start up
[2017.09.08-03.46.01:028][  0]LogInit: Selected Device Profile: [Windows]
[2017.09.08-03.46.01:174][  0]LogContentStreaming: Texture pool size is 0.00 MB
[2017.09.08-03.46.01:501][  0]LogSimplygon: Simplygon DLL not present - disabling.
[2017.09.08-03.46.01:536][  0]LogMeshReduction: Using SimplygonSwarm for distributed automatic mesh merging
[2017.09.08-03.46.01:536][  0]LogMeshReduction: Using QuadricMeshReduction for automatic static mesh reduction
[2017.09.08-03.46.01:536][  0]LogMeshReduction: No automatic skeletal mesh reduction module available
[2017.09.08-03.46.01:536][  0]LogMeshReduction: No automatic mesh merging module available
[2017.09.08-03.46.01:536][  0]LogMeshMerging: No automatic mesh merging module available
[2017.09.08-03.46.01:984][  0]LogNetVersion: PlanX , NetCL: 3573198, EngineNetVer: 2, GameNetVer: 0 (Checksum: 4232075429)
[2017.09.08-03.46.02:382][  0]LogPackageLocalizationCache: Processed 4 localized package path(s) for 2 prioritized culture(s) in 0.191076 seconds
[2017.09.08-03.46.02:389][  0]LogUObjectArray: 35825 objects as part of root set at end of initial load.
[2017.09.08-03.46.02:389][  0]LogUObjectAllocator: 7529104 out of 0 bytes used by permanent object pool.
[2017.09.08-03.46.02:389][  0]LogUObjectArray: CloseDisregardForGC: 0/0 objects in disregard for GC pool
[2017.09.08-03.46.02:436][  0]LogInit: WinSock: version 1.1 (2.2), MaxSocks=32767, MaxUdp=65467
[2017.09.08-03.46.04:887][  0]LogTcpMessaging: Initializing TcpMessaging bridge
[2017.09.08-03.46.04:922][  0]LogUdpMessaging: Initializing bridge on interface 0.0.0.0:0 to multicast group 230.0.0.1:6666.
[2017.09.08-03.46.05:417][  0]SourceControl: Source control is disabled
[2017.09.08-03.46.05:417][  0]SourceControl: Source control is disabled
[2017.09.08-03.46.05:458][  0]SourceControl: Source control is disabled
[2017.09.08-03.46.05:498][  0]SourceControl: Source control is disabled
[2017.09.08-03.46.06:105][  0]LogAndroidPermission: UAndroidPermissionCallbackProxy::GetInstance
[2017.09.08-03.46.06:501][  0]LogAnsel: Tried to load ../../../Engine/Plugins/Runtime/Nvidia/Ansel/Binaries/ThirdParty/AnselSDK64.dll : success=1
[2017.09.08-03.46.06:543][  0]LogOcInput: OculusInput pre-init called
[2017.09.08-03.46.06:766][  0]LogEngine: Initializing Engine...
[2017.09.08-03.46.07:581][  0]LogHMD: Failed to initialize OpenVR with code 117
[2017.09.08-03.46.07:880][  0]LogStats: UGameplayTagsManager::ConstructGameplayTagTree: Construct from data asset -  0.000 s
[2017.09.08-03.46.07:880][  0]LogStats: UGameplayTagsManager::ConstructGameplayTagTree: GameplayTagTreeChangedEvent.Broadcast -  0.000 s
[2017.09.08-03.46.08:022][  0]LogAIModule: Creating AISystem for world Untitled
[2017.09.08-03.46.08:043][  0]LogInit: XAudio2 using 'REAL SPEAKERS!!!!!!!!!! (Realtek High Definition Audio)' : 2 channels at 48 kHz using 32 bits per sample (channel mask 0x3)
[2017.09.08-03.46.08:056][  0]LogInit: FAudioDevice initialized.
[2017.09.08-03.46.08:172][  0]LogDerivedDataCache: Saved boot cache 0.12s 106MB C:/Users/Robert Forbes/AppData/Local/UnrealEngine/4.17/DerivedDataCache/Boot.ddc.
[2017.09.08-03.46.08:183][  0]LogInit: Texture streaming: Enabled
[2017.09.08-03.46.08:231][  0]LogMaterial: Uniform references updated for custom material expression Custom.
[2017.09.08-03.46.08:496][  0]LogEngineSessionManager: EngineSessionManager initialized
[2017.09.08-03.46.08:747][  0]LogInit: Transaction tracking system initialized
[2017.09.08-03.46.09:126][  0]BlueprintLog: New page: Editor Load
[2017.09.08-03.46.09:881][  0]LocalizationService: Localization service is disabled
[2017.09.08-03.46.10:481][  0]LogConsoleResponse: Display: 
[2017.09.08-03.46.10:970][  0]LogFileCache: Scanning file cache for directory 'Q:/Unreal Projects/Plan-X/PlanX/Content/' took 0.02s
[2017.09.08-03.46.10:970][  0]LogCook: Display: Max memory allowance for cook 16384mb min free memory 0mb
[2017.09.08-03.46.10:970][  0]LogCook: Display: Mobile HDR setting 1
[2017.09.08-03.46.10:970][  0]LogGameplayTags: Display: UGameplayTagsManager::DoneAddingNativeTags. DelegateIsBound: 0
[2017.09.08-03.46.12:872][  0]SourceControl: Source control is disabled
[2017.09.08-03.46.12:872][  0]Cmd: MAP LOAD FILE="../../../../../Unreal Projects/Plan-X/PlanX/Content/Assets/Mapt_data/Challenge_Levels/Challange_L_1_0.umap" TEMPLATE=0 SHOWPROGRESS=1 FEATURELEVEL=3
[2017.09.08-03.46.12:873][  0]LightingResults: New page: Lighting Build
[2017.09.08-03.46.12:935][  0]MapCheck: New page: Map Check
[2017.09.08-03.46.12:935][  0]LightingResults: New page: Lighting Build
[2017.09.08-03.46.17:780][  0]LogAIModule: Creating AISystem for world Challange_L_1_0
[2017.09.08-03.46.18:000][  0]LogEditorServer: Finished looking for orphan Actors (0.000 secs)
[2017.09.08-03.46.18:085][  0]Cmd: MAP CHECKDEP NOCLEARLOG
[2017.09.08-03.46.18:142][  0]MapCheck: Map check complete: 0 Error(s), 0 Warning(s), took 56.866ms to complete.
[2017.09.08-03.46.18:142][  0]LogFileHelpers: Loading map 'Challange_L_1_0' took 5.269
[2017.09.08-03.46.18:218][  0]LogWindowsTextInputMethodSystem: Display: IME system now deactivated.
[2017.09.08-03.46.19:407][  0]LogCollectionManager: Loaded 0 collections in 0.001547 seconds
[2017.09.08-03.46.19:838][  0]LogFileCache: Scanning file cache for directory 'Q:/Unreal Projects/Plan-X/PlanX/Saved/Collections/' took 0.01s
[2017.09.08-03.46.19:838][  0]LogFileCache: Scanning file cache for directory 'Q:/Unreal Projects/Plan-X/PlanX/Content/Developers/RobertForbes/Collections/' took 0.01s
[2017.09.08-03.46.19:838][  0]LogFileCache: Scanning file cache for directory 'Q:/Unreal Projects/Plan-X/PlanX/Content/Collections/' took 0.01s
[2017.09.08-03.46.19:838][  0]LogCollectionManager: Rebuilt the GUID cache for 0 collections in 0.000000 seconds
[2017.09.08-03.46.19:857][  0]LogContentBrowser: Native class hierarchy populated in 0.0135 seconds. Added 2337 classes and 483 folders.
[2017.09.08-03.46.20:087][  0]LogContentBrowser: Native class hierarchy updated for 'WidgetCarousel' in 0.0008 seconds. Added 0 classes and 0 folders.
[2017.09.08-03.46.22:763][  0]LogContentBrowser: Native class hierarchy updated for 'AddContentDialog' in 0.0023 seconds. Added 0 classes and 0 folders.
[2017.09.08-03.46.23:233][  0]LogContentBrowser: Native class hierarchy updated for 'SceneOutliner' in 0.0011 seconds. Added 1 classes and 2 folders.
[2017.09.08-03.46.24:994][  0]LogSlate: Took 0.000245 seconds to synchronously load lazily loaded font '../../../Engine/Content/Slate/Fonts/Roboto-Regular.ttf' (155K)
[2017.09.08-03.46.24:996][  0]LogSlate: Took 0.000339 seconds to synchronously load lazily loaded font '../../../Engine/Content/Slate/Fonts/Roboto-Bold.ttf' (160K)
[2017.09.08-03.46.25:176][  0]LogSlate: Took 0.022851 seconds to synchronously load lazily loaded font '../../../Engine/Content/Editor/Slate/Fonts/FontAwesome.ttf' (139K)
[2017.09.08-03.46.26:844][  0]LogRenderer: Reallocating scene render targets to support 1208x576 Format 26 NumSamples 1 (Frame:1).
[2017.09.08-03.46.28:035][  0]LogContentBrowser: Native class hierarchy updated for 'HierarchicalLODOutliner' in 0.0010 seconds. Added 1 classes and 2 folders.
[2017.09.08-03.46.28:036][  0]LogLoad: (Engine Initialization) Total time: 35.52 seconds
[2017.09.08-03.46.28:036][  0]LogLoad: (Engine Initialization) Total Blueprint compile time: 0.00 seconds
[2017.09.08-03.46.28:036][  0]LogExternalProfiler: Found external profiler: VSPerf
[2017.09.08-03.46.28:036][  0]LogExternalProfiler: Using external profiler: VSPerf
[2017.09.08-03.46.28:220][  0]LogContentStreaming: Texture pool size now 1000 MB
[2017.09.08-03.46.28:591][  0]LogSlate: Took 0.018675 seconds to synchronously load lazily loaded font '../../../Engine/Content/Slate/Fonts/Roboto-Light.ttf' (159K)
[2017.09.08-03.46.28:599][  1]LogFileCache: Retrieving MD5 hashes for directory 'Q:/Unreal Projects/Plan-X/PlanX/Content/' took 0.47s
[2017.09.08-03.46.28:828][  3]LogAssetRegistry: Asset discovery search completed in 27.9251 seconds
[2017.09.08-03.46.28:831][  3]LogCollectionManager: Rebuilt the object cache for 0 collections in 0.000001 seconds (found 0 objects)
[2017.09.08-03.46.28:831][  3]LogCollectionManager: Fixed up redirectors for 0 collections in 0.000058 seconds (updated 0 objects)
[2017.09.08-03.53.34:326][990]LogSlate: Took 0.000624 seconds to synchronously load lazily loaded font '../../../Engine/Content/Slate/Fonts/Roboto-Light.ttf' (159K)
[2017.09.08-03.53.35:164][990]LogSavePackage: Save=203.01ms
[2017.09.08-03.53.35:164][990]LogSavePackage: Moving '../../../../../Unreal Projects/Plan-X/PlanX/Saved/Challange_L_1_086A83C774EBA89EE8AD031A80B7FE389.tmp' to '../../../../../Unreal Projects/Plan-X/PlanX/Content/Assets/Mapt_data/Challenge_Levels/Challange_L_1_0.umap'
[2017.09.08-03.53.35:180][990]LogSavePackage: Display: Finished SavePackage ../../../../../Unreal Projects/Plan-X/PlanX/Content/Assets/Mapt_data/Challenge_Levels/Challange_L_1_0.umap
[2017.09.08-03.53.37:547][990]LogSlate: Took 0.000524 seconds to synchronously load lazily loaded font '../../../Engine/Content/Slate/Fonts/Roboto-Regular.ttf' (155K)
[2017.09.08-03.53.38:445][990]LogSavePackage: Save=3133.30ms
[2017.09.08-03.53.38:445][990]LogSavePackage: Moving '../../../../../Unreal Projects/Plan-X/PlanX/Saved/Challange_L_1_0_BuiltData7F787F8E48CF9AA936D8FEB1E03BB704.tmp' to '../../../../../Unreal Projects/Plan-X/PlanX/Content/Assets/Mapt_data/Challenge_Levels/Challange_L_1_0_BuiltData.uasset'
[2017.09.08-03.53.38:474][990]LogSavePackage: Display: Finished SavePackage ../../../../../Unreal Projects/Plan-X/PlanX/Content/Assets/Mapt_data/Challenge_Levels/Challange_L_1_0_BuiltData.uasset
[2017.09.08-03.53.44:840][  6]LogContentBrowser: Native class hierarchy updated for 'BlueprintGraph' in 0.0021 seconds. Added 113 classes and 0 folders.
[2017.09.08-03.53.47:619][  6]LogSlate: Took 0.028613 seconds to synchronously load lazily loaded font '../../../Engine/Content/Editor/Slate/Fonts/Roboto-BoldCondensed.ttf' (158K)
[2017.09.08-03.53.48:766][  7]LogSlate: Took 0.037906 seconds to synchronously load lazily loaded font '../../../Engine/Content/Editor/Slate/Fonts/Roboto-Italic.ttf' (157K)
[2017.09.08-03.53.55:436][ 27]BlueprintLog: New page: Compile MotionControllerPawn
[2017.09.08-03.56.19:854][  7]BlueprintLog: New page: Compile MotionControllerPawn
[2017.09.08-03.56.27:692][257]LogEditorTransaction: Undo Move Node
[2017.09.08-03.56.28:071][257]LogSlate: Took 0.000284 seconds to synchronously load lazily loaded font '../../../Engine/Content/Slate/Fonts/Roboto-Light.ttf' (159K)
[2017.09.08-03.56.28:237][265]LogEditorTransaction: Undo Resize Node
[2017.09.08-03.56.29:295][346]LogEditorTransaction: Redo Resize Node
[2017.09.08-04.03.57:113][127]LogSavePackage: Save=297.58ms
[2017.09.08-04.03.57:114][127]LogSavePackage: Moving '../../../../../Unreal Projects/Plan-X/PlanX/Saved/Challange_L_1_0_Auto10C4A99FB4692EAD95ACD3C8C3891D498.tmp' to '../../../../../Unreal Projects/Plan-X/PlanX/Saved/Autosaves/Game/Assets/Mapt_data/Challenge_Levels/Challange_L_1_0_Auto1.umap'
[2017.09.08-04.03.57:142][127]LogSavePackage: Display: Finished SavePackage ../../../../../Unreal Projects/Plan-X/PlanX/Saved/Autosaves/Game/Assets/Mapt_data/Challenge_Levels/Challange_L_1_0_Auto1.umap
[2017.09.08-04.03.57:144][127]LogFileHelpers: Editor autosave (incl. sublevels) for '/Game/Assets/Mapt_data/Challenge_Levels/Challange_L_1_0' took 0.695
[2017.09.08-04.03.57:145][127]LogFileHelpers: Editor autosave (incl. sublevels) for all levels took 0.695
[2017.09.08-04.03.57:186][127]OBJ SavePackage: Generating thumbnails for [0] asset(s) in package [/Game/VirtualRealityBP/Blueprints/MotionControllerPawn] ([1] browsable assets)...
[2017.09.08-04.03.57:186][127]OBJ SavePackage: Finished generating thumbnails for package [/Game/VirtualRealityBP/Blueprints/MotionControllerPawn]
[2017.09.08-04.03.57:940][127]LogSavePackage: Save=720.10ms
[2017.09.08-04.03.57:940][127]LogSavePackage: Moving '../../../../../Unreal Projects/Plan-X/PlanX/Saved/MotionControllerPawn_Auto1D9F8E7EF49C52E9056100A8094D4157D.tmp' to '../../../../../Unreal Projects/Plan-X/PlanX/Saved/Autosaves/Game/VirtualRealityBP/Blueprints/MotionControllerPawn_Auto1.uasset'
[2017.09.08-04.03.57:977][127]LogSavePackage: Display: Finished SavePackage ../../../../../Unreal Projects/Plan-X/PlanX/Saved/Autosaves/Game/VirtualRealityBP/Blueprints/MotionControllerPawn_Auto1.uasset
[2017.09.08-04.03.57:978][127]LogFileHelpers: Auto-saving content packages took 0.817
[2017.09.08-04.13.31:136][290]LogEditorTransaction: Undo Move Node
[2017.09.08-04.14.06:679][808]BlueprintLog: New page: Compile MotionControllerPawn
[2017.09.08-04.16.42:917][942]LogSavePackage: Save=49.99ms
[2017.09.08-04.16.42:917][942]LogSavePackage: Moving '../../../../../Unreal Projects/Plan-X/PlanX/Saved/Challange_L_1_0_Auto240C4101F4AD3207BB459C995E5035E7D.tmp' to '../../../../../Unreal Projects/Plan-X/PlanX/Saved/Autosaves/Game/Assets/Mapt_data/Challenge_Levels/Challange_L_1_0_Auto2.umap'
[2017.09.08-04.16.42:919][942]LogSavePackage: Display: Finished SavePackage ../../../../../Unreal Projects/Plan-X/PlanX/Saved/Autosaves/Game/Assets/Mapt_data/Challenge_Levels/Challange_L_1_0_Auto2.umap
[2017.09.08-04.16.42:921][942]LogFileHelpers: Editor autosave (incl. sublevels) for '/Game/Assets/Mapt_data/Challenge_Levels/Challange_L_1_0' took 0.111
[2017.09.08-04.16.42:921][942]LogFileHelpers: Editor autosave (incl. sublevels) for all levels took 0.111
[2017.09.08-04.16.42:923][942]OBJ SavePackage: Generating thumbnails for [0] asset(s) in package [/Game/VirtualRealityBP/Blueprints/MotionControllerPawn] ([1] browsable assets)...
[2017.09.08-04.16.42:923][942]OBJ SavePackage: Finished generating thumbnails for package [/Game/VirtualRealityBP/Blueprints/MotionControllerPawn]
[2017.09.08-04.16.43:190][942]LogSavePackage: Save=251.88ms
[2017.09.08-04.16.43:190][942]LogSavePackage: Moving '../../../../../Unreal Projects/Plan-X/PlanX/Saved/MotionControllerPawn_Auto2A84ADCB84B1BF6F4DAEFC4997A81DB61.tmp' to '../../../../../Unreal Projects/Plan-X/PlanX/Saved/Autosaves/Game/VirtualRealityBP/Blueprints/MotionControllerPawn_Auto2.uasset'
[2017.09.08-04.16.43:200][942]LogSavePackage: Display: Finished SavePackage ../../../../../Unreal Projects/Plan-X/PlanX/Saved/Autosaves/Game/VirtualRealityBP/Blueprints/MotionControllerPawn_Auto2.uasset
[2017.09.08-04.16.43:200][942]LogFileHelpers: Auto-saving content packages took 0.279
[2017.09.08-04.17.03:084][215]LogEditorTransaction: Undo Create Pin Link
[2017.09.08-04.17.03:519][241]LogEditorTransaction: Undo Create Pin Link
[2017.09.08-04.17.03:939][271]LogEditorTransaction: Undo Create Pin Link
[2017.09.08-04.17.26:874][196]BlueprintLog: New page: Compile MotionControllerPawn
[2017.09.08-04.18.08:213][428]BlueprintLog: New page: Compile MotionControllerPawn
[2017.09.08-04.18.10:523][451]LogSavePackage: Save=256.75ms
[2017.09.08-04.18.10:524][451]LogSavePackage: Moving '../../../../../Unreal Projects/Plan-X/PlanX/Saved/MotionControllerPawn72AED111465F7CC2F5971293F071D6BA.tmp' to '../../../../../Unreal Projects/Plan-X/PlanX/Content/VirtualRealityBP/Blueprints/MotionControllerPawn.uasset'
[2017.09.08-04.18.10:552][451]LogSavePackage: Display: Finished SavePackage ../../../../../Unreal Projects/Plan-X/PlanX/Content/VirtualRealityBP/Blueprints/MotionControllerPawn.uasset
[2017.09.08-04.18.11:866][528]LogSavePackage: Save=260.87ms
[2017.09.08-04.18.11:866][528]LogSavePackage: Moving '../../../../../Unreal Projects/Plan-X/PlanX/Saved/MotionControllerPawn1C11C5594CC4025048F7E1A36C104AB3.tmp' to '../../../../../Unreal Projects/Plan-X/PlanX/Content/VirtualRealityBP/Blueprints/MotionControllerPawn.uasset'
[2017.09.08-04.18.11:868][528]LogSavePackage: Display: Finished SavePackage ../../../../../Unreal Projects/Plan-X/PlanX/Content/VirtualRealityBP/Blueprints/MotionControllerPawn.uasset
[2017.09.08-04.18.37:672][484]BlueprintLog: New page: Compile MotionControllerPawn
[2017.09.08-04.19.05:092][297]BlueprintLog: New page: Compile MotionControllerPawn
[2017.09.08-04.19.08:872][356]LogSavePackage: Save=261.90ms
[2017.09.08-04.19.08:873][356]LogSavePackage: Moving '../../../../../Unreal Projects/Plan-X/PlanX/Saved/MotionControllerPawn923786FC4FBB29AA5930E3ADA26F3DF2.tmp' to '../../../../../Unreal Projects/Plan-X/PlanX/Content/VirtualRealityBP/Blueprints/MotionControllerPawn.uasset'
[2017.09.08-04.19.08:876][356]LogSavePackage: Display: Finished SavePackage ../../../../../Unreal Projects/Plan-X/PlanX/Content/VirtualRealityBP/Blueprints/MotionControllerPawn.uasset
[2017.09.08-04.19.58:894][246]BlueprintLog: New page: Compile MotionControllerPawn
[2017.09.08-04.20.01:300][389]LogSavePackage: Save=259.23ms
[2017.09.08-04.20.01:300][389]LogSavePackage: Moving '../../../../../Unreal Projects/Plan-X/PlanX/Saved/MotionControllerPawn2F63C3F243283A0498B737B3BCC15B52.tmp' to '../../../../../Unreal Projects/Plan-X/PlanX/Content/VirtualRealityBP/Blueprints/MotionControllerPawn.uasset'
[2017.09.08-04.20.01:305][389]LogSavePackage: Display: Finished SavePackage ../../../../../Unreal Projects/Plan-X/PlanX/Content/VirtualRealityBP/Blueprints/MotionControllerPawn.uasset
[2017.09.08-04.20.33:092][200]LogSavePackage: Save=262.10ms
[2017.09.08-04.20.33:092][200]LogSavePackage: Moving '../../../../../Unreal Projects/Plan-X/PlanX/Saved/MotionControllerPawn8BB059FA45EE8FB6EB21FD9084A7C8C2.tmp' to '../../../../../Unreal Projects/Plan-X/PlanX/Content/VirtualRealityBP/Blueprints/MotionControllerPawn.uasset'
[2017.09.08-04.20.33:093][200]LogSavePackage: Display: Finished SavePackage ../../../../../Unreal Projects/Plan-X/PlanX/Content/VirtualRealityBP/Blueprints/MotionControllerPawn.uasset
[2017.09.08-04.21.09:768][497]LogSavePackage: Save=255.28ms
[2017.09.08-04.21.09:768][497]LogSavePackage: Moving '../../../../../Unreal Projects/Plan-X/PlanX/Saved/MotionControllerPawn44B2C1E148C55D7780EE1A99435BE9F8.tmp' to '../../../../../Unreal Projects/Plan-X/PlanX/Content/VirtualRealityBP/Blueprints/MotionControllerPawn.uasset'
[2017.09.08-04.21.09:769][497]LogSavePackage: Display: Finished SavePackage ../../../../../Unreal Projects/Plan-X/PlanX/Content/VirtualRealityBP/Blueprints/MotionControllerPawn.uasset
[2017.09.08-04.21.14:522][879]LogSavePackage: Save=50.55ms
[2017.09.08-04.21.14:522][879]LogSavePackage: Moving '../../../../../Unreal Projects/Plan-X/PlanX/Saved/Challange_L_1_051DAA07F418220EBBA96ACB73A125C01.tmp' to '../../../../../Unreal Projects/Plan-X/PlanX/Content/Assets/Mapt_data/Challenge_Levels/Challange_L_1_0.umap'
[2017.09.08-04.21.14:545][879]LogSavePackage: Display: Finished SavePackage ../../../../../Unreal Projects/Plan-X/PlanX/Content/Assets/Mapt_data/Challenge_Levels/Challange_L_1_0.umap
[2017.09.08-04.21.16:744][879]LogSavePackage: Save=1682.00ms
[2017.09.08-04.21.16:744][879]LogSavePackage: Moving '../../../../../Unreal Projects/Plan-X/PlanX/Saved/Challange_L_1_0_BuiltDataA64361164600F733BFADD7BC33D372F2.tmp' to '../../../../../Unreal Projects/Plan-X/PlanX/Content/Assets/Mapt_data/Challenge_Levels/Challange_L_1_0_BuiltData.uasset'
[2017.09.08-04.21.16:745][879]LogSavePackage: Display: Finished SavePackage ../../../../../Unreal Projects/Plan-X/PlanX/Content/Assets/Mapt_data/Challenge_Levels/Challange_L_1_0_BuiltData.uasset
[2017.09.08-04.21.27:051][673]LogSavePackage: Save=194.97ms
[2017.09.08-04.21.27:052][673]LogSavePackage: Moving '../../../../../Unreal Projects/Plan-X/PlanX/Saved/Challange_L_1_04229B17545C54250939A069460FAF8EA.tmp' to '../../../../../Unreal Projects/Plan-X/PlanX/Content/Assets/Mapt_data/Challenge_Levels/Challange_L_1_0.umap'
[2017.09.08-04.21.27:053][673]LogSavePackage: Display: Finished SavePackage ../../../../../Unreal Projects/Plan-X/PlanX/Content/Assets/Mapt_data/Challenge_Levels/Challange_L_1_0.umap
[2017.09.08-04.21.28:377][673]LogSavePackage: Save=1279.04ms
[2017.09.08-04.21.28:377][673]LogSavePackage: Moving '../../../../../Unreal Projects/Plan-X/PlanX/Saved/Challange_L_1_0_BuiltDataF7F575BA4CFF6D04DD615A85F231ED73.tmp' to '../../../../../Unreal Projects/Plan-X/PlanX/Content/Assets/Mapt_data/Challenge_Levels/Challange_L_1_0_BuiltData.uasset'
[2017.09.08-04.21.28:378][673]LogSavePackage: Display: Finished SavePackage ../../../../../Unreal Projects/Plan-X/PlanX/Content/Assets/Mapt_data/Challenge_Levels/Challange_L_1_0_BuiltData.uasset
[2017.09.08-04.21.31:625][985]LogWindowsTextInputMethodSystem: Display: IME system now deactivated.
[2017.09.08-04.21.32:649][986]Cmd: QUIT_EDITOR
[2017.09.08-04.21.34:354][986]LogExit: Preparing to exit.
[2017.09.08-04.21.37:718][986]LogDirectoryWatcher: A directory notification for 'Q:/Unreal Projects/Plan-X/PlanX/Content/' was aborted.
[2017.09.08-04.21.39:847][986]LogExit: Editor shut down
[2017.09.08-04.21.40:427][986]LogExit: Transaction tracking system shut down
[2017.09.08-04.21.41:341][986]LogDirectoryWatcher: A directory notification for '../../../Engine/Content/' was aborted.
[2017.09.08-04.21.41:341][986]LogDirectoryWatcher: A directory notification for '../../../../../Unreal Projects/Plan-X/PlanX/Content/' was aborted.
[2017.09.08-04.21.41:341][986]LogDirectoryWatcher: A directory notification for '../../../Engine/Plugins/Runtime/Oculus/OculusVR/Content/' was aborted.
[2017.09.08-04.21.41:341][986]LogDirectoryWatcher: A directory notification for '../../../Engine/Plugins/Runtime/Steam/SteamVR/Content/' was aborted.
[2017.09.08-04.21.47:798][986]LogExit: Object subsystem successfully closed.
[2017.09.08-04.21.49:324][986]LogD3D11RHI: Shutdown
[2017.09.08-04.21.49:325][986]LogD3D11RHI: CleanupD3DDevice
[2017.09.08-04.21.49:930][986]LogD3D11RHI: ~FD3D11DynamicRHI
[2017.09.08-04.21.53:152][986]LogModuleManager: Shutting down and abandoning module BlueprintGraph (526)
[2017.09.08-04.21.53:152][986]LogModuleManager: Shutting down and abandoning module BlueprintProfiler (524)
[2017.09.08-04.21.53:183][986]LogModuleManager: Shutting down and abandoning module HierarchicalLODOutliner (522)
[2017.09.08-04.21.53:183][986]LogModuleManager: Shutting down and abandoning module SceneOutliner (520)
[2017.09.08-04.21.53:206][986]LogModuleManager: Shutting down and abandoning module AddContentDialog (518)
[2017.09.08-04.21.53:248][986]LogDirectoryWatcher: A directory notification for 'Q:/Unreal Engine/UE_4.17/FeaturePacks/' was aborted.
[2017.09.08-04.21.53:253][986]LogModuleManager: Shutting down and abandoning module WidgetCarousel (517)
[2017.09.08-04.21.53:253][986]LogModuleManager: Shutting down and abandoning module EditorWidgets (514)
[2017.09.08-04.21.53:253][986]LogModuleManager: Shutting down and abandoning module CollectionManager (512)
[2017.09.08-04.21.53:268][986]LogDirectoryWatcher: A directory notification for 'Q:/Unreal Projects/Plan-X/PlanX/Content/Collections/' was aborted.
[2017.09.08-04.21.53:268][986]LogDirectoryWatcher: A directory notification for 'Q:/Unreal Projects/Plan-X/PlanX/Content/Developers/RobertForbes/Collections/' was aborted.
[2017.09.08-04.21.53:268][986]LogDirectoryWatcher: A directory notification for 'Q:/Unreal Projects/Plan-X/PlanX/Saved/Collections/' was aborted.
[2017.09.08-04.21.53:268][986]LogModuleManager: Shutting down and abandoning module StatsViewer (510)
[2017.09.08-04.21.53:296][986]LogModuleManager: Shutting down and abandoning module FoliageEdit (508)
[2017.09.08-04.21.53:315][986]LogModuleManager: Shutting down and abandoning module LandscapeEditor (506)
[2017.09.08-04.21.53:371][986]LogModuleManager: Shutting down and abandoning module MeshPaintMode (504)
[2017.09.08-04.21.53:386][986]LogModuleManager: Shutting down and abandoning module MeshPaint (503)
[2017.09.08-04.21.53:390][986]LogModuleManager: Shutting down and abandoning module SceneDepthPickerMode (500)
[2017.09.08-04.21.53:390][986]LogModuleManager: Shutting down and abandoning module ActorPickerMode (498)
[2017.09.08-04.21.53:390][986]LogModuleManager: Shutting down and abandoning module GeometryMode (496)
[2017.09.08-04.21.53:390][986]LogModuleManager: Shutting down and abandoning module TextureAlignMode (494)
[2017.09.08-04.21.53:390][986]LogModuleManager: Shutting down and abandoning module BspMode (492)
[2017.09.08-04.21.53:415][986]LogModuleManager: Shutting down and abandoning module PIEPreviewDeviceProfileSelector (490)
[2017.09.08-04.21.53:427][986]LogModuleManager: Shutting down and abandoning module HardwareSurvey (488)
[2017.09.08-04.21.53:442][986]LogModuleManager: Shutting down and abandoning module SequenceRecorderSections (486)
[2017.09.08-04.21.53:455][986]LogModuleManager: Shutting down and abandoning module AutomationWorker (484)
[2017.09.08-04.21.53:478][986]LogModuleManager: Shutting down and abandoning module MatineeToLevelSequence (482)
[2017.09.08-04.21.53:491][986]LogModuleManager: Shutting down and abandoning module LevelSequenceEditor (480)
[2017.09.08-04.21.53:559][986]LogModuleManager: Shutting down and abandoning module PlacementMode (479)
[2017.09.08-04.21.53:559][986]LogModuleManager: Shutting down and abandoning module WmfMediaFactory (476)
[2017.09.08-04.21.53:559][986]LogModuleManager: Shutting down and abandoning module WmfMediaEditor (474)
[2017.09.08-04.21.53:559][986]LogModuleManager: Shutting down and abandoning module AvfMediaFactory (472)
[2017.09.08-04.21.53:559][986]LogModuleManager: Shutting down and abandoning module AvfMediaEditor (470)
[2017.09.08-04.21.53:559][986]LogModuleManager: Shutting down and abandoning module AndroidMediaFactory (468)
[2017.09.08-04.21.53:576][986]LogModuleManager: Shutting down and abandoning module Media (467)
[2017.09.08-04.21.53:576][986]LogModuleManager: Shutting down and abandoning module AndroidMediaEditor (464)
[2017.09.08-04.21.53:576][986]LogModuleManager: Shutting down and abandoning module CharacterAI (462)
[2017.09.08-04.21.53:576][986]LogModuleManager: Shutting down and abandoning module AudioCapture (460)
[2017.09.08-04.21.53:596][986]LogModuleManager: Shutting down and abandoning module SequenceRecorder (459)
[2017.09.08-04.21.53:613][986]LogModuleManager: Shutting down and abandoning module SessionServices (456)
[2017.09.08-04.21.53:613][986]LogModuleManager: Shutting down and abandoning module ViewportSnapping (454)
[2017.09.08-04.21.53:613][986]LogModuleManager: Shutting down and abandoning module ViewportInteraction (452)
[2017.09.08-04.21.53:613][986]LogModuleManager: Shutting down and abandoning module ClothPainter (450)
[2017.09.08-04.21.53:640][986]LogModuleManager: Shutting down and abandoning module LogVisualizer (448)
[2017.09.08-04.21.53:656][986]LogModuleManager: Shutting down and abandoning module IntroTutorials (446)
[2017.09.08-04.21.53:725][986]LogModuleManager: Shutting down and abandoning module GameProjectGeneration (445)
[2017.09.08-04.21.53:758][986]LogModuleManager: Shutting down and abandoning module IOSPlatformEditor (442)
[2017.09.08-04.21.53:771][986]LogModuleManager: Shutting down and abandoning module HTML5PlatformEditor (440)
[2017.09.08-04.21.53:771][986]LogModuleManager: Shutting down and abandoning module AndroidPlatformEditor (438)
[2017.09.08-04.21.53:771][986]LogModuleManager: Shutting down and abandoning module AndroidDeviceDetection (437)
[2017.09.08-04.21.53:825][986]LogModuleManager: Shutting down and abandoning module WindowsPlatformEditor (434)
[2017.09.08-04.21.53:825][986]LogModuleManager: Shutting down and abandoning module IOSRuntimeSettings (432)
[2017.09.08-04.21.53:825][986]LogModuleManager: Shutting down and abandoning module AndroidRuntimeSettings (430)
[2017.09.08-04.21.53:825][986]LogModuleManager: Shutting down and abandoning module InputBindingEditor (428)
[2017.09.08-04.21.53:848][986]LogModuleManager: Shutting down and abandoning module MergeActors (426)
[2017.09.08-04.21.53:870][986]LogModuleManager: Shutting down and abandoning module SizeMap (424)
[2017.09.08-04.21.53:889][986]LogModuleManager: Shutting down and abandoning module TreeMap (422)
[2017.09.08-04.21.53:908][986]LogModuleManager: Shutting down and abandoning module ReferenceViewer (420)
[2017.09.08-04.21.53:923][986]LogModuleManager: Shutting down and abandoning module LocalizationDashboard (418)
[2017.09.08-04.21.53:944][986]LogModuleManager: Shutting down and abandoning module LocalizationService (417)
[2017.09.08-04.21.53:959][986]LogModuleManager: Shutting down and abandoning module HardwareTargeting (414)
[2017.09.08-04.21.53:959][986]LogModuleManager: Shutting down and abandoning module DeviceProfileEditor (412)
[2017.09.08-04.21.53:978][986]LogModuleManager: Shutting down and abandoning module UndoHistory (410)
[2017.09.08-04.21.53:987][986]LogModuleManager: Shutting down and abandoning module XmlParser (408)
[2017.09.08-04.21.54:004][986]LogModuleManager: Shutting down and abandoning module Blutility (406)
[2017.09.08-04.21.54:017][986]LogModuleManager: Shutting down and abandoning module ProjectSettingsViewer (404)
[2017.09.08-04.21.54:029][986]LogModuleManager: Shutting down and abandoning module ProjectTargetPlatformEditor (403)
[2017.09.08-04.21.54:053][986]LogModuleManager: Shutting down and abandoning module EditorSettingsViewer (400)
[2017.09.08-04.21.54:067][986]LogModuleManager: Shutting down and abandoning module SettingsEditor (398)
[2017.09.08-04.21.54:107][986]LogModuleManager: Shutting down and abandoning module ProjectLauncher (396)
[2017.09.08-04.21.54:135][986]LogModuleManager: Shutting down and abandoning module SessionFrontend (394)
[2017.09.08-04.21.54:141][986]LogModuleManager: Shutting down and abandoning module ProfilerClient (392)
[2017.09.08-04.21.54:156][986]LogModuleManager: Shutting down and abandoning module DeviceManager (390)
[2017.09.08-04.21.54:172][986]LogModuleManager: Shutting down and abandoning module TargetDeviceServices (389)
[2017.09.08-04.21.54:239][986]LogModuleManager: Shutting down and abandoning module AutomationController (386)
[2017.09.08-04.21.54:268][986]LogModuleManager: Shutting down and abandoning module AutomationWindow (384)
[2017.09.08-04.21.54:277][986]LogModuleManager: Shutting down and abandoning module Layers (382)
[2017.09.08-04.21.54:305][986]LogModuleManager: Shutting down and abandoning module ComponentVisualizers (380)
[2017.09.08-04.21.54:305][986]LogModuleManager: Shutting down and abandoning module DetailCustomizations (378)
[2017.09.08-04.21.54:345][986]LogModuleManager: Shutting down and abandoning module PackagesDialog (376)
[2017.09.08-04.21.54:346][986]LogModuleManager: Shutting down and abandoning module Persona (374)
[2017.09.08-04.21.54:373][986]LogModuleManager: Shutting down and abandoning module AdvancedPreviewScene (373)
[2017.09.08-04.21.54:373][986]LogModuleManager: Shutting down and abandoning module AnimGraph (371)
[2017.09.08-04.21.54:373][986]LogModuleManager: Shutting down and abandoning module Kismet (368)
[2017.09.08-04.21.54:397][986]LogModuleManager: Shutting down and abandoning module LevelEditor (367)
[2017.09.08-04.21.54:454][986]LogModuleManager: Shutting down and abandoning module PixelInspectorModule (366)
[2017.09.08-04.21.54:475][986]LogModuleManager: Shutting down and abandoning module ClassViewer (362)
[2017.09.08-04.21.54:497][986]LogModuleManager: Shutting down and abandoning module Toolbox (360)
[2017.09.08-04.21.54:513][986]LogModuleManager: Shutting down and abandoning module ModuleUI (358)
[2017.09.08-04.21.54:533][986]LogModuleManager: Shutting down and abandoning module MovieSceneTools (356)
[2017.09.08-04.21.54:610][986]LogModuleManager: Shutting down and abandoning module OutputLog (354)
[2017.09.08-04.21.54:618][986]LogModuleManager: Shutting down and abandoning module GammaUI (352)
[2017.09.08-04.21.54:633][986]LogModuleManager: Shutting down and abandoning module Documentation (350)
[2017.09.08-04.21.54:633][986]LogModuleManager: Shutting down and abandoning module MovieSceneTracks (348)
[2017.09.08-04.21.54:633][986]LogModuleManager: Shutting down and abandoning module MovieScene (346)
[2017.09.08-04.21.54:633][986]LogModuleManager: Shutting down and abandoning module Niagara (344)
[2017.09.08-04.21.54:633][986]LogModuleManager: Shutting down and abandoning module NiagaraEditor (343)
[2017.09.08-04.21.54:674][986]LogModuleManager: Shutting down and abandoning module StreamingPauseRendering (340)
[2017.09.08-04.21.54:689][986]LogModuleManager: Shutting down and abandoning module LauncherPlatform (338)
[2017.09.08-04.21.54:689][986]LogModuleManager: Shutting down and abandoning module AnalyticsET (336)
[2017.09.08-04.21.54:689][986]LogModuleManager: Shutting down and abandoning module PortalServices (334)
[2017.09.08-04.21.54:690][986]LogModuleManager: Shutting down and abandoning module PortalRpc (332)
[2017.09.08-04.21.54:690][986]LogModuleManager: Shutting down and abandoning module MessagingRpc (330)
[2017.09.08-04.21.54:690][986]LogModuleManager: Shutting down and abandoning module AIModule (328)
[2017.09.08-04.21.54:790][986]LogModuleManager: Shutting down and abandoning module GameplayDebugger (327)
[2017.09.08-04.21.54:792][986]LogModuleManager: Shutting down and abandoning module AITestSuite (325)
[2017.09.08-04.21.54:801][986]LogModuleManager: Shutting down and abandoning module ProfilerService (322)
[2017.09.08-04.21.55:079][986]LogModuleManager: Shutting down and abandoning module TaskGraph (320)
[2017.09.08-04.21.55:103][986]LogModuleManager: Shutting down and abandoning module SteamVRController (318)
[2017.09.08-04.21.55:103][986]LogModuleManager: Shutting down and abandoning module ProceduralMeshComponentEditor (316)
[2017.09.08-04.21.55:103][986]LogModuleManager: Shutting down and abandoning module ProceduralMeshComponent (314)
[2017.09.08-04.21.55:103][986]LogModuleManager: Shutting down and abandoning module OculusInput (312)
[2017.09.08-04.21.55:103][986]LogModuleManager: Shutting down and abandoning module Ansel (310)
[2017.09.08-04.21.55:152][986]LogModuleManager: Shutting down and abandoning module MobilePatchingUtils (308)
[2017.09.08-04.21.55:152][986]LogModuleManager: Shutting down and abandoning module CustomMeshComponent (306)
[2017.09.08-04.21.55:152][986]LogModuleManager: Shutting down and abandoning module CableComponent (304)
[2017.09.08-04.21.55:152][986]LogModuleManager: Shutting down and abandoning module ArchVisCharacter (302)
[2017.09.08-04.21.55:152][986]LogModuleManager: Shutting down and abandoning module AndroidPermission (300)
[2017.09.08-04.21.55:152][986]LogModuleManager: Shutting down and abandoning module MediaPlayerEditor (296)
[2017.09.08-04.21.55:177][986]LogModuleManager: Shutting down and abandoning module HTML5Networking (294)
[2017.09.08-04.21.55:177][986]LogModuleManager: Shutting down and abandoning module AlembicImporter (292)
[2017.09.08-04.21.55:199][986]LogModuleManager: Shutting down and abandoning module AlembicLibrary (291)
[2017.09.08-04.21.55:199][986]LogModuleManager: Shutting down and abandoning module GeometryCache (290)
[2017.09.08-04.21.55:199][986]LogModuleManager: Shutting down and abandoning module GeometryCacheEd (289)
[2017.09.08-04.21.55:199][986]LogModuleManager: Shutting down and abandoning module SpeedTreeImporter (284)
[2017.09.08-04.21.55:199][986]LogModuleManager: Shutting down and abandoning module PluginBrowser (282)
[2017.09.08-04.21.55:227][986]LogModuleManager: Shutting down and abandoning module MainFrame (281)
[2017.09.08-04.21.55:240][986]LogModuleManager: Shutting down and abandoning module MobileLauncherProfileWizard (278)
[2017.09.08-04.21.55:253][986]LogModuleManager: Shutting down and abandoning module VisualStudioSourceCodeAccess (276)
[2017.09.08-04.21.55:269][986]LogModuleManager: Shutting down and abandoning module DesktopPlatform (275)
[2017.09.08-04.21.55:296][986]LogModuleManager: Shutting down and abandoning module HotReload (273)
[2017.09.08-04.21.55:358][986]LogModuleManager: Shutting down and abandoning module UObjectPlugin (270)
[2017.09.08-04.21.55:359][986]LogModuleManager: Shutting down and abandoning module SubversionSourceControl (268)
[2017.09.08-04.21.55:389][986]LogModuleManager: Shutting down and abandoning module PerforceSourceControl (266)
[2017.09.08-04.21.55:425][986]LogModuleManager: Shutting down and abandoning module GitSourceControl (264)
[2017.09.08-04.21.55:445][986]LogModuleManager: Shutting down and abandoning module SourceControl (263)
[2017.09.08-04.21.55:472][986]LogModuleManager: Shutting down and abandoning module LightPropagationVolumeEditor (260)
[2017.09.08-04.21.55:472][986]LogModuleManager: Shutting down and abandoning module RuntimePhysXCooking (258)
[2017.09.08-04.21.55:486][986]LogModuleManager: Shutting down and abandoning module PhysXVehiclesEditor (256)
[2017.09.08-04.21.55:505][986]LogModuleManager: Shutting down and abandoning module PhysXVehicles (254)
[2017.09.08-04.21.55:505][986]LogModuleManager: Shutting down and abandoning module OculusEditor (252)
[2017.09.08-04.21.55:505][986]LogModuleManager: Shutting down and abandoning module LocationServicesBPLibrary (250)
[2017.09.08-04.21.55:505][986]LogModuleManager: Shutting down and abandoning module ImmediatePhysicsEditor (248)
[2017.09.08-04.21.55:505][986]LogModuleManager: Shutting down and abandoning module ImmediatePhysics (246)
[2017.09.08-04.21.55:505][986]LogModuleManager: Shutting down and abandoning module UdpMessaging (244)
[2017.09.08-04.21.55:618][986]LogModuleManager: Shutting down and abandoning module TcpMessaging (242)
[2017.09.08-04.21.55:739][986]LogModuleManager: Shutting down and abandoning module GameplayTagsEditor (240)
[2017.09.08-04.21.55:811][986]LogModuleManager: Shutting down and abandoning module FacialAnimationEditor (238)
[2017.09.08-04.21.55:826][986]LogModuleManager: Shutting down and abandoning module FacialAnimation (236)
[2017.09.08-04.21.55:826][986]LogModuleManager: Shutting down and abandoning module AssetManagerEditor (234)
[2017.09.08-04.21.55:851][986]LogModuleManager: Shutting down and abandoning module GraphEditor (233)
[2017.09.08-04.21.55:851][986]LogModuleManager: Shutting down and abandoning module ContentBrowser (231)
[2017.09.08-04.21.55:881][986]LogModuleManager: Shutting down and abandoning module LightPropagationVolumeRuntime (228)
[2017.09.08-04.21.55:881][986]LogModuleManager: Shutting down and abandoning module WindowsMoviePlayer (226)
[2017.09.08-04.21.55:922][986]LogModuleManager: Shutting down and abandoning module WmfMedia (224)
[2017.09.08-04.21.55:995][986]LogModuleManager: Shutting down and abandoning module PacketHandler (222)
[2017.09.08-04.21.55:996][986]LogModuleManager: Shutting down and abandoning module ClothingSystemEditor (220)
[2017.09.08-04.21.55:996][986]LogModuleManager: Shutting down and abandoning module ClothingSystemRuntime (218)
[2017.09.08-04.21.56:029][986]LogModuleManager: Shutting down and abandoning module Overlay (216)
[2017.09.08-04.21.56:029][986]LogModuleManager: Shutting down and abandoning module OverlayEditor (215)
[2017.09.08-04.21.56:042][986]LogModuleManager: Shutting down and abandoning module MediaAssets (212)
[2017.09.08-04.21.56:042][986]LogModuleManager: Shutting down and abandoning module VREditor (210)
[2017.09.08-04.21.56:070][986]LogModuleManager: Shutting down and abandoning module StringTableEditor (208)
[2017.09.08-04.21.56:075][986]LogModuleManager: Shutting down and abandoning module GameplayTasksEditor (206)
[2017.09.08-04.21.56:075][986]LogModuleManager: Shutting down and abandoning module BehaviorTreeEditor (204)
[2017.09.08-04.21.56:110][986]LogModuleManager: Shutting down and abandoning module FunctionalTesting (202)
[2017.09.08-04.21.56:124][986]LogModuleManager: Shutting down and abandoning module CollisionAnalyzer (200)
[2017.09.08-04.21.56:168][986]LogModuleManager: Shutting down and abandoning module WorkspaceMenuStructure (199)
[2017.09.08-04.21.56:208][986]LogModuleManager: Shutting down and abandoning module UMG (196)
[2017.09.08-04.21.56:235][986]LogModuleManager: Shutting down and abandoning module UMGEditor (195)
[2017.09.08-04.21.56:284][986]LogModuleManager: Shutting down and abandoning module Sequencer (194)
[2017.09.08-04.21.56:315][986]LogModuleManager: Shutting down and abandoning module MessageLog (191)
[2017.09.08-04.21.56:315][986]LogModuleManager: Shutting down and abandoning module SlateReflector (186)
[2017.09.08-04.21.56:338][986]LogModuleManager: Shutting down and abandoning module Slate (184)
[2017.09.08-04.21.56:339][986]LogModuleManager: Shutting down and abandoning module EditorStyle (182)
[2017.09.08-04.21.56:398][986]LogModuleManager: Shutting down and abandoning module MRMesh (180)
[2017.09.08-04.21.56:398][986]LogModuleManager: Shutting down and abandoning module SourceCodeAccess (178)
[2017.09.08-04.21.56:412][986]LogModuleManager: Shutting down and abandoning module HeadMountedDisplay (176)
[2017.09.08-04.21.56:412][986]LogModuleManager: Shutting down and abandoning module XAudio2 (174)
[2017.09.08-04.21.56:412][986]LogModuleManager: Shutting down and abandoning module Networking (172)
[2017.09.08-04.21.56:412][986]LogModuleManager: Shutting down and abandoning module Core (168)
[2017.09.08-04.21.56:412][986]LogModuleManager: Shutting down and abandoning module KismetCompiler (164)
[2017.09.08-04.21.56:412][986]LogModuleManager: Shutting down and abandoning module LevelSequence (162)
[2017.09.08-04.21.56:412][986]LogModuleManager: Shutting down and abandoning module MeshUtilities (160)
[2017.09.08-04.21.56:440][986]LogModuleManager: Shutting down and abandoning module MeshMergeUtilities (159)
[2017.09.08-04.21.56:464][986]LogModuleManager: Shutting down and abandoning module MeshReductionInterface (158)
[2017.09.08-04.21.56:464][986]LogModuleManager: Shutting down and abandoning module SimplygonSwarm (157)
[2017.09.08-04.21.56:485][986]LogModuleManager: Shutting down and abandoning module SimplygonMeshReduction (155)
[2017.09.08-04.21.56:512][986]LogModuleManager: Shutting down and abandoning module QuadricMeshReduction (153)
[2017.09.08-04.21.56:526][986]LogModuleManager: Shutting down and abandoning module MaterialBaking (149)
[2017.09.08-04.21.56:552][986]LogModuleManager: Shutting down and abandoning module DirectoryWatcher (146)
[2017.09.08-04.21.56:558][986]LogModuleManager: Shutting down and abandoning module DerivedDataCache (144)
[2017.09.08-04.21.56:723][986]LogDerivedDataCache: Shutdown
[2017.09.08-04.21.56:723][986]LogModuleManager: Shutting down and abandoning module TargetPlatform (142)
[2017.09.08-04.21.56:747][986]LogModuleManager: Shutting down and abandoning module VulkanShaderFormat (141)
[2017.09.08-04.21.56:771][986]LogModuleManager: Shutting down and abandoning module ShaderFormatVectorVM (139)
[2017.09.08-04.21.56:811][986]LogModuleManager: Shutting down and abandoning module ShaderFormatOpenGL (137)
[2017.09.08-04.21.56:830][986]LogModuleManager: Shutting down and abandoning module ShaderFormatD3D (135)
[2017.09.08-04.21.56:852][986]LogModuleManager: Shutting down and abandoning module MetalShaderFormat (133)
[2017.09.08-04.21.56:878][986]LogModuleManager: Shutting down and abandoning module TextureFormatUncompressed (131)
[2017.09.08-04.21.56:896][986]LogModuleManager: Shutting down and abandoning module TextureFormatPVR (129)
[2017.09.08-04.21.56:900][986]LogModuleManager: Shutting down and abandoning module TextureFormatDXT (127)
[2017.09.08-04.21.56:900][986]LogModuleManager: Shutting down and abandoning module TextureFormatIntelISPCTexComp (125)
[2017.09.08-04.21.56:929][986]LogModuleManager: Shutting down and abandoning module TextureFormatASTC (123)
[2017.09.08-04.21.56:929][986]LogModuleManager: Shutting down and abandoning module ImageWrapper (122)
[2017.09.08-04.21.56:929][986]LogModuleManager: Shutting down and abandoning module TextureFormatAndroid (119)
[2017.09.08-04.21.56:950][986]LogModuleManager: Shutting down and abandoning module AudioFormatOpus (117)
[2017.09.08-04.21.56:950][986]LogModuleManager: Shutting down and abandoning module AudioFormatOgg (115)
[2017.09.08-04.21.56:962][986]LogModuleManager: Shutting down and abandoning module AudioFormatADPCM (113)
[2017.09.08-04.21.56:972][986]LogModuleManager: Shutting down and abandoning module LinuxTargetPlatform (111)
[2017.09.08-04.21.56:972][986]LogModuleManager: Shutting down and abandoning module LinuxServerTargetPlatform (109)
[2017.09.08-04.21.56:972][986]LogModuleManager: Shutting down and abandoning module LinuxNoEditorTargetPlatform (107)
[2017.09.08-04.21.56:981][986]LogModuleManager: Shutting down and abandoning module LinuxClientTargetPlatform (105)
[2017.09.08-04.21.57:008][986]LogModuleManager: Shutting down and abandoning module TVOSTargetPlatform (103)
[2017.09.08-04.21.57:016][986]LogModuleManager: Shutting down and abandoning module Messaging (101)
[2017.09.08-04.21.57:023][986]LogModuleManager: Shutting down and abandoning module IOSTargetPlatform (99)
[2017.09.08-04.21.57:023][986]LogModuleManager: Shutting down and abandoning module HTML5TargetPlatform (97)
[2017.09.08-04.21.57:023][986]LogModuleManager: Shutting down and abandoning module Android_PVRTCTargetPlatform (95)
[2017.09.08-04.21.57:023][986]LogModuleManager: Shutting down and abandoning module Android_MultiTargetPlatform (93)
[2017.09.08-04.21.57:023][986]LogModuleManager: Shutting down and abandoning module Android_ETC2TargetPlatform (91)
[2017.09.08-04.21.57:030][986]LogModuleManager: Shutting down and abandoning module Android_ETC1TargetPlatform (89)
[2017.09.08-04.21.57:030][986]LogModuleManager: Shutting down and abandoning module Android_DXTTargetPlatform (87)
[2017.09.08-04.21.57:030][986]LogModuleManager: Shutting down and abandoning module Android_ATCTargetPlatform (85)
[2017.09.08-04.21.57:032][986]LogModuleManager: Shutting down and abandoning module Android_ASTCTargetPlatform (83)
[2017.09.08-04.21.57:032][986]LogModuleManager: Shutting down and abandoning module AndroidTargetPlatform (81)
[2017.09.08-04.21.57:032][986]LogModuleManager: Shutting down and abandoning module WindowsTargetPlatform (79)
[2017.09.08-04.21.57:033][986]LogModuleManager: Shutting down and abandoning module WindowsServerTargetPlatform (77)
[2017.09.08-04.21.57:054][986]LogModuleManager: Shutting down and abandoning module WindowsNoEditorTargetPlatform (75)
[2017.09.08-04.21.57:080][986]LogModuleManager: Shutting down and abandoning module WindowsClientTargetPlatform (73)
[2017.09.08-04.21.57:119][986]LogModuleManager: Shutting down and abandoning module MacTargetPlatform (71)
[2017.09.08-04.21.57:124][986]LogModuleManager: Shutting down and abandoning module MacServerTargetPlatform (69)
[2017.09.08-04.21.57:145][986]LogModuleManager: Shutting down and abandoning module MacNoEditorTargetPlatform (67)
[2017.09.08-04.21.57:181][986]LogModuleManager: Shutting down and abandoning module MacClientTargetPlatform (65)
[2017.09.08-04.21.57:227][986]LogModuleManager: Shutting down and abandoning module AllDesktopTargetPlatform (63)
[2017.09.08-04.21.57:228][986]LogModuleManager: Shutting down and abandoning module InputCore (60)
[2017.09.08-04.21.57:228][986]LogModuleManager: Shutting down and abandoning module Settings (58)
[2017.09.08-04.21.57:228][986]LogModuleManager: Shutting down and abandoning module PhysXCooking (56)
[2017.09.08-04.21.57:228][986]LogModuleManager: Shutting down and abandoning module SteamVR (54)
[2017.09.08-04.21.57:228][986]LogModuleManager: Shutting down and abandoning module OculusHMD (52)
[2017.09.08-04.21.57:250][986]LogModuleManager: Shutting down and abandoning module ExampleDeviceProfileSelector (50)
[2017.09.08-04.21.57:250][986]LogModuleManager: Shutting down and abandoning module OnlineBlueprintSupport (48)
[2017.09.08-04.21.57:250][986]LogModuleManager: Shutting down and abandoning module OnlineSubsystem (44)
[2017.09.08-04.21.57:258][986]LogOnline: Display: Unloading online subsystem: NULL
[2017.09.08-04.21.57:290][986]LogModuleManager: Shutting down and abandoning module XMPP (43)
[2017.09.08-04.21.57:307][986]LogModuleManager: Shutting down and abandoning module HTTP (41)
[2017.09.08-04.21.57:318][986]LogHttp: Display: Http module shutting down, but needs to wait on 1 outstanding Http requests:
[2017.09.08-04.21.57:319][986]LogHttp: Display: 	verb=[POST] url=[https://datarouter.ol.epicgames.com/datarouter/api/v1/public/data?SessionID=%7B0A7403FC-4317-1751-F32E-5C8EFF514B91%7D&AppID=UEEditor.Rocket.Release&AppVersion=4.17.1-3586342%2B%2B%2BUE4%2BRelease-4.17&UserID=d195f449449d6ca1a7d6e997d7b4619b%7C38799267579e43f199dcadb14603b7d0%7Cc4c036e9-0de7-44e5-8786-b569ea8dee15&AppEnvironment=datacollector-binary&UploadType=eteventstream] status=Processing
[2017.09.08-04.21.57:450][986]LogModuleManager: Shutting down and abandoning module SSL (40)
[2017.09.08-04.21.57:511][986]LogModuleManager: Shutting down and abandoning module AnimationModifiers (36)
[2017.09.08-04.21.57:539][986]LogModuleManager: Shutting down and abandoning module PropertyEditor (35)
[2017.09.08-04.21.57:630][986]LogModuleManager: Shutting down and abandoning module AudioEditor (32)
[2017.09.08-04.21.57:687][986]LogModuleManager: Shutting down and abandoning module TextureCompressor (30)
[2017.09.08-04.21.57:712][986]LogModuleManager: Shutting down and abandoning module ShaderCore (28)
[2017.09.08-04.21.57:712][986]LogModuleManager: Shutting down and abandoning module Landscape (26)
[2017.09.08-04.21.57:712][986]LogModuleManager: Shutting down and abandoning module SlateRHIRenderer (24)
[2017.09.08-04.21.57:774][986]LogModuleManager: Shutting down and abandoning module OpenGLDrv (22)
[2017.09.08-04.21.57:795][986]LogModuleManager: Shutting down and abandoning module D3D11RHI (20)
[2017.09.08-04.21.57:795][986]LogModuleManager: Shutting down and abandoning module AnimGraphRuntime (18)
[2017.09.08-04.21.57:814][986]LogModuleManager: Shutting down and abandoning module Renderer (16)
[2017.09.08-04.21.57:814][986]LogModuleManager: Shutting down and abandoning module Engine (14)
[2017.09.08-04.21.57:828][986]LogModuleManager: Shutting down and abandoning module CoreUObject (12)
[2017.09.08-04.21.57:828][986]LogModuleManager: Shutting down and abandoning module NetworkFile (10)
[2017.09.08-04.21.57:841][986]LogModuleManager: Shutting down and abandoning module CookedIterativeFile (8)
[2017.09.08-04.21.57:855][986]LogModuleManager: Shutting down and abandoning module StreamingFile (6)
[2017.09.08-04.21.57:870][986]LogModuleManager: Shutting down and abandoning module SandboxFile (4)
[2017.09.08-04.21.57:870][986]LogModuleManager: Shutting down and abandoning module PakFile (2)
[2017.09.08-04.21.57:922][986]LogExit: Exiting.
[2017.09.08-04.21.58:026][986]Log file closed, 09/08/17 00:21:58
