Log file open, 09/13/17 16:07:06
LogWindows: LoadLibraryWithSearchPaths failed for file aqProf.dll. GetLastError=0
LogWindows: LoadLibraryWithSearchPaths failed for file VtuneApi.dll. GetLastError=0
LogWindows: LoadLibraryWithSearchPaths failed for file VtuneApi32e.dll. GetLastError=0
LogInit: Display: Running engine for game: PlanX
LogPlatformFile: Not using cached read wrapper
LogInit: Display: RandInit(1752501268) SRandInit(1752501268).
LogTaskGraph: Started task graph with 5 named threads and 14 total threads with 3 sets of task threads.
LogStats: Stats thread started at 0.178731
LogD3D11RHI: Aftermath initialized
LogPluginManager: Mounting plugin LightPropagationVolume
LogPluginManager: Mounting plugin CodeLiteSourceCodeAccess
LogPluginManager: Mounting plugin GitSourceControl
LogPluginManager: Mounting plugin KDevelopSourceCodeAccess
LogPluginManager: Mounting plugin NullSourceCodeAccess
LogPluginManager: Mounting plugin PerforceSourceControl
LogPluginManager: Mounting plugin SubversionSourceControl
LogPluginManager: Mounting plugin UObjectPlugin
LogPluginManager: Mounting plugin VisualStudioSourceCodeAccess
LogPluginManager: Mounting plugin XCodeSourceCodeAccess
LogPluginManager: Mounting plugin AssetManagerEditor
LogPluginManager: Mounting plugin AudioCapture
LogPluginManager: Mounting plugin FacialAnimation
LogPluginManager: Mounting plugin GameplayTagsEditor
LogPluginManager: Mounting plugin MobileLauncherProfileWizard
LogPluginManager: Mounting plugin PluginBrowser
LogPluginManager: Mounting plugin SpeedTreeImporter
LogPluginManager: Mounting plugin AlembicImporter
LogPluginManager: Mounting plugin CharacterAI
LogPluginManager: Mounting plugin HTML5Networking
LogPluginManager: Mounting plugin AndroidMedia
LogPluginManager: Mounting plugin AvfMedia
LogPluginManager: Mounting plugin MediaPlayerEditor
LogPluginManager: Mounting plugin WmfMedia
LogPluginManager: Mounting plugin TcpMessaging
LogPluginManager: Mounting plugin UdpMessaging
LogPluginManager: Mounting plugin LevelSequenceEditor
LogPluginManager: Mounting plugin MatineeToLevelSequence
LogPluginManager: Mounting plugin OnlineSubsystemGooglePlay
LogPluginManager: Mounting plugin OnlineSubsystemIOS
LogPluginManager: Mounting plugin OnlineSubsystem
LogPluginManager: Mounting plugin OnlineSubsystemNull
LogPluginManager: Mounting plugin OnlineSubsystemUtils
LogPluginManager: Mounting plugin AndroidDeviceProfileSelector
LogPluginManager: Mounting plugin AndroidMoviePlayer
LogPluginManager: Mounting plugin AndroidPermission
LogPluginManager: Mounting plugin AppleMoviePlayer
LogPluginManager: Mounting plugin ArchVisCharacter
LogPluginManager: Mounting plugin CableComponent
LogPluginManager: Mounting plugin CustomMeshComponent
LogPluginManager: Mounting plugin ExampleDeviceProfileSelector
LogPluginManager: Mounting plugin GoogleCloudMessaging
LogPluginManager: Mounting plugin ImmediatePhysics
LogPluginManager: Mounting plugin IOSDeviceProfileSelector
LogPluginManager: Mounting plugin LinuxDeviceProfileSelector
LogPluginManager: Mounting plugin LocationServicesBPLibrary
LogPluginManager: Mounting plugin MobilePatchingUtils
LogPluginManager: Mounting plugin Ansel
LogPluginManager: Mounting plugin OculusVR
LogPluginManager: Mounting plugin PhysXVehicles
LogPluginManager: Mounting plugin ProceduralMeshComponent
LogPluginManager: Mounting plugin RuntimePhysXCooking
LogPluginManager: Mounting plugin SteamVR
LogPluginManager: Mounting plugin WindowsMoviePlayer
LogInit: Using libcurl 7.47.1
LogInit:  - built for x86_64-pc-win32
LogInit:  - supports SSL with OpenSSL/1.0.2g
LogInit:  - supports HTTP deflate (compression) using libz 1.2.8
LogInit:  - other features:
LogInit:      CURL_VERSION_SSL
LogInit:      CURL_VERSION_LIBZ
LogInit:      CURL_VERSION_IPV6
LogInit:      CURL_VERSION_ASYNCHDNS
LogInit:      CURL_VERSION_LARGEFILE
LogInit:      CURL_VERSION_IDN
LogInit:  CurlRequestOptions (configurable via config and command line):
LogInit:  - bVerifyPeer = false  - Libcurl will NOT verify peer certificate
LogInit:  - bUseHttpProxy = false  - Libcurl will NOT use HTTP proxy
LogInit:  - bDontReuseConnections = false  - Libcurl will reuse connections
LogInit:  - CertBundlePath = nullptr  - Libcurl will use whatever was configured at build time.
LogInit: Build: ++UE4+Release-4.17-CL-3586342
LogInit: Engine Version: 4.17.1-3586342+++UE4+Release-4.17
LogInit: Compatible Engine Version: 4.17.0-3573198+++UE4+Release-4.17
LogInit: Net CL: 3573198
LogDevObjectVersion: Number of dev versions registered: 16
LogDevObjectVersion:   Dev-Blueprints (B0D832E4-1F89-4F0D-ACCF-7EB736FD4AA2): 10
LogDevObjectVersion:   Dev-Build (E1C64328-A22C-4D53-A36C-8E866417BD8C): 0
LogDevObjectVersion:   Dev-Core (375EC13C-06E4-48FB-B500-84F0262A717E): 2
LogDevObjectVersion:   Dev-Editor (E4B068ED-F494-42E9-A231-DA0B2E46BB41): 20
LogDevObjectVersion:   Dev-Framework (CFFC743F-43B0-4480-9391-14DF171D2073): 28
LogDevObjectVersion:   Dev-Mobile (B02B49B5-BB20-44E9-A304-32B752E40360): 0
LogDevObjectVersion:   Dev-Networking (A4E4105C-59A1-49B5-A7C5-40C4547EDFEE): 0
LogDevObjectVersion:   Dev-Online (39C831C9-5AE6-47DC-9A44-9C173E1C8E7C): 0
LogDevObjectVersion:   Dev-Physics (78F01B33-EBEA-4F98-B9B4-84EACCB95AA2): 0
LogDevObjectVersion:   Dev-Platform (6631380F-2D4D-43E0-8009-CF276956A95A): 0
LogDevObjectVersion:   Dev-Rendering (12F88B9F-8875-4AFC-A67C-D90C383ABD29): 19
LogDevObjectVersion:   Dev-Sequencer (7B5AE74C-D270-4C10-A958-57980B212A5A): 4
LogDevObjectVersion:   Dev-VR (D7296918-1DD6-4BDD-9DE2-64A83CC13884): 0
LogDevObjectVersion:   Dev-LoadTimes (C2A15278-BFE7-4AFE-6C17-90FF531DF755): 1
LogDevObjectVersion:   Private-Geometry (6EACA3D4-40EC-4CC1-B786-8BED09428FC5): 1
LogDevObjectVersion:   Dev-AnimPhys (29E575DD-E0A3-4627-9D10-D276232CDCEA): 7
LogInit: Compiled (64-bit): Aug 15 2017 02:05:26
LogInit: Compiled with Visual C++: 19.00.24215.01
LogInit: Build Configuration: Development
LogInit: Branch Name: ++UE4+Release-4.17
LogInit: Command line: -EpicPortal 
LogInit: Base directory: Q:/Unreal Engine/UE_4.17/Engine/Binaries/Win64/
LogInit: Installed Engine Build: 1
LogInit: Presizing for max 8388607 objects, including 0 objects not considered by GC, pre-allocating 0 bytes for permanent pool.
LogInit: Object subsystem initialized
[2017.09.13-20.07.07:132][  0]LogInit: Selected Device Profile: [Windows]
[2017.09.13-20.07.07:132][  0]LogInit: Applying CVar settings loaded from the selected device profile: [Windows]
[2017.09.13-20.07.07:144][  0]LogInit: Computer: DAWN
[2017.09.13-20.07.07:144][  0]LogInit: User: RobertForbes
[2017.09.13-20.07.07:144][  0]LogInit: CPU Page size=4096, Cores=4
[2017.09.13-20.07.07:144][  0]LogInit: High frequency timer resolution =3.417981 MHz
[2017.09.13-20.07.07:144][  0]LogMemory: Memory total: Physical=8.0GB (8GB approx)
[2017.09.13-20.07.07:144][  0]LogMemory: Platform Memory Stats for Windows
[2017.09.13-20.07.07:144][  0]LogMemory: Process Physical Memory: 279.51 MB used, 279.51 MB peak
[2017.09.13-20.07.07:144][  0]LogMemory: Process Virtual Memory: 286.36 MB used, 286.36 MB peak
[2017.09.13-20.07.07:144][  0]LogMemory: Physical Memory: 5022.43 MB used,  3121.43 MB free, 8143.85 MB total
[2017.09.13-20.07.07:144][  0]LogMemory: Virtual Memory: 680.32 MB used,  3121.43 MB free, 134217728.00 MB total
[2017.09.13-20.07.07:274][  0]LogInit: Using OS detected language (en-US).
[2017.09.13-20.07.07:274][  0]LogInit: Using OS detected locale (en-US).
[2017.09.13-20.07.07:278][  0]LogTextLocalizationManager: No specific localization for 'en-US' exists, so the 'en' localization will be used.
[2017.09.13-20.07.08:082][  0]LogD3D11RHI: D3D11 adapters:
[2017.09.13-20.07.08:746][  0]LogD3D11RHI:    0. 'NVIDIA GeForce GTX 970' (Feature Level 11_0)
[2017.09.13-20.07.08:746][  0]LogD3D11RHI:       4058/0/4071 MB DedicatedVideo/DedicatedSystem/SharedSystem, Outputs:2, VendorId:0x10de
[2017.09.13-20.07.08:748][  0]LogD3D11RHI:    1. 'Microsoft Basic Render Driver' (Feature Level 11_0)
[2017.09.13-20.07.08:748][  0]LogD3D11RHI:       0/0/4071 MB DedicatedVideo/DedicatedSystem/SharedSystem, Outputs:0, VendorId:0x1414
[2017.09.13-20.07.08:748][  0]LogD3D11RHI: Chosen D3D11 Adapter: 0
[2017.09.13-20.07.08:752][  0]LogD3D11RHI: Creating new Direct3DDevice
[2017.09.13-20.07.08:752][  0]LogD3D11RHI:     GPU DeviceId: 0x13c2 (for the marketing name, search the web for "GPU Device Id")
[2017.09.13-20.07.08:752][  0]LogWindows: EnumDisplayDevices:
[2017.09.13-20.07.08:752][  0]LogWindows:    0. 'NVIDIA GeForce GTX 970' (P:0 D:1)
[2017.09.13-20.07.08:752][  0]LogWindows:    1. 'NVIDIA GeForce GTX 970' (P:1 D:1)
[2017.09.13-20.07.08:752][  0]LogWindows:    2. 'NVIDIA GeForce GTX 970' (P:0 D:0)
[2017.09.13-20.07.08:752][  0]LogWindows:    3. 'NVIDIA GeForce GTX 970' (P:0 D:0)
[2017.09.13-20.07.08:752][  0]LogWindows: DebugString: FoundDriverCount:4 
[2017.09.13-20.07.08:752][  0]LogD3D11RHI:     Adapter Name: NVIDIA GeForce GTX 970
[2017.09.13-20.07.08:752][  0]LogD3D11RHI:   Driver Version: 385.41 (internal:22.21.13.8541, unified:385.41)
[2017.09.13-20.07.08:752][  0]LogD3D11RHI:      Driver Date: 8-21-2017
[2017.09.13-20.07.08:752][  0]LogRHI: Texture pool is 1361 MB (70% of 1945 MB)
[2017.09.13-20.07.09:365][  0]LogD3D11RHI: Async texture creation enabled
[2017.09.13-20.07.09:408][  0]LogD3D11RHI: GPU Timing Frequency: 1000.000000 (Debug: 2 1)
[2017.09.13-20.07.09:410][  0]LogShaderCompilers: Guid format shader working directory is 11 characters bigger than the processId version (../../../../../Unreal Projects/Plan-X/PlanX/Intermediate/Shaders/WorkingDirectory/7392/).
[2017.09.13-20.07.09:410][  0]LogShaderCompilers: Cleaned the shader compiler working directory 'C:/Users/Robert Forbes/AppData/Local/Temp/UnrealShaderWorkingDir/59D880C646F5FE01FAFBC9A928E24551/'.
[2017.09.13-20.07.09:410][  0]LogShaderCompilers: Display: Using Local Shader Compiler.
[2017.09.13-20.07.10:642][  0]LogTemp: Display: Loaded TP AllDesktopTargetPlatform
[2017.09.13-20.07.10:703][  0]LogTemp: Display: Loaded TP MacClientTargetPlatform
[2017.09.13-20.07.10:761][  0]LogTemp: Display: Loaded TP MacNoEditorTargetPlatform
[2017.09.13-20.07.10:818][  0]LogTemp: Display: Loaded TP MacServerTargetPlatform
[2017.09.13-20.07.10:874][  0]LogTemp: Display: Loaded TP MacTargetPlatform
[2017.09.13-20.07.10:941][  0]LogTemp: Display: Loaded TP WindowsClientTargetPlatform
[2017.09.13-20.07.11:002][  0]LogTemp: Display: Loaded TP WindowsNoEditorTargetPlatform
[2017.09.13-20.07.11:099][  0]LogTemp: Display: Loaded TP WindowsServerTargetPlatform
[2017.09.13-20.07.11:202][  0]LogTemp: Display: Loaded TP WindowsTargetPlatform
[2017.09.13-20.07.11:279][  0]LogTemp: Display: Loaded TP AndroidTargetPlatform
[2017.09.13-20.07.11:387][  0]LogTemp: Display: Loaded TP Android_ASTCTargetPlatform
[2017.09.13-20.07.11:492][  0]LogTemp: Display: Loaded TP Android_ATCTargetPlatform
[2017.09.13-20.07.11:569][  0]LogTemp: Display: Loaded TP Android_DXTTargetPlatform
[2017.09.13-20.07.11:644][  0]LogTemp: Display: Loaded TP Android_ETC1TargetPlatform
[2017.09.13-20.07.11:736][  0]LogTemp: Display: Loaded TP Android_ETC2TargetPlatform
[2017.09.13-20.07.11:953][  0]LogTemp: Display: Loaded TP Android_MultiTargetPlatform
[2017.09.13-20.07.11:953][  0]LogTemp: Display: Loaded TP Android_PVRTCTargetPlatform
[2017.09.13-20.07.12:078][  0]LogTemp: Display: Loaded TP HTML5TargetPlatform
[2017.09.13-20.07.12:266][  0]LogTemp: Display: Loaded TP IOSTargetPlatform
[2017.09.13-20.07.12:299][  0]LogTemp: Display: Loaded TP TVOSTargetPlatform
[2017.09.13-20.07.12:420][  0]LogTemp: Display: Loaded TP LinuxClientTargetPlatform
[2017.09.13-20.07.12:496][  0]LogTemp: Display: Loaded TP LinuxNoEditorTargetPlatform
[2017.09.13-20.07.12:603][  0]LogTemp: Display: Loaded TP LinuxServerTargetPlatform
[2017.09.13-20.07.12:704][  0]LogTemp: Display: Loaded TP LinuxTargetPlatform
[2017.09.13-20.07.12:704][  0]LogTargetPlatformManager: Display: Building Assets For Windows
[2017.09.13-20.07.13:646][  0]LogDerivedDataCache: Display: Max Cache Size: 512 MB
[2017.09.13-20.07.13:844][  0]LogDerivedDataCache: Loaded boot cache 0.20s 106MB C:/Users/Robert Forbes/AppData/Local/UnrealEngine/4.17/DerivedDataCache/Boot.ddc.
[2017.09.13-20.07.13:845][  0]LogDerivedDataCache: Display: Loaded Boot cache: C:/Users/Robert Forbes/AppData/Local/UnrealEngine/4.17/DerivedDataCache/Boot.ddc
[2017.09.13-20.07.13:845][  0]LogDerivedDataCache: FDerivedDataBackendGraph:  Pak pak cache file ../../../../../Unreal Projects/Plan-X/PlanX/DerivedDataCache/DDC.ddp not found, will not use a pak cache.
[2017.09.13-20.07.13:845][  0]LogDerivedDataCache: Unable to find inner node Pak for hierarchical cache Hierarchy.
[2017.09.13-20.07.13:845][  0]LogDerivedDataCache: FDerivedDataBackendGraph:  CompressedPak pak cache file ../../../../../Unreal Projects/Plan-X/PlanX/DerivedDataCache/Compressed.ddp not found, will not use a pak cache.
[2017.09.13-20.07.13:845][  0]LogDerivedDataCache: Unable to find inner node CompressedPak for hierarchical cache Hierarchy.
[2017.09.13-20.07.13:880][  0]LogDerivedDataCache: Display: Pak cache opened for reading ../../../Engine/DerivedDataCache/Compressed.ddp.
[2017.09.13-20.07.13:893][  0]LogDerivedDataCache: Using Local data cache path C:/Users/Robert Forbes/AppData/Local/UnrealEngine/Common/DerivedDataCache: Writable
[2017.09.13-20.07.13:908][  0]LogMaterial: Verifying Global Shaders for PCD3D_SM5
[2017.09.13-20.07.13:909][  0]LogSlate: Using Freetype 2.6.0
[2017.09.13-20.07.13:910][  0]LogSlate: SlateFontCache - WITH_FREETYPE: 1, WITH_HARFBUZZ: 1
[2017.09.13-20.07.13:910][  0]LogSlate: SlateFontCache - WITH_FREETYPE: 1, WITH_HARFBUZZ: 1
[2017.09.13-20.07.14:503][  0]LogAssetRegistry: FAssetRegistry took 0.0314 seconds to start up
[2017.09.13-20.07.14:710][  0]LogInit: Selected Device Profile: [Windows]
[2017.09.13-20.07.14:941][  0]LogContentStreaming: Texture pool size is 0.00 MB
[2017.09.13-20.07.15:470][  0]LogSimplygon: Simplygon DLL not present - disabling.
[2017.09.13-20.07.15:548][  0]LogMeshReduction: Using SimplygonSwarm for distributed automatic mesh merging
[2017.09.13-20.07.15:548][  0]LogMeshReduction: Using QuadricMeshReduction for automatic static mesh reduction
[2017.09.13-20.07.15:548][  0]LogMeshReduction: No automatic skeletal mesh reduction module available
[2017.09.13-20.07.15:548][  0]LogMeshReduction: No automatic mesh merging module available
[2017.09.13-20.07.15:548][  0]LogMeshMerging: No automatic mesh merging module available
[2017.09.13-20.07.16:321][  0]LogNetVersion: PlanX , NetCL: 3573198, EngineNetVer: 2, GameNetVer: 0 (Checksum: 4232075429)
[2017.09.13-20.07.16:752][  0]LogPackageLocalizationCache: Processed 4 localized package path(s) for 2 prioritized culture(s) in 0.078240 seconds
[2017.09.13-20.07.16:764][  0]LogUObjectArray: 35825 objects as part of root set at end of initial load.
[2017.09.13-20.07.16:764][  0]LogUObjectAllocator: 7529104 out of 0 bytes used by permanent object pool.
[2017.09.13-20.07.16:764][  0]LogUObjectArray: CloseDisregardForGC: 0/0 objects in disregard for GC pool
[2017.09.13-20.07.16:849][  0]LogInit: WinSock: version 1.1 (2.2), MaxSocks=32767, MaxUdp=65467
[2017.09.13-20.07.19:855][  0]LogTcpMessaging: Initializing TcpMessaging bridge
[2017.09.13-20.07.19:895][  0]LogUdpMessaging: Initializing bridge on interface 0.0.0.0:0 to multicast group 230.0.0.1:6666.
[2017.09.13-20.07.20:433][  0]SourceControl: Source control is disabled
[2017.09.13-20.07.20:433][  0]SourceControl: Source control is disabled
[2017.09.13-20.07.20:480][  0]SourceControl: Source control is disabled
[2017.09.13-20.07.20:526][  0]SourceControl: Source control is disabled
[2017.09.13-20.07.21:181][  0]LogAndroidPermission: UAndroidPermissionCallbackProxy::GetInstance
[2017.09.13-20.07.21:414][  0]LogAnsel: Tried to load ../../../Engine/Plugins/Runtime/Nvidia/Ansel/Binaries/ThirdParty/AnselSDK64.dll : success=1
[2017.09.13-20.07.21:461][  0]LogOcInput: OculusInput pre-init called
[2017.09.13-20.07.21:712][  0]LogEngine: Initializing Engine...
[2017.09.13-20.07.24:775][  0]LogHMD: SteamVR initialized.  Driver: lighthouse  Display: LHR-21CE5F1D
[2017.09.13-20.07.25:027][  0]LogStats: UGameplayTagsManager::ConstructGameplayTagTree: Construct from data asset -  0.000 s
[2017.09.13-20.07.25:027][  0]LogStats: UGameplayTagsManager::ConstructGameplayTagTree: GameplayTagTreeChangedEvent.Broadcast -  0.000 s
[2017.09.13-20.07.25:160][  0]LogAIModule: Creating AISystem for world Untitled
[2017.09.13-20.07.25:185][  0]LogInit: XAudio2 using 'REAL SPEAKERS!!!!!!!!!! (Realtek High Definition Audio)' : 2 channels at 48 kHz using 32 bits per sample (channel mask 0x3)
[2017.09.13-20.07.25:199][  0]LogInit: FAudioDevice initialized.
[2017.09.13-20.07.25:583][  0]LogDerivedDataCache: Saved boot cache 0.38s 106MB C:/Users/Robert Forbes/AppData/Local/UnrealEngine/4.17/DerivedDataCache/Boot.ddc.
[2017.09.13-20.07.25:601][  0]LogInit: Texture streaming: Enabled
[2017.09.13-20.07.25:628][  0]LogMaterial: Uniform references updated for custom material expression Custom.
[2017.09.13-20.07.25:824][  0]LogEngineSessionManager: EngineSessionManager initialized
[2017.09.13-20.07.26:041][  0]LogInit: Transaction tracking system initialized
[2017.09.13-20.07.26:459][  0]BlueprintLog: New page: Editor Load
[2017.09.13-20.07.27:340][  0]LocalizationService: Localization service is disabled
[2017.09.13-20.07.28:000][  0]LogConsoleResponse: Display: 
[2017.09.13-20.07.28:192][  0]LogCook: Display: Max memory allowance for cook 16384mb min free memory 0mb
[2017.09.13-20.07.28:192][  0]LogCook: Display: Mobile HDR setting 1
[2017.09.13-20.07.28:192][  0]LogGameplayTags: Display: UGameplayTagsManager::DoneAddingNativeTags. DelegateIsBound: 0
[2017.09.13-20.07.28:307][  0]LogFileCache: Scanning file cache for directory 'Q:/Unreal Projects/Plan-X/PlanX/Content/' took 0.02s
[2017.09.13-20.07.29:249][  0]SourceControl: Source control is disabled
[2017.09.13-20.07.29:249][  0]Cmd: MAP LOAD FILE="../../../../../Unreal Projects/Plan-X/PlanX/Content/Assets/Mapt_data/Challenge_Levels/Challange_L_1_0.umap" TEMPLATE=0 SHOWPROGRESS=1 FEATURELEVEL=3
[2017.09.13-20.07.29:253][  0]LightingResults: New page: Lighting Build
[2017.09.13-20.07.29:291][  0]MapCheck: New page: Map Check
[2017.09.13-20.07.29:291][  0]LightingResults: New page: Lighting Build
[2017.09.13-20.07.29:855][  0]LogAIModule: Creating AISystem for world Challange_L_1_0
[2017.09.13-20.07.29:864][  0]LogEditorServer: Finished looking for orphan Actors (0.000 secs)
[2017.09.13-20.07.29:880][  0]Cmd: MAP CHECKDEP NOCLEARLOG
[2017.09.13-20.07.29:945][  0]MapCheck: Map check complete: 0 Error(s), 0 Warning(s), took 65.314ms to complete.
[2017.09.13-20.07.29:945][  0]LogFileHelpers: Loading map 'Challange_L_1_0' took 0.697
[2017.09.13-20.07.30:000][  0]LogWindowsTextInputMethodSystem: Display: IME system now deactivated.
[2017.09.13-20.07.30:074][  0]LogCollectionManager: Loaded 0 collections in 0.001464 seconds
[2017.09.13-20.07.30:160][  0]LogFileCache: Scanning file cache for directory 'Q:/Unreal Projects/Plan-X/PlanX/Saved/Collections/' took 0.01s
[2017.09.13-20.07.30:161][  0]LogFileCache: Scanning file cache for directory 'Q:/Unreal Projects/Plan-X/PlanX/Content/Developers/RobertForbes/Collections/' took 0.01s
[2017.09.13-20.07.30:161][  0]LogFileCache: Scanning file cache for directory 'Q:/Unreal Projects/Plan-X/PlanX/Content/Collections/' took 0.02s
[2017.09.13-20.07.30:161][  0]LogCollectionManager: Rebuilt the GUID cache for 0 collections in 0.000000 seconds
[2017.09.13-20.07.30:171][  0]LogContentBrowser: Native class hierarchy populated in 0.0107 seconds. Added 2337 classes and 483 folders.
[2017.09.13-20.07.30:226][  0]LogContentBrowser: Native class hierarchy updated for 'WidgetCarousel' in 0.0008 seconds. Added 0 classes and 0 folders.
[2017.09.13-20.07.30:289][  0]LogContentBrowser: Native class hierarchy updated for 'AddContentDialog' in 0.0008 seconds. Added 0 classes and 0 folders.
[2017.09.13-20.07.30:330][  0]LogContentBrowser: Native class hierarchy updated for 'SceneOutliner' in 0.0012 seconds. Added 1 classes and 2 folders.
[2017.09.13-20.07.30:354][  0]LogSlate: Took 0.000373 seconds to synchronously load lazily loaded font '../../../Engine/Content/Slate/Fonts/Roboto-Regular.ttf' (155K)
[2017.09.13-20.07.30:357][  0]LogSlate: Took 0.000307 seconds to synchronously load lazily loaded font '../../../Engine/Content/Slate/Fonts/Roboto-Bold.ttf' (160K)
[2017.09.13-20.07.30:363][  0]LogSlate: Took 0.000266 seconds to synchronously load lazily loaded font '../../../Engine/Content/Editor/Slate/Fonts/FontAwesome.ttf' (139K)
[2017.09.13-20.07.30:463][  0]LogRenderer: Reallocating scene render targets to support 1208x576 Format 26 NumSamples 1 (Frame:1).
[2017.09.13-20.07.30:620][  0]LogContentBrowser: Native class hierarchy updated for 'HierarchicalLODOutliner' in 0.0012 seconds. Added 1 classes and 2 folders.
[2017.09.13-20.07.30:620][  0]LogLoad: (Engine Initialization) Total time: 25.18 seconds
[2017.09.13-20.07.30:620][  0]LogLoad: (Engine Initialization) Total Blueprint compile time: 0.00 seconds
[2017.09.13-20.07.30:621][  0]LogExternalProfiler: Found external profiler: VSPerf
[2017.09.13-20.07.30:621][  0]LogExternalProfiler: Using external profiler: VSPerf
[2017.09.13-20.07.30:630][  0]LogSteamVRController: Controller role for device 3 is 2 (invalid=0, left=1, right=2).
[2017.09.13-20.07.30:630][  0]LogSteamVRController: Warning: Controller device 3 is being assigned to its prefered role 'right'.
[2017.09.13-20.07.30:630][  0]LogSteamVRController: Controller role for device 4 is 1 (invalid=0, left=1, right=2).
[2017.09.13-20.07.30:630][  0]LogSteamVRController: Putting controller 4 on the left hand because there is already a controller for the right.
[2017.09.13-20.07.30:660][  0]LogContentStreaming: Texture pool size now 600 MB
[2017.09.13-20.07.30:693][  0]LogSlate: Took 0.000197 seconds to synchronously load lazily loaded font '../../../Engine/Content/Slate/Fonts/Roboto-Light.ttf' (159K)
[2017.09.13-20.07.30:711][  1]LogFileCache: Retrieving MD5 hashes for directory 'Q:/Unreal Projects/Plan-X/PlanX/Content/' took 0.07s
[2017.09.13-20.07.30:722][  1]LogAssetRegistry: Asset discovery search completed in 16.2411 seconds
[2017.09.13-20.07.30:724][  1]LogCollectionManager: Rebuilt the object cache for 0 collections in 0.000001 seconds (found 0 objects)
[2017.09.13-20.07.30:724][  1]LogCollectionManager: Fixed up redirectors for 0 collections in 0.000057 seconds (updated 0 objects)
[2017.09.13-20.07.34:063][371]LogPlayLevel: PlayLevel: No blueprints needed recompiling
[2017.09.13-20.07.34:063][371]PIE: New page: PIE session: Challange_L_1_0 (Sep 13, 2017, 12:07:34 PM)
[2017.09.13-20.07.34:063][371]LogPlayLevel: Creating play world package: /Game/Assets/Mapt_data/Challenge_Levels/UEDPIE_0_Challange_L_1_0
[2017.09.13-20.07.34:067][371]LogPlayLevel: PIE: StaticDuplicateObject took: (0.004025s)
[2017.09.13-20.07.34:068][371]LogAIModule: Creating AISystem for world Challange_L_1_0
[2017.09.13-20.07.34:068][371]LogPlayLevel: PIE: World Init took: (0.000776s)
[2017.09.13-20.07.34:069][371]LogPlayLevel: PIE: Created PIE world by copying editor world from /Game/Assets/Mapt_data/Challenge_Levels/Challange_L_1_0.Challange_L_1_0 to /Game/Assets/Mapt_data/Challenge_Levels/UEDPIE_0_Challange_L_1_0.Challange_L_1_0 (0.005170s)
[2017.09.13-20.07.34:091][371]LogInit: XAudio2 using 'REAL SPEAKERS!!!!!!!!!! (Realtek High Definition Audio)' : 2 channels at 48 kHz using 32 bits per sample (channel mask 0x3)
[2017.09.13-20.07.34:100][371]LogInit: FAudioDevice initialized.
[2017.09.13-20.07.34:205][371]LogLoad: Game class is 'GameMode'
[2017.09.13-20.07.34:208][371]LogWorld: Bringing World /Game/Assets/Mapt_data/Challenge_Levels/UEDPIE_0_Challange_L_1_0.Challange_L_1_0 up for play (max tick rate 0) at 2017.09.13-16.07.34
[2017.09.13-20.07.34:208][371]LogWorld: Bringing up level for play took: 0.001823
[2017.09.13-20.07.34:245][371]LogContentBrowser: Native class hierarchy updated for 'MovieSceneCapture' in 0.0010 seconds. Added 11 classes and 0 folders.
[2017.09.13-20.07.34:246][371]LogGameMode: Display: Match State Changed from EnteringMap to WaitingToStart
[2017.09.13-20.07.34:246][371]LogGameState: Match State Changed from EnteringMap to WaitingToStart
[2017.09.13-20.07.34:246][371]LogGameMode: Display: Match State Changed from WaitingToStart to InProgress
[2017.09.13-20.07.34:249][371]LogGameState: Match State Changed from WaitingToStart to InProgress
[2017.09.13-20.07.34:254][371]PIE: Play in editor start time for /Game/Assets/Mapt_data/Challenge_Levels/UEDPIE_0_Challange_L_1_0 0.055
[2017.09.13-20.07.34:257][371]LogAnsel: We reckon 0.010000 meters to 1 world unit
[2017.09.13-20.07.34:294][372]LogRenderer: Reallocating scene render targets to support 3024x1680 Format 26 NumSamples 1 (Frame:1).
[2017.09.13-20.09.48:148][164]LogPlayLevel: PlayLevel: No blueprints needed recompiling
[2017.09.13-20.09.48:149][164]PIE: New page: PIE session: Challange_L_1_0 (Sep 13, 2017, 12:09:48 PM)
[2017.09.13-20.09.48:149][164]LogPlayLevel: Creating play world package: /Game/Assets/Mapt_data/Challenge_Levels/UEDPIE_0_Challange_L_1_0
[2017.09.13-20.09.48:153][164]LogPlayLevel: PIE: StaticDuplicateObject took: (0.004250s)
[2017.09.13-20.09.48:153][164]LogAIModule: Creating AISystem for world Challange_L_1_0
[2017.09.13-20.09.48:154][164]LogPlayLevel: PIE: World Init took: (0.000752s)
[2017.09.13-20.09.48:154][164]LogPlayLevel: PIE: Created PIE world by copying editor world from /Game/Assets/Mapt_data/Challenge_Levels/Challange_L_1_0.Challange_L_1_0 to /Game/Assets/Mapt_data/Challenge_Levels/UEDPIE_0_Challange_L_1_0.Challange_L_1_0 (0.005253s)
[2017.09.13-20.09.48:176][164]LogInit: XAudio2 using 'REAL SPEAKERS!!!!!!!!!! (Realtek High Definition Audio)' : 2 channels at 48 kHz using 32 bits per sample (channel mask 0x3)
[2017.09.13-20.09.48:189][164]LogInit: FAudioDevice initialized.
[2017.09.13-20.09.48:276][164]LogLoad: Game class is 'GameMode'
[2017.09.13-20.09.48:278][164]LogWorld: Bringing World /Game/Assets/Mapt_data/Challenge_Levels/UEDPIE_0_Challange_L_1_0.Challange_L_1_0 up for play (max tick rate 0) at 2017.09.13-16.09.48
[2017.09.13-20.09.48:279][164]LogWorld: Bringing up level for play took: 0.002192
[2017.09.13-20.09.48:279][164]LogGameMode: Display: Match State Changed from EnteringMap to WaitingToStart
[2017.09.13-20.09.48:279][164]LogGameState: Match State Changed from EnteringMap to WaitingToStart
[2017.09.13-20.09.48:279][164]LogGameMode: Display: Match State Changed from WaitingToStart to InProgress
[2017.09.13-20.09.48:282][164]LogGameState: Match State Changed from WaitingToStart to InProgress
[2017.09.13-20.09.48:288][164]PIE: Play in editor start time for /Game/Assets/Mapt_data/Challenge_Levels/UEDPIE_0_Challange_L_1_0 0.088
[2017.09.13-20.13.20:895][531]LogPlayLevel: PlayLevel: No blueprints needed recompiling
[2017.09.13-20.13.20:896][531]PIE: New page: PIE session: Challange_L_1_0 (Sep 13, 2017, 12:13:20 PM)
[2017.09.13-20.13.20:896][531]LogPlayLevel: Creating play world package: /Game/Assets/Mapt_data/Challenge_Levels/UEDPIE_0_Challange_L_1_0
[2017.09.13-20.13.20:900][531]LogPlayLevel: PIE: StaticDuplicateObject took: (0.004282s)
[2017.09.13-20.13.20:900][531]LogAIModule: Creating AISystem for world Challange_L_1_0
[2017.09.13-20.13.20:901][531]LogPlayLevel: PIE: World Init took: (0.000695s)
[2017.09.13-20.13.20:901][531]LogPlayLevel: PIE: Created PIE world by copying editor world from /Game/Assets/Mapt_data/Challenge_Levels/Challange_L_1_0.Challange_L_1_0 to /Game/Assets/Mapt_data/Challenge_Levels/UEDPIE_0_Challange_L_1_0.Challange_L_1_0 (0.005220s)
[2017.09.13-20.13.20:925][531]LogInit: XAudio2 using 'REAL SPEAKERS!!!!!!!!!! (Realtek High Definition Audio)' : 2 channels at 48 kHz using 32 bits per sample (channel mask 0x3)
[2017.09.13-20.13.20:934][531]LogInit: FAudioDevice initialized.
[2017.09.13-20.13.21:004][531]LogLoad: Game class is 'GameMode'
[2017.09.13-20.13.21:006][531]LogWorld: Bringing World /Game/Assets/Mapt_data/Challenge_Levels/UEDPIE_0_Challange_L_1_0.Challange_L_1_0 up for play (max tick rate 0) at 2017.09.13-16.13.21
[2017.09.13-20.13.21:007][531]LogWorld: Bringing up level for play took: 0.002023
[2017.09.13-20.13.21:007][531]LogGameMode: Display: Match State Changed from EnteringMap to WaitingToStart
[2017.09.13-20.13.21:007][531]LogGameState: Match State Changed from EnteringMap to WaitingToStart
[2017.09.13-20.13.21:007][531]LogGameMode: Display: Match State Changed from WaitingToStart to InProgress
[2017.09.13-20.13.21:009][531]LogGameState: Match State Changed from WaitingToStart to InProgress
[2017.09.13-20.13.21:014][531]PIE: Play in editor start time for /Game/Assets/Mapt_data/Challenge_Levels/UEDPIE_0_Challange_L_1_0 0.814
