Log file open, 09/05/17 17:35:30
LogWindows: LoadLibraryWithSearchPaths failed for file aqProf.dll. GetLastError=0
LogWindows: LoadLibraryWithSearchPaths failed for file VtuneApi.dll. GetLastError=0
LogWindows: LoadLibraryWithSearchPaths failed for file VtuneApi32e.dll. GetLastError=0
LogInit: Display: Running engine for game: PlanX
LogPlatformFile: Not using cached read wrapper
LogInit: Display: RandInit(-1537785486) SRandInit(-1537785486).
LogTaskGraph: Started task graph with 5 named threads and 14 total threads with 3 sets of task threads.
LogStats: Stats thread started at 0.175121
LogD3D11RHI: Aftermath initialized
LogPluginManager: Mounting plugin LightPropagationVolume
LogPluginManager: Mounting plugin CodeLiteSourceCodeAccess
LogPluginManager: Mounting plugin GitSourceControl
LogPluginManager: Mounting plugin KDevelopSourceCodeAccess
LogPluginManager: Mounting plugin NullSourceCodeAccess
LogPluginManager: Mounting plugin PerforceSourceControl
LogPluginManager: Mounting plugin SubversionSourceControl
LogPluginManager: Mounting plugin UObjectPlugin
LogPluginManager: Mounting plugin VisualStudioSourceCodeAccess
LogPluginManager: Mounting plugin XCodeSourceCodeAccess
LogPluginManager: Mounting plugin AssetManagerEditor
LogPluginManager: Mounting plugin AudioCapture
LogPluginManager: Mounting plugin FacialAnimation
LogPluginManager: Mounting plugin GameplayTagsEditor
LogPluginManager: Mounting plugin MobileLauncherProfileWizard
LogPluginManager: Mounting plugin PluginBrowser
LogPluginManager: Mounting plugin SpeedTreeImporter
LogPluginManager: Mounting plugin AlembicImporter
LogPluginManager: Mounting plugin CharacterAI
LogPluginManager: Mounting plugin HTML5Networking
LogPluginManager: Mounting plugin AndroidMedia
LogPluginManager: Mounting plugin AvfMedia
LogPluginManager: Mounting plugin MediaPlayerEditor
LogPluginManager: Mounting plugin WmfMedia
LogPluginManager: Mounting plugin TcpMessaging
LogPluginManager: Mounting plugin UdpMessaging
LogPluginManager: Mounting plugin LevelSequenceEditor
LogPluginManager: Mounting plugin MatineeToLevelSequence
LogPluginManager: Mounting plugin OnlineSubsystemGooglePlay
LogPluginManager: Mounting plugin OnlineSubsystemIOS
LogPluginManager: Mounting plugin OnlineSubsystem
LogPluginManager: Mounting plugin OnlineSubsystemNull
LogPluginManager: Mounting plugin OnlineSubsystemUtils
LogPluginManager: Mounting plugin AndroidDeviceProfileSelector
LogPluginManager: Mounting plugin AndroidMoviePlayer
LogPluginManager: Mounting plugin AndroidPermission
LogPluginManager: Mounting plugin AppleMoviePlayer
LogPluginManager: Mounting plugin ArchVisCharacter
LogPluginManager: Mounting plugin CableComponent
LogPluginManager: Mounting plugin CustomMeshComponent
LogPluginManager: Mounting plugin ExampleDeviceProfileSelector
LogPluginManager: Mounting plugin GoogleCloudMessaging
LogPluginManager: Mounting plugin ImmediatePhysics
LogPluginManager: Mounting plugin IOSDeviceProfileSelector
LogPluginManager: Mounting plugin LinuxDeviceProfileSelector
LogPluginManager: Mounting plugin LocationServicesBPLibrary
LogPluginManager: Mounting plugin MobilePatchingUtils
LogPluginManager: Mounting plugin Ansel
LogPluginManager: Mounting plugin OculusVR
LogPluginManager: Mounting plugin PhysXVehicles
LogPluginManager: Mounting plugin ProceduralMeshComponent
LogPluginManager: Mounting plugin RuntimePhysXCooking
LogPluginManager: Mounting plugin SteamVR
LogPluginManager: Mounting plugin WindowsMoviePlayer
LogInit: Using libcurl 7.47.1
LogInit:  - built for x86_64-pc-win32
LogInit:  - supports SSL with OpenSSL/1.0.2g
LogInit:  - supports HTTP deflate (compression) using libz 1.2.8
LogInit:  - other features:
LogInit:      CURL_VERSION_SSL
LogInit:      CURL_VERSION_LIBZ
LogInit:      CURL_VERSION_IPV6
LogInit:      CURL_VERSION_ASYNCHDNS
LogInit:      CURL_VERSION_LARGEFILE
LogInit:      CURL_VERSION_IDN
LogInit:  CurlRequestOptions (configurable via config and command line):
LogInit:  - bVerifyPeer = false  - Libcurl will NOT verify peer certificate
LogInit:  - bUseHttpProxy = false  - Libcurl will NOT use HTTP proxy
LogInit:  - bDontReuseConnections = false  - Libcurl will reuse connections
LogInit:  - CertBundlePath = nullptr  - Libcurl will use whatever was configured at build time.
LogInit: Build: ++UE4+Release-4.17-CL-3586342
LogInit: Engine Version: 4.17.1-3586342+++UE4+Release-4.17
LogInit: Compatible Engine Version: 4.17.0-3573198+++UE4+Release-4.17
LogInit: Net CL: 3573198
LogDevObjectVersion: Number of dev versions registered: 16
LogDevObjectVersion:   Dev-Blueprints (B0D832E4-1F89-4F0D-ACCF-7EB736FD4AA2): 10
LogDevObjectVersion:   Dev-Build (E1C64328-A22C-4D53-A36C-8E866417BD8C): 0
LogDevObjectVersion:   Dev-Core (375EC13C-06E4-48FB-B500-84F0262A717E): 2
LogDevObjectVersion:   Dev-Editor (E4B068ED-F494-42E9-A231-DA0B2E46BB41): 20
LogDevObjectVersion:   Dev-Framework (CFFC743F-43B0-4480-9391-14DF171D2073): 28
LogDevObjectVersion:   Dev-Mobile (B02B49B5-BB20-44E9-A304-32B752E40360): 0
LogDevObjectVersion:   Dev-Networking (A4E4105C-59A1-49B5-A7C5-40C4547EDFEE): 0
LogDevObjectVersion:   Dev-Online (39C831C9-5AE6-47DC-9A44-9C173E1C8E7C): 0
LogDevObjectVersion:   Dev-Physics (78F01B33-EBEA-4F98-B9B4-84EACCB95AA2): 0
LogDevObjectVersion:   Dev-Platform (6631380F-2D4D-43E0-8009-CF276956A95A): 0
LogDevObjectVersion:   Dev-Rendering (12F88B9F-8875-4AFC-A67C-D90C383ABD29): 19
LogDevObjectVersion:   Dev-Sequencer (7B5AE74C-D270-4C10-A958-57980B212A5A): 4
LogDevObjectVersion:   Dev-VR (D7296918-1DD6-4BDD-9DE2-64A83CC13884): 0
LogDevObjectVersion:   Dev-LoadTimes (C2A15278-BFE7-4AFE-6C17-90FF531DF755): 1
LogDevObjectVersion:   Private-Geometry (6EACA3D4-40EC-4CC1-B786-8BED09428FC5): 1
LogDevObjectVersion:   Dev-AnimPhys (29E575DD-E0A3-4627-9D10-D276232CDCEA): 7
LogInit: Compiled (64-bit): Aug 15 2017 02:05:26
LogInit: Compiled with Visual C++: 19.00.24215.01
LogInit: Build Configuration: Development
LogInit: Branch Name: ++UE4+Release-4.17
LogInit: Command line:  /Temp/Autosaves/Game/VirtualRealityBP/Maps/UEDPCMotionControllerMap -game -PIEVIACONSOLE -ResX=1280 -ResY=720  -Multiprocess -messaging -SessionName="Play in Standalone Game" -nohmd -windowed 
LogInit: Base directory: Q:/Unreal Engine/UE_4.17/Engine/Binaries/Win64/
LogInit: Installed Engine Build: 1
LogInit: Presizing for max 8388607 objects, including 0 objects not considered by GC, pre-allocating 0 bytes for permanent pool.
LogInit: Object subsystem initialized
[2017.09.05-21.35.31:538][  0]LogInit: Selected Device Profile: [Windows]
[2017.09.05-21.35.31:538][  0]LogInit: Applying CVar settings loaded from the selected device profile: [Windows]
[2017.09.05-21.35.31:543][  0]LogInit: Computer: DAWN
[2017.09.05-21.35.31:543][  0]LogInit: User: RobertForbes
[2017.09.05-21.35.31:543][  0]LogInit: CPU Page size=4096, Cores=4
[2017.09.05-21.35.31:543][  0]LogInit: High frequency timer resolution =3.417987 MHz
[2017.09.05-21.35.31:543][  0]LogMemory: Memory total: Physical=8.0GB (8GB approx)
[2017.09.05-21.35.31:543][  0]LogMemory: Platform Memory Stats for Windows
[2017.09.05-21.35.31:543][  0]LogMemory: Process Physical Memory: 278.89 MB used, 278.89 MB peak
[2017.09.05-21.35.31:543][  0]LogMemory: Process Virtual Memory: 282.34 MB used, 282.34 MB peak
[2017.09.05-21.35.31:543][  0]LogMemory: Physical Memory: 5898.24 MB used,  2245.61 MB free, 8143.85 MB total
[2017.09.05-21.35.31:543][  0]LogMemory: Virtual Memory: 676.32 MB used,  2245.61 MB free, 134217728.00 MB total
[2017.09.05-21.35.31:674][  0]LogInit: Using OS detected language (en-US).
[2017.09.05-21.35.31:674][  0]LogInit: Using OS detected locale (en-US).
[2017.09.05-21.35.31:679][  0]LogTextLocalizationManager: No specific localization for 'en-US' exists, so the 'en' localization will be used.
[2017.09.05-21.35.32:210][  0]LogD3D11RHI: D3D11 adapters:
[2017.09.05-21.35.32:780][  0]LogD3D11RHI:    0. 'NVIDIA GeForce GTX 970' (Feature Level 11_0)
[2017.09.05-21.35.32:780][  0]LogD3D11RHI:       4058/0/4071 MB DedicatedVideo/DedicatedSystem/SharedSystem, Outputs:2, VendorId:0x10de
[2017.09.05-21.35.32:782][  0]LogD3D11RHI:    1. 'Microsoft Basic Render Driver' (Feature Level 11_0)
[2017.09.05-21.35.32:782][  0]LogD3D11RHI:       0/0/4071 MB DedicatedVideo/DedicatedSystem/SharedSystem, Outputs:0, VendorId:0x1414
[2017.09.05-21.35.32:782][  0]LogD3D11RHI: Chosen D3D11 Adapter: 0
[2017.09.05-21.35.32:785][  0]LogD3D11RHI: Creating new Direct3DDevice
[2017.09.05-21.35.32:785][  0]LogD3D11RHI:     GPU DeviceId: 0x13c2 (for the marketing name, search the web for "GPU Device Id")
[2017.09.05-21.35.32:785][  0]LogWindows: EnumDisplayDevices:
[2017.09.05-21.35.32:786][  0]LogWindows:    0. 'NVIDIA GeForce GTX 970' (P:0 D:1)
[2017.09.05-21.35.32:786][  0]LogWindows:    1. 'NVIDIA GeForce GTX 970' (P:1 D:1)
[2017.09.05-21.35.32:786][  0]LogWindows:    2. 'NVIDIA GeForce GTX 970' (P:0 D:0)
[2017.09.05-21.35.32:786][  0]LogWindows:    3. 'NVIDIA GeForce GTX 970' (P:0 D:0)
[2017.09.05-21.35.32:786][  0]LogWindows: DebugString: FoundDriverCount:4 
[2017.09.05-21.35.32:786][  0]LogD3D11RHI:     Adapter Name: NVIDIA GeForce GTX 970
[2017.09.05-21.35.32:786][  0]LogD3D11RHI:   Driver Version: 385.41 (internal:22.21.13.8541, unified:385.41)
[2017.09.05-21.35.32:786][  0]LogD3D11RHI:      Driver Date: 8-21-2017
[2017.09.05-21.35.32:786][  0]LogRHI: Texture pool is 1361 MB (70% of 1945 MB)
[2017.09.05-21.35.33:335][  0]LogD3D11RHI: Async texture creation enabled
[2017.09.05-21.35.33:377][  0]LogD3D11RHI: GPU Timing Frequency: 1000.000000 (Debug: 2 1)
[2017.09.05-21.35.33:380][  0]LogShaderCompilers: Guid format shader working directory is 11 characters bigger than the processId version (../../../../../Unreal Projects/Plan-X/PlanX/Intermediate/Shaders/WorkingDirectory/7708/).
[2017.09.05-21.35.33:380][  0]LogShaderCompilers: Cleaned the shader compiler working directory 'C:/Users/Robert Forbes/AppData/Local/Temp/UnrealShaderWorkingDir/85D3455F4AE7251028EA4C96816E8367/'.
[2017.09.05-21.35.33:380][  0]LogShaderCompilers: Display: Using Local Shader Compiler.
[2017.09.05-21.35.34:229][  0]LogTemp: Display: Loaded TP WindowsClientTargetPlatform
[2017.09.05-21.35.34:271][  0]LogTemp: Display: Loaded TP WindowsNoEditorTargetPlatform
[2017.09.05-21.35.34:315][  0]LogTemp: Display: Loaded TP WindowsServerTargetPlatform
[2017.09.05-21.35.34:356][  0]LogTemp: Display: Loaded TP WindowsTargetPlatform
[2017.09.05-21.35.34:356][  0]LogTargetPlatformManager: Display: Building Assets For Windows
[2017.09.05-21.35.34:710][  0]LogDerivedDataCache: Display: Max Cache Size: 512 MB
[2017.09.05-21.35.34:800][  0]LogDerivedDataCache: Loaded boot cache 0.09s 106MB C:/Users/Robert Forbes/AppData/Local/UnrealEngine/4.17/DerivedDataCache/Boot.ddc.
[2017.09.05-21.35.34:800][  0]LogDerivedDataCache: Display: Loaded Boot cache: C:/Users/Robert Forbes/AppData/Local/UnrealEngine/4.17/DerivedDataCache/Boot.ddc
[2017.09.05-21.35.34:800][  0]LogDerivedDataCache: FDerivedDataBackendGraph:  Pak pak cache file ../../../../../Unreal Projects/Plan-X/PlanX/DerivedDataCache/DDC.ddp not found, will not use a pak cache.
[2017.09.05-21.35.34:800][  0]LogDerivedDataCache: Unable to find inner node Pak for hierarchical cache Hierarchy.
[2017.09.05-21.35.34:800][  0]LogDerivedDataCache: FDerivedDataBackendGraph:  CompressedPak pak cache file ../../../../../Unreal Projects/Plan-X/PlanX/DerivedDataCache/Compressed.ddp not found, will not use a pak cache.
[2017.09.05-21.35.34:800][  0]LogDerivedDataCache: Unable to find inner node CompressedPak for hierarchical cache Hierarchy.
[2017.09.05-21.35.34:818][  0]LogDerivedDataCache: Display: Pak cache opened for reading ../../../Engine/DerivedDataCache/Compressed.ddp.
[2017.09.05-21.35.34:829][  0]LogDerivedDataCache: Using Local data cache path C:/Users/Robert Forbes/AppData/Local/UnrealEngine/Common/DerivedDataCache: Writable
[2017.09.05-21.35.34:839][  0]LogMaterial: Verifying Global Shaders for PCD3D_SM5
[2017.09.05-21.35.34:839][  0]LogSlate: Using Freetype 2.6.0
[2017.09.05-21.35.34:840][  0]LogSlate: SlateFontCache - WITH_FREETYPE: 1, WITH_HARFBUZZ: 1
[2017.09.05-21.35.34:840][  0]LogSlate: SlateFontCache - WITH_FREETYPE: 1, WITH_HARFBUZZ: 1
[2017.09.05-21.35.35:124][  0]LogAssetRegistry: FAssetRegistry took 0.0042 seconds to start up
[2017.09.05-21.35.35:151][  0]LogPackageLocalizationCache: Processed 4 localized package path(s) for 2 prioritized culture(s) in 0.009685 seconds
[2017.09.05-21.35.35:231][  0]LogInit: Selected Device Profile: [Windows]
[2017.09.05-21.35.35:516][  0]LogSimplygon: Simplygon DLL not present - disabling.
[2017.09.05-21.35.35:547][  0]LogMeshReduction: Using SimplygonSwarm for distributed automatic mesh merging
[2017.09.05-21.35.35:547][  0]LogMeshReduction: Using QuadricMeshReduction for automatic static mesh reduction
[2017.09.05-21.35.35:547][  0]LogMeshReduction: No automatic skeletal mesh reduction module available
[2017.09.05-21.35.35:547][  0]LogMeshReduction: No automatic mesh merging module available
[2017.09.05-21.35.35:547][  0]LogMeshMerging: No automatic mesh merging module available
[2017.09.05-21.35.35:563][  0]LogContentStreaming: Texture pool size is 1000.00 MB
[2017.09.05-21.35.35:932][  0]LogNetVersion: PlanX , NetCL: 3573198, EngineNetVer: 2, GameNetVer: 0 (Checksum: 4232075429)
[2017.09.05-21.35.36:080][  0]LogInit: WinSock: version 1.1 (2.2), MaxSocks=32767, MaxUdp=65467
[2017.09.05-21.35.37:017][  0]LogMoviePlayer: Initializing movie player
[2017.09.05-21.35.37:092][  0]LogWindowsTextInputMethodSystem: Display: IME system now deactivated.
[2017.09.05-21.35.37:282][  0]LogCollectionManager: Loaded 0 collections in 0.001522 seconds
[2017.09.05-21.35.37:329][  0]LogFileCache: Scanning file cache for directory 'Q:/Unreal Projects/Plan-X/PlanX/Saved/Collections/' took 0.01s
[2017.09.05-21.35.37:329][  0]LogFileCache: Scanning file cache for directory 'Q:/Unreal Projects/Plan-X/PlanX/Content/Developers/RobertForbes/Collections/' took 0.01s
[2017.09.05-21.35.37:329][  0]LogFileCache: Scanning file cache for directory 'Q:/Unreal Projects/Plan-X/PlanX/Content/Collections/' took 0.01s
[2017.09.05-21.35.37:329][  0]LogCollectionManager: Rebuilt the object cache for 0 collections in 0.000001 seconds (found 0 objects)
[2017.09.05-21.35.37:329][  0]LogCollectionManager: Fixed up redirectors for 0 collections in 0.000064 seconds (updated 0 objects)
[2017.09.05-21.35.37:467][  0]LogTcpMessaging: Initializing TcpMessaging bridge
[2017.09.05-21.35.37:500][  0]LogUdpMessaging: Initializing bridge on interface 0.0.0.0:0 to multicast group 230.0.0.1:6666.
[2017.09.05-21.35.37:916][  0]SourceControl: Source control is disabled
[2017.09.05-21.35.37:916][  0]SourceControl: Source control is disabled
[2017.09.05-21.35.37:955][  0]SourceControl: Source control is disabled
[2017.09.05-21.35.38:167][  0]LogAndroidPermission: UAndroidPermissionCallbackProxy::GetInstance
[2017.09.05-21.35.38:367][  0]LogAnsel: Tried to load ../../../Engine/Plugins/Runtime/Nvidia/Ansel/Binaries/ThirdParty/AnselSDK64.dll : success=1
[2017.09.05-21.35.38:409][  0]LogOcInput: OculusInput pre-init called
[2017.09.05-21.35.38:498][  0]LogUObjectArray: 38118 objects as part of root set at end of initial load.
[2017.09.05-21.35.38:498][  0]LogUObjectAllocator: 8316768 out of 0 bytes used by permanent object pool.
[2017.09.05-21.35.38:498][  0]LogUObjectArray: CloseDisregardForGC: 0/0 objects in disregard for GC pool
[2017.09.05-21.35.38:591][  0]LogEngine: Initializing Engine...
[2017.09.05-21.35.38:779][  0]LogStats: UGameplayTagsManager::ConstructGameplayTagTree: Construct from data asset -  0.000 s
[2017.09.05-21.35.38:780][  0]LogStats: UGameplayTagsManager::ConstructGameplayTagTree: GameplayTagTreeChangedEvent.Broadcast -  0.000 s
[2017.09.05-21.35.38:803][  0]LogInit: XAudio2 using 'REAL SPEAKERS!!!!!!!!!! (Realtek High Definition Audio)' : 2 channels at 48 kHz using 32 bits per sample (channel mask 0x3)
[2017.09.05-21.35.38:818][  0]LogInit: FAudioDevice initialized.
[2017.09.05-21.35.38:849][  0]LogInit: Texture streaming: Enabled
[2017.09.05-21.35.38:881][  0]LogMaterial: Uniform references updated for custom material expression Custom.
[2017.09.05-21.35.39:084][  0]LogSlateStyle: Warning: Unable to find Slate Widget Style 'NormalText'. Using FTextBlockStyle defaults instead.
[2017.09.05-21.35.39:084][  0]LogSlateStyle: Warning: Unable to find Slate Widget Style 'SpinBox'. Using FSpinBoxStyle defaults instead.
[2017.09.05-21.35.39:257][  0]LogInit: Display: Game Engine Initialized.
[2017.09.05-21.35.39:257][  0]LogGameplayTags: Display: UGameplayTagsManager::DoneAddingNativeTags. DelegateIsBound: 0
[2017.09.05-21.35.39:398][  0]LogInit: Display: Starting Game.
[2017.09.05-21.35.39:412][  0]LogNet: Browse: /Temp/Autosaves/Game/VirtualRealityBP/Maps/UEDPCMotionControllerMap?Name=Player
[2017.09.05-21.35.39:414][  0]LogLoad: LoadMap: /Temp/Autosaves/Game/VirtualRealityBP/Maps/UEDPCMotionControllerMap?Name=Player
[2017.09.05-21.35.39:442][  0]LogMemory: Platform Memory Stats for Windows
[2017.09.05-21.35.39:442][  0]LogMemory: Process Physical Memory: 834.93 MB used, 973.34 MB peak
[2017.09.05-21.35.39:442][  0]LogMemory: Process Virtual Memory: 967.04 MB used, 1058.72 MB peak
[2017.09.05-21.35.39:442][  0]LogMemory: Physical Memory: 6359.01 MB used,  1784.84 MB free, 8143.85 MB total
[2017.09.05-21.35.39:442][  0]LogMemory: Virtual Memory: 1589.73 MB used,  1784.84 MB free, 134217728.00 MB total
[2017.09.05-21.35.39:442][  0]LogMemory: 
[2017.09.05-21.35.39:442][  0]Allocator Stats for TBB: (not implemented)
[2017.09.05-21.35.39:916][  0]LogAIModule: Creating AISystem for world MotionControllerMap
[2017.09.05-21.35.39:917][  0]LogLoad: Game class is 'GameMode'
[2017.09.05-21.35.39:923][  0]LogWorld: Bringing World /Temp/Autosaves/Game/VirtualRealityBP/Maps/UEDPCMotionControllerMap.MotionControllerMap up for play (max tick rate 0) at 2017.09.05-17.35.39
[2017.09.05-21.35.39:924][  0]LogWorld: Bringing up level for play took: 0.006420
[2017.09.05-21.35.39:925][  0]LogGameMode: Display: Match State Changed from EnteringMap to WaitingToStart
[2017.09.05-21.35.39:925][  0]LogGameState: Match State Changed from EnteringMap to WaitingToStart
[2017.09.05-21.35.39:925][  0]LogGameMode: Display: Match State Changed from WaitingToStart to InProgress
[2017.09.05-21.35.39:927][  0]LogGameState: Match State Changed from WaitingToStart to InProgress
[2017.09.05-21.35.39:933][  0]LogLoad: Took 0.519797 seconds to LoadMap(/Temp/Autosaves/Game/VirtualRealityBP/Maps/UEDPCMotionControllerMap)
[2017.09.05-21.35.40:093][  0]LogRenderer: Reallocating scene render targets to support 1280x720 Format 26 NumSamples 1 (Frame:1).
[2017.09.05-21.35.40:093][  0]LogLoad: (Engine Initialization) Total time: 10.26 seconds
[2017.09.05-21.35.40:093][  0]LogLoad: (Engine Initialization) Total Blueprint compile time: 0.00 seconds
[2017.09.05-21.35.40:093][  0]LogExternalProfiler: Found external profiler: VSPerf
[2017.09.05-21.35.40:093][  0]LogExternalProfiler: Using external profiler: VSPerf
[2017.09.05-21.35.40:112][  0]LogAnsel: We reckon 0.010000 meters to 1 world unit
[2017.09.05-21.35.56:525][  3]LogWindowsTextInputMethodSystem: Display: IME system now deactivated.
[2017.09.05-21.35.56:528][  3]LogEngine: All Windows Closed
[2017.09.05-21.35.56:528][  3]LogWindows: FPlatformMisc::RequestExit(0)
[2017.09.05-21.35.56:603][  4]LogExit: Preparing to exit.
[2017.09.05-21.35.56:603][  4]LogMoviePlayer: Shutting down movie player
[2017.09.05-21.35.57:670][  4]LogExit: Game engine shut down
[2017.09.05-21.35.57:735][  4]LogExit: Object subsystem successfully closed.
[2017.09.05-21.35.57:747][  4]LogD3D11RHI: Shutdown
[2017.09.05-21.35.57:747][  4]LogD3D11RHI: CleanupD3DDevice
[2017.09.05-21.35.57:749][  4]LogD3D11RHI: ~FD3D11DynamicRHI
[2017.09.05-21.35.57:753][  4]LogModuleManager: Shutting down and abandoning module SequenceRecorderSections (304)
[2017.09.05-21.35.57:753][  4]LogModuleManager: Shutting down and abandoning module SequenceRecorder (302)
[2017.09.05-21.35.57:753][  4]LogModuleManager: Shutting down and abandoning module AutomationController (300)
[2017.09.05-21.35.57:753][  4]LogModuleManager: Shutting down and abandoning module AutomationWorker (298)
[2017.09.05-21.35.57:753][  4]LogModuleManager: Shutting down and abandoning module AIModule (296)
[2017.09.05-21.35.57:753][  4]LogModuleManager: Shutting down and abandoning module GameplayDebugger (295)
[2017.09.05-21.35.57:753][  4]LogModuleManager: Shutting down and abandoning module AITestSuite (293)
[2017.09.05-21.35.57:753][  4]LogModuleManager: Shutting down and abandoning module WmfMediaFactory (290)
[2017.09.05-21.35.57:753][  4]LogModuleManager: Shutting down and abandoning module AvfMediaFactory (288)
[2017.09.05-21.35.57:753][  4]LogModuleManager: Shutting down and abandoning module AndroidMediaFactory (286)
[2017.09.05-21.35.57:753][  4]LogModuleManager: Shutting down and abandoning module Media (285)
[2017.09.05-21.35.57:753][  4]LogModuleManager: Shutting down and abandoning module CharacterAI (282)
[2017.09.05-21.35.57:753][  4]LogModuleManager: Shutting down and abandoning module SessionServices (280)
[2017.09.05-21.35.57:753][  4]LogModuleManager: Shutting down and abandoning module MovieSceneCapture (278)
[2017.09.05-21.35.57:753][  4]LogModuleManager: Shutting down and abandoning module MovieSceneTracks (276)
[2017.09.05-21.35.57:753][  4]LogModuleManager: Shutting down and abandoning module MovieScene (274)
[2017.09.05-21.35.57:754][  4]LogModuleManager: Shutting down and abandoning module GeometryCache (272)
[2017.09.05-21.35.57:754][  4]LogModuleManager: Shutting down and abandoning module GeometryCacheEd (271)
[2017.09.05-21.35.57:754][  4]LogModuleManager: Shutting down and abandoning module Niagara (268)
[2017.09.05-21.35.57:754][  4]LogModuleManager: Shutting down and abandoning module NiagaraEditor (267)
[2017.09.05-21.35.57:754][  4]LogModuleManager: Shutting down and abandoning module StreamingPauseRendering (264)
[2017.09.05-21.35.57:754][  4]LogModuleManager: Shutting down and abandoning module PortalServices (262)
[2017.09.05-21.35.57:754][  4]LogModuleManager: Shutting down and abandoning module PortalRpc (260)
[2017.09.05-21.35.57:754][  4]LogModuleManager: Shutting down and abandoning module MessagingRpc (258)
[2017.09.05-21.35.57:754][  4]LogModuleManager: Shutting down and abandoning module ProfilerService (256)
[2017.09.05-21.35.57:829][  4]LogModuleManager: Shutting down and abandoning module TaskGraph (254)
[2017.09.05-21.35.57:830][  4]LogModuleManager: Shutting down and abandoning module SteamVRController (252)
[2017.09.05-21.35.57:830][  4]LogModuleManager: Shutting down and abandoning module ProceduralMeshComponent (250)
[2017.09.05-21.35.57:830][  4]LogModuleManager: Shutting down and abandoning module OculusInput (248)
[2017.09.05-21.35.57:830][  4]LogModuleManager: Shutting down and abandoning module Ansel (246)
[2017.09.05-21.35.57:830][  4]LogModuleManager: Shutting down and abandoning module MobilePatchingUtils (244)
[2017.09.05-21.35.57:830][  4]LogModuleManager: Shutting down and abandoning module CustomMeshComponent (242)
[2017.09.05-21.35.57:830][  4]LogModuleManager: Shutting down and abandoning module CableComponent (240)
[2017.09.05-21.35.57:830][  4]LogModuleManager: Shutting down and abandoning module ArchVisCharacter (238)
[2017.09.05-21.35.57:830][  4]LogModuleManager: Shutting down and abandoning module AndroidPermission (236)
[2017.09.05-21.35.57:830][  4]LogModuleManager: Shutting down and abandoning module HTML5Networking (232)
[2017.09.05-21.35.57:830][  4]LogModuleManager: Shutting down and abandoning module VisualStudioSourceCodeAccess (230)
[2017.09.05-21.35.57:830][  4]LogModuleManager: Shutting down and abandoning module DesktopPlatform (229)
[2017.09.05-21.35.57:830][  4]LogModuleManager: Shutting down and abandoning module HotReload (227)
[2017.09.05-21.35.57:830][  4]LogModuleManager: Shutting down and abandoning module UObjectPlugin (224)
[2017.09.05-21.35.57:830][  4]LogModuleManager: Shutting down and abandoning module SubversionSourceControl (222)
[2017.09.05-21.35.57:830][  4]LogModuleManager: Shutting down and abandoning module PerforceSourceControl (220)
[2017.09.05-21.35.57:830][  4]LogModuleManager: Shutting down and abandoning module SourceControl (219)
[2017.09.05-21.35.57:830][  4]LogModuleManager: Shutting down and abandoning module RuntimePhysXCooking (216)
[2017.09.05-21.35.57:830][  4]LogModuleManager: Shutting down and abandoning module PhysXVehiclesEditor (214)
[2017.09.05-21.35.57:830][  4]LogModuleManager: Shutting down and abandoning module PhysXVehicles (212)
[2017.09.05-21.35.57:830][  4]LogModuleManager: Shutting down and abandoning module LocationServicesBPLibrary (210)
[2017.09.05-21.35.57:830][  4]LogModuleManager: Shutting down and abandoning module ImmediatePhysicsEditor (208)
[2017.09.05-21.35.57:830][  4]LogModuleManager: Shutting down and abandoning module ImmediatePhysics (206)
[2017.09.05-21.35.57:830][  4]LogModuleManager: Shutting down and abandoning module UdpMessaging (204)
[2017.09.05-21.35.57:931][  4]LogModuleManager: Shutting down and abandoning module TcpMessaging (202)
[2017.09.05-21.35.58:477][  4]LogModuleManager: Shutting down and abandoning module GameplayTagsEditor (200)
[2017.09.05-21.35.58:477][  4]LogModuleManager: Shutting down and abandoning module FacialAnimation (198)
[2017.09.05-21.35.58:478][  4]LogModuleManager: Shutting down and abandoning module AssetManagerEditor (196)
[2017.09.05-21.35.58:478][  4]LogModuleManager: Shutting down and abandoning module GraphEditor (195)
[2017.09.05-21.35.58:478][  4]LogModuleManager: Shutting down and abandoning module ContentBrowser (193)
[2017.09.05-21.35.58:478][  4]LogModuleManager: Shutting down and abandoning module CollectionManager (192)
[2017.09.05-21.35.58:478][  4]LogDirectoryWatcher: A directory notification for 'Q:/Unreal Projects/Plan-X/PlanX/Content/Collections/' was aborted.
[2017.09.05-21.35.58:478][  4]LogDirectoryWatcher: A directory notification for 'Q:/Unreal Projects/Plan-X/PlanX/Content/Developers/RobertForbes/Collections/' was aborted.
[2017.09.05-21.35.58:478][  4]LogDirectoryWatcher: A directory notification for 'Q:/Unreal Projects/Plan-X/PlanX/Saved/Collections/' was aborted.
[2017.09.05-21.35.58:478][  4]LogModuleManager: Shutting down and abandoning module DirectoryWatcher (191)
[2017.09.05-21.35.58:479][  4]LogModuleManager: Shutting down and abandoning module LightPropagationVolumeRuntime (186)
[2017.09.05-21.35.58:479][  4]LogModuleManager: Shutting down and abandoning module WindowsMoviePlayer (184)
[2017.09.05-21.35.58:479][  4]LogModuleManager: Shutting down and abandoning module WmfMedia (182)
[2017.09.05-21.35.58:479][  4]LogModuleManager: Shutting down and abandoning module PacketHandler (180)
[2017.09.05-21.35.58:479][  4]LogModuleManager: Shutting down and abandoning module ClothingSystemEditor (178)
[2017.09.05-21.35.58:479][  4]LogModuleManager: Shutting down and abandoning module ClothingSystemRuntime (176)
[2017.09.05-21.35.58:479][  4]LogModuleManager: Shutting down and abandoning module Overlay (174)
[2017.09.05-21.35.58:479][  4]LogModuleManager: Shutting down and abandoning module OverlayEditor (173)
[2017.09.05-21.35.58:479][  4]LogModuleManager: Shutting down and abandoning module MediaAssets (170)
[2017.09.05-21.35.58:479][  4]LogModuleManager: Shutting down and abandoning module VREditor (168)
[2017.09.05-21.35.58:479][  4]LogModuleManager: Shutting down and abandoning module StringTableEditor (166)
[2017.09.05-21.35.58:479][  4]LogModuleManager: Shutting down and abandoning module GameplayTasksEditor (164)
[2017.09.05-21.35.58:479][  4]LogModuleManager: Shutting down and abandoning module BehaviorTreeEditor (162)
[2017.09.05-21.35.58:479][  4]LogModuleManager: Shutting down and abandoning module FunctionalTesting (160)
[2017.09.05-21.35.58:479][  4]LogModuleManager: Shutting down and abandoning module CollisionAnalyzer (158)
[2017.09.05-21.35.58:479][  4]LogModuleManager: Shutting down and abandoning module WorkspaceMenuStructure (157)
[2017.09.05-21.35.58:479][  4]LogModuleManager: Shutting down and abandoning module UMG (154)
[2017.09.05-21.35.58:479][  4]LogModuleManager: Shutting down and abandoning module UMGEditor (153)
[2017.09.05-21.35.58:479][  4]LogModuleManager: Shutting down and abandoning module Sequencer (152)
[2017.09.05-21.35.58:479][  4]LogModuleManager: Shutting down and abandoning module MessageLog (149)
[2017.09.05-21.35.58:480][  4]LogModuleManager: Shutting down and abandoning module SlateReflector (144)
[2017.09.05-21.35.58:480][  4]LogModuleManager: Shutting down and abandoning module Slate (142)
[2017.09.05-21.35.58:480][  4]LogModuleManager: Shutting down and abandoning module EditorStyle (140)
[2017.09.05-21.35.58:481][  4]LogModuleManager: Shutting down and abandoning module MRMesh (138)
[2017.09.05-21.35.58:481][  4]LogModuleManager: Shutting down and abandoning module Messaging (136)
[2017.09.05-21.35.58:481][  4]LogModuleManager: Shutting down and abandoning module SourceCodeAccess (134)
[2017.09.05-21.35.58:481][  4]LogModuleManager: Shutting down and abandoning module HeadMountedDisplay (132)
[2017.09.05-21.35.58:481][  4]LogModuleManager: Shutting down and abandoning module XAudio2 (130)
[2017.09.05-21.35.58:481][  4]LogModuleManager: Shutting down and abandoning module Networking (128)
[2017.09.05-21.35.58:481][  4]LogModuleManager: Shutting down and abandoning module Core (124)
[2017.09.05-21.35.58:481][  4]LogModuleManager: Shutting down and abandoning module KismetCompiler (122)
[2017.09.05-21.35.58:481][  4]LogModuleManager: Shutting down and abandoning module LevelSequence (120)
[2017.09.05-21.35.58:481][  4]LogModuleManager: Shutting down and abandoning module MeshUtilities (118)
[2017.09.05-21.35.58:481][  4]LogModuleManager: Shutting down and abandoning module MeshMergeUtilities (117)
[2017.09.05-21.35.58:481][  4]LogModuleManager: Shutting down and abandoning module MeshReductionInterface (116)
[2017.09.05-21.35.58:481][  4]LogModuleManager: Shutting down and abandoning module SimplygonSwarm (115)
[2017.09.05-21.35.58:481][  4]LogModuleManager: Shutting down and abandoning module SimplygonMeshReduction (113)
[2017.09.05-21.35.58:481][  4]LogModuleManager: Shutting down and abandoning module QuadricMeshReduction (111)
[2017.09.05-21.35.58:481][  4]LogModuleManager: Shutting down and abandoning module MaterialBaking (107)
[2017.09.05-21.35.58:481][  4]LogModuleManager: Shutting down and abandoning module DerivedDataCache (102)
[2017.09.05-21.35.58:843][  4]LogDerivedDataCache: Shutdown
[2017.09.05-21.35.58:843][  4]LogModuleManager: Shutting down and abandoning module TargetPlatform (100)
[2017.09.05-21.35.58:843][  4]LogModuleManager: Shutting down and abandoning module VulkanShaderFormat (99)
[2017.09.05-21.35.58:843][  4]LogModuleManager: Shutting down and abandoning module ShaderFormatVectorVM (97)
[2017.09.05-21.35.58:843][  4]LogModuleManager: Shutting down and abandoning module ShaderFormatOpenGL (95)
[2017.09.05-21.35.58:843][  4]LogModuleManager: Shutting down and abandoning module ShaderFormatD3D (93)
[2017.09.05-21.35.58:843][  4]LogModuleManager: Shutting down and abandoning module MetalShaderFormat (91)
[2017.09.05-21.35.58:843][  4]LogModuleManager: Shutting down and abandoning module TextureFormatUncompressed (89)
[2017.09.05-21.35.58:843][  4]LogModuleManager: Shutting down and abandoning module TextureFormatPVR (87)
[2017.09.05-21.35.58:843][  4]LogModuleManager: Shutting down and abandoning module TextureFormatDXT (85)
[2017.09.05-21.35.58:843][  4]LogModuleManager: Shutting down and abandoning module TextureFormatIntelISPCTexComp (83)
[2017.09.05-21.35.58:843][  4]LogModuleManager: Shutting down and abandoning module TextureFormatASTC (81)
[2017.09.05-21.35.58:844][  4]LogModuleManager: Shutting down and abandoning module ImageWrapper (80)
[2017.09.05-21.35.58:844][  4]LogModuleManager: Shutting down and abandoning module TextureFormatAndroid (77)
[2017.09.05-21.35.58:844][  4]LogModuleManager: Shutting down and abandoning module AudioFormatOpus (75)
[2017.09.05-21.35.58:844][  4]LogModuleManager: Shutting down and abandoning module AudioFormatOgg (73)
[2017.09.05-21.35.58:844][  4]LogModuleManager: Shutting down and abandoning module AudioFormatADPCM (71)
[2017.09.05-21.35.58:844][  4]LogModuleManager: Shutting down and abandoning module WindowsTargetPlatform (69)
[2017.09.05-21.35.58:844][  4]LogModuleManager: Shutting down and abandoning module WindowsServerTargetPlatform (67)
[2017.09.05-21.35.58:844][  4]LogModuleManager: Shutting down and abandoning module WindowsNoEditorTargetPlatform (65)
[2017.09.05-21.35.58:844][  4]LogModuleManager: Shutting down and abandoning module WindowsClientTargetPlatform (63)
[2017.09.05-21.35.58:844][  4]LogModuleManager: Shutting down and abandoning module InputCore (60)
[2017.09.05-21.35.58:844][  4]LogModuleManager: Shutting down and abandoning module Settings (58)
[2017.09.05-21.35.58:844][  4]LogModuleManager: Shutting down and abandoning module PhysXCooking (56)
[2017.09.05-21.35.58:844][  4]LogModuleManager: Shutting down and abandoning module SteamVR (54)
[2017.09.05-21.35.58:844][  4]LogModuleManager: Shutting down and abandoning module OculusHMD (52)
[2017.09.05-21.35.58:844][  4]LogModuleManager: Shutting down and abandoning module ExampleDeviceProfileSelector (50)
[2017.09.05-21.35.58:844][  4]LogModuleManager: Shutting down and abandoning module OnlineBlueprintSupport (48)
[2017.09.05-21.35.58:844][  4]LogModuleManager: Shutting down and abandoning module OnlineSubsystem (44)
[2017.09.05-21.35.58:844][  4]LogOnline: Display: Unloading online subsystem: NULL
[2017.09.05-21.35.58:844][  4]LogModuleManager: Shutting down and abandoning module XMPP (43)
[2017.09.05-21.35.58:844][  4]LogModuleManager: Shutting down and abandoning module HTTP (41)
[2017.09.05-21.35.58:853][  4]LogModuleManager: Shutting down and abandoning module SSL (40)
[2017.09.05-21.35.58:854][  4]LogModuleManager: Shutting down and abandoning module AnimationModifiers (36)
[2017.09.05-21.35.58:854][  4]LogModuleManager: Shutting down and abandoning module PropertyEditor (35)
[2017.09.05-21.35.58:854][  4]LogModuleManager: Shutting down and abandoning module AudioEditor (32)
[2017.09.05-21.35.58:854][  4]LogModuleManager: Shutting down and abandoning module TextureCompressor (30)
[2017.09.05-21.35.58:854][  4]LogModuleManager: Shutting down and abandoning module ShaderCore (28)
[2017.09.05-21.35.58:854][  4]LogModuleManager: Shutting down and abandoning module Landscape (26)
[2017.09.05-21.35.58:854][  4]LogModuleManager: Shutting down and abandoning module SlateRHIRenderer (24)
[2017.09.05-21.35.58:855][  4]LogModuleManager: Shutting down and abandoning module OpenGLDrv (22)
[2017.09.05-21.35.58:855][  4]LogModuleManager: Shutting down and abandoning module D3D11RHI (20)
[2017.09.05-21.35.58:855][  4]LogModuleManager: Shutting down and abandoning module AnimGraphRuntime (18)
[2017.09.05-21.35.58:855][  4]LogModuleManager: Shutting down and abandoning module Renderer (16)
[2017.09.05-21.35.58:855][  4]LogModuleManager: Shutting down and abandoning module Engine (14)
[2017.09.05-21.35.58:855][  4]LogModuleManager: Shutting down and abandoning module CoreUObject (12)
[2017.09.05-21.35.58:855][  4]LogModuleManager: Shutting down and abandoning module NetworkFile (10)
[2017.09.05-21.35.58:855][  4]LogModuleManager: Shutting down and abandoning module CookedIterativeFile (8)
[2017.09.05-21.35.58:855][  4]LogModuleManager: Shutting down and abandoning module StreamingFile (6)
[2017.09.05-21.35.58:855][  4]LogModuleManager: Shutting down and abandoning module SandboxFile (4)
[2017.09.05-21.35.58:855][  4]LogModuleManager: Shutting down and abandoning module PakFile (2)
[2017.09.05-21.35.58:858][  4]LogExit: Exiting.
[2017.09.05-21.35.58:860][  4]Log file closed, 09/05/17 17:35:58
